[2022-12-19T19:45:52.277+0000] {processor.py:153} INFO - Started process (PID=1162) to work on /home/airflow/.local/lib/python3.7/site-packages/airflow/example_dags/example_skip_dag.py
[2022-12-19T19:45:52.278+0000] {processor.py:743} INFO - Processing file /home/airflow/.local/lib/python3.7/site-packages/airflow/example_dags/example_skip_dag.py for tasks to queue
[2022-12-19T19:45:52.279+0000] {logging_mixin.py:137} INFO - [2022-12-19T19:45:52.279+0000] {dagbag.py:538} INFO - Filling up the DagBag from /home/airflow/.local/lib/python3.7/site-packages/airflow/example_dags/example_skip_dag.py
[2022-12-19T19:45:52.300+0000] {processor.py:753} INFO - DAG(s) dict_keys(['example_skip_dag']) retrieved from /home/airflow/.local/lib/python3.7/site-packages/airflow/example_dags/example_skip_dag.py
[2022-12-19T19:45:52.345+0000] {logging_mixin.py:137} INFO - [2022-12-19T19:45:52.345+0000] {dag.py:2676} INFO - Sync 1 DAGs
[2022-12-19T19:45:52.381+0000] {logging_mixin.py:137} INFO - [2022-12-19T19:45:52.380+0000] {dag.py:3427} INFO - Setting next_dagrun for example_skip_dag to 2022-12-18T19:45:52.380203+00:00, run_after=2022-12-19T19:45:52.380203+00:00
[2022-12-19T19:45:52.415+0000] {processor.py:175} INFO - Processing /home/airflow/.local/lib/python3.7/site-packages/airflow/example_dags/example_skip_dag.py took 0.142 seconds
[2022-12-19T19:46:23.241+0000] {processor.py:153} INFO - Started process (PID=1248) to work on /home/airflow/.local/lib/python3.7/site-packages/airflow/example_dags/example_skip_dag.py
[2022-12-19T19:46:23.242+0000] {processor.py:743} INFO - Processing file /home/airflow/.local/lib/python3.7/site-packages/airflow/example_dags/example_skip_dag.py for tasks to queue
[2022-12-19T19:46:23.243+0000] {logging_mixin.py:137} INFO - [2022-12-19T19:46:23.242+0000] {dagbag.py:538} INFO - Filling up the DagBag from /home/airflow/.local/lib/python3.7/site-packages/airflow/example_dags/example_skip_dag.py
[2022-12-19T19:46:23.262+0000] {processor.py:753} INFO - DAG(s) dict_keys(['example_skip_dag']) retrieved from /home/airflow/.local/lib/python3.7/site-packages/airflow/example_dags/example_skip_dag.py
[2022-12-19T19:46:23.329+0000] {logging_mixin.py:137} INFO - [2022-12-19T19:46:23.329+0000] {dag.py:2676} INFO - Sync 1 DAGs
[2022-12-19T19:46:23.362+0000] {logging_mixin.py:137} INFO - [2022-12-19T19:46:23.361+0000] {dag.py:3427} INFO - Setting next_dagrun for example_skip_dag to 2022-12-18T19:46:23.361651+00:00, run_after=2022-12-19T19:46:23.361651+00:00
[2022-12-19T19:46:23.411+0000] {processor.py:175} INFO - Processing /home/airflow/.local/lib/python3.7/site-packages/airflow/example_dags/example_skip_dag.py took 0.174 seconds
[2022-12-19T19:46:54.219+0000] {processor.py:153} INFO - Started process (PID=1334) to work on /home/airflow/.local/lib/python3.7/site-packages/airflow/example_dags/example_skip_dag.py
[2022-12-19T19:46:54.220+0000] {processor.py:743} INFO - Processing file /home/airflow/.local/lib/python3.7/site-packages/airflow/example_dags/example_skip_dag.py for tasks to queue
[2022-12-19T19:46:54.220+0000] {logging_mixin.py:137} INFO - [2022-12-19T19:46:54.220+0000] {dagbag.py:538} INFO - Filling up the DagBag from /home/airflow/.local/lib/python3.7/site-packages/airflow/example_dags/example_skip_dag.py
[2022-12-19T19:46:54.244+0000] {processor.py:753} INFO - DAG(s) dict_keys(['example_skip_dag']) retrieved from /home/airflow/.local/lib/python3.7/site-packages/airflow/example_dags/example_skip_dag.py
[2022-12-19T19:46:54.336+0000] {logging_mixin.py:137} INFO - [2022-12-19T19:46:54.336+0000] {dag.py:2676} INFO - Sync 1 DAGs
[2022-12-19T19:46:54.433+0000] {logging_mixin.py:137} INFO - [2022-12-19T19:46:54.432+0000] {dag.py:3427} INFO - Setting next_dagrun for example_skip_dag to 2022-12-18T19:46:54.432394+00:00, run_after=2022-12-19T19:46:54.432394+00:00
[2022-12-19T19:46:54.498+0000] {processor.py:175} INFO - Processing /home/airflow/.local/lib/python3.7/site-packages/airflow/example_dags/example_skip_dag.py took 0.283 seconds
[2022-12-19T19:47:25.041+0000] {processor.py:153} INFO - Started process (PID=1420) to work on /home/airflow/.local/lib/python3.7/site-packages/airflow/example_dags/example_skip_dag.py
[2022-12-19T19:47:25.044+0000] {processor.py:743} INFO - Processing file /home/airflow/.local/lib/python3.7/site-packages/airflow/example_dags/example_skip_dag.py for tasks to queue
[2022-12-19T19:47:25.045+0000] {logging_mixin.py:137} INFO - [2022-12-19T19:47:25.045+0000] {dagbag.py:538} INFO - Filling up the DagBag from /home/airflow/.local/lib/python3.7/site-packages/airflow/example_dags/example_skip_dag.py
[2022-12-19T19:47:25.060+0000] {processor.py:753} INFO - DAG(s) dict_keys(['example_skip_dag']) retrieved from /home/airflow/.local/lib/python3.7/site-packages/airflow/example_dags/example_skip_dag.py
[2022-12-19T19:47:25.116+0000] {logging_mixin.py:137} INFO - [2022-12-19T19:47:25.116+0000] {dag.py:2676} INFO - Sync 1 DAGs
[2022-12-19T19:47:25.146+0000] {logging_mixin.py:137} INFO - [2022-12-19T19:47:25.145+0000] {dag.py:3427} INFO - Setting next_dagrun for example_skip_dag to 2022-12-18T19:47:25.145687+00:00, run_after=2022-12-19T19:47:25.145687+00:00
[2022-12-19T19:47:25.166+0000] {processor.py:175} INFO - Processing /home/airflow/.local/lib/python3.7/site-packages/airflow/example_dags/example_skip_dag.py took 0.127 seconds
[2022-12-19T19:47:56.051+0000] {processor.py:153} INFO - Started process (PID=1506) to work on /home/airflow/.local/lib/python3.7/site-packages/airflow/example_dags/example_skip_dag.py
[2022-12-19T19:47:56.052+0000] {processor.py:743} INFO - Processing file /home/airflow/.local/lib/python3.7/site-packages/airflow/example_dags/example_skip_dag.py for tasks to queue
[2022-12-19T19:47:56.052+0000] {logging_mixin.py:137} INFO - [2022-12-19T19:47:56.052+0000] {dagbag.py:538} INFO - Filling up the DagBag from /home/airflow/.local/lib/python3.7/site-packages/airflow/example_dags/example_skip_dag.py
[2022-12-19T19:47:56.068+0000] {processor.py:753} INFO - DAG(s) dict_keys(['example_skip_dag']) retrieved from /home/airflow/.local/lib/python3.7/site-packages/airflow/example_dags/example_skip_dag.py
[2022-12-19T19:47:56.130+0000] {logging_mixin.py:137} INFO - [2022-12-19T19:47:56.130+0000] {dag.py:2676} INFO - Sync 1 DAGs
[2022-12-19T19:47:56.159+0000] {logging_mixin.py:137} INFO - [2022-12-19T19:47:56.158+0000] {dag.py:3427} INFO - Setting next_dagrun for example_skip_dag to 2022-12-18T19:47:56.158693+00:00, run_after=2022-12-19T19:47:56.158693+00:00
[2022-12-19T19:47:56.196+0000] {processor.py:175} INFO - Processing /home/airflow/.local/lib/python3.7/site-packages/airflow/example_dags/example_skip_dag.py took 0.148 seconds
[2022-12-19T19:48:26.372+0000] {processor.py:153} INFO - Started process (PID=1592) to work on /home/airflow/.local/lib/python3.7/site-packages/airflow/example_dags/example_skip_dag.py
[2022-12-19T19:48:26.374+0000] {processor.py:743} INFO - Processing file /home/airflow/.local/lib/python3.7/site-packages/airflow/example_dags/example_skip_dag.py for tasks to queue
[2022-12-19T19:48:26.375+0000] {logging_mixin.py:137} INFO - [2022-12-19T19:48:26.374+0000] {dagbag.py:538} INFO - Filling up the DagBag from /home/airflow/.local/lib/python3.7/site-packages/airflow/example_dags/example_skip_dag.py
[2022-12-19T19:48:26.389+0000] {processor.py:753} INFO - DAG(s) dict_keys(['example_skip_dag']) retrieved from /home/airflow/.local/lib/python3.7/site-packages/airflow/example_dags/example_skip_dag.py
[2022-12-19T19:48:26.430+0000] {logging_mixin.py:137} INFO - [2022-12-19T19:48:26.430+0000] {dag.py:2676} INFO - Sync 1 DAGs
[2022-12-19T19:48:26.461+0000] {logging_mixin.py:137} INFO - [2022-12-19T19:48:26.460+0000] {dag.py:3427} INFO - Setting next_dagrun for example_skip_dag to 2022-12-18T19:48:26.460571+00:00, run_after=2022-12-19T19:48:26.460571+00:00
[2022-12-19T19:48:26.481+0000] {processor.py:175} INFO - Processing /home/airflow/.local/lib/python3.7/site-packages/airflow/example_dags/example_skip_dag.py took 0.112 seconds
[2022-12-19T19:48:57.404+0000] {processor.py:153} INFO - Started process (PID=1702) to work on /home/airflow/.local/lib/python3.7/site-packages/airflow/example_dags/example_skip_dag.py
[2022-12-19T19:48:57.405+0000] {processor.py:743} INFO - Processing file /home/airflow/.local/lib/python3.7/site-packages/airflow/example_dags/example_skip_dag.py for tasks to queue
[2022-12-19T19:48:57.406+0000] {logging_mixin.py:137} INFO - [2022-12-19T19:48:57.406+0000] {dagbag.py:538} INFO - Filling up the DagBag from /home/airflow/.local/lib/python3.7/site-packages/airflow/example_dags/example_skip_dag.py
[2022-12-19T19:48:57.490+0000] {processor.py:753} INFO - DAG(s) dict_keys(['example_skip_dag']) retrieved from /home/airflow/.local/lib/python3.7/site-packages/airflow/example_dags/example_skip_dag.py
[2022-12-19T19:48:57.670+0000] {logging_mixin.py:137} INFO - [2022-12-19T19:48:57.670+0000] {dag.py:2676} INFO - Sync 1 DAGs
[2022-12-19T19:48:57.778+0000] {logging_mixin.py:137} INFO - [2022-12-19T19:48:57.778+0000] {dag.py:3427} INFO - Setting next_dagrun for example_skip_dag to 2022-12-18T19:48:57.777348+00:00, run_after=2022-12-19T19:48:57.777348+00:00
[2022-12-19T19:48:57.893+0000] {processor.py:175} INFO - Processing /home/airflow/.local/lib/python3.7/site-packages/airflow/example_dags/example_skip_dag.py took 0.500 seconds
[2022-12-19T19:49:28.174+0000] {processor.py:153} INFO - Started process (PID=1787) to work on /home/airflow/.local/lib/python3.7/site-packages/airflow/example_dags/example_skip_dag.py
[2022-12-19T19:49:28.175+0000] {processor.py:743} INFO - Processing file /home/airflow/.local/lib/python3.7/site-packages/airflow/example_dags/example_skip_dag.py for tasks to queue
[2022-12-19T19:49:28.176+0000] {logging_mixin.py:137} INFO - [2022-12-19T19:49:28.175+0000] {dagbag.py:538} INFO - Filling up the DagBag from /home/airflow/.local/lib/python3.7/site-packages/airflow/example_dags/example_skip_dag.py
[2022-12-19T19:49:28.194+0000] {processor.py:753} INFO - DAG(s) dict_keys(['example_skip_dag']) retrieved from /home/airflow/.local/lib/python3.7/site-packages/airflow/example_dags/example_skip_dag.py
[2022-12-19T19:49:28.468+0000] {logging_mixin.py:137} INFO - [2022-12-19T19:49:28.468+0000] {dag.py:2676} INFO - Sync 1 DAGs
[2022-12-19T19:49:28.572+0000] {logging_mixin.py:137} INFO - [2022-12-19T19:49:28.572+0000] {dag.py:3427} INFO - Setting next_dagrun for example_skip_dag to 2022-12-18T19:49:28.572257+00:00, run_after=2022-12-19T19:49:28.572257+00:00
[2022-12-19T19:49:28.671+0000] {processor.py:175} INFO - Processing /home/airflow/.local/lib/python3.7/site-packages/airflow/example_dags/example_skip_dag.py took 0.501 seconds
[2022-12-19T19:49:58.719+0000] {processor.py:153} INFO - Started process (PID=1873) to work on /home/airflow/.local/lib/python3.7/site-packages/airflow/example_dags/example_skip_dag.py
[2022-12-19T19:49:58.720+0000] {processor.py:743} INFO - Processing file /home/airflow/.local/lib/python3.7/site-packages/airflow/example_dags/example_skip_dag.py for tasks to queue
[2022-12-19T19:49:58.720+0000] {logging_mixin.py:137} INFO - [2022-12-19T19:49:58.720+0000] {dagbag.py:538} INFO - Filling up the DagBag from /home/airflow/.local/lib/python3.7/site-packages/airflow/example_dags/example_skip_dag.py
[2022-12-19T19:49:58.736+0000] {processor.py:753} INFO - DAG(s) dict_keys(['example_skip_dag']) retrieved from /home/airflow/.local/lib/python3.7/site-packages/airflow/example_dags/example_skip_dag.py
[2022-12-19T19:49:58.788+0000] {logging_mixin.py:137} INFO - [2022-12-19T19:49:58.788+0000] {dag.py:2676} INFO - Sync 1 DAGs
[2022-12-19T19:49:58.819+0000] {logging_mixin.py:137} INFO - [2022-12-19T19:49:58.818+0000] {dag.py:3427} INFO - Setting next_dagrun for example_skip_dag to 2022-12-18T19:49:58.818515+00:00, run_after=2022-12-19T19:49:58.818515+00:00
[2022-12-19T19:49:58.841+0000] {processor.py:175} INFO - Processing /home/airflow/.local/lib/python3.7/site-packages/airflow/example_dags/example_skip_dag.py took 0.126 seconds
[2022-12-19T19:50:29.543+0000] {processor.py:153} INFO - Started process (PID=1959) to work on /home/airflow/.local/lib/python3.7/site-packages/airflow/example_dags/example_skip_dag.py
[2022-12-19T19:50:29.544+0000] {processor.py:743} INFO - Processing file /home/airflow/.local/lib/python3.7/site-packages/airflow/example_dags/example_skip_dag.py for tasks to queue
[2022-12-19T19:50:29.545+0000] {logging_mixin.py:137} INFO - [2022-12-19T19:50:29.545+0000] {dagbag.py:538} INFO - Filling up the DagBag from /home/airflow/.local/lib/python3.7/site-packages/airflow/example_dags/example_skip_dag.py
[2022-12-19T19:50:29.560+0000] {processor.py:753} INFO - DAG(s) dict_keys(['example_skip_dag']) retrieved from /home/airflow/.local/lib/python3.7/site-packages/airflow/example_dags/example_skip_dag.py
[2022-12-19T19:50:29.618+0000] {logging_mixin.py:137} INFO - [2022-12-19T19:50:29.617+0000] {dag.py:2676} INFO - Sync 1 DAGs
[2022-12-19T19:50:29.647+0000] {logging_mixin.py:137} INFO - [2022-12-19T19:50:29.647+0000] {dag.py:3427} INFO - Setting next_dagrun for example_skip_dag to 2022-12-18T19:50:29.647541+00:00, run_after=2022-12-19T19:50:29.647541+00:00
[2022-12-19T19:50:29.667+0000] {processor.py:175} INFO - Processing /home/airflow/.local/lib/python3.7/site-packages/airflow/example_dags/example_skip_dag.py took 0.126 seconds
[2022-12-19T19:50:59.767+0000] {processor.py:153} INFO - Started process (PID=2069) to work on /home/airflow/.local/lib/python3.7/site-packages/airflow/example_dags/example_skip_dag.py
[2022-12-19T19:50:59.774+0000] {processor.py:743} INFO - Processing file /home/airflow/.local/lib/python3.7/site-packages/airflow/example_dags/example_skip_dag.py for tasks to queue
[2022-12-19T19:50:59.775+0000] {logging_mixin.py:137} INFO - [2022-12-19T19:50:59.775+0000] {dagbag.py:538} INFO - Filling up the DagBag from /home/airflow/.local/lib/python3.7/site-packages/airflow/example_dags/example_skip_dag.py
[2022-12-19T19:50:59.796+0000] {processor.py:753} INFO - DAG(s) dict_keys(['example_skip_dag']) retrieved from /home/airflow/.local/lib/python3.7/site-packages/airflow/example_dags/example_skip_dag.py
[2022-12-19T19:50:59.835+0000] {logging_mixin.py:137} INFO - [2022-12-19T19:50:59.834+0000] {dag.py:2676} INFO - Sync 1 DAGs
[2022-12-19T19:50:59.863+0000] {logging_mixin.py:137} INFO - [2022-12-19T19:50:59.863+0000] {dag.py:3427} INFO - Setting next_dagrun for example_skip_dag to 2022-12-18T19:50:59.863346+00:00, run_after=2022-12-19T19:50:59.863346+00:00
[2022-12-19T19:50:59.892+0000] {processor.py:175} INFO - Processing /home/airflow/.local/lib/python3.7/site-packages/airflow/example_dags/example_skip_dag.py took 0.127 seconds
[2022-12-19T19:51:30.386+0000] {processor.py:153} INFO - Started process (PID=2155) to work on /home/airflow/.local/lib/python3.7/site-packages/airflow/example_dags/example_skip_dag.py
[2022-12-19T19:51:30.387+0000] {processor.py:743} INFO - Processing file /home/airflow/.local/lib/python3.7/site-packages/airflow/example_dags/example_skip_dag.py for tasks to queue
[2022-12-19T19:51:30.387+0000] {logging_mixin.py:137} INFO - [2022-12-19T19:51:30.387+0000] {dagbag.py:538} INFO - Filling up the DagBag from /home/airflow/.local/lib/python3.7/site-packages/airflow/example_dags/example_skip_dag.py
[2022-12-19T19:51:30.403+0000] {processor.py:753} INFO - DAG(s) dict_keys(['example_skip_dag']) retrieved from /home/airflow/.local/lib/python3.7/site-packages/airflow/example_dags/example_skip_dag.py
[2022-12-19T19:51:30.445+0000] {logging_mixin.py:137} INFO - [2022-12-19T19:51:30.445+0000] {dag.py:2676} INFO - Sync 1 DAGs
[2022-12-19T19:51:30.486+0000] {logging_mixin.py:137} INFO - [2022-12-19T19:51:30.485+0000] {dag.py:3427} INFO - Setting next_dagrun for example_skip_dag to 2022-12-18T19:51:30.485204+00:00, run_after=2022-12-19T19:51:30.485204+00:00
[2022-12-19T19:51:30.507+0000] {processor.py:175} INFO - Processing /home/airflow/.local/lib/python3.7/site-packages/airflow/example_dags/example_skip_dag.py took 0.125 seconds
[2022-12-19T19:52:02.159+0000] {processor.py:153} INFO - Started process (PID=2241) to work on /home/airflow/.local/lib/python3.7/site-packages/airflow/example_dags/example_skip_dag.py
[2022-12-19T19:52:02.160+0000] {processor.py:743} INFO - Processing file /home/airflow/.local/lib/python3.7/site-packages/airflow/example_dags/example_skip_dag.py for tasks to queue
[2022-12-19T19:52:02.161+0000] {logging_mixin.py:137} INFO - [2022-12-19T19:52:02.161+0000] {dagbag.py:538} INFO - Filling up the DagBag from /home/airflow/.local/lib/python3.7/site-packages/airflow/example_dags/example_skip_dag.py
[2022-12-19T19:52:02.176+0000] {processor.py:753} INFO - DAG(s) dict_keys(['example_skip_dag']) retrieved from /home/airflow/.local/lib/python3.7/site-packages/airflow/example_dags/example_skip_dag.py
[2022-12-19T19:52:02.219+0000] {logging_mixin.py:137} INFO - [2022-12-19T19:52:02.219+0000] {dag.py:2676} INFO - Sync 1 DAGs
[2022-12-19T19:52:02.247+0000] {logging_mixin.py:137} INFO - [2022-12-19T19:52:02.247+0000] {dag.py:3427} INFO - Setting next_dagrun for example_skip_dag to 2022-12-18T19:52:02.246736+00:00, run_after=2022-12-19T19:52:02.246736+00:00
[2022-12-19T19:52:02.267+0000] {processor.py:175} INFO - Processing /home/airflow/.local/lib/python3.7/site-packages/airflow/example_dags/example_skip_dag.py took 0.111 seconds
[2022-12-19T19:52:32.418+0000] {processor.py:153} INFO - Started process (PID=2351) to work on /home/airflow/.local/lib/python3.7/site-packages/airflow/example_dags/example_skip_dag.py
[2022-12-19T19:52:32.419+0000] {processor.py:743} INFO - Processing file /home/airflow/.local/lib/python3.7/site-packages/airflow/example_dags/example_skip_dag.py for tasks to queue
[2022-12-19T19:52:32.420+0000] {logging_mixin.py:137} INFO - [2022-12-19T19:52:32.420+0000] {dagbag.py:538} INFO - Filling up the DagBag from /home/airflow/.local/lib/python3.7/site-packages/airflow/example_dags/example_skip_dag.py
[2022-12-19T19:52:32.438+0000] {processor.py:753} INFO - DAG(s) dict_keys(['example_skip_dag']) retrieved from /home/airflow/.local/lib/python3.7/site-packages/airflow/example_dags/example_skip_dag.py
[2022-12-19T19:52:32.488+0000] {logging_mixin.py:137} INFO - [2022-12-19T19:52:32.487+0000] {dag.py:2676} INFO - Sync 1 DAGs
[2022-12-19T19:52:32.521+0000] {logging_mixin.py:137} INFO - [2022-12-19T19:52:32.521+0000] {dag.py:3427} INFO - Setting next_dagrun for example_skip_dag to 2022-12-18T19:52:32.521263+00:00, run_after=2022-12-19T19:52:32.521263+00:00
[2022-12-19T19:52:32.541+0000] {processor.py:175} INFO - Processing /home/airflow/.local/lib/python3.7/site-packages/airflow/example_dags/example_skip_dag.py took 0.127 seconds
[2022-12-19T19:53:02.699+0000] {processor.py:153} INFO - Started process (PID=2437) to work on /home/airflow/.local/lib/python3.7/site-packages/airflow/example_dags/example_skip_dag.py
[2022-12-19T19:53:02.699+0000] {processor.py:743} INFO - Processing file /home/airflow/.local/lib/python3.7/site-packages/airflow/example_dags/example_skip_dag.py for tasks to queue
[2022-12-19T19:53:02.700+0000] {logging_mixin.py:137} INFO - [2022-12-19T19:53:02.700+0000] {dagbag.py:538} INFO - Filling up the DagBag from /home/airflow/.local/lib/python3.7/site-packages/airflow/example_dags/example_skip_dag.py
[2022-12-19T19:53:02.714+0000] {processor.py:753} INFO - DAG(s) dict_keys(['example_skip_dag']) retrieved from /home/airflow/.local/lib/python3.7/site-packages/airflow/example_dags/example_skip_dag.py
[2022-12-19T19:53:02.752+0000] {logging_mixin.py:137} INFO - [2022-12-19T19:53:02.752+0000] {dag.py:2676} INFO - Sync 1 DAGs
[2022-12-19T19:53:02.785+0000] {logging_mixin.py:137} INFO - [2022-12-19T19:53:02.785+0000] {dag.py:3427} INFO - Setting next_dagrun for example_skip_dag to 2022-12-18T19:53:02.784869+00:00, run_after=2022-12-19T19:53:02.784869+00:00
[2022-12-19T19:53:02.808+0000] {processor.py:175} INFO - Processing /home/airflow/.local/lib/python3.7/site-packages/airflow/example_dags/example_skip_dag.py took 0.112 seconds
[2022-12-19T19:53:33.160+0000] {processor.py:153} INFO - Started process (PID=2523) to work on /home/airflow/.local/lib/python3.7/site-packages/airflow/example_dags/example_skip_dag.py
[2022-12-19T19:53:33.161+0000] {processor.py:743} INFO - Processing file /home/airflow/.local/lib/python3.7/site-packages/airflow/example_dags/example_skip_dag.py for tasks to queue
[2022-12-19T19:53:33.162+0000] {logging_mixin.py:137} INFO - [2022-12-19T19:53:33.162+0000] {dagbag.py:538} INFO - Filling up the DagBag from /home/airflow/.local/lib/python3.7/site-packages/airflow/example_dags/example_skip_dag.py
[2022-12-19T19:53:33.195+0000] {processor.py:753} INFO - DAG(s) dict_keys(['example_skip_dag']) retrieved from /home/airflow/.local/lib/python3.7/site-packages/airflow/example_dags/example_skip_dag.py
[2022-12-19T19:53:33.303+0000] {logging_mixin.py:137} INFO - [2022-12-19T19:53:33.303+0000] {dag.py:2676} INFO - Sync 1 DAGs
[2022-12-19T19:53:33.337+0000] {logging_mixin.py:137} INFO - [2022-12-19T19:53:33.336+0000] {dag.py:3427} INFO - Setting next_dagrun for example_skip_dag to 2022-12-18T19:53:33.336613+00:00, run_after=2022-12-19T19:53:33.336613+00:00
[2022-12-19T19:53:33.358+0000] {processor.py:175} INFO - Processing /home/airflow/.local/lib/python3.7/site-packages/airflow/example_dags/example_skip_dag.py took 0.202 seconds
[2022-12-19T19:54:04.215+0000] {processor.py:153} INFO - Started process (PID=2633) to work on /home/airflow/.local/lib/python3.7/site-packages/airflow/example_dags/example_skip_dag.py
[2022-12-19T19:54:04.216+0000] {processor.py:743} INFO - Processing file /home/airflow/.local/lib/python3.7/site-packages/airflow/example_dags/example_skip_dag.py for tasks to queue
[2022-12-19T19:54:04.217+0000] {logging_mixin.py:137} INFO - [2022-12-19T19:54:04.217+0000] {dagbag.py:538} INFO - Filling up the DagBag from /home/airflow/.local/lib/python3.7/site-packages/airflow/example_dags/example_skip_dag.py
[2022-12-19T19:54:04.234+0000] {processor.py:753} INFO - DAG(s) dict_keys(['example_skip_dag']) retrieved from /home/airflow/.local/lib/python3.7/site-packages/airflow/example_dags/example_skip_dag.py
[2022-12-19T19:54:04.319+0000] {logging_mixin.py:137} INFO - [2022-12-19T19:54:04.319+0000] {dag.py:2676} INFO - Sync 1 DAGs
[2022-12-19T19:54:04.393+0000] {logging_mixin.py:137} INFO - [2022-12-19T19:54:04.393+0000] {dag.py:3427} INFO - Setting next_dagrun for example_skip_dag to 2022-12-18T19:54:04.393282+00:00, run_after=2022-12-19T19:54:04.393282+00:00
[2022-12-19T19:54:04.413+0000] {processor.py:175} INFO - Processing /home/airflow/.local/lib/python3.7/site-packages/airflow/example_dags/example_skip_dag.py took 0.200 seconds
[2022-12-19T19:54:34.691+0000] {processor.py:153} INFO - Started process (PID=2720) to work on /home/airflow/.local/lib/python3.7/site-packages/airflow/example_dags/example_skip_dag.py
[2022-12-19T19:54:34.692+0000] {processor.py:743} INFO - Processing file /home/airflow/.local/lib/python3.7/site-packages/airflow/example_dags/example_skip_dag.py for tasks to queue
[2022-12-19T19:54:34.693+0000] {logging_mixin.py:137} INFO - [2022-12-19T19:54:34.693+0000] {dagbag.py:538} INFO - Filling up the DagBag from /home/airflow/.local/lib/python3.7/site-packages/airflow/example_dags/example_skip_dag.py
[2022-12-19T19:54:34.709+0000] {processor.py:753} INFO - DAG(s) dict_keys(['example_skip_dag']) retrieved from /home/airflow/.local/lib/python3.7/site-packages/airflow/example_dags/example_skip_dag.py
[2022-12-19T19:54:34.788+0000] {logging_mixin.py:137} INFO - [2022-12-19T19:54:34.788+0000] {dag.py:2676} INFO - Sync 1 DAGs
[2022-12-19T19:54:34.819+0000] {logging_mixin.py:137} INFO - [2022-12-19T19:54:34.819+0000] {dag.py:3427} INFO - Setting next_dagrun for example_skip_dag to 2022-12-18T19:54:34.819398+00:00, run_after=2022-12-19T19:54:34.819398+00:00
[2022-12-19T19:54:34.890+0000] {processor.py:175} INFO - Processing /home/airflow/.local/lib/python3.7/site-packages/airflow/example_dags/example_skip_dag.py took 0.203 seconds
[2022-12-19T19:55:05.017+0000] {processor.py:153} INFO - Started process (PID=2806) to work on /home/airflow/.local/lib/python3.7/site-packages/airflow/example_dags/example_skip_dag.py
[2022-12-19T19:55:05.018+0000] {processor.py:743} INFO - Processing file /home/airflow/.local/lib/python3.7/site-packages/airflow/example_dags/example_skip_dag.py for tasks to queue
[2022-12-19T19:55:05.018+0000] {logging_mixin.py:137} INFO - [2022-12-19T19:55:05.018+0000] {dagbag.py:538} INFO - Filling up the DagBag from /home/airflow/.local/lib/python3.7/site-packages/airflow/example_dags/example_skip_dag.py
[2022-12-19T19:55:05.035+0000] {processor.py:753} INFO - DAG(s) dict_keys(['example_skip_dag']) retrieved from /home/airflow/.local/lib/python3.7/site-packages/airflow/example_dags/example_skip_dag.py
[2022-12-19T19:55:05.080+0000] {logging_mixin.py:137} INFO - [2022-12-19T19:55:05.079+0000] {dag.py:2676} INFO - Sync 1 DAGs
[2022-12-19T19:55:05.112+0000] {logging_mixin.py:137} INFO - [2022-12-19T19:55:05.112+0000] {dag.py:3427} INFO - Setting next_dagrun for example_skip_dag to 2022-12-18T19:55:05.111813+00:00, run_after=2022-12-19T19:55:05.111813+00:00
[2022-12-19T19:55:05.132+0000] {processor.py:175} INFO - Processing /home/airflow/.local/lib/python3.7/site-packages/airflow/example_dags/example_skip_dag.py took 0.119 seconds
[2022-12-19T19:55:35.878+0000] {processor.py:153} INFO - Started process (PID=2901) to work on /home/airflow/.local/lib/python3.7/site-packages/airflow/example_dags/example_skip_dag.py
[2022-12-19T19:55:35.879+0000] {processor.py:743} INFO - Processing file /home/airflow/.local/lib/python3.7/site-packages/airflow/example_dags/example_skip_dag.py for tasks to queue
[2022-12-19T19:55:35.880+0000] {logging_mixin.py:137} INFO - [2022-12-19T19:55:35.880+0000] {dagbag.py:538} INFO - Filling up the DagBag from /home/airflow/.local/lib/python3.7/site-packages/airflow/example_dags/example_skip_dag.py
[2022-12-19T19:55:35.896+0000] {processor.py:753} INFO - DAG(s) dict_keys(['example_skip_dag']) retrieved from /home/airflow/.local/lib/python3.7/site-packages/airflow/example_dags/example_skip_dag.py
[2022-12-19T19:55:35.943+0000] {logging_mixin.py:137} INFO - [2022-12-19T19:55:35.943+0000] {dag.py:2676} INFO - Sync 1 DAGs
[2022-12-19T19:55:35.977+0000] {logging_mixin.py:137} INFO - [2022-12-19T19:55:35.976+0000] {dag.py:3427} INFO - Setting next_dagrun for example_skip_dag to 2022-12-18T19:55:35.976423+00:00, run_after=2022-12-19T19:55:35.976423+00:00
[2022-12-19T19:55:35.998+0000] {processor.py:175} INFO - Processing /home/airflow/.local/lib/python3.7/site-packages/airflow/example_dags/example_skip_dag.py took 0.123 seconds
[2022-12-19T19:56:06.691+0000] {processor.py:153} INFO - Started process (PID=3002) to work on /home/airflow/.local/lib/python3.7/site-packages/airflow/example_dags/example_skip_dag.py
[2022-12-19T19:56:06.692+0000] {processor.py:743} INFO - Processing file /home/airflow/.local/lib/python3.7/site-packages/airflow/example_dags/example_skip_dag.py for tasks to queue
[2022-12-19T19:56:06.692+0000] {logging_mixin.py:137} INFO - [2022-12-19T19:56:06.692+0000] {dagbag.py:538} INFO - Filling up the DagBag from /home/airflow/.local/lib/python3.7/site-packages/airflow/example_dags/example_skip_dag.py
[2022-12-19T19:56:06.707+0000] {processor.py:753} INFO - DAG(s) dict_keys(['example_skip_dag']) retrieved from /home/airflow/.local/lib/python3.7/site-packages/airflow/example_dags/example_skip_dag.py
[2022-12-19T19:56:06.797+0000] {logging_mixin.py:137} INFO - [2022-12-19T19:56:06.797+0000] {dag.py:2676} INFO - Sync 1 DAGs
[2022-12-19T19:56:06.891+0000] {logging_mixin.py:137} INFO - [2022-12-19T19:56:06.890+0000] {dag.py:3427} INFO - Setting next_dagrun for example_skip_dag to 2022-12-18T19:56:06.890340+00:00, run_after=2022-12-19T19:56:06.890340+00:00
[2022-12-19T19:56:07.078+0000] {processor.py:175} INFO - Processing /home/airflow/.local/lib/python3.7/site-packages/airflow/example_dags/example_skip_dag.py took 0.391 seconds
[2022-12-19T19:56:38.094+0000] {processor.py:153} INFO - Started process (PID=3089) to work on /home/airflow/.local/lib/python3.7/site-packages/airflow/example_dags/example_skip_dag.py
[2022-12-19T19:56:38.095+0000] {processor.py:743} INFO - Processing file /home/airflow/.local/lib/python3.7/site-packages/airflow/example_dags/example_skip_dag.py for tasks to queue
[2022-12-19T19:56:38.095+0000] {logging_mixin.py:137} INFO - [2022-12-19T19:56:38.095+0000] {dagbag.py:538} INFO - Filling up the DagBag from /home/airflow/.local/lib/python3.7/site-packages/airflow/example_dags/example_skip_dag.py
[2022-12-19T19:56:38.111+0000] {processor.py:753} INFO - DAG(s) dict_keys(['example_skip_dag']) retrieved from /home/airflow/.local/lib/python3.7/site-packages/airflow/example_dags/example_skip_dag.py
[2022-12-19T19:56:38.153+0000] {logging_mixin.py:137} INFO - [2022-12-19T19:56:38.152+0000] {dag.py:2676} INFO - Sync 1 DAGs
[2022-12-19T19:56:38.185+0000] {logging_mixin.py:137} INFO - [2022-12-19T19:56:38.184+0000] {dag.py:3427} INFO - Setting next_dagrun for example_skip_dag to 2022-12-18T19:56:38.182990+00:00, run_after=2022-12-19T19:56:38.182990+00:00
[2022-12-19T19:56:38.208+0000] {processor.py:175} INFO - Processing /home/airflow/.local/lib/python3.7/site-packages/airflow/example_dags/example_skip_dag.py took 0.117 seconds
[2022-12-19T19:57:09.109+0000] {processor.py:153} INFO - Started process (PID=3199) to work on /home/airflow/.local/lib/python3.7/site-packages/airflow/example_dags/example_skip_dag.py
[2022-12-19T19:57:09.110+0000] {processor.py:743} INFO - Processing file /home/airflow/.local/lib/python3.7/site-packages/airflow/example_dags/example_skip_dag.py for tasks to queue
[2022-12-19T19:57:09.111+0000] {logging_mixin.py:137} INFO - [2022-12-19T19:57:09.111+0000] {dagbag.py:538} INFO - Filling up the DagBag from /home/airflow/.local/lib/python3.7/site-packages/airflow/example_dags/example_skip_dag.py
[2022-12-19T19:57:09.127+0000] {processor.py:753} INFO - DAG(s) dict_keys(['example_skip_dag']) retrieved from /home/airflow/.local/lib/python3.7/site-packages/airflow/example_dags/example_skip_dag.py
[2022-12-19T19:57:09.192+0000] {logging_mixin.py:137} INFO - [2022-12-19T19:57:09.192+0000] {dag.py:2676} INFO - Sync 1 DAGs
[2022-12-19T19:57:09.223+0000] {logging_mixin.py:137} INFO - [2022-12-19T19:57:09.223+0000] {dag.py:3427} INFO - Setting next_dagrun for example_skip_dag to 2022-12-18T19:57:09.223157+00:00, run_after=2022-12-19T19:57:09.223157+00:00
[2022-12-19T19:57:09.248+0000] {processor.py:175} INFO - Processing /home/airflow/.local/lib/python3.7/site-packages/airflow/example_dags/example_skip_dag.py took 0.143 seconds
[2022-12-19T19:57:39.361+0000] {processor.py:153} INFO - Started process (PID=3285) to work on /home/airflow/.local/lib/python3.7/site-packages/airflow/example_dags/example_skip_dag.py
[2022-12-19T19:57:39.362+0000] {processor.py:743} INFO - Processing file /home/airflow/.local/lib/python3.7/site-packages/airflow/example_dags/example_skip_dag.py for tasks to queue
[2022-12-19T19:57:39.362+0000] {logging_mixin.py:137} INFO - [2022-12-19T19:57:39.362+0000] {dagbag.py:538} INFO - Filling up the DagBag from /home/airflow/.local/lib/python3.7/site-packages/airflow/example_dags/example_skip_dag.py
[2022-12-19T19:57:39.377+0000] {processor.py:753} INFO - DAG(s) dict_keys(['example_skip_dag']) retrieved from /home/airflow/.local/lib/python3.7/site-packages/airflow/example_dags/example_skip_dag.py
[2022-12-19T19:57:39.422+0000] {logging_mixin.py:137} INFO - [2022-12-19T19:57:39.421+0000] {dag.py:2676} INFO - Sync 1 DAGs
[2022-12-19T19:57:39.449+0000] {logging_mixin.py:137} INFO - [2022-12-19T19:57:39.449+0000] {dag.py:3427} INFO - Setting next_dagrun for example_skip_dag to 2022-12-18T19:57:39.449320+00:00, run_after=2022-12-19T19:57:39.449320+00:00
[2022-12-19T19:57:39.470+0000] {processor.py:175} INFO - Processing /home/airflow/.local/lib/python3.7/site-packages/airflow/example_dags/example_skip_dag.py took 0.114 seconds
[2022-12-19T19:58:09.769+0000] {processor.py:153} INFO - Started process (PID=3371) to work on /home/airflow/.local/lib/python3.7/site-packages/airflow/example_dags/example_skip_dag.py
[2022-12-19T19:58:09.770+0000] {processor.py:743} INFO - Processing file /home/airflow/.local/lib/python3.7/site-packages/airflow/example_dags/example_skip_dag.py for tasks to queue
[2022-12-19T19:58:09.771+0000] {logging_mixin.py:137} INFO - [2022-12-19T19:58:09.771+0000] {dagbag.py:538} INFO - Filling up the DagBag from /home/airflow/.local/lib/python3.7/site-packages/airflow/example_dags/example_skip_dag.py
[2022-12-19T19:58:09.785+0000] {processor.py:753} INFO - DAG(s) dict_keys(['example_skip_dag']) retrieved from /home/airflow/.local/lib/python3.7/site-packages/airflow/example_dags/example_skip_dag.py
[2022-12-19T19:58:09.825+0000] {logging_mixin.py:137} INFO - [2022-12-19T19:58:09.825+0000] {dag.py:2676} INFO - Sync 1 DAGs
[2022-12-19T19:58:09.855+0000] {logging_mixin.py:137} INFO - [2022-12-19T19:58:09.855+0000] {dag.py:3427} INFO - Setting next_dagrun for example_skip_dag to 2022-12-18T19:58:09.855400+00:00, run_after=2022-12-19T19:58:09.855400+00:00
[2022-12-19T19:58:09.879+0000] {processor.py:175} INFO - Processing /home/airflow/.local/lib/python3.7/site-packages/airflow/example_dags/example_skip_dag.py took 0.113 seconds
[2022-12-19T19:58:40.421+0000] {processor.py:153} INFO - Started process (PID=3481) to work on /home/airflow/.local/lib/python3.7/site-packages/airflow/example_dags/example_skip_dag.py
[2022-12-19T19:58:40.422+0000] {processor.py:743} INFO - Processing file /home/airflow/.local/lib/python3.7/site-packages/airflow/example_dags/example_skip_dag.py for tasks to queue
[2022-12-19T19:58:40.423+0000] {logging_mixin.py:137} INFO - [2022-12-19T19:58:40.423+0000] {dagbag.py:538} INFO - Filling up the DagBag from /home/airflow/.local/lib/python3.7/site-packages/airflow/example_dags/example_skip_dag.py
[2022-12-19T19:58:40.440+0000] {processor.py:753} INFO - DAG(s) dict_keys(['example_skip_dag']) retrieved from /home/airflow/.local/lib/python3.7/site-packages/airflow/example_dags/example_skip_dag.py
[2022-12-19T19:58:40.496+0000] {logging_mixin.py:137} INFO - [2022-12-19T19:58:40.496+0000] {dag.py:2676} INFO - Sync 1 DAGs
[2022-12-19T19:58:40.533+0000] {logging_mixin.py:137} INFO - [2022-12-19T19:58:40.532+0000] {dag.py:3427} INFO - Setting next_dagrun for example_skip_dag to 2022-12-18T19:58:40.532692+00:00, run_after=2022-12-19T19:58:40.532692+00:00
[2022-12-19T19:58:40.558+0000] {processor.py:175} INFO - Processing /home/airflow/.local/lib/python3.7/site-packages/airflow/example_dags/example_skip_dag.py took 0.140 seconds
[2022-12-19T19:59:10.660+0000] {processor.py:153} INFO - Started process (PID=3567) to work on /home/airflow/.local/lib/python3.7/site-packages/airflow/example_dags/example_skip_dag.py
[2022-12-19T19:59:10.661+0000] {processor.py:743} INFO - Processing file /home/airflow/.local/lib/python3.7/site-packages/airflow/example_dags/example_skip_dag.py for tasks to queue
[2022-12-19T19:59:10.661+0000] {logging_mixin.py:137} INFO - [2022-12-19T19:59:10.661+0000] {dagbag.py:538} INFO - Filling up the DagBag from /home/airflow/.local/lib/python3.7/site-packages/airflow/example_dags/example_skip_dag.py
[2022-12-19T19:59:10.676+0000] {processor.py:753} INFO - DAG(s) dict_keys(['example_skip_dag']) retrieved from /home/airflow/.local/lib/python3.7/site-packages/airflow/example_dags/example_skip_dag.py
[2022-12-19T19:59:10.720+0000] {logging_mixin.py:137} INFO - [2022-12-19T19:59:10.720+0000] {dag.py:2676} INFO - Sync 1 DAGs
[2022-12-19T19:59:10.754+0000] {logging_mixin.py:137} INFO - [2022-12-19T19:59:10.754+0000] {dag.py:3427} INFO - Setting next_dagrun for example_skip_dag to 2022-12-18T19:59:10.753698+00:00, run_after=2022-12-19T19:59:10.753698+00:00
[2022-12-19T19:59:10.775+0000] {processor.py:175} INFO - Processing /home/airflow/.local/lib/python3.7/site-packages/airflow/example_dags/example_skip_dag.py took 0.118 seconds
[2022-12-19T19:59:41.537+0000] {processor.py:153} INFO - Started process (PID=3653) to work on /home/airflow/.local/lib/python3.7/site-packages/airflow/example_dags/example_skip_dag.py
[2022-12-19T19:59:41.538+0000] {processor.py:743} INFO - Processing file /home/airflow/.local/lib/python3.7/site-packages/airflow/example_dags/example_skip_dag.py for tasks to queue
[2022-12-19T19:59:41.539+0000] {logging_mixin.py:137} INFO - [2022-12-19T19:59:41.538+0000] {dagbag.py:538} INFO - Filling up the DagBag from /home/airflow/.local/lib/python3.7/site-packages/airflow/example_dags/example_skip_dag.py
[2022-12-19T19:59:41.573+0000] {processor.py:753} INFO - DAG(s) dict_keys(['example_skip_dag']) retrieved from /home/airflow/.local/lib/python3.7/site-packages/airflow/example_dags/example_skip_dag.py
[2022-12-19T19:59:41.632+0000] {logging_mixin.py:137} INFO - [2022-12-19T19:59:41.632+0000] {dag.py:2676} INFO - Sync 1 DAGs
[2022-12-19T19:59:41.710+0000] {logging_mixin.py:137} INFO - [2022-12-19T19:59:41.709+0000] {dag.py:3427} INFO - Setting next_dagrun for example_skip_dag to 2022-12-18T19:59:41.709557+00:00, run_after=2022-12-19T19:59:41.709557+00:00
[2022-12-19T19:59:41.778+0000] {processor.py:175} INFO - Processing /home/airflow/.local/lib/python3.7/site-packages/airflow/example_dags/example_skip_dag.py took 0.246 seconds
[2022-12-19T20:00:12.227+0000] {processor.py:153} INFO - Started process (PID=3764) to work on /home/airflow/.local/lib/python3.7/site-packages/airflow/example_dags/example_skip_dag.py
[2022-12-19T20:00:12.228+0000] {processor.py:743} INFO - Processing file /home/airflow/.local/lib/python3.7/site-packages/airflow/example_dags/example_skip_dag.py for tasks to queue
[2022-12-19T20:00:12.229+0000] {logging_mixin.py:137} INFO - [2022-12-19T20:00:12.228+0000] {dagbag.py:538} INFO - Filling up the DagBag from /home/airflow/.local/lib/python3.7/site-packages/airflow/example_dags/example_skip_dag.py
[2022-12-19T20:00:12.244+0000] {processor.py:753} INFO - DAG(s) dict_keys(['example_skip_dag']) retrieved from /home/airflow/.local/lib/python3.7/site-packages/airflow/example_dags/example_skip_dag.py
[2022-12-19T20:00:12.291+0000] {logging_mixin.py:137} INFO - [2022-12-19T20:00:12.290+0000] {dag.py:2676} INFO - Sync 1 DAGs
[2022-12-19T20:00:12.321+0000] {logging_mixin.py:137} INFO - [2022-12-19T20:00:12.321+0000] {dag.py:3427} INFO - Setting next_dagrun for example_skip_dag to 2022-12-18T20:00:12.321083+00:00, run_after=2022-12-19T20:00:12.321083+00:00
[2022-12-19T20:00:12.379+0000] {processor.py:175} INFO - Processing /home/airflow/.local/lib/python3.7/site-packages/airflow/example_dags/example_skip_dag.py took 0.156 seconds
[2022-12-19T20:00:42.792+0000] {processor.py:153} INFO - Started process (PID=3850) to work on /home/airflow/.local/lib/python3.7/site-packages/airflow/example_dags/example_skip_dag.py
[2022-12-19T20:00:42.794+0000] {processor.py:743} INFO - Processing file /home/airflow/.local/lib/python3.7/site-packages/airflow/example_dags/example_skip_dag.py for tasks to queue
[2022-12-19T20:00:42.794+0000] {logging_mixin.py:137} INFO - [2022-12-19T20:00:42.794+0000] {dagbag.py:538} INFO - Filling up the DagBag from /home/airflow/.local/lib/python3.7/site-packages/airflow/example_dags/example_skip_dag.py
[2022-12-19T20:00:42.809+0000] {processor.py:753} INFO - DAG(s) dict_keys(['example_skip_dag']) retrieved from /home/airflow/.local/lib/python3.7/site-packages/airflow/example_dags/example_skip_dag.py
[2022-12-19T20:00:42.847+0000] {logging_mixin.py:137} INFO - [2022-12-19T20:00:42.847+0000] {dag.py:2676} INFO - Sync 1 DAGs
[2022-12-19T20:00:42.885+0000] {logging_mixin.py:137} INFO - [2022-12-19T20:00:42.885+0000] {dag.py:3427} INFO - Setting next_dagrun for example_skip_dag to 2022-12-18T20:00:42.885006+00:00, run_after=2022-12-19T20:00:42.885006+00:00
[2022-12-19T20:00:42.905+0000] {processor.py:175} INFO - Processing /home/airflow/.local/lib/python3.7/site-packages/airflow/example_dags/example_skip_dag.py took 0.116 seconds
[2022-12-19T20:01:12.961+0000] {processor.py:153} INFO - Started process (PID=3936) to work on /home/airflow/.local/lib/python3.7/site-packages/airflow/example_dags/example_skip_dag.py
[2022-12-19T20:01:12.962+0000] {processor.py:743} INFO - Processing file /home/airflow/.local/lib/python3.7/site-packages/airflow/example_dags/example_skip_dag.py for tasks to queue
[2022-12-19T20:01:12.963+0000] {logging_mixin.py:137} INFO - [2022-12-19T20:01:12.963+0000] {dagbag.py:538} INFO - Filling up the DagBag from /home/airflow/.local/lib/python3.7/site-packages/airflow/example_dags/example_skip_dag.py
[2022-12-19T20:01:12.979+0000] {processor.py:753} INFO - DAG(s) dict_keys(['example_skip_dag']) retrieved from /home/airflow/.local/lib/python3.7/site-packages/airflow/example_dags/example_skip_dag.py
[2022-12-19T20:01:13.022+0000] {logging_mixin.py:137} INFO - [2022-12-19T20:01:13.022+0000] {dag.py:2676} INFO - Sync 1 DAGs
[2022-12-19T20:01:13.053+0000] {logging_mixin.py:137} INFO - [2022-12-19T20:01:13.053+0000] {dag.py:3427} INFO - Setting next_dagrun for example_skip_dag to 2022-12-18T20:01:13.053395+00:00, run_after=2022-12-19T20:01:13.053395+00:00
[2022-12-19T20:01:13.075+0000] {processor.py:175} INFO - Processing /home/airflow/.local/lib/python3.7/site-packages/airflow/example_dags/example_skip_dag.py took 0.117 seconds
[2022-12-19T20:01:43.133+0000] {processor.py:153} INFO - Started process (PID=4047) to work on /home/airflow/.local/lib/python3.7/site-packages/airflow/example_dags/example_skip_dag.py
[2022-12-19T20:01:43.134+0000] {processor.py:743} INFO - Processing file /home/airflow/.local/lib/python3.7/site-packages/airflow/example_dags/example_skip_dag.py for tasks to queue
[2022-12-19T20:01:43.134+0000] {logging_mixin.py:137} INFO - [2022-12-19T20:01:43.134+0000] {dagbag.py:538} INFO - Filling up the DagBag from /home/airflow/.local/lib/python3.7/site-packages/airflow/example_dags/example_skip_dag.py
[2022-12-19T20:01:43.150+0000] {processor.py:753} INFO - DAG(s) dict_keys(['example_skip_dag']) retrieved from /home/airflow/.local/lib/python3.7/site-packages/airflow/example_dags/example_skip_dag.py
[2022-12-19T20:01:43.195+0000] {logging_mixin.py:137} INFO - [2022-12-19T20:01:43.194+0000] {dag.py:2676} INFO - Sync 1 DAGs
[2022-12-19T20:01:43.224+0000] {logging_mixin.py:137} INFO - [2022-12-19T20:01:43.224+0000] {dag.py:3427} INFO - Setting next_dagrun for example_skip_dag to 2022-12-18T20:01:43.224327+00:00, run_after=2022-12-19T20:01:43.224327+00:00
[2022-12-19T20:01:43.245+0000] {processor.py:175} INFO - Processing /home/airflow/.local/lib/python3.7/site-packages/airflow/example_dags/example_skip_dag.py took 0.116 seconds
[2022-12-19T20:02:13.692+0000] {processor.py:153} INFO - Started process (PID=4133) to work on /home/airflow/.local/lib/python3.7/site-packages/airflow/example_dags/example_skip_dag.py
[2022-12-19T20:02:13.693+0000] {processor.py:743} INFO - Processing file /home/airflow/.local/lib/python3.7/site-packages/airflow/example_dags/example_skip_dag.py for tasks to queue
[2022-12-19T20:02:13.694+0000] {logging_mixin.py:137} INFO - [2022-12-19T20:02:13.694+0000] {dagbag.py:538} INFO - Filling up the DagBag from /home/airflow/.local/lib/python3.7/site-packages/airflow/example_dags/example_skip_dag.py
[2022-12-19T20:02:13.711+0000] {processor.py:753} INFO - DAG(s) dict_keys(['example_skip_dag']) retrieved from /home/airflow/.local/lib/python3.7/site-packages/airflow/example_dags/example_skip_dag.py
[2022-12-19T20:02:13.757+0000] {logging_mixin.py:137} INFO - [2022-12-19T20:02:13.756+0000] {dag.py:2676} INFO - Sync 1 DAGs
[2022-12-19T20:02:13.791+0000] {logging_mixin.py:137} INFO - [2022-12-19T20:02:13.790+0000] {dag.py:3427} INFO - Setting next_dagrun for example_skip_dag to 2022-12-18T20:02:13.790307+00:00, run_after=2022-12-19T20:02:13.790307+00:00
[2022-12-19T20:02:13.816+0000] {processor.py:175} INFO - Processing /home/airflow/.local/lib/python3.7/site-packages/airflow/example_dags/example_skip_dag.py took 0.127 seconds
[2022-12-19T20:02:44.067+0000] {processor.py:153} INFO - Started process (PID=4219) to work on /home/airflow/.local/lib/python3.7/site-packages/airflow/example_dags/example_skip_dag.py
[2022-12-19T20:02:44.068+0000] {processor.py:743} INFO - Processing file /home/airflow/.local/lib/python3.7/site-packages/airflow/example_dags/example_skip_dag.py for tasks to queue
[2022-12-19T20:02:44.069+0000] {logging_mixin.py:137} INFO - [2022-12-19T20:02:44.068+0000] {dagbag.py:538} INFO - Filling up the DagBag from /home/airflow/.local/lib/python3.7/site-packages/airflow/example_dags/example_skip_dag.py
[2022-12-19T20:02:44.088+0000] {processor.py:753} INFO - DAG(s) dict_keys(['example_skip_dag']) retrieved from /home/airflow/.local/lib/python3.7/site-packages/airflow/example_dags/example_skip_dag.py
[2022-12-19T20:02:44.142+0000] {logging_mixin.py:137} INFO - [2022-12-19T20:02:44.141+0000] {dag.py:2676} INFO - Sync 1 DAGs
[2022-12-19T20:02:44.182+0000] {logging_mixin.py:137} INFO - [2022-12-19T20:02:44.181+0000] {dag.py:3427} INFO - Setting next_dagrun for example_skip_dag to 2022-12-18T20:02:44.181527+00:00, run_after=2022-12-19T20:02:44.181527+00:00
[2022-12-19T20:02:44.214+0000] {processor.py:175} INFO - Processing /home/airflow/.local/lib/python3.7/site-packages/airflow/example_dags/example_skip_dag.py took 0.151 seconds
[2022-12-19T20:03:14.788+0000] {processor.py:153} INFO - Started process (PID=4330) to work on /home/airflow/.local/lib/python3.7/site-packages/airflow/example_dags/example_skip_dag.py
[2022-12-19T20:03:14.789+0000] {processor.py:743} INFO - Processing file /home/airflow/.local/lib/python3.7/site-packages/airflow/example_dags/example_skip_dag.py for tasks to queue
[2022-12-19T20:03:14.790+0000] {logging_mixin.py:137} INFO - [2022-12-19T20:03:14.790+0000] {dagbag.py:538} INFO - Filling up the DagBag from /home/airflow/.local/lib/python3.7/site-packages/airflow/example_dags/example_skip_dag.py
[2022-12-19T20:03:14.805+0000] {processor.py:753} INFO - DAG(s) dict_keys(['example_skip_dag']) retrieved from /home/airflow/.local/lib/python3.7/site-packages/airflow/example_dags/example_skip_dag.py
[2022-12-19T20:03:14.843+0000] {logging_mixin.py:137} INFO - [2022-12-19T20:03:14.843+0000] {dag.py:2676} INFO - Sync 1 DAGs
[2022-12-19T20:03:14.871+0000] {logging_mixin.py:137} INFO - [2022-12-19T20:03:14.871+0000] {dag.py:3427} INFO - Setting next_dagrun for example_skip_dag to 2022-12-18T20:03:14.871361+00:00, run_after=2022-12-19T20:03:14.871361+00:00
[2022-12-19T20:03:14.890+0000] {processor.py:175} INFO - Processing /home/airflow/.local/lib/python3.7/site-packages/airflow/example_dags/example_skip_dag.py took 0.105 seconds
[2022-12-19T20:03:45.466+0000] {processor.py:153} INFO - Started process (PID=4416) to work on /home/airflow/.local/lib/python3.7/site-packages/airflow/example_dags/example_skip_dag.py
[2022-12-19T20:03:45.467+0000] {processor.py:743} INFO - Processing file /home/airflow/.local/lib/python3.7/site-packages/airflow/example_dags/example_skip_dag.py for tasks to queue
[2022-12-19T20:03:45.468+0000] {logging_mixin.py:137} INFO - [2022-12-19T20:03:45.468+0000] {dagbag.py:538} INFO - Filling up the DagBag from /home/airflow/.local/lib/python3.7/site-packages/airflow/example_dags/example_skip_dag.py
[2022-12-19T20:03:45.503+0000] {processor.py:753} INFO - DAG(s) dict_keys(['example_skip_dag']) retrieved from /home/airflow/.local/lib/python3.7/site-packages/airflow/example_dags/example_skip_dag.py
[2022-12-19T20:03:45.557+0000] {logging_mixin.py:137} INFO - [2022-12-19T20:03:45.557+0000] {dag.py:2676} INFO - Sync 1 DAGs
[2022-12-19T20:03:45.604+0000] {logging_mixin.py:137} INFO - [2022-12-19T20:03:45.604+0000] {dag.py:3427} INFO - Setting next_dagrun for example_skip_dag to 2022-12-18T20:03:45.603763+00:00, run_after=2022-12-19T20:03:45.603763+00:00
[2022-12-19T20:03:45.647+0000] {processor.py:175} INFO - Processing /home/airflow/.local/lib/python3.7/site-packages/airflow/example_dags/example_skip_dag.py took 0.185 seconds
[2022-12-19T20:04:15.996+0000] {processor.py:153} INFO - Started process (PID=4512) to work on /home/airflow/.local/lib/python3.7/site-packages/airflow/example_dags/example_skip_dag.py
[2022-12-19T20:04:15.997+0000] {processor.py:743} INFO - Processing file /home/airflow/.local/lib/python3.7/site-packages/airflow/example_dags/example_skip_dag.py for tasks to queue
[2022-12-19T20:04:15.997+0000] {logging_mixin.py:137} INFO - [2022-12-19T20:04:15.997+0000] {dagbag.py:538} INFO - Filling up the DagBag from /home/airflow/.local/lib/python3.7/site-packages/airflow/example_dags/example_skip_dag.py
[2022-12-19T20:04:16.013+0000] {processor.py:753} INFO - DAG(s) dict_keys(['example_skip_dag']) retrieved from /home/airflow/.local/lib/python3.7/site-packages/airflow/example_dags/example_skip_dag.py
[2022-12-19T20:04:16.056+0000] {logging_mixin.py:137} INFO - [2022-12-19T20:04:16.056+0000] {dag.py:2676} INFO - Sync 1 DAGs
[2022-12-19T20:04:16.088+0000] {logging_mixin.py:137} INFO - [2022-12-19T20:04:16.088+0000] {dag.py:3427} INFO - Setting next_dagrun for example_skip_dag to 2022-12-18T20:04:16.088032+00:00, run_after=2022-12-19T20:04:16.088032+00:00
[2022-12-19T20:04:16.110+0000] {processor.py:175} INFO - Processing /home/airflow/.local/lib/python3.7/site-packages/airflow/example_dags/example_skip_dag.py took 0.118 seconds
[2022-12-19T20:04:46.483+0000] {processor.py:153} INFO - Started process (PID=4613) to work on /home/airflow/.local/lib/python3.7/site-packages/airflow/example_dags/example_skip_dag.py
[2022-12-19T20:04:46.484+0000] {processor.py:743} INFO - Processing file /home/airflow/.local/lib/python3.7/site-packages/airflow/example_dags/example_skip_dag.py for tasks to queue
[2022-12-19T20:04:46.485+0000] {logging_mixin.py:137} INFO - [2022-12-19T20:04:46.485+0000] {dagbag.py:538} INFO - Filling up the DagBag from /home/airflow/.local/lib/python3.7/site-packages/airflow/example_dags/example_skip_dag.py
[2022-12-19T20:04:46.504+0000] {processor.py:753} INFO - DAG(s) dict_keys(['example_skip_dag']) retrieved from /home/airflow/.local/lib/python3.7/site-packages/airflow/example_dags/example_skip_dag.py
[2022-12-19T20:04:46.568+0000] {logging_mixin.py:137} INFO - [2022-12-19T20:04:46.568+0000] {dag.py:2676} INFO - Sync 1 DAGs
[2022-12-19T20:04:46.682+0000] {logging_mixin.py:137} INFO - [2022-12-19T20:04:46.681+0000] {dag.py:3427} INFO - Setting next_dagrun for example_skip_dag to 2022-12-18T20:04:46.681573+00:00, run_after=2022-12-19T20:04:46.681573+00:00
[2022-12-19T20:04:46.710+0000] {processor.py:175} INFO - Processing /home/airflow/.local/lib/python3.7/site-packages/airflow/example_dags/example_skip_dag.py took 0.230 seconds
[2022-12-19T20:05:16.998+0000] {processor.py:153} INFO - Started process (PID=4699) to work on /home/airflow/.local/lib/python3.7/site-packages/airflow/example_dags/example_skip_dag.py
[2022-12-19T20:05:16.999+0000] {processor.py:743} INFO - Processing file /home/airflow/.local/lib/python3.7/site-packages/airflow/example_dags/example_skip_dag.py for tasks to queue
[2022-12-19T20:05:17.000+0000] {logging_mixin.py:137} INFO - [2022-12-19T20:05:17.000+0000] {dagbag.py:538} INFO - Filling up the DagBag from /home/airflow/.local/lib/python3.7/site-packages/airflow/example_dags/example_skip_dag.py
[2022-12-19T20:05:17.015+0000] {processor.py:753} INFO - DAG(s) dict_keys(['example_skip_dag']) retrieved from /home/airflow/.local/lib/python3.7/site-packages/airflow/example_dags/example_skip_dag.py
[2022-12-19T20:05:17.058+0000] {logging_mixin.py:137} INFO - [2022-12-19T20:05:17.058+0000] {dag.py:2676} INFO - Sync 1 DAGs
[2022-12-19T20:05:17.089+0000] {logging_mixin.py:137} INFO - [2022-12-19T20:05:17.089+0000] {dag.py:3427} INFO - Setting next_dagrun for example_skip_dag to 2022-12-18T20:05:17.088938+00:00, run_after=2022-12-19T20:05:17.088938+00:00
[2022-12-19T20:05:17.111+0000] {processor.py:175} INFO - Processing /home/airflow/.local/lib/python3.7/site-packages/airflow/example_dags/example_skip_dag.py took 0.116 seconds
[2022-12-19T20:05:47.374+0000] {processor.py:153} INFO - Started process (PID=4809) to work on /home/airflow/.local/lib/python3.7/site-packages/airflow/example_dags/example_skip_dag.py
[2022-12-19T20:05:47.375+0000] {processor.py:743} INFO - Processing file /home/airflow/.local/lib/python3.7/site-packages/airflow/example_dags/example_skip_dag.py for tasks to queue
[2022-12-19T20:05:47.376+0000] {logging_mixin.py:137} INFO - [2022-12-19T20:05:47.376+0000] {dagbag.py:538} INFO - Filling up the DagBag from /home/airflow/.local/lib/python3.7/site-packages/airflow/example_dags/example_skip_dag.py
[2022-12-19T20:05:47.391+0000] {processor.py:753} INFO - DAG(s) dict_keys(['example_skip_dag']) retrieved from /home/airflow/.local/lib/python3.7/site-packages/airflow/example_dags/example_skip_dag.py
[2022-12-19T20:05:47.435+0000] {logging_mixin.py:137} INFO - [2022-12-19T20:05:47.435+0000] {dag.py:2676} INFO - Sync 1 DAGs
[2022-12-19T20:05:47.465+0000] {logging_mixin.py:137} INFO - [2022-12-19T20:05:47.464+0000] {dag.py:3427} INFO - Setting next_dagrun for example_skip_dag to 2022-12-18T20:05:47.464708+00:00, run_after=2022-12-19T20:05:47.464708+00:00
[2022-12-19T20:05:47.486+0000] {processor.py:175} INFO - Processing /home/airflow/.local/lib/python3.7/site-packages/airflow/example_dags/example_skip_dag.py took 0.114 seconds
[2022-12-19T20:06:17.861+0000] {processor.py:153} INFO - Started process (PID=4895) to work on /home/airflow/.local/lib/python3.7/site-packages/airflow/example_dags/example_skip_dag.py
[2022-12-19T20:06:17.862+0000] {processor.py:743} INFO - Processing file /home/airflow/.local/lib/python3.7/site-packages/airflow/example_dags/example_skip_dag.py for tasks to queue
[2022-12-19T20:06:17.863+0000] {logging_mixin.py:137} INFO - [2022-12-19T20:06:17.863+0000] {dagbag.py:538} INFO - Filling up the DagBag from /home/airflow/.local/lib/python3.7/site-packages/airflow/example_dags/example_skip_dag.py
[2022-12-19T20:06:17.876+0000] {processor.py:753} INFO - DAG(s) dict_keys(['example_skip_dag']) retrieved from /home/airflow/.local/lib/python3.7/site-packages/airflow/example_dags/example_skip_dag.py
[2022-12-19T20:06:17.922+0000] {logging_mixin.py:137} INFO - [2022-12-19T20:06:17.922+0000] {dag.py:2676} INFO - Sync 1 DAGs
[2022-12-19T20:06:17.952+0000] {logging_mixin.py:137} INFO - [2022-12-19T20:06:17.951+0000] {dag.py:3427} INFO - Setting next_dagrun for example_skip_dag to 2022-12-18T20:06:17.951677+00:00, run_after=2022-12-19T20:06:17.951677+00:00
[2022-12-19T20:06:17.974+0000] {processor.py:175} INFO - Processing /home/airflow/.local/lib/python3.7/site-packages/airflow/example_dags/example_skip_dag.py took 0.117 seconds
[2022-12-19T20:06:48.429+0000] {processor.py:153} INFO - Started process (PID=4981) to work on /home/airflow/.local/lib/python3.7/site-packages/airflow/example_dags/example_skip_dag.py
[2022-12-19T20:06:48.430+0000] {processor.py:743} INFO - Processing file /home/airflow/.local/lib/python3.7/site-packages/airflow/example_dags/example_skip_dag.py for tasks to queue
[2022-12-19T20:06:48.431+0000] {logging_mixin.py:137} INFO - [2022-12-19T20:06:48.431+0000] {dagbag.py:538} INFO - Filling up the DagBag from /home/airflow/.local/lib/python3.7/site-packages/airflow/example_dags/example_skip_dag.py
[2022-12-19T20:06:48.447+0000] {processor.py:753} INFO - DAG(s) dict_keys(['example_skip_dag']) retrieved from /home/airflow/.local/lib/python3.7/site-packages/airflow/example_dags/example_skip_dag.py
[2022-12-19T20:06:48.491+0000] {logging_mixin.py:137} INFO - [2022-12-19T20:06:48.490+0000] {dag.py:2676} INFO - Sync 1 DAGs
[2022-12-19T20:06:48.542+0000] {logging_mixin.py:137} INFO - [2022-12-19T20:06:48.542+0000] {dag.py:3427} INFO - Setting next_dagrun for example_skip_dag to 2022-12-18T20:06:48.542077+00:00, run_after=2022-12-19T20:06:48.542077+00:00
[2022-12-19T20:06:48.571+0000] {processor.py:175} INFO - Processing /home/airflow/.local/lib/python3.7/site-packages/airflow/example_dags/example_skip_dag.py took 0.145 seconds
[2022-12-19T20:07:19.116+0000] {processor.py:153} INFO - Started process (PID=5092) to work on /home/airflow/.local/lib/python3.7/site-packages/airflow/example_dags/example_skip_dag.py
[2022-12-19T20:07:19.117+0000] {processor.py:743} INFO - Processing file /home/airflow/.local/lib/python3.7/site-packages/airflow/example_dags/example_skip_dag.py for tasks to queue
[2022-12-19T20:07:19.118+0000] {logging_mixin.py:137} INFO - [2022-12-19T20:07:19.118+0000] {dagbag.py:538} INFO - Filling up the DagBag from /home/airflow/.local/lib/python3.7/site-packages/airflow/example_dags/example_skip_dag.py
[2022-12-19T20:07:19.135+0000] {processor.py:753} INFO - DAG(s) dict_keys(['example_skip_dag']) retrieved from /home/airflow/.local/lib/python3.7/site-packages/airflow/example_dags/example_skip_dag.py
[2022-12-19T20:07:19.180+0000] {logging_mixin.py:137} INFO - [2022-12-19T20:07:19.180+0000] {dag.py:2676} INFO - Sync 1 DAGs
[2022-12-19T20:07:19.211+0000] {logging_mixin.py:137} INFO - [2022-12-19T20:07:19.211+0000] {dag.py:3427} INFO - Setting next_dagrun for example_skip_dag to 2022-12-18T20:07:19.211185+00:00, run_after=2022-12-19T20:07:19.211185+00:00
[2022-12-19T20:07:19.232+0000] {processor.py:175} INFO - Processing /home/airflow/.local/lib/python3.7/site-packages/airflow/example_dags/example_skip_dag.py took 0.118 seconds
[2022-12-19T20:07:50.095+0000] {processor.py:153} INFO - Started process (PID=5178) to work on /home/airflow/.local/lib/python3.7/site-packages/airflow/example_dags/example_skip_dag.py
[2022-12-19T20:07:50.096+0000] {processor.py:743} INFO - Processing file /home/airflow/.local/lib/python3.7/site-packages/airflow/example_dags/example_skip_dag.py for tasks to queue
[2022-12-19T20:07:50.096+0000] {logging_mixin.py:137} INFO - [2022-12-19T20:07:50.096+0000] {dagbag.py:538} INFO - Filling up the DagBag from /home/airflow/.local/lib/python3.7/site-packages/airflow/example_dags/example_skip_dag.py
[2022-12-19T20:07:50.111+0000] {processor.py:753} INFO - DAG(s) dict_keys(['example_skip_dag']) retrieved from /home/airflow/.local/lib/python3.7/site-packages/airflow/example_dags/example_skip_dag.py
[2022-12-19T20:07:50.152+0000] {logging_mixin.py:137} INFO - [2022-12-19T20:07:50.152+0000] {dag.py:2676} INFO - Sync 1 DAGs
[2022-12-19T20:07:50.181+0000] {logging_mixin.py:137} INFO - [2022-12-19T20:07:50.181+0000] {dag.py:3427} INFO - Setting next_dagrun for example_skip_dag to 2022-12-18T20:07:50.180831+00:00, run_after=2022-12-19T20:07:50.180831+00:00
[2022-12-19T20:07:50.202+0000] {processor.py:175} INFO - Processing /home/airflow/.local/lib/python3.7/site-packages/airflow/example_dags/example_skip_dag.py took 0.111 seconds
[2022-12-19T20:08:20.641+0000] {processor.py:153} INFO - Started process (PID=5264) to work on /home/airflow/.local/lib/python3.7/site-packages/airflow/example_dags/example_skip_dag.py
[2022-12-19T20:08:20.642+0000] {processor.py:743} INFO - Processing file /home/airflow/.local/lib/python3.7/site-packages/airflow/example_dags/example_skip_dag.py for tasks to queue
[2022-12-19T20:08:20.643+0000] {logging_mixin.py:137} INFO - [2022-12-19T20:08:20.643+0000] {dagbag.py:538} INFO - Filling up the DagBag from /home/airflow/.local/lib/python3.7/site-packages/airflow/example_dags/example_skip_dag.py
[2022-12-19T20:08:20.659+0000] {processor.py:753} INFO - DAG(s) dict_keys(['example_skip_dag']) retrieved from /home/airflow/.local/lib/python3.7/site-packages/airflow/example_dags/example_skip_dag.py
[2022-12-19T20:08:20.703+0000] {logging_mixin.py:137} INFO - [2022-12-19T20:08:20.703+0000] {dag.py:2676} INFO - Sync 1 DAGs
[2022-12-19T20:08:20.732+0000] {logging_mixin.py:137} INFO - [2022-12-19T20:08:20.732+0000] {dag.py:3427} INFO - Setting next_dagrun for example_skip_dag to 2022-12-18T20:08:20.731823+00:00, run_after=2022-12-19T20:08:20.731823+00:00
[2022-12-19T20:08:20.753+0000] {processor.py:175} INFO - Processing /home/airflow/.local/lib/python3.7/site-packages/airflow/example_dags/example_skip_dag.py took 0.115 seconds
[2022-12-19T20:08:51.024+0000] {processor.py:153} INFO - Started process (PID=5374) to work on /home/airflow/.local/lib/python3.7/site-packages/airflow/example_dags/example_skip_dag.py
[2022-12-19T20:08:51.024+0000] {processor.py:743} INFO - Processing file /home/airflow/.local/lib/python3.7/site-packages/airflow/example_dags/example_skip_dag.py for tasks to queue
[2022-12-19T20:08:51.025+0000] {logging_mixin.py:137} INFO - [2022-12-19T20:08:51.025+0000] {dagbag.py:538} INFO - Filling up the DagBag from /home/airflow/.local/lib/python3.7/site-packages/airflow/example_dags/example_skip_dag.py
[2022-12-19T20:08:51.042+0000] {processor.py:753} INFO - DAG(s) dict_keys(['example_skip_dag']) retrieved from /home/airflow/.local/lib/python3.7/site-packages/airflow/example_dags/example_skip_dag.py
[2022-12-19T20:08:51.097+0000] {logging_mixin.py:137} INFO - [2022-12-19T20:08:51.097+0000] {dag.py:2676} INFO - Sync 1 DAGs
[2022-12-19T20:08:51.133+0000] {logging_mixin.py:137} INFO - [2022-12-19T20:08:51.133+0000] {dag.py:3427} INFO - Setting next_dagrun for example_skip_dag to 2022-12-18T20:08:51.133441+00:00, run_after=2022-12-19T20:08:51.133441+00:00
[2022-12-19T20:08:51.155+0000] {processor.py:175} INFO - Processing /home/airflow/.local/lib/python3.7/site-packages/airflow/example_dags/example_skip_dag.py took 0.135 seconds
[2022-12-19T20:09:21.512+0000] {processor.py:153} INFO - Started process (PID=5460) to work on /home/airflow/.local/lib/python3.7/site-packages/airflow/example_dags/example_skip_dag.py
[2022-12-19T20:09:21.513+0000] {processor.py:743} INFO - Processing file /home/airflow/.local/lib/python3.7/site-packages/airflow/example_dags/example_skip_dag.py for tasks to queue
[2022-12-19T20:09:21.514+0000] {logging_mixin.py:137} INFO - [2022-12-19T20:09:21.514+0000] {dagbag.py:538} INFO - Filling up the DagBag from /home/airflow/.local/lib/python3.7/site-packages/airflow/example_dags/example_skip_dag.py
[2022-12-19T20:09:21.530+0000] {processor.py:753} INFO - DAG(s) dict_keys(['example_skip_dag']) retrieved from /home/airflow/.local/lib/python3.7/site-packages/airflow/example_dags/example_skip_dag.py
[2022-12-19T20:09:21.583+0000] {logging_mixin.py:137} INFO - [2022-12-19T20:09:21.583+0000] {dag.py:2676} INFO - Sync 1 DAGs
[2022-12-19T20:09:21.620+0000] {logging_mixin.py:137} INFO - [2022-12-19T20:09:21.620+0000] {dag.py:3427} INFO - Setting next_dagrun for example_skip_dag to 2022-12-18T20:09:21.620003+00:00, run_after=2022-12-19T20:09:21.620003+00:00
[2022-12-19T20:09:21.641+0000] {processor.py:175} INFO - Processing /home/airflow/.local/lib/python3.7/site-packages/airflow/example_dags/example_skip_dag.py took 0.132 seconds
[2022-12-19T20:09:51.718+0000] {processor.py:153} INFO - Started process (PID=5546) to work on /home/airflow/.local/lib/python3.7/site-packages/airflow/example_dags/example_skip_dag.py
[2022-12-19T20:09:51.719+0000] {processor.py:743} INFO - Processing file /home/airflow/.local/lib/python3.7/site-packages/airflow/example_dags/example_skip_dag.py for tasks to queue
[2022-12-19T20:09:51.719+0000] {logging_mixin.py:137} INFO - [2022-12-19T20:09:51.719+0000] {dagbag.py:538} INFO - Filling up the DagBag from /home/airflow/.local/lib/python3.7/site-packages/airflow/example_dags/example_skip_dag.py
[2022-12-19T20:09:51.735+0000] {processor.py:753} INFO - DAG(s) dict_keys(['example_skip_dag']) retrieved from /home/airflow/.local/lib/python3.7/site-packages/airflow/example_dags/example_skip_dag.py
[2022-12-19T20:09:51.778+0000] {logging_mixin.py:137} INFO - [2022-12-19T20:09:51.778+0000] {dag.py:2676} INFO - Sync 1 DAGs
[2022-12-19T20:09:51.809+0000] {logging_mixin.py:137} INFO - [2022-12-19T20:09:51.809+0000] {dag.py:3427} INFO - Setting next_dagrun for example_skip_dag to 2022-12-18T20:09:51.808778+00:00, run_after=2022-12-19T20:09:51.808778+00:00
[2022-12-19T20:09:51.834+0000] {processor.py:175} INFO - Processing /home/airflow/.local/lib/python3.7/site-packages/airflow/example_dags/example_skip_dag.py took 0.119 seconds
[2022-12-19T20:10:22.088+0000] {processor.py:153} INFO - Started process (PID=5656) to work on /home/airflow/.local/lib/python3.7/site-packages/airflow/example_dags/example_skip_dag.py
[2022-12-19T20:10:22.089+0000] {processor.py:743} INFO - Processing file /home/airflow/.local/lib/python3.7/site-packages/airflow/example_dags/example_skip_dag.py for tasks to queue
[2022-12-19T20:10:22.090+0000] {logging_mixin.py:137} INFO - [2022-12-19T20:10:22.089+0000] {dagbag.py:538} INFO - Filling up the DagBag from /home/airflow/.local/lib/python3.7/site-packages/airflow/example_dags/example_skip_dag.py
[2022-12-19T20:10:22.103+0000] {processor.py:753} INFO - DAG(s) dict_keys(['example_skip_dag']) retrieved from /home/airflow/.local/lib/python3.7/site-packages/airflow/example_dags/example_skip_dag.py
[2022-12-19T20:10:22.141+0000] {logging_mixin.py:137} INFO - [2022-12-19T20:10:22.141+0000] {dag.py:2676} INFO - Sync 1 DAGs
[2022-12-19T20:10:22.167+0000] {logging_mixin.py:137} INFO - [2022-12-19T20:10:22.166+0000] {dag.py:3427} INFO - Setting next_dagrun for example_skip_dag to 2022-12-18T20:10:22.166724+00:00, run_after=2022-12-19T20:10:22.166724+00:00
[2022-12-19T20:10:22.189+0000] {processor.py:175} INFO - Processing /home/airflow/.local/lib/python3.7/site-packages/airflow/example_dags/example_skip_dag.py took 0.104 seconds
[2022-12-19T20:10:52.232+0000] {processor.py:153} INFO - Started process (PID=5742) to work on /home/airflow/.local/lib/python3.7/site-packages/airflow/example_dags/example_skip_dag.py
[2022-12-19T20:10:52.232+0000] {processor.py:743} INFO - Processing file /home/airflow/.local/lib/python3.7/site-packages/airflow/example_dags/example_skip_dag.py for tasks to queue
[2022-12-19T20:10:52.233+0000] {logging_mixin.py:137} INFO - [2022-12-19T20:10:52.233+0000] {dagbag.py:538} INFO - Filling up the DagBag from /home/airflow/.local/lib/python3.7/site-packages/airflow/example_dags/example_skip_dag.py
[2022-12-19T20:10:52.248+0000] {processor.py:753} INFO - DAG(s) dict_keys(['example_skip_dag']) retrieved from /home/airflow/.local/lib/python3.7/site-packages/airflow/example_dags/example_skip_dag.py
[2022-12-19T20:10:52.289+0000] {logging_mixin.py:137} INFO - [2022-12-19T20:10:52.289+0000] {dag.py:2676} INFO - Sync 1 DAGs
[2022-12-19T20:10:52.321+0000] {logging_mixin.py:137} INFO - [2022-12-19T20:10:52.320+0000] {dag.py:3427} INFO - Setting next_dagrun for example_skip_dag to 2022-12-18T20:10:52.320647+00:00, run_after=2022-12-19T20:10:52.320647+00:00
[2022-12-19T20:10:52.342+0000] {processor.py:175} INFO - Processing /home/airflow/.local/lib/python3.7/site-packages/airflow/example_dags/example_skip_dag.py took 0.114 seconds
[2022-12-19T20:11:22.472+0000] {processor.py:153} INFO - Started process (PID=5837) to work on /home/airflow/.local/lib/python3.7/site-packages/airflow/example_dags/example_skip_dag.py
[2022-12-19T20:11:22.473+0000] {processor.py:743} INFO - Processing file /home/airflow/.local/lib/python3.7/site-packages/airflow/example_dags/example_skip_dag.py for tasks to queue
[2022-12-19T20:11:22.474+0000] {logging_mixin.py:137} INFO - [2022-12-19T20:11:22.474+0000] {dagbag.py:538} INFO - Filling up the DagBag from /home/airflow/.local/lib/python3.7/site-packages/airflow/example_dags/example_skip_dag.py
[2022-12-19T20:11:22.487+0000] {processor.py:753} INFO - DAG(s) dict_keys(['example_skip_dag']) retrieved from /home/airflow/.local/lib/python3.7/site-packages/airflow/example_dags/example_skip_dag.py
[2022-12-19T20:11:22.526+0000] {logging_mixin.py:137} INFO - [2022-12-19T20:11:22.526+0000] {dag.py:2676} INFO - Sync 1 DAGs
[2022-12-19T20:11:22.555+0000] {logging_mixin.py:137} INFO - [2022-12-19T20:11:22.555+0000] {dag.py:3427} INFO - Setting next_dagrun for example_skip_dag to 2022-12-18T20:11:22.555220+00:00, run_after=2022-12-19T20:11:22.555220+00:00
[2022-12-19T20:11:22.575+0000] {processor.py:175} INFO - Processing /home/airflow/.local/lib/python3.7/site-packages/airflow/example_dags/example_skip_dag.py took 0.105 seconds
[2022-12-19T20:11:52.739+0000] {processor.py:153} INFO - Started process (PID=5939) to work on /home/airflow/.local/lib/python3.7/site-packages/airflow/example_dags/example_skip_dag.py
[2022-12-19T20:11:52.740+0000] {processor.py:743} INFO - Processing file /home/airflow/.local/lib/python3.7/site-packages/airflow/example_dags/example_skip_dag.py for tasks to queue
[2022-12-19T20:11:52.740+0000] {logging_mixin.py:137} INFO - [2022-12-19T20:11:52.740+0000] {dagbag.py:538} INFO - Filling up the DagBag from /home/airflow/.local/lib/python3.7/site-packages/airflow/example_dags/example_skip_dag.py
[2022-12-19T20:11:52.754+0000] {processor.py:753} INFO - DAG(s) dict_keys(['example_skip_dag']) retrieved from /home/airflow/.local/lib/python3.7/site-packages/airflow/example_dags/example_skip_dag.py
[2022-12-19T20:11:52.802+0000] {logging_mixin.py:137} INFO - [2022-12-19T20:11:52.802+0000] {dag.py:2676} INFO - Sync 1 DAGs
[2022-12-19T20:11:52.840+0000] {logging_mixin.py:137} INFO - [2022-12-19T20:11:52.840+0000] {dag.py:3427} INFO - Setting next_dagrun for example_skip_dag to 2022-12-18T20:11:52.840128+00:00, run_after=2022-12-19T20:11:52.840128+00:00
[2022-12-19T20:11:52.864+0000] {processor.py:175} INFO - Processing /home/airflow/.local/lib/python3.7/site-packages/airflow/example_dags/example_skip_dag.py took 0.128 seconds
[2022-12-19T20:12:23.119+0000] {processor.py:153} INFO - Started process (PID=6025) to work on /home/airflow/.local/lib/python3.7/site-packages/airflow/example_dags/example_skip_dag.py
[2022-12-19T20:12:23.120+0000] {processor.py:743} INFO - Processing file /home/airflow/.local/lib/python3.7/site-packages/airflow/example_dags/example_skip_dag.py for tasks to queue
[2022-12-19T20:12:23.121+0000] {logging_mixin.py:137} INFO - [2022-12-19T20:12:23.121+0000] {dagbag.py:538} INFO - Filling up the DagBag from /home/airflow/.local/lib/python3.7/site-packages/airflow/example_dags/example_skip_dag.py
[2022-12-19T20:12:23.136+0000] {processor.py:753} INFO - DAG(s) dict_keys(['example_skip_dag']) retrieved from /home/airflow/.local/lib/python3.7/site-packages/airflow/example_dags/example_skip_dag.py
[2022-12-19T20:12:23.176+0000] {logging_mixin.py:137} INFO - [2022-12-19T20:12:23.175+0000] {dag.py:2676} INFO - Sync 1 DAGs
[2022-12-19T20:12:23.205+0000] {logging_mixin.py:137} INFO - [2022-12-19T20:12:23.205+0000] {dag.py:3427} INFO - Setting next_dagrun for example_skip_dag to 2022-12-18T20:12:23.204764+00:00, run_after=2022-12-19T20:12:23.204764+00:00
[2022-12-19T20:12:23.225+0000] {processor.py:175} INFO - Processing /home/airflow/.local/lib/python3.7/site-packages/airflow/example_dags/example_skip_dag.py took 0.109 seconds
[2022-12-19T20:12:53.398+0000] {processor.py:153} INFO - Started process (PID=6135) to work on /home/airflow/.local/lib/python3.7/site-packages/airflow/example_dags/example_skip_dag.py
[2022-12-19T20:12:53.399+0000] {processor.py:743} INFO - Processing file /home/airflow/.local/lib/python3.7/site-packages/airflow/example_dags/example_skip_dag.py for tasks to queue
[2022-12-19T20:12:53.399+0000] {logging_mixin.py:137} INFO - [2022-12-19T20:12:53.399+0000] {dagbag.py:538} INFO - Filling up the DagBag from /home/airflow/.local/lib/python3.7/site-packages/airflow/example_dags/example_skip_dag.py
[2022-12-19T20:12:53.416+0000] {processor.py:753} INFO - DAG(s) dict_keys(['example_skip_dag']) retrieved from /home/airflow/.local/lib/python3.7/site-packages/airflow/example_dags/example_skip_dag.py
[2022-12-19T20:12:53.458+0000] {logging_mixin.py:137} INFO - [2022-12-19T20:12:53.458+0000] {dag.py:2676} INFO - Sync 1 DAGs
[2022-12-19T20:12:53.493+0000] {logging_mixin.py:137} INFO - [2022-12-19T20:12:53.493+0000] {dag.py:3427} INFO - Setting next_dagrun for example_skip_dag to 2022-12-18T20:12:53.492825+00:00, run_after=2022-12-19T20:12:53.492825+00:00
[2022-12-19T20:12:53.514+0000] {processor.py:175} INFO - Processing /home/airflow/.local/lib/python3.7/site-packages/airflow/example_dags/example_skip_dag.py took 0.119 seconds
[2022-12-19T20:13:23.958+0000] {processor.py:153} INFO - Started process (PID=6221) to work on /home/airflow/.local/lib/python3.7/site-packages/airflow/example_dags/example_skip_dag.py
[2022-12-19T20:13:23.959+0000] {processor.py:743} INFO - Processing file /home/airflow/.local/lib/python3.7/site-packages/airflow/example_dags/example_skip_dag.py for tasks to queue
[2022-12-19T20:13:23.959+0000] {logging_mixin.py:137} INFO - [2022-12-19T20:13:23.959+0000] {dagbag.py:538} INFO - Filling up the DagBag from /home/airflow/.local/lib/python3.7/site-packages/airflow/example_dags/example_skip_dag.py
[2022-12-19T20:13:23.973+0000] {processor.py:753} INFO - DAG(s) dict_keys(['example_skip_dag']) retrieved from /home/airflow/.local/lib/python3.7/site-packages/airflow/example_dags/example_skip_dag.py
[2022-12-19T20:13:24.013+0000] {logging_mixin.py:137} INFO - [2022-12-19T20:13:24.013+0000] {dag.py:2676} INFO - Sync 1 DAGs
[2022-12-19T20:13:24.042+0000] {logging_mixin.py:137} INFO - [2022-12-19T20:13:24.042+0000] {dag.py:3427} INFO - Setting next_dagrun for example_skip_dag to 2022-12-18T20:13:24.042125+00:00, run_after=2022-12-19T20:13:24.042125+00:00
[2022-12-19T20:13:24.062+0000] {processor.py:175} INFO - Processing /home/airflow/.local/lib/python3.7/site-packages/airflow/example_dags/example_skip_dag.py took 0.107 seconds
[2022-12-19T20:13:54.194+0000] {processor.py:153} INFO - Started process (PID=6307) to work on /home/airflow/.local/lib/python3.7/site-packages/airflow/example_dags/example_skip_dag.py
[2022-12-19T20:13:54.195+0000] {processor.py:743} INFO - Processing file /home/airflow/.local/lib/python3.7/site-packages/airflow/example_dags/example_skip_dag.py for tasks to queue
[2022-12-19T20:13:54.196+0000] {logging_mixin.py:137} INFO - [2022-12-19T20:13:54.196+0000] {dagbag.py:538} INFO - Filling up the DagBag from /home/airflow/.local/lib/python3.7/site-packages/airflow/example_dags/example_skip_dag.py
[2022-12-19T20:13:54.212+0000] {processor.py:753} INFO - DAG(s) dict_keys(['example_skip_dag']) retrieved from /home/airflow/.local/lib/python3.7/site-packages/airflow/example_dags/example_skip_dag.py
[2022-12-19T20:13:54.250+0000] {logging_mixin.py:137} INFO - [2022-12-19T20:13:54.250+0000] {dag.py:2676} INFO - Sync 1 DAGs
[2022-12-19T20:13:54.280+0000] {logging_mixin.py:137} INFO - [2022-12-19T20:13:54.280+0000] {dag.py:3427} INFO - Setting next_dagrun for example_skip_dag to 2022-12-18T20:13:54.279909+00:00, run_after=2022-12-19T20:13:54.279909+00:00
[2022-12-19T20:13:54.299+0000] {processor.py:175} INFO - Processing /home/airflow/.local/lib/python3.7/site-packages/airflow/example_dags/example_skip_dag.py took 0.109 seconds
[2022-12-19T20:14:24.605+0000] {processor.py:153} INFO - Started process (PID=6417) to work on /home/airflow/.local/lib/python3.7/site-packages/airflow/example_dags/example_skip_dag.py
[2022-12-19T20:14:24.606+0000] {processor.py:743} INFO - Processing file /home/airflow/.local/lib/python3.7/site-packages/airflow/example_dags/example_skip_dag.py for tasks to queue
[2022-12-19T20:14:24.606+0000] {logging_mixin.py:137} INFO - [2022-12-19T20:14:24.606+0000] {dagbag.py:538} INFO - Filling up the DagBag from /home/airflow/.local/lib/python3.7/site-packages/airflow/example_dags/example_skip_dag.py
[2022-12-19T20:14:24.620+0000] {processor.py:753} INFO - DAG(s) dict_keys(['example_skip_dag']) retrieved from /home/airflow/.local/lib/python3.7/site-packages/airflow/example_dags/example_skip_dag.py
[2022-12-19T20:14:24.659+0000] {logging_mixin.py:137} INFO - [2022-12-19T20:14:24.659+0000] {dag.py:2676} INFO - Sync 1 DAGs
[2022-12-19T20:14:24.687+0000] {logging_mixin.py:137} INFO - [2022-12-19T20:14:24.686+0000] {dag.py:3427} INFO - Setting next_dagrun for example_skip_dag to 2022-12-18T20:14:24.686669+00:00, run_after=2022-12-19T20:14:24.686669+00:00
[2022-12-19T20:14:24.709+0000] {processor.py:175} INFO - Processing /home/airflow/.local/lib/python3.7/site-packages/airflow/example_dags/example_skip_dag.py took 0.107 seconds
[2022-12-19T20:14:54.880+0000] {processor.py:153} INFO - Started process (PID=6503) to work on /home/airflow/.local/lib/python3.7/site-packages/airflow/example_dags/example_skip_dag.py
[2022-12-19T20:14:54.881+0000] {processor.py:743} INFO - Processing file /home/airflow/.local/lib/python3.7/site-packages/airflow/example_dags/example_skip_dag.py for tasks to queue
[2022-12-19T20:14:54.881+0000] {logging_mixin.py:137} INFO - [2022-12-19T20:14:54.881+0000] {dagbag.py:538} INFO - Filling up the DagBag from /home/airflow/.local/lib/python3.7/site-packages/airflow/example_dags/example_skip_dag.py
[2022-12-19T20:14:54.898+0000] {processor.py:753} INFO - DAG(s) dict_keys(['example_skip_dag']) retrieved from /home/airflow/.local/lib/python3.7/site-packages/airflow/example_dags/example_skip_dag.py
[2022-12-19T20:14:54.940+0000] {logging_mixin.py:137} INFO - [2022-12-19T20:14:54.940+0000] {dag.py:2676} INFO - Sync 1 DAGs
[2022-12-19T20:14:54.970+0000] {logging_mixin.py:137} INFO - [2022-12-19T20:14:54.970+0000] {dag.py:3427} INFO - Setting next_dagrun for example_skip_dag to 2022-12-18T20:14:54.970069+00:00, run_after=2022-12-19T20:14:54.970069+00:00
[2022-12-19T20:14:54.995+0000] {processor.py:175} INFO - Processing /home/airflow/.local/lib/python3.7/site-packages/airflow/example_dags/example_skip_dag.py took 0.118 seconds
[2022-12-19T20:15:25.271+0000] {processor.py:153} INFO - Started process (PID=6596) to work on /home/airflow/.local/lib/python3.7/site-packages/airflow/example_dags/example_skip_dag.py
[2022-12-19T20:15:25.272+0000] {processor.py:743} INFO - Processing file /home/airflow/.local/lib/python3.7/site-packages/airflow/example_dags/example_skip_dag.py for tasks to queue
[2022-12-19T20:15:25.273+0000] {logging_mixin.py:137} INFO - [2022-12-19T20:15:25.272+0000] {dagbag.py:538} INFO - Filling up the DagBag from /home/airflow/.local/lib/python3.7/site-packages/airflow/example_dags/example_skip_dag.py
[2022-12-19T20:15:25.289+0000] {processor.py:753} INFO - DAG(s) dict_keys(['example_skip_dag']) retrieved from /home/airflow/.local/lib/python3.7/site-packages/airflow/example_dags/example_skip_dag.py
[2022-12-19T20:15:25.335+0000] {logging_mixin.py:137} INFO - [2022-12-19T20:15:25.334+0000] {dag.py:2676} INFO - Sync 1 DAGs
[2022-12-19T20:15:25.368+0000] {logging_mixin.py:137} INFO - [2022-12-19T20:15:25.368+0000] {dag.py:3427} INFO - Setting next_dagrun for example_skip_dag to 2022-12-18T20:15:25.367874+00:00, run_after=2022-12-19T20:15:25.367874+00:00
[2022-12-19T20:15:25.391+0000] {processor.py:175} INFO - Processing /home/airflow/.local/lib/python3.7/site-packages/airflow/example_dags/example_skip_dag.py took 0.124 seconds
[2022-12-19T20:15:56.578+0000] {processor.py:153} INFO - Started process (PID=6699) to work on /home/airflow/.local/lib/python3.7/site-packages/airflow/example_dags/example_skip_dag.py
[2022-12-19T20:15:56.579+0000] {processor.py:743} INFO - Processing file /home/airflow/.local/lib/python3.7/site-packages/airflow/example_dags/example_skip_dag.py for tasks to queue
[2022-12-19T20:15:56.580+0000] {logging_mixin.py:137} INFO - [2022-12-19T20:15:56.580+0000] {dagbag.py:538} INFO - Filling up the DagBag from /home/airflow/.local/lib/python3.7/site-packages/airflow/example_dags/example_skip_dag.py
[2022-12-19T20:15:56.598+0000] {processor.py:753} INFO - DAG(s) dict_keys(['example_skip_dag']) retrieved from /home/airflow/.local/lib/python3.7/site-packages/airflow/example_dags/example_skip_dag.py
[2022-12-19T20:15:56.646+0000] {logging_mixin.py:137} INFO - [2022-12-19T20:15:56.646+0000] {dag.py:2676} INFO - Sync 1 DAGs
[2022-12-19T20:15:56.676+0000] {logging_mixin.py:137} INFO - [2022-12-19T20:15:56.676+0000] {dag.py:3427} INFO - Setting next_dagrun for example_skip_dag to 2022-12-18T20:15:56.676077+00:00, run_after=2022-12-19T20:15:56.676077+00:00
[2022-12-19T20:15:56.700+0000] {processor.py:175} INFO - Processing /home/airflow/.local/lib/python3.7/site-packages/airflow/example_dags/example_skip_dag.py took 0.126 seconds
[2022-12-19T20:16:26.973+0000] {processor.py:153} INFO - Started process (PID=6785) to work on /home/airflow/.local/lib/python3.7/site-packages/airflow/example_dags/example_skip_dag.py
[2022-12-19T20:16:26.974+0000] {processor.py:743} INFO - Processing file /home/airflow/.local/lib/python3.7/site-packages/airflow/example_dags/example_skip_dag.py for tasks to queue
[2022-12-19T20:16:26.975+0000] {logging_mixin.py:137} INFO - [2022-12-19T20:16:26.975+0000] {dagbag.py:538} INFO - Filling up the DagBag from /home/airflow/.local/lib/python3.7/site-packages/airflow/example_dags/example_skip_dag.py
[2022-12-19T20:16:26.993+0000] {processor.py:753} INFO - DAG(s) dict_keys(['example_skip_dag']) retrieved from /home/airflow/.local/lib/python3.7/site-packages/airflow/example_dags/example_skip_dag.py
[2022-12-19T20:16:27.054+0000] {logging_mixin.py:137} INFO - [2022-12-19T20:16:27.054+0000] {dag.py:2676} INFO - Sync 1 DAGs
[2022-12-19T20:16:27.088+0000] {logging_mixin.py:137} INFO - [2022-12-19T20:16:27.087+0000] {dag.py:3427} INFO - Setting next_dagrun for example_skip_dag to 2022-12-18T20:16:27.087475+00:00, run_after=2022-12-19T20:16:27.087475+00:00
[2022-12-19T20:16:27.113+0000] {processor.py:175} INFO - Processing /home/airflow/.local/lib/python3.7/site-packages/airflow/example_dags/example_skip_dag.py took 0.143 seconds
[2022-12-19T20:16:57.948+0000] {processor.py:153} INFO - Started process (PID=6895) to work on /home/airflow/.local/lib/python3.7/site-packages/airflow/example_dags/example_skip_dag.py
[2022-12-19T20:16:57.949+0000] {processor.py:743} INFO - Processing file /home/airflow/.local/lib/python3.7/site-packages/airflow/example_dags/example_skip_dag.py for tasks to queue
[2022-12-19T20:16:57.950+0000] {logging_mixin.py:137} INFO - [2022-12-19T20:16:57.949+0000] {dagbag.py:538} INFO - Filling up the DagBag from /home/airflow/.local/lib/python3.7/site-packages/airflow/example_dags/example_skip_dag.py
[2022-12-19T20:16:57.974+0000] {processor.py:753} INFO - DAG(s) dict_keys(['example_skip_dag']) retrieved from /home/airflow/.local/lib/python3.7/site-packages/airflow/example_dags/example_skip_dag.py
[2022-12-19T20:16:58.034+0000] {logging_mixin.py:137} INFO - [2022-12-19T20:16:58.034+0000] {dag.py:2676} INFO - Sync 1 DAGs
[2022-12-19T20:16:58.080+0000] {logging_mixin.py:137} INFO - [2022-12-19T20:16:58.080+0000] {dag.py:3427} INFO - Setting next_dagrun for example_skip_dag to 2022-12-18T20:16:58.079760+00:00, run_after=2022-12-19T20:16:58.079760+00:00
[2022-12-19T20:16:58.114+0000] {processor.py:175} INFO - Processing /home/airflow/.local/lib/python3.7/site-packages/airflow/example_dags/example_skip_dag.py took 0.170 seconds
[2022-12-19T20:17:28.422+0000] {processor.py:153} INFO - Started process (PID=6981) to work on /home/airflow/.local/lib/python3.7/site-packages/airflow/example_dags/example_skip_dag.py
[2022-12-19T20:17:28.423+0000] {processor.py:743} INFO - Processing file /home/airflow/.local/lib/python3.7/site-packages/airflow/example_dags/example_skip_dag.py for tasks to queue
[2022-12-19T20:17:28.425+0000] {logging_mixin.py:137} INFO - [2022-12-19T20:17:28.424+0000] {dagbag.py:538} INFO - Filling up the DagBag from /home/airflow/.local/lib/python3.7/site-packages/airflow/example_dags/example_skip_dag.py
[2022-12-19T20:17:28.442+0000] {processor.py:753} INFO - DAG(s) dict_keys(['example_skip_dag']) retrieved from /home/airflow/.local/lib/python3.7/site-packages/airflow/example_dags/example_skip_dag.py
[2022-12-19T20:17:28.498+0000] {logging_mixin.py:137} INFO - [2022-12-19T20:17:28.498+0000] {dag.py:2676} INFO - Sync 1 DAGs
[2022-12-19T20:17:28.546+0000] {logging_mixin.py:137} INFO - [2022-12-19T20:17:28.546+0000] {dag.py:3427} INFO - Setting next_dagrun for example_skip_dag to 2022-12-18T20:17:28.545989+00:00, run_after=2022-12-19T20:17:28.545989+00:00
[2022-12-19T20:17:28.579+0000] {processor.py:175} INFO - Processing /home/airflow/.local/lib/python3.7/site-packages/airflow/example_dags/example_skip_dag.py took 0.161 seconds
[2022-12-19T20:17:58.860+0000] {processor.py:153} INFO - Started process (PID=7067) to work on /home/airflow/.local/lib/python3.7/site-packages/airflow/example_dags/example_skip_dag.py
[2022-12-19T20:17:58.861+0000] {processor.py:743} INFO - Processing file /home/airflow/.local/lib/python3.7/site-packages/airflow/example_dags/example_skip_dag.py for tasks to queue
[2022-12-19T20:17:58.861+0000] {logging_mixin.py:137} INFO - [2022-12-19T20:17:58.861+0000] {dagbag.py:538} INFO - Filling up the DagBag from /home/airflow/.local/lib/python3.7/site-packages/airflow/example_dags/example_skip_dag.py
[2022-12-19T20:17:58.875+0000] {processor.py:753} INFO - DAG(s) dict_keys(['example_skip_dag']) retrieved from /home/airflow/.local/lib/python3.7/site-packages/airflow/example_dags/example_skip_dag.py
[2022-12-19T20:17:58.912+0000] {logging_mixin.py:137} INFO - [2022-12-19T20:17:58.912+0000] {dag.py:2676} INFO - Sync 1 DAGs
[2022-12-19T20:17:58.941+0000] {logging_mixin.py:137} INFO - [2022-12-19T20:17:58.940+0000] {dag.py:3427} INFO - Setting next_dagrun for example_skip_dag to 2022-12-18T20:17:58.940617+00:00, run_after=2022-12-19T20:17:58.940617+00:00
[2022-12-19T20:17:58.962+0000] {processor.py:175} INFO - Processing /home/airflow/.local/lib/python3.7/site-packages/airflow/example_dags/example_skip_dag.py took 0.105 seconds
[2022-12-19T20:18:29.199+0000] {processor.py:153} INFO - Started process (PID=7160) to work on /home/airflow/.local/lib/python3.7/site-packages/airflow/example_dags/example_skip_dag.py
[2022-12-19T20:18:29.200+0000] {processor.py:743} INFO - Processing file /home/airflow/.local/lib/python3.7/site-packages/airflow/example_dags/example_skip_dag.py for tasks to queue
[2022-12-19T20:18:29.200+0000] {logging_mixin.py:137} INFO - [2022-12-19T20:18:29.200+0000] {dagbag.py:538} INFO - Filling up the DagBag from /home/airflow/.local/lib/python3.7/site-packages/airflow/example_dags/example_skip_dag.py
[2022-12-19T20:18:29.214+0000] {processor.py:753} INFO - DAG(s) dict_keys(['example_skip_dag']) retrieved from /home/airflow/.local/lib/python3.7/site-packages/airflow/example_dags/example_skip_dag.py
[2022-12-19T20:18:29.255+0000] {logging_mixin.py:137} INFO - [2022-12-19T20:18:29.254+0000] {dag.py:2676} INFO - Sync 1 DAGs
[2022-12-19T20:18:29.283+0000] {logging_mixin.py:137} INFO - [2022-12-19T20:18:29.283+0000] {dag.py:3427} INFO - Setting next_dagrun for example_skip_dag to 2022-12-18T20:18:29.282792+00:00, run_after=2022-12-19T20:18:29.282792+00:00
[2022-12-19T20:18:29.301+0000] {processor.py:175} INFO - Processing /home/airflow/.local/lib/python3.7/site-packages/airflow/example_dags/example_skip_dag.py took 0.105 seconds
[2022-12-19T20:18:59.438+0000] {processor.py:153} INFO - Started process (PID=7263) to work on /home/airflow/.local/lib/python3.7/site-packages/airflow/example_dags/example_skip_dag.py
[2022-12-19T20:18:59.439+0000] {processor.py:743} INFO - Processing file /home/airflow/.local/lib/python3.7/site-packages/airflow/example_dags/example_skip_dag.py for tasks to queue
[2022-12-19T20:18:59.440+0000] {logging_mixin.py:137} INFO - [2022-12-19T20:18:59.440+0000] {dagbag.py:538} INFO - Filling up the DagBag from /home/airflow/.local/lib/python3.7/site-packages/airflow/example_dags/example_skip_dag.py
[2022-12-19T20:18:59.456+0000] {processor.py:753} INFO - DAG(s) dict_keys(['example_skip_dag']) retrieved from /home/airflow/.local/lib/python3.7/site-packages/airflow/example_dags/example_skip_dag.py
[2022-12-19T20:18:59.497+0000] {logging_mixin.py:137} INFO - [2022-12-19T20:18:59.497+0000] {dag.py:2676} INFO - Sync 1 DAGs
[2022-12-19T20:18:59.527+0000] {logging_mixin.py:137} INFO - [2022-12-19T20:18:59.526+0000] {dag.py:3427} INFO - Setting next_dagrun for example_skip_dag to 2022-12-18T20:18:59.526687+00:00, run_after=2022-12-19T20:18:59.526687+00:00
[2022-12-19T20:18:59.546+0000] {processor.py:175} INFO - Processing /home/airflow/.local/lib/python3.7/site-packages/airflow/example_dags/example_skip_dag.py took 0.111 seconds
[2022-12-19T20:19:29.697+0000] {processor.py:153} INFO - Started process (PID=7349) to work on /home/airflow/.local/lib/python3.7/site-packages/airflow/example_dags/example_skip_dag.py
[2022-12-19T20:19:29.698+0000] {processor.py:743} INFO - Processing file /home/airflow/.local/lib/python3.7/site-packages/airflow/example_dags/example_skip_dag.py for tasks to queue
[2022-12-19T20:19:29.699+0000] {logging_mixin.py:137} INFO - [2022-12-19T20:19:29.699+0000] {dagbag.py:538} INFO - Filling up the DagBag from /home/airflow/.local/lib/python3.7/site-packages/airflow/example_dags/example_skip_dag.py
[2022-12-19T20:19:29.714+0000] {processor.py:753} INFO - DAG(s) dict_keys(['example_skip_dag']) retrieved from /home/airflow/.local/lib/python3.7/site-packages/airflow/example_dags/example_skip_dag.py
[2022-12-19T20:19:29.755+0000] {logging_mixin.py:137} INFO - [2022-12-19T20:19:29.755+0000] {dag.py:2676} INFO - Sync 1 DAGs
[2022-12-19T20:19:29.785+0000] {logging_mixin.py:137} INFO - [2022-12-19T20:19:29.785+0000] {dag.py:3427} INFO - Setting next_dagrun for example_skip_dag to 2022-12-18T20:19:29.785038+00:00, run_after=2022-12-19T20:19:29.785038+00:00
[2022-12-19T20:19:29.804+0000] {processor.py:175} INFO - Processing /home/airflow/.local/lib/python3.7/site-packages/airflow/example_dags/example_skip_dag.py took 0.110 seconds
[2022-12-19T20:20:00.606+0000] {processor.py:153} INFO - Started process (PID=7459) to work on /home/airflow/.local/lib/python3.7/site-packages/airflow/example_dags/example_skip_dag.py
[2022-12-19T20:20:00.607+0000] {processor.py:743} INFO - Processing file /home/airflow/.local/lib/python3.7/site-packages/airflow/example_dags/example_skip_dag.py for tasks to queue
[2022-12-19T20:20:00.608+0000] {logging_mixin.py:137} INFO - [2022-12-19T20:20:00.608+0000] {dagbag.py:538} INFO - Filling up the DagBag from /home/airflow/.local/lib/python3.7/site-packages/airflow/example_dags/example_skip_dag.py
[2022-12-19T20:20:00.624+0000] {processor.py:753} INFO - DAG(s) dict_keys(['example_skip_dag']) retrieved from /home/airflow/.local/lib/python3.7/site-packages/airflow/example_dags/example_skip_dag.py
[2022-12-19T20:20:00.664+0000] {logging_mixin.py:137} INFO - [2022-12-19T20:20:00.663+0000] {dag.py:2676} INFO - Sync 1 DAGs
[2022-12-19T20:20:00.691+0000] {logging_mixin.py:137} INFO - [2022-12-19T20:20:00.691+0000] {dag.py:3427} INFO - Setting next_dagrun for example_skip_dag to 2022-12-18T20:20:00.690742+00:00, run_after=2022-12-19T20:20:00.690742+00:00
[2022-12-19T20:20:00.708+0000] {processor.py:175} INFO - Processing /home/airflow/.local/lib/python3.7/site-packages/airflow/example_dags/example_skip_dag.py took 0.105 seconds
