[2022-12-19T19:45:51.902+0000] {processor.py:153} INFO - Started process (PID=1160) to work on /home/airflow/.local/lib/python3.7/site-packages/airflow/example_dags/example_short_circuit_decorator.py
[2022-12-19T19:45:51.903+0000] {processor.py:743} INFO - Processing file /home/airflow/.local/lib/python3.7/site-packages/airflow/example_dags/example_short_circuit_decorator.py for tasks to queue
[2022-12-19T19:45:51.904+0000] {logging_mixin.py:137} INFO - [2022-12-19T19:45:51.904+0000] {dagbag.py:538} INFO - Filling up the DagBag from /home/airflow/.local/lib/python3.7/site-packages/airflow/example_dags/example_short_circuit_decorator.py
[2022-12-19T19:45:51.945+0000] {processor.py:753} INFO - DAG(s) dict_keys(['example_short_circuit_decorator']) retrieved from /home/airflow/.local/lib/python3.7/site-packages/airflow/example_dags/example_short_circuit_decorator.py
[2022-12-19T19:45:52.012+0000] {logging_mixin.py:137} INFO - [2022-12-19T19:45:52.012+0000] {dag.py:2676} INFO - Sync 1 DAGs
[2022-12-19T19:45:52.047+0000] {logging_mixin.py:137} INFO - [2022-12-19T19:45:52.046+0000] {dag.py:3427} INFO - Setting next_dagrun for example_short_circuit_decorator to 2022-12-18T19:45:52.046463+00:00, run_after=2022-12-19T19:45:52.046463+00:00
[2022-12-19T19:45:52.083+0000] {processor.py:175} INFO - Processing /home/airflow/.local/lib/python3.7/site-packages/airflow/example_dags/example_short_circuit_decorator.py took 0.190 seconds
[2022-12-19T19:46:23.033+0000] {processor.py:153} INFO - Started process (PID=1246) to work on /home/airflow/.local/lib/python3.7/site-packages/airflow/example_dags/example_short_circuit_decorator.py
[2022-12-19T19:46:23.034+0000] {processor.py:743} INFO - Processing file /home/airflow/.local/lib/python3.7/site-packages/airflow/example_dags/example_short_circuit_decorator.py for tasks to queue
[2022-12-19T19:46:23.035+0000] {logging_mixin.py:137} INFO - [2022-12-19T19:46:23.035+0000] {dagbag.py:538} INFO - Filling up the DagBag from /home/airflow/.local/lib/python3.7/site-packages/airflow/example_dags/example_short_circuit_decorator.py
[2022-12-19T19:46:23.062+0000] {processor.py:753} INFO - DAG(s) dict_keys(['example_short_circuit_decorator']) retrieved from /home/airflow/.local/lib/python3.7/site-packages/airflow/example_dags/example_short_circuit_decorator.py
[2022-12-19T19:46:23.125+0000] {logging_mixin.py:137} INFO - [2022-12-19T19:46:23.125+0000] {dag.py:2676} INFO - Sync 1 DAGs
[2022-12-19T19:46:23.155+0000] {logging_mixin.py:137} INFO - [2022-12-19T19:46:23.155+0000] {dag.py:3427} INFO - Setting next_dagrun for example_short_circuit_decorator to 2022-12-18T19:46:23.155309+00:00, run_after=2022-12-19T19:46:23.155309+00:00
[2022-12-19T19:46:23.188+0000] {processor.py:175} INFO - Processing /home/airflow/.local/lib/python3.7/site-packages/airflow/example_dags/example_short_circuit_decorator.py took 0.158 seconds
[2022-12-19T19:46:54.007+0000] {processor.py:153} INFO - Started process (PID=1332) to work on /home/airflow/.local/lib/python3.7/site-packages/airflow/example_dags/example_short_circuit_decorator.py
[2022-12-19T19:46:54.008+0000] {processor.py:743} INFO - Processing file /home/airflow/.local/lib/python3.7/site-packages/airflow/example_dags/example_short_circuit_decorator.py for tasks to queue
[2022-12-19T19:46:54.009+0000] {logging_mixin.py:137} INFO - [2022-12-19T19:46:54.009+0000] {dagbag.py:538} INFO - Filling up the DagBag from /home/airflow/.local/lib/python3.7/site-packages/airflow/example_dags/example_short_circuit_decorator.py
[2022-12-19T19:46:54.041+0000] {processor.py:753} INFO - DAG(s) dict_keys(['example_short_circuit_decorator']) retrieved from /home/airflow/.local/lib/python3.7/site-packages/airflow/example_dags/example_short_circuit_decorator.py
[2022-12-19T19:46:54.099+0000] {logging_mixin.py:137} INFO - [2022-12-19T19:46:54.099+0000] {dag.py:2676} INFO - Sync 1 DAGs
[2022-12-19T19:46:54.137+0000] {logging_mixin.py:137} INFO - [2022-12-19T19:46:54.137+0000] {dag.py:3427} INFO - Setting next_dagrun for example_short_circuit_decorator to 2022-12-18T19:46:54.137032+00:00, run_after=2022-12-19T19:46:54.137032+00:00
[2022-12-19T19:46:54.165+0000] {processor.py:175} INFO - Processing /home/airflow/.local/lib/python3.7/site-packages/airflow/example_dags/example_short_circuit_decorator.py took 0.161 seconds
[2022-12-19T19:47:24.847+0000] {processor.py:153} INFO - Started process (PID=1418) to work on /home/airflow/.local/lib/python3.7/site-packages/airflow/example_dags/example_short_circuit_decorator.py
[2022-12-19T19:47:24.848+0000] {processor.py:743} INFO - Processing file /home/airflow/.local/lib/python3.7/site-packages/airflow/example_dags/example_short_circuit_decorator.py for tasks to queue
[2022-12-19T19:47:24.848+0000] {logging_mixin.py:137} INFO - [2022-12-19T19:47:24.848+0000] {dagbag.py:538} INFO - Filling up the DagBag from /home/airflow/.local/lib/python3.7/site-packages/airflow/example_dags/example_short_circuit_decorator.py
[2022-12-19T19:47:24.892+0000] {processor.py:753} INFO - DAG(s) dict_keys(['example_short_circuit_decorator']) retrieved from /home/airflow/.local/lib/python3.7/site-packages/airflow/example_dags/example_short_circuit_decorator.py
[2022-12-19T19:47:24.942+0000] {logging_mixin.py:137} INFO - [2022-12-19T19:47:24.941+0000] {dag.py:2676} INFO - Sync 1 DAGs
[2022-12-19T19:47:24.975+0000] {logging_mixin.py:137} INFO - [2022-12-19T19:47:24.975+0000] {dag.py:3427} INFO - Setting next_dagrun for example_short_circuit_decorator to 2022-12-18T19:47:24.975054+00:00, run_after=2022-12-19T19:47:24.975054+00:00
[2022-12-19T19:47:25.004+0000] {processor.py:175} INFO - Processing /home/airflow/.local/lib/python3.7/site-packages/airflow/example_dags/example_short_circuit_decorator.py took 0.162 seconds
[2022-12-19T19:47:55.861+0000] {processor.py:153} INFO - Started process (PID=1504) to work on /home/airflow/.local/lib/python3.7/site-packages/airflow/example_dags/example_short_circuit_decorator.py
[2022-12-19T19:47:55.862+0000] {processor.py:743} INFO - Processing file /home/airflow/.local/lib/python3.7/site-packages/airflow/example_dags/example_short_circuit_decorator.py for tasks to queue
[2022-12-19T19:47:55.862+0000] {logging_mixin.py:137} INFO - [2022-12-19T19:47:55.862+0000] {dagbag.py:538} INFO - Filling up the DagBag from /home/airflow/.local/lib/python3.7/site-packages/airflow/example_dags/example_short_circuit_decorator.py
[2022-12-19T19:47:55.907+0000] {processor.py:753} INFO - DAG(s) dict_keys(['example_short_circuit_decorator']) retrieved from /home/airflow/.local/lib/python3.7/site-packages/airflow/example_dags/example_short_circuit_decorator.py
[2022-12-19T19:47:55.951+0000] {logging_mixin.py:137} INFO - [2022-12-19T19:47:55.951+0000] {dag.py:2676} INFO - Sync 1 DAGs
[2022-12-19T19:47:55.989+0000] {logging_mixin.py:137} INFO - [2022-12-19T19:47:55.989+0000] {dag.py:3427} INFO - Setting next_dagrun for example_short_circuit_decorator to 2022-12-18T19:47:55.989076+00:00, run_after=2022-12-19T19:47:55.989076+00:00
[2022-12-19T19:47:56.015+0000] {processor.py:175} INFO - Processing /home/airflow/.local/lib/python3.7/site-packages/airflow/example_dags/example_short_circuit_decorator.py took 0.158 seconds
[2022-12-19T19:48:26.067+0000] {processor.py:153} INFO - Started process (PID=1590) to work on /home/airflow/.local/lib/python3.7/site-packages/airflow/example_dags/example_short_circuit_decorator.py
[2022-12-19T19:48:26.068+0000] {processor.py:743} INFO - Processing file /home/airflow/.local/lib/python3.7/site-packages/airflow/example_dags/example_short_circuit_decorator.py for tasks to queue
[2022-12-19T19:48:26.068+0000] {logging_mixin.py:137} INFO - [2022-12-19T19:48:26.068+0000] {dagbag.py:538} INFO - Filling up the DagBag from /home/airflow/.local/lib/python3.7/site-packages/airflow/example_dags/example_short_circuit_decorator.py
[2022-12-19T19:48:26.097+0000] {processor.py:753} INFO - DAG(s) dict_keys(['example_short_circuit_decorator']) retrieved from /home/airflow/.local/lib/python3.7/site-packages/airflow/example_dags/example_short_circuit_decorator.py
[2022-12-19T19:48:26.140+0000] {logging_mixin.py:137} INFO - [2022-12-19T19:48:26.140+0000] {dag.py:2676} INFO - Sync 1 DAGs
[2022-12-19T19:48:26.172+0000] {logging_mixin.py:137} INFO - [2022-12-19T19:48:26.172+0000] {dag.py:3427} INFO - Setting next_dagrun for example_short_circuit_decorator to 2022-12-18T19:48:26.172369+00:00, run_after=2022-12-19T19:48:26.172369+00:00
[2022-12-19T19:48:26.194+0000] {processor.py:175} INFO - Processing /home/airflow/.local/lib/python3.7/site-packages/airflow/example_dags/example_short_circuit_decorator.py took 0.130 seconds
[2022-12-19T19:48:56.906+0000] {processor.py:153} INFO - Started process (PID=1700) to work on /home/airflow/.local/lib/python3.7/site-packages/airflow/example_dags/example_short_circuit_decorator.py
[2022-12-19T19:48:56.907+0000] {processor.py:743} INFO - Processing file /home/airflow/.local/lib/python3.7/site-packages/airflow/example_dags/example_short_circuit_decorator.py for tasks to queue
[2022-12-19T19:48:56.908+0000] {logging_mixin.py:137} INFO - [2022-12-19T19:48:56.907+0000] {dagbag.py:538} INFO - Filling up the DagBag from /home/airflow/.local/lib/python3.7/site-packages/airflow/example_dags/example_short_circuit_decorator.py
[2022-12-19T19:48:56.938+0000] {processor.py:753} INFO - DAG(s) dict_keys(['example_short_circuit_decorator']) retrieved from /home/airflow/.local/lib/python3.7/site-packages/airflow/example_dags/example_short_circuit_decorator.py
[2022-12-19T19:48:57.098+0000] {logging_mixin.py:137} INFO - [2022-12-19T19:48:57.098+0000] {dag.py:2676} INFO - Sync 1 DAGs
[2022-12-19T19:48:57.189+0000] {logging_mixin.py:137} INFO - [2022-12-19T19:48:57.189+0000] {dag.py:3427} INFO - Setting next_dagrun for example_short_circuit_decorator to 2022-12-18T19:48:57.189317+00:00, run_after=2022-12-19T19:48:57.189317+00:00
[2022-12-19T19:48:57.291+0000] {processor.py:175} INFO - Processing /home/airflow/.local/lib/python3.7/site-packages/airflow/example_dags/example_short_circuit_decorator.py took 0.389 seconds
[2022-12-19T19:49:27.923+0000] {processor.py:153} INFO - Started process (PID=1786) to work on /home/airflow/.local/lib/python3.7/site-packages/airflow/example_dags/example_short_circuit_decorator.py
[2022-12-19T19:49:27.924+0000] {processor.py:743} INFO - Processing file /home/airflow/.local/lib/python3.7/site-packages/airflow/example_dags/example_short_circuit_decorator.py for tasks to queue
[2022-12-19T19:49:27.925+0000] {logging_mixin.py:137} INFO - [2022-12-19T19:49:27.925+0000] {dagbag.py:538} INFO - Filling up the DagBag from /home/airflow/.local/lib/python3.7/site-packages/airflow/example_dags/example_short_circuit_decorator.py
[2022-12-19T19:49:27.972+0000] {processor.py:753} INFO - DAG(s) dict_keys(['example_short_circuit_decorator']) retrieved from /home/airflow/.local/lib/python3.7/site-packages/airflow/example_dags/example_short_circuit_decorator.py
[2022-12-19T19:49:28.078+0000] {logging_mixin.py:137} INFO - [2022-12-19T19:49:28.078+0000] {dag.py:2676} INFO - Sync 1 DAGs
[2022-12-19T19:49:28.113+0000] {logging_mixin.py:137} INFO - [2022-12-19T19:49:28.113+0000] {dag.py:3427} INFO - Setting next_dagrun for example_short_circuit_decorator to 2022-12-18T19:49:28.113234+00:00, run_after=2022-12-19T19:49:28.113234+00:00
[2022-12-19T19:49:28.180+0000] {processor.py:175} INFO - Processing /home/airflow/.local/lib/python3.7/site-packages/airflow/example_dags/example_short_circuit_decorator.py took 0.260 seconds
[2022-12-19T19:49:58.538+0000] {processor.py:153} INFO - Started process (PID=1872) to work on /home/airflow/.local/lib/python3.7/site-packages/airflow/example_dags/example_short_circuit_decorator.py
[2022-12-19T19:49:58.539+0000] {processor.py:743} INFO - Processing file /home/airflow/.local/lib/python3.7/site-packages/airflow/example_dags/example_short_circuit_decorator.py for tasks to queue
[2022-12-19T19:49:58.540+0000] {logging_mixin.py:137} INFO - [2022-12-19T19:49:58.540+0000] {dagbag.py:538} INFO - Filling up the DagBag from /home/airflow/.local/lib/python3.7/site-packages/airflow/example_dags/example_short_circuit_decorator.py
[2022-12-19T19:49:58.567+0000] {processor.py:753} INFO - DAG(s) dict_keys(['example_short_circuit_decorator']) retrieved from /home/airflow/.local/lib/python3.7/site-packages/airflow/example_dags/example_short_circuit_decorator.py
[2022-12-19T19:49:58.611+0000] {logging_mixin.py:137} INFO - [2022-12-19T19:49:58.611+0000] {dag.py:2676} INFO - Sync 1 DAGs
[2022-12-19T19:49:58.643+0000] {logging_mixin.py:137} INFO - [2022-12-19T19:49:58.643+0000] {dag.py:3427} INFO - Setting next_dagrun for example_short_circuit_decorator to 2022-12-18T19:49:58.642984+00:00, run_after=2022-12-19T19:49:58.642984+00:00
[2022-12-19T19:49:58.691+0000] {processor.py:175} INFO - Processing /home/airflow/.local/lib/python3.7/site-packages/airflow/example_dags/example_short_circuit_decorator.py took 0.155 seconds
[2022-12-19T19:50:29.383+0000] {processor.py:153} INFO - Started process (PID=1957) to work on /home/airflow/.local/lib/python3.7/site-packages/airflow/example_dags/example_short_circuit_decorator.py
[2022-12-19T19:50:29.384+0000] {processor.py:743} INFO - Processing file /home/airflow/.local/lib/python3.7/site-packages/airflow/example_dags/example_short_circuit_decorator.py for tasks to queue
[2022-12-19T19:50:29.385+0000] {logging_mixin.py:137} INFO - [2022-12-19T19:50:29.385+0000] {dagbag.py:538} INFO - Filling up the DagBag from /home/airflow/.local/lib/python3.7/site-packages/airflow/example_dags/example_short_circuit_decorator.py
[2022-12-19T19:50:29.412+0000] {processor.py:753} INFO - DAG(s) dict_keys(['example_short_circuit_decorator']) retrieved from /home/airflow/.local/lib/python3.7/site-packages/airflow/example_dags/example_short_circuit_decorator.py
[2022-12-19T19:50:29.452+0000] {logging_mixin.py:137} INFO - [2022-12-19T19:50:29.452+0000] {dag.py:2676} INFO - Sync 1 DAGs
[2022-12-19T19:50:29.498+0000] {logging_mixin.py:137} INFO - [2022-12-19T19:50:29.498+0000] {dag.py:3427} INFO - Setting next_dagrun for example_short_circuit_decorator to 2022-12-18T19:50:29.498190+00:00, run_after=2022-12-19T19:50:29.498190+00:00
[2022-12-19T19:50:29.518+0000] {processor.py:175} INFO - Processing /home/airflow/.local/lib/python3.7/site-packages/airflow/example_dags/example_short_circuit_decorator.py took 0.140 seconds
[2022-12-19T19:50:59.618+0000] {processor.py:153} INFO - Started process (PID=2067) to work on /home/airflow/.local/lib/python3.7/site-packages/airflow/example_dags/example_short_circuit_decorator.py
[2022-12-19T19:50:59.619+0000] {processor.py:743} INFO - Processing file /home/airflow/.local/lib/python3.7/site-packages/airflow/example_dags/example_short_circuit_decorator.py for tasks to queue
[2022-12-19T19:50:59.620+0000] {logging_mixin.py:137} INFO - [2022-12-19T19:50:59.619+0000] {dagbag.py:538} INFO - Filling up the DagBag from /home/airflow/.local/lib/python3.7/site-packages/airflow/example_dags/example_short_circuit_decorator.py
[2022-12-19T19:50:59.645+0000] {processor.py:753} INFO - DAG(s) dict_keys(['example_short_circuit_decorator']) retrieved from /home/airflow/.local/lib/python3.7/site-packages/airflow/example_dags/example_short_circuit_decorator.py
[2022-12-19T19:50:59.699+0000] {logging_mixin.py:137} INFO - [2022-12-19T19:50:59.699+0000] {dag.py:2676} INFO - Sync 1 DAGs
[2022-12-19T19:50:59.725+0000] {logging_mixin.py:137} INFO - [2022-12-19T19:50:59.725+0000] {dag.py:3427} INFO - Setting next_dagrun for example_short_circuit_decorator to 2022-12-18T19:50:59.724880+00:00, run_after=2022-12-19T19:50:59.724880+00:00
[2022-12-19T19:50:59.744+0000] {processor.py:175} INFO - Processing /home/airflow/.local/lib/python3.7/site-packages/airflow/example_dags/example_short_circuit_decorator.py took 0.129 seconds
[2022-12-19T19:51:30.222+0000] {processor.py:153} INFO - Started process (PID=2153) to work on /home/airflow/.local/lib/python3.7/site-packages/airflow/example_dags/example_short_circuit_decorator.py
[2022-12-19T19:51:30.223+0000] {processor.py:743} INFO - Processing file /home/airflow/.local/lib/python3.7/site-packages/airflow/example_dags/example_short_circuit_decorator.py for tasks to queue
[2022-12-19T19:51:30.224+0000] {logging_mixin.py:137} INFO - [2022-12-19T19:51:30.224+0000] {dagbag.py:538} INFO - Filling up the DagBag from /home/airflow/.local/lib/python3.7/site-packages/airflow/example_dags/example_short_circuit_decorator.py
[2022-12-19T19:51:30.249+0000] {processor.py:753} INFO - DAG(s) dict_keys(['example_short_circuit_decorator']) retrieved from /home/airflow/.local/lib/python3.7/site-packages/airflow/example_dags/example_short_circuit_decorator.py
[2022-12-19T19:51:30.300+0000] {logging_mixin.py:137} INFO - [2022-12-19T19:51:30.300+0000] {dag.py:2676} INFO - Sync 1 DAGs
[2022-12-19T19:51:30.328+0000] {logging_mixin.py:137} INFO - [2022-12-19T19:51:30.328+0000] {dag.py:3427} INFO - Setting next_dagrun for example_short_circuit_decorator to 2022-12-18T19:51:30.328155+00:00, run_after=2022-12-19T19:51:30.328155+00:00
[2022-12-19T19:51:30.346+0000] {processor.py:175} INFO - Processing /home/airflow/.local/lib/python3.7/site-packages/airflow/example_dags/example_short_circuit_decorator.py took 0.126 seconds
[2022-12-19T19:52:01.137+0000] {processor.py:153} INFO - Started process (PID=2239) to work on /home/airflow/.local/lib/python3.7/site-packages/airflow/example_dags/example_short_circuit_decorator.py
[2022-12-19T19:52:01.138+0000] {processor.py:743} INFO - Processing file /home/airflow/.local/lib/python3.7/site-packages/airflow/example_dags/example_short_circuit_decorator.py for tasks to queue
[2022-12-19T19:52:01.138+0000] {logging_mixin.py:137} INFO - [2022-12-19T19:52:01.138+0000] {dagbag.py:538} INFO - Filling up the DagBag from /home/airflow/.local/lib/python3.7/site-packages/airflow/example_dags/example_short_circuit_decorator.py
[2022-12-19T19:52:01.164+0000] {processor.py:753} INFO - DAG(s) dict_keys(['example_short_circuit_decorator']) retrieved from /home/airflow/.local/lib/python3.7/site-packages/airflow/example_dags/example_short_circuit_decorator.py
[2022-12-19T19:52:01.205+0000] {logging_mixin.py:137} INFO - [2022-12-19T19:52:01.205+0000] {dag.py:2676} INFO - Sync 1 DAGs
[2022-12-19T19:52:01.232+0000] {logging_mixin.py:137} INFO - [2022-12-19T19:52:01.232+0000] {dag.py:3427} INFO - Setting next_dagrun for example_short_circuit_decorator to 2022-12-18T19:52:01.232365+00:00, run_after=2022-12-19T19:52:01.232365+00:00
[2022-12-19T19:52:01.255+0000] {processor.py:175} INFO - Processing /home/airflow/.local/lib/python3.7/site-packages/airflow/example_dags/example_short_circuit_decorator.py took 0.121 seconds
[2022-12-19T19:52:31.395+0000] {processor.py:153} INFO - Started process (PID=2334) to work on /home/airflow/.local/lib/python3.7/site-packages/airflow/example_dags/example_short_circuit_decorator.py
[2022-12-19T19:52:31.397+0000] {processor.py:743} INFO - Processing file /home/airflow/.local/lib/python3.7/site-packages/airflow/example_dags/example_short_circuit_decorator.py for tasks to queue
[2022-12-19T19:52:31.397+0000] {logging_mixin.py:137} INFO - [2022-12-19T19:52:31.397+0000] {dagbag.py:538} INFO - Filling up the DagBag from /home/airflow/.local/lib/python3.7/site-packages/airflow/example_dags/example_short_circuit_decorator.py
[2022-12-19T19:52:31.432+0000] {processor.py:753} INFO - DAG(s) dict_keys(['example_short_circuit_decorator']) retrieved from /home/airflow/.local/lib/python3.7/site-packages/airflow/example_dags/example_short_circuit_decorator.py
[2022-12-19T19:52:31.509+0000] {logging_mixin.py:137} INFO - [2022-12-19T19:52:31.509+0000] {dag.py:2676} INFO - Sync 1 DAGs
[2022-12-19T19:52:31.583+0000] {logging_mixin.py:137} INFO - [2022-12-19T19:52:31.582+0000] {dag.py:3427} INFO - Setting next_dagrun for example_short_circuit_decorator to 2022-12-18T19:52:31.582595+00:00, run_after=2022-12-19T19:52:31.582595+00:00
[2022-12-19T19:52:31.606+0000] {processor.py:175} INFO - Processing /home/airflow/.local/lib/python3.7/site-packages/airflow/example_dags/example_short_circuit_decorator.py took 0.215 seconds
[2022-12-19T19:53:01.669+0000] {processor.py:153} INFO - Started process (PID=2435) to work on /home/airflow/.local/lib/python3.7/site-packages/airflow/example_dags/example_short_circuit_decorator.py
[2022-12-19T19:53:01.671+0000] {processor.py:743} INFO - Processing file /home/airflow/.local/lib/python3.7/site-packages/airflow/example_dags/example_short_circuit_decorator.py for tasks to queue
[2022-12-19T19:53:01.672+0000] {logging_mixin.py:137} INFO - [2022-12-19T19:53:01.672+0000] {dagbag.py:538} INFO - Filling up the DagBag from /home/airflow/.local/lib/python3.7/site-packages/airflow/example_dags/example_short_circuit_decorator.py
[2022-12-19T19:53:01.704+0000] {processor.py:753} INFO - DAG(s) dict_keys(['example_short_circuit_decorator']) retrieved from /home/airflow/.local/lib/python3.7/site-packages/airflow/example_dags/example_short_circuit_decorator.py
[2022-12-19T19:53:01.746+0000] {logging_mixin.py:137} INFO - [2022-12-19T19:53:01.746+0000] {dag.py:2676} INFO - Sync 1 DAGs
[2022-12-19T19:53:01.781+0000] {logging_mixin.py:137} INFO - [2022-12-19T19:53:01.781+0000] {dag.py:3427} INFO - Setting next_dagrun for example_short_circuit_decorator to 2022-12-18T19:53:01.781369+00:00, run_after=2022-12-19T19:53:01.781369+00:00
[2022-12-19T19:53:01.803+0000] {processor.py:175} INFO - Processing /home/airflow/.local/lib/python3.7/site-packages/airflow/example_dags/example_short_circuit_decorator.py took 0.137 seconds
[2022-12-19T19:53:31.998+0000] {processor.py:153} INFO - Started process (PID=2521) to work on /home/airflow/.local/lib/python3.7/site-packages/airflow/example_dags/example_short_circuit_decorator.py
[2022-12-19T19:53:31.999+0000] {processor.py:743} INFO - Processing file /home/airflow/.local/lib/python3.7/site-packages/airflow/example_dags/example_short_circuit_decorator.py for tasks to queue
[2022-12-19T19:53:32.000+0000] {logging_mixin.py:137} INFO - [2022-12-19T19:53:32.000+0000] {dagbag.py:538} INFO - Filling up the DagBag from /home/airflow/.local/lib/python3.7/site-packages/airflow/example_dags/example_short_circuit_decorator.py
[2022-12-19T19:53:32.026+0000] {processor.py:753} INFO - DAG(s) dict_keys(['example_short_circuit_decorator']) retrieved from /home/airflow/.local/lib/python3.7/site-packages/airflow/example_dags/example_short_circuit_decorator.py
[2022-12-19T19:53:32.068+0000] {logging_mixin.py:137} INFO - [2022-12-19T19:53:32.067+0000] {dag.py:2676} INFO - Sync 1 DAGs
[2022-12-19T19:53:32.107+0000] {logging_mixin.py:137} INFO - [2022-12-19T19:53:32.107+0000] {dag.py:3427} INFO - Setting next_dagrun for example_short_circuit_decorator to 2022-12-18T19:53:32.107164+00:00, run_after=2022-12-19T19:53:32.107164+00:00
[2022-12-19T19:53:32.128+0000] {processor.py:175} INFO - Processing /home/airflow/.local/lib/python3.7/site-packages/airflow/example_dags/example_short_circuit_decorator.py took 0.133 seconds
[2022-12-19T19:54:02.941+0000] {processor.py:153} INFO - Started process (PID=2616) to work on /home/airflow/.local/lib/python3.7/site-packages/airflow/example_dags/example_short_circuit_decorator.py
[2022-12-19T19:54:02.942+0000] {processor.py:743} INFO - Processing file /home/airflow/.local/lib/python3.7/site-packages/airflow/example_dags/example_short_circuit_decorator.py for tasks to queue
[2022-12-19T19:54:02.942+0000] {logging_mixin.py:137} INFO - [2022-12-19T19:54:02.942+0000] {dagbag.py:538} INFO - Filling up the DagBag from /home/airflow/.local/lib/python3.7/site-packages/airflow/example_dags/example_short_circuit_decorator.py
[2022-12-19T19:54:02.993+0000] {processor.py:753} INFO - DAG(s) dict_keys(['example_short_circuit_decorator']) retrieved from /home/airflow/.local/lib/python3.7/site-packages/airflow/example_dags/example_short_circuit_decorator.py
[2022-12-19T19:54:03.034+0000] {logging_mixin.py:137} INFO - [2022-12-19T19:54:03.033+0000] {dag.py:2676} INFO - Sync 1 DAGs
[2022-12-19T19:54:03.104+0000] {logging_mixin.py:137} INFO - [2022-12-19T19:54:03.104+0000] {dag.py:3427} INFO - Setting next_dagrun for example_short_circuit_decorator to 2022-12-18T19:54:03.103920+00:00, run_after=2022-12-19T19:54:03.103920+00:00
[2022-12-19T19:54:03.180+0000] {processor.py:175} INFO - Processing /home/airflow/.local/lib/python3.7/site-packages/airflow/example_dags/example_short_circuit_decorator.py took 0.242 seconds
[2022-12-19T19:54:33.495+0000] {processor.py:153} INFO - Started process (PID=2718) to work on /home/airflow/.local/lib/python3.7/site-packages/airflow/example_dags/example_short_circuit_decorator.py
[2022-12-19T19:54:33.496+0000] {processor.py:743} INFO - Processing file /home/airflow/.local/lib/python3.7/site-packages/airflow/example_dags/example_short_circuit_decorator.py for tasks to queue
[2022-12-19T19:54:33.497+0000] {logging_mixin.py:137} INFO - [2022-12-19T19:54:33.497+0000] {dagbag.py:538} INFO - Filling up the DagBag from /home/airflow/.local/lib/python3.7/site-packages/airflow/example_dags/example_short_circuit_decorator.py
[2022-12-19T19:54:33.525+0000] {processor.py:753} INFO - DAG(s) dict_keys(['example_short_circuit_decorator']) retrieved from /home/airflow/.local/lib/python3.7/site-packages/airflow/example_dags/example_short_circuit_decorator.py
[2022-12-19T19:54:33.568+0000] {logging_mixin.py:137} INFO - [2022-12-19T19:54:33.568+0000] {dag.py:2676} INFO - Sync 1 DAGs
[2022-12-19T19:54:33.602+0000] {logging_mixin.py:137} INFO - [2022-12-19T19:54:33.602+0000] {dag.py:3427} INFO - Setting next_dagrun for example_short_circuit_decorator to 2022-12-18T19:54:33.602207+00:00, run_after=2022-12-19T19:54:33.602207+00:00
[2022-12-19T19:54:33.627+0000] {processor.py:175} INFO - Processing /home/airflow/.local/lib/python3.7/site-packages/airflow/example_dags/example_short_circuit_decorator.py took 0.136 seconds
[2022-12-19T19:55:03.684+0000] {processor.py:153} INFO - Started process (PID=2804) to work on /home/airflow/.local/lib/python3.7/site-packages/airflow/example_dags/example_short_circuit_decorator.py
[2022-12-19T19:55:03.685+0000] {processor.py:743} INFO - Processing file /home/airflow/.local/lib/python3.7/site-packages/airflow/example_dags/example_short_circuit_decorator.py for tasks to queue
[2022-12-19T19:55:03.685+0000] {logging_mixin.py:137} INFO - [2022-12-19T19:55:03.685+0000] {dagbag.py:538} INFO - Filling up the DagBag from /home/airflow/.local/lib/python3.7/site-packages/airflow/example_dags/example_short_circuit_decorator.py
[2022-12-19T19:55:03.716+0000] {processor.py:753} INFO - DAG(s) dict_keys(['example_short_circuit_decorator']) retrieved from /home/airflow/.local/lib/python3.7/site-packages/airflow/example_dags/example_short_circuit_decorator.py
[2022-12-19T19:55:03.761+0000] {logging_mixin.py:137} INFO - [2022-12-19T19:55:03.761+0000] {dag.py:2676} INFO - Sync 1 DAGs
[2022-12-19T19:55:03.793+0000] {logging_mixin.py:137} INFO - [2022-12-19T19:55:03.792+0000] {dag.py:3427} INFO - Setting next_dagrun for example_short_circuit_decorator to 2022-12-18T19:55:03.792551+00:00, run_after=2022-12-19T19:55:03.792551+00:00
[2022-12-19T19:55:03.813+0000] {processor.py:175} INFO - Processing /home/airflow/.local/lib/python3.7/site-packages/airflow/example_dags/example_short_circuit_decorator.py took 0.133 seconds
[2022-12-19T19:55:33.851+0000] {processor.py:153} INFO - Started process (PID=2890) to work on /home/airflow/.local/lib/python3.7/site-packages/airflow/example_dags/example_short_circuit_decorator.py
[2022-12-19T19:55:33.852+0000] {processor.py:743} INFO - Processing file /home/airflow/.local/lib/python3.7/site-packages/airflow/example_dags/example_short_circuit_decorator.py for tasks to queue
[2022-12-19T19:55:33.852+0000] {logging_mixin.py:137} INFO - [2022-12-19T19:55:33.852+0000] {dagbag.py:538} INFO - Filling up the DagBag from /home/airflow/.local/lib/python3.7/site-packages/airflow/example_dags/example_short_circuit_decorator.py
[2022-12-19T19:55:33.881+0000] {processor.py:753} INFO - DAG(s) dict_keys(['example_short_circuit_decorator']) retrieved from /home/airflow/.local/lib/python3.7/site-packages/airflow/example_dags/example_short_circuit_decorator.py
[2022-12-19T19:55:33.925+0000] {logging_mixin.py:137} INFO - [2022-12-19T19:55:33.925+0000] {dag.py:2676} INFO - Sync 1 DAGs
[2022-12-19T19:55:33.953+0000] {logging_mixin.py:137} INFO - [2022-12-19T19:55:33.953+0000] {dag.py:3427} INFO - Setting next_dagrun for example_short_circuit_decorator to 2022-12-18T19:55:33.952838+00:00, run_after=2022-12-19T19:55:33.952838+00:00
[2022-12-19T19:55:33.976+0000] {processor.py:175} INFO - Processing /home/airflow/.local/lib/python3.7/site-packages/airflow/example_dags/example_short_circuit_decorator.py took 0.129 seconds
[2022-12-19T19:56:04.473+0000] {processor.py:153} INFO - Started process (PID=3000) to work on /home/airflow/.local/lib/python3.7/site-packages/airflow/example_dags/example_short_circuit_decorator.py
[2022-12-19T19:56:04.474+0000] {processor.py:743} INFO - Processing file /home/airflow/.local/lib/python3.7/site-packages/airflow/example_dags/example_short_circuit_decorator.py for tasks to queue
[2022-12-19T19:56:04.475+0000] {logging_mixin.py:137} INFO - [2022-12-19T19:56:04.474+0000] {dagbag.py:538} INFO - Filling up the DagBag from /home/airflow/.local/lib/python3.7/site-packages/airflow/example_dags/example_short_circuit_decorator.py
[2022-12-19T19:56:04.503+0000] {processor.py:753} INFO - DAG(s) dict_keys(['example_short_circuit_decorator']) retrieved from /home/airflow/.local/lib/python3.7/site-packages/airflow/example_dags/example_short_circuit_decorator.py
[2022-12-19T19:56:04.549+0000] {logging_mixin.py:137} INFO - [2022-12-19T19:56:04.548+0000] {dag.py:2676} INFO - Sync 1 DAGs
[2022-12-19T19:56:04.580+0000] {logging_mixin.py:137} INFO - [2022-12-19T19:56:04.580+0000] {dag.py:3427} INFO - Setting next_dagrun for example_short_circuit_decorator to 2022-12-18T19:56:04.580067+00:00, run_after=2022-12-19T19:56:04.580067+00:00
[2022-12-19T19:56:04.605+0000] {processor.py:175} INFO - Processing /home/airflow/.local/lib/python3.7/site-packages/airflow/example_dags/example_short_circuit_decorator.py took 0.136 seconds
[2022-12-19T19:56:34.923+0000] {processor.py:153} INFO - Started process (PID=3087) to work on /home/airflow/.local/lib/python3.7/site-packages/airflow/example_dags/example_short_circuit_decorator.py
[2022-12-19T19:56:34.924+0000] {processor.py:743} INFO - Processing file /home/airflow/.local/lib/python3.7/site-packages/airflow/example_dags/example_short_circuit_decorator.py for tasks to queue
[2022-12-19T19:56:34.925+0000] {logging_mixin.py:137} INFO - [2022-12-19T19:56:34.925+0000] {dagbag.py:538} INFO - Filling up the DagBag from /home/airflow/.local/lib/python3.7/site-packages/airflow/example_dags/example_short_circuit_decorator.py
[2022-12-19T19:56:34.952+0000] {processor.py:753} INFO - DAG(s) dict_keys(['example_short_circuit_decorator']) retrieved from /home/airflow/.local/lib/python3.7/site-packages/airflow/example_dags/example_short_circuit_decorator.py
[2022-12-19T19:56:34.996+0000] {logging_mixin.py:137} INFO - [2022-12-19T19:56:34.996+0000] {dag.py:2676} INFO - Sync 1 DAGs
[2022-12-19T19:56:35.030+0000] {logging_mixin.py:137} INFO - [2022-12-19T19:56:35.030+0000] {dag.py:3427} INFO - Setting next_dagrun for example_short_circuit_decorator to 2022-12-18T19:56:35.030232+00:00, run_after=2022-12-19T19:56:35.030232+00:00
[2022-12-19T19:56:35.051+0000] {processor.py:175} INFO - Processing /home/airflow/.local/lib/python3.7/site-packages/airflow/example_dags/example_short_circuit_decorator.py took 0.132 seconds
[2022-12-19T19:57:05.909+0000] {processor.py:153} INFO - Started process (PID=3173) to work on /home/airflow/.local/lib/python3.7/site-packages/airflow/example_dags/example_short_circuit_decorator.py
[2022-12-19T19:57:05.910+0000] {processor.py:743} INFO - Processing file /home/airflow/.local/lib/python3.7/site-packages/airflow/example_dags/example_short_circuit_decorator.py for tasks to queue
[2022-12-19T19:57:05.910+0000] {logging_mixin.py:137} INFO - [2022-12-19T19:57:05.910+0000] {dagbag.py:538} INFO - Filling up the DagBag from /home/airflow/.local/lib/python3.7/site-packages/airflow/example_dags/example_short_circuit_decorator.py
[2022-12-19T19:57:05.939+0000] {processor.py:753} INFO - DAG(s) dict_keys(['example_short_circuit_decorator']) retrieved from /home/airflow/.local/lib/python3.7/site-packages/airflow/example_dags/example_short_circuit_decorator.py
[2022-12-19T19:57:05.985+0000] {logging_mixin.py:137} INFO - [2022-12-19T19:57:05.984+0000] {dag.py:2676} INFO - Sync 1 DAGs
[2022-12-19T19:57:06.017+0000] {logging_mixin.py:137} INFO - [2022-12-19T19:57:06.017+0000] {dag.py:3427} INFO - Setting next_dagrun for example_short_circuit_decorator to 2022-12-18T19:57:06.017193+00:00, run_after=2022-12-19T19:57:06.017193+00:00
[2022-12-19T19:57:06.042+0000] {processor.py:175} INFO - Processing /home/airflow/.local/lib/python3.7/site-packages/airflow/example_dags/example_short_circuit_decorator.py took 0.136 seconds
[2022-12-19T19:57:36.205+0000] {processor.py:153} INFO - Started process (PID=3283) to work on /home/airflow/.local/lib/python3.7/site-packages/airflow/example_dags/example_short_circuit_decorator.py
[2022-12-19T19:57:36.206+0000] {processor.py:743} INFO - Processing file /home/airflow/.local/lib/python3.7/site-packages/airflow/example_dags/example_short_circuit_decorator.py for tasks to queue
[2022-12-19T19:57:36.206+0000] {logging_mixin.py:137} INFO - [2022-12-19T19:57:36.206+0000] {dagbag.py:538} INFO - Filling up the DagBag from /home/airflow/.local/lib/python3.7/site-packages/airflow/example_dags/example_short_circuit_decorator.py
[2022-12-19T19:57:36.234+0000] {processor.py:753} INFO - DAG(s) dict_keys(['example_short_circuit_decorator']) retrieved from /home/airflow/.local/lib/python3.7/site-packages/airflow/example_dags/example_short_circuit_decorator.py
[2022-12-19T19:57:36.278+0000] {logging_mixin.py:137} INFO - [2022-12-19T19:57:36.278+0000] {dag.py:2676} INFO - Sync 1 DAGs
[2022-12-19T19:57:36.306+0000] {logging_mixin.py:137} INFO - [2022-12-19T19:57:36.306+0000] {dag.py:3427} INFO - Setting next_dagrun for example_short_circuit_decorator to 2022-12-18T19:57:36.306148+00:00, run_after=2022-12-19T19:57:36.306148+00:00
[2022-12-19T19:57:36.329+0000] {processor.py:175} INFO - Processing /home/airflow/.local/lib/python3.7/site-packages/airflow/example_dags/example_short_circuit_decorator.py took 0.128 seconds
[2022-12-19T19:58:06.738+0000] {processor.py:153} INFO - Started process (PID=3369) to work on /home/airflow/.local/lib/python3.7/site-packages/airflow/example_dags/example_short_circuit_decorator.py
[2022-12-19T19:58:06.739+0000] {processor.py:743} INFO - Processing file /home/airflow/.local/lib/python3.7/site-packages/airflow/example_dags/example_short_circuit_decorator.py for tasks to queue
[2022-12-19T19:58:06.740+0000] {logging_mixin.py:137} INFO - [2022-12-19T19:58:06.740+0000] {dagbag.py:538} INFO - Filling up the DagBag from /home/airflow/.local/lib/python3.7/site-packages/airflow/example_dags/example_short_circuit_decorator.py
[2022-12-19T19:58:06.767+0000] {processor.py:753} INFO - DAG(s) dict_keys(['example_short_circuit_decorator']) retrieved from /home/airflow/.local/lib/python3.7/site-packages/airflow/example_dags/example_short_circuit_decorator.py
[2022-12-19T19:58:06.813+0000] {logging_mixin.py:137} INFO - [2022-12-19T19:58:06.813+0000] {dag.py:2676} INFO - Sync 1 DAGs
[2022-12-19T19:58:06.851+0000] {logging_mixin.py:137} INFO - [2022-12-19T19:58:06.850+0000] {dag.py:3427} INFO - Setting next_dagrun for example_short_circuit_decorator to 2022-12-18T19:58:06.850564+00:00, run_after=2022-12-19T19:58:06.850564+00:00
[2022-12-19T19:58:06.875+0000] {processor.py:175} INFO - Processing /home/airflow/.local/lib/python3.7/site-packages/airflow/example_dags/example_short_circuit_decorator.py took 0.140 seconds
[2022-12-19T19:58:37.392+0000] {processor.py:153} INFO - Started process (PID=3464) to work on /home/airflow/.local/lib/python3.7/site-packages/airflow/example_dags/example_short_circuit_decorator.py
[2022-12-19T19:58:37.397+0000] {processor.py:743} INFO - Processing file /home/airflow/.local/lib/python3.7/site-packages/airflow/example_dags/example_short_circuit_decorator.py for tasks to queue
[2022-12-19T19:58:37.398+0000] {logging_mixin.py:137} INFO - [2022-12-19T19:58:37.398+0000] {dagbag.py:538} INFO - Filling up the DagBag from /home/airflow/.local/lib/python3.7/site-packages/airflow/example_dags/example_short_circuit_decorator.py
[2022-12-19T19:58:37.434+0000] {processor.py:753} INFO - DAG(s) dict_keys(['example_short_circuit_decorator']) retrieved from /home/airflow/.local/lib/python3.7/site-packages/airflow/example_dags/example_short_circuit_decorator.py
[2022-12-19T19:58:37.507+0000] {logging_mixin.py:137} INFO - [2022-12-19T19:58:37.507+0000] {dag.py:2676} INFO - Sync 1 DAGs
[2022-12-19T19:58:37.555+0000] {logging_mixin.py:137} INFO - [2022-12-19T19:58:37.555+0000] {dag.py:3427} INFO - Setting next_dagrun for example_short_circuit_decorator to 2022-12-18T19:58:37.554497+00:00, run_after=2022-12-19T19:58:37.554497+00:00
[2022-12-19T19:58:37.593+0000] {processor.py:175} INFO - Processing /home/airflow/.local/lib/python3.7/site-packages/airflow/example_dags/example_short_circuit_decorator.py took 0.210 seconds
[2022-12-19T19:59:08.483+0000] {processor.py:153} INFO - Started process (PID=3565) to work on /home/airflow/.local/lib/python3.7/site-packages/airflow/example_dags/example_short_circuit_decorator.py
[2022-12-19T19:59:08.484+0000] {processor.py:743} INFO - Processing file /home/airflow/.local/lib/python3.7/site-packages/airflow/example_dags/example_short_circuit_decorator.py for tasks to queue
[2022-12-19T19:59:08.485+0000] {logging_mixin.py:137} INFO - [2022-12-19T19:59:08.484+0000] {dagbag.py:538} INFO - Filling up the DagBag from /home/airflow/.local/lib/python3.7/site-packages/airflow/example_dags/example_short_circuit_decorator.py
[2022-12-19T19:59:08.512+0000] {processor.py:753} INFO - DAG(s) dict_keys(['example_short_circuit_decorator']) retrieved from /home/airflow/.local/lib/python3.7/site-packages/airflow/example_dags/example_short_circuit_decorator.py
[2022-12-19T19:59:08.558+0000] {logging_mixin.py:137} INFO - [2022-12-19T19:59:08.558+0000] {dag.py:2676} INFO - Sync 1 DAGs
[2022-12-19T19:59:08.589+0000] {logging_mixin.py:137} INFO - [2022-12-19T19:59:08.588+0000] {dag.py:3427} INFO - Setting next_dagrun for example_short_circuit_decorator to 2022-12-18T19:59:08.588605+00:00, run_after=2022-12-19T19:59:08.588605+00:00
[2022-12-19T19:59:08.610+0000] {processor.py:175} INFO - Processing /home/airflow/.local/lib/python3.7/site-packages/airflow/example_dags/example_short_circuit_decorator.py took 0.130 seconds
[2022-12-19T19:59:39.357+0000] {processor.py:153} INFO - Started process (PID=3651) to work on /home/airflow/.local/lib/python3.7/site-packages/airflow/example_dags/example_short_circuit_decorator.py
[2022-12-19T19:59:39.358+0000] {processor.py:743} INFO - Processing file /home/airflow/.local/lib/python3.7/site-packages/airflow/example_dags/example_short_circuit_decorator.py for tasks to queue
[2022-12-19T19:59:39.359+0000] {logging_mixin.py:137} INFO - [2022-12-19T19:59:39.359+0000] {dagbag.py:538} INFO - Filling up the DagBag from /home/airflow/.local/lib/python3.7/site-packages/airflow/example_dags/example_short_circuit_decorator.py
[2022-12-19T19:59:39.391+0000] {processor.py:753} INFO - DAG(s) dict_keys(['example_short_circuit_decorator']) retrieved from /home/airflow/.local/lib/python3.7/site-packages/airflow/example_dags/example_short_circuit_decorator.py
[2022-12-19T19:59:39.440+0000] {logging_mixin.py:137} INFO - [2022-12-19T19:59:39.440+0000] {dag.py:2676} INFO - Sync 1 DAGs
[2022-12-19T19:59:39.472+0000] {logging_mixin.py:137} INFO - [2022-12-19T19:59:39.472+0000] {dag.py:3427} INFO - Setting next_dagrun for example_short_circuit_decorator to 2022-12-18T19:59:39.471906+00:00, run_after=2022-12-19T19:59:39.471906+00:00
[2022-12-19T19:59:39.494+0000] {processor.py:175} INFO - Processing /home/airflow/.local/lib/python3.7/site-packages/airflow/example_dags/example_short_circuit_decorator.py took 0.140 seconds
[2022-12-19T20:00:09.894+0000] {processor.py:153} INFO - Started process (PID=3745) to work on /home/airflow/.local/lib/python3.7/site-packages/airflow/example_dags/example_short_circuit_decorator.py
[2022-12-19T20:00:09.895+0000] {processor.py:743} INFO - Processing file /home/airflow/.local/lib/python3.7/site-packages/airflow/example_dags/example_short_circuit_decorator.py for tasks to queue
[2022-12-19T20:00:09.895+0000] {logging_mixin.py:137} INFO - [2022-12-19T20:00:09.895+0000] {dagbag.py:538} INFO - Filling up the DagBag from /home/airflow/.local/lib/python3.7/site-packages/airflow/example_dags/example_short_circuit_decorator.py
[2022-12-19T20:00:09.973+0000] {processor.py:753} INFO - DAG(s) dict_keys(['example_short_circuit_decorator']) retrieved from /home/airflow/.local/lib/python3.7/site-packages/airflow/example_dags/example_short_circuit_decorator.py
[2022-12-19T20:00:10.075+0000] {logging_mixin.py:137} INFO - [2022-12-19T20:00:10.075+0000] {dag.py:2676} INFO - Sync 1 DAGs
[2022-12-19T20:00:10.104+0000] {logging_mixin.py:137} INFO - [2022-12-19T20:00:10.104+0000] {dag.py:3427} INFO - Setting next_dagrun for example_short_circuit_decorator to 2022-12-18T20:00:10.104207+00:00, run_after=2022-12-19T20:00:10.104207+00:00
[2022-12-19T20:00:10.188+0000] {processor.py:175} INFO - Processing /home/airflow/.local/lib/python3.7/site-packages/airflow/example_dags/example_short_circuit_decorator.py took 0.297 seconds
[2022-12-19T20:00:40.547+0000] {processor.py:153} INFO - Started process (PID=3848) to work on /home/airflow/.local/lib/python3.7/site-packages/airflow/example_dags/example_short_circuit_decorator.py
[2022-12-19T20:00:40.548+0000] {processor.py:743} INFO - Processing file /home/airflow/.local/lib/python3.7/site-packages/airflow/example_dags/example_short_circuit_decorator.py for tasks to queue
[2022-12-19T20:00:40.548+0000] {logging_mixin.py:137} INFO - [2022-12-19T20:00:40.548+0000] {dagbag.py:538} INFO - Filling up the DagBag from /home/airflow/.local/lib/python3.7/site-packages/airflow/example_dags/example_short_circuit_decorator.py
[2022-12-19T20:00:40.595+0000] {processor.py:753} INFO - DAG(s) dict_keys(['example_short_circuit_decorator']) retrieved from /home/airflow/.local/lib/python3.7/site-packages/airflow/example_dags/example_short_circuit_decorator.py
[2022-12-19T20:00:40.677+0000] {logging_mixin.py:137} INFO - [2022-12-19T20:00:40.677+0000] {dag.py:2676} INFO - Sync 1 DAGs
[2022-12-19T20:00:40.704+0000] {logging_mixin.py:137} INFO - [2022-12-19T20:00:40.704+0000] {dag.py:3427} INFO - Setting next_dagrun for example_short_circuit_decorator to 2022-12-18T20:00:40.704383+00:00, run_after=2022-12-19T20:00:40.704383+00:00
[2022-12-19T20:00:40.724+0000] {processor.py:175} INFO - Processing /home/airflow/.local/lib/python3.7/site-packages/airflow/example_dags/example_short_circuit_decorator.py took 0.180 seconds
[2022-12-19T20:01:11.641+0000] {processor.py:153} INFO - Started process (PID=3934) to work on /home/airflow/.local/lib/python3.7/site-packages/airflow/example_dags/example_short_circuit_decorator.py
[2022-12-19T20:01:11.642+0000] {processor.py:743} INFO - Processing file /home/airflow/.local/lib/python3.7/site-packages/airflow/example_dags/example_short_circuit_decorator.py for tasks to queue
[2022-12-19T20:01:11.643+0000] {logging_mixin.py:137} INFO - [2022-12-19T20:01:11.643+0000] {dagbag.py:538} INFO - Filling up the DagBag from /home/airflow/.local/lib/python3.7/site-packages/airflow/example_dags/example_short_circuit_decorator.py
[2022-12-19T20:01:11.673+0000] {processor.py:753} INFO - DAG(s) dict_keys(['example_short_circuit_decorator']) retrieved from /home/airflow/.local/lib/python3.7/site-packages/airflow/example_dags/example_short_circuit_decorator.py
[2022-12-19T20:01:11.723+0000] {logging_mixin.py:137} INFO - [2022-12-19T20:01:11.723+0000] {dag.py:2676} INFO - Sync 1 DAGs
[2022-12-19T20:01:11.758+0000] {logging_mixin.py:137} INFO - [2022-12-19T20:01:11.758+0000] {dag.py:3427} INFO - Setting next_dagrun for example_short_circuit_decorator to 2022-12-18T20:01:11.757871+00:00, run_after=2022-12-19T20:01:11.757871+00:00
[2022-12-19T20:01:11.782+0000] {processor.py:175} INFO - Processing /home/airflow/.local/lib/python3.7/site-packages/airflow/example_dags/example_short_circuit_decorator.py took 0.144 seconds
[2022-12-19T20:01:41.970+0000] {processor.py:153} INFO - Started process (PID=4045) to work on /home/airflow/.local/lib/python3.7/site-packages/airflow/example_dags/example_short_circuit_decorator.py
[2022-12-19T20:01:41.971+0000] {processor.py:743} INFO - Processing file /home/airflow/.local/lib/python3.7/site-packages/airflow/example_dags/example_short_circuit_decorator.py for tasks to queue
[2022-12-19T20:01:41.971+0000] {logging_mixin.py:137} INFO - [2022-12-19T20:01:41.971+0000] {dagbag.py:538} INFO - Filling up the DagBag from /home/airflow/.local/lib/python3.7/site-packages/airflow/example_dags/example_short_circuit_decorator.py
[2022-12-19T20:01:42.002+0000] {processor.py:753} INFO - DAG(s) dict_keys(['example_short_circuit_decorator']) retrieved from /home/airflow/.local/lib/python3.7/site-packages/airflow/example_dags/example_short_circuit_decorator.py
[2022-12-19T20:01:42.049+0000] {logging_mixin.py:137} INFO - [2022-12-19T20:01:42.049+0000] {dag.py:2676} INFO - Sync 1 DAGs
[2022-12-19T20:01:42.079+0000] {logging_mixin.py:137} INFO - [2022-12-19T20:01:42.079+0000] {dag.py:3427} INFO - Setting next_dagrun for example_short_circuit_decorator to 2022-12-18T20:01:42.078746+00:00, run_after=2022-12-19T20:01:42.078746+00:00
[2022-12-19T20:01:42.100+0000] {processor.py:175} INFO - Processing /home/airflow/.local/lib/python3.7/site-packages/airflow/example_dags/example_short_circuit_decorator.py took 0.134 seconds
[2022-12-19T20:02:12.524+0000] {processor.py:153} INFO - Started process (PID=4131) to work on /home/airflow/.local/lib/python3.7/site-packages/airflow/example_dags/example_short_circuit_decorator.py
[2022-12-19T20:02:12.525+0000] {processor.py:743} INFO - Processing file /home/airflow/.local/lib/python3.7/site-packages/airflow/example_dags/example_short_circuit_decorator.py for tasks to queue
[2022-12-19T20:02:12.525+0000] {logging_mixin.py:137} INFO - [2022-12-19T20:02:12.525+0000] {dagbag.py:538} INFO - Filling up the DagBag from /home/airflow/.local/lib/python3.7/site-packages/airflow/example_dags/example_short_circuit_decorator.py
[2022-12-19T20:02:12.554+0000] {processor.py:753} INFO - DAG(s) dict_keys(['example_short_circuit_decorator']) retrieved from /home/airflow/.local/lib/python3.7/site-packages/airflow/example_dags/example_short_circuit_decorator.py
[2022-12-19T20:02:12.603+0000] {logging_mixin.py:137} INFO - [2022-12-19T20:02:12.602+0000] {dag.py:2676} INFO - Sync 1 DAGs
[2022-12-19T20:02:12.632+0000] {logging_mixin.py:137} INFO - [2022-12-19T20:02:12.632+0000] {dag.py:3427} INFO - Setting next_dagrun for example_short_circuit_decorator to 2022-12-18T20:02:12.632042+00:00, run_after=2022-12-19T20:02:12.632042+00:00
[2022-12-19T20:02:12.659+0000] {processor.py:175} INFO - Processing /home/airflow/.local/lib/python3.7/site-packages/airflow/example_dags/example_short_circuit_decorator.py took 0.138 seconds
[2022-12-19T20:02:43.043+0000] {processor.py:153} INFO - Started process (PID=4217) to work on /home/airflow/.local/lib/python3.7/site-packages/airflow/example_dags/example_short_circuit_decorator.py
[2022-12-19T20:02:43.044+0000] {processor.py:743} INFO - Processing file /home/airflow/.local/lib/python3.7/site-packages/airflow/example_dags/example_short_circuit_decorator.py for tasks to queue
[2022-12-19T20:02:43.045+0000] {logging_mixin.py:137} INFO - [2022-12-19T20:02:43.045+0000] {dagbag.py:538} INFO - Filling up the DagBag from /home/airflow/.local/lib/python3.7/site-packages/airflow/example_dags/example_short_circuit_decorator.py
[2022-12-19T20:02:43.081+0000] {processor.py:753} INFO - DAG(s) dict_keys(['example_short_circuit_decorator']) retrieved from /home/airflow/.local/lib/python3.7/site-packages/airflow/example_dags/example_short_circuit_decorator.py
[2022-12-19T20:02:43.133+0000] {logging_mixin.py:137} INFO - [2022-12-19T20:02:43.133+0000] {dag.py:2676} INFO - Sync 1 DAGs
[2022-12-19T20:02:43.177+0000] {logging_mixin.py:137} INFO - [2022-12-19T20:02:43.176+0000] {dag.py:3427} INFO - Setting next_dagrun for example_short_circuit_decorator to 2022-12-18T20:02:43.176517+00:00, run_after=2022-12-19T20:02:43.176517+00:00
[2022-12-19T20:02:43.202+0000] {processor.py:175} INFO - Processing /home/airflow/.local/lib/python3.7/site-packages/airflow/example_dags/example_short_circuit_decorator.py took 0.163 seconds
[2022-12-19T20:03:13.642+0000] {processor.py:153} INFO - Started process (PID=4328) to work on /home/airflow/.local/lib/python3.7/site-packages/airflow/example_dags/example_short_circuit_decorator.py
[2022-12-19T20:03:13.643+0000] {processor.py:743} INFO - Processing file /home/airflow/.local/lib/python3.7/site-packages/airflow/example_dags/example_short_circuit_decorator.py for tasks to queue
[2022-12-19T20:03:13.644+0000] {logging_mixin.py:137} INFO - [2022-12-19T20:03:13.644+0000] {dagbag.py:538} INFO - Filling up the DagBag from /home/airflow/.local/lib/python3.7/site-packages/airflow/example_dags/example_short_circuit_decorator.py
[2022-12-19T20:03:13.670+0000] {processor.py:753} INFO - DAG(s) dict_keys(['example_short_circuit_decorator']) retrieved from /home/airflow/.local/lib/python3.7/site-packages/airflow/example_dags/example_short_circuit_decorator.py
[2022-12-19T20:03:13.713+0000] {logging_mixin.py:137} INFO - [2022-12-19T20:03:13.713+0000] {dag.py:2676} INFO - Sync 1 DAGs
[2022-12-19T20:03:13.742+0000] {logging_mixin.py:137} INFO - [2022-12-19T20:03:13.741+0000] {dag.py:3427} INFO - Setting next_dagrun for example_short_circuit_decorator to 2022-12-18T20:03:13.741669+00:00, run_after=2022-12-19T20:03:13.741669+00:00
[2022-12-19T20:03:13.761+0000] {processor.py:175} INFO - Processing /home/airflow/.local/lib/python3.7/site-packages/airflow/example_dags/example_short_circuit_decorator.py took 0.123 seconds
[2022-12-19T20:03:44.282+0000] {processor.py:153} INFO - Started process (PID=4414) to work on /home/airflow/.local/lib/python3.7/site-packages/airflow/example_dags/example_short_circuit_decorator.py
[2022-12-19T20:03:44.283+0000] {processor.py:743} INFO - Processing file /home/airflow/.local/lib/python3.7/site-packages/airflow/example_dags/example_short_circuit_decorator.py for tasks to queue
[2022-12-19T20:03:44.284+0000] {logging_mixin.py:137} INFO - [2022-12-19T20:03:44.284+0000] {dagbag.py:538} INFO - Filling up the DagBag from /home/airflow/.local/lib/python3.7/site-packages/airflow/example_dags/example_short_circuit_decorator.py
[2022-12-19T20:03:44.312+0000] {processor.py:753} INFO - DAG(s) dict_keys(['example_short_circuit_decorator']) retrieved from /home/airflow/.local/lib/python3.7/site-packages/airflow/example_dags/example_short_circuit_decorator.py
[2022-12-19T20:03:44.358+0000] {logging_mixin.py:137} INFO - [2022-12-19T20:03:44.358+0000] {dag.py:2676} INFO - Sync 1 DAGs
[2022-12-19T20:03:44.388+0000] {logging_mixin.py:137} INFO - [2022-12-19T20:03:44.388+0000] {dag.py:3427} INFO - Setting next_dagrun for example_short_circuit_decorator to 2022-12-18T20:03:44.388255+00:00, run_after=2022-12-19T20:03:44.388255+00:00
[2022-12-19T20:03:44.411+0000] {processor.py:175} INFO - Processing /home/airflow/.local/lib/python3.7/site-packages/airflow/example_dags/example_short_circuit_decorator.py took 0.133 seconds
[2022-12-19T20:04:14.825+0000] {processor.py:153} INFO - Started process (PID=4501) to work on /home/airflow/.local/lib/python3.7/site-packages/airflow/example_dags/example_short_circuit_decorator.py
[2022-12-19T20:04:14.826+0000] {processor.py:743} INFO - Processing file /home/airflow/.local/lib/python3.7/site-packages/airflow/example_dags/example_short_circuit_decorator.py for tasks to queue
[2022-12-19T20:04:14.827+0000] {logging_mixin.py:137} INFO - [2022-12-19T20:04:14.827+0000] {dagbag.py:538} INFO - Filling up the DagBag from /home/airflow/.local/lib/python3.7/site-packages/airflow/example_dags/example_short_circuit_decorator.py
[2022-12-19T20:04:14.852+0000] {processor.py:753} INFO - DAG(s) dict_keys(['example_short_circuit_decorator']) retrieved from /home/airflow/.local/lib/python3.7/site-packages/airflow/example_dags/example_short_circuit_decorator.py
[2022-12-19T20:04:14.893+0000] {logging_mixin.py:137} INFO - [2022-12-19T20:04:14.893+0000] {dag.py:2676} INFO - Sync 1 DAGs
[2022-12-19T20:04:14.923+0000] {logging_mixin.py:137} INFO - [2022-12-19T20:04:14.922+0000] {dag.py:3427} INFO - Setting next_dagrun for example_short_circuit_decorator to 2022-12-18T20:04:14.922689+00:00, run_after=2022-12-19T20:04:14.922689+00:00
[2022-12-19T20:04:14.950+0000] {processor.py:175} INFO - Processing /home/airflow/.local/lib/python3.7/site-packages/airflow/example_dags/example_short_circuit_decorator.py took 0.128 seconds
[2022-12-19T20:04:45.294+0000] {processor.py:153} INFO - Started process (PID=4611) to work on /home/airflow/.local/lib/python3.7/site-packages/airflow/example_dags/example_short_circuit_decorator.py
[2022-12-19T20:04:45.296+0000] {processor.py:743} INFO - Processing file /home/airflow/.local/lib/python3.7/site-packages/airflow/example_dags/example_short_circuit_decorator.py for tasks to queue
[2022-12-19T20:04:45.297+0000] {logging_mixin.py:137} INFO - [2022-12-19T20:04:45.297+0000] {dagbag.py:538} INFO - Filling up the DagBag from /home/airflow/.local/lib/python3.7/site-packages/airflow/example_dags/example_short_circuit_decorator.py
[2022-12-19T20:04:45.328+0000] {processor.py:753} INFO - DAG(s) dict_keys(['example_short_circuit_decorator']) retrieved from /home/airflow/.local/lib/python3.7/site-packages/airflow/example_dags/example_short_circuit_decorator.py
[2022-12-19T20:04:45.380+0000] {logging_mixin.py:137} INFO - [2022-12-19T20:04:45.380+0000] {dag.py:2676} INFO - Sync 1 DAGs
[2022-12-19T20:04:45.428+0000] {logging_mixin.py:137} INFO - [2022-12-19T20:04:45.428+0000] {dag.py:3427} INFO - Setting next_dagrun for example_short_circuit_decorator to 2022-12-18T20:04:45.427995+00:00, run_after=2022-12-19T20:04:45.427995+00:00
[2022-12-19T20:04:45.456+0000] {processor.py:175} INFO - Processing /home/airflow/.local/lib/python3.7/site-packages/airflow/example_dags/example_short_circuit_decorator.py took 0.165 seconds
[2022-12-19T20:05:15.831+0000] {processor.py:153} INFO - Started process (PID=4697) to work on /home/airflow/.local/lib/python3.7/site-packages/airflow/example_dags/example_short_circuit_decorator.py
[2022-12-19T20:05:15.832+0000] {processor.py:743} INFO - Processing file /home/airflow/.local/lib/python3.7/site-packages/airflow/example_dags/example_short_circuit_decorator.py for tasks to queue
[2022-12-19T20:05:15.833+0000] {logging_mixin.py:137} INFO - [2022-12-19T20:05:15.833+0000] {dagbag.py:538} INFO - Filling up the DagBag from /home/airflow/.local/lib/python3.7/site-packages/airflow/example_dags/example_short_circuit_decorator.py
[2022-12-19T20:05:15.861+0000] {processor.py:753} INFO - DAG(s) dict_keys(['example_short_circuit_decorator']) retrieved from /home/airflow/.local/lib/python3.7/site-packages/airflow/example_dags/example_short_circuit_decorator.py
[2022-12-19T20:05:15.908+0000] {logging_mixin.py:137} INFO - [2022-12-19T20:05:15.908+0000] {dag.py:2676} INFO - Sync 1 DAGs
[2022-12-19T20:05:15.938+0000] {logging_mixin.py:137} INFO - [2022-12-19T20:05:15.938+0000] {dag.py:3427} INFO - Setting next_dagrun for example_short_circuit_decorator to 2022-12-18T20:05:15.938015+00:00, run_after=2022-12-19T20:05:15.938015+00:00
[2022-12-19T20:05:15.962+0000] {processor.py:175} INFO - Processing /home/airflow/.local/lib/python3.7/site-packages/airflow/example_dags/example_short_circuit_decorator.py took 0.134 seconds
[2022-12-19T20:05:46.221+0000] {processor.py:153} INFO - Started process (PID=4792) to work on /home/airflow/.local/lib/python3.7/site-packages/airflow/example_dags/example_short_circuit_decorator.py
[2022-12-19T20:05:46.222+0000] {processor.py:743} INFO - Processing file /home/airflow/.local/lib/python3.7/site-packages/airflow/example_dags/example_short_circuit_decorator.py for tasks to queue
[2022-12-19T20:05:46.223+0000] {logging_mixin.py:137} INFO - [2022-12-19T20:05:46.222+0000] {dagbag.py:538} INFO - Filling up the DagBag from /home/airflow/.local/lib/python3.7/site-packages/airflow/example_dags/example_short_circuit_decorator.py
[2022-12-19T20:05:46.248+0000] {processor.py:753} INFO - DAG(s) dict_keys(['example_short_circuit_decorator']) retrieved from /home/airflow/.local/lib/python3.7/site-packages/airflow/example_dags/example_short_circuit_decorator.py
[2022-12-19T20:05:46.293+0000] {logging_mixin.py:137} INFO - [2022-12-19T20:05:46.292+0000] {dag.py:2676} INFO - Sync 1 DAGs
[2022-12-19T20:05:46.321+0000] {logging_mixin.py:137} INFO - [2022-12-19T20:05:46.320+0000] {dag.py:3427} INFO - Setting next_dagrun for example_short_circuit_decorator to 2022-12-18T20:05:46.320703+00:00, run_after=2022-12-19T20:05:46.320703+00:00
[2022-12-19T20:05:46.340+0000] {processor.py:175} INFO - Processing /home/airflow/.local/lib/python3.7/site-packages/airflow/example_dags/example_short_circuit_decorator.py took 0.122 seconds
[2022-12-19T20:06:16.672+0000] {processor.py:153} INFO - Started process (PID=4893) to work on /home/airflow/.local/lib/python3.7/site-packages/airflow/example_dags/example_short_circuit_decorator.py
[2022-12-19T20:06:16.673+0000] {processor.py:743} INFO - Processing file /home/airflow/.local/lib/python3.7/site-packages/airflow/example_dags/example_short_circuit_decorator.py for tasks to queue
[2022-12-19T20:06:16.673+0000] {logging_mixin.py:137} INFO - [2022-12-19T20:06:16.673+0000] {dagbag.py:538} INFO - Filling up the DagBag from /home/airflow/.local/lib/python3.7/site-packages/airflow/example_dags/example_short_circuit_decorator.py
[2022-12-19T20:06:16.704+0000] {processor.py:753} INFO - DAG(s) dict_keys(['example_short_circuit_decorator']) retrieved from /home/airflow/.local/lib/python3.7/site-packages/airflow/example_dags/example_short_circuit_decorator.py
[2022-12-19T20:06:16.758+0000] {logging_mixin.py:137} INFO - [2022-12-19T20:06:16.757+0000] {dag.py:2676} INFO - Sync 1 DAGs
[2022-12-19T20:06:16.798+0000] {logging_mixin.py:137} INFO - [2022-12-19T20:06:16.798+0000] {dag.py:3427} INFO - Setting next_dagrun for example_short_circuit_decorator to 2022-12-18T20:06:16.797776+00:00, run_after=2022-12-19T20:06:16.797776+00:00
[2022-12-19T20:06:16.824+0000] {processor.py:175} INFO - Processing /home/airflow/.local/lib/python3.7/site-packages/airflow/example_dags/example_short_circuit_decorator.py took 0.156 seconds
[2022-12-19T20:06:47.248+0000] {processor.py:153} INFO - Started process (PID=4979) to work on /home/airflow/.local/lib/python3.7/site-packages/airflow/example_dags/example_short_circuit_decorator.py
[2022-12-19T20:06:47.250+0000] {processor.py:743} INFO - Processing file /home/airflow/.local/lib/python3.7/site-packages/airflow/example_dags/example_short_circuit_decorator.py for tasks to queue
[2022-12-19T20:06:47.250+0000] {logging_mixin.py:137} INFO - [2022-12-19T20:06:47.250+0000] {dagbag.py:538} INFO - Filling up the DagBag from /home/airflow/.local/lib/python3.7/site-packages/airflow/example_dags/example_short_circuit_decorator.py
[2022-12-19T20:06:47.280+0000] {processor.py:753} INFO - DAG(s) dict_keys(['example_short_circuit_decorator']) retrieved from /home/airflow/.local/lib/python3.7/site-packages/airflow/example_dags/example_short_circuit_decorator.py
[2022-12-19T20:06:47.332+0000] {logging_mixin.py:137} INFO - [2022-12-19T20:06:47.332+0000] {dag.py:2676} INFO - Sync 1 DAGs
[2022-12-19T20:06:47.364+0000] {logging_mixin.py:137} INFO - [2022-12-19T20:06:47.364+0000] {dag.py:3427} INFO - Setting next_dagrun for example_short_circuit_decorator to 2022-12-18T20:06:47.363881+00:00, run_after=2022-12-19T20:06:47.363881+00:00
[2022-12-19T20:06:47.387+0000] {processor.py:175} INFO - Processing /home/airflow/.local/lib/python3.7/site-packages/airflow/example_dags/example_short_circuit_decorator.py took 0.141 seconds
[2022-12-19T20:07:17.826+0000] {processor.py:153} INFO - Started process (PID=5075) to work on /home/airflow/.local/lib/python3.7/site-packages/airflow/example_dags/example_short_circuit_decorator.py
[2022-12-19T20:07:17.827+0000] {processor.py:743} INFO - Processing file /home/airflow/.local/lib/python3.7/site-packages/airflow/example_dags/example_short_circuit_decorator.py for tasks to queue
[2022-12-19T20:07:17.827+0000] {logging_mixin.py:137} INFO - [2022-12-19T20:07:17.827+0000] {dagbag.py:538} INFO - Filling up the DagBag from /home/airflow/.local/lib/python3.7/site-packages/airflow/example_dags/example_short_circuit_decorator.py
[2022-12-19T20:07:17.852+0000] {processor.py:753} INFO - DAG(s) dict_keys(['example_short_circuit_decorator']) retrieved from /home/airflow/.local/lib/python3.7/site-packages/airflow/example_dags/example_short_circuit_decorator.py
[2022-12-19T20:07:17.894+0000] {logging_mixin.py:137} INFO - [2022-12-19T20:07:17.894+0000] {dag.py:2676} INFO - Sync 1 DAGs
[2022-12-19T20:07:17.979+0000] {logging_mixin.py:137} INFO - [2022-12-19T20:07:17.978+0000] {dag.py:3427} INFO - Setting next_dagrun for example_short_circuit_decorator to 2022-12-18T20:07:17.978531+00:00, run_after=2022-12-19T20:07:17.978531+00:00
[2022-12-19T20:07:18.081+0000] {processor.py:175} INFO - Processing /home/airflow/.local/lib/python3.7/site-packages/airflow/example_dags/example_short_circuit_decorator.py took 0.258 seconds
[2022-12-19T20:07:48.899+0000] {processor.py:153} INFO - Started process (PID=5176) to work on /home/airflow/.local/lib/python3.7/site-packages/airflow/example_dags/example_short_circuit_decorator.py
[2022-12-19T20:07:48.900+0000] {processor.py:743} INFO - Processing file /home/airflow/.local/lib/python3.7/site-packages/airflow/example_dags/example_short_circuit_decorator.py for tasks to queue
[2022-12-19T20:07:48.901+0000] {logging_mixin.py:137} INFO - [2022-12-19T20:07:48.901+0000] {dagbag.py:538} INFO - Filling up the DagBag from /home/airflow/.local/lib/python3.7/site-packages/airflow/example_dags/example_short_circuit_decorator.py
[2022-12-19T20:07:48.928+0000] {processor.py:753} INFO - DAG(s) dict_keys(['example_short_circuit_decorator']) retrieved from /home/airflow/.local/lib/python3.7/site-packages/airflow/example_dags/example_short_circuit_decorator.py
[2022-12-19T20:07:48.973+0000] {logging_mixin.py:137} INFO - [2022-12-19T20:07:48.973+0000] {dag.py:2676} INFO - Sync 1 DAGs
[2022-12-19T20:07:49.076+0000] {logging_mixin.py:137} INFO - [2022-12-19T20:07:49.076+0000] {dag.py:3427} INFO - Setting next_dagrun for example_short_circuit_decorator to 2022-12-18T20:07:49.075720+00:00, run_after=2022-12-19T20:07:49.075720+00:00
[2022-12-19T20:07:49.099+0000] {processor.py:175} INFO - Processing /home/airflow/.local/lib/python3.7/site-packages/airflow/example_dags/example_short_circuit_decorator.py took 0.202 seconds
[2022-12-19T20:08:19.493+0000] {processor.py:153} INFO - Started process (PID=5262) to work on /home/airflow/.local/lib/python3.7/site-packages/airflow/example_dags/example_short_circuit_decorator.py
[2022-12-19T20:08:19.494+0000] {processor.py:743} INFO - Processing file /home/airflow/.local/lib/python3.7/site-packages/airflow/example_dags/example_short_circuit_decorator.py for tasks to queue
[2022-12-19T20:08:19.494+0000] {logging_mixin.py:137} INFO - [2022-12-19T20:08:19.494+0000] {dagbag.py:538} INFO - Filling up the DagBag from /home/airflow/.local/lib/python3.7/site-packages/airflow/example_dags/example_short_circuit_decorator.py
[2022-12-19T20:08:19.524+0000] {processor.py:753} INFO - DAG(s) dict_keys(['example_short_circuit_decorator']) retrieved from /home/airflow/.local/lib/python3.7/site-packages/airflow/example_dags/example_short_circuit_decorator.py
[2022-12-19T20:08:19.567+0000] {logging_mixin.py:137} INFO - [2022-12-19T20:08:19.567+0000] {dag.py:2676} INFO - Sync 1 DAGs
[2022-12-19T20:08:19.603+0000] {logging_mixin.py:137} INFO - [2022-12-19T20:08:19.603+0000] {dag.py:3427} INFO - Setting next_dagrun for example_short_circuit_decorator to 2022-12-18T20:08:19.603231+00:00, run_after=2022-12-19T20:08:19.603231+00:00
[2022-12-19T20:08:19.633+0000] {processor.py:175} INFO - Processing /home/airflow/.local/lib/python3.7/site-packages/airflow/example_dags/example_short_circuit_decorator.py took 0.144 seconds
[2022-12-19T20:08:50.000+0000] {processor.py:153} INFO - Started process (PID=5372) to work on /home/airflow/.local/lib/python3.7/site-packages/airflow/example_dags/example_short_circuit_decorator.py
[2022-12-19T20:08:50.002+0000] {processor.py:743} INFO - Processing file /home/airflow/.local/lib/python3.7/site-packages/airflow/example_dags/example_short_circuit_decorator.py for tasks to queue
[2022-12-19T20:08:50.003+0000] {logging_mixin.py:137} INFO - [2022-12-19T20:08:50.002+0000] {dagbag.py:538} INFO - Filling up the DagBag from /home/airflow/.local/lib/python3.7/site-packages/airflow/example_dags/example_short_circuit_decorator.py
[2022-12-19T20:08:50.043+0000] {processor.py:753} INFO - DAG(s) dict_keys(['example_short_circuit_decorator']) retrieved from /home/airflow/.local/lib/python3.7/site-packages/airflow/example_dags/example_short_circuit_decorator.py
[2022-12-19T20:08:50.112+0000] {logging_mixin.py:137} INFO - [2022-12-19T20:08:50.111+0000] {dag.py:2676} INFO - Sync 1 DAGs
[2022-12-19T20:08:50.152+0000] {logging_mixin.py:137} INFO - [2022-12-19T20:08:50.152+0000] {dag.py:3427} INFO - Setting next_dagrun for example_short_circuit_decorator to 2022-12-18T20:08:50.151772+00:00, run_after=2022-12-19T20:08:50.151772+00:00
[2022-12-19T20:08:50.180+0000] {processor.py:175} INFO - Processing /home/airflow/.local/lib/python3.7/site-packages/airflow/example_dags/example_short_circuit_decorator.py took 0.184 seconds
[2022-12-19T20:09:20.370+0000] {processor.py:153} INFO - Started process (PID=5458) to work on /home/airflow/.local/lib/python3.7/site-packages/airflow/example_dags/example_short_circuit_decorator.py
[2022-12-19T20:09:20.371+0000] {processor.py:743} INFO - Processing file /home/airflow/.local/lib/python3.7/site-packages/airflow/example_dags/example_short_circuit_decorator.py for tasks to queue
[2022-12-19T20:09:20.372+0000] {logging_mixin.py:137} INFO - [2022-12-19T20:09:20.372+0000] {dagbag.py:538} INFO - Filling up the DagBag from /home/airflow/.local/lib/python3.7/site-packages/airflow/example_dags/example_short_circuit_decorator.py
[2022-12-19T20:09:20.408+0000] {processor.py:753} INFO - DAG(s) dict_keys(['example_short_circuit_decorator']) retrieved from /home/airflow/.local/lib/python3.7/site-packages/airflow/example_dags/example_short_circuit_decorator.py
[2022-12-19T20:09:20.454+0000] {logging_mixin.py:137} INFO - [2022-12-19T20:09:20.453+0000] {dag.py:2676} INFO - Sync 1 DAGs
[2022-12-19T20:09:20.488+0000] {logging_mixin.py:137} INFO - [2022-12-19T20:09:20.488+0000] {dag.py:3427} INFO - Setting next_dagrun for example_short_circuit_decorator to 2022-12-18T20:09:20.488413+00:00, run_after=2022-12-19T20:09:20.488413+00:00
[2022-12-19T20:09:20.510+0000] {processor.py:175} INFO - Processing /home/airflow/.local/lib/python3.7/site-packages/airflow/example_dags/example_short_circuit_decorator.py took 0.144 seconds
[2022-12-19T20:09:50.560+0000] {processor.py:153} INFO - Started process (PID=5544) to work on /home/airflow/.local/lib/python3.7/site-packages/airflow/example_dags/example_short_circuit_decorator.py
[2022-12-19T20:09:50.560+0000] {processor.py:743} INFO - Processing file /home/airflow/.local/lib/python3.7/site-packages/airflow/example_dags/example_short_circuit_decorator.py for tasks to queue
[2022-12-19T20:09:50.561+0000] {logging_mixin.py:137} INFO - [2022-12-19T20:09:50.561+0000] {dagbag.py:538} INFO - Filling up the DagBag from /home/airflow/.local/lib/python3.7/site-packages/airflow/example_dags/example_short_circuit_decorator.py
[2022-12-19T20:09:50.591+0000] {processor.py:753} INFO - DAG(s) dict_keys(['example_short_circuit_decorator']) retrieved from /home/airflow/.local/lib/python3.7/site-packages/airflow/example_dags/example_short_circuit_decorator.py
[2022-12-19T20:09:50.633+0000] {logging_mixin.py:137} INFO - [2022-12-19T20:09:50.633+0000] {dag.py:2676} INFO - Sync 1 DAGs
[2022-12-19T20:09:50.664+0000] {logging_mixin.py:137} INFO - [2022-12-19T20:09:50.664+0000] {dag.py:3427} INFO - Setting next_dagrun for example_short_circuit_decorator to 2022-12-18T20:09:50.663848+00:00, run_after=2022-12-19T20:09:50.663848+00:00
[2022-12-19T20:09:50.685+0000] {processor.py:175} INFO - Processing /home/airflow/.local/lib/python3.7/site-packages/airflow/example_dags/example_short_circuit_decorator.py took 0.129 seconds
[2022-12-19T20:10:21.066+0000] {processor.py:153} INFO - Started process (PID=5654) to work on /home/airflow/.local/lib/python3.7/site-packages/airflow/example_dags/example_short_circuit_decorator.py
[2022-12-19T20:10:21.067+0000] {processor.py:743} INFO - Processing file /home/airflow/.local/lib/python3.7/site-packages/airflow/example_dags/example_short_circuit_decorator.py for tasks to queue
[2022-12-19T20:10:21.067+0000] {logging_mixin.py:137} INFO - [2022-12-19T20:10:21.067+0000] {dagbag.py:538} INFO - Filling up the DagBag from /home/airflow/.local/lib/python3.7/site-packages/airflow/example_dags/example_short_circuit_decorator.py
[2022-12-19T20:10:21.095+0000] {processor.py:753} INFO - DAG(s) dict_keys(['example_short_circuit_decorator']) retrieved from /home/airflow/.local/lib/python3.7/site-packages/airflow/example_dags/example_short_circuit_decorator.py
[2022-12-19T20:10:21.137+0000] {logging_mixin.py:137} INFO - [2022-12-19T20:10:21.137+0000] {dag.py:2676} INFO - Sync 1 DAGs
[2022-12-19T20:10:21.165+0000] {logging_mixin.py:137} INFO - [2022-12-19T20:10:21.165+0000] {dag.py:3427} INFO - Setting next_dagrun for example_short_circuit_decorator to 2022-12-18T20:10:21.164804+00:00, run_after=2022-12-19T20:10:21.164804+00:00
[2022-12-19T20:10:21.185+0000] {processor.py:175} INFO - Processing /home/airflow/.local/lib/python3.7/site-packages/airflow/example_dags/example_short_circuit_decorator.py took 0.123 seconds
[2022-12-19T20:10:52.085+0000] {processor.py:153} INFO - Started process (PID=5740) to work on /home/airflow/.local/lib/python3.7/site-packages/airflow/example_dags/example_short_circuit_decorator.py
[2022-12-19T20:10:52.086+0000] {processor.py:743} INFO - Processing file /home/airflow/.local/lib/python3.7/site-packages/airflow/example_dags/example_short_circuit_decorator.py for tasks to queue
[2022-12-19T20:10:52.087+0000] {logging_mixin.py:137} INFO - [2022-12-19T20:10:52.087+0000] {dagbag.py:538} INFO - Filling up the DagBag from /home/airflow/.local/lib/python3.7/site-packages/airflow/example_dags/example_short_circuit_decorator.py
[2022-12-19T20:10:52.117+0000] {processor.py:753} INFO - DAG(s) dict_keys(['example_short_circuit_decorator']) retrieved from /home/airflow/.local/lib/python3.7/site-packages/airflow/example_dags/example_short_circuit_decorator.py
[2022-12-19T20:10:52.158+0000] {logging_mixin.py:137} INFO - [2022-12-19T20:10:52.157+0000] {dag.py:2676} INFO - Sync 1 DAGs
[2022-12-19T20:10:52.188+0000] {logging_mixin.py:137} INFO - [2022-12-19T20:10:52.188+0000] {dag.py:3427} INFO - Setting next_dagrun for example_short_circuit_decorator to 2022-12-18T20:10:52.188293+00:00, run_after=2022-12-19T20:10:52.188293+00:00
[2022-12-19T20:10:52.209+0000] {processor.py:175} INFO - Processing /home/airflow/.local/lib/python3.7/site-packages/airflow/example_dags/example_short_circuit_decorator.py took 0.127 seconds
[2022-12-19T20:11:22.344+0000] {processor.py:153} INFO - Started process (PID=5833) to work on /home/airflow/.local/lib/python3.7/site-packages/airflow/example_dags/example_short_circuit_decorator.py
[2022-12-19T20:11:22.345+0000] {processor.py:743} INFO - Processing file /home/airflow/.local/lib/python3.7/site-packages/airflow/example_dags/example_short_circuit_decorator.py for tasks to queue
[2022-12-19T20:11:22.345+0000] {logging_mixin.py:137} INFO - [2022-12-19T20:11:22.345+0000] {dagbag.py:538} INFO - Filling up the DagBag from /home/airflow/.local/lib/python3.7/site-packages/airflow/example_dags/example_short_circuit_decorator.py
[2022-12-19T20:11:22.370+0000] {processor.py:753} INFO - DAG(s) dict_keys(['example_short_circuit_decorator']) retrieved from /home/airflow/.local/lib/python3.7/site-packages/airflow/example_dags/example_short_circuit_decorator.py
[2022-12-19T20:11:22.409+0000] {logging_mixin.py:137} INFO - [2022-12-19T20:11:22.409+0000] {dag.py:2676} INFO - Sync 1 DAGs
[2022-12-19T20:11:22.436+0000] {logging_mixin.py:137} INFO - [2022-12-19T20:11:22.436+0000] {dag.py:3427} INFO - Setting next_dagrun for example_short_circuit_decorator to 2022-12-18T20:11:22.436354+00:00, run_after=2022-12-19T20:11:22.436354+00:00
[2022-12-19T20:11:22.454+0000] {processor.py:175} INFO - Processing /home/airflow/.local/lib/python3.7/site-packages/airflow/example_dags/example_short_circuit_decorator.py took 0.113 seconds
[2022-12-19T20:11:52.597+0000] {processor.py:153} INFO - Started process (PID=5937) to work on /home/airflow/.local/lib/python3.7/site-packages/airflow/example_dags/example_short_circuit_decorator.py
[2022-12-19T20:11:52.598+0000] {processor.py:743} INFO - Processing file /home/airflow/.local/lib/python3.7/site-packages/airflow/example_dags/example_short_circuit_decorator.py for tasks to queue
[2022-12-19T20:11:52.599+0000] {logging_mixin.py:137} INFO - [2022-12-19T20:11:52.598+0000] {dagbag.py:538} INFO - Filling up the DagBag from /home/airflow/.local/lib/python3.7/site-packages/airflow/example_dags/example_short_circuit_decorator.py
[2022-12-19T20:11:52.625+0000] {processor.py:753} INFO - DAG(s) dict_keys(['example_short_circuit_decorator']) retrieved from /home/airflow/.local/lib/python3.7/site-packages/airflow/example_dags/example_short_circuit_decorator.py
[2022-12-19T20:11:52.668+0000] {logging_mixin.py:137} INFO - [2022-12-19T20:11:52.667+0000] {dag.py:2676} INFO - Sync 1 DAGs
[2022-12-19T20:11:52.695+0000] {logging_mixin.py:137} INFO - [2022-12-19T20:11:52.695+0000] {dag.py:3427} INFO - Setting next_dagrun for example_short_circuit_decorator to 2022-12-18T20:11:52.694988+00:00, run_after=2022-12-19T20:11:52.694988+00:00
[2022-12-19T20:11:52.714+0000] {processor.py:175} INFO - Processing /home/airflow/.local/lib/python3.7/site-packages/airflow/example_dags/example_short_circuit_decorator.py took 0.120 seconds
[2022-12-19T20:12:22.969+0000] {processor.py:153} INFO - Started process (PID=6023) to work on /home/airflow/.local/lib/python3.7/site-packages/airflow/example_dags/example_short_circuit_decorator.py
[2022-12-19T20:12:22.970+0000] {processor.py:743} INFO - Processing file /home/airflow/.local/lib/python3.7/site-packages/airflow/example_dags/example_short_circuit_decorator.py for tasks to queue
[2022-12-19T20:12:22.971+0000] {logging_mixin.py:137} INFO - [2022-12-19T20:12:22.971+0000] {dagbag.py:538} INFO - Filling up the DagBag from /home/airflow/.local/lib/python3.7/site-packages/airflow/example_dags/example_short_circuit_decorator.py
[2022-12-19T20:12:22.998+0000] {processor.py:753} INFO - DAG(s) dict_keys(['example_short_circuit_decorator']) retrieved from /home/airflow/.local/lib/python3.7/site-packages/airflow/example_dags/example_short_circuit_decorator.py
[2022-12-19T20:12:23.043+0000] {logging_mixin.py:137} INFO - [2022-12-19T20:12:23.042+0000] {dag.py:2676} INFO - Sync 1 DAGs
[2022-12-19T20:12:23.072+0000] {logging_mixin.py:137} INFO - [2022-12-19T20:12:23.072+0000] {dag.py:3427} INFO - Setting next_dagrun for example_short_circuit_decorator to 2022-12-18T20:12:23.071808+00:00, run_after=2022-12-19T20:12:23.071808+00:00
[2022-12-19T20:12:23.094+0000] {processor.py:175} INFO - Processing /home/airflow/.local/lib/python3.7/site-packages/airflow/example_dags/example_short_circuit_decorator.py took 0.129 seconds
[2022-12-19T20:12:53.229+0000] {processor.py:153} INFO - Started process (PID=6133) to work on /home/airflow/.local/lib/python3.7/site-packages/airflow/example_dags/example_short_circuit_decorator.py
[2022-12-19T20:12:53.230+0000] {processor.py:743} INFO - Processing file /home/airflow/.local/lib/python3.7/site-packages/airflow/example_dags/example_short_circuit_decorator.py for tasks to queue
[2022-12-19T20:12:53.231+0000] {logging_mixin.py:137} INFO - [2022-12-19T20:12:53.231+0000] {dagbag.py:538} INFO - Filling up the DagBag from /home/airflow/.local/lib/python3.7/site-packages/airflow/example_dags/example_short_circuit_decorator.py
[2022-12-19T20:12:53.261+0000] {processor.py:753} INFO - DAG(s) dict_keys(['example_short_circuit_decorator']) retrieved from /home/airflow/.local/lib/python3.7/site-packages/airflow/example_dags/example_short_circuit_decorator.py
[2022-12-19T20:12:53.304+0000] {logging_mixin.py:137} INFO - [2022-12-19T20:12:53.304+0000] {dag.py:2676} INFO - Sync 1 DAGs
[2022-12-19T20:12:53.337+0000] {logging_mixin.py:137} INFO - [2022-12-19T20:12:53.337+0000] {dag.py:3427} INFO - Setting next_dagrun for example_short_circuit_decorator to 2022-12-18T20:12:53.337001+00:00, run_after=2022-12-19T20:12:53.337001+00:00
[2022-12-19T20:12:53.369+0000] {processor.py:175} INFO - Processing /home/airflow/.local/lib/python3.7/site-packages/airflow/example_dags/example_short_circuit_decorator.py took 0.143 seconds
[2022-12-19T20:13:23.799+0000] {processor.py:153} INFO - Started process (PID=6219) to work on /home/airflow/.local/lib/python3.7/site-packages/airflow/example_dags/example_short_circuit_decorator.py
[2022-12-19T20:13:23.800+0000] {processor.py:743} INFO - Processing file /home/airflow/.local/lib/python3.7/site-packages/airflow/example_dags/example_short_circuit_decorator.py for tasks to queue
[2022-12-19T20:13:23.800+0000] {logging_mixin.py:137} INFO - [2022-12-19T20:13:23.800+0000] {dagbag.py:538} INFO - Filling up the DagBag from /home/airflow/.local/lib/python3.7/site-packages/airflow/example_dags/example_short_circuit_decorator.py
[2022-12-19T20:13:23.829+0000] {processor.py:753} INFO - DAG(s) dict_keys(['example_short_circuit_decorator']) retrieved from /home/airflow/.local/lib/python3.7/site-packages/airflow/example_dags/example_short_circuit_decorator.py
[2022-12-19T20:13:23.878+0000] {logging_mixin.py:137} INFO - [2022-12-19T20:13:23.878+0000] {dag.py:2676} INFO - Sync 1 DAGs
[2022-12-19T20:13:23.915+0000] {logging_mixin.py:137} INFO - [2022-12-19T20:13:23.914+0000] {dag.py:3427} INFO - Setting next_dagrun for example_short_circuit_decorator to 2022-12-18T20:13:23.914767+00:00, run_after=2022-12-19T20:13:23.914767+00:00
[2022-12-19T20:13:23.933+0000] {processor.py:175} INFO - Processing /home/airflow/.local/lib/python3.7/site-packages/airflow/example_dags/example_short_circuit_decorator.py took 0.137 seconds
[2022-12-19T20:13:54.038+0000] {processor.py:153} INFO - Started process (PID=6305) to work on /home/airflow/.local/lib/python3.7/site-packages/airflow/example_dags/example_short_circuit_decorator.py
[2022-12-19T20:13:54.039+0000] {processor.py:743} INFO - Processing file /home/airflow/.local/lib/python3.7/site-packages/airflow/example_dags/example_short_circuit_decorator.py for tasks to queue
[2022-12-19T20:13:54.039+0000] {logging_mixin.py:137} INFO - [2022-12-19T20:13:54.039+0000] {dagbag.py:538} INFO - Filling up the DagBag from /home/airflow/.local/lib/python3.7/site-packages/airflow/example_dags/example_short_circuit_decorator.py
[2022-12-19T20:13:54.067+0000] {processor.py:753} INFO - DAG(s) dict_keys(['example_short_circuit_decorator']) retrieved from /home/airflow/.local/lib/python3.7/site-packages/airflow/example_dags/example_short_circuit_decorator.py
[2022-12-19T20:13:54.108+0000] {logging_mixin.py:137} INFO - [2022-12-19T20:13:54.107+0000] {dag.py:2676} INFO - Sync 1 DAGs
[2022-12-19T20:13:54.139+0000] {logging_mixin.py:137} INFO - [2022-12-19T20:13:54.139+0000] {dag.py:3427} INFO - Setting next_dagrun for example_short_circuit_decorator to 2022-12-18T20:13:54.139419+00:00, run_after=2022-12-19T20:13:54.139419+00:00
[2022-12-19T20:13:54.160+0000] {processor.py:175} INFO - Processing /home/airflow/.local/lib/python3.7/site-packages/airflow/example_dags/example_short_circuit_decorator.py took 0.125 seconds
[2022-12-19T20:14:24.322+0000] {processor.py:153} INFO - Started process (PID=6415) to work on /home/airflow/.local/lib/python3.7/site-packages/airflow/example_dags/example_short_circuit_decorator.py
[2022-12-19T20:14:24.322+0000] {processor.py:743} INFO - Processing file /home/airflow/.local/lib/python3.7/site-packages/airflow/example_dags/example_short_circuit_decorator.py for tasks to queue
[2022-12-19T20:14:24.323+0000] {logging_mixin.py:137} INFO - [2022-12-19T20:14:24.323+0000] {dagbag.py:538} INFO - Filling up the DagBag from /home/airflow/.local/lib/python3.7/site-packages/airflow/example_dags/example_short_circuit_decorator.py
[2022-12-19T20:14:24.349+0000] {processor.py:753} INFO - DAG(s) dict_keys(['example_short_circuit_decorator']) retrieved from /home/airflow/.local/lib/python3.7/site-packages/airflow/example_dags/example_short_circuit_decorator.py
[2022-12-19T20:14:24.393+0000] {logging_mixin.py:137} INFO - [2022-12-19T20:14:24.393+0000] {dag.py:2676} INFO - Sync 1 DAGs
[2022-12-19T20:14:24.421+0000] {logging_mixin.py:137} INFO - [2022-12-19T20:14:24.421+0000] {dag.py:3427} INFO - Setting next_dagrun for example_short_circuit_decorator to 2022-12-18T20:14:24.420866+00:00, run_after=2022-12-19T20:14:24.420866+00:00
[2022-12-19T20:14:24.441+0000] {processor.py:175} INFO - Processing /home/airflow/.local/lib/python3.7/site-packages/airflow/example_dags/example_short_circuit_decorator.py took 0.122 seconds
[2022-12-19T20:14:54.727+0000] {processor.py:153} INFO - Started process (PID=6501) to work on /home/airflow/.local/lib/python3.7/site-packages/airflow/example_dags/example_short_circuit_decorator.py
[2022-12-19T20:14:54.728+0000] {processor.py:743} INFO - Processing file /home/airflow/.local/lib/python3.7/site-packages/airflow/example_dags/example_short_circuit_decorator.py for tasks to queue
[2022-12-19T20:14:54.729+0000] {logging_mixin.py:137} INFO - [2022-12-19T20:14:54.729+0000] {dagbag.py:538} INFO - Filling up the DagBag from /home/airflow/.local/lib/python3.7/site-packages/airflow/example_dags/example_short_circuit_decorator.py
[2022-12-19T20:14:54.754+0000] {processor.py:753} INFO - DAG(s) dict_keys(['example_short_circuit_decorator']) retrieved from /home/airflow/.local/lib/python3.7/site-packages/airflow/example_dags/example_short_circuit_decorator.py
[2022-12-19T20:14:54.796+0000] {logging_mixin.py:137} INFO - [2022-12-19T20:14:54.796+0000] {dag.py:2676} INFO - Sync 1 DAGs
[2022-12-19T20:14:54.827+0000] {logging_mixin.py:137} INFO - [2022-12-19T20:14:54.826+0000] {dag.py:3427} INFO - Setting next_dagrun for example_short_circuit_decorator to 2022-12-18T20:14:54.826709+00:00, run_after=2022-12-19T20:14:54.826709+00:00
[2022-12-19T20:14:54.848+0000] {processor.py:175} INFO - Processing /home/airflow/.local/lib/python3.7/site-packages/airflow/example_dags/example_short_circuit_decorator.py took 0.124 seconds
[2022-12-19T20:15:24.923+0000] {processor.py:153} INFO - Started process (PID=6587) to work on /home/airflow/.local/lib/python3.7/site-packages/airflow/example_dags/example_short_circuit_decorator.py
[2022-12-19T20:15:24.924+0000] {processor.py:743} INFO - Processing file /home/airflow/.local/lib/python3.7/site-packages/airflow/example_dags/example_short_circuit_decorator.py for tasks to queue
[2022-12-19T20:15:24.925+0000] {logging_mixin.py:137} INFO - [2022-12-19T20:15:24.924+0000] {dagbag.py:538} INFO - Filling up the DagBag from /home/airflow/.local/lib/python3.7/site-packages/airflow/example_dags/example_short_circuit_decorator.py
[2022-12-19T20:15:24.956+0000] {processor.py:753} INFO - DAG(s) dict_keys(['example_short_circuit_decorator']) retrieved from /home/airflow/.local/lib/python3.7/site-packages/airflow/example_dags/example_short_circuit_decorator.py
[2022-12-19T20:15:25.002+0000] {logging_mixin.py:137} INFO - [2022-12-19T20:15:25.001+0000] {dag.py:2676} INFO - Sync 1 DAGs
[2022-12-19T20:15:25.034+0000] {logging_mixin.py:137} INFO - [2022-12-19T20:15:25.034+0000] {dag.py:3427} INFO - Setting next_dagrun for example_short_circuit_decorator to 2022-12-18T20:15:25.034464+00:00, run_after=2022-12-19T20:15:25.034464+00:00
[2022-12-19T20:15:25.057+0000] {processor.py:175} INFO - Processing /home/airflow/.local/lib/python3.7/site-packages/airflow/example_dags/example_short_circuit_decorator.py took 0.137 seconds
[2022-12-19T20:15:56.409+0000] {processor.py:153} INFO - Started process (PID=6697) to work on /home/airflow/.local/lib/python3.7/site-packages/airflow/example_dags/example_short_circuit_decorator.py
[2022-12-19T20:15:56.410+0000] {processor.py:743} INFO - Processing file /home/airflow/.local/lib/python3.7/site-packages/airflow/example_dags/example_short_circuit_decorator.py for tasks to queue
[2022-12-19T20:15:56.411+0000] {logging_mixin.py:137} INFO - [2022-12-19T20:15:56.411+0000] {dagbag.py:538} INFO - Filling up the DagBag from /home/airflow/.local/lib/python3.7/site-packages/airflow/example_dags/example_short_circuit_decorator.py
[2022-12-19T20:15:56.446+0000] {processor.py:753} INFO - DAG(s) dict_keys(['example_short_circuit_decorator']) retrieved from /home/airflow/.local/lib/python3.7/site-packages/airflow/example_dags/example_short_circuit_decorator.py
[2022-12-19T20:15:56.493+0000] {logging_mixin.py:137} INFO - [2022-12-19T20:15:56.493+0000] {dag.py:2676} INFO - Sync 1 DAGs
[2022-12-19T20:15:56.527+0000] {logging_mixin.py:137} INFO - [2022-12-19T20:15:56.526+0000] {dag.py:3427} INFO - Setting next_dagrun for example_short_circuit_decorator to 2022-12-18T20:15:56.526594+00:00, run_after=2022-12-19T20:15:56.526594+00:00
[2022-12-19T20:15:56.550+0000] {processor.py:175} INFO - Processing /home/airflow/.local/lib/python3.7/site-packages/airflow/example_dags/example_short_circuit_decorator.py took 0.145 seconds
[2022-12-19T20:16:26.665+0000] {processor.py:153} INFO - Started process (PID=6783) to work on /home/airflow/.local/lib/python3.7/site-packages/airflow/example_dags/example_short_circuit_decorator.py
[2022-12-19T20:16:26.666+0000] {processor.py:743} INFO - Processing file /home/airflow/.local/lib/python3.7/site-packages/airflow/example_dags/example_short_circuit_decorator.py for tasks to queue
[2022-12-19T20:16:26.667+0000] {logging_mixin.py:137} INFO - [2022-12-19T20:16:26.667+0000] {dagbag.py:538} INFO - Filling up the DagBag from /home/airflow/.local/lib/python3.7/site-packages/airflow/example_dags/example_short_circuit_decorator.py
[2022-12-19T20:16:26.697+0000] {processor.py:753} INFO - DAG(s) dict_keys(['example_short_circuit_decorator']) retrieved from /home/airflow/.local/lib/python3.7/site-packages/airflow/example_dags/example_short_circuit_decorator.py
[2022-12-19T20:16:26.739+0000] {logging_mixin.py:137} INFO - [2022-12-19T20:16:26.739+0000] {dag.py:2676} INFO - Sync 1 DAGs
[2022-12-19T20:16:26.766+0000] {logging_mixin.py:137} INFO - [2022-12-19T20:16:26.766+0000] {dag.py:3427} INFO - Setting next_dagrun for example_short_circuit_decorator to 2022-12-18T20:16:26.766404+00:00, run_after=2022-12-19T20:16:26.766404+00:00
[2022-12-19T20:16:26.787+0000] {processor.py:175} INFO - Processing /home/airflow/.local/lib/python3.7/site-packages/airflow/example_dags/example_short_circuit_decorator.py took 0.126 seconds
[2022-12-19T20:16:57.733+0000] {processor.py:153} INFO - Started process (PID=6893) to work on /home/airflow/.local/lib/python3.7/site-packages/airflow/example_dags/example_short_circuit_decorator.py
[2022-12-19T20:16:57.735+0000] {processor.py:743} INFO - Processing file /home/airflow/.local/lib/python3.7/site-packages/airflow/example_dags/example_short_circuit_decorator.py for tasks to queue
[2022-12-19T20:16:57.736+0000] {logging_mixin.py:137} INFO - [2022-12-19T20:16:57.735+0000] {dagbag.py:538} INFO - Filling up the DagBag from /home/airflow/.local/lib/python3.7/site-packages/airflow/example_dags/example_short_circuit_decorator.py
[2022-12-19T20:16:57.775+0000] {processor.py:753} INFO - DAG(s) dict_keys(['example_short_circuit_decorator']) retrieved from /home/airflow/.local/lib/python3.7/site-packages/airflow/example_dags/example_short_circuit_decorator.py
[2022-12-19T20:16:57.836+0000] {logging_mixin.py:137} INFO - [2022-12-19T20:16:57.836+0000] {dag.py:2676} INFO - Sync 1 DAGs
[2022-12-19T20:16:57.881+0000] {logging_mixin.py:137} INFO - [2022-12-19T20:16:57.880+0000] {dag.py:3427} INFO - Setting next_dagrun for example_short_circuit_decorator to 2022-12-18T20:16:57.880333+00:00, run_after=2022-12-19T20:16:57.880333+00:00
[2022-12-19T20:16:57.913+0000] {processor.py:175} INFO - Processing /home/airflow/.local/lib/python3.7/site-packages/airflow/example_dags/example_short_circuit_decorator.py took 0.183 seconds
[2022-12-19T20:17:28.057+0000] {processor.py:153} INFO - Started process (PID=6979) to work on /home/airflow/.local/lib/python3.7/site-packages/airflow/example_dags/example_short_circuit_decorator.py
[2022-12-19T20:17:28.058+0000] {processor.py:743} INFO - Processing file /home/airflow/.local/lib/python3.7/site-packages/airflow/example_dags/example_short_circuit_decorator.py for tasks to queue
[2022-12-19T20:17:28.059+0000] {logging_mixin.py:137} INFO - [2022-12-19T20:17:28.058+0000] {dagbag.py:538} INFO - Filling up the DagBag from /home/airflow/.local/lib/python3.7/site-packages/airflow/example_dags/example_short_circuit_decorator.py
[2022-12-19T20:17:28.093+0000] {processor.py:753} INFO - DAG(s) dict_keys(['example_short_circuit_decorator']) retrieved from /home/airflow/.local/lib/python3.7/site-packages/airflow/example_dags/example_short_circuit_decorator.py
[2022-12-19T20:17:28.150+0000] {logging_mixin.py:137} INFO - [2022-12-19T20:17:28.149+0000] {dag.py:2676} INFO - Sync 1 DAGs
[2022-12-19T20:17:28.189+0000] {logging_mixin.py:137} INFO - [2022-12-19T20:17:28.189+0000] {dag.py:3427} INFO - Setting next_dagrun for example_short_circuit_decorator to 2022-12-18T20:17:28.188659+00:00, run_after=2022-12-19T20:17:28.188659+00:00
[2022-12-19T20:17:28.215+0000] {processor.py:175} INFO - Processing /home/airflow/.local/lib/python3.7/site-packages/airflow/example_dags/example_short_circuit_decorator.py took 0.162 seconds
[2022-12-19T20:17:58.724+0000] {processor.py:153} INFO - Started process (PID=7065) to work on /home/airflow/.local/lib/python3.7/site-packages/airflow/example_dags/example_short_circuit_decorator.py
[2022-12-19T20:17:58.725+0000] {processor.py:743} INFO - Processing file /home/airflow/.local/lib/python3.7/site-packages/airflow/example_dags/example_short_circuit_decorator.py for tasks to queue
[2022-12-19T20:17:58.725+0000] {logging_mixin.py:137} INFO - [2022-12-19T20:17:58.725+0000] {dagbag.py:538} INFO - Filling up the DagBag from /home/airflow/.local/lib/python3.7/site-packages/airflow/example_dags/example_short_circuit_decorator.py
[2022-12-19T20:17:58.750+0000] {processor.py:753} INFO - DAG(s) dict_keys(['example_short_circuit_decorator']) retrieved from /home/airflow/.local/lib/python3.7/site-packages/airflow/example_dags/example_short_circuit_decorator.py
[2022-12-19T20:17:58.790+0000] {logging_mixin.py:137} INFO - [2022-12-19T20:17:58.790+0000] {dag.py:2676} INFO - Sync 1 DAGs
[2022-12-19T20:17:58.818+0000] {logging_mixin.py:137} INFO - [2022-12-19T20:17:58.818+0000] {dag.py:3427} INFO - Setting next_dagrun for example_short_circuit_decorator to 2022-12-18T20:17:58.817821+00:00, run_after=2022-12-19T20:17:58.817821+00:00
[2022-12-19T20:17:58.836+0000] {processor.py:175} INFO - Processing /home/airflow/.local/lib/python3.7/site-packages/airflow/example_dags/example_short_circuit_decorator.py took 0.115 seconds
[2022-12-19T20:18:28.927+0000] {processor.py:153} INFO - Started process (PID=7151) to work on /home/airflow/.local/lib/python3.7/site-packages/airflow/example_dags/example_short_circuit_decorator.py
[2022-12-19T20:18:28.928+0000] {processor.py:743} INFO - Processing file /home/airflow/.local/lib/python3.7/site-packages/airflow/example_dags/example_short_circuit_decorator.py for tasks to queue
[2022-12-19T20:18:28.928+0000] {logging_mixin.py:137} INFO - [2022-12-19T20:18:28.928+0000] {dagbag.py:538} INFO - Filling up the DagBag from /home/airflow/.local/lib/python3.7/site-packages/airflow/example_dags/example_short_circuit_decorator.py
[2022-12-19T20:18:28.953+0000] {processor.py:753} INFO - DAG(s) dict_keys(['example_short_circuit_decorator']) retrieved from /home/airflow/.local/lib/python3.7/site-packages/airflow/example_dags/example_short_circuit_decorator.py
[2022-12-19T20:18:28.997+0000] {logging_mixin.py:137} INFO - [2022-12-19T20:18:28.997+0000] {dag.py:2676} INFO - Sync 1 DAGs
[2022-12-19T20:18:29.026+0000] {logging_mixin.py:137} INFO - [2022-12-19T20:18:29.025+0000] {dag.py:3427} INFO - Setting next_dagrun for example_short_circuit_decorator to 2022-12-18T20:18:29.025535+00:00, run_after=2022-12-19T20:18:29.025535+00:00
[2022-12-19T20:18:29.048+0000] {processor.py:175} INFO - Processing /home/airflow/.local/lib/python3.7/site-packages/airflow/example_dags/example_short_circuit_decorator.py took 0.124 seconds
[2022-12-19T20:18:59.156+0000] {processor.py:153} INFO - Started process (PID=7261) to work on /home/airflow/.local/lib/python3.7/site-packages/airflow/example_dags/example_short_circuit_decorator.py
[2022-12-19T20:18:59.157+0000] {processor.py:743} INFO - Processing file /home/airflow/.local/lib/python3.7/site-packages/airflow/example_dags/example_short_circuit_decorator.py for tasks to queue
[2022-12-19T20:18:59.158+0000] {logging_mixin.py:137} INFO - [2022-12-19T20:18:59.158+0000] {dagbag.py:538} INFO - Filling up the DagBag from /home/airflow/.local/lib/python3.7/site-packages/airflow/example_dags/example_short_circuit_decorator.py
[2022-12-19T20:18:59.185+0000] {processor.py:753} INFO - DAG(s) dict_keys(['example_short_circuit_decorator']) retrieved from /home/airflow/.local/lib/python3.7/site-packages/airflow/example_dags/example_short_circuit_decorator.py
[2022-12-19T20:18:59.225+0000] {logging_mixin.py:137} INFO - [2022-12-19T20:18:59.225+0000] {dag.py:2676} INFO - Sync 1 DAGs
[2022-12-19T20:18:59.258+0000] {logging_mixin.py:137} INFO - [2022-12-19T20:18:59.257+0000] {dag.py:3427} INFO - Setting next_dagrun for example_short_circuit_decorator to 2022-12-18T20:18:59.257571+00:00, run_after=2022-12-19T20:18:59.257571+00:00
[2022-12-19T20:18:59.278+0000] {processor.py:175} INFO - Processing /home/airflow/.local/lib/python3.7/site-packages/airflow/example_dags/example_short_circuit_decorator.py took 0.125 seconds
[2022-12-19T20:19:29.440+0000] {processor.py:153} INFO - Started process (PID=7347) to work on /home/airflow/.local/lib/python3.7/site-packages/airflow/example_dags/example_short_circuit_decorator.py
[2022-12-19T20:19:29.441+0000] {processor.py:743} INFO - Processing file /home/airflow/.local/lib/python3.7/site-packages/airflow/example_dags/example_short_circuit_decorator.py for tasks to queue
[2022-12-19T20:19:29.441+0000] {logging_mixin.py:137} INFO - [2022-12-19T20:19:29.441+0000] {dagbag.py:538} INFO - Filling up the DagBag from /home/airflow/.local/lib/python3.7/site-packages/airflow/example_dags/example_short_circuit_decorator.py
[2022-12-19T20:19:29.467+0000] {processor.py:753} INFO - DAG(s) dict_keys(['example_short_circuit_decorator']) retrieved from /home/airflow/.local/lib/python3.7/site-packages/airflow/example_dags/example_short_circuit_decorator.py
[2022-12-19T20:19:29.507+0000] {logging_mixin.py:137} INFO - [2022-12-19T20:19:29.507+0000] {dag.py:2676} INFO - Sync 1 DAGs
[2022-12-19T20:19:29.536+0000] {logging_mixin.py:137} INFO - [2022-12-19T20:19:29.536+0000] {dag.py:3427} INFO - Setting next_dagrun for example_short_circuit_decorator to 2022-12-18T20:19:29.535988+00:00, run_after=2022-12-19T20:19:29.535988+00:00
[2022-12-19T20:19:29.557+0000] {processor.py:175} INFO - Processing /home/airflow/.local/lib/python3.7/site-packages/airflow/example_dags/example_short_circuit_decorator.py took 0.120 seconds
[2022-12-19T20:20:00.325+0000] {processor.py:153} INFO - Started process (PID=7457) to work on /home/airflow/.local/lib/python3.7/site-packages/airflow/example_dags/example_short_circuit_decorator.py
[2022-12-19T20:20:00.325+0000] {processor.py:743} INFO - Processing file /home/airflow/.local/lib/python3.7/site-packages/airflow/example_dags/example_short_circuit_decorator.py for tasks to queue
[2022-12-19T20:20:00.326+0000] {logging_mixin.py:137} INFO - [2022-12-19T20:20:00.326+0000] {dagbag.py:538} INFO - Filling up the DagBag from /home/airflow/.local/lib/python3.7/site-packages/airflow/example_dags/example_short_circuit_decorator.py
[2022-12-19T20:20:00.353+0000] {processor.py:753} INFO - DAG(s) dict_keys(['example_short_circuit_decorator']) retrieved from /home/airflow/.local/lib/python3.7/site-packages/airflow/example_dags/example_short_circuit_decorator.py
[2022-12-19T20:20:00.395+0000] {logging_mixin.py:137} INFO - [2022-12-19T20:20:00.395+0000] {dag.py:2676} INFO - Sync 1 DAGs
[2022-12-19T20:20:00.423+0000] {logging_mixin.py:137} INFO - [2022-12-19T20:20:00.423+0000] {dag.py:3427} INFO - Setting next_dagrun for example_short_circuit_decorator to 2022-12-18T20:20:00.423477+00:00, run_after=2022-12-19T20:20:00.423477+00:00
[2022-12-19T20:20:00.441+0000] {processor.py:175} INFO - Processing /home/airflow/.local/lib/python3.7/site-packages/airflow/example_dags/example_short_circuit_decorator.py took 0.119 seconds
