[2022-12-19T19:45:44.114+0000] {processor.py:153} INFO - Started process (PID=1144) to work on /home/airflow/.local/lib/python3.7/site-packages/airflow/example_dags/example_branch_operator.py
[2022-12-19T19:45:44.115+0000] {processor.py:743} INFO - Processing file /home/airflow/.local/lib/python3.7/site-packages/airflow/example_dags/example_branch_operator.py for tasks to queue
[2022-12-19T19:45:44.116+0000] {logging_mixin.py:137} INFO - [2022-12-19T19:45:44.116+0000] {dagbag.py:538} INFO - Filling up the DagBag from /home/airflow/.local/lib/python3.7/site-packages/airflow/example_dags/example_branch_operator.py
[2022-12-19T19:45:44.137+0000] {processor.py:753} INFO - DAG(s) dict_keys(['example_branch_operator']) retrieved from /home/airflow/.local/lib/python3.7/site-packages/airflow/example_dags/example_branch_operator.py
[2022-12-19T19:45:44.273+0000] {logging_mixin.py:137} INFO - [2022-12-19T19:45:44.272+0000] {dag.py:2676} INFO - Sync 1 DAGs
[2022-12-19T19:45:44.319+0000] {logging_mixin.py:137} INFO - [2022-12-19T19:45:44.319+0000] {dag.py:3427} INFO - Setting next_dagrun for example_branch_operator to 2022-12-18T00:00:00+00:00, run_after=2022-12-19T00:00:00+00:00
[2022-12-19T19:45:44.399+0000] {processor.py:175} INFO - Processing /home/airflow/.local/lib/python3.7/site-packages/airflow/example_dags/example_branch_operator.py took 0.288 seconds
[2022-12-19T19:46:15.294+0000] {processor.py:153} INFO - Started process (PID=1230) to work on /home/airflow/.local/lib/python3.7/site-packages/airflow/example_dags/example_branch_operator.py
[2022-12-19T19:46:15.296+0000] {processor.py:743} INFO - Processing file /home/airflow/.local/lib/python3.7/site-packages/airflow/example_dags/example_branch_operator.py for tasks to queue
[2022-12-19T19:46:15.302+0000] {logging_mixin.py:137} INFO - [2022-12-19T19:46:15.302+0000] {dagbag.py:538} INFO - Filling up the DagBag from /home/airflow/.local/lib/python3.7/site-packages/airflow/example_dags/example_branch_operator.py
[2022-12-19T19:46:15.394+0000] {processor.py:753} INFO - DAG(s) dict_keys(['example_branch_operator']) retrieved from /home/airflow/.local/lib/python3.7/site-packages/airflow/example_dags/example_branch_operator.py
[2022-12-19T19:46:15.701+0000] {logging_mixin.py:137} INFO - [2022-12-19T19:46:15.700+0000] {dag.py:2676} INFO - Sync 1 DAGs
[2022-12-19T19:46:15.822+0000] {logging_mixin.py:137} INFO - [2022-12-19T19:46:15.822+0000] {dag.py:3427} INFO - Setting next_dagrun for example_branch_operator to 2022-12-18T00:00:00+00:00, run_after=2022-12-19T00:00:00+00:00
[2022-12-19T19:46:15.901+0000] {processor.py:175} INFO - Processing /home/airflow/.local/lib/python3.7/site-packages/airflow/example_dags/example_branch_operator.py took 0.615 seconds
[2022-12-19T19:46:46.130+0000] {processor.py:153} INFO - Started process (PID=1316) to work on /home/airflow/.local/lib/python3.7/site-packages/airflow/example_dags/example_branch_operator.py
[2022-12-19T19:46:46.131+0000] {processor.py:743} INFO - Processing file /home/airflow/.local/lib/python3.7/site-packages/airflow/example_dags/example_branch_operator.py for tasks to queue
[2022-12-19T19:46:46.133+0000] {logging_mixin.py:137} INFO - [2022-12-19T19:46:46.132+0000] {dagbag.py:538} INFO - Filling up the DagBag from /home/airflow/.local/lib/python3.7/site-packages/airflow/example_dags/example_branch_operator.py
[2022-12-19T19:46:46.225+0000] {processor.py:753} INFO - DAG(s) dict_keys(['example_branch_operator']) retrieved from /home/airflow/.local/lib/python3.7/site-packages/airflow/example_dags/example_branch_operator.py
[2022-12-19T19:46:46.368+0000] {logging_mixin.py:137} INFO - [2022-12-19T19:46:46.368+0000] {dag.py:2676} INFO - Sync 1 DAGs
[2022-12-19T19:46:46.587+0000] {logging_mixin.py:137} INFO - [2022-12-19T19:46:46.587+0000] {dag.py:3427} INFO - Setting next_dagrun for example_branch_operator to 2022-12-18T00:00:00+00:00, run_after=2022-12-19T00:00:00+00:00
[2022-12-19T19:46:46.787+0000] {processor.py:175} INFO - Processing /home/airflow/.local/lib/python3.7/site-packages/airflow/example_dags/example_branch_operator.py took 0.689 seconds
[2022-12-19T19:47:17.582+0000] {processor.py:153} INFO - Started process (PID=1402) to work on /home/airflow/.local/lib/python3.7/site-packages/airflow/example_dags/example_branch_operator.py
[2022-12-19T19:47:17.584+0000] {processor.py:743} INFO - Processing file /home/airflow/.local/lib/python3.7/site-packages/airflow/example_dags/example_branch_operator.py for tasks to queue
[2022-12-19T19:47:17.585+0000] {logging_mixin.py:137} INFO - [2022-12-19T19:47:17.585+0000] {dagbag.py:538} INFO - Filling up the DagBag from /home/airflow/.local/lib/python3.7/site-packages/airflow/example_dags/example_branch_operator.py
[2022-12-19T19:47:17.606+0000] {processor.py:753} INFO - DAG(s) dict_keys(['example_branch_operator']) retrieved from /home/airflow/.local/lib/python3.7/site-packages/airflow/example_dags/example_branch_operator.py
[2022-12-19T19:47:17.711+0000] {logging_mixin.py:137} INFO - [2022-12-19T19:47:17.711+0000] {dag.py:2676} INFO - Sync 1 DAGs
[2022-12-19T19:47:17.815+0000] {logging_mixin.py:137} INFO - [2022-12-19T19:47:17.815+0000] {dag.py:3427} INFO - Setting next_dagrun for example_branch_operator to 2022-12-18T00:00:00+00:00, run_after=2022-12-19T00:00:00+00:00
[2022-12-19T19:47:17.899+0000] {processor.py:175} INFO - Processing /home/airflow/.local/lib/python3.7/site-packages/airflow/example_dags/example_branch_operator.py took 0.331 seconds
[2022-12-19T19:47:47.954+0000] {processor.py:153} INFO - Started process (PID=1488) to work on /home/airflow/.local/lib/python3.7/site-packages/airflow/example_dags/example_branch_operator.py
[2022-12-19T19:47:47.955+0000] {processor.py:743} INFO - Processing file /home/airflow/.local/lib/python3.7/site-packages/airflow/example_dags/example_branch_operator.py for tasks to queue
[2022-12-19T19:47:47.956+0000] {logging_mixin.py:137} INFO - [2022-12-19T19:47:47.956+0000] {dagbag.py:538} INFO - Filling up the DagBag from /home/airflow/.local/lib/python3.7/site-packages/airflow/example_dags/example_branch_operator.py
[2022-12-19T19:47:47.977+0000] {processor.py:753} INFO - DAG(s) dict_keys(['example_branch_operator']) retrieved from /home/airflow/.local/lib/python3.7/site-packages/airflow/example_dags/example_branch_operator.py
[2022-12-19T19:47:48.033+0000] {logging_mixin.py:137} INFO - [2022-12-19T19:47:48.033+0000] {dag.py:2676} INFO - Sync 1 DAGs
[2022-12-19T19:47:48.071+0000] {logging_mixin.py:137} INFO - [2022-12-19T19:47:48.071+0000] {dag.py:3427} INFO - Setting next_dagrun for example_branch_operator to 2022-12-18T00:00:00+00:00, run_after=2022-12-19T00:00:00+00:00
[2022-12-19T19:47:48.101+0000] {processor.py:175} INFO - Processing /home/airflow/.local/lib/python3.7/site-packages/airflow/example_dags/example_branch_operator.py took 0.151 seconds
[2022-12-19T19:48:18.503+0000] {processor.py:153} INFO - Started process (PID=1574) to work on /home/airflow/.local/lib/python3.7/site-packages/airflow/example_dags/example_branch_operator.py
[2022-12-19T19:48:18.504+0000] {processor.py:743} INFO - Processing file /home/airflow/.local/lib/python3.7/site-packages/airflow/example_dags/example_branch_operator.py for tasks to queue
[2022-12-19T19:48:18.505+0000] {logging_mixin.py:137} INFO - [2022-12-19T19:48:18.505+0000] {dagbag.py:538} INFO - Filling up the DagBag from /home/airflow/.local/lib/python3.7/site-packages/airflow/example_dags/example_branch_operator.py
[2022-12-19T19:48:18.528+0000] {processor.py:753} INFO - DAG(s) dict_keys(['example_branch_operator']) retrieved from /home/airflow/.local/lib/python3.7/site-packages/airflow/example_dags/example_branch_operator.py
[2022-12-19T19:48:18.603+0000] {logging_mixin.py:137} INFO - [2022-12-19T19:48:18.603+0000] {dag.py:2676} INFO - Sync 1 DAGs
[2022-12-19T19:48:18.685+0000] {logging_mixin.py:137} INFO - [2022-12-19T19:48:18.685+0000] {dag.py:3427} INFO - Setting next_dagrun for example_branch_operator to 2022-12-18T00:00:00+00:00, run_after=2022-12-19T00:00:00+00:00
[2022-12-19T19:48:18.708+0000] {processor.py:175} INFO - Processing /home/airflow/.local/lib/python3.7/site-packages/airflow/example_dags/example_branch_operator.py took 0.209 seconds
[2022-12-19T19:48:48.964+0000] {processor.py:153} INFO - Started process (PID=1660) to work on /home/airflow/.local/lib/python3.7/site-packages/airflow/example_dags/example_branch_operator.py
[2022-12-19T19:48:48.965+0000] {processor.py:743} INFO - Processing file /home/airflow/.local/lib/python3.7/site-packages/airflow/example_dags/example_branch_operator.py for tasks to queue
[2022-12-19T19:48:48.965+0000] {logging_mixin.py:137} INFO - [2022-12-19T19:48:48.965+0000] {dagbag.py:538} INFO - Filling up the DagBag from /home/airflow/.local/lib/python3.7/site-packages/airflow/example_dags/example_branch_operator.py
[2022-12-19T19:48:48.997+0000] {processor.py:753} INFO - DAG(s) dict_keys(['example_branch_operator']) retrieved from /home/airflow/.local/lib/python3.7/site-packages/airflow/example_dags/example_branch_operator.py
[2022-12-19T19:48:49.046+0000] {logging_mixin.py:137} INFO - [2022-12-19T19:48:49.045+0000] {dag.py:2676} INFO - Sync 1 DAGs
[2022-12-19T19:48:49.090+0000] {logging_mixin.py:137} INFO - [2022-12-19T19:48:49.090+0000] {dag.py:3427} INFO - Setting next_dagrun for example_branch_operator to 2022-12-18T00:00:00+00:00, run_after=2022-12-19T00:00:00+00:00
[2022-12-19T19:48:49.119+0000] {processor.py:175} INFO - Processing /home/airflow/.local/lib/python3.7/site-packages/airflow/example_dags/example_branch_operator.py took 0.158 seconds
[2022-12-19T19:49:20.110+0000] {processor.py:153} INFO - Started process (PID=1746) to work on /home/airflow/.local/lib/python3.7/site-packages/airflow/example_dags/example_branch_operator.py
[2022-12-19T19:49:20.111+0000] {processor.py:743} INFO - Processing file /home/airflow/.local/lib/python3.7/site-packages/airflow/example_dags/example_branch_operator.py for tasks to queue
[2022-12-19T19:49:20.112+0000] {logging_mixin.py:137} INFO - [2022-12-19T19:49:20.112+0000] {dagbag.py:538} INFO - Filling up the DagBag from /home/airflow/.local/lib/python3.7/site-packages/airflow/example_dags/example_branch_operator.py
[2022-12-19T19:49:20.131+0000] {processor.py:753} INFO - DAG(s) dict_keys(['example_branch_operator']) retrieved from /home/airflow/.local/lib/python3.7/site-packages/airflow/example_dags/example_branch_operator.py
[2022-12-19T19:49:20.178+0000] {logging_mixin.py:137} INFO - [2022-12-19T19:49:20.177+0000] {dag.py:2676} INFO - Sync 1 DAGs
[2022-12-19T19:49:20.220+0000] {logging_mixin.py:137} INFO - [2022-12-19T19:49:20.220+0000] {dag.py:3427} INFO - Setting next_dagrun for example_branch_operator to 2022-12-18T00:00:00+00:00, run_after=2022-12-19T00:00:00+00:00
[2022-12-19T19:49:20.244+0000] {processor.py:175} INFO - Processing /home/airflow/.local/lib/python3.7/site-packages/airflow/example_dags/example_branch_operator.py took 0.137 seconds
[2022-12-19T19:49:51.174+0000] {processor.py:153} INFO - Started process (PID=1841) to work on /home/airflow/.local/lib/python3.7/site-packages/airflow/example_dags/example_branch_operator.py
[2022-12-19T19:49:51.175+0000] {processor.py:743} INFO - Processing file /home/airflow/.local/lib/python3.7/site-packages/airflow/example_dags/example_branch_operator.py for tasks to queue
[2022-12-19T19:49:51.177+0000] {logging_mixin.py:137} INFO - [2022-12-19T19:49:51.176+0000] {dagbag.py:538} INFO - Filling up the DagBag from /home/airflow/.local/lib/python3.7/site-packages/airflow/example_dags/example_branch_operator.py
[2022-12-19T19:49:51.199+0000] {processor.py:753} INFO - DAG(s) dict_keys(['example_branch_operator']) retrieved from /home/airflow/.local/lib/python3.7/site-packages/airflow/example_dags/example_branch_operator.py
[2022-12-19T19:49:51.246+0000] {logging_mixin.py:137} INFO - [2022-12-19T19:49:51.246+0000] {dag.py:2676} INFO - Sync 1 DAGs
[2022-12-19T19:49:51.282+0000] {logging_mixin.py:137} INFO - [2022-12-19T19:49:51.281+0000] {dag.py:3427} INFO - Setting next_dagrun for example_branch_operator to 2022-12-18T00:00:00+00:00, run_after=2022-12-19T00:00:00+00:00
[2022-12-19T19:49:51.303+0000] {processor.py:175} INFO - Processing /home/airflow/.local/lib/python3.7/site-packages/airflow/example_dags/example_branch_operator.py took 0.150 seconds
[2022-12-19T19:50:21.925+0000] {processor.py:153} INFO - Started process (PID=1941) to work on /home/airflow/.local/lib/python3.7/site-packages/airflow/example_dags/example_branch_operator.py
[2022-12-19T19:50:21.926+0000] {processor.py:743} INFO - Processing file /home/airflow/.local/lib/python3.7/site-packages/airflow/example_dags/example_branch_operator.py for tasks to queue
[2022-12-19T19:50:21.927+0000] {logging_mixin.py:137} INFO - [2022-12-19T19:50:21.927+0000] {dagbag.py:538} INFO - Filling up the DagBag from /home/airflow/.local/lib/python3.7/site-packages/airflow/example_dags/example_branch_operator.py
[2022-12-19T19:50:21.979+0000] {processor.py:753} INFO - DAG(s) dict_keys(['example_branch_operator']) retrieved from /home/airflow/.local/lib/python3.7/site-packages/airflow/example_dags/example_branch_operator.py
[2022-12-19T19:50:22.026+0000] {logging_mixin.py:137} INFO - [2022-12-19T19:50:22.025+0000] {dag.py:2676} INFO - Sync 1 DAGs
[2022-12-19T19:50:22.099+0000] {logging_mixin.py:137} INFO - [2022-12-19T19:50:22.099+0000] {dag.py:3427} INFO - Setting next_dagrun for example_branch_operator to 2022-12-18T00:00:00+00:00, run_after=2022-12-19T00:00:00+00:00
[2022-12-19T19:50:22.121+0000] {processor.py:175} INFO - Processing /home/airflow/.local/lib/python3.7/site-packages/airflow/example_dags/example_branch_operator.py took 0.200 seconds
[2022-12-19T19:50:52.960+0000] {processor.py:153} INFO - Started process (PID=2027) to work on /home/airflow/.local/lib/python3.7/site-packages/airflow/example_dags/example_branch_operator.py
[2022-12-19T19:50:52.961+0000] {processor.py:743} INFO - Processing file /home/airflow/.local/lib/python3.7/site-packages/airflow/example_dags/example_branch_operator.py for tasks to queue
[2022-12-19T19:50:52.961+0000] {logging_mixin.py:137} INFO - [2022-12-19T19:50:52.961+0000] {dagbag.py:538} INFO - Filling up the DagBag from /home/airflow/.local/lib/python3.7/site-packages/airflow/example_dags/example_branch_operator.py
[2022-12-19T19:50:52.982+0000] {processor.py:753} INFO - DAG(s) dict_keys(['example_branch_operator']) retrieved from /home/airflow/.local/lib/python3.7/site-packages/airflow/example_dags/example_branch_operator.py
[2022-12-19T19:50:53.022+0000] {logging_mixin.py:137} INFO - [2022-12-19T19:50:53.021+0000] {dag.py:2676} INFO - Sync 1 DAGs
[2022-12-19T19:50:53.049+0000] {logging_mixin.py:137} INFO - [2022-12-19T19:50:53.049+0000] {dag.py:3427} INFO - Setting next_dagrun for example_branch_operator to 2022-12-18T00:00:00+00:00, run_after=2022-12-19T00:00:00+00:00
[2022-12-19T19:50:53.068+0000] {processor.py:175} INFO - Processing /home/airflow/.local/lib/python3.7/site-packages/airflow/example_dags/example_branch_operator.py took 0.112 seconds
[2022-12-19T19:51:23.766+0000] {processor.py:153} INFO - Started process (PID=2120) to work on /home/airflow/.local/lib/python3.7/site-packages/airflow/example_dags/example_branch_operator.py
[2022-12-19T19:51:23.767+0000] {processor.py:743} INFO - Processing file /home/airflow/.local/lib/python3.7/site-packages/airflow/example_dags/example_branch_operator.py for tasks to queue
[2022-12-19T19:51:23.767+0000] {logging_mixin.py:137} INFO - [2022-12-19T19:51:23.767+0000] {dagbag.py:538} INFO - Filling up the DagBag from /home/airflow/.local/lib/python3.7/site-packages/airflow/example_dags/example_branch_operator.py
[2022-12-19T19:51:23.785+0000] {processor.py:753} INFO - DAG(s) dict_keys(['example_branch_operator']) retrieved from /home/airflow/.local/lib/python3.7/site-packages/airflow/example_dags/example_branch_operator.py
[2022-12-19T19:51:23.829+0000] {logging_mixin.py:137} INFO - [2022-12-19T19:51:23.828+0000] {dag.py:2676} INFO - Sync 1 DAGs
[2022-12-19T19:51:23.860+0000] {logging_mixin.py:137} INFO - [2022-12-19T19:51:23.860+0000] {dag.py:3427} INFO - Setting next_dagrun for example_branch_operator to 2022-12-18T00:00:00+00:00, run_after=2022-12-19T00:00:00+00:00
[2022-12-19T19:51:23.880+0000] {processor.py:175} INFO - Processing /home/airflow/.local/lib/python3.7/site-packages/airflow/example_dags/example_branch_operator.py took 0.117 seconds
[2022-12-19T19:51:54.749+0000] {processor.py:153} INFO - Started process (PID=2223) to work on /home/airflow/.local/lib/python3.7/site-packages/airflow/example_dags/example_branch_operator.py
[2022-12-19T19:51:54.750+0000] {processor.py:743} INFO - Processing file /home/airflow/.local/lib/python3.7/site-packages/airflow/example_dags/example_branch_operator.py for tasks to queue
[2022-12-19T19:51:54.750+0000] {logging_mixin.py:137} INFO - [2022-12-19T19:51:54.750+0000] {dagbag.py:538} INFO - Filling up the DagBag from /home/airflow/.local/lib/python3.7/site-packages/airflow/example_dags/example_branch_operator.py
[2022-12-19T19:51:54.770+0000] {processor.py:753} INFO - DAG(s) dict_keys(['example_branch_operator']) retrieved from /home/airflow/.local/lib/python3.7/site-packages/airflow/example_dags/example_branch_operator.py
[2022-12-19T19:51:54.826+0000] {logging_mixin.py:137} INFO - [2022-12-19T19:51:54.825+0000] {dag.py:2676} INFO - Sync 1 DAGs
[2022-12-19T19:51:54.855+0000] {logging_mixin.py:137} INFO - [2022-12-19T19:51:54.855+0000] {dag.py:3427} INFO - Setting next_dagrun for example_branch_operator to 2022-12-18T00:00:00+00:00, run_after=2022-12-19T00:00:00+00:00
[2022-12-19T19:51:54.895+0000] {processor.py:175} INFO - Processing /home/airflow/.local/lib/python3.7/site-packages/airflow/example_dags/example_branch_operator.py took 0.149 seconds
[2022-12-19T19:52:25.134+0000] {processor.py:153} INFO - Started process (PID=2309) to work on /home/airflow/.local/lib/python3.7/site-packages/airflow/example_dags/example_branch_operator.py
[2022-12-19T19:52:25.135+0000] {processor.py:743} INFO - Processing file /home/airflow/.local/lib/python3.7/site-packages/airflow/example_dags/example_branch_operator.py for tasks to queue
[2022-12-19T19:52:25.136+0000] {logging_mixin.py:137} INFO - [2022-12-19T19:52:25.136+0000] {dagbag.py:538} INFO - Filling up the DagBag from /home/airflow/.local/lib/python3.7/site-packages/airflow/example_dags/example_branch_operator.py
[2022-12-19T19:52:25.155+0000] {processor.py:753} INFO - DAG(s) dict_keys(['example_branch_operator']) retrieved from /home/airflow/.local/lib/python3.7/site-packages/airflow/example_dags/example_branch_operator.py
[2022-12-19T19:52:25.211+0000] {logging_mixin.py:137} INFO - [2022-12-19T19:52:25.211+0000] {dag.py:2676} INFO - Sync 1 DAGs
[2022-12-19T19:52:25.244+0000] {logging_mixin.py:137} INFO - [2022-12-19T19:52:25.243+0000] {dag.py:3427} INFO - Setting next_dagrun for example_branch_operator to 2022-12-18T00:00:00+00:00, run_after=2022-12-19T00:00:00+00:00
[2022-12-19T19:52:25.262+0000] {processor.py:175} INFO - Processing /home/airflow/.local/lib/python3.7/site-packages/airflow/example_dags/example_branch_operator.py took 0.131 seconds
[2022-12-19T19:52:55.745+0000] {processor.py:153} INFO - Started process (PID=2395) to work on /home/airflow/.local/lib/python3.7/site-packages/airflow/example_dags/example_branch_operator.py
[2022-12-19T19:52:55.746+0000] {processor.py:743} INFO - Processing file /home/airflow/.local/lib/python3.7/site-packages/airflow/example_dags/example_branch_operator.py for tasks to queue
[2022-12-19T19:52:55.747+0000] {logging_mixin.py:137} INFO - [2022-12-19T19:52:55.747+0000] {dagbag.py:538} INFO - Filling up the DagBag from /home/airflow/.local/lib/python3.7/site-packages/airflow/example_dags/example_branch_operator.py
[2022-12-19T19:52:55.764+0000] {processor.py:753} INFO - DAG(s) dict_keys(['example_branch_operator']) retrieved from /home/airflow/.local/lib/python3.7/site-packages/airflow/example_dags/example_branch_operator.py
[2022-12-19T19:52:55.815+0000] {logging_mixin.py:137} INFO - [2022-12-19T19:52:55.815+0000] {dag.py:2676} INFO - Sync 1 DAGs
[2022-12-19T19:52:55.845+0000] {logging_mixin.py:137} INFO - [2022-12-19T19:52:55.845+0000] {dag.py:3427} INFO - Setting next_dagrun for example_branch_operator to 2022-12-18T00:00:00+00:00, run_after=2022-12-19T00:00:00+00:00
[2022-12-19T19:52:55.863+0000] {processor.py:175} INFO - Processing /home/airflow/.local/lib/python3.7/site-packages/airflow/example_dags/example_branch_operator.py took 0.122 seconds
[2022-12-19T19:53:26.551+0000] {processor.py:153} INFO - Started process (PID=2505) to work on /home/airflow/.local/lib/python3.7/site-packages/airflow/example_dags/example_branch_operator.py
[2022-12-19T19:53:26.552+0000] {processor.py:743} INFO - Processing file /home/airflow/.local/lib/python3.7/site-packages/airflow/example_dags/example_branch_operator.py for tasks to queue
[2022-12-19T19:53:26.553+0000] {logging_mixin.py:137} INFO - [2022-12-19T19:53:26.553+0000] {dagbag.py:538} INFO - Filling up the DagBag from /home/airflow/.local/lib/python3.7/site-packages/airflow/example_dags/example_branch_operator.py
[2022-12-19T19:53:26.587+0000] {processor.py:753} INFO - DAG(s) dict_keys(['example_branch_operator']) retrieved from /home/airflow/.local/lib/python3.7/site-packages/airflow/example_dags/example_branch_operator.py
[2022-12-19T19:53:26.631+0000] {logging_mixin.py:137} INFO - [2022-12-19T19:53:26.631+0000] {dag.py:2676} INFO - Sync 1 DAGs
[2022-12-19T19:53:26.661+0000] {logging_mixin.py:137} INFO - [2022-12-19T19:53:26.661+0000] {dag.py:3427} INFO - Setting next_dagrun for example_branch_operator to 2022-12-18T00:00:00+00:00, run_after=2022-12-19T00:00:00+00:00
[2022-12-19T19:53:26.694+0000] {processor.py:175} INFO - Processing /home/airflow/.local/lib/python3.7/site-packages/airflow/example_dags/example_branch_operator.py took 0.145 seconds
[2022-12-19T19:53:56.886+0000] {processor.py:153} INFO - Started process (PID=2591) to work on /home/airflow/.local/lib/python3.7/site-packages/airflow/example_dags/example_branch_operator.py
[2022-12-19T19:53:56.887+0000] {processor.py:743} INFO - Processing file /home/airflow/.local/lib/python3.7/site-packages/airflow/example_dags/example_branch_operator.py for tasks to queue
[2022-12-19T19:53:56.888+0000] {logging_mixin.py:137} INFO - [2022-12-19T19:53:56.888+0000] {dagbag.py:538} INFO - Filling up the DagBag from /home/airflow/.local/lib/python3.7/site-packages/airflow/example_dags/example_branch_operator.py
[2022-12-19T19:53:56.906+0000] {processor.py:753} INFO - DAG(s) dict_keys(['example_branch_operator']) retrieved from /home/airflow/.local/lib/python3.7/site-packages/airflow/example_dags/example_branch_operator.py
[2022-12-19T19:53:56.958+0000] {logging_mixin.py:137} INFO - [2022-12-19T19:53:56.958+0000] {dag.py:2676} INFO - Sync 1 DAGs
[2022-12-19T19:53:57.001+0000] {logging_mixin.py:137} INFO - [2022-12-19T19:53:57.001+0000] {dag.py:3427} INFO - Setting next_dagrun for example_branch_operator to 2022-12-18T00:00:00+00:00, run_after=2022-12-19T00:00:00+00:00
[2022-12-19T19:53:57.028+0000] {processor.py:175} INFO - Processing /home/airflow/.local/lib/python3.7/site-packages/airflow/example_dags/example_branch_operator.py took 0.146 seconds
[2022-12-19T19:54:27.091+0000] {processor.py:153} INFO - Started process (PID=2677) to work on /home/airflow/.local/lib/python3.7/site-packages/airflow/example_dags/example_branch_operator.py
[2022-12-19T19:54:27.092+0000] {processor.py:743} INFO - Processing file /home/airflow/.local/lib/python3.7/site-packages/airflow/example_dags/example_branch_operator.py for tasks to queue
[2022-12-19T19:54:27.093+0000] {logging_mixin.py:137} INFO - [2022-12-19T19:54:27.093+0000] {dagbag.py:538} INFO - Filling up the DagBag from /home/airflow/.local/lib/python3.7/site-packages/airflow/example_dags/example_branch_operator.py
[2022-12-19T19:54:27.111+0000] {processor.py:753} INFO - DAG(s) dict_keys(['example_branch_operator']) retrieved from /home/airflow/.local/lib/python3.7/site-packages/airflow/example_dags/example_branch_operator.py
[2022-12-19T19:54:27.153+0000] {logging_mixin.py:137} INFO - [2022-12-19T19:54:27.152+0000] {dag.py:2676} INFO - Sync 1 DAGs
[2022-12-19T19:54:27.188+0000] {logging_mixin.py:137} INFO - [2022-12-19T19:54:27.187+0000] {dag.py:3427} INFO - Setting next_dagrun for example_branch_operator to 2022-12-18T00:00:00+00:00, run_after=2022-12-19T00:00:00+00:00
[2022-12-19T19:54:27.216+0000] {processor.py:175} INFO - Processing /home/airflow/.local/lib/python3.7/site-packages/airflow/example_dags/example_branch_operator.py took 0.127 seconds
[2022-12-19T19:54:57.604+0000] {processor.py:153} INFO - Started process (PID=2788) to work on /home/airflow/.local/lib/python3.7/site-packages/airflow/example_dags/example_branch_operator.py
[2022-12-19T19:54:57.605+0000] {processor.py:743} INFO - Processing file /home/airflow/.local/lib/python3.7/site-packages/airflow/example_dags/example_branch_operator.py for tasks to queue
[2022-12-19T19:54:57.606+0000] {logging_mixin.py:137} INFO - [2022-12-19T19:54:57.606+0000] {dagbag.py:538} INFO - Filling up the DagBag from /home/airflow/.local/lib/python3.7/site-packages/airflow/example_dags/example_branch_operator.py
[2022-12-19T19:54:57.625+0000] {processor.py:753} INFO - DAG(s) dict_keys(['example_branch_operator']) retrieved from /home/airflow/.local/lib/python3.7/site-packages/airflow/example_dags/example_branch_operator.py
[2022-12-19T19:54:57.688+0000] {logging_mixin.py:137} INFO - [2022-12-19T19:54:57.688+0000] {dag.py:2676} INFO - Sync 1 DAGs
[2022-12-19T19:54:57.720+0000] {logging_mixin.py:137} INFO - [2022-12-19T19:54:57.720+0000] {dag.py:3427} INFO - Setting next_dagrun for example_branch_operator to 2022-12-18T00:00:00+00:00, run_after=2022-12-19T00:00:00+00:00
[2022-12-19T19:54:57.739+0000] {processor.py:175} INFO - Processing /home/airflow/.local/lib/python3.7/site-packages/airflow/example_dags/example_branch_operator.py took 0.139 seconds
[2022-12-19T19:55:28.173+0000] {processor.py:153} INFO - Started process (PID=2874) to work on /home/airflow/.local/lib/python3.7/site-packages/airflow/example_dags/example_branch_operator.py
[2022-12-19T19:55:28.175+0000] {processor.py:743} INFO - Processing file /home/airflow/.local/lib/python3.7/site-packages/airflow/example_dags/example_branch_operator.py for tasks to queue
[2022-12-19T19:55:28.175+0000] {logging_mixin.py:137} INFO - [2022-12-19T19:55:28.175+0000] {dagbag.py:538} INFO - Filling up the DagBag from /home/airflow/.local/lib/python3.7/site-packages/airflow/example_dags/example_branch_operator.py
[2022-12-19T19:55:28.198+0000] {processor.py:753} INFO - DAG(s) dict_keys(['example_branch_operator']) retrieved from /home/airflow/.local/lib/python3.7/site-packages/airflow/example_dags/example_branch_operator.py
[2022-12-19T19:55:28.277+0000] {logging_mixin.py:137} INFO - [2022-12-19T19:55:28.277+0000] {dag.py:2676} INFO - Sync 1 DAGs
[2022-12-19T19:55:28.321+0000] {logging_mixin.py:137} INFO - [2022-12-19T19:55:28.320+0000] {dag.py:3427} INFO - Setting next_dagrun for example_branch_operator to 2022-12-18T00:00:00+00:00, run_after=2022-12-19T00:00:00+00:00
[2022-12-19T19:55:28.350+0000] {processor.py:175} INFO - Processing /home/airflow/.local/lib/python3.7/site-packages/airflow/example_dags/example_branch_operator.py took 0.179 seconds
[2022-12-19T19:55:58.778+0000] {processor.py:153} INFO - Started process (PID=2960) to work on /home/airflow/.local/lib/python3.7/site-packages/airflow/example_dags/example_branch_operator.py
[2022-12-19T19:55:58.779+0000] {processor.py:743} INFO - Processing file /home/airflow/.local/lib/python3.7/site-packages/airflow/example_dags/example_branch_operator.py for tasks to queue
[2022-12-19T19:55:58.779+0000] {logging_mixin.py:137} INFO - [2022-12-19T19:55:58.779+0000] {dagbag.py:538} INFO - Filling up the DagBag from /home/airflow/.local/lib/python3.7/site-packages/airflow/example_dags/example_branch_operator.py
[2022-12-19T19:55:58.799+0000] {processor.py:753} INFO - DAG(s) dict_keys(['example_branch_operator']) retrieved from /home/airflow/.local/lib/python3.7/site-packages/airflow/example_dags/example_branch_operator.py
[2022-12-19T19:55:58.846+0000] {logging_mixin.py:137} INFO - [2022-12-19T19:55:58.846+0000] {dag.py:2676} INFO - Sync 1 DAGs
[2022-12-19T19:55:58.879+0000] {logging_mixin.py:137} INFO - [2022-12-19T19:55:58.879+0000] {dag.py:3427} INFO - Setting next_dagrun for example_branch_operator to 2022-12-18T00:00:00+00:00, run_after=2022-12-19T00:00:00+00:00
[2022-12-19T19:55:58.900+0000] {processor.py:175} INFO - Processing /home/airflow/.local/lib/python3.7/site-packages/airflow/example_dags/example_branch_operator.py took 0.126 seconds
[2022-12-19T19:56:28.977+0000] {processor.py:153} INFO - Started process (PID=3071) to work on /home/airflow/.local/lib/python3.7/site-packages/airflow/example_dags/example_branch_operator.py
[2022-12-19T19:56:28.978+0000] {processor.py:743} INFO - Processing file /home/airflow/.local/lib/python3.7/site-packages/airflow/example_dags/example_branch_operator.py for tasks to queue
[2022-12-19T19:56:28.979+0000] {logging_mixin.py:137} INFO - [2022-12-19T19:56:28.979+0000] {dagbag.py:538} INFO - Filling up the DagBag from /home/airflow/.local/lib/python3.7/site-packages/airflow/example_dags/example_branch_operator.py
[2022-12-19T19:56:28.998+0000] {processor.py:753} INFO - DAG(s) dict_keys(['example_branch_operator']) retrieved from /home/airflow/.local/lib/python3.7/site-packages/airflow/example_dags/example_branch_operator.py
[2022-12-19T19:56:29.041+0000] {logging_mixin.py:137} INFO - [2022-12-19T19:56:29.041+0000] {dag.py:2676} INFO - Sync 1 DAGs
[2022-12-19T19:56:29.074+0000] {logging_mixin.py:137} INFO - [2022-12-19T19:56:29.074+0000] {dag.py:3427} INFO - Setting next_dagrun for example_branch_operator to 2022-12-18T00:00:00+00:00, run_after=2022-12-19T00:00:00+00:00
[2022-12-19T19:56:29.097+0000] {processor.py:175} INFO - Processing /home/airflow/.local/lib/python3.7/site-packages/airflow/example_dags/example_branch_operator.py took 0.122 seconds
[2022-12-19T19:56:59.261+0000] {processor.py:153} INFO - Started process (PID=3157) to work on /home/airflow/.local/lib/python3.7/site-packages/airflow/example_dags/example_branch_operator.py
[2022-12-19T19:56:59.262+0000] {processor.py:743} INFO - Processing file /home/airflow/.local/lib/python3.7/site-packages/airflow/example_dags/example_branch_operator.py for tasks to queue
[2022-12-19T19:56:59.263+0000] {logging_mixin.py:137} INFO - [2022-12-19T19:56:59.263+0000] {dagbag.py:538} INFO - Filling up the DagBag from /home/airflow/.local/lib/python3.7/site-packages/airflow/example_dags/example_branch_operator.py
[2022-12-19T19:56:59.283+0000] {processor.py:753} INFO - DAG(s) dict_keys(['example_branch_operator']) retrieved from /home/airflow/.local/lib/python3.7/site-packages/airflow/example_dags/example_branch_operator.py
[2022-12-19T19:56:59.337+0000] {logging_mixin.py:137} INFO - [2022-12-19T19:56:59.337+0000] {dag.py:2676} INFO - Sync 1 DAGs
[2022-12-19T19:56:59.376+0000] {logging_mixin.py:137} INFO - [2022-12-19T19:56:59.376+0000] {dag.py:3427} INFO - Setting next_dagrun for example_branch_operator to 2022-12-18T00:00:00+00:00, run_after=2022-12-19T00:00:00+00:00
[2022-12-19T19:56:59.398+0000] {processor.py:175} INFO - Processing /home/airflow/.local/lib/python3.7/site-packages/airflow/example_dags/example_branch_operator.py took 0.142 seconds
[2022-12-19T19:57:29.753+0000] {processor.py:153} INFO - Started process (PID=3243) to work on /home/airflow/.local/lib/python3.7/site-packages/airflow/example_dags/example_branch_operator.py
[2022-12-19T19:57:29.754+0000] {processor.py:743} INFO - Processing file /home/airflow/.local/lib/python3.7/site-packages/airflow/example_dags/example_branch_operator.py for tasks to queue
[2022-12-19T19:57:29.756+0000] {logging_mixin.py:137} INFO - [2022-12-19T19:57:29.755+0000] {dagbag.py:538} INFO - Filling up the DagBag from /home/airflow/.local/lib/python3.7/site-packages/airflow/example_dags/example_branch_operator.py
[2022-12-19T19:57:29.775+0000] {processor.py:753} INFO - DAG(s) dict_keys(['example_branch_operator']) retrieved from /home/airflow/.local/lib/python3.7/site-packages/airflow/example_dags/example_branch_operator.py
[2022-12-19T19:57:29.820+0000] {logging_mixin.py:137} INFO - [2022-12-19T19:57:29.820+0000] {dag.py:2676} INFO - Sync 1 DAGs
[2022-12-19T19:57:29.848+0000] {logging_mixin.py:137} INFO - [2022-12-19T19:57:29.848+0000] {dag.py:3427} INFO - Setting next_dagrun for example_branch_operator to 2022-12-18T00:00:00+00:00, run_after=2022-12-19T00:00:00+00:00
[2022-12-19T19:57:29.868+0000] {processor.py:175} INFO - Processing /home/airflow/.local/lib/python3.7/site-packages/airflow/example_dags/example_branch_operator.py took 0.118 seconds
[2022-12-19T19:58:00.205+0000] {processor.py:153} INFO - Started process (PID=3353) to work on /home/airflow/.local/lib/python3.7/site-packages/airflow/example_dags/example_branch_operator.py
[2022-12-19T19:58:00.206+0000] {processor.py:743} INFO - Processing file /home/airflow/.local/lib/python3.7/site-packages/airflow/example_dags/example_branch_operator.py for tasks to queue
[2022-12-19T19:58:00.207+0000] {logging_mixin.py:137} INFO - [2022-12-19T19:58:00.207+0000] {dagbag.py:538} INFO - Filling up the DagBag from /home/airflow/.local/lib/python3.7/site-packages/airflow/example_dags/example_branch_operator.py
[2022-12-19T19:58:00.226+0000] {processor.py:753} INFO - DAG(s) dict_keys(['example_branch_operator']) retrieved from /home/airflow/.local/lib/python3.7/site-packages/airflow/example_dags/example_branch_operator.py
[2022-12-19T19:58:00.272+0000] {logging_mixin.py:137} INFO - [2022-12-19T19:58:00.272+0000] {dag.py:2676} INFO - Sync 1 DAGs
[2022-12-19T19:58:00.308+0000] {logging_mixin.py:137} INFO - [2022-12-19T19:58:00.308+0000] {dag.py:3427} INFO - Setting next_dagrun for example_branch_operator to 2022-12-18T00:00:00+00:00, run_after=2022-12-19T00:00:00+00:00
[2022-12-19T19:58:00.335+0000] {processor.py:175} INFO - Processing /home/airflow/.local/lib/python3.7/site-packages/airflow/example_dags/example_branch_operator.py took 0.134 seconds
[2022-12-19T19:58:30.895+0000] {processor.py:153} INFO - Started process (PID=3439) to work on /home/airflow/.local/lib/python3.7/site-packages/airflow/example_dags/example_branch_operator.py
[2022-12-19T19:58:30.896+0000] {processor.py:743} INFO - Processing file /home/airflow/.local/lib/python3.7/site-packages/airflow/example_dags/example_branch_operator.py for tasks to queue
[2022-12-19T19:58:30.897+0000] {logging_mixin.py:137} INFO - [2022-12-19T19:58:30.897+0000] {dagbag.py:538} INFO - Filling up the DagBag from /home/airflow/.local/lib/python3.7/site-packages/airflow/example_dags/example_branch_operator.py
[2022-12-19T19:58:30.916+0000] {processor.py:753} INFO - DAG(s) dict_keys(['example_branch_operator']) retrieved from /home/airflow/.local/lib/python3.7/site-packages/airflow/example_dags/example_branch_operator.py
[2022-12-19T19:58:30.965+0000] {logging_mixin.py:137} INFO - [2022-12-19T19:58:30.965+0000] {dag.py:2676} INFO - Sync 1 DAGs
[2022-12-19T19:58:31.005+0000] {logging_mixin.py:137} INFO - [2022-12-19T19:58:31.005+0000] {dag.py:3427} INFO - Setting next_dagrun for example_branch_operator to 2022-12-18T00:00:00+00:00, run_after=2022-12-19T00:00:00+00:00
[2022-12-19T19:58:31.029+0000] {processor.py:175} INFO - Processing /home/airflow/.local/lib/python3.7/site-packages/airflow/example_dags/example_branch_operator.py took 0.137 seconds
[2022-12-19T19:59:01.097+0000] {processor.py:153} INFO - Started process (PID=3525) to work on /home/airflow/.local/lib/python3.7/site-packages/airflow/example_dags/example_branch_operator.py
[2022-12-19T19:59:01.099+0000] {processor.py:743} INFO - Processing file /home/airflow/.local/lib/python3.7/site-packages/airflow/example_dags/example_branch_operator.py for tasks to queue
[2022-12-19T19:59:01.099+0000] {logging_mixin.py:137} INFO - [2022-12-19T19:59:01.099+0000] {dagbag.py:538} INFO - Filling up the DagBag from /home/airflow/.local/lib/python3.7/site-packages/airflow/example_dags/example_branch_operator.py
[2022-12-19T19:59:01.119+0000] {processor.py:753} INFO - DAG(s) dict_keys(['example_branch_operator']) retrieved from /home/airflow/.local/lib/python3.7/site-packages/airflow/example_dags/example_branch_operator.py
[2022-12-19T19:59:01.162+0000] {logging_mixin.py:137} INFO - [2022-12-19T19:59:01.162+0000] {dag.py:2676} INFO - Sync 1 DAGs
[2022-12-19T19:59:01.205+0000] {logging_mixin.py:137} INFO - [2022-12-19T19:59:01.205+0000] {dag.py:3427} INFO - Setting next_dagrun for example_branch_operator to 2022-12-18T00:00:00+00:00, run_after=2022-12-19T00:00:00+00:00
[2022-12-19T19:59:01.230+0000] {processor.py:175} INFO - Processing /home/airflow/.local/lib/python3.7/site-packages/airflow/example_dags/example_branch_operator.py took 0.136 seconds
[2022-12-19T19:59:31.623+0000] {processor.py:153} INFO - Started process (PID=3635) to work on /home/airflow/.local/lib/python3.7/site-packages/airflow/example_dags/example_branch_operator.py
[2022-12-19T19:59:31.624+0000] {processor.py:743} INFO - Processing file /home/airflow/.local/lib/python3.7/site-packages/airflow/example_dags/example_branch_operator.py for tasks to queue
[2022-12-19T19:59:31.625+0000] {logging_mixin.py:137} INFO - [2022-12-19T19:59:31.624+0000] {dagbag.py:538} INFO - Filling up the DagBag from /home/airflow/.local/lib/python3.7/site-packages/airflow/example_dags/example_branch_operator.py
[2022-12-19T19:59:31.679+0000] {processor.py:753} INFO - DAG(s) dict_keys(['example_branch_operator']) retrieved from /home/airflow/.local/lib/python3.7/site-packages/airflow/example_dags/example_branch_operator.py
[2022-12-19T19:59:31.725+0000] {logging_mixin.py:137} INFO - [2022-12-19T19:59:31.725+0000] {dag.py:2676} INFO - Sync 1 DAGs
[2022-12-19T19:59:31.760+0000] {logging_mixin.py:137} INFO - [2022-12-19T19:59:31.759+0000] {dag.py:3427} INFO - Setting next_dagrun for example_branch_operator to 2022-12-18T00:00:00+00:00, run_after=2022-12-19T00:00:00+00:00
[2022-12-19T19:59:31.784+0000] {processor.py:175} INFO - Processing /home/airflow/.local/lib/python3.7/site-packages/airflow/example_dags/example_branch_operator.py took 0.164 seconds
[2022-12-19T20:00:02.197+0000] {processor.py:153} INFO - Started process (PID=3721) to work on /home/airflow/.local/lib/python3.7/site-packages/airflow/example_dags/example_branch_operator.py
[2022-12-19T20:00:02.198+0000] {processor.py:743} INFO - Processing file /home/airflow/.local/lib/python3.7/site-packages/airflow/example_dags/example_branch_operator.py for tasks to queue
[2022-12-19T20:00:02.198+0000] {logging_mixin.py:137} INFO - [2022-12-19T20:00:02.198+0000] {dagbag.py:538} INFO - Filling up the DagBag from /home/airflow/.local/lib/python3.7/site-packages/airflow/example_dags/example_branch_operator.py
[2022-12-19T20:00:02.218+0000] {processor.py:753} INFO - DAG(s) dict_keys(['example_branch_operator']) retrieved from /home/airflow/.local/lib/python3.7/site-packages/airflow/example_dags/example_branch_operator.py
[2022-12-19T20:00:02.265+0000] {logging_mixin.py:137} INFO - [2022-12-19T20:00:02.264+0000] {dag.py:2676} INFO - Sync 1 DAGs
[2022-12-19T20:00:02.306+0000] {logging_mixin.py:137} INFO - [2022-12-19T20:00:02.306+0000] {dag.py:3427} INFO - Setting next_dagrun for example_branch_operator to 2022-12-18T00:00:00+00:00, run_after=2022-12-19T00:00:00+00:00
[2022-12-19T20:00:02.334+0000] {processor.py:175} INFO - Processing /home/airflow/.local/lib/python3.7/site-packages/airflow/example_dags/example_branch_operator.py took 0.141 seconds
[2022-12-19T20:00:32.775+0000] {processor.py:153} INFO - Started process (PID=3808) to work on /home/airflow/.local/lib/python3.7/site-packages/airflow/example_dags/example_branch_operator.py
[2022-12-19T20:00:32.776+0000] {processor.py:743} INFO - Processing file /home/airflow/.local/lib/python3.7/site-packages/airflow/example_dags/example_branch_operator.py for tasks to queue
[2022-12-19T20:00:32.777+0000] {logging_mixin.py:137} INFO - [2022-12-19T20:00:32.777+0000] {dagbag.py:538} INFO - Filling up the DagBag from /home/airflow/.local/lib/python3.7/site-packages/airflow/example_dags/example_branch_operator.py
[2022-12-19T20:00:32.796+0000] {processor.py:753} INFO - DAG(s) dict_keys(['example_branch_operator']) retrieved from /home/airflow/.local/lib/python3.7/site-packages/airflow/example_dags/example_branch_operator.py
[2022-12-19T20:00:32.837+0000] {logging_mixin.py:137} INFO - [2022-12-19T20:00:32.837+0000] {dag.py:2676} INFO - Sync 1 DAGs
[2022-12-19T20:00:32.889+0000] {logging_mixin.py:137} INFO - [2022-12-19T20:00:32.889+0000] {dag.py:3427} INFO - Setting next_dagrun for example_branch_operator to 2022-12-18T00:00:00+00:00, run_after=2022-12-19T00:00:00+00:00
[2022-12-19T20:00:32.910+0000] {processor.py:175} INFO - Processing /home/airflow/.local/lib/python3.7/site-packages/airflow/example_dags/example_branch_operator.py took 0.137 seconds
[2022-12-19T20:01:03.469+0000] {processor.py:153} INFO - Started process (PID=3918) to work on /home/airflow/.local/lib/python3.7/site-packages/airflow/example_dags/example_branch_operator.py
[2022-12-19T20:01:03.470+0000] {processor.py:743} INFO - Processing file /home/airflow/.local/lib/python3.7/site-packages/airflow/example_dags/example_branch_operator.py for tasks to queue
[2022-12-19T20:01:03.471+0000] {logging_mixin.py:137} INFO - [2022-12-19T20:01:03.471+0000] {dagbag.py:538} INFO - Filling up the DagBag from /home/airflow/.local/lib/python3.7/site-packages/airflow/example_dags/example_branch_operator.py
[2022-12-19T20:01:03.489+0000] {processor.py:753} INFO - DAG(s) dict_keys(['example_branch_operator']) retrieved from /home/airflow/.local/lib/python3.7/site-packages/airflow/example_dags/example_branch_operator.py
[2022-12-19T20:01:03.531+0000] {logging_mixin.py:137} INFO - [2022-12-19T20:01:03.531+0000] {dag.py:2676} INFO - Sync 1 DAGs
[2022-12-19T20:01:03.564+0000] {logging_mixin.py:137} INFO - [2022-12-19T20:01:03.564+0000] {dag.py:3427} INFO - Setting next_dagrun for example_branch_operator to 2022-12-18T00:00:00+00:00, run_after=2022-12-19T00:00:00+00:00
[2022-12-19T20:01:03.586+0000] {processor.py:175} INFO - Processing /home/airflow/.local/lib/python3.7/site-packages/airflow/example_dags/example_branch_operator.py took 0.120 seconds
[2022-12-19T20:01:34.610+0000] {processor.py:153} INFO - Started process (PID=4004) to work on /home/airflow/.local/lib/python3.7/site-packages/airflow/example_dags/example_branch_operator.py
[2022-12-19T20:01:34.611+0000] {processor.py:743} INFO - Processing file /home/airflow/.local/lib/python3.7/site-packages/airflow/example_dags/example_branch_operator.py for tasks to queue
[2022-12-19T20:01:34.611+0000] {logging_mixin.py:137} INFO - [2022-12-19T20:01:34.611+0000] {dagbag.py:538} INFO - Filling up the DagBag from /home/airflow/.local/lib/python3.7/site-packages/airflow/example_dags/example_branch_operator.py
[2022-12-19T20:01:34.636+0000] {processor.py:753} INFO - DAG(s) dict_keys(['example_branch_operator']) retrieved from /home/airflow/.local/lib/python3.7/site-packages/airflow/example_dags/example_branch_operator.py
[2022-12-19T20:01:34.688+0000] {logging_mixin.py:137} INFO - [2022-12-19T20:01:34.688+0000] {dag.py:2676} INFO - Sync 1 DAGs
[2022-12-19T20:01:34.725+0000] {logging_mixin.py:137} INFO - [2022-12-19T20:01:34.725+0000] {dag.py:3427} INFO - Setting next_dagrun for example_branch_operator to 2022-12-18T00:00:00+00:00, run_after=2022-12-19T00:00:00+00:00
[2022-12-19T20:01:34.750+0000] {processor.py:175} INFO - Processing /home/airflow/.local/lib/python3.7/site-packages/airflow/example_dags/example_branch_operator.py took 0.143 seconds
[2022-12-19T20:02:05.031+0000] {processor.py:153} INFO - Started process (PID=4091) to work on /home/airflow/.local/lib/python3.7/site-packages/airflow/example_dags/example_branch_operator.py
[2022-12-19T20:02:05.032+0000] {processor.py:743} INFO - Processing file /home/airflow/.local/lib/python3.7/site-packages/airflow/example_dags/example_branch_operator.py for tasks to queue
[2022-12-19T20:02:05.033+0000] {logging_mixin.py:137} INFO - [2022-12-19T20:02:05.033+0000] {dagbag.py:538} INFO - Filling up the DagBag from /home/airflow/.local/lib/python3.7/site-packages/airflow/example_dags/example_branch_operator.py
[2022-12-19T20:02:05.052+0000] {processor.py:753} INFO - DAG(s) dict_keys(['example_branch_operator']) retrieved from /home/airflow/.local/lib/python3.7/site-packages/airflow/example_dags/example_branch_operator.py
[2022-12-19T20:02:05.102+0000] {logging_mixin.py:137} INFO - [2022-12-19T20:02:05.102+0000] {dag.py:2676} INFO - Sync 1 DAGs
[2022-12-19T20:02:05.133+0000] {logging_mixin.py:137} INFO - [2022-12-19T20:02:05.133+0000] {dag.py:3427} INFO - Setting next_dagrun for example_branch_operator to 2022-12-18T00:00:00+00:00, run_after=2022-12-19T00:00:00+00:00
[2022-12-19T20:02:05.155+0000] {processor.py:175} INFO - Processing /home/airflow/.local/lib/python3.7/site-packages/airflow/example_dags/example_branch_operator.py took 0.127 seconds
[2022-12-19T20:02:35.280+0000] {processor.py:153} INFO - Started process (PID=4201) to work on /home/airflow/.local/lib/python3.7/site-packages/airflow/example_dags/example_branch_operator.py
[2022-12-19T20:02:35.281+0000] {processor.py:743} INFO - Processing file /home/airflow/.local/lib/python3.7/site-packages/airflow/example_dags/example_branch_operator.py for tasks to queue
[2022-12-19T20:02:35.282+0000] {logging_mixin.py:137} INFO - [2022-12-19T20:02:35.282+0000] {dagbag.py:538} INFO - Filling up the DagBag from /home/airflow/.local/lib/python3.7/site-packages/airflow/example_dags/example_branch_operator.py
[2022-12-19T20:02:35.303+0000] {processor.py:753} INFO - DAG(s) dict_keys(['example_branch_operator']) retrieved from /home/airflow/.local/lib/python3.7/site-packages/airflow/example_dags/example_branch_operator.py
[2022-12-19T20:02:35.346+0000] {logging_mixin.py:137} INFO - [2022-12-19T20:02:35.346+0000] {dag.py:2676} INFO - Sync 1 DAGs
[2022-12-19T20:02:35.377+0000] {logging_mixin.py:137} INFO - [2022-12-19T20:02:35.376+0000] {dag.py:3427} INFO - Setting next_dagrun for example_branch_operator to 2022-12-18T00:00:00+00:00, run_after=2022-12-19T00:00:00+00:00
[2022-12-19T20:02:35.400+0000] {processor.py:175} INFO - Processing /home/airflow/.local/lib/python3.7/site-packages/airflow/example_dags/example_branch_operator.py took 0.123 seconds
[2022-12-19T20:03:06.189+0000] {processor.py:153} INFO - Started process (PID=4288) to work on /home/airflow/.local/lib/python3.7/site-packages/airflow/example_dags/example_branch_operator.py
[2022-12-19T20:03:06.189+0000] {processor.py:743} INFO - Processing file /home/airflow/.local/lib/python3.7/site-packages/airflow/example_dags/example_branch_operator.py for tasks to queue
[2022-12-19T20:03:06.190+0000] {logging_mixin.py:137} INFO - [2022-12-19T20:03:06.190+0000] {dagbag.py:538} INFO - Filling up the DagBag from /home/airflow/.local/lib/python3.7/site-packages/airflow/example_dags/example_branch_operator.py
[2022-12-19T20:03:06.208+0000] {processor.py:753} INFO - DAG(s) dict_keys(['example_branch_operator']) retrieved from /home/airflow/.local/lib/python3.7/site-packages/airflow/example_dags/example_branch_operator.py
[2022-12-19T20:03:06.253+0000] {logging_mixin.py:137} INFO - [2022-12-19T20:03:06.253+0000] {dag.py:2676} INFO - Sync 1 DAGs
[2022-12-19T20:03:06.288+0000] {logging_mixin.py:137} INFO - [2022-12-19T20:03:06.288+0000] {dag.py:3427} INFO - Setting next_dagrun for example_branch_operator to 2022-12-18T00:00:00+00:00, run_after=2022-12-19T00:00:00+00:00
[2022-12-19T20:03:06.308+0000] {processor.py:175} INFO - Processing /home/airflow/.local/lib/python3.7/site-packages/airflow/example_dags/example_branch_operator.py took 0.123 seconds
[2022-12-19T20:03:36.428+0000] {processor.py:153} INFO - Started process (PID=4374) to work on /home/airflow/.local/lib/python3.7/site-packages/airflow/example_dags/example_branch_operator.py
[2022-12-19T20:03:36.429+0000] {processor.py:743} INFO - Processing file /home/airflow/.local/lib/python3.7/site-packages/airflow/example_dags/example_branch_operator.py for tasks to queue
[2022-12-19T20:03:36.429+0000] {logging_mixin.py:137} INFO - [2022-12-19T20:03:36.429+0000] {dagbag.py:538} INFO - Filling up the DagBag from /home/airflow/.local/lib/python3.7/site-packages/airflow/example_dags/example_branch_operator.py
[2022-12-19T20:03:36.449+0000] {processor.py:753} INFO - DAG(s) dict_keys(['example_branch_operator']) retrieved from /home/airflow/.local/lib/python3.7/site-packages/airflow/example_dags/example_branch_operator.py
[2022-12-19T20:03:36.495+0000] {logging_mixin.py:137} INFO - [2022-12-19T20:03:36.495+0000] {dag.py:2676} INFO - Sync 1 DAGs
[2022-12-19T20:03:36.527+0000] {logging_mixin.py:137} INFO - [2022-12-19T20:03:36.527+0000] {dag.py:3427} INFO - Setting next_dagrun for example_branch_operator to 2022-12-18T00:00:00+00:00, run_after=2022-12-19T00:00:00+00:00
[2022-12-19T20:03:36.546+0000] {processor.py:175} INFO - Processing /home/airflow/.local/lib/python3.7/site-packages/airflow/example_dags/example_branch_operator.py took 0.122 seconds
[2022-12-19T20:04:07.341+0000] {processor.py:153} INFO - Started process (PID=4485) to work on /home/airflow/.local/lib/python3.7/site-packages/airflow/example_dags/example_branch_operator.py
[2022-12-19T20:04:07.342+0000] {processor.py:743} INFO - Processing file /home/airflow/.local/lib/python3.7/site-packages/airflow/example_dags/example_branch_operator.py for tasks to queue
[2022-12-19T20:04:07.343+0000] {logging_mixin.py:137} INFO - [2022-12-19T20:04:07.343+0000] {dagbag.py:538} INFO - Filling up the DagBag from /home/airflow/.local/lib/python3.7/site-packages/airflow/example_dags/example_branch_operator.py
[2022-12-19T20:04:07.362+0000] {processor.py:753} INFO - DAG(s) dict_keys(['example_branch_operator']) retrieved from /home/airflow/.local/lib/python3.7/site-packages/airflow/example_dags/example_branch_operator.py
[2022-12-19T20:04:07.405+0000] {logging_mixin.py:137} INFO - [2022-12-19T20:04:07.405+0000] {dag.py:2676} INFO - Sync 1 DAGs
[2022-12-19T20:04:07.437+0000] {logging_mixin.py:137} INFO - [2022-12-19T20:04:07.437+0000] {dag.py:3427} INFO - Setting next_dagrun for example_branch_operator to 2022-12-18T00:00:00+00:00, run_after=2022-12-19T00:00:00+00:00
[2022-12-19T20:04:07.458+0000] {processor.py:175} INFO - Processing /home/airflow/.local/lib/python3.7/site-packages/airflow/example_dags/example_branch_operator.py took 0.119 seconds
[2022-12-19T20:04:37.626+0000] {processor.py:153} INFO - Started process (PID=4571) to work on /home/airflow/.local/lib/python3.7/site-packages/airflow/example_dags/example_branch_operator.py
[2022-12-19T20:04:37.627+0000] {processor.py:743} INFO - Processing file /home/airflow/.local/lib/python3.7/site-packages/airflow/example_dags/example_branch_operator.py for tasks to queue
[2022-12-19T20:04:37.628+0000] {logging_mixin.py:137} INFO - [2022-12-19T20:04:37.627+0000] {dagbag.py:538} INFO - Filling up the DagBag from /home/airflow/.local/lib/python3.7/site-packages/airflow/example_dags/example_branch_operator.py
[2022-12-19T20:04:37.646+0000] {processor.py:753} INFO - DAG(s) dict_keys(['example_branch_operator']) retrieved from /home/airflow/.local/lib/python3.7/site-packages/airflow/example_dags/example_branch_operator.py
[2022-12-19T20:04:37.691+0000] {logging_mixin.py:137} INFO - [2022-12-19T20:04:37.691+0000] {dag.py:2676} INFO - Sync 1 DAGs
[2022-12-19T20:04:37.725+0000] {logging_mixin.py:137} INFO - [2022-12-19T20:04:37.724+0000] {dag.py:3427} INFO - Setting next_dagrun for example_branch_operator to 2022-12-18T00:00:00+00:00, run_after=2022-12-19T00:00:00+00:00
[2022-12-19T20:04:37.747+0000] {processor.py:175} INFO - Processing /home/airflow/.local/lib/python3.7/site-packages/airflow/example_dags/example_branch_operator.py took 0.124 seconds
[2022-12-19T20:05:08.281+0000] {processor.py:153} INFO - Started process (PID=4666) to work on /home/airflow/.local/lib/python3.7/site-packages/airflow/example_dags/example_branch_operator.py
[2022-12-19T20:05:08.282+0000] {processor.py:743} INFO - Processing file /home/airflow/.local/lib/python3.7/site-packages/airflow/example_dags/example_branch_operator.py for tasks to queue
[2022-12-19T20:05:08.283+0000] {logging_mixin.py:137} INFO - [2022-12-19T20:05:08.283+0000] {dagbag.py:538} INFO - Filling up the DagBag from /home/airflow/.local/lib/python3.7/site-packages/airflow/example_dags/example_branch_operator.py
[2022-12-19T20:05:08.304+0000] {processor.py:753} INFO - DAG(s) dict_keys(['example_branch_operator']) retrieved from /home/airflow/.local/lib/python3.7/site-packages/airflow/example_dags/example_branch_operator.py
[2022-12-19T20:05:08.351+0000] {logging_mixin.py:137} INFO - [2022-12-19T20:05:08.351+0000] {dag.py:2676} INFO - Sync 1 DAGs
[2022-12-19T20:05:08.389+0000] {logging_mixin.py:137} INFO - [2022-12-19T20:05:08.389+0000] {dag.py:3427} INFO - Setting next_dagrun for example_branch_operator to 2022-12-18T00:00:00+00:00, run_after=2022-12-19T00:00:00+00:00
[2022-12-19T20:05:08.412+0000] {processor.py:175} INFO - Processing /home/airflow/.local/lib/python3.7/site-packages/airflow/example_dags/example_branch_operator.py took 0.133 seconds
[2022-12-19T20:05:38.885+0000] {processor.py:153} INFO - Started process (PID=4767) to work on /home/airflow/.local/lib/python3.7/site-packages/airflow/example_dags/example_branch_operator.py
[2022-12-19T20:05:38.885+0000] {processor.py:743} INFO - Processing file /home/airflow/.local/lib/python3.7/site-packages/airflow/example_dags/example_branch_operator.py for tasks to queue
[2022-12-19T20:05:38.886+0000] {logging_mixin.py:137} INFO - [2022-12-19T20:05:38.886+0000] {dagbag.py:538} INFO - Filling up the DagBag from /home/airflow/.local/lib/python3.7/site-packages/airflow/example_dags/example_branch_operator.py
[2022-12-19T20:05:38.904+0000] {processor.py:753} INFO - DAG(s) dict_keys(['example_branch_operator']) retrieved from /home/airflow/.local/lib/python3.7/site-packages/airflow/example_dags/example_branch_operator.py
[2022-12-19T20:05:38.949+0000] {logging_mixin.py:137} INFO - [2022-12-19T20:05:38.949+0000] {dag.py:2676} INFO - Sync 1 DAGs
[2022-12-19T20:05:38.981+0000] {logging_mixin.py:137} INFO - [2022-12-19T20:05:38.981+0000] {dag.py:3427} INFO - Setting next_dagrun for example_branch_operator to 2022-12-18T00:00:00+00:00, run_after=2022-12-19T00:00:00+00:00
[2022-12-19T20:05:38.999+0000] {processor.py:175} INFO - Processing /home/airflow/.local/lib/python3.7/site-packages/airflow/example_dags/example_branch_operator.py took 0.118 seconds
[2022-12-19T20:06:09.046+0000] {processor.py:153} INFO - Started process (PID=4853) to work on /home/airflow/.local/lib/python3.7/site-packages/airflow/example_dags/example_branch_operator.py
[2022-12-19T20:06:09.047+0000] {processor.py:743} INFO - Processing file /home/airflow/.local/lib/python3.7/site-packages/airflow/example_dags/example_branch_operator.py for tasks to queue
[2022-12-19T20:06:09.048+0000] {logging_mixin.py:137} INFO - [2022-12-19T20:06:09.048+0000] {dagbag.py:538} INFO - Filling up the DagBag from /home/airflow/.local/lib/python3.7/site-packages/airflow/example_dags/example_branch_operator.py
[2022-12-19T20:06:09.068+0000] {processor.py:753} INFO - DAG(s) dict_keys(['example_branch_operator']) retrieved from /home/airflow/.local/lib/python3.7/site-packages/airflow/example_dags/example_branch_operator.py
[2022-12-19T20:06:09.115+0000] {logging_mixin.py:137} INFO - [2022-12-19T20:06:09.114+0000] {dag.py:2676} INFO - Sync 1 DAGs
[2022-12-19T20:06:09.145+0000] {logging_mixin.py:137} INFO - [2022-12-19T20:06:09.145+0000] {dag.py:3427} INFO - Setting next_dagrun for example_branch_operator to 2022-12-18T00:00:00+00:00, run_after=2022-12-19T00:00:00+00:00
[2022-12-19T20:06:09.169+0000] {processor.py:175} INFO - Processing /home/airflow/.local/lib/python3.7/site-packages/airflow/example_dags/example_branch_operator.py took 0.127 seconds
[2022-12-19T20:06:39.718+0000] {processor.py:153} INFO - Started process (PID=4963) to work on /home/airflow/.local/lib/python3.7/site-packages/airflow/example_dags/example_branch_operator.py
[2022-12-19T20:06:39.719+0000] {processor.py:743} INFO - Processing file /home/airflow/.local/lib/python3.7/site-packages/airflow/example_dags/example_branch_operator.py for tasks to queue
[2022-12-19T20:06:39.720+0000] {logging_mixin.py:137} INFO - [2022-12-19T20:06:39.720+0000] {dagbag.py:538} INFO - Filling up the DagBag from /home/airflow/.local/lib/python3.7/site-packages/airflow/example_dags/example_branch_operator.py
[2022-12-19T20:06:39.742+0000] {processor.py:753} INFO - DAG(s) dict_keys(['example_branch_operator']) retrieved from /home/airflow/.local/lib/python3.7/site-packages/airflow/example_dags/example_branch_operator.py
[2022-12-19T20:06:39.793+0000] {logging_mixin.py:137} INFO - [2022-12-19T20:06:39.792+0000] {dag.py:2676} INFO - Sync 1 DAGs
[2022-12-19T20:06:39.835+0000] {logging_mixin.py:137} INFO - [2022-12-19T20:06:39.835+0000] {dag.py:3427} INFO - Setting next_dagrun for example_branch_operator to 2022-12-18T00:00:00+00:00, run_after=2022-12-19T00:00:00+00:00
[2022-12-19T20:06:39.864+0000] {processor.py:175} INFO - Processing /home/airflow/.local/lib/python3.7/site-packages/airflow/example_dags/example_branch_operator.py took 0.150 seconds
[2022-12-19T20:07:10.311+0000] {processor.py:153} INFO - Started process (PID=5050) to work on /home/airflow/.local/lib/python3.7/site-packages/airflow/example_dags/example_branch_operator.py
[2022-12-19T20:07:10.312+0000] {processor.py:743} INFO - Processing file /home/airflow/.local/lib/python3.7/site-packages/airflow/example_dags/example_branch_operator.py for tasks to queue
[2022-12-19T20:07:10.313+0000] {logging_mixin.py:137} INFO - [2022-12-19T20:07:10.313+0000] {dagbag.py:538} INFO - Filling up the DagBag from /home/airflow/.local/lib/python3.7/site-packages/airflow/example_dags/example_branch_operator.py
[2022-12-19T20:07:10.335+0000] {processor.py:753} INFO - DAG(s) dict_keys(['example_branch_operator']) retrieved from /home/airflow/.local/lib/python3.7/site-packages/airflow/example_dags/example_branch_operator.py
[2022-12-19T20:07:10.383+0000] {logging_mixin.py:137} INFO - [2022-12-19T20:07:10.382+0000] {dag.py:2676} INFO - Sync 1 DAGs
[2022-12-19T20:07:10.419+0000] {logging_mixin.py:137} INFO - [2022-12-19T20:07:10.419+0000] {dag.py:3427} INFO - Setting next_dagrun for example_branch_operator to 2022-12-18T00:00:00+00:00, run_after=2022-12-19T00:00:00+00:00
[2022-12-19T20:07:10.442+0000] {processor.py:175} INFO - Processing /home/airflow/.local/lib/python3.7/site-packages/airflow/example_dags/example_branch_operator.py took 0.134 seconds
[2022-12-19T20:07:40.668+0000] {processor.py:153} INFO - Started process (PID=5136) to work on /home/airflow/.local/lib/python3.7/site-packages/airflow/example_dags/example_branch_operator.py
[2022-12-19T20:07:40.669+0000] {processor.py:743} INFO - Processing file /home/airflow/.local/lib/python3.7/site-packages/airflow/example_dags/example_branch_operator.py for tasks to queue
[2022-12-19T20:07:40.670+0000] {logging_mixin.py:137} INFO - [2022-12-19T20:07:40.670+0000] {dagbag.py:538} INFO - Filling up the DagBag from /home/airflow/.local/lib/python3.7/site-packages/airflow/example_dags/example_branch_operator.py
[2022-12-19T20:07:40.688+0000] {processor.py:753} INFO - DAG(s) dict_keys(['example_branch_operator']) retrieved from /home/airflow/.local/lib/python3.7/site-packages/airflow/example_dags/example_branch_operator.py
[2022-12-19T20:07:40.730+0000] {logging_mixin.py:137} INFO - [2022-12-19T20:07:40.730+0000] {dag.py:2676} INFO - Sync 1 DAGs
[2022-12-19T20:07:40.759+0000] {logging_mixin.py:137} INFO - [2022-12-19T20:07:40.759+0000] {dag.py:3427} INFO - Setting next_dagrun for example_branch_operator to 2022-12-18T00:00:00+00:00, run_after=2022-12-19T00:00:00+00:00
[2022-12-19T20:07:40.777+0000] {processor.py:175} INFO - Processing /home/airflow/.local/lib/python3.7/site-packages/airflow/example_dags/example_branch_operator.py took 0.112 seconds
[2022-12-19T20:08:11.010+0000] {processor.py:153} INFO - Started process (PID=5246) to work on /home/airflow/.local/lib/python3.7/site-packages/airflow/example_dags/example_branch_operator.py
[2022-12-19T20:08:11.011+0000] {processor.py:743} INFO - Processing file /home/airflow/.local/lib/python3.7/site-packages/airflow/example_dags/example_branch_operator.py for tasks to queue
[2022-12-19T20:08:11.011+0000] {logging_mixin.py:137} INFO - [2022-12-19T20:08:11.011+0000] {dagbag.py:538} INFO - Filling up the DagBag from /home/airflow/.local/lib/python3.7/site-packages/airflow/example_dags/example_branch_operator.py
[2022-12-19T20:08:11.032+0000] {processor.py:753} INFO - DAG(s) dict_keys(['example_branch_operator']) retrieved from /home/airflow/.local/lib/python3.7/site-packages/airflow/example_dags/example_branch_operator.py
[2022-12-19T20:08:11.077+0000] {logging_mixin.py:137} INFO - [2022-12-19T20:08:11.077+0000] {dag.py:2676} INFO - Sync 1 DAGs
[2022-12-19T20:08:11.107+0000] {logging_mixin.py:137} INFO - [2022-12-19T20:08:11.107+0000] {dag.py:3427} INFO - Setting next_dagrun for example_branch_operator to 2022-12-18T00:00:00+00:00, run_after=2022-12-19T00:00:00+00:00
[2022-12-19T20:08:11.131+0000] {processor.py:175} INFO - Processing /home/airflow/.local/lib/python3.7/site-packages/airflow/example_dags/example_branch_operator.py took 0.125 seconds
[2022-12-19T20:08:41.781+0000] {processor.py:153} INFO - Started process (PID=5332) to work on /home/airflow/.local/lib/python3.7/site-packages/airflow/example_dags/example_branch_operator.py
[2022-12-19T20:08:41.782+0000] {processor.py:743} INFO - Processing file /home/airflow/.local/lib/python3.7/site-packages/airflow/example_dags/example_branch_operator.py for tasks to queue
[2022-12-19T20:08:41.782+0000] {logging_mixin.py:137} INFO - [2022-12-19T20:08:41.782+0000] {dagbag.py:538} INFO - Filling up the DagBag from /home/airflow/.local/lib/python3.7/site-packages/airflow/example_dags/example_branch_operator.py
[2022-12-19T20:08:41.801+0000] {processor.py:753} INFO - DAG(s) dict_keys(['example_branch_operator']) retrieved from /home/airflow/.local/lib/python3.7/site-packages/airflow/example_dags/example_branch_operator.py
[2022-12-19T20:08:41.881+0000] {logging_mixin.py:137} INFO - [2022-12-19T20:08:41.881+0000] {dag.py:2676} INFO - Sync 1 DAGs
[2022-12-19T20:08:41.919+0000] {logging_mixin.py:137} INFO - [2022-12-19T20:08:41.919+0000] {dag.py:3427} INFO - Setting next_dagrun for example_branch_operator to 2022-12-18T00:00:00+00:00, run_after=2022-12-19T00:00:00+00:00
[2022-12-19T20:08:41.988+0000] {processor.py:175} INFO - Processing /home/airflow/.local/lib/python3.7/site-packages/airflow/example_dags/example_branch_operator.py took 0.212 seconds
[2022-12-19T20:09:12.706+0000] {processor.py:153} INFO - Started process (PID=5418) to work on /home/airflow/.local/lib/python3.7/site-packages/airflow/example_dags/example_branch_operator.py
[2022-12-19T20:09:12.708+0000] {processor.py:743} INFO - Processing file /home/airflow/.local/lib/python3.7/site-packages/airflow/example_dags/example_branch_operator.py for tasks to queue
[2022-12-19T20:09:12.708+0000] {logging_mixin.py:137} INFO - [2022-12-19T20:09:12.708+0000] {dagbag.py:538} INFO - Filling up the DagBag from /home/airflow/.local/lib/python3.7/site-packages/airflow/example_dags/example_branch_operator.py
[2022-12-19T20:09:12.727+0000] {processor.py:753} INFO - DAG(s) dict_keys(['example_branch_operator']) retrieved from /home/airflow/.local/lib/python3.7/site-packages/airflow/example_dags/example_branch_operator.py
[2022-12-19T20:09:12.772+0000] {logging_mixin.py:137} INFO - [2022-12-19T20:09:12.772+0000] {dag.py:2676} INFO - Sync 1 DAGs
[2022-12-19T20:09:12.806+0000] {logging_mixin.py:137} INFO - [2022-12-19T20:09:12.806+0000] {dag.py:3427} INFO - Setting next_dagrun for example_branch_operator to 2022-12-18T00:00:00+00:00, run_after=2022-12-19T00:00:00+00:00
[2022-12-19T20:09:12.828+0000] {processor.py:175} INFO - Processing /home/airflow/.local/lib/python3.7/site-packages/airflow/example_dags/example_branch_operator.py took 0.125 seconds
[2022-12-19T20:09:43.263+0000] {processor.py:153} INFO - Started process (PID=5528) to work on /home/airflow/.local/lib/python3.7/site-packages/airflow/example_dags/example_branch_operator.py
[2022-12-19T20:09:43.264+0000] {processor.py:743} INFO - Processing file /home/airflow/.local/lib/python3.7/site-packages/airflow/example_dags/example_branch_operator.py for tasks to queue
[2022-12-19T20:09:43.264+0000] {logging_mixin.py:137} INFO - [2022-12-19T20:09:43.264+0000] {dagbag.py:538} INFO - Filling up the DagBag from /home/airflow/.local/lib/python3.7/site-packages/airflow/example_dags/example_branch_operator.py
[2022-12-19T20:09:43.282+0000] {processor.py:753} INFO - DAG(s) dict_keys(['example_branch_operator']) retrieved from /home/airflow/.local/lib/python3.7/site-packages/airflow/example_dags/example_branch_operator.py
[2022-12-19T20:09:43.323+0000] {logging_mixin.py:137} INFO - [2022-12-19T20:09:43.322+0000] {dag.py:2676} INFO - Sync 1 DAGs
[2022-12-19T20:09:43.350+0000] {logging_mixin.py:137} INFO - [2022-12-19T20:09:43.350+0000] {dag.py:3427} INFO - Setting next_dagrun for example_branch_operator to 2022-12-18T00:00:00+00:00, run_after=2022-12-19T00:00:00+00:00
[2022-12-19T20:09:43.370+0000] {processor.py:175} INFO - Processing /home/airflow/.local/lib/python3.7/site-packages/airflow/example_dags/example_branch_operator.py took 0.111 seconds
[2022-12-19T20:10:13.492+0000] {processor.py:153} INFO - Started process (PID=5614) to work on /home/airflow/.local/lib/python3.7/site-packages/airflow/example_dags/example_branch_operator.py
[2022-12-19T20:10:13.493+0000] {processor.py:743} INFO - Processing file /home/airflow/.local/lib/python3.7/site-packages/airflow/example_dags/example_branch_operator.py for tasks to queue
[2022-12-19T20:10:13.494+0000] {logging_mixin.py:137} INFO - [2022-12-19T20:10:13.494+0000] {dagbag.py:538} INFO - Filling up the DagBag from /home/airflow/.local/lib/python3.7/site-packages/airflow/example_dags/example_branch_operator.py
[2022-12-19T20:10:13.513+0000] {processor.py:753} INFO - DAG(s) dict_keys(['example_branch_operator']) retrieved from /home/airflow/.local/lib/python3.7/site-packages/airflow/example_dags/example_branch_operator.py
[2022-12-19T20:10:13.556+0000] {logging_mixin.py:137} INFO - [2022-12-19T20:10:13.556+0000] {dag.py:2676} INFO - Sync 1 DAGs
[2022-12-19T20:10:13.591+0000] {logging_mixin.py:137} INFO - [2022-12-19T20:10:13.591+0000] {dag.py:3427} INFO - Setting next_dagrun for example_branch_operator to 2022-12-18T00:00:00+00:00, run_after=2022-12-19T00:00:00+00:00
[2022-12-19T20:10:13.615+0000] {processor.py:175} INFO - Processing /home/airflow/.local/lib/python3.7/site-packages/airflow/example_dags/example_branch_operator.py took 0.126 seconds
[2022-12-19T20:10:43.667+0000] {processor.py:153} INFO - Started process (PID=5700) to work on /home/airflow/.local/lib/python3.7/site-packages/airflow/example_dags/example_branch_operator.py
[2022-12-19T20:10:43.668+0000] {processor.py:743} INFO - Processing file /home/airflow/.local/lib/python3.7/site-packages/airflow/example_dags/example_branch_operator.py for tasks to queue
[2022-12-19T20:10:43.668+0000] {logging_mixin.py:137} INFO - [2022-12-19T20:10:43.668+0000] {dagbag.py:538} INFO - Filling up the DagBag from /home/airflow/.local/lib/python3.7/site-packages/airflow/example_dags/example_branch_operator.py
[2022-12-19T20:10:43.686+0000] {processor.py:753} INFO - DAG(s) dict_keys(['example_branch_operator']) retrieved from /home/airflow/.local/lib/python3.7/site-packages/airflow/example_dags/example_branch_operator.py
[2022-12-19T20:10:43.731+0000] {logging_mixin.py:137} INFO - [2022-12-19T20:10:43.731+0000] {dag.py:2676} INFO - Sync 1 DAGs
[2022-12-19T20:10:43.763+0000] {logging_mixin.py:137} INFO - [2022-12-19T20:10:43.763+0000] {dag.py:3427} INFO - Setting next_dagrun for example_branch_operator to 2022-12-18T00:00:00+00:00, run_after=2022-12-19T00:00:00+00:00
[2022-12-19T20:10:43.787+0000] {processor.py:175} INFO - Processing /home/airflow/.local/lib/python3.7/site-packages/airflow/example_dags/example_branch_operator.py took 0.123 seconds
[2022-12-19T20:11:13.817+0000] {processor.py:153} INFO - Started process (PID=5810) to work on /home/airflow/.local/lib/python3.7/site-packages/airflow/example_dags/example_branch_operator.py
[2022-12-19T20:11:13.818+0000] {processor.py:743} INFO - Processing file /home/airflow/.local/lib/python3.7/site-packages/airflow/example_dags/example_branch_operator.py for tasks to queue
[2022-12-19T20:11:13.819+0000] {logging_mixin.py:137} INFO - [2022-12-19T20:11:13.819+0000] {dagbag.py:538} INFO - Filling up the DagBag from /home/airflow/.local/lib/python3.7/site-packages/airflow/example_dags/example_branch_operator.py
[2022-12-19T20:11:13.838+0000] {processor.py:753} INFO - DAG(s) dict_keys(['example_branch_operator']) retrieved from /home/airflow/.local/lib/python3.7/site-packages/airflow/example_dags/example_branch_operator.py
[2022-12-19T20:11:13.879+0000] {logging_mixin.py:137} INFO - [2022-12-19T20:11:13.879+0000] {dag.py:2676} INFO - Sync 1 DAGs
[2022-12-19T20:11:13.911+0000] {logging_mixin.py:137} INFO - [2022-12-19T20:11:13.911+0000] {dag.py:3427} INFO - Setting next_dagrun for example_branch_operator to 2022-12-18T00:00:00+00:00, run_after=2022-12-19T00:00:00+00:00
[2022-12-19T20:11:13.929+0000] {processor.py:175} INFO - Processing /home/airflow/.local/lib/python3.7/site-packages/airflow/example_dags/example_branch_operator.py took 0.115 seconds
[2022-12-19T20:11:43.991+0000] {processor.py:153} INFO - Started process (PID=5897) to work on /home/airflow/.local/lib/python3.7/site-packages/airflow/example_dags/example_branch_operator.py
[2022-12-19T20:11:43.992+0000] {processor.py:743} INFO - Processing file /home/airflow/.local/lib/python3.7/site-packages/airflow/example_dags/example_branch_operator.py for tasks to queue
[2022-12-19T20:11:43.992+0000] {logging_mixin.py:137} INFO - [2022-12-19T20:11:43.992+0000] {dagbag.py:538} INFO - Filling up the DagBag from /home/airflow/.local/lib/python3.7/site-packages/airflow/example_dags/example_branch_operator.py
[2022-12-19T20:11:44.010+0000] {processor.py:753} INFO - DAG(s) dict_keys(['example_branch_operator']) retrieved from /home/airflow/.local/lib/python3.7/site-packages/airflow/example_dags/example_branch_operator.py
[2022-12-19T20:11:44.057+0000] {logging_mixin.py:137} INFO - [2022-12-19T20:11:44.056+0000] {dag.py:2676} INFO - Sync 1 DAGs
[2022-12-19T20:11:44.095+0000] {logging_mixin.py:137} INFO - [2022-12-19T20:11:44.094+0000] {dag.py:3427} INFO - Setting next_dagrun for example_branch_operator to 2022-12-18T00:00:00+00:00, run_after=2022-12-19T00:00:00+00:00
[2022-12-19T20:11:44.121+0000] {processor.py:175} INFO - Processing /home/airflow/.local/lib/python3.7/site-packages/airflow/example_dags/example_branch_operator.py took 0.132 seconds
[2022-12-19T20:12:14.284+0000] {processor.py:153} INFO - Started process (PID=6007) to work on /home/airflow/.local/lib/python3.7/site-packages/airflow/example_dags/example_branch_operator.py
[2022-12-19T20:12:14.285+0000] {processor.py:743} INFO - Processing file /home/airflow/.local/lib/python3.7/site-packages/airflow/example_dags/example_branch_operator.py for tasks to queue
[2022-12-19T20:12:14.285+0000] {logging_mixin.py:137} INFO - [2022-12-19T20:12:14.285+0000] {dagbag.py:538} INFO - Filling up the DagBag from /home/airflow/.local/lib/python3.7/site-packages/airflow/example_dags/example_branch_operator.py
[2022-12-19T20:12:14.304+0000] {processor.py:753} INFO - DAG(s) dict_keys(['example_branch_operator']) retrieved from /home/airflow/.local/lib/python3.7/site-packages/airflow/example_dags/example_branch_operator.py
[2022-12-19T20:12:14.350+0000] {logging_mixin.py:137} INFO - [2022-12-19T20:12:14.349+0000] {dag.py:2676} INFO - Sync 1 DAGs
[2022-12-19T20:12:14.381+0000] {logging_mixin.py:137} INFO - [2022-12-19T20:12:14.381+0000] {dag.py:3427} INFO - Setting next_dagrun for example_branch_operator to 2022-12-18T00:00:00+00:00, run_after=2022-12-19T00:00:00+00:00
[2022-12-19T20:12:14.401+0000] {processor.py:175} INFO - Processing /home/airflow/.local/lib/python3.7/site-packages/airflow/example_dags/example_branch_operator.py took 0.121 seconds
[2022-12-19T20:12:44.820+0000] {processor.py:153} INFO - Started process (PID=6093) to work on /home/airflow/.local/lib/python3.7/site-packages/airflow/example_dags/example_branch_operator.py
[2022-12-19T20:12:44.821+0000] {processor.py:743} INFO - Processing file /home/airflow/.local/lib/python3.7/site-packages/airflow/example_dags/example_branch_operator.py for tasks to queue
[2022-12-19T20:12:44.822+0000] {logging_mixin.py:137} INFO - [2022-12-19T20:12:44.822+0000] {dagbag.py:538} INFO - Filling up the DagBag from /home/airflow/.local/lib/python3.7/site-packages/airflow/example_dags/example_branch_operator.py
[2022-12-19T20:12:44.840+0000] {processor.py:753} INFO - DAG(s) dict_keys(['example_branch_operator']) retrieved from /home/airflow/.local/lib/python3.7/site-packages/airflow/example_dags/example_branch_operator.py
[2022-12-19T20:12:44.879+0000] {logging_mixin.py:137} INFO - [2022-12-19T20:12:44.879+0000] {dag.py:2676} INFO - Sync 1 DAGs
[2022-12-19T20:12:44.910+0000] {logging_mixin.py:137} INFO - [2022-12-19T20:12:44.909+0000] {dag.py:3427} INFO - Setting next_dagrun for example_branch_operator to 2022-12-18T00:00:00+00:00, run_after=2022-12-19T00:00:00+00:00
[2022-12-19T20:12:44.929+0000] {processor.py:175} INFO - Processing /home/airflow/.local/lib/python3.7/site-packages/airflow/example_dags/example_branch_operator.py took 0.111 seconds
[2022-12-19T20:13:15.240+0000] {processor.py:153} INFO - Started process (PID=6179) to work on /home/airflow/.local/lib/python3.7/site-packages/airflow/example_dags/example_branch_operator.py
[2022-12-19T20:13:15.241+0000] {processor.py:743} INFO - Processing file /home/airflow/.local/lib/python3.7/site-packages/airflow/example_dags/example_branch_operator.py for tasks to queue
[2022-12-19T20:13:15.241+0000] {logging_mixin.py:137} INFO - [2022-12-19T20:13:15.241+0000] {dagbag.py:538} INFO - Filling up the DagBag from /home/airflow/.local/lib/python3.7/site-packages/airflow/example_dags/example_branch_operator.py
[2022-12-19T20:13:15.258+0000] {processor.py:753} INFO - DAG(s) dict_keys(['example_branch_operator']) retrieved from /home/airflow/.local/lib/python3.7/site-packages/airflow/example_dags/example_branch_operator.py
[2022-12-19T20:13:15.298+0000] {logging_mixin.py:137} INFO - [2022-12-19T20:13:15.298+0000] {dag.py:2676} INFO - Sync 1 DAGs
[2022-12-19T20:13:15.329+0000] {logging_mixin.py:137} INFO - [2022-12-19T20:13:15.329+0000] {dag.py:3427} INFO - Setting next_dagrun for example_branch_operator to 2022-12-18T00:00:00+00:00, run_after=2022-12-19T00:00:00+00:00
[2022-12-19T20:13:15.348+0000] {processor.py:175} INFO - Processing /home/airflow/.local/lib/python3.7/site-packages/airflow/example_dags/example_branch_operator.py took 0.111 seconds
[2022-12-19T20:13:45.634+0000] {processor.py:153} INFO - Started process (PID=6289) to work on /home/airflow/.local/lib/python3.7/site-packages/airflow/example_dags/example_branch_operator.py
[2022-12-19T20:13:45.635+0000] {processor.py:743} INFO - Processing file /home/airflow/.local/lib/python3.7/site-packages/airflow/example_dags/example_branch_operator.py for tasks to queue
[2022-12-19T20:13:45.636+0000] {logging_mixin.py:137} INFO - [2022-12-19T20:13:45.636+0000] {dagbag.py:538} INFO - Filling up the DagBag from /home/airflow/.local/lib/python3.7/site-packages/airflow/example_dags/example_branch_operator.py
[2022-12-19T20:13:45.657+0000] {processor.py:753} INFO - DAG(s) dict_keys(['example_branch_operator']) retrieved from /home/airflow/.local/lib/python3.7/site-packages/airflow/example_dags/example_branch_operator.py
[2022-12-19T20:13:45.702+0000] {logging_mixin.py:137} INFO - [2022-12-19T20:13:45.701+0000] {dag.py:2676} INFO - Sync 1 DAGs
[2022-12-19T20:13:45.734+0000] {logging_mixin.py:137} INFO - [2022-12-19T20:13:45.733+0000] {dag.py:3427} INFO - Setting next_dagrun for example_branch_operator to 2022-12-18T00:00:00+00:00, run_after=2022-12-19T00:00:00+00:00
[2022-12-19T20:13:45.754+0000] {processor.py:175} INFO - Processing /home/airflow/.local/lib/python3.7/site-packages/airflow/example_dags/example_branch_operator.py took 0.123 seconds
[2022-12-19T20:14:15.897+0000] {processor.py:153} INFO - Started process (PID=6375) to work on /home/airflow/.local/lib/python3.7/site-packages/airflow/example_dags/example_branch_operator.py
[2022-12-19T20:14:15.898+0000] {processor.py:743} INFO - Processing file /home/airflow/.local/lib/python3.7/site-packages/airflow/example_dags/example_branch_operator.py for tasks to queue
[2022-12-19T20:14:15.899+0000] {logging_mixin.py:137} INFO - [2022-12-19T20:14:15.899+0000] {dagbag.py:538} INFO - Filling up the DagBag from /home/airflow/.local/lib/python3.7/site-packages/airflow/example_dags/example_branch_operator.py
[2022-12-19T20:14:15.918+0000] {processor.py:753} INFO - DAG(s) dict_keys(['example_branch_operator']) retrieved from /home/airflow/.local/lib/python3.7/site-packages/airflow/example_dags/example_branch_operator.py
[2022-12-19T20:14:15.961+0000] {logging_mixin.py:137} INFO - [2022-12-19T20:14:15.961+0000] {dag.py:2676} INFO - Sync 1 DAGs
[2022-12-19T20:14:15.991+0000] {logging_mixin.py:137} INFO - [2022-12-19T20:14:15.991+0000] {dag.py:3427} INFO - Setting next_dagrun for example_branch_operator to 2022-12-18T00:00:00+00:00, run_after=2022-12-19T00:00:00+00:00
[2022-12-19T20:14:16.011+0000] {processor.py:175} INFO - Processing /home/airflow/.local/lib/python3.7/site-packages/airflow/example_dags/example_branch_operator.py took 0.117 seconds
[2022-12-19T20:14:46.430+0000] {processor.py:153} INFO - Started process (PID=6461) to work on /home/airflow/.local/lib/python3.7/site-packages/airflow/example_dags/example_branch_operator.py
[2022-12-19T20:14:46.431+0000] {processor.py:743} INFO - Processing file /home/airflow/.local/lib/python3.7/site-packages/airflow/example_dags/example_branch_operator.py for tasks to queue
[2022-12-19T20:14:46.432+0000] {logging_mixin.py:137} INFO - [2022-12-19T20:14:46.432+0000] {dagbag.py:538} INFO - Filling up the DagBag from /home/airflow/.local/lib/python3.7/site-packages/airflow/example_dags/example_branch_operator.py
[2022-12-19T20:14:46.451+0000] {processor.py:753} INFO - DAG(s) dict_keys(['example_branch_operator']) retrieved from /home/airflow/.local/lib/python3.7/site-packages/airflow/example_dags/example_branch_operator.py
[2022-12-19T20:14:46.496+0000] {logging_mixin.py:137} INFO - [2022-12-19T20:14:46.495+0000] {dag.py:2676} INFO - Sync 1 DAGs
[2022-12-19T20:14:46.527+0000] {logging_mixin.py:137} INFO - [2022-12-19T20:14:46.527+0000] {dag.py:3427} INFO - Setting next_dagrun for example_branch_operator to 2022-12-18T00:00:00+00:00, run_after=2022-12-19T00:00:00+00:00
[2022-12-19T20:14:46.546+0000] {processor.py:175} INFO - Processing /home/airflow/.local/lib/python3.7/site-packages/airflow/example_dags/example_branch_operator.py took 0.119 seconds
[2022-12-19T20:15:17.403+0000] {processor.py:153} INFO - Started process (PID=6571) to work on /home/airflow/.local/lib/python3.7/site-packages/airflow/example_dags/example_branch_operator.py
[2022-12-19T20:15:17.404+0000] {processor.py:743} INFO - Processing file /home/airflow/.local/lib/python3.7/site-packages/airflow/example_dags/example_branch_operator.py for tasks to queue
[2022-12-19T20:15:17.404+0000] {logging_mixin.py:137} INFO - [2022-12-19T20:15:17.404+0000] {dagbag.py:538} INFO - Filling up the DagBag from /home/airflow/.local/lib/python3.7/site-packages/airflow/example_dags/example_branch_operator.py
[2022-12-19T20:15:17.423+0000] {processor.py:753} INFO - DAG(s) dict_keys(['example_branch_operator']) retrieved from /home/airflow/.local/lib/python3.7/site-packages/airflow/example_dags/example_branch_operator.py
[2022-12-19T20:15:17.466+0000] {logging_mixin.py:137} INFO - [2022-12-19T20:15:17.465+0000] {dag.py:2676} INFO - Sync 1 DAGs
[2022-12-19T20:15:17.496+0000] {logging_mixin.py:137} INFO - [2022-12-19T20:15:17.496+0000] {dag.py:3427} INFO - Setting next_dagrun for example_branch_operator to 2022-12-18T00:00:00+00:00, run_after=2022-12-19T00:00:00+00:00
[2022-12-19T20:15:17.515+0000] {processor.py:175} INFO - Processing /home/airflow/.local/lib/python3.7/site-packages/airflow/example_dags/example_branch_operator.py took 0.116 seconds
[2022-12-19T20:15:47.815+0000] {processor.py:153} INFO - Started process (PID=6657) to work on /home/airflow/.local/lib/python3.7/site-packages/airflow/example_dags/example_branch_operator.py
[2022-12-19T20:15:47.816+0000] {processor.py:743} INFO - Processing file /home/airflow/.local/lib/python3.7/site-packages/airflow/example_dags/example_branch_operator.py for tasks to queue
[2022-12-19T20:15:47.816+0000] {logging_mixin.py:137} INFO - [2022-12-19T20:15:47.816+0000] {dagbag.py:538} INFO - Filling up the DagBag from /home/airflow/.local/lib/python3.7/site-packages/airflow/example_dags/example_branch_operator.py
[2022-12-19T20:15:47.834+0000] {processor.py:753} INFO - DAG(s) dict_keys(['example_branch_operator']) retrieved from /home/airflow/.local/lib/python3.7/site-packages/airflow/example_dags/example_branch_operator.py
[2022-12-19T20:15:47.876+0000] {logging_mixin.py:137} INFO - [2022-12-19T20:15:47.875+0000] {dag.py:2676} INFO - Sync 1 DAGs
[2022-12-19T20:15:47.902+0000] {logging_mixin.py:137} INFO - [2022-12-19T20:15:47.902+0000] {dag.py:3427} INFO - Setting next_dagrun for example_branch_operator to 2022-12-18T00:00:00+00:00, run_after=2022-12-19T00:00:00+00:00
[2022-12-19T20:15:47.919+0000] {processor.py:175} INFO - Processing /home/airflow/.local/lib/python3.7/site-packages/airflow/example_dags/example_branch_operator.py took 0.107 seconds
[2022-12-19T20:16:18.301+0000] {processor.py:153} INFO - Started process (PID=6767) to work on /home/airflow/.local/lib/python3.7/site-packages/airflow/example_dags/example_branch_operator.py
[2022-12-19T20:16:18.302+0000] {processor.py:743} INFO - Processing file /home/airflow/.local/lib/python3.7/site-packages/airflow/example_dags/example_branch_operator.py for tasks to queue
[2022-12-19T20:16:18.303+0000] {logging_mixin.py:137} INFO - [2022-12-19T20:16:18.303+0000] {dagbag.py:538} INFO - Filling up the DagBag from /home/airflow/.local/lib/python3.7/site-packages/airflow/example_dags/example_branch_operator.py
[2022-12-19T20:16:18.327+0000] {processor.py:753} INFO - DAG(s) dict_keys(['example_branch_operator']) retrieved from /home/airflow/.local/lib/python3.7/site-packages/airflow/example_dags/example_branch_operator.py
[2022-12-19T20:16:18.386+0000] {logging_mixin.py:137} INFO - [2022-12-19T20:16:18.386+0000] {dag.py:2676} INFO - Sync 1 DAGs
[2022-12-19T20:16:18.429+0000] {logging_mixin.py:137} INFO - [2022-12-19T20:16:18.429+0000] {dag.py:3427} INFO - Setting next_dagrun for example_branch_operator to 2022-12-18T00:00:00+00:00, run_after=2022-12-19T00:00:00+00:00
[2022-12-19T20:16:18.455+0000] {processor.py:175} INFO - Processing /home/airflow/.local/lib/python3.7/site-packages/airflow/example_dags/example_branch_operator.py took 0.157 seconds
[2022-12-19T20:16:48.827+0000] {processor.py:153} INFO - Started process (PID=6853) to work on /home/airflow/.local/lib/python3.7/site-packages/airflow/example_dags/example_branch_operator.py
[2022-12-19T20:16:48.828+0000] {processor.py:743} INFO - Processing file /home/airflow/.local/lib/python3.7/site-packages/airflow/example_dags/example_branch_operator.py for tasks to queue
[2022-12-19T20:16:48.829+0000] {logging_mixin.py:137} INFO - [2022-12-19T20:16:48.829+0000] {dagbag.py:538} INFO - Filling up the DagBag from /home/airflow/.local/lib/python3.7/site-packages/airflow/example_dags/example_branch_operator.py
[2022-12-19T20:16:48.855+0000] {processor.py:753} INFO - DAG(s) dict_keys(['example_branch_operator']) retrieved from /home/airflow/.local/lib/python3.7/site-packages/airflow/example_dags/example_branch_operator.py
[2022-12-19T20:16:48.914+0000] {logging_mixin.py:137} INFO - [2022-12-19T20:16:48.913+0000] {dag.py:2676} INFO - Sync 1 DAGs
[2022-12-19T20:16:48.957+0000] {logging_mixin.py:137} INFO - [2022-12-19T20:16:48.957+0000] {dag.py:3427} INFO - Setting next_dagrun for example_branch_operator to 2022-12-18T00:00:00+00:00, run_after=2022-12-19T00:00:00+00:00
[2022-12-19T20:16:48.986+0000] {processor.py:175} INFO - Processing /home/airflow/.local/lib/python3.7/site-packages/airflow/example_dags/example_branch_operator.py took 0.163 seconds
[2022-12-19T20:17:19.292+0000] {processor.py:153} INFO - Started process (PID=6939) to work on /home/airflow/.local/lib/python3.7/site-packages/airflow/example_dags/example_branch_operator.py
[2022-12-19T20:17:19.293+0000] {processor.py:743} INFO - Processing file /home/airflow/.local/lib/python3.7/site-packages/airflow/example_dags/example_branch_operator.py for tasks to queue
[2022-12-19T20:17:19.294+0000] {logging_mixin.py:137} INFO - [2022-12-19T20:17:19.294+0000] {dagbag.py:538} INFO - Filling up the DagBag from /home/airflow/.local/lib/python3.7/site-packages/airflow/example_dags/example_branch_operator.py
[2022-12-19T20:17:19.325+0000] {processor.py:753} INFO - DAG(s) dict_keys(['example_branch_operator']) retrieved from /home/airflow/.local/lib/python3.7/site-packages/airflow/example_dags/example_branch_operator.py
[2022-12-19T20:17:19.389+0000] {logging_mixin.py:137} INFO - [2022-12-19T20:17:19.389+0000] {dag.py:2676} INFO - Sync 1 DAGs
[2022-12-19T20:17:19.450+0000] {logging_mixin.py:137} INFO - [2022-12-19T20:17:19.450+0000] {dag.py:3427} INFO - Setting next_dagrun for example_branch_operator to 2022-12-18T00:00:00+00:00, run_after=2022-12-19T00:00:00+00:00
[2022-12-19T20:17:19.487+0000] {processor.py:175} INFO - Processing /home/airflow/.local/lib/python3.7/site-packages/airflow/example_dags/example_branch_operator.py took 0.200 seconds
[2022-12-19T20:17:50.458+0000] {processor.py:153} INFO - Started process (PID=7025) to work on /home/airflow/.local/lib/python3.7/site-packages/airflow/example_dags/example_branch_operator.py
[2022-12-19T20:17:50.459+0000] {processor.py:743} INFO - Processing file /home/airflow/.local/lib/python3.7/site-packages/airflow/example_dags/example_branch_operator.py for tasks to queue
[2022-12-19T20:17:50.459+0000] {logging_mixin.py:137} INFO - [2022-12-19T20:17:50.459+0000] {dagbag.py:538} INFO - Filling up the DagBag from /home/airflow/.local/lib/python3.7/site-packages/airflow/example_dags/example_branch_operator.py
[2022-12-19T20:17:50.480+0000] {processor.py:753} INFO - DAG(s) dict_keys(['example_branch_operator']) retrieved from /home/airflow/.local/lib/python3.7/site-packages/airflow/example_dags/example_branch_operator.py
[2022-12-19T20:17:50.525+0000] {logging_mixin.py:137} INFO - [2022-12-19T20:17:50.525+0000] {dag.py:2676} INFO - Sync 1 DAGs
[2022-12-19T20:17:50.557+0000] {logging_mixin.py:137} INFO - [2022-12-19T20:17:50.557+0000] {dag.py:3427} INFO - Setting next_dagrun for example_branch_operator to 2022-12-18T00:00:00+00:00, run_after=2022-12-19T00:00:00+00:00
[2022-12-19T20:17:50.580+0000] {processor.py:175} INFO - Processing /home/airflow/.local/lib/python3.7/site-packages/airflow/example_dags/example_branch_operator.py took 0.126 seconds
[2022-12-19T20:18:21.424+0000] {processor.py:153} INFO - Started process (PID=7135) to work on /home/airflow/.local/lib/python3.7/site-packages/airflow/example_dags/example_branch_operator.py
[2022-12-19T20:18:21.425+0000] {processor.py:743} INFO - Processing file /home/airflow/.local/lib/python3.7/site-packages/airflow/example_dags/example_branch_operator.py for tasks to queue
[2022-12-19T20:18:21.426+0000] {logging_mixin.py:137} INFO - [2022-12-19T20:18:21.426+0000] {dagbag.py:538} INFO - Filling up the DagBag from /home/airflow/.local/lib/python3.7/site-packages/airflow/example_dags/example_branch_operator.py
[2022-12-19T20:18:21.444+0000] {processor.py:753} INFO - DAG(s) dict_keys(['example_branch_operator']) retrieved from /home/airflow/.local/lib/python3.7/site-packages/airflow/example_dags/example_branch_operator.py
[2022-12-19T20:18:21.573+0000] {logging_mixin.py:137} INFO - [2022-12-19T20:18:21.573+0000] {dag.py:2676} INFO - Sync 1 DAGs
[2022-12-19T20:18:21.606+0000] {logging_mixin.py:137} INFO - [2022-12-19T20:18:21.606+0000] {dag.py:3427} INFO - Setting next_dagrun for example_branch_operator to 2022-12-18T00:00:00+00:00, run_after=2022-12-19T00:00:00+00:00
[2022-12-19T20:18:21.628+0000] {processor.py:175} INFO - Processing /home/airflow/.local/lib/python3.7/site-packages/airflow/example_dags/example_branch_operator.py took 0.206 seconds
[2022-12-19T20:18:51.731+0000] {processor.py:153} INFO - Started process (PID=7221) to work on /home/airflow/.local/lib/python3.7/site-packages/airflow/example_dags/example_branch_operator.py
[2022-12-19T20:18:51.732+0000] {processor.py:743} INFO - Processing file /home/airflow/.local/lib/python3.7/site-packages/airflow/example_dags/example_branch_operator.py for tasks to queue
[2022-12-19T20:18:51.733+0000] {logging_mixin.py:137} INFO - [2022-12-19T20:18:51.733+0000] {dagbag.py:538} INFO - Filling up the DagBag from /home/airflow/.local/lib/python3.7/site-packages/airflow/example_dags/example_branch_operator.py
[2022-12-19T20:18:51.751+0000] {processor.py:753} INFO - DAG(s) dict_keys(['example_branch_operator']) retrieved from /home/airflow/.local/lib/python3.7/site-packages/airflow/example_dags/example_branch_operator.py
[2022-12-19T20:18:51.795+0000] {logging_mixin.py:137} INFO - [2022-12-19T20:18:51.794+0000] {dag.py:2676} INFO - Sync 1 DAGs
[2022-12-19T20:18:51.824+0000] {logging_mixin.py:137} INFO - [2022-12-19T20:18:51.824+0000] {dag.py:3427} INFO - Setting next_dagrun for example_branch_operator to 2022-12-18T00:00:00+00:00, run_after=2022-12-19T00:00:00+00:00
[2022-12-19T20:18:51.843+0000] {processor.py:175} INFO - Processing /home/airflow/.local/lib/python3.7/site-packages/airflow/example_dags/example_branch_operator.py took 0.115 seconds
[2022-12-19T20:19:21.925+0000] {processor.py:153} INFO - Started process (PID=7331) to work on /home/airflow/.local/lib/python3.7/site-packages/airflow/example_dags/example_branch_operator.py
[2022-12-19T20:19:21.926+0000] {processor.py:743} INFO - Processing file /home/airflow/.local/lib/python3.7/site-packages/airflow/example_dags/example_branch_operator.py for tasks to queue
[2022-12-19T20:19:21.926+0000] {logging_mixin.py:137} INFO - [2022-12-19T20:19:21.926+0000] {dagbag.py:538} INFO - Filling up the DagBag from /home/airflow/.local/lib/python3.7/site-packages/airflow/example_dags/example_branch_operator.py
[2022-12-19T20:19:21.944+0000] {processor.py:753} INFO - DAG(s) dict_keys(['example_branch_operator']) retrieved from /home/airflow/.local/lib/python3.7/site-packages/airflow/example_dags/example_branch_operator.py
[2022-12-19T20:19:21.989+0000] {logging_mixin.py:137} INFO - [2022-12-19T20:19:21.989+0000] {dag.py:2676} INFO - Sync 1 DAGs
[2022-12-19T20:19:22.021+0000] {logging_mixin.py:137} INFO - [2022-12-19T20:19:22.021+0000] {dag.py:3427} INFO - Setting next_dagrun for example_branch_operator to 2022-12-18T00:00:00+00:00, run_after=2022-12-19T00:00:00+00:00
[2022-12-19T20:19:22.042+0000] {processor.py:175} INFO - Processing /home/airflow/.local/lib/python3.7/site-packages/airflow/example_dags/example_branch_operator.py took 0.121 seconds
[2022-12-19T20:19:52.097+0000] {processor.py:153} INFO - Started process (PID=7417) to work on /home/airflow/.local/lib/python3.7/site-packages/airflow/example_dags/example_branch_operator.py
[2022-12-19T20:19:52.098+0000] {processor.py:743} INFO - Processing file /home/airflow/.local/lib/python3.7/site-packages/airflow/example_dags/example_branch_operator.py for tasks to queue
[2022-12-19T20:19:52.098+0000] {logging_mixin.py:137} INFO - [2022-12-19T20:19:52.098+0000] {dagbag.py:538} INFO - Filling up the DagBag from /home/airflow/.local/lib/python3.7/site-packages/airflow/example_dags/example_branch_operator.py
[2022-12-19T20:19:52.118+0000] {processor.py:753} INFO - DAG(s) dict_keys(['example_branch_operator']) retrieved from /home/airflow/.local/lib/python3.7/site-packages/airflow/example_dags/example_branch_operator.py
[2022-12-19T20:19:52.159+0000] {logging_mixin.py:137} INFO - [2022-12-19T20:19:52.159+0000] {dag.py:2676} INFO - Sync 1 DAGs
[2022-12-19T20:19:52.191+0000] {logging_mixin.py:137} INFO - [2022-12-19T20:19:52.191+0000] {dag.py:3427} INFO - Setting next_dagrun for example_branch_operator to 2022-12-18T00:00:00+00:00, run_after=2022-12-19T00:00:00+00:00
[2022-12-19T20:19:52.210+0000] {processor.py:175} INFO - Processing /home/airflow/.local/lib/python3.7/site-packages/airflow/example_dags/example_branch_operator.py took 0.117 seconds
