[2022-12-19T19:45:53.680+0000] {processor.py:153} INFO - Started process (PID=1166) to work on /home/airflow/.local/lib/python3.7/site-packages/airflow/example_dags/example_task_group_decorator.py
[2022-12-19T19:45:53.681+0000] {processor.py:743} INFO - Processing file /home/airflow/.local/lib/python3.7/site-packages/airflow/example_dags/example_task_group_decorator.py for tasks to queue
[2022-12-19T19:45:53.682+0000] {logging_mixin.py:137} INFO - [2022-12-19T19:45:53.682+0000] {dagbag.py:538} INFO - Filling up the DagBag from /home/airflow/.local/lib/python3.7/site-packages/airflow/example_dags/example_task_group_decorator.py
[2022-12-19T19:45:53.777+0000] {processor.py:753} INFO - DAG(s) dict_keys(['example_task_group_decorator']) retrieved from /home/airflow/.local/lib/python3.7/site-packages/airflow/example_dags/example_task_group_decorator.py
[2022-12-19T19:45:53.969+0000] {logging_mixin.py:137} INFO - [2022-12-19T19:45:53.969+0000] {dag.py:2676} INFO - Sync 1 DAGs
[2022-12-19T19:45:54.073+0000] {logging_mixin.py:137} INFO - [2022-12-19T19:45:54.073+0000] {dag.py:3427} INFO - Setting next_dagrun for example_task_group_decorator to 2022-12-18T19:45:54.072777+00:00, run_after=2022-12-19T19:45:54.072777+00:00
[2022-12-19T19:45:54.103+0000] {processor.py:175} INFO - Processing /home/airflow/.local/lib/python3.7/site-packages/airflow/example_dags/example_task_group_decorator.py took 0.427 seconds
[2022-12-19T19:46:24.726+0000] {processor.py:153} INFO - Started process (PID=1252) to work on /home/airflow/.local/lib/python3.7/site-packages/airflow/example_dags/example_task_group_decorator.py
[2022-12-19T19:46:24.727+0000] {processor.py:743} INFO - Processing file /home/airflow/.local/lib/python3.7/site-packages/airflow/example_dags/example_task_group_decorator.py for tasks to queue
[2022-12-19T19:46:24.727+0000] {logging_mixin.py:137} INFO - [2022-12-19T19:46:24.727+0000] {dagbag.py:538} INFO - Filling up the DagBag from /home/airflow/.local/lib/python3.7/site-packages/airflow/example_dags/example_task_group_decorator.py
[2022-12-19T19:46:24.767+0000] {processor.py:753} INFO - DAG(s) dict_keys(['example_task_group_decorator']) retrieved from /home/airflow/.local/lib/python3.7/site-packages/airflow/example_dags/example_task_group_decorator.py
[2022-12-19T19:46:24.846+0000] {logging_mixin.py:137} INFO - [2022-12-19T19:46:24.845+0000] {dag.py:2676} INFO - Sync 1 DAGs
[2022-12-19T19:46:24.912+0000] {logging_mixin.py:137} INFO - [2022-12-19T19:46:24.911+0000] {dag.py:3427} INFO - Setting next_dagrun for example_task_group_decorator to 2022-12-18T19:46:24.911429+00:00, run_after=2022-12-19T19:46:24.911429+00:00
[2022-12-19T19:46:24.943+0000] {processor.py:175} INFO - Processing /home/airflow/.local/lib/python3.7/site-packages/airflow/example_dags/example_task_group_decorator.py took 0.222 seconds
[2022-12-19T19:46:55.911+0000] {processor.py:153} INFO - Started process (PID=1338) to work on /home/airflow/.local/lib/python3.7/site-packages/airflow/example_dags/example_task_group_decorator.py
[2022-12-19T19:46:55.912+0000] {processor.py:743} INFO - Processing file /home/airflow/.local/lib/python3.7/site-packages/airflow/example_dags/example_task_group_decorator.py for tasks to queue
[2022-12-19T19:46:55.913+0000] {logging_mixin.py:137} INFO - [2022-12-19T19:46:55.913+0000] {dagbag.py:538} INFO - Filling up the DagBag from /home/airflow/.local/lib/python3.7/site-packages/airflow/example_dags/example_task_group_decorator.py
[2022-12-19T19:46:55.990+0000] {processor.py:753} INFO - DAG(s) dict_keys(['example_task_group_decorator']) retrieved from /home/airflow/.local/lib/python3.7/site-packages/airflow/example_dags/example_task_group_decorator.py
[2022-12-19T19:46:56.082+0000] {logging_mixin.py:137} INFO - [2022-12-19T19:46:56.082+0000] {dag.py:2676} INFO - Sync 1 DAGs
[2022-12-19T19:46:56.169+0000] {logging_mixin.py:137} INFO - [2022-12-19T19:46:56.169+0000] {dag.py:3427} INFO - Setting next_dagrun for example_task_group_decorator to 2022-12-18T19:46:56.168706+00:00, run_after=2022-12-19T19:46:56.168706+00:00
[2022-12-19T19:46:56.209+0000] {processor.py:175} INFO - Processing /home/airflow/.local/lib/python3.7/site-packages/airflow/example_dags/example_task_group_decorator.py took 0.301 seconds
[2022-12-19T19:47:26.323+0000] {processor.py:153} INFO - Started process (PID=1424) to work on /home/airflow/.local/lib/python3.7/site-packages/airflow/example_dags/example_task_group_decorator.py
[2022-12-19T19:47:26.324+0000] {processor.py:743} INFO - Processing file /home/airflow/.local/lib/python3.7/site-packages/airflow/example_dags/example_task_group_decorator.py for tasks to queue
[2022-12-19T19:47:26.325+0000] {logging_mixin.py:137} INFO - [2022-12-19T19:47:26.325+0000] {dagbag.py:538} INFO - Filling up the DagBag from /home/airflow/.local/lib/python3.7/site-packages/airflow/example_dags/example_task_group_decorator.py
[2022-12-19T19:47:26.358+0000] {processor.py:753} INFO - DAG(s) dict_keys(['example_task_group_decorator']) retrieved from /home/airflow/.local/lib/python3.7/site-packages/airflow/example_dags/example_task_group_decorator.py
[2022-12-19T19:47:26.419+0000] {logging_mixin.py:137} INFO - [2022-12-19T19:47:26.419+0000] {dag.py:2676} INFO - Sync 1 DAGs
[2022-12-19T19:47:26.483+0000] {logging_mixin.py:137} INFO - [2022-12-19T19:47:26.482+0000] {dag.py:3427} INFO - Setting next_dagrun for example_task_group_decorator to 2022-12-18T19:47:26.482322+00:00, run_after=2022-12-19T19:47:26.482322+00:00
[2022-12-19T19:47:26.528+0000] {processor.py:175} INFO - Processing /home/airflow/.local/lib/python3.7/site-packages/airflow/example_dags/example_task_group_decorator.py took 0.208 seconds
[2022-12-19T19:47:57.520+0000] {processor.py:153} INFO - Started process (PID=1519) to work on /home/airflow/.local/lib/python3.7/site-packages/airflow/example_dags/example_task_group_decorator.py
[2022-12-19T19:47:57.521+0000] {processor.py:743} INFO - Processing file /home/airflow/.local/lib/python3.7/site-packages/airflow/example_dags/example_task_group_decorator.py for tasks to queue
[2022-12-19T19:47:57.521+0000] {logging_mixin.py:137} INFO - [2022-12-19T19:47:57.521+0000] {dagbag.py:538} INFO - Filling up the DagBag from /home/airflow/.local/lib/python3.7/site-packages/airflow/example_dags/example_task_group_decorator.py
[2022-12-19T19:47:57.601+0000] {processor.py:753} INFO - DAG(s) dict_keys(['example_task_group_decorator']) retrieved from /home/airflow/.local/lib/python3.7/site-packages/airflow/example_dags/example_task_group_decorator.py
[2022-12-19T19:47:57.703+0000] {logging_mixin.py:137} INFO - [2022-12-19T19:47:57.703+0000] {dag.py:2676} INFO - Sync 1 DAGs
[2022-12-19T19:47:57.787+0000] {logging_mixin.py:137} INFO - [2022-12-19T19:47:57.786+0000] {dag.py:3427} INFO - Setting next_dagrun for example_task_group_decorator to 2022-12-18T19:47:57.786637+00:00, run_after=2022-12-19T19:47:57.786637+00:00
[2022-12-19T19:47:57.809+0000] {processor.py:175} INFO - Processing /home/airflow/.local/lib/python3.7/site-packages/airflow/example_dags/example_task_group_decorator.py took 0.292 seconds
[2022-12-19T19:48:28.018+0000] {processor.py:153} INFO - Started process (PID=1605) to work on /home/airflow/.local/lib/python3.7/site-packages/airflow/example_dags/example_task_group_decorator.py
[2022-12-19T19:48:28.019+0000] {processor.py:743} INFO - Processing file /home/airflow/.local/lib/python3.7/site-packages/airflow/example_dags/example_task_group_decorator.py for tasks to queue
[2022-12-19T19:48:28.020+0000] {logging_mixin.py:137} INFO - [2022-12-19T19:48:28.019+0000] {dagbag.py:538} INFO - Filling up the DagBag from /home/airflow/.local/lib/python3.7/site-packages/airflow/example_dags/example_task_group_decorator.py
[2022-12-19T19:48:28.078+0000] {processor.py:753} INFO - DAG(s) dict_keys(['example_task_group_decorator']) retrieved from /home/airflow/.local/lib/python3.7/site-packages/airflow/example_dags/example_task_group_decorator.py
[2022-12-19T19:48:28.208+0000] {logging_mixin.py:137} INFO - [2022-12-19T19:48:28.208+0000] {dag.py:2676} INFO - Sync 1 DAGs
[2022-12-19T19:48:28.243+0000] {logging_mixin.py:137} INFO - [2022-12-19T19:48:28.243+0000] {dag.py:3427} INFO - Setting next_dagrun for example_task_group_decorator to 2022-12-18T19:48:28.243101+00:00, run_after=2022-12-19T19:48:28.243101+00:00
[2022-12-19T19:48:28.264+0000] {processor.py:175} INFO - Processing /home/airflow/.local/lib/python3.7/site-packages/airflow/example_dags/example_task_group_decorator.py took 0.249 seconds
[2022-12-19T19:48:59.092+0000] {processor.py:153} INFO - Started process (PID=1706) to work on /home/airflow/.local/lib/python3.7/site-packages/airflow/example_dags/example_task_group_decorator.py
[2022-12-19T19:48:59.093+0000] {processor.py:743} INFO - Processing file /home/airflow/.local/lib/python3.7/site-packages/airflow/example_dags/example_task_group_decorator.py for tasks to queue
[2022-12-19T19:48:59.096+0000] {logging_mixin.py:137} INFO - [2022-12-19T19:48:59.095+0000] {dagbag.py:538} INFO - Filling up the DagBag from /home/airflow/.local/lib/python3.7/site-packages/airflow/example_dags/example_task_group_decorator.py
[2022-12-19T19:48:59.198+0000] {processor.py:753} INFO - DAG(s) dict_keys(['example_task_group_decorator']) retrieved from /home/airflow/.local/lib/python3.7/site-packages/airflow/example_dags/example_task_group_decorator.py
[2022-12-19T19:48:59.380+0000] {logging_mixin.py:137} INFO - [2022-12-19T19:48:59.380+0000] {dag.py:2676} INFO - Sync 1 DAGs
[2022-12-19T19:48:59.495+0000] {logging_mixin.py:137} INFO - [2022-12-19T19:48:59.495+0000] {dag.py:3427} INFO - Setting next_dagrun for example_task_group_decorator to 2022-12-18T19:48:59.495081+00:00, run_after=2022-12-19T19:48:59.495081+00:00
[2022-12-19T19:48:59.591+0000] {processor.py:175} INFO - Processing /home/airflow/.local/lib/python3.7/site-packages/airflow/example_dags/example_task_group_decorator.py took 0.507 seconds
[2022-12-19T19:49:29.812+0000] {processor.py:153} INFO - Started process (PID=1792) to work on /home/airflow/.local/lib/python3.7/site-packages/airflow/example_dags/example_task_group_decorator.py
[2022-12-19T19:49:29.813+0000] {processor.py:743} INFO - Processing file /home/airflow/.local/lib/python3.7/site-packages/airflow/example_dags/example_task_group_decorator.py for tasks to queue
[2022-12-19T19:49:29.813+0000] {logging_mixin.py:137} INFO - [2022-12-19T19:49:29.813+0000] {dagbag.py:538} INFO - Filling up the DagBag from /home/airflow/.local/lib/python3.7/site-packages/airflow/example_dags/example_task_group_decorator.py
[2022-12-19T19:49:29.896+0000] {processor.py:753} INFO - DAG(s) dict_keys(['example_task_group_decorator']) retrieved from /home/airflow/.local/lib/python3.7/site-packages/airflow/example_dags/example_task_group_decorator.py
[2022-12-19T19:49:30.183+0000] {logging_mixin.py:137} INFO - [2022-12-19T19:49:30.183+0000] {dag.py:2676} INFO - Sync 1 DAGs
[2022-12-19T19:49:30.275+0000] {logging_mixin.py:137} INFO - [2022-12-19T19:49:30.275+0000] {dag.py:3427} INFO - Setting next_dagrun for example_task_group_decorator to 2022-12-18T19:49:30.275314+00:00, run_after=2022-12-19T19:49:30.275314+00:00
[2022-12-19T19:49:30.306+0000] {processor.py:175} INFO - Processing /home/airflow/.local/lib/python3.7/site-packages/airflow/example_dags/example_task_group_decorator.py took 0.498 seconds
[2022-12-19T19:50:01.088+0000] {processor.py:153} INFO - Started process (PID=1878) to work on /home/airflow/.local/lib/python3.7/site-packages/airflow/example_dags/example_task_group_decorator.py
[2022-12-19T19:50:01.089+0000] {processor.py:743} INFO - Processing file /home/airflow/.local/lib/python3.7/site-packages/airflow/example_dags/example_task_group_decorator.py for tasks to queue
[2022-12-19T19:50:01.090+0000] {logging_mixin.py:137} INFO - [2022-12-19T19:50:01.090+0000] {dagbag.py:538} INFO - Filling up the DagBag from /home/airflow/.local/lib/python3.7/site-packages/airflow/example_dags/example_task_group_decorator.py
[2022-12-19T19:50:01.122+0000] {processor.py:753} INFO - DAG(s) dict_keys(['example_task_group_decorator']) retrieved from /home/airflow/.local/lib/python3.7/site-packages/airflow/example_dags/example_task_group_decorator.py
[2022-12-19T19:50:01.166+0000] {logging_mixin.py:137} INFO - [2022-12-19T19:50:01.166+0000] {dag.py:2676} INFO - Sync 1 DAGs
[2022-12-19T19:50:01.202+0000] {logging_mixin.py:137} INFO - [2022-12-19T19:50:01.202+0000] {dag.py:3427} INFO - Setting next_dagrun for example_task_group_decorator to 2022-12-18T19:50:01.202046+00:00, run_after=2022-12-19T19:50:01.202046+00:00
[2022-12-19T19:50:01.226+0000] {processor.py:175} INFO - Processing /home/airflow/.local/lib/python3.7/site-packages/airflow/example_dags/example_task_group_decorator.py took 0.141 seconds
[2022-12-19T19:50:32.007+0000] {processor.py:153} INFO - Started process (PID=1987) to work on /home/airflow/.local/lib/python3.7/site-packages/airflow/example_dags/example_task_group_decorator.py
[2022-12-19T19:50:32.008+0000] {processor.py:743} INFO - Processing file /home/airflow/.local/lib/python3.7/site-packages/airflow/example_dags/example_task_group_decorator.py for tasks to queue
[2022-12-19T19:50:32.009+0000] {logging_mixin.py:137} INFO - [2022-12-19T19:50:32.009+0000] {dagbag.py:538} INFO - Filling up the DagBag from /home/airflow/.local/lib/python3.7/site-packages/airflow/example_dags/example_task_group_decorator.py
[2022-12-19T19:50:32.092+0000] {processor.py:753} INFO - DAG(s) dict_keys(['example_task_group_decorator']) retrieved from /home/airflow/.local/lib/python3.7/site-packages/airflow/example_dags/example_task_group_decorator.py
[2022-12-19T19:50:32.185+0000] {logging_mixin.py:137} INFO - [2022-12-19T19:50:32.185+0000] {dag.py:2676} INFO - Sync 1 DAGs
[2022-12-19T19:50:32.214+0000] {logging_mixin.py:137} INFO - [2022-12-19T19:50:32.214+0000] {dag.py:3427} INFO - Setting next_dagrun for example_task_group_decorator to 2022-12-18T19:50:32.214059+00:00, run_after=2022-12-19T19:50:32.214059+00:00
[2022-12-19T19:50:32.274+0000] {processor.py:175} INFO - Processing /home/airflow/.local/lib/python3.7/site-packages/airflow/example_dags/example_task_group_decorator.py took 0.270 seconds
[2022-12-19T19:51:02.410+0000] {processor.py:153} INFO - Started process (PID=2074) to work on /home/airflow/.local/lib/python3.7/site-packages/airflow/example_dags/example_task_group_decorator.py
[2022-12-19T19:51:02.411+0000] {processor.py:743} INFO - Processing file /home/airflow/.local/lib/python3.7/site-packages/airflow/example_dags/example_task_group_decorator.py for tasks to queue
[2022-12-19T19:51:02.411+0000] {logging_mixin.py:137} INFO - [2022-12-19T19:51:02.411+0000] {dagbag.py:538} INFO - Filling up the DagBag from /home/airflow/.local/lib/python3.7/site-packages/airflow/example_dags/example_task_group_decorator.py
[2022-12-19T19:51:02.444+0000] {processor.py:753} INFO - DAG(s) dict_keys(['example_task_group_decorator']) retrieved from /home/airflow/.local/lib/python3.7/site-packages/airflow/example_dags/example_task_group_decorator.py
[2022-12-19T19:51:02.495+0000] {logging_mixin.py:137} INFO - [2022-12-19T19:51:02.495+0000] {dag.py:2676} INFO - Sync 1 DAGs
[2022-12-19T19:51:02.522+0000] {logging_mixin.py:137} INFO - [2022-12-19T19:51:02.522+0000] {dag.py:3427} INFO - Setting next_dagrun for example_task_group_decorator to 2022-12-18T19:51:02.521814+00:00, run_after=2022-12-19T19:51:02.521814+00:00
[2022-12-19T19:51:02.540+0000] {processor.py:175} INFO - Processing /home/airflow/.local/lib/python3.7/site-packages/airflow/example_dags/example_task_group_decorator.py took 0.133 seconds
[2022-12-19T19:51:32.598+0000] {processor.py:153} INFO - Started process (PID=2159) to work on /home/airflow/.local/lib/python3.7/site-packages/airflow/example_dags/example_task_group_decorator.py
[2022-12-19T19:51:32.599+0000] {processor.py:743} INFO - Processing file /home/airflow/.local/lib/python3.7/site-packages/airflow/example_dags/example_task_group_decorator.py for tasks to queue
[2022-12-19T19:51:32.600+0000] {logging_mixin.py:137} INFO - [2022-12-19T19:51:32.600+0000] {dagbag.py:538} INFO - Filling up the DagBag from /home/airflow/.local/lib/python3.7/site-packages/airflow/example_dags/example_task_group_decorator.py
[2022-12-19T19:51:32.631+0000] {processor.py:753} INFO - DAG(s) dict_keys(['example_task_group_decorator']) retrieved from /home/airflow/.local/lib/python3.7/site-packages/airflow/example_dags/example_task_group_decorator.py
[2022-12-19T19:51:32.678+0000] {logging_mixin.py:137} INFO - [2022-12-19T19:51:32.678+0000] {dag.py:2676} INFO - Sync 1 DAGs
[2022-12-19T19:51:32.713+0000] {logging_mixin.py:137} INFO - [2022-12-19T19:51:32.713+0000] {dag.py:3427} INFO - Setting next_dagrun for example_task_group_decorator to 2022-12-18T19:51:32.713377+00:00, run_after=2022-12-19T19:51:32.713377+00:00
[2022-12-19T19:51:32.732+0000] {processor.py:175} INFO - Processing /home/airflow/.local/lib/python3.7/site-packages/airflow/example_dags/example_task_group_decorator.py took 0.136 seconds
[2022-12-19T19:52:03.484+0000] {processor.py:153} INFO - Started process (PID=2245) to work on /home/airflow/.local/lib/python3.7/site-packages/airflow/example_dags/example_task_group_decorator.py
[2022-12-19T19:52:03.485+0000] {processor.py:743} INFO - Processing file /home/airflow/.local/lib/python3.7/site-packages/airflow/example_dags/example_task_group_decorator.py for tasks to queue
[2022-12-19T19:52:03.486+0000] {logging_mixin.py:137} INFO - [2022-12-19T19:52:03.486+0000] {dagbag.py:538} INFO - Filling up the DagBag from /home/airflow/.local/lib/python3.7/site-packages/airflow/example_dags/example_task_group_decorator.py
[2022-12-19T19:52:03.521+0000] {processor.py:753} INFO - DAG(s) dict_keys(['example_task_group_decorator']) retrieved from /home/airflow/.local/lib/python3.7/site-packages/airflow/example_dags/example_task_group_decorator.py
[2022-12-19T19:52:03.567+0000] {logging_mixin.py:137} INFO - [2022-12-19T19:52:03.567+0000] {dag.py:2676} INFO - Sync 1 DAGs
[2022-12-19T19:52:03.599+0000] {logging_mixin.py:137} INFO - [2022-12-19T19:52:03.599+0000] {dag.py:3427} INFO - Setting next_dagrun for example_task_group_decorator to 2022-12-18T19:52:03.599212+00:00, run_after=2022-12-19T19:52:03.599212+00:00
[2022-12-19T19:52:03.622+0000] {processor.py:175} INFO - Processing /home/airflow/.local/lib/python3.7/site-packages/airflow/example_dags/example_task_group_decorator.py took 0.141 seconds
[2022-12-19T19:52:33.898+0000] {processor.py:153} INFO - Started process (PID=2355) to work on /home/airflow/.local/lib/python3.7/site-packages/airflow/example_dags/example_task_group_decorator.py
[2022-12-19T19:52:33.899+0000] {processor.py:743} INFO - Processing file /home/airflow/.local/lib/python3.7/site-packages/airflow/example_dags/example_task_group_decorator.py for tasks to queue
[2022-12-19T19:52:33.900+0000] {logging_mixin.py:137} INFO - [2022-12-19T19:52:33.900+0000] {dagbag.py:538} INFO - Filling up the DagBag from /home/airflow/.local/lib/python3.7/site-packages/airflow/example_dags/example_task_group_decorator.py
[2022-12-19T19:52:33.984+0000] {processor.py:753} INFO - DAG(s) dict_keys(['example_task_group_decorator']) retrieved from /home/airflow/.local/lib/python3.7/site-packages/airflow/example_dags/example_task_group_decorator.py
[2022-12-19T19:52:34.093+0000] {logging_mixin.py:137} INFO - [2022-12-19T19:52:34.093+0000] {dag.py:2676} INFO - Sync 1 DAGs
[2022-12-19T19:52:34.171+0000] {logging_mixin.py:137} INFO - [2022-12-19T19:52:34.170+0000] {dag.py:3427} INFO - Setting next_dagrun for example_task_group_decorator to 2022-12-18T19:52:34.170641+00:00, run_after=2022-12-19T19:52:34.170641+00:00
[2022-12-19T19:52:34.195+0000] {processor.py:175} INFO - Processing /home/airflow/.local/lib/python3.7/site-packages/airflow/example_dags/example_task_group_decorator.py took 0.301 seconds
[2022-12-19T19:53:04.315+0000] {processor.py:153} INFO - Started process (PID=2441) to work on /home/airflow/.local/lib/python3.7/site-packages/airflow/example_dags/example_task_group_decorator.py
[2022-12-19T19:53:04.316+0000] {processor.py:743} INFO - Processing file /home/airflow/.local/lib/python3.7/site-packages/airflow/example_dags/example_task_group_decorator.py for tasks to queue
[2022-12-19T19:53:04.317+0000] {logging_mixin.py:137} INFO - [2022-12-19T19:53:04.317+0000] {dagbag.py:538} INFO - Filling up the DagBag from /home/airflow/.local/lib/python3.7/site-packages/airflow/example_dags/example_task_group_decorator.py
[2022-12-19T19:53:04.346+0000] {processor.py:753} INFO - DAG(s) dict_keys(['example_task_group_decorator']) retrieved from /home/airflow/.local/lib/python3.7/site-packages/airflow/example_dags/example_task_group_decorator.py
[2022-12-19T19:53:04.399+0000] {logging_mixin.py:137} INFO - [2022-12-19T19:53:04.399+0000] {dag.py:2676} INFO - Sync 1 DAGs
[2022-12-19T19:53:04.424+0000] {logging_mixin.py:137} INFO - [2022-12-19T19:53:04.424+0000] {dag.py:3427} INFO - Setting next_dagrun for example_task_group_decorator to 2022-12-18T19:53:04.424680+00:00, run_after=2022-12-19T19:53:04.424680+00:00
[2022-12-19T19:53:04.446+0000] {processor.py:175} INFO - Processing /home/airflow/.local/lib/python3.7/site-packages/airflow/example_dags/example_task_group_decorator.py took 0.133 seconds
[2022-12-19T19:53:34.583+0000] {processor.py:153} INFO - Started process (PID=2527) to work on /home/airflow/.local/lib/python3.7/site-packages/airflow/example_dags/example_task_group_decorator.py
[2022-12-19T19:53:34.584+0000] {processor.py:743} INFO - Processing file /home/airflow/.local/lib/python3.7/site-packages/airflow/example_dags/example_task_group_decorator.py for tasks to queue
[2022-12-19T19:53:34.585+0000] {logging_mixin.py:137} INFO - [2022-12-19T19:53:34.585+0000] {dagbag.py:538} INFO - Filling up the DagBag from /home/airflow/.local/lib/python3.7/site-packages/airflow/example_dags/example_task_group_decorator.py
[2022-12-19T19:53:34.626+0000] {processor.py:753} INFO - DAG(s) dict_keys(['example_task_group_decorator']) retrieved from /home/airflow/.local/lib/python3.7/site-packages/airflow/example_dags/example_task_group_decorator.py
[2022-12-19T19:53:34.683+0000] {logging_mixin.py:137} INFO - [2022-12-19T19:53:34.683+0000] {dag.py:2676} INFO - Sync 1 DAGs
[2022-12-19T19:53:34.716+0000] {logging_mixin.py:137} INFO - [2022-12-19T19:53:34.715+0000] {dag.py:3427} INFO - Setting next_dagrun for example_task_group_decorator to 2022-12-18T19:53:34.715513+00:00, run_after=2022-12-19T19:53:34.715513+00:00
[2022-12-19T19:53:34.738+0000] {processor.py:175} INFO - Processing /home/airflow/.local/lib/python3.7/site-packages/airflow/example_dags/example_task_group_decorator.py took 0.160 seconds
[2022-12-19T19:54:04.796+0000] {processor.py:153} INFO - Started process (PID=2637) to work on /home/airflow/.local/lib/python3.7/site-packages/airflow/example_dags/example_task_group_decorator.py
[2022-12-19T19:54:04.797+0000] {processor.py:743} INFO - Processing file /home/airflow/.local/lib/python3.7/site-packages/airflow/example_dags/example_task_group_decorator.py for tasks to queue
[2022-12-19T19:54:04.797+0000] {logging_mixin.py:137} INFO - [2022-12-19T19:54:04.797+0000] {dagbag.py:538} INFO - Filling up the DagBag from /home/airflow/.local/lib/python3.7/site-packages/airflow/example_dags/example_task_group_decorator.py
[2022-12-19T19:54:04.827+0000] {processor.py:753} INFO - DAG(s) dict_keys(['example_task_group_decorator']) retrieved from /home/airflow/.local/lib/python3.7/site-packages/airflow/example_dags/example_task_group_decorator.py
[2022-12-19T19:54:04.912+0000] {logging_mixin.py:137} INFO - [2022-12-19T19:54:04.912+0000] {dag.py:2676} INFO - Sync 1 DAGs
[2022-12-19T19:54:05.001+0000] {logging_mixin.py:137} INFO - [2022-12-19T19:54:05.000+0000] {dag.py:3427} INFO - Setting next_dagrun for example_task_group_decorator to 2022-12-18T19:54:05.000448+00:00, run_after=2022-12-19T19:54:05.000448+00:00
[2022-12-19T19:54:05.023+0000] {processor.py:175} INFO - Processing /home/airflow/.local/lib/python3.7/site-packages/airflow/example_dags/example_task_group_decorator.py took 0.229 seconds
[2022-12-19T19:54:35.261+0000] {processor.py:153} INFO - Started process (PID=2724) to work on /home/airflow/.local/lib/python3.7/site-packages/airflow/example_dags/example_task_group_decorator.py
[2022-12-19T19:54:35.262+0000] {processor.py:743} INFO - Processing file /home/airflow/.local/lib/python3.7/site-packages/airflow/example_dags/example_task_group_decorator.py for tasks to queue
[2022-12-19T19:54:35.262+0000] {logging_mixin.py:137} INFO - [2022-12-19T19:54:35.262+0000] {dagbag.py:538} INFO - Filling up the DagBag from /home/airflow/.local/lib/python3.7/site-packages/airflow/example_dags/example_task_group_decorator.py
[2022-12-19T19:54:35.302+0000] {processor.py:753} INFO - DAG(s) dict_keys(['example_task_group_decorator']) retrieved from /home/airflow/.local/lib/python3.7/site-packages/airflow/example_dags/example_task_group_decorator.py
[2022-12-19T19:54:35.343+0000] {logging_mixin.py:137} INFO - [2022-12-19T19:54:35.343+0000] {dag.py:2676} INFO - Sync 1 DAGs
[2022-12-19T19:54:35.380+0000] {logging_mixin.py:137} INFO - [2022-12-19T19:54:35.380+0000] {dag.py:3427} INFO - Setting next_dagrun for example_task_group_decorator to 2022-12-18T19:54:35.379917+00:00, run_after=2022-12-19T19:54:35.379917+00:00
[2022-12-19T19:54:35.413+0000] {processor.py:175} INFO - Processing /home/airflow/.local/lib/python3.7/site-packages/airflow/example_dags/example_task_group_decorator.py took 0.155 seconds
[2022-12-19T19:55:05.466+0000] {processor.py:153} INFO - Started process (PID=2810) to work on /home/airflow/.local/lib/python3.7/site-packages/airflow/example_dags/example_task_group_decorator.py
[2022-12-19T19:55:05.467+0000] {processor.py:743} INFO - Processing file /home/airflow/.local/lib/python3.7/site-packages/airflow/example_dags/example_task_group_decorator.py for tasks to queue
[2022-12-19T19:55:05.467+0000] {logging_mixin.py:137} INFO - [2022-12-19T19:55:05.467+0000] {dagbag.py:538} INFO - Filling up the DagBag from /home/airflow/.local/lib/python3.7/site-packages/airflow/example_dags/example_task_group_decorator.py
[2022-12-19T19:55:05.501+0000] {processor.py:753} INFO - DAG(s) dict_keys(['example_task_group_decorator']) retrieved from /home/airflow/.local/lib/python3.7/site-packages/airflow/example_dags/example_task_group_decorator.py
[2022-12-19T19:55:05.552+0000] {logging_mixin.py:137} INFO - [2022-12-19T19:55:05.552+0000] {dag.py:2676} INFO - Sync 1 DAGs
[2022-12-19T19:55:05.583+0000] {logging_mixin.py:137} INFO - [2022-12-19T19:55:05.583+0000] {dag.py:3427} INFO - Setting next_dagrun for example_task_group_decorator to 2022-12-18T19:55:05.583204+00:00, run_after=2022-12-19T19:55:05.583204+00:00
[2022-12-19T19:55:05.606+0000] {processor.py:175} INFO - Processing /home/airflow/.local/lib/python3.7/site-packages/airflow/example_dags/example_task_group_decorator.py took 0.144 seconds
[2022-12-19T19:55:36.244+0000] {processor.py:153} INFO - Started process (PID=2905) to work on /home/airflow/.local/lib/python3.7/site-packages/airflow/example_dags/example_task_group_decorator.py
[2022-12-19T19:55:36.245+0000] {processor.py:743} INFO - Processing file /home/airflow/.local/lib/python3.7/site-packages/airflow/example_dags/example_task_group_decorator.py for tasks to queue
[2022-12-19T19:55:36.246+0000] {logging_mixin.py:137} INFO - [2022-12-19T19:55:36.246+0000] {dagbag.py:538} INFO - Filling up the DagBag from /home/airflow/.local/lib/python3.7/site-packages/airflow/example_dags/example_task_group_decorator.py
[2022-12-19T19:55:36.297+0000] {processor.py:753} INFO - DAG(s) dict_keys(['example_task_group_decorator']) retrieved from /home/airflow/.local/lib/python3.7/site-packages/airflow/example_dags/example_task_group_decorator.py
[2022-12-19T19:55:36.415+0000] {logging_mixin.py:137} INFO - [2022-12-19T19:55:36.415+0000] {dag.py:2676} INFO - Sync 1 DAGs
[2022-12-19T19:55:36.449+0000] {logging_mixin.py:137} INFO - [2022-12-19T19:55:36.449+0000] {dag.py:3427} INFO - Setting next_dagrun for example_task_group_decorator to 2022-12-18T19:55:36.449345+00:00, run_after=2022-12-19T19:55:36.449345+00:00
[2022-12-19T19:55:36.472+0000] {processor.py:175} INFO - Processing /home/airflow/.local/lib/python3.7/site-packages/airflow/example_dags/example_task_group_decorator.py took 0.232 seconds
[2022-12-19T19:56:07.685+0000] {processor.py:153} INFO - Started process (PID=3006) to work on /home/airflow/.local/lib/python3.7/site-packages/airflow/example_dags/example_task_group_decorator.py
[2022-12-19T19:56:07.687+0000] {processor.py:743} INFO - Processing file /home/airflow/.local/lib/python3.7/site-packages/airflow/example_dags/example_task_group_decorator.py for tasks to queue
[2022-12-19T19:56:07.687+0000] {logging_mixin.py:137} INFO - [2022-12-19T19:56:07.687+0000] {dagbag.py:538} INFO - Filling up the DagBag from /home/airflow/.local/lib/python3.7/site-packages/airflow/example_dags/example_task_group_decorator.py
[2022-12-19T19:56:07.777+0000] {processor.py:753} INFO - DAG(s) dict_keys(['example_task_group_decorator']) retrieved from /home/airflow/.local/lib/python3.7/site-packages/airflow/example_dags/example_task_group_decorator.py
[2022-12-19T19:56:07.884+0000] {logging_mixin.py:137} INFO - [2022-12-19T19:56:07.884+0000] {dag.py:2676} INFO - Sync 1 DAGs
[2022-12-19T19:56:07.982+0000] {logging_mixin.py:137} INFO - [2022-12-19T19:56:07.982+0000] {dag.py:3427} INFO - Setting next_dagrun for example_task_group_decorator to 2022-12-18T19:56:07.981902+00:00, run_after=2022-12-19T19:56:07.981902+00:00
[2022-12-19T19:56:08.004+0000] {processor.py:175} INFO - Processing /home/airflow/.local/lib/python3.7/site-packages/airflow/example_dags/example_task_group_decorator.py took 0.323 seconds
[2022-12-19T19:56:38.417+0000] {processor.py:153} INFO - Started process (PID=3093) to work on /home/airflow/.local/lib/python3.7/site-packages/airflow/example_dags/example_task_group_decorator.py
[2022-12-19T19:56:38.418+0000] {processor.py:743} INFO - Processing file /home/airflow/.local/lib/python3.7/site-packages/airflow/example_dags/example_task_group_decorator.py for tasks to queue
[2022-12-19T19:56:38.419+0000] {logging_mixin.py:137} INFO - [2022-12-19T19:56:38.419+0000] {dagbag.py:538} INFO - Filling up the DagBag from /home/airflow/.local/lib/python3.7/site-packages/airflow/example_dags/example_task_group_decorator.py
[2022-12-19T19:56:38.451+0000] {processor.py:753} INFO - DAG(s) dict_keys(['example_task_group_decorator']) retrieved from /home/airflow/.local/lib/python3.7/site-packages/airflow/example_dags/example_task_group_decorator.py
[2022-12-19T19:56:38.498+0000] {logging_mixin.py:137} INFO - [2022-12-19T19:56:38.497+0000] {dag.py:2676} INFO - Sync 1 DAGs
[2022-12-19T19:56:38.528+0000] {logging_mixin.py:137} INFO - [2022-12-19T19:56:38.528+0000] {dag.py:3427} INFO - Setting next_dagrun for example_task_group_decorator to 2022-12-18T19:56:38.527921+00:00, run_after=2022-12-19T19:56:38.527921+00:00
[2022-12-19T19:56:38.549+0000] {processor.py:175} INFO - Processing /home/airflow/.local/lib/python3.7/site-packages/airflow/example_dags/example_task_group_decorator.py took 0.135 seconds
[2022-12-19T19:57:09.445+0000] {processor.py:153} INFO - Started process (PID=3203) to work on /home/airflow/.local/lib/python3.7/site-packages/airflow/example_dags/example_task_group_decorator.py
[2022-12-19T19:57:09.446+0000] {processor.py:743} INFO - Processing file /home/airflow/.local/lib/python3.7/site-packages/airflow/example_dags/example_task_group_decorator.py for tasks to queue
[2022-12-19T19:57:09.447+0000] {logging_mixin.py:137} INFO - [2022-12-19T19:57:09.447+0000] {dagbag.py:538} INFO - Filling up the DagBag from /home/airflow/.local/lib/python3.7/site-packages/airflow/example_dags/example_task_group_decorator.py
[2022-12-19T19:57:09.482+0000] {processor.py:753} INFO - DAG(s) dict_keys(['example_task_group_decorator']) retrieved from /home/airflow/.local/lib/python3.7/site-packages/airflow/example_dags/example_task_group_decorator.py
[2022-12-19T19:57:09.545+0000] {logging_mixin.py:137} INFO - [2022-12-19T19:57:09.545+0000] {dag.py:2676} INFO - Sync 1 DAGs
[2022-12-19T19:57:09.583+0000] {logging_mixin.py:137} INFO - [2022-12-19T19:57:09.583+0000] {dag.py:3427} INFO - Setting next_dagrun for example_task_group_decorator to 2022-12-18T19:57:09.583281+00:00, run_after=2022-12-19T19:57:09.583281+00:00
[2022-12-19T19:57:09.609+0000] {processor.py:175} INFO - Processing /home/airflow/.local/lib/python3.7/site-packages/airflow/example_dags/example_task_group_decorator.py took 0.167 seconds
[2022-12-19T19:57:39.702+0000] {processor.py:153} INFO - Started process (PID=3289) to work on /home/airflow/.local/lib/python3.7/site-packages/airflow/example_dags/example_task_group_decorator.py
[2022-12-19T19:57:39.702+0000] {processor.py:743} INFO - Processing file /home/airflow/.local/lib/python3.7/site-packages/airflow/example_dags/example_task_group_decorator.py for tasks to queue
[2022-12-19T19:57:39.703+0000] {logging_mixin.py:137} INFO - [2022-12-19T19:57:39.703+0000] {dagbag.py:538} INFO - Filling up the DagBag from /home/airflow/.local/lib/python3.7/site-packages/airflow/example_dags/example_task_group_decorator.py
[2022-12-19T19:57:39.737+0000] {processor.py:753} INFO - DAG(s) dict_keys(['example_task_group_decorator']) retrieved from /home/airflow/.local/lib/python3.7/site-packages/airflow/example_dags/example_task_group_decorator.py
[2022-12-19T19:57:39.784+0000] {logging_mixin.py:137} INFO - [2022-12-19T19:57:39.784+0000] {dag.py:2676} INFO - Sync 1 DAGs
[2022-12-19T19:57:39.817+0000] {logging_mixin.py:137} INFO - [2022-12-19T19:57:39.816+0000] {dag.py:3427} INFO - Setting next_dagrun for example_task_group_decorator to 2022-12-18T19:57:39.816487+00:00, run_after=2022-12-19T19:57:39.816487+00:00
[2022-12-19T19:57:39.841+0000] {processor.py:175} INFO - Processing /home/airflow/.local/lib/python3.7/site-packages/airflow/example_dags/example_task_group_decorator.py took 0.143 seconds
[2022-12-19T19:58:10.081+0000] {processor.py:153} INFO - Started process (PID=3375) to work on /home/airflow/.local/lib/python3.7/site-packages/airflow/example_dags/example_task_group_decorator.py
[2022-12-19T19:58:10.082+0000] {processor.py:743} INFO - Processing file /home/airflow/.local/lib/python3.7/site-packages/airflow/example_dags/example_task_group_decorator.py for tasks to queue
[2022-12-19T19:58:10.083+0000] {logging_mixin.py:137} INFO - [2022-12-19T19:58:10.083+0000] {dagbag.py:538} INFO - Filling up the DagBag from /home/airflow/.local/lib/python3.7/site-packages/airflow/example_dags/example_task_group_decorator.py
[2022-12-19T19:58:10.116+0000] {processor.py:753} INFO - DAG(s) dict_keys(['example_task_group_decorator']) retrieved from /home/airflow/.local/lib/python3.7/site-packages/airflow/example_dags/example_task_group_decorator.py
[2022-12-19T19:58:10.160+0000] {logging_mixin.py:137} INFO - [2022-12-19T19:58:10.160+0000] {dag.py:2676} INFO - Sync 1 DAGs
[2022-12-19T19:58:10.194+0000] {logging_mixin.py:137} INFO - [2022-12-19T19:58:10.193+0000] {dag.py:3427} INFO - Setting next_dagrun for example_task_group_decorator to 2022-12-18T19:58:10.193620+00:00, run_after=2022-12-19T19:58:10.193620+00:00
[2022-12-19T19:58:10.218+0000] {processor.py:175} INFO - Processing /home/airflow/.local/lib/python3.7/site-packages/airflow/example_dags/example_task_group_decorator.py took 0.140 seconds
[2022-12-19T19:58:40.774+0000] {processor.py:153} INFO - Started process (PID=3485) to work on /home/airflow/.local/lib/python3.7/site-packages/airflow/example_dags/example_task_group_decorator.py
[2022-12-19T19:58:40.775+0000] {processor.py:743} INFO - Processing file /home/airflow/.local/lib/python3.7/site-packages/airflow/example_dags/example_task_group_decorator.py for tasks to queue
[2022-12-19T19:58:40.777+0000] {logging_mixin.py:137} INFO - [2022-12-19T19:58:40.777+0000] {dagbag.py:538} INFO - Filling up the DagBag from /home/airflow/.local/lib/python3.7/site-packages/airflow/example_dags/example_task_group_decorator.py
[2022-12-19T19:58:40.818+0000] {processor.py:753} INFO - DAG(s) dict_keys(['example_task_group_decorator']) retrieved from /home/airflow/.local/lib/python3.7/site-packages/airflow/example_dags/example_task_group_decorator.py
[2022-12-19T19:58:40.868+0000] {logging_mixin.py:137} INFO - [2022-12-19T19:58:40.868+0000] {dag.py:2676} INFO - Sync 1 DAGs
[2022-12-19T19:58:40.908+0000] {logging_mixin.py:137} INFO - [2022-12-19T19:58:40.908+0000] {dag.py:3427} INFO - Setting next_dagrun for example_task_group_decorator to 2022-12-18T19:58:40.908165+00:00, run_after=2022-12-19T19:58:40.908165+00:00
[2022-12-19T19:58:40.929+0000] {processor.py:175} INFO - Processing /home/airflow/.local/lib/python3.7/site-packages/airflow/example_dags/example_task_group_decorator.py took 0.159 seconds
[2022-12-19T19:59:10.955+0000] {processor.py:153} INFO - Started process (PID=3571) to work on /home/airflow/.local/lib/python3.7/site-packages/airflow/example_dags/example_task_group_decorator.py
[2022-12-19T19:59:10.956+0000] {processor.py:743} INFO - Processing file /home/airflow/.local/lib/python3.7/site-packages/airflow/example_dags/example_task_group_decorator.py for tasks to queue
[2022-12-19T19:59:10.957+0000] {logging_mixin.py:137} INFO - [2022-12-19T19:59:10.957+0000] {dagbag.py:538} INFO - Filling up the DagBag from /home/airflow/.local/lib/python3.7/site-packages/airflow/example_dags/example_task_group_decorator.py
[2022-12-19T19:59:10.997+0000] {processor.py:753} INFO - DAG(s) dict_keys(['example_task_group_decorator']) retrieved from /home/airflow/.local/lib/python3.7/site-packages/airflow/example_dags/example_task_group_decorator.py
[2022-12-19T19:59:11.050+0000] {logging_mixin.py:137} INFO - [2022-12-19T19:59:11.050+0000] {dag.py:2676} INFO - Sync 1 DAGs
[2022-12-19T19:59:11.081+0000] {logging_mixin.py:137} INFO - [2022-12-19T19:59:11.081+0000] {dag.py:3427} INFO - Setting next_dagrun for example_task_group_decorator to 2022-12-18T19:59:11.081164+00:00, run_after=2022-12-19T19:59:11.081164+00:00
[2022-12-19T19:59:11.102+0000] {processor.py:175} INFO - Processing /home/airflow/.local/lib/python3.7/site-packages/airflow/example_dags/example_task_group_decorator.py took 0.150 seconds
[2022-12-19T19:59:42.086+0000] {processor.py:153} INFO - Started process (PID=3657) to work on /home/airflow/.local/lib/python3.7/site-packages/airflow/example_dags/example_task_group_decorator.py
[2022-12-19T19:59:42.087+0000] {processor.py:743} INFO - Processing file /home/airflow/.local/lib/python3.7/site-packages/airflow/example_dags/example_task_group_decorator.py for tasks to queue
[2022-12-19T19:59:42.088+0000] {logging_mixin.py:137} INFO - [2022-12-19T19:59:42.088+0000] {dagbag.py:538} INFO - Filling up the DagBag from /home/airflow/.local/lib/python3.7/site-packages/airflow/example_dags/example_task_group_decorator.py
[2022-12-19T19:59:42.121+0000] {processor.py:753} INFO - DAG(s) dict_keys(['example_task_group_decorator']) retrieved from /home/airflow/.local/lib/python3.7/site-packages/airflow/example_dags/example_task_group_decorator.py
[2022-12-19T19:59:42.195+0000] {logging_mixin.py:137} INFO - [2022-12-19T19:59:42.195+0000] {dag.py:2676} INFO - Sync 1 DAGs
[2022-12-19T19:59:42.268+0000] {logging_mixin.py:137} INFO - [2022-12-19T19:59:42.268+0000] {dag.py:3427} INFO - Setting next_dagrun for example_task_group_decorator to 2022-12-18T19:59:42.268015+00:00, run_after=2022-12-19T19:59:42.268015+00:00
[2022-12-19T19:59:42.289+0000] {processor.py:175} INFO - Processing /home/airflow/.local/lib/python3.7/site-packages/airflow/example_dags/example_task_group_decorator.py took 0.207 seconds
[2022-12-19T20:00:12.701+0000] {processor.py:153} INFO - Started process (PID=3768) to work on /home/airflow/.local/lib/python3.7/site-packages/airflow/example_dags/example_task_group_decorator.py
[2022-12-19T20:00:12.702+0000] {processor.py:743} INFO - Processing file /home/airflow/.local/lib/python3.7/site-packages/airflow/example_dags/example_task_group_decorator.py for tasks to queue
[2022-12-19T20:00:12.703+0000] {logging_mixin.py:137} INFO - [2022-12-19T20:00:12.703+0000] {dagbag.py:538} INFO - Filling up the DagBag from /home/airflow/.local/lib/python3.7/site-packages/airflow/example_dags/example_task_group_decorator.py
[2022-12-19T20:00:12.784+0000] {processor.py:753} INFO - DAG(s) dict_keys(['example_task_group_decorator']) retrieved from /home/airflow/.local/lib/python3.7/site-packages/airflow/example_dags/example_task_group_decorator.py
[2022-12-19T20:00:12.830+0000] {logging_mixin.py:137} INFO - [2022-12-19T20:00:12.830+0000] {dag.py:2676} INFO - Sync 1 DAGs
[2022-12-19T20:00:12.870+0000] {logging_mixin.py:137} INFO - [2022-12-19T20:00:12.869+0000] {dag.py:3427} INFO - Setting next_dagrun for example_task_group_decorator to 2022-12-18T20:00:12.869672+00:00, run_after=2022-12-19T20:00:12.869672+00:00
[2022-12-19T20:00:12.892+0000] {processor.py:175} INFO - Processing /home/airflow/.local/lib/python3.7/site-packages/airflow/example_dags/example_task_group_decorator.py took 0.195 seconds
[2022-12-19T20:00:43.101+0000] {processor.py:153} INFO - Started process (PID=3854) to work on /home/airflow/.local/lib/python3.7/site-packages/airflow/example_dags/example_task_group_decorator.py
[2022-12-19T20:00:43.102+0000] {processor.py:743} INFO - Processing file /home/airflow/.local/lib/python3.7/site-packages/airflow/example_dags/example_task_group_decorator.py for tasks to queue
[2022-12-19T20:00:43.103+0000] {logging_mixin.py:137} INFO - [2022-12-19T20:00:43.102+0000] {dagbag.py:538} INFO - Filling up the DagBag from /home/airflow/.local/lib/python3.7/site-packages/airflow/example_dags/example_task_group_decorator.py
[2022-12-19T20:00:43.134+0000] {processor.py:753} INFO - DAG(s) dict_keys(['example_task_group_decorator']) retrieved from /home/airflow/.local/lib/python3.7/site-packages/airflow/example_dags/example_task_group_decorator.py
[2022-12-19T20:00:43.175+0000] {logging_mixin.py:137} INFO - [2022-12-19T20:00:43.175+0000] {dag.py:2676} INFO - Sync 1 DAGs
[2022-12-19T20:00:43.204+0000] {logging_mixin.py:137} INFO - [2022-12-19T20:00:43.204+0000] {dag.py:3427} INFO - Setting next_dagrun for example_task_group_decorator to 2022-12-18T20:00:43.204398+00:00, run_after=2022-12-19T20:00:43.204398+00:00
[2022-12-19T20:00:43.224+0000] {processor.py:175} INFO - Processing /home/airflow/.local/lib/python3.7/site-packages/airflow/example_dags/example_task_group_decorator.py took 0.126 seconds
[2022-12-19T20:01:13.271+0000] {processor.py:153} INFO - Started process (PID=3940) to work on /home/airflow/.local/lib/python3.7/site-packages/airflow/example_dags/example_task_group_decorator.py
[2022-12-19T20:01:13.272+0000] {processor.py:743} INFO - Processing file /home/airflow/.local/lib/python3.7/site-packages/airflow/example_dags/example_task_group_decorator.py for tasks to queue
[2022-12-19T20:01:13.273+0000] {logging_mixin.py:137} INFO - [2022-12-19T20:01:13.273+0000] {dagbag.py:538} INFO - Filling up the DagBag from /home/airflow/.local/lib/python3.7/site-packages/airflow/example_dags/example_task_group_decorator.py
[2022-12-19T20:01:13.304+0000] {processor.py:753} INFO - DAG(s) dict_keys(['example_task_group_decorator']) retrieved from /home/airflow/.local/lib/python3.7/site-packages/airflow/example_dags/example_task_group_decorator.py
[2022-12-19T20:01:13.347+0000] {logging_mixin.py:137} INFO - [2022-12-19T20:01:13.347+0000] {dag.py:2676} INFO - Sync 1 DAGs
[2022-12-19T20:01:13.377+0000] {logging_mixin.py:137} INFO - [2022-12-19T20:01:13.377+0000] {dag.py:3427} INFO - Setting next_dagrun for example_task_group_decorator to 2022-12-18T20:01:13.376893+00:00, run_after=2022-12-19T20:01:13.376893+00:00
[2022-12-19T20:01:13.398+0000] {processor.py:175} INFO - Processing /home/airflow/.local/lib/python3.7/site-packages/airflow/example_dags/example_task_group_decorator.py took 0.131 seconds
[2022-12-19T20:01:43.449+0000] {processor.py:153} INFO - Started process (PID=4051) to work on /home/airflow/.local/lib/python3.7/site-packages/airflow/example_dags/example_task_group_decorator.py
[2022-12-19T20:01:43.451+0000] {processor.py:743} INFO - Processing file /home/airflow/.local/lib/python3.7/site-packages/airflow/example_dags/example_task_group_decorator.py for tasks to queue
[2022-12-19T20:01:43.452+0000] {logging_mixin.py:137} INFO - [2022-12-19T20:01:43.452+0000] {dagbag.py:538} INFO - Filling up the DagBag from /home/airflow/.local/lib/python3.7/site-packages/airflow/example_dags/example_task_group_decorator.py
[2022-12-19T20:01:43.490+0000] {processor.py:753} INFO - DAG(s) dict_keys(['example_task_group_decorator']) retrieved from /home/airflow/.local/lib/python3.7/site-packages/airflow/example_dags/example_task_group_decorator.py
[2022-12-19T20:01:43.537+0000] {logging_mixin.py:137} INFO - [2022-12-19T20:01:43.537+0000] {dag.py:2676} INFO - Sync 1 DAGs
[2022-12-19T20:01:43.563+0000] {logging_mixin.py:137} INFO - [2022-12-19T20:01:43.563+0000] {dag.py:3427} INFO - Setting next_dagrun for example_task_group_decorator to 2022-12-18T20:01:43.563408+00:00, run_after=2022-12-19T20:01:43.563408+00:00
[2022-12-19T20:01:43.583+0000] {processor.py:175} INFO - Processing /home/airflow/.local/lib/python3.7/site-packages/airflow/example_dags/example_task_group_decorator.py took 0.138 seconds
[2022-12-19T20:02:14.015+0000] {processor.py:153} INFO - Started process (PID=4137) to work on /home/airflow/.local/lib/python3.7/site-packages/airflow/example_dags/example_task_group_decorator.py
[2022-12-19T20:02:14.016+0000] {processor.py:743} INFO - Processing file /home/airflow/.local/lib/python3.7/site-packages/airflow/example_dags/example_task_group_decorator.py for tasks to queue
[2022-12-19T20:02:14.016+0000] {logging_mixin.py:137} INFO - [2022-12-19T20:02:14.016+0000] {dagbag.py:538} INFO - Filling up the DagBag from /home/airflow/.local/lib/python3.7/site-packages/airflow/example_dags/example_task_group_decorator.py
[2022-12-19T20:02:14.047+0000] {processor.py:753} INFO - DAG(s) dict_keys(['example_task_group_decorator']) retrieved from /home/airflow/.local/lib/python3.7/site-packages/airflow/example_dags/example_task_group_decorator.py
[2022-12-19T20:02:14.093+0000] {logging_mixin.py:137} INFO - [2022-12-19T20:02:14.093+0000] {dag.py:2676} INFO - Sync 1 DAGs
[2022-12-19T20:02:14.124+0000] {logging_mixin.py:137} INFO - [2022-12-19T20:02:14.124+0000] {dag.py:3427} INFO - Setting next_dagrun for example_task_group_decorator to 2022-12-18T20:02:14.124428+00:00, run_after=2022-12-19T20:02:14.124428+00:00
[2022-12-19T20:02:14.149+0000] {processor.py:175} INFO - Processing /home/airflow/.local/lib/python3.7/site-packages/airflow/example_dags/example_task_group_decorator.py took 0.137 seconds
[2022-12-19T20:02:44.463+0000] {processor.py:153} INFO - Started process (PID=4231) to work on /home/airflow/.local/lib/python3.7/site-packages/airflow/example_dags/example_task_group_decorator.py
[2022-12-19T20:02:44.464+0000] {processor.py:743} INFO - Processing file /home/airflow/.local/lib/python3.7/site-packages/airflow/example_dags/example_task_group_decorator.py for tasks to queue
[2022-12-19T20:02:44.465+0000] {logging_mixin.py:137} INFO - [2022-12-19T20:02:44.465+0000] {dagbag.py:538} INFO - Filling up the DagBag from /home/airflow/.local/lib/python3.7/site-packages/airflow/example_dags/example_task_group_decorator.py
[2022-12-19T20:02:44.508+0000] {processor.py:753} INFO - DAG(s) dict_keys(['example_task_group_decorator']) retrieved from /home/airflow/.local/lib/python3.7/site-packages/airflow/example_dags/example_task_group_decorator.py
[2022-12-19T20:02:44.568+0000] {logging_mixin.py:137} INFO - [2022-12-19T20:02:44.568+0000] {dag.py:2676} INFO - Sync 1 DAGs
[2022-12-19T20:02:44.612+0000] {logging_mixin.py:137} INFO - [2022-12-19T20:02:44.612+0000] {dag.py:3427} INFO - Setting next_dagrun for example_task_group_decorator to 2022-12-18T20:02:44.612026+00:00, run_after=2022-12-19T20:02:44.612026+00:00
[2022-12-19T20:02:44.641+0000] {processor.py:175} INFO - Processing /home/airflow/.local/lib/python3.7/site-packages/airflow/example_dags/example_task_group_decorator.py took 0.182 seconds
[2022-12-19T20:03:15.077+0000] {processor.py:153} INFO - Started process (PID=4334) to work on /home/airflow/.local/lib/python3.7/site-packages/airflow/example_dags/example_task_group_decorator.py
[2022-12-19T20:03:15.078+0000] {processor.py:743} INFO - Processing file /home/airflow/.local/lib/python3.7/site-packages/airflow/example_dags/example_task_group_decorator.py for tasks to queue
[2022-12-19T20:03:15.079+0000] {logging_mixin.py:137} INFO - [2022-12-19T20:03:15.079+0000] {dagbag.py:538} INFO - Filling up the DagBag from /home/airflow/.local/lib/python3.7/site-packages/airflow/example_dags/example_task_group_decorator.py
[2022-12-19T20:03:15.115+0000] {processor.py:753} INFO - DAG(s) dict_keys(['example_task_group_decorator']) retrieved from /home/airflow/.local/lib/python3.7/site-packages/airflow/example_dags/example_task_group_decorator.py
[2022-12-19T20:03:15.165+0000] {logging_mixin.py:137} INFO - [2022-12-19T20:03:15.165+0000] {dag.py:2676} INFO - Sync 1 DAGs
[2022-12-19T20:03:15.198+0000] {logging_mixin.py:137} INFO - [2022-12-19T20:03:15.198+0000] {dag.py:3427} INFO - Setting next_dagrun for example_task_group_decorator to 2022-12-18T20:03:15.198122+00:00, run_after=2022-12-19T20:03:15.198122+00:00
[2022-12-19T20:03:15.219+0000] {processor.py:175} INFO - Processing /home/airflow/.local/lib/python3.7/site-packages/airflow/example_dags/example_task_group_decorator.py took 0.145 seconds
[2022-12-19T20:03:45.948+0000] {processor.py:153} INFO - Started process (PID=4420) to work on /home/airflow/.local/lib/python3.7/site-packages/airflow/example_dags/example_task_group_decorator.py
[2022-12-19T20:03:45.949+0000] {processor.py:743} INFO - Processing file /home/airflow/.local/lib/python3.7/site-packages/airflow/example_dags/example_task_group_decorator.py for tasks to queue
[2022-12-19T20:03:45.950+0000] {logging_mixin.py:137} INFO - [2022-12-19T20:03:45.950+0000] {dagbag.py:538} INFO - Filling up the DagBag from /home/airflow/.local/lib/python3.7/site-packages/airflow/example_dags/example_task_group_decorator.py
[2022-12-19T20:03:45.999+0000] {processor.py:753} INFO - DAG(s) dict_keys(['example_task_group_decorator']) retrieved from /home/airflow/.local/lib/python3.7/site-packages/airflow/example_dags/example_task_group_decorator.py
[2022-12-19T20:03:46.051+0000] {logging_mixin.py:137} INFO - [2022-12-19T20:03:46.051+0000] {dag.py:2676} INFO - Sync 1 DAGs
[2022-12-19T20:03:46.082+0000] {logging_mixin.py:137} INFO - [2022-12-19T20:03:46.081+0000] {dag.py:3427} INFO - Setting next_dagrun for example_task_group_decorator to 2022-12-18T20:03:46.081518+00:00, run_after=2022-12-19T20:03:46.081518+00:00
[2022-12-19T20:03:46.103+0000] {processor.py:175} INFO - Processing /home/airflow/.local/lib/python3.7/site-packages/airflow/example_dags/example_task_group_decorator.py took 0.159 seconds
[2022-12-19T20:04:16.300+0000] {processor.py:153} INFO - Started process (PID=4516) to work on /home/airflow/.local/lib/python3.7/site-packages/airflow/example_dags/example_task_group_decorator.py
[2022-12-19T20:04:16.301+0000] {processor.py:743} INFO - Processing file /home/airflow/.local/lib/python3.7/site-packages/airflow/example_dags/example_task_group_decorator.py for tasks to queue
[2022-12-19T20:04:16.302+0000] {logging_mixin.py:137} INFO - [2022-12-19T20:04:16.302+0000] {dagbag.py:538} INFO - Filling up the DagBag from /home/airflow/.local/lib/python3.7/site-packages/airflow/example_dags/example_task_group_decorator.py
[2022-12-19T20:04:16.335+0000] {processor.py:753} INFO - DAG(s) dict_keys(['example_task_group_decorator']) retrieved from /home/airflow/.local/lib/python3.7/site-packages/airflow/example_dags/example_task_group_decorator.py
[2022-12-19T20:04:16.387+0000] {logging_mixin.py:137} INFO - [2022-12-19T20:04:16.387+0000] {dag.py:2676} INFO - Sync 1 DAGs
[2022-12-19T20:04:16.419+0000] {logging_mixin.py:137} INFO - [2022-12-19T20:04:16.419+0000] {dag.py:3427} INFO - Setting next_dagrun for example_task_group_decorator to 2022-12-18T20:04:16.419035+00:00, run_after=2022-12-19T20:04:16.419035+00:00
[2022-12-19T20:04:16.447+0000] {processor.py:175} INFO - Processing /home/airflow/.local/lib/python3.7/site-packages/airflow/example_dags/example_task_group_decorator.py took 0.150 seconds
[2022-12-19T20:04:46.938+0000] {processor.py:153} INFO - Started process (PID=4617) to work on /home/airflow/.local/lib/python3.7/site-packages/airflow/example_dags/example_task_group_decorator.py
[2022-12-19T20:04:46.939+0000] {processor.py:743} INFO - Processing file /home/airflow/.local/lib/python3.7/site-packages/airflow/example_dags/example_task_group_decorator.py for tasks to queue
[2022-12-19T20:04:46.940+0000] {logging_mixin.py:137} INFO - [2022-12-19T20:04:46.940+0000] {dagbag.py:538} INFO - Filling up the DagBag from /home/airflow/.local/lib/python3.7/site-packages/airflow/example_dags/example_task_group_decorator.py
[2022-12-19T20:04:46.980+0000] {processor.py:753} INFO - DAG(s) dict_keys(['example_task_group_decorator']) retrieved from /home/airflow/.local/lib/python3.7/site-packages/airflow/example_dags/example_task_group_decorator.py
[2022-12-19T20:04:47.033+0000] {logging_mixin.py:137} INFO - [2022-12-19T20:04:47.033+0000] {dag.py:2676} INFO - Sync 1 DAGs
[2022-12-19T20:04:47.068+0000] {logging_mixin.py:137} INFO - [2022-12-19T20:04:47.068+0000] {dag.py:3427} INFO - Setting next_dagrun for example_task_group_decorator to 2022-12-18T20:04:47.067898+00:00, run_after=2022-12-19T20:04:47.067898+00:00
[2022-12-19T20:04:47.091+0000] {processor.py:175} INFO - Processing /home/airflow/.local/lib/python3.7/site-packages/airflow/example_dags/example_task_group_decorator.py took 0.158 seconds
[2022-12-19T20:05:17.308+0000] {processor.py:153} INFO - Started process (PID=4703) to work on /home/airflow/.local/lib/python3.7/site-packages/airflow/example_dags/example_task_group_decorator.py
[2022-12-19T20:05:17.309+0000] {processor.py:743} INFO - Processing file /home/airflow/.local/lib/python3.7/site-packages/airflow/example_dags/example_task_group_decorator.py for tasks to queue
[2022-12-19T20:05:17.310+0000] {logging_mixin.py:137} INFO - [2022-12-19T20:05:17.310+0000] {dagbag.py:538} INFO - Filling up the DagBag from /home/airflow/.local/lib/python3.7/site-packages/airflow/example_dags/example_task_group_decorator.py
[2022-12-19T20:05:17.344+0000] {processor.py:753} INFO - DAG(s) dict_keys(['example_task_group_decorator']) retrieved from /home/airflow/.local/lib/python3.7/site-packages/airflow/example_dags/example_task_group_decorator.py
[2022-12-19T20:05:17.391+0000] {logging_mixin.py:137} INFO - [2022-12-19T20:05:17.391+0000] {dag.py:2676} INFO - Sync 1 DAGs
[2022-12-19T20:05:17.422+0000] {logging_mixin.py:137} INFO - [2022-12-19T20:05:17.422+0000] {dag.py:3427} INFO - Setting next_dagrun for example_task_group_decorator to 2022-12-18T20:05:17.422199+00:00, run_after=2022-12-19T20:05:17.422199+00:00
[2022-12-19T20:05:17.444+0000] {processor.py:175} INFO - Processing /home/airflow/.local/lib/python3.7/site-packages/airflow/example_dags/example_task_group_decorator.py took 0.139 seconds
[2022-12-19T20:05:47.698+0000] {processor.py:153} INFO - Started process (PID=4813) to work on /home/airflow/.local/lib/python3.7/site-packages/airflow/example_dags/example_task_group_decorator.py
[2022-12-19T20:05:47.699+0000] {processor.py:743} INFO - Processing file /home/airflow/.local/lib/python3.7/site-packages/airflow/example_dags/example_task_group_decorator.py for tasks to queue
[2022-12-19T20:05:47.699+0000] {logging_mixin.py:137} INFO - [2022-12-19T20:05:47.699+0000] {dagbag.py:538} INFO - Filling up the DagBag from /home/airflow/.local/lib/python3.7/site-packages/airflow/example_dags/example_task_group_decorator.py
[2022-12-19T20:05:47.733+0000] {processor.py:753} INFO - DAG(s) dict_keys(['example_task_group_decorator']) retrieved from /home/airflow/.local/lib/python3.7/site-packages/airflow/example_dags/example_task_group_decorator.py
[2022-12-19T20:05:47.781+0000] {logging_mixin.py:137} INFO - [2022-12-19T20:05:47.780+0000] {dag.py:2676} INFO - Sync 1 DAGs
[2022-12-19T20:05:47.810+0000] {logging_mixin.py:137} INFO - [2022-12-19T20:05:47.809+0000] {dag.py:3427} INFO - Setting next_dagrun for example_task_group_decorator to 2022-12-18T20:05:47.809718+00:00, run_after=2022-12-19T20:05:47.809718+00:00
[2022-12-19T20:05:47.831+0000] {processor.py:175} INFO - Processing /home/airflow/.local/lib/python3.7/site-packages/airflow/example_dags/example_task_group_decorator.py took 0.136 seconds
[2022-12-19T20:06:18.183+0000] {processor.py:153} INFO - Started process (PID=4899) to work on /home/airflow/.local/lib/python3.7/site-packages/airflow/example_dags/example_task_group_decorator.py
[2022-12-19T20:06:18.184+0000] {processor.py:743} INFO - Processing file /home/airflow/.local/lib/python3.7/site-packages/airflow/example_dags/example_task_group_decorator.py for tasks to queue
[2022-12-19T20:06:18.185+0000] {logging_mixin.py:137} INFO - [2022-12-19T20:06:18.184+0000] {dagbag.py:538} INFO - Filling up the DagBag from /home/airflow/.local/lib/python3.7/site-packages/airflow/example_dags/example_task_group_decorator.py
[2022-12-19T20:06:18.220+0000] {processor.py:753} INFO - DAG(s) dict_keys(['example_task_group_decorator']) retrieved from /home/airflow/.local/lib/python3.7/site-packages/airflow/example_dags/example_task_group_decorator.py
[2022-12-19T20:06:18.267+0000] {logging_mixin.py:137} INFO - [2022-12-19T20:06:18.267+0000] {dag.py:2676} INFO - Sync 1 DAGs
[2022-12-19T20:06:18.300+0000] {logging_mixin.py:137} INFO - [2022-12-19T20:06:18.300+0000] {dag.py:3427} INFO - Setting next_dagrun for example_task_group_decorator to 2022-12-18T20:06:18.300124+00:00, run_after=2022-12-19T20:06:18.300124+00:00
[2022-12-19T20:06:18.320+0000] {processor.py:175} INFO - Processing /home/airflow/.local/lib/python3.7/site-packages/airflow/example_dags/example_task_group_decorator.py took 0.140 seconds
[2022-12-19T20:06:48.791+0000] {processor.py:153} INFO - Started process (PID=4985) to work on /home/airflow/.local/lib/python3.7/site-packages/airflow/example_dags/example_task_group_decorator.py
[2022-12-19T20:06:48.792+0000] {processor.py:743} INFO - Processing file /home/airflow/.local/lib/python3.7/site-packages/airflow/example_dags/example_task_group_decorator.py for tasks to queue
[2022-12-19T20:06:48.793+0000] {logging_mixin.py:137} INFO - [2022-12-19T20:06:48.793+0000] {dagbag.py:538} INFO - Filling up the DagBag from /home/airflow/.local/lib/python3.7/site-packages/airflow/example_dags/example_task_group_decorator.py
[2022-12-19T20:06:48.826+0000] {processor.py:753} INFO - DAG(s) dict_keys(['example_task_group_decorator']) retrieved from /home/airflow/.local/lib/python3.7/site-packages/airflow/example_dags/example_task_group_decorator.py
[2022-12-19T20:06:48.881+0000] {logging_mixin.py:137} INFO - [2022-12-19T20:06:48.881+0000] {dag.py:2676} INFO - Sync 1 DAGs
[2022-12-19T20:06:48.922+0000] {logging_mixin.py:137} INFO - [2022-12-19T20:06:48.922+0000] {dag.py:3427} INFO - Setting next_dagrun for example_task_group_decorator to 2022-12-18T20:06:48.921731+00:00, run_after=2022-12-19T20:06:48.921731+00:00
[2022-12-19T20:06:48.945+0000] {processor.py:175} INFO - Processing /home/airflow/.local/lib/python3.7/site-packages/airflow/example_dags/example_task_group_decorator.py took 0.157 seconds
[2022-12-19T20:07:19.429+0000] {processor.py:153} INFO - Started process (PID=5096) to work on /home/airflow/.local/lib/python3.7/site-packages/airflow/example_dags/example_task_group_decorator.py
[2022-12-19T20:07:19.430+0000] {processor.py:743} INFO - Processing file /home/airflow/.local/lib/python3.7/site-packages/airflow/example_dags/example_task_group_decorator.py for tasks to queue
[2022-12-19T20:07:19.431+0000] {logging_mixin.py:137} INFO - [2022-12-19T20:07:19.430+0000] {dagbag.py:538} INFO - Filling up the DagBag from /home/airflow/.local/lib/python3.7/site-packages/airflow/example_dags/example_task_group_decorator.py
[2022-12-19T20:07:19.461+0000] {processor.py:753} INFO - DAG(s) dict_keys(['example_task_group_decorator']) retrieved from /home/airflow/.local/lib/python3.7/site-packages/airflow/example_dags/example_task_group_decorator.py
[2022-12-19T20:07:19.506+0000] {logging_mixin.py:137} INFO - [2022-12-19T20:07:19.506+0000] {dag.py:2676} INFO - Sync 1 DAGs
[2022-12-19T20:07:19.535+0000] {logging_mixin.py:137} INFO - [2022-12-19T20:07:19.535+0000] {dag.py:3427} INFO - Setting next_dagrun for example_task_group_decorator to 2022-12-18T20:07:19.535172+00:00, run_after=2022-12-19T20:07:19.535172+00:00
[2022-12-19T20:07:19.557+0000] {processor.py:175} INFO - Processing /home/airflow/.local/lib/python3.7/site-packages/airflow/example_dags/example_task_group_decorator.py took 0.131 seconds
[2022-12-19T20:07:50.403+0000] {processor.py:153} INFO - Started process (PID=5182) to work on /home/airflow/.local/lib/python3.7/site-packages/airflow/example_dags/example_task_group_decorator.py
[2022-12-19T20:07:50.404+0000] {processor.py:743} INFO - Processing file /home/airflow/.local/lib/python3.7/site-packages/airflow/example_dags/example_task_group_decorator.py for tasks to queue
[2022-12-19T20:07:50.405+0000] {logging_mixin.py:137} INFO - [2022-12-19T20:07:50.405+0000] {dagbag.py:538} INFO - Filling up the DagBag from /home/airflow/.local/lib/python3.7/site-packages/airflow/example_dags/example_task_group_decorator.py
[2022-12-19T20:07:50.441+0000] {processor.py:753} INFO - DAG(s) dict_keys(['example_task_group_decorator']) retrieved from /home/airflow/.local/lib/python3.7/site-packages/airflow/example_dags/example_task_group_decorator.py
[2022-12-19T20:07:50.492+0000] {logging_mixin.py:137} INFO - [2022-12-19T20:07:50.492+0000] {dag.py:2676} INFO - Sync 1 DAGs
[2022-12-19T20:07:50.522+0000] {logging_mixin.py:137} INFO - [2022-12-19T20:07:50.522+0000] {dag.py:3427} INFO - Setting next_dagrun for example_task_group_decorator to 2022-12-18T20:07:50.522168+00:00, run_after=2022-12-19T20:07:50.522168+00:00
[2022-12-19T20:07:50.545+0000] {processor.py:175} INFO - Processing /home/airflow/.local/lib/python3.7/site-packages/airflow/example_dags/example_task_group_decorator.py took 0.145 seconds
[2022-12-19T20:08:20.950+0000] {processor.py:153} INFO - Started process (PID=5268) to work on /home/airflow/.local/lib/python3.7/site-packages/airflow/example_dags/example_task_group_decorator.py
[2022-12-19T20:08:20.951+0000] {processor.py:743} INFO - Processing file /home/airflow/.local/lib/python3.7/site-packages/airflow/example_dags/example_task_group_decorator.py for tasks to queue
[2022-12-19T20:08:20.951+0000] {logging_mixin.py:137} INFO - [2022-12-19T20:08:20.951+0000] {dagbag.py:538} INFO - Filling up the DagBag from /home/airflow/.local/lib/python3.7/site-packages/airflow/example_dags/example_task_group_decorator.py
[2022-12-19T20:08:20.985+0000] {processor.py:753} INFO - DAG(s) dict_keys(['example_task_group_decorator']) retrieved from /home/airflow/.local/lib/python3.7/site-packages/airflow/example_dags/example_task_group_decorator.py
[2022-12-19T20:08:21.036+0000] {logging_mixin.py:137} INFO - [2022-12-19T20:08:21.035+0000] {dag.py:2676} INFO - Sync 1 DAGs
[2022-12-19T20:08:21.064+0000] {logging_mixin.py:137} INFO - [2022-12-19T20:08:21.064+0000] {dag.py:3427} INFO - Setting next_dagrun for example_task_group_decorator to 2022-12-18T20:08:21.064450+00:00, run_after=2022-12-19T20:08:21.064450+00:00
[2022-12-19T20:08:21.095+0000] {processor.py:175} INFO - Processing /home/airflow/.local/lib/python3.7/site-packages/airflow/example_dags/example_task_group_decorator.py took 0.148 seconds
[2022-12-19T20:08:51.350+0000] {processor.py:153} INFO - Started process (PID=5378) to work on /home/airflow/.local/lib/python3.7/site-packages/airflow/example_dags/example_task_group_decorator.py
[2022-12-19T20:08:51.352+0000] {processor.py:743} INFO - Processing file /home/airflow/.local/lib/python3.7/site-packages/airflow/example_dags/example_task_group_decorator.py for tasks to queue
[2022-12-19T20:08:51.352+0000] {logging_mixin.py:137} INFO - [2022-12-19T20:08:51.352+0000] {dagbag.py:538} INFO - Filling up the DagBag from /home/airflow/.local/lib/python3.7/site-packages/airflow/example_dags/example_task_group_decorator.py
[2022-12-19T20:08:51.382+0000] {processor.py:753} INFO - DAG(s) dict_keys(['example_task_group_decorator']) retrieved from /home/airflow/.local/lib/python3.7/site-packages/airflow/example_dags/example_task_group_decorator.py
[2022-12-19T20:08:51.427+0000] {logging_mixin.py:137} INFO - [2022-12-19T20:08:51.426+0000] {dag.py:2676} INFO - Sync 1 DAGs
[2022-12-19T20:08:51.458+0000] {logging_mixin.py:137} INFO - [2022-12-19T20:08:51.458+0000] {dag.py:3427} INFO - Setting next_dagrun for example_task_group_decorator to 2022-12-18T20:08:51.457965+00:00, run_after=2022-12-19T20:08:51.457965+00:00
[2022-12-19T20:08:51.477+0000] {processor.py:175} INFO - Processing /home/airflow/.local/lib/python3.7/site-packages/airflow/example_dags/example_task_group_decorator.py took 0.129 seconds
[2022-12-19T20:09:21.855+0000] {processor.py:153} INFO - Started process (PID=5464) to work on /home/airflow/.local/lib/python3.7/site-packages/airflow/example_dags/example_task_group_decorator.py
[2022-12-19T20:09:21.856+0000] {processor.py:743} INFO - Processing file /home/airflow/.local/lib/python3.7/site-packages/airflow/example_dags/example_task_group_decorator.py for tasks to queue
[2022-12-19T20:09:21.856+0000] {logging_mixin.py:137} INFO - [2022-12-19T20:09:21.856+0000] {dagbag.py:538} INFO - Filling up the DagBag from /home/airflow/.local/lib/python3.7/site-packages/airflow/example_dags/example_task_group_decorator.py
[2022-12-19T20:09:21.893+0000] {processor.py:753} INFO - DAG(s) dict_keys(['example_task_group_decorator']) retrieved from /home/airflow/.local/lib/python3.7/site-packages/airflow/example_dags/example_task_group_decorator.py
[2022-12-19T20:09:21.961+0000] {logging_mixin.py:137} INFO - [2022-12-19T20:09:21.961+0000] {dag.py:2676} INFO - Sync 1 DAGs
[2022-12-19T20:09:21.995+0000] {logging_mixin.py:137} INFO - [2022-12-19T20:09:21.995+0000] {dag.py:3427} INFO - Setting next_dagrun for example_task_group_decorator to 2022-12-18T20:09:21.995308+00:00, run_after=2022-12-19T20:09:21.995308+00:00
[2022-12-19T20:09:22.023+0000] {processor.py:175} INFO - Processing /home/airflow/.local/lib/python3.7/site-packages/airflow/example_dags/example_task_group_decorator.py took 0.171 seconds
[2022-12-19T20:09:52.060+0000] {processor.py:153} INFO - Started process (PID=5550) to work on /home/airflow/.local/lib/python3.7/site-packages/airflow/example_dags/example_task_group_decorator.py
[2022-12-19T20:09:52.061+0000] {processor.py:743} INFO - Processing file /home/airflow/.local/lib/python3.7/site-packages/airflow/example_dags/example_task_group_decorator.py for tasks to queue
[2022-12-19T20:09:52.062+0000] {logging_mixin.py:137} INFO - [2022-12-19T20:09:52.061+0000] {dagbag.py:538} INFO - Filling up the DagBag from /home/airflow/.local/lib/python3.7/site-packages/airflow/example_dags/example_task_group_decorator.py
[2022-12-19T20:09:52.095+0000] {processor.py:753} INFO - DAG(s) dict_keys(['example_task_group_decorator']) retrieved from /home/airflow/.local/lib/python3.7/site-packages/airflow/example_dags/example_task_group_decorator.py
[2022-12-19T20:09:52.140+0000] {logging_mixin.py:137} INFO - [2022-12-19T20:09:52.140+0000] {dag.py:2676} INFO - Sync 1 DAGs
[2022-12-19T20:09:52.172+0000] {logging_mixin.py:137} INFO - [2022-12-19T20:09:52.172+0000] {dag.py:3427} INFO - Setting next_dagrun for example_task_group_decorator to 2022-12-18T20:09:52.171689+00:00, run_after=2022-12-19T20:09:52.171689+00:00
[2022-12-19T20:09:52.198+0000] {processor.py:175} INFO - Processing /home/airflow/.local/lib/python3.7/site-packages/airflow/example_dags/example_task_group_decorator.py took 0.141 seconds
[2022-12-19T20:10:22.367+0000] {processor.py:153} INFO - Started process (PID=5660) to work on /home/airflow/.local/lib/python3.7/site-packages/airflow/example_dags/example_task_group_decorator.py
[2022-12-19T20:10:22.368+0000] {processor.py:743} INFO - Processing file /home/airflow/.local/lib/python3.7/site-packages/airflow/example_dags/example_task_group_decorator.py for tasks to queue
[2022-12-19T20:10:22.368+0000] {logging_mixin.py:137} INFO - [2022-12-19T20:10:22.368+0000] {dagbag.py:538} INFO - Filling up the DagBag from /home/airflow/.local/lib/python3.7/site-packages/airflow/example_dags/example_task_group_decorator.py
[2022-12-19T20:10:22.399+0000] {processor.py:753} INFO - DAG(s) dict_keys(['example_task_group_decorator']) retrieved from /home/airflow/.local/lib/python3.7/site-packages/airflow/example_dags/example_task_group_decorator.py
[2022-12-19T20:10:22.440+0000] {logging_mixin.py:137} INFO - [2022-12-19T20:10:22.440+0000] {dag.py:2676} INFO - Sync 1 DAGs
[2022-12-19T20:10:22.466+0000] {logging_mixin.py:137} INFO - [2022-12-19T20:10:22.466+0000] {dag.py:3427} INFO - Setting next_dagrun for example_task_group_decorator to 2022-12-18T20:10:22.466137+00:00, run_after=2022-12-19T20:10:22.466137+00:00
[2022-12-19T20:10:22.487+0000] {processor.py:175} INFO - Processing /home/airflow/.local/lib/python3.7/site-packages/airflow/example_dags/example_task_group_decorator.py took 0.123 seconds
[2022-12-19T20:10:52.552+0000] {processor.py:153} INFO - Started process (PID=5746) to work on /home/airflow/.local/lib/python3.7/site-packages/airflow/example_dags/example_task_group_decorator.py
[2022-12-19T20:10:52.553+0000] {processor.py:743} INFO - Processing file /home/airflow/.local/lib/python3.7/site-packages/airflow/example_dags/example_task_group_decorator.py for tasks to queue
[2022-12-19T20:10:52.553+0000] {logging_mixin.py:137} INFO - [2022-12-19T20:10:52.553+0000] {dagbag.py:538} INFO - Filling up the DagBag from /home/airflow/.local/lib/python3.7/site-packages/airflow/example_dags/example_task_group_decorator.py
[2022-12-19T20:10:52.589+0000] {processor.py:753} INFO - DAG(s) dict_keys(['example_task_group_decorator']) retrieved from /home/airflow/.local/lib/python3.7/site-packages/airflow/example_dags/example_task_group_decorator.py
[2022-12-19T20:10:52.635+0000] {logging_mixin.py:137} INFO - [2022-12-19T20:10:52.635+0000] {dag.py:2676} INFO - Sync 1 DAGs
[2022-12-19T20:10:52.667+0000] {logging_mixin.py:137} INFO - [2022-12-19T20:10:52.667+0000] {dag.py:3427} INFO - Setting next_dagrun for example_task_group_decorator to 2022-12-18T20:10:52.667416+00:00, run_after=2022-12-19T20:10:52.667416+00:00
[2022-12-19T20:10:52.687+0000] {processor.py:175} INFO - Processing /home/airflow/.local/lib/python3.7/site-packages/airflow/example_dags/example_task_group_decorator.py took 0.140 seconds
[2022-12-19T20:11:22.764+0000] {processor.py:153} INFO - Started process (PID=5841) to work on /home/airflow/.local/lib/python3.7/site-packages/airflow/example_dags/example_task_group_decorator.py
[2022-12-19T20:11:22.765+0000] {processor.py:743} INFO - Processing file /home/airflow/.local/lib/python3.7/site-packages/airflow/example_dags/example_task_group_decorator.py for tasks to queue
[2022-12-19T20:11:22.765+0000] {logging_mixin.py:137} INFO - [2022-12-19T20:11:22.765+0000] {dagbag.py:538} INFO - Filling up the DagBag from /home/airflow/.local/lib/python3.7/site-packages/airflow/example_dags/example_task_group_decorator.py
[2022-12-19T20:11:22.798+0000] {processor.py:753} INFO - DAG(s) dict_keys(['example_task_group_decorator']) retrieved from /home/airflow/.local/lib/python3.7/site-packages/airflow/example_dags/example_task_group_decorator.py
[2022-12-19T20:11:22.843+0000] {logging_mixin.py:137} INFO - [2022-12-19T20:11:22.843+0000] {dag.py:2676} INFO - Sync 1 DAGs
[2022-12-19T20:11:22.872+0000] {logging_mixin.py:137} INFO - [2022-12-19T20:11:22.872+0000] {dag.py:3427} INFO - Setting next_dagrun for example_task_group_decorator to 2022-12-18T20:11:22.872337+00:00, run_after=2022-12-19T20:11:22.872337+00:00
[2022-12-19T20:11:22.892+0000] {processor.py:175} INFO - Processing /home/airflow/.local/lib/python3.7/site-packages/airflow/example_dags/example_task_group_decorator.py took 0.132 seconds
[2022-12-19T20:11:53.057+0000] {processor.py:153} INFO - Started process (PID=5943) to work on /home/airflow/.local/lib/python3.7/site-packages/airflow/example_dags/example_task_group_decorator.py
[2022-12-19T20:11:53.058+0000] {processor.py:743} INFO - Processing file /home/airflow/.local/lib/python3.7/site-packages/airflow/example_dags/example_task_group_decorator.py for tasks to queue
[2022-12-19T20:11:53.059+0000] {logging_mixin.py:137} INFO - [2022-12-19T20:11:53.059+0000] {dagbag.py:538} INFO - Filling up the DagBag from /home/airflow/.local/lib/python3.7/site-packages/airflow/example_dags/example_task_group_decorator.py
[2022-12-19T20:11:53.091+0000] {processor.py:753} INFO - DAG(s) dict_keys(['example_task_group_decorator']) retrieved from /home/airflow/.local/lib/python3.7/site-packages/airflow/example_dags/example_task_group_decorator.py
[2022-12-19T20:11:53.136+0000] {logging_mixin.py:137} INFO - [2022-12-19T20:11:53.135+0000] {dag.py:2676} INFO - Sync 1 DAGs
[2022-12-19T20:11:53.162+0000] {logging_mixin.py:137} INFO - [2022-12-19T20:11:53.162+0000] {dag.py:3427} INFO - Setting next_dagrun for example_task_group_decorator to 2022-12-18T20:11:53.162041+00:00, run_after=2022-12-19T20:11:53.162041+00:00
[2022-12-19T20:11:53.181+0000] {processor.py:175} INFO - Processing /home/airflow/.local/lib/python3.7/site-packages/airflow/example_dags/example_task_group_decorator.py took 0.126 seconds
[2022-12-19T20:12:23.556+0000] {processor.py:153} INFO - Started process (PID=6029) to work on /home/airflow/.local/lib/python3.7/site-packages/airflow/example_dags/example_task_group_decorator.py
[2022-12-19T20:12:23.557+0000] {processor.py:743} INFO - Processing file /home/airflow/.local/lib/python3.7/site-packages/airflow/example_dags/example_task_group_decorator.py for tasks to queue
[2022-12-19T20:12:23.558+0000] {logging_mixin.py:137} INFO - [2022-12-19T20:12:23.558+0000] {dagbag.py:538} INFO - Filling up the DagBag from /home/airflow/.local/lib/python3.7/site-packages/airflow/example_dags/example_task_group_decorator.py
[2022-12-19T20:12:23.593+0000] {processor.py:753} INFO - DAG(s) dict_keys(['example_task_group_decorator']) retrieved from /home/airflow/.local/lib/python3.7/site-packages/airflow/example_dags/example_task_group_decorator.py
[2022-12-19T20:12:23.642+0000] {logging_mixin.py:137} INFO - [2022-12-19T20:12:23.641+0000] {dag.py:2676} INFO - Sync 1 DAGs
[2022-12-19T20:12:23.672+0000] {logging_mixin.py:137} INFO - [2022-12-19T20:12:23.672+0000] {dag.py:3427} INFO - Setting next_dagrun for example_task_group_decorator to 2022-12-18T20:12:23.672343+00:00, run_after=2022-12-19T20:12:23.672343+00:00
[2022-12-19T20:12:23.696+0000] {processor.py:175} INFO - Processing /home/airflow/.local/lib/python3.7/site-packages/airflow/example_dags/example_task_group_decorator.py took 0.143 seconds
[2022-12-19T20:12:54.000+0000] {processor.py:153} INFO - Started process (PID=6140) to work on /home/airflow/.local/lib/python3.7/site-packages/airflow/example_dags/example_task_group_decorator.py
[2022-12-19T20:12:54.001+0000] {processor.py:743} INFO - Processing file /home/airflow/.local/lib/python3.7/site-packages/airflow/example_dags/example_task_group_decorator.py for tasks to queue
[2022-12-19T20:12:54.001+0000] {logging_mixin.py:137} INFO - [2022-12-19T20:12:54.001+0000] {dagbag.py:538} INFO - Filling up the DagBag from /home/airflow/.local/lib/python3.7/site-packages/airflow/example_dags/example_task_group_decorator.py
[2022-12-19T20:12:54.032+0000] {processor.py:753} INFO - DAG(s) dict_keys(['example_task_group_decorator']) retrieved from /home/airflow/.local/lib/python3.7/site-packages/airflow/example_dags/example_task_group_decorator.py
[2022-12-19T20:12:54.076+0000] {logging_mixin.py:137} INFO - [2022-12-19T20:12:54.075+0000] {dag.py:2676} INFO - Sync 1 DAGs
[2022-12-19T20:12:54.106+0000] {logging_mixin.py:137} INFO - [2022-12-19T20:12:54.106+0000] {dag.py:3427} INFO - Setting next_dagrun for example_task_group_decorator to 2022-12-18T20:12:54.105799+00:00, run_after=2022-12-19T20:12:54.105799+00:00
[2022-12-19T20:12:54.129+0000] {processor.py:175} INFO - Processing /home/airflow/.local/lib/python3.7/site-packages/airflow/example_dags/example_task_group_decorator.py took 0.133 seconds
[2022-12-19T20:13:24.376+0000] {processor.py:153} INFO - Started process (PID=6225) to work on /home/airflow/.local/lib/python3.7/site-packages/airflow/example_dags/example_task_group_decorator.py
[2022-12-19T20:13:24.377+0000] {processor.py:743} INFO - Processing file /home/airflow/.local/lib/python3.7/site-packages/airflow/example_dags/example_task_group_decorator.py for tasks to queue
[2022-12-19T20:13:24.377+0000] {logging_mixin.py:137} INFO - [2022-12-19T20:13:24.377+0000] {dagbag.py:538} INFO - Filling up the DagBag from /home/airflow/.local/lib/python3.7/site-packages/airflow/example_dags/example_task_group_decorator.py
[2022-12-19T20:13:24.411+0000] {processor.py:753} INFO - DAG(s) dict_keys(['example_task_group_decorator']) retrieved from /home/airflow/.local/lib/python3.7/site-packages/airflow/example_dags/example_task_group_decorator.py
[2022-12-19T20:13:24.481+0000] {logging_mixin.py:137} INFO - [2022-12-19T20:13:24.481+0000] {dag.py:2676} INFO - Sync 1 DAGs
[2022-12-19T20:13:24.585+0000] {logging_mixin.py:137} INFO - [2022-12-19T20:13:24.585+0000] {dag.py:3427} INFO - Setting next_dagrun for example_task_group_decorator to 2022-12-18T20:13:24.585273+00:00, run_after=2022-12-19T20:13:24.585273+00:00
[2022-12-19T20:13:24.611+0000] {processor.py:175} INFO - Processing /home/airflow/.local/lib/python3.7/site-packages/airflow/example_dags/example_task_group_decorator.py took 0.238 seconds
[2022-12-19T20:13:55.476+0000] {processor.py:153} INFO - Started process (PID=6320) to work on /home/airflow/.local/lib/python3.7/site-packages/airflow/example_dags/example_task_group_decorator.py
[2022-12-19T20:13:55.477+0000] {processor.py:743} INFO - Processing file /home/airflow/.local/lib/python3.7/site-packages/airflow/example_dags/example_task_group_decorator.py for tasks to queue
[2022-12-19T20:13:55.478+0000] {logging_mixin.py:137} INFO - [2022-12-19T20:13:55.477+0000] {dagbag.py:538} INFO - Filling up the DagBag from /home/airflow/.local/lib/python3.7/site-packages/airflow/example_dags/example_task_group_decorator.py
[2022-12-19T20:13:55.512+0000] {processor.py:753} INFO - DAG(s) dict_keys(['example_task_group_decorator']) retrieved from /home/airflow/.local/lib/python3.7/site-packages/airflow/example_dags/example_task_group_decorator.py
[2022-12-19T20:13:55.569+0000] {logging_mixin.py:137} INFO - [2022-12-19T20:13:55.569+0000] {dag.py:2676} INFO - Sync 1 DAGs
[2022-12-19T20:13:55.598+0000] {logging_mixin.py:137} INFO - [2022-12-19T20:13:55.598+0000] {dag.py:3427} INFO - Setting next_dagrun for example_task_group_decorator to 2022-12-18T20:13:55.597936+00:00, run_after=2022-12-19T20:13:55.597936+00:00
[2022-12-19T20:13:55.627+0000] {processor.py:175} INFO - Processing /home/airflow/.local/lib/python3.7/site-packages/airflow/example_dags/example_task_group_decorator.py took 0.154 seconds
[2022-12-19T20:14:25.876+0000] {processor.py:153} INFO - Started process (PID=6421) to work on /home/airflow/.local/lib/python3.7/site-packages/airflow/example_dags/example_task_group_decorator.py
[2022-12-19T20:14:25.877+0000] {processor.py:743} INFO - Processing file /home/airflow/.local/lib/python3.7/site-packages/airflow/example_dags/example_task_group_decorator.py for tasks to queue
[2022-12-19T20:14:25.878+0000] {logging_mixin.py:137} INFO - [2022-12-19T20:14:25.878+0000] {dagbag.py:538} INFO - Filling up the DagBag from /home/airflow/.local/lib/python3.7/site-packages/airflow/example_dags/example_task_group_decorator.py
[2022-12-19T20:14:25.911+0000] {processor.py:753} INFO - DAG(s) dict_keys(['example_task_group_decorator']) retrieved from /home/airflow/.local/lib/python3.7/site-packages/airflow/example_dags/example_task_group_decorator.py
[2022-12-19T20:14:25.955+0000] {logging_mixin.py:137} INFO - [2022-12-19T20:14:25.955+0000] {dag.py:2676} INFO - Sync 1 DAGs
[2022-12-19T20:14:25.989+0000] {logging_mixin.py:137} INFO - [2022-12-19T20:14:25.988+0000] {dag.py:3427} INFO - Setting next_dagrun for example_task_group_decorator to 2022-12-18T20:14:25.988580+00:00, run_after=2022-12-19T20:14:25.988580+00:00
[2022-12-19T20:14:26.013+0000] {processor.py:175} INFO - Processing /home/airflow/.local/lib/python3.7/site-packages/airflow/example_dags/example_task_group_decorator.py took 0.139 seconds
[2022-12-19T20:14:56.340+0000] {processor.py:153} INFO - Started process (PID=6507) to work on /home/airflow/.local/lib/python3.7/site-packages/airflow/example_dags/example_task_group_decorator.py
[2022-12-19T20:14:56.341+0000] {processor.py:743} INFO - Processing file /home/airflow/.local/lib/python3.7/site-packages/airflow/example_dags/example_task_group_decorator.py for tasks to queue
[2022-12-19T20:14:56.342+0000] {logging_mixin.py:137} INFO - [2022-12-19T20:14:56.342+0000] {dagbag.py:538} INFO - Filling up the DagBag from /home/airflow/.local/lib/python3.7/site-packages/airflow/example_dags/example_task_group_decorator.py
[2022-12-19T20:14:56.376+0000] {processor.py:753} INFO - DAG(s) dict_keys(['example_task_group_decorator']) retrieved from /home/airflow/.local/lib/python3.7/site-packages/airflow/example_dags/example_task_group_decorator.py
[2022-12-19T20:14:56.424+0000] {logging_mixin.py:137} INFO - [2022-12-19T20:14:56.424+0000] {dag.py:2676} INFO - Sync 1 DAGs
[2022-12-19T20:14:56.462+0000] {logging_mixin.py:137} INFO - [2022-12-19T20:14:56.462+0000] {dag.py:3427} INFO - Setting next_dagrun for example_task_group_decorator to 2022-12-18T20:14:56.462404+00:00, run_after=2022-12-19T20:14:56.462404+00:00
[2022-12-19T20:14:56.483+0000] {processor.py:175} INFO - Processing /home/airflow/.local/lib/python3.7/site-packages/airflow/example_dags/example_task_group_decorator.py took 0.146 seconds
[2022-12-19T20:15:26.600+0000] {processor.py:153} INFO - Started process (PID=6617) to work on /home/airflow/.local/lib/python3.7/site-packages/airflow/example_dags/example_task_group_decorator.py
[2022-12-19T20:15:26.601+0000] {processor.py:743} INFO - Processing file /home/airflow/.local/lib/python3.7/site-packages/airflow/example_dags/example_task_group_decorator.py for tasks to queue
[2022-12-19T20:15:26.601+0000] {logging_mixin.py:137} INFO - [2022-12-19T20:15:26.601+0000] {dagbag.py:538} INFO - Filling up the DagBag from /home/airflow/.local/lib/python3.7/site-packages/airflow/example_dags/example_task_group_decorator.py
[2022-12-19T20:15:26.631+0000] {processor.py:753} INFO - DAG(s) dict_keys(['example_task_group_decorator']) retrieved from /home/airflow/.local/lib/python3.7/site-packages/airflow/example_dags/example_task_group_decorator.py
[2022-12-19T20:15:26.675+0000] {logging_mixin.py:137} INFO - [2022-12-19T20:15:26.675+0000] {dag.py:2676} INFO - Sync 1 DAGs
[2022-12-19T20:15:26.703+0000] {logging_mixin.py:137} INFO - [2022-12-19T20:15:26.703+0000] {dag.py:3427} INFO - Setting next_dagrun for example_task_group_decorator to 2022-12-18T20:15:26.702944+00:00, run_after=2022-12-19T20:15:26.702944+00:00
[2022-12-19T20:15:26.726+0000] {processor.py:175} INFO - Processing /home/airflow/.local/lib/python3.7/site-packages/airflow/example_dags/example_task_group_decorator.py took 0.129 seconds
[2022-12-19T20:15:57.046+0000] {processor.py:153} INFO - Started process (PID=6703) to work on /home/airflow/.local/lib/python3.7/site-packages/airflow/example_dags/example_task_group_decorator.py
[2022-12-19T20:15:57.047+0000] {processor.py:743} INFO - Processing file /home/airflow/.local/lib/python3.7/site-packages/airflow/example_dags/example_task_group_decorator.py for tasks to queue
[2022-12-19T20:15:57.047+0000] {logging_mixin.py:137} INFO - [2022-12-19T20:15:57.047+0000] {dagbag.py:538} INFO - Filling up the DagBag from /home/airflow/.local/lib/python3.7/site-packages/airflow/example_dags/example_task_group_decorator.py
[2022-12-19T20:15:57.077+0000] {processor.py:753} INFO - DAG(s) dict_keys(['example_task_group_decorator']) retrieved from /home/airflow/.local/lib/python3.7/site-packages/airflow/example_dags/example_task_group_decorator.py
[2022-12-19T20:15:57.119+0000] {logging_mixin.py:137} INFO - [2022-12-19T20:15:57.119+0000] {dag.py:2676} INFO - Sync 1 DAGs
[2022-12-19T20:15:57.146+0000] {logging_mixin.py:137} INFO - [2022-12-19T20:15:57.146+0000] {dag.py:3427} INFO - Setting next_dagrun for example_task_group_decorator to 2022-12-18T20:15:57.146159+00:00, run_after=2022-12-19T20:15:57.146159+00:00
[2022-12-19T20:15:57.165+0000] {processor.py:175} INFO - Processing /home/airflow/.local/lib/python3.7/site-packages/airflow/example_dags/example_task_group_decorator.py took 0.123 seconds
[2022-12-19T20:16:27.331+0000] {processor.py:153} INFO - Started process (PID=6789) to work on /home/airflow/.local/lib/python3.7/site-packages/airflow/example_dags/example_task_group_decorator.py
[2022-12-19T20:16:27.332+0000] {processor.py:743} INFO - Processing file /home/airflow/.local/lib/python3.7/site-packages/airflow/example_dags/example_task_group_decorator.py for tasks to queue
[2022-12-19T20:16:27.333+0000] {logging_mixin.py:137} INFO - [2022-12-19T20:16:27.332+0000] {dagbag.py:538} INFO - Filling up the DagBag from /home/airflow/.local/lib/python3.7/site-packages/airflow/example_dags/example_task_group_decorator.py
[2022-12-19T20:16:27.365+0000] {processor.py:753} INFO - DAG(s) dict_keys(['example_task_group_decorator']) retrieved from /home/airflow/.local/lib/python3.7/site-packages/airflow/example_dags/example_task_group_decorator.py
[2022-12-19T20:16:27.407+0000] {logging_mixin.py:137} INFO - [2022-12-19T20:16:27.407+0000] {dag.py:2676} INFO - Sync 1 DAGs
[2022-12-19T20:16:27.441+0000] {logging_mixin.py:137} INFO - [2022-12-19T20:16:27.441+0000] {dag.py:3427} INFO - Setting next_dagrun for example_task_group_decorator to 2022-12-18T20:16:27.440884+00:00, run_after=2022-12-19T20:16:27.440884+00:00
[2022-12-19T20:16:27.468+0000] {processor.py:175} INFO - Processing /home/airflow/.local/lib/python3.7/site-packages/airflow/example_dags/example_task_group_decorator.py took 0.140 seconds
[2022-12-19T20:16:58.381+0000] {processor.py:153} INFO - Started process (PID=6899) to work on /home/airflow/.local/lib/python3.7/site-packages/airflow/example_dags/example_task_group_decorator.py
[2022-12-19T20:16:58.382+0000] {processor.py:743} INFO - Processing file /home/airflow/.local/lib/python3.7/site-packages/airflow/example_dags/example_task_group_decorator.py for tasks to queue
[2022-12-19T20:16:58.383+0000] {logging_mixin.py:137} INFO - [2022-12-19T20:16:58.383+0000] {dagbag.py:538} INFO - Filling up the DagBag from /home/airflow/.local/lib/python3.7/site-packages/airflow/example_dags/example_task_group_decorator.py
[2022-12-19T20:16:58.430+0000] {processor.py:753} INFO - DAG(s) dict_keys(['example_task_group_decorator']) retrieved from /home/airflow/.local/lib/python3.7/site-packages/airflow/example_dags/example_task_group_decorator.py
[2022-12-19T20:16:58.495+0000] {logging_mixin.py:137} INFO - [2022-12-19T20:16:58.495+0000] {dag.py:2676} INFO - Sync 1 DAGs
[2022-12-19T20:16:58.543+0000] {logging_mixin.py:137} INFO - [2022-12-19T20:16:58.543+0000] {dag.py:3427} INFO - Setting next_dagrun for example_task_group_decorator to 2022-12-18T20:16:58.543050+00:00, run_after=2022-12-19T20:16:58.543050+00:00
[2022-12-19T20:16:58.572+0000] {processor.py:175} INFO - Processing /home/airflow/.local/lib/python3.7/site-packages/airflow/example_dags/example_task_group_decorator.py took 0.196 seconds
[2022-12-19T20:17:28.860+0000] {processor.py:153} INFO - Started process (PID=6985) to work on /home/airflow/.local/lib/python3.7/site-packages/airflow/example_dags/example_task_group_decorator.py
[2022-12-19T20:17:28.861+0000] {processor.py:743} INFO - Processing file /home/airflow/.local/lib/python3.7/site-packages/airflow/example_dags/example_task_group_decorator.py for tasks to queue
[2022-12-19T20:17:28.862+0000] {logging_mixin.py:137} INFO - [2022-12-19T20:17:28.862+0000] {dagbag.py:538} INFO - Filling up the DagBag from /home/airflow/.local/lib/python3.7/site-packages/airflow/example_dags/example_task_group_decorator.py
[2022-12-19T20:17:28.901+0000] {processor.py:753} INFO - DAG(s) dict_keys(['example_task_group_decorator']) retrieved from /home/airflow/.local/lib/python3.7/site-packages/airflow/example_dags/example_task_group_decorator.py
[2022-12-19T20:17:28.962+0000] {logging_mixin.py:137} INFO - [2022-12-19T20:17:28.961+0000] {dag.py:2676} INFO - Sync 1 DAGs
[2022-12-19T20:17:29.005+0000] {logging_mixin.py:137} INFO - [2022-12-19T20:17:29.004+0000] {dag.py:3427} INFO - Setting next_dagrun for example_task_group_decorator to 2022-12-18T20:17:29.004374+00:00, run_after=2022-12-19T20:17:29.004374+00:00
[2022-12-19T20:17:29.047+0000] {processor.py:175} INFO - Processing /home/airflow/.local/lib/python3.7/site-packages/airflow/example_dags/example_task_group_decorator.py took 0.192 seconds
[2022-12-19T20:17:59.293+0000] {processor.py:153} INFO - Started process (PID=7071) to work on /home/airflow/.local/lib/python3.7/site-packages/airflow/example_dags/example_task_group_decorator.py
[2022-12-19T20:17:59.295+0000] {processor.py:743} INFO - Processing file /home/airflow/.local/lib/python3.7/site-packages/airflow/example_dags/example_task_group_decorator.py for tasks to queue
[2022-12-19T20:17:59.296+0000] {logging_mixin.py:137} INFO - [2022-12-19T20:17:59.296+0000] {dagbag.py:538} INFO - Filling up the DagBag from /home/airflow/.local/lib/python3.7/site-packages/airflow/example_dags/example_task_group_decorator.py
[2022-12-19T20:17:59.329+0000] {processor.py:753} INFO - DAG(s) dict_keys(['example_task_group_decorator']) retrieved from /home/airflow/.local/lib/python3.7/site-packages/airflow/example_dags/example_task_group_decorator.py
[2022-12-19T20:17:59.374+0000] {logging_mixin.py:137} INFO - [2022-12-19T20:17:59.374+0000] {dag.py:2676} INFO - Sync 1 DAGs
[2022-12-19T20:17:59.404+0000] {logging_mixin.py:137} INFO - [2022-12-19T20:17:59.403+0000] {dag.py:3427} INFO - Setting next_dagrun for example_task_group_decorator to 2022-12-18T20:17:59.403527+00:00, run_after=2022-12-19T20:17:59.403527+00:00
[2022-12-19T20:17:59.425+0000] {processor.py:175} INFO - Processing /home/airflow/.local/lib/python3.7/site-packages/airflow/example_dags/example_task_group_decorator.py took 0.135 seconds
[2022-12-19T20:18:29.492+0000] {processor.py:153} INFO - Started process (PID=7166) to work on /home/airflow/.local/lib/python3.7/site-packages/airflow/example_dags/example_task_group_decorator.py
[2022-12-19T20:18:29.493+0000] {processor.py:743} INFO - Processing file /home/airflow/.local/lib/python3.7/site-packages/airflow/example_dags/example_task_group_decorator.py for tasks to queue
[2022-12-19T20:18:29.494+0000] {logging_mixin.py:137} INFO - [2022-12-19T20:18:29.493+0000] {dagbag.py:538} INFO - Filling up the DagBag from /home/airflow/.local/lib/python3.7/site-packages/airflow/example_dags/example_task_group_decorator.py
[2022-12-19T20:18:29.528+0000] {processor.py:753} INFO - DAG(s) dict_keys(['example_task_group_decorator']) retrieved from /home/airflow/.local/lib/python3.7/site-packages/airflow/example_dags/example_task_group_decorator.py
[2022-12-19T20:18:29.577+0000] {logging_mixin.py:137} INFO - [2022-12-19T20:18:29.577+0000] {dag.py:2676} INFO - Sync 1 DAGs
[2022-12-19T20:18:29.606+0000] {logging_mixin.py:137} INFO - [2022-12-19T20:18:29.606+0000] {dag.py:3427} INFO - Setting next_dagrun for example_task_group_decorator to 2022-12-18T20:18:29.605937+00:00, run_after=2022-12-19T20:18:29.605937+00:00
[2022-12-19T20:18:29.631+0000] {processor.py:175} INFO - Processing /home/airflow/.local/lib/python3.7/site-packages/airflow/example_dags/example_task_group_decorator.py took 0.142 seconds
[2022-12-19T20:18:59.748+0000] {processor.py:153} INFO - Started process (PID=7267) to work on /home/airflow/.local/lib/python3.7/site-packages/airflow/example_dags/example_task_group_decorator.py
[2022-12-19T20:18:59.749+0000] {processor.py:743} INFO - Processing file /home/airflow/.local/lib/python3.7/site-packages/airflow/example_dags/example_task_group_decorator.py for tasks to queue
[2022-12-19T20:18:59.750+0000] {logging_mixin.py:137} INFO - [2022-12-19T20:18:59.750+0000] {dagbag.py:538} INFO - Filling up the DagBag from /home/airflow/.local/lib/python3.7/site-packages/airflow/example_dags/example_task_group_decorator.py
[2022-12-19T20:18:59.781+0000] {processor.py:753} INFO - DAG(s) dict_keys(['example_task_group_decorator']) retrieved from /home/airflow/.local/lib/python3.7/site-packages/airflow/example_dags/example_task_group_decorator.py
[2022-12-19T20:18:59.823+0000] {logging_mixin.py:137} INFO - [2022-12-19T20:18:59.823+0000] {dag.py:2676} INFO - Sync 1 DAGs
[2022-12-19T20:18:59.852+0000] {logging_mixin.py:137} INFO - [2022-12-19T20:18:59.852+0000] {dag.py:3427} INFO - Setting next_dagrun for example_task_group_decorator to 2022-12-18T20:18:59.852232+00:00, run_after=2022-12-19T20:18:59.852232+00:00
[2022-12-19T20:18:59.871+0000] {processor.py:175} INFO - Processing /home/airflow/.local/lib/python3.7/site-packages/airflow/example_dags/example_task_group_decorator.py took 0.125 seconds
[2022-12-19T20:19:30.008+0000] {processor.py:153} INFO - Started process (PID=7353) to work on /home/airflow/.local/lib/python3.7/site-packages/airflow/example_dags/example_task_group_decorator.py
[2022-12-19T20:19:30.010+0000] {processor.py:743} INFO - Processing file /home/airflow/.local/lib/python3.7/site-packages/airflow/example_dags/example_task_group_decorator.py for tasks to queue
[2022-12-19T20:19:30.010+0000] {logging_mixin.py:137} INFO - [2022-12-19T20:19:30.010+0000] {dagbag.py:538} INFO - Filling up the DagBag from /home/airflow/.local/lib/python3.7/site-packages/airflow/example_dags/example_task_group_decorator.py
[2022-12-19T20:19:30.041+0000] {processor.py:753} INFO - DAG(s) dict_keys(['example_task_group_decorator']) retrieved from /home/airflow/.local/lib/python3.7/site-packages/airflow/example_dags/example_task_group_decorator.py
[2022-12-19T20:19:30.084+0000] {logging_mixin.py:137} INFO - [2022-12-19T20:19:30.084+0000] {dag.py:2676} INFO - Sync 1 DAGs
[2022-12-19T20:19:30.112+0000] {logging_mixin.py:137} INFO - [2022-12-19T20:19:30.112+0000] {dag.py:3427} INFO - Setting next_dagrun for example_task_group_decorator to 2022-12-18T20:19:30.112149+00:00, run_after=2022-12-19T20:19:30.112149+00:00
[2022-12-19T20:19:30.132+0000] {processor.py:175} INFO - Processing /home/airflow/.local/lib/python3.7/site-packages/airflow/example_dags/example_task_group_decorator.py took 0.127 seconds
[2022-12-19T20:20:00.901+0000] {processor.py:153} INFO - Started process (PID=7463) to work on /home/airflow/.local/lib/python3.7/site-packages/airflow/example_dags/example_task_group_decorator.py
[2022-12-19T20:20:00.902+0000] {processor.py:743} INFO - Processing file /home/airflow/.local/lib/python3.7/site-packages/airflow/example_dags/example_task_group_decorator.py for tasks to queue
[2022-12-19T20:20:00.902+0000] {logging_mixin.py:137} INFO - [2022-12-19T20:20:00.902+0000] {dagbag.py:538} INFO - Filling up the DagBag from /home/airflow/.local/lib/python3.7/site-packages/airflow/example_dags/example_task_group_decorator.py
[2022-12-19T20:20:00.934+0000] {processor.py:753} INFO - DAG(s) dict_keys(['example_task_group_decorator']) retrieved from /home/airflow/.local/lib/python3.7/site-packages/airflow/example_dags/example_task_group_decorator.py
[2022-12-19T20:20:00.983+0000] {logging_mixin.py:137} INFO - [2022-12-19T20:20:00.983+0000] {dag.py:2676} INFO - Sync 1 DAGs
[2022-12-19T20:20:01.013+0000] {logging_mixin.py:137} INFO - [2022-12-19T20:20:01.013+0000] {dag.py:3427} INFO - Setting next_dagrun for example_task_group_decorator to 2022-12-18T20:20:01.013355+00:00, run_after=2022-12-19T20:20:01.013355+00:00
[2022-12-19T20:20:01.087+0000] {processor.py:175} INFO - Processing /home/airflow/.local/lib/python3.7/site-packages/airflow/example_dags/example_task_group_decorator.py took 0.188 seconds
