[2022-12-19T19:45:52.119+0000] {processor.py:153} INFO - Started process (PID=1161) to work on /home/airflow/.local/lib/python3.7/site-packages/airflow/example_dags/example_short_circuit_operator.py
[2022-12-19T19:45:52.120+0000] {processor.py:743} INFO - Processing file /home/airflow/.local/lib/python3.7/site-packages/airflow/example_dags/example_short_circuit_operator.py for tasks to queue
[2022-12-19T19:45:52.121+0000] {logging_mixin.py:137} INFO - [2022-12-19T19:45:52.120+0000] {dagbag.py:538} INFO - Filling up the DagBag from /home/airflow/.local/lib/python3.7/site-packages/airflow/example_dags/example_short_circuit_operator.py
[2022-12-19T19:45:52.139+0000] {processor.py:753} INFO - DAG(s) dict_keys(['example_short_circuit_operator']) retrieved from /home/airflow/.local/lib/python3.7/site-packages/airflow/example_dags/example_short_circuit_operator.py
[2022-12-19T19:45:52.187+0000] {logging_mixin.py:137} INFO - [2022-12-19T19:45:52.187+0000] {dag.py:2676} INFO - Sync 1 DAGs
[2022-12-19T19:45:52.220+0000] {logging_mixin.py:137} INFO - [2022-12-19T19:45:52.220+0000] {dag.py:3427} INFO - Setting next_dagrun for example_short_circuit_operator to 2022-12-18T19:45:52.220303+00:00, run_after=2022-12-19T19:45:52.220303+00:00
[2022-12-19T19:45:52.244+0000] {processor.py:175} INFO - Processing /home/airflow/.local/lib/python3.7/site-packages/airflow/example_dags/example_short_circuit_operator.py took 0.127 seconds
[2022-12-19T19:46:23.230+0000] {processor.py:153} INFO - Started process (PID=1247) to work on /home/airflow/.local/lib/python3.7/site-packages/airflow/example_dags/example_short_circuit_operator.py
[2022-12-19T19:46:23.232+0000] {processor.py:743} INFO - Processing file /home/airflow/.local/lib/python3.7/site-packages/airflow/example_dags/example_short_circuit_operator.py for tasks to queue
[2022-12-19T19:46:23.232+0000] {logging_mixin.py:137} INFO - [2022-12-19T19:46:23.232+0000] {dagbag.py:538} INFO - Filling up the DagBag from /home/airflow/.local/lib/python3.7/site-packages/airflow/example_dags/example_short_circuit_operator.py
[2022-12-19T19:46:23.253+0000] {processor.py:753} INFO - DAG(s) dict_keys(['example_short_circuit_operator']) retrieved from /home/airflow/.local/lib/python3.7/site-packages/airflow/example_dags/example_short_circuit_operator.py
[2022-12-19T19:46:23.313+0000] {logging_mixin.py:137} INFO - [2022-12-19T19:46:23.313+0000] {dag.py:2676} INFO - Sync 1 DAGs
[2022-12-19T19:46:23.351+0000] {logging_mixin.py:137} INFO - [2022-12-19T19:46:23.350+0000] {dag.py:3427} INFO - Setting next_dagrun for example_short_circuit_operator to 2022-12-18T19:46:23.350652+00:00, run_after=2022-12-19T19:46:23.350652+00:00
[2022-12-19T19:46:23.392+0000] {processor.py:175} INFO - Processing /home/airflow/.local/lib/python3.7/site-packages/airflow/example_dags/example_short_circuit_operator.py took 0.165 seconds
[2022-12-19T19:46:54.208+0000] {processor.py:153} INFO - Started process (PID=1333) to work on /home/airflow/.local/lib/python3.7/site-packages/airflow/example_dags/example_short_circuit_operator.py
[2022-12-19T19:46:54.209+0000] {processor.py:743} INFO - Processing file /home/airflow/.local/lib/python3.7/site-packages/airflow/example_dags/example_short_circuit_operator.py for tasks to queue
[2022-12-19T19:46:54.209+0000] {logging_mixin.py:137} INFO - [2022-12-19T19:46:54.209+0000] {dagbag.py:538} INFO - Filling up the DagBag from /home/airflow/.local/lib/python3.7/site-packages/airflow/example_dags/example_short_circuit_operator.py
[2022-12-19T19:46:54.232+0000] {processor.py:753} INFO - DAG(s) dict_keys(['example_short_circuit_operator']) retrieved from /home/airflow/.local/lib/python3.7/site-packages/airflow/example_dags/example_short_circuit_operator.py
[2022-12-19T19:46:54.330+0000] {logging_mixin.py:137} INFO - [2022-12-19T19:46:54.330+0000] {dag.py:2676} INFO - Sync 1 DAGs
[2022-12-19T19:46:54.424+0000] {logging_mixin.py:137} INFO - [2022-12-19T19:46:54.424+0000] {dag.py:3427} INFO - Setting next_dagrun for example_short_circuit_operator to 2022-12-18T19:46:54.424069+00:00, run_after=2022-12-19T19:46:54.424069+00:00
[2022-12-19T19:46:54.459+0000] {processor.py:175} INFO - Processing /home/airflow/.local/lib/python3.7/site-packages/airflow/example_dags/example_short_circuit_operator.py took 0.256 seconds
[2022-12-19T19:47:24.880+0000] {processor.py:153} INFO - Started process (PID=1419) to work on /home/airflow/.local/lib/python3.7/site-packages/airflow/example_dags/example_short_circuit_operator.py
[2022-12-19T19:47:24.886+0000] {processor.py:743} INFO - Processing file /home/airflow/.local/lib/python3.7/site-packages/airflow/example_dags/example_short_circuit_operator.py for tasks to queue
[2022-12-19T19:47:24.888+0000] {logging_mixin.py:137} INFO - [2022-12-19T19:47:24.887+0000] {dagbag.py:538} INFO - Filling up the DagBag from /home/airflow/.local/lib/python3.7/site-packages/airflow/example_dags/example_short_circuit_operator.py
[2022-12-19T19:47:24.911+0000] {processor.py:753} INFO - DAG(s) dict_keys(['example_short_circuit_operator']) retrieved from /home/airflow/.local/lib/python3.7/site-packages/airflow/example_dags/example_short_circuit_operator.py
[2022-12-19T19:47:24.968+0000] {logging_mixin.py:137} INFO - [2022-12-19T19:47:24.967+0000] {dag.py:2676} INFO - Sync 1 DAGs
[2022-12-19T19:47:25.002+0000] {logging_mixin.py:137} INFO - [2022-12-19T19:47:25.001+0000] {dag.py:3427} INFO - Setting next_dagrun for example_short_circuit_operator to 2022-12-18T19:47:25.001526+00:00, run_after=2022-12-19T19:47:25.001526+00:00
[2022-12-19T19:47:25.034+0000] {processor.py:175} INFO - Processing /home/airflow/.local/lib/python3.7/site-packages/airflow/example_dags/example_short_circuit_operator.py took 0.162 seconds
[2022-12-19T19:47:56.043+0000] {processor.py:153} INFO - Started process (PID=1505) to work on /home/airflow/.local/lib/python3.7/site-packages/airflow/example_dags/example_short_circuit_operator.py
[2022-12-19T19:47:56.044+0000] {processor.py:743} INFO - Processing file /home/airflow/.local/lib/python3.7/site-packages/airflow/example_dags/example_short_circuit_operator.py for tasks to queue
[2022-12-19T19:47:56.044+0000] {logging_mixin.py:137} INFO - [2022-12-19T19:47:56.044+0000] {dagbag.py:538} INFO - Filling up the DagBag from /home/airflow/.local/lib/python3.7/site-packages/airflow/example_dags/example_short_circuit_operator.py
[2022-12-19T19:47:56.063+0000] {processor.py:753} INFO - DAG(s) dict_keys(['example_short_circuit_operator']) retrieved from /home/airflow/.local/lib/python3.7/site-packages/airflow/example_dags/example_short_circuit_operator.py
[2022-12-19T19:47:56.123+0000] {logging_mixin.py:137} INFO - [2022-12-19T19:47:56.122+0000] {dag.py:2676} INFO - Sync 1 DAGs
[2022-12-19T19:47:56.150+0000] {logging_mixin.py:137} INFO - [2022-12-19T19:47:56.150+0000] {dag.py:3427} INFO - Setting next_dagrun for example_short_circuit_operator to 2022-12-18T19:47:56.149817+00:00, run_after=2022-12-19T19:47:56.149817+00:00
[2022-12-19T19:47:56.183+0000] {processor.py:175} INFO - Processing /home/airflow/.local/lib/python3.7/site-packages/airflow/example_dags/example_short_circuit_operator.py took 0.144 seconds
[2022-12-19T19:48:26.222+0000] {processor.py:153} INFO - Started process (PID=1591) to work on /home/airflow/.local/lib/python3.7/site-packages/airflow/example_dags/example_short_circuit_operator.py
[2022-12-19T19:48:26.223+0000] {processor.py:743} INFO - Processing file /home/airflow/.local/lib/python3.7/site-packages/airflow/example_dags/example_short_circuit_operator.py for tasks to queue
[2022-12-19T19:48:26.224+0000] {logging_mixin.py:137} INFO - [2022-12-19T19:48:26.223+0000] {dagbag.py:538} INFO - Filling up the DagBag from /home/airflow/.local/lib/python3.7/site-packages/airflow/example_dags/example_short_circuit_operator.py
[2022-12-19T19:48:26.242+0000] {processor.py:753} INFO - DAG(s) dict_keys(['example_short_circuit_operator']) retrieved from /home/airflow/.local/lib/python3.7/site-packages/airflow/example_dags/example_short_circuit_operator.py
[2022-12-19T19:48:26.286+0000] {logging_mixin.py:137} INFO - [2022-12-19T19:48:26.285+0000] {dag.py:2676} INFO - Sync 1 DAGs
[2022-12-19T19:48:26.327+0000] {logging_mixin.py:137} INFO - [2022-12-19T19:48:26.327+0000] {dag.py:3427} INFO - Setting next_dagrun for example_short_circuit_operator to 2022-12-18T19:48:26.327247+00:00, run_after=2022-12-19T19:48:26.327247+00:00
[2022-12-19T19:48:26.349+0000] {processor.py:175} INFO - Processing /home/airflow/.local/lib/python3.7/site-packages/airflow/example_dags/example_short_circuit_operator.py took 0.130 seconds
[2022-12-19T19:48:57.396+0000] {processor.py:153} INFO - Started process (PID=1701) to work on /home/airflow/.local/lib/python3.7/site-packages/airflow/example_dags/example_short_circuit_operator.py
[2022-12-19T19:48:57.402+0000] {processor.py:743} INFO - Processing file /home/airflow/.local/lib/python3.7/site-packages/airflow/example_dags/example_short_circuit_operator.py for tasks to queue
[2022-12-19T19:48:57.403+0000] {logging_mixin.py:137} INFO - [2022-12-19T19:48:57.403+0000] {dagbag.py:538} INFO - Filling up the DagBag from /home/airflow/.local/lib/python3.7/site-packages/airflow/example_dags/example_short_circuit_operator.py
[2022-12-19T19:48:57.499+0000] {processor.py:753} INFO - DAG(s) dict_keys(['example_short_circuit_operator']) retrieved from /home/airflow/.local/lib/python3.7/site-packages/airflow/example_dags/example_short_circuit_operator.py
[2022-12-19T19:48:57.768+0000] {logging_mixin.py:137} INFO - [2022-12-19T19:48:57.768+0000] {dag.py:2676} INFO - Sync 1 DAGs
[2022-12-19T19:48:57.972+0000] {logging_mixin.py:137} INFO - [2022-12-19T19:48:57.972+0000] {dag.py:3427} INFO - Setting next_dagrun for example_short_circuit_operator to 2022-12-18T19:48:57.971956+00:00, run_after=2022-12-19T19:48:57.971956+00:00
[2022-12-19T19:48:58.103+0000] {processor.py:175} INFO - Processing /home/airflow/.local/lib/python3.7/site-packages/airflow/example_dags/example_short_circuit_operator.py took 0.724 seconds
[2022-12-19T19:49:28.372+0000] {processor.py:153} INFO - Started process (PID=1788) to work on /home/airflow/.local/lib/python3.7/site-packages/airflow/example_dags/example_short_circuit_operator.py
[2022-12-19T19:49:28.373+0000] {processor.py:743} INFO - Processing file /home/airflow/.local/lib/python3.7/site-packages/airflow/example_dags/example_short_circuit_operator.py for tasks to queue
[2022-12-19T19:49:28.374+0000] {logging_mixin.py:137} INFO - [2022-12-19T19:49:28.374+0000] {dagbag.py:538} INFO - Filling up the DagBag from /home/airflow/.local/lib/python3.7/site-packages/airflow/example_dags/example_short_circuit_operator.py
[2022-12-19T19:49:28.472+0000] {processor.py:753} INFO - DAG(s) dict_keys(['example_short_circuit_operator']) retrieved from /home/airflow/.local/lib/python3.7/site-packages/airflow/example_dags/example_short_circuit_operator.py
[2022-12-19T19:49:28.586+0000] {logging_mixin.py:137} INFO - [2022-12-19T19:49:28.586+0000] {dag.py:2676} INFO - Sync 1 DAGs
[2022-12-19T19:49:28.690+0000] {logging_mixin.py:137} INFO - [2022-12-19T19:49:28.690+0000] {dag.py:3427} INFO - Setting next_dagrun for example_short_circuit_operator to 2022-12-18T19:49:28.690372+00:00, run_after=2022-12-19T19:49:28.690372+00:00
[2022-12-19T19:49:28.783+0000] {processor.py:175} INFO - Processing /home/airflow/.local/lib/python3.7/site-packages/airflow/example_dags/example_short_circuit_operator.py took 0.416 seconds
[2022-12-19T19:49:58.872+0000] {processor.py:153} INFO - Started process (PID=1874) to work on /home/airflow/.local/lib/python3.7/site-packages/airflow/example_dags/example_short_circuit_operator.py
[2022-12-19T19:49:58.873+0000] {processor.py:743} INFO - Processing file /home/airflow/.local/lib/python3.7/site-packages/airflow/example_dags/example_short_circuit_operator.py for tasks to queue
[2022-12-19T19:49:58.874+0000] {logging_mixin.py:137} INFO - [2022-12-19T19:49:58.873+0000] {dagbag.py:538} INFO - Filling up the DagBag from /home/airflow/.local/lib/python3.7/site-packages/airflow/example_dags/example_short_circuit_operator.py
[2022-12-19T19:49:58.891+0000] {processor.py:753} INFO - DAG(s) dict_keys(['example_short_circuit_operator']) retrieved from /home/airflow/.local/lib/python3.7/site-packages/airflow/example_dags/example_short_circuit_operator.py
[2022-12-19T19:49:58.936+0000] {logging_mixin.py:137} INFO - [2022-12-19T19:49:58.936+0000] {dag.py:2676} INFO - Sync 1 DAGs
[2022-12-19T19:49:58.973+0000] {logging_mixin.py:137} INFO - [2022-12-19T19:49:58.973+0000] {dag.py:3427} INFO - Setting next_dagrun for example_short_circuit_operator to 2022-12-18T19:49:58.973273+00:00, run_after=2022-12-19T19:49:58.973273+00:00
[2022-12-19T19:49:58.994+0000] {processor.py:175} INFO - Processing /home/airflow/.local/lib/python3.7/site-packages/airflow/example_dags/example_short_circuit_operator.py took 0.125 seconds
[2022-12-19T19:50:29.392+0000] {processor.py:153} INFO - Started process (PID=1958) to work on /home/airflow/.local/lib/python3.7/site-packages/airflow/example_dags/example_short_circuit_operator.py
[2022-12-19T19:50:29.392+0000] {processor.py:743} INFO - Processing file /home/airflow/.local/lib/python3.7/site-packages/airflow/example_dags/example_short_circuit_operator.py for tasks to queue
[2022-12-19T19:50:29.393+0000] {logging_mixin.py:137} INFO - [2022-12-19T19:50:29.393+0000] {dagbag.py:538} INFO - Filling up the DagBag from /home/airflow/.local/lib/python3.7/site-packages/airflow/example_dags/example_short_circuit_operator.py
[2022-12-19T19:50:29.410+0000] {processor.py:753} INFO - DAG(s) dict_keys(['example_short_circuit_operator']) retrieved from /home/airflow/.local/lib/python3.7/site-packages/airflow/example_dags/example_short_circuit_operator.py
[2022-12-19T19:50:29.452+0000] {logging_mixin.py:137} INFO - [2022-12-19T19:50:29.452+0000] {dag.py:2676} INFO - Sync 1 DAGs
[2022-12-19T19:50:29.506+0000] {logging_mixin.py:137} INFO - [2022-12-19T19:50:29.506+0000] {dag.py:3427} INFO - Setting next_dagrun for example_short_circuit_operator to 2022-12-18T19:50:29.506211+00:00, run_after=2022-12-19T19:50:29.506211+00:00
[2022-12-19T19:50:29.527+0000] {processor.py:175} INFO - Processing /home/airflow/.local/lib/python3.7/site-packages/airflow/example_dags/example_short_circuit_operator.py took 0.138 seconds
[2022-12-19T19:50:59.627+0000] {processor.py:153} INFO - Started process (PID=2068) to work on /home/airflow/.local/lib/python3.7/site-packages/airflow/example_dags/example_short_circuit_operator.py
[2022-12-19T19:50:59.628+0000] {processor.py:743} INFO - Processing file /home/airflow/.local/lib/python3.7/site-packages/airflow/example_dags/example_short_circuit_operator.py for tasks to queue
[2022-12-19T19:50:59.629+0000] {logging_mixin.py:137} INFO - [2022-12-19T19:50:59.629+0000] {dagbag.py:538} INFO - Filling up the DagBag from /home/airflow/.local/lib/python3.7/site-packages/airflow/example_dags/example_short_circuit_operator.py
[2022-12-19T19:50:59.647+0000] {processor.py:753} INFO - DAG(s) dict_keys(['example_short_circuit_operator']) retrieved from /home/airflow/.local/lib/python3.7/site-packages/airflow/example_dags/example_short_circuit_operator.py
[2022-12-19T19:50:59.701+0000] {logging_mixin.py:137} INFO - [2022-12-19T19:50:59.701+0000] {dag.py:2676} INFO - Sync 1 DAGs
[2022-12-19T19:50:59.729+0000] {logging_mixin.py:137} INFO - [2022-12-19T19:50:59.729+0000] {dag.py:3427} INFO - Setting next_dagrun for example_short_circuit_operator to 2022-12-18T19:50:59.729134+00:00, run_after=2022-12-19T19:50:59.729134+00:00
[2022-12-19T19:50:59.749+0000] {processor.py:175} INFO - Processing /home/airflow/.local/lib/python3.7/site-packages/airflow/example_dags/example_short_circuit_operator.py took 0.125 seconds
[2022-12-19T19:51:30.231+0000] {processor.py:153} INFO - Started process (PID=2154) to work on /home/airflow/.local/lib/python3.7/site-packages/airflow/example_dags/example_short_circuit_operator.py
[2022-12-19T19:51:30.232+0000] {processor.py:743} INFO - Processing file /home/airflow/.local/lib/python3.7/site-packages/airflow/example_dags/example_short_circuit_operator.py for tasks to queue
[2022-12-19T19:51:30.232+0000] {logging_mixin.py:137} INFO - [2022-12-19T19:51:30.232+0000] {dagbag.py:538} INFO - Filling up the DagBag from /home/airflow/.local/lib/python3.7/site-packages/airflow/example_dags/example_short_circuit_operator.py
[2022-12-19T19:51:30.248+0000] {processor.py:753} INFO - DAG(s) dict_keys(['example_short_circuit_operator']) retrieved from /home/airflow/.local/lib/python3.7/site-packages/airflow/example_dags/example_short_circuit_operator.py
[2022-12-19T19:51:30.300+0000] {logging_mixin.py:137} INFO - [2022-12-19T19:51:30.299+0000] {dag.py:2676} INFO - Sync 1 DAGs
[2022-12-19T19:51:30.328+0000] {logging_mixin.py:137} INFO - [2022-12-19T19:51:30.328+0000] {dag.py:3427} INFO - Setting next_dagrun for example_short_circuit_operator to 2022-12-18T19:51:30.327819+00:00, run_after=2022-12-19T19:51:30.327819+00:00
[2022-12-19T19:51:30.346+0000] {processor.py:175} INFO - Processing /home/airflow/.local/lib/python3.7/site-packages/airflow/example_dags/example_short_circuit_operator.py took 0.117 seconds
[2022-12-19T19:52:01.145+0000] {processor.py:153} INFO - Started process (PID=2240) to work on /home/airflow/.local/lib/python3.7/site-packages/airflow/example_dags/example_short_circuit_operator.py
[2022-12-19T19:52:01.146+0000] {processor.py:743} INFO - Processing file /home/airflow/.local/lib/python3.7/site-packages/airflow/example_dags/example_short_circuit_operator.py for tasks to queue
[2022-12-19T19:52:01.147+0000] {logging_mixin.py:137} INFO - [2022-12-19T19:52:01.147+0000] {dagbag.py:538} INFO - Filling up the DagBag from /home/airflow/.local/lib/python3.7/site-packages/airflow/example_dags/example_short_circuit_operator.py
[2022-12-19T19:52:01.163+0000] {processor.py:753} INFO - DAG(s) dict_keys(['example_short_circuit_operator']) retrieved from /home/airflow/.local/lib/python3.7/site-packages/airflow/example_dags/example_short_circuit_operator.py
[2022-12-19T19:52:01.205+0000] {logging_mixin.py:137} INFO - [2022-12-19T19:52:01.205+0000] {dag.py:2676} INFO - Sync 1 DAGs
[2022-12-19T19:52:01.232+0000] {logging_mixin.py:137} INFO - [2022-12-19T19:52:01.232+0000] {dag.py:3427} INFO - Setting next_dagrun for example_short_circuit_operator to 2022-12-18T19:52:01.232232+00:00, run_after=2022-12-19T19:52:01.232232+00:00
[2022-12-19T19:52:01.253+0000] {processor.py:175} INFO - Processing /home/airflow/.local/lib/python3.7/site-packages/airflow/example_dags/example_short_circuit_operator.py took 0.111 seconds
[2022-12-19T19:52:31.401+0000] {processor.py:153} INFO - Started process (PID=2335) to work on /home/airflow/.local/lib/python3.7/site-packages/airflow/example_dags/example_short_circuit_operator.py
[2022-12-19T19:52:31.402+0000] {processor.py:743} INFO - Processing file /home/airflow/.local/lib/python3.7/site-packages/airflow/example_dags/example_short_circuit_operator.py for tasks to queue
[2022-12-19T19:52:31.403+0000] {logging_mixin.py:137} INFO - [2022-12-19T19:52:31.403+0000] {dagbag.py:538} INFO - Filling up the DagBag from /home/airflow/.local/lib/python3.7/site-packages/airflow/example_dags/example_short_circuit_operator.py
[2022-12-19T19:52:31.427+0000] {processor.py:753} INFO - DAG(s) dict_keys(['example_short_circuit_operator']) retrieved from /home/airflow/.local/lib/python3.7/site-packages/airflow/example_dags/example_short_circuit_operator.py
[2022-12-19T19:52:31.507+0000] {logging_mixin.py:137} INFO - [2022-12-19T19:52:31.507+0000] {dag.py:2676} INFO - Sync 1 DAGs
[2022-12-19T19:52:31.582+0000] {logging_mixin.py:137} INFO - [2022-12-19T19:52:31.581+0000] {dag.py:3427} INFO - Setting next_dagrun for example_short_circuit_operator to 2022-12-18T19:52:31.581609+00:00, run_after=2022-12-19T19:52:31.581609+00:00
[2022-12-19T19:52:31.606+0000] {processor.py:175} INFO - Processing /home/airflow/.local/lib/python3.7/site-packages/airflow/example_dags/example_short_circuit_operator.py took 0.208 seconds
[2022-12-19T19:53:01.683+0000] {processor.py:153} INFO - Started process (PID=2436) to work on /home/airflow/.local/lib/python3.7/site-packages/airflow/example_dags/example_short_circuit_operator.py
[2022-12-19T19:53:01.684+0000] {processor.py:743} INFO - Processing file /home/airflow/.local/lib/python3.7/site-packages/airflow/example_dags/example_short_circuit_operator.py for tasks to queue
[2022-12-19T19:53:01.684+0000] {logging_mixin.py:137} INFO - [2022-12-19T19:53:01.684+0000] {dagbag.py:538} INFO - Filling up the DagBag from /home/airflow/.local/lib/python3.7/site-packages/airflow/example_dags/example_short_circuit_operator.py
[2022-12-19T19:53:01.703+0000] {processor.py:753} INFO - DAG(s) dict_keys(['example_short_circuit_operator']) retrieved from /home/airflow/.local/lib/python3.7/site-packages/airflow/example_dags/example_short_circuit_operator.py
[2022-12-19T19:53:01.744+0000] {logging_mixin.py:137} INFO - [2022-12-19T19:53:01.743+0000] {dag.py:2676} INFO - Sync 1 DAGs
[2022-12-19T19:53:01.774+0000] {logging_mixin.py:137} INFO - [2022-12-19T19:53:01.773+0000] {dag.py:3427} INFO - Setting next_dagrun for example_short_circuit_operator to 2022-12-18T19:53:01.773346+00:00, run_after=2022-12-19T19:53:01.773346+00:00
[2022-12-19T19:53:01.797+0000] {processor.py:175} INFO - Processing /home/airflow/.local/lib/python3.7/site-packages/airflow/example_dags/example_short_circuit_operator.py took 0.118 seconds
[2022-12-19T19:53:32.138+0000] {processor.py:153} INFO - Started process (PID=2522) to work on /home/airflow/.local/lib/python3.7/site-packages/airflow/example_dags/example_short_circuit_operator.py
[2022-12-19T19:53:32.139+0000] {processor.py:743} INFO - Processing file /home/airflow/.local/lib/python3.7/site-packages/airflow/example_dags/example_short_circuit_operator.py for tasks to queue
[2022-12-19T19:53:32.140+0000] {logging_mixin.py:137} INFO - [2022-12-19T19:53:32.140+0000] {dagbag.py:538} INFO - Filling up the DagBag from /home/airflow/.local/lib/python3.7/site-packages/airflow/example_dags/example_short_circuit_operator.py
[2022-12-19T19:53:32.158+0000] {processor.py:753} INFO - DAG(s) dict_keys(['example_short_circuit_operator']) retrieved from /home/airflow/.local/lib/python3.7/site-packages/airflow/example_dags/example_short_circuit_operator.py
[2022-12-19T19:53:32.211+0000] {logging_mixin.py:137} INFO - [2022-12-19T19:53:32.211+0000] {dag.py:2676} INFO - Sync 1 DAGs
[2022-12-19T19:53:32.241+0000] {logging_mixin.py:137} INFO - [2022-12-19T19:53:32.241+0000] {dag.py:3427} INFO - Setting next_dagrun for example_short_circuit_operator to 2022-12-18T19:53:32.240773+00:00, run_after=2022-12-19T19:53:32.240773+00:00
[2022-12-19T19:53:32.264+0000] {processor.py:175} INFO - Processing /home/airflow/.local/lib/python3.7/site-packages/airflow/example_dags/example_short_circuit_operator.py took 0.129 seconds
[2022-12-19T19:54:03.193+0000] {processor.py:153} INFO - Started process (PID=2617) to work on /home/airflow/.local/lib/python3.7/site-packages/airflow/example_dags/example_short_circuit_operator.py
[2022-12-19T19:54:03.194+0000] {processor.py:743} INFO - Processing file /home/airflow/.local/lib/python3.7/site-packages/airflow/example_dags/example_short_circuit_operator.py for tasks to queue
[2022-12-19T19:54:03.195+0000] {logging_mixin.py:137} INFO - [2022-12-19T19:54:03.195+0000] {dagbag.py:538} INFO - Filling up the DagBag from /home/airflow/.local/lib/python3.7/site-packages/airflow/example_dags/example_short_circuit_operator.py
[2022-12-19T19:54:03.213+0000] {processor.py:753} INFO - DAG(s) dict_keys(['example_short_circuit_operator']) retrieved from /home/airflow/.local/lib/python3.7/site-packages/airflow/example_dags/example_short_circuit_operator.py
[2022-12-19T19:54:03.298+0000] {logging_mixin.py:137} INFO - [2022-12-19T19:54:03.298+0000] {dag.py:2676} INFO - Sync 1 DAGs
[2022-12-19T19:54:03.327+0000] {logging_mixin.py:137} INFO - [2022-12-19T19:54:03.327+0000] {dag.py:3427} INFO - Setting next_dagrun for example_short_circuit_operator to 2022-12-18T19:54:03.327274+00:00, run_after=2022-12-19T19:54:03.327274+00:00
[2022-12-19T19:54:03.347+0000] {processor.py:175} INFO - Processing /home/airflow/.local/lib/python3.7/site-packages/airflow/example_dags/example_short_circuit_operator.py took 0.159 seconds
[2022-12-19T19:54:33.671+0000] {processor.py:153} INFO - Started process (PID=2719) to work on /home/airflow/.local/lib/python3.7/site-packages/airflow/example_dags/example_short_circuit_operator.py
[2022-12-19T19:54:33.672+0000] {processor.py:743} INFO - Processing file /home/airflow/.local/lib/python3.7/site-packages/airflow/example_dags/example_short_circuit_operator.py for tasks to queue
[2022-12-19T19:54:33.673+0000] {logging_mixin.py:137} INFO - [2022-12-19T19:54:33.673+0000] {dagbag.py:538} INFO - Filling up the DagBag from /home/airflow/.local/lib/python3.7/site-packages/airflow/example_dags/example_short_circuit_operator.py
[2022-12-19T19:54:33.693+0000] {processor.py:753} INFO - DAG(s) dict_keys(['example_short_circuit_operator']) retrieved from /home/airflow/.local/lib/python3.7/site-packages/airflow/example_dags/example_short_circuit_operator.py
[2022-12-19T19:54:33.732+0000] {logging_mixin.py:137} INFO - [2022-12-19T19:54:33.732+0000] {dag.py:2676} INFO - Sync 1 DAGs
[2022-12-19T19:54:33.761+0000] {logging_mixin.py:137} INFO - [2022-12-19T19:54:33.761+0000] {dag.py:3427} INFO - Setting next_dagrun for example_short_circuit_operator to 2022-12-18T19:54:33.760768+00:00, run_after=2022-12-19T19:54:33.760768+00:00
[2022-12-19T19:54:33.793+0000] {processor.py:175} INFO - Processing /home/airflow/.local/lib/python3.7/site-packages/airflow/example_dags/example_short_circuit_operator.py took 0.141 seconds
[2022-12-19T19:55:03.863+0000] {processor.py:153} INFO - Started process (PID=2805) to work on /home/airflow/.local/lib/python3.7/site-packages/airflow/example_dags/example_short_circuit_operator.py
[2022-12-19T19:55:03.864+0000] {processor.py:743} INFO - Processing file /home/airflow/.local/lib/python3.7/site-packages/airflow/example_dags/example_short_circuit_operator.py for tasks to queue
[2022-12-19T19:55:03.864+0000] {logging_mixin.py:137} INFO - [2022-12-19T19:55:03.864+0000] {dagbag.py:538} INFO - Filling up the DagBag from /home/airflow/.local/lib/python3.7/site-packages/airflow/example_dags/example_short_circuit_operator.py
[2022-12-19T19:55:03.882+0000] {processor.py:753} INFO - DAG(s) dict_keys(['example_short_circuit_operator']) retrieved from /home/airflow/.local/lib/python3.7/site-packages/airflow/example_dags/example_short_circuit_operator.py
[2022-12-19T19:55:03.928+0000] {logging_mixin.py:137} INFO - [2022-12-19T19:55:03.928+0000] {dag.py:2676} INFO - Sync 1 DAGs
[2022-12-19T19:55:03.959+0000] {logging_mixin.py:137} INFO - [2022-12-19T19:55:03.959+0000] {dag.py:3427} INFO - Setting next_dagrun for example_short_circuit_operator to 2022-12-18T19:55:03.958766+00:00, run_after=2022-12-19T19:55:03.958766+00:00
[2022-12-19T19:55:03.982+0000] {processor.py:175} INFO - Processing /home/airflow/.local/lib/python3.7/site-packages/airflow/example_dags/example_short_circuit_operator.py took 0.122 seconds
[2022-12-19T19:55:34.863+0000] {processor.py:153} INFO - Started process (PID=2891) to work on /home/airflow/.local/lib/python3.7/site-packages/airflow/example_dags/example_short_circuit_operator.py
[2022-12-19T19:55:34.864+0000] {processor.py:743} INFO - Processing file /home/airflow/.local/lib/python3.7/site-packages/airflow/example_dags/example_short_circuit_operator.py for tasks to queue
[2022-12-19T19:55:34.865+0000] {logging_mixin.py:137} INFO - [2022-12-19T19:55:34.865+0000] {dagbag.py:538} INFO - Filling up the DagBag from /home/airflow/.local/lib/python3.7/site-packages/airflow/example_dags/example_short_circuit_operator.py
[2022-12-19T19:55:34.884+0000] {processor.py:753} INFO - DAG(s) dict_keys(['example_short_circuit_operator']) retrieved from /home/airflow/.local/lib/python3.7/site-packages/airflow/example_dags/example_short_circuit_operator.py
[2022-12-19T19:55:34.930+0000] {logging_mixin.py:137} INFO - [2022-12-19T19:55:34.930+0000] {dag.py:2676} INFO - Sync 1 DAGs
[2022-12-19T19:55:34.960+0000] {logging_mixin.py:137} INFO - [2022-12-19T19:55:34.960+0000] {dag.py:3427} INFO - Setting next_dagrun for example_short_circuit_operator to 2022-12-18T19:55:34.959911+00:00, run_after=2022-12-19T19:55:34.959911+00:00
[2022-12-19T19:55:34.981+0000] {processor.py:175} INFO - Processing /home/airflow/.local/lib/python3.7/site-packages/airflow/example_dags/example_short_circuit_operator.py took 0.121 seconds
[2022-12-19T19:56:05.513+0000] {processor.py:153} INFO - Started process (PID=3001) to work on /home/airflow/.local/lib/python3.7/site-packages/airflow/example_dags/example_short_circuit_operator.py
[2022-12-19T19:56:05.515+0000] {processor.py:743} INFO - Processing file /home/airflow/.local/lib/python3.7/site-packages/airflow/example_dags/example_short_circuit_operator.py for tasks to queue
[2022-12-19T19:56:05.515+0000] {logging_mixin.py:137} INFO - [2022-12-19T19:56:05.515+0000] {dagbag.py:538} INFO - Filling up the DagBag from /home/airflow/.local/lib/python3.7/site-packages/airflow/example_dags/example_short_circuit_operator.py
[2022-12-19T19:56:05.580+0000] {processor.py:753} INFO - DAG(s) dict_keys(['example_short_circuit_operator']) retrieved from /home/airflow/.local/lib/python3.7/site-packages/airflow/example_dags/example_short_circuit_operator.py
[2022-12-19T19:56:05.684+0000] {logging_mixin.py:137} INFO - [2022-12-19T19:56:05.684+0000] {dag.py:2676} INFO - Sync 1 DAGs
[2022-12-19T19:56:05.726+0000] {logging_mixin.py:137} INFO - [2022-12-19T19:56:05.726+0000] {dag.py:3427} INFO - Setting next_dagrun for example_short_circuit_operator to 2022-12-18T19:56:05.725849+00:00, run_after=2022-12-19T19:56:05.725849+00:00
[2022-12-19T19:56:05.790+0000] {processor.py:175} INFO - Processing /home/airflow/.local/lib/python3.7/site-packages/airflow/example_dags/example_short_circuit_operator.py took 0.281 seconds
[2022-12-19T19:56:35.937+0000] {processor.py:153} INFO - Started process (PID=3088) to work on /home/airflow/.local/lib/python3.7/site-packages/airflow/example_dags/example_short_circuit_operator.py
[2022-12-19T19:56:35.940+0000] {processor.py:743} INFO - Processing file /home/airflow/.local/lib/python3.7/site-packages/airflow/example_dags/example_short_circuit_operator.py for tasks to queue
[2022-12-19T19:56:35.940+0000] {logging_mixin.py:137} INFO - [2022-12-19T19:56:35.940+0000] {dagbag.py:538} INFO - Filling up the DagBag from /home/airflow/.local/lib/python3.7/site-packages/airflow/example_dags/example_short_circuit_operator.py
[2022-12-19T19:56:35.958+0000] {processor.py:753} INFO - DAG(s) dict_keys(['example_short_circuit_operator']) retrieved from /home/airflow/.local/lib/python3.7/site-packages/airflow/example_dags/example_short_circuit_operator.py
[2022-12-19T19:56:36.012+0000] {logging_mixin.py:137} INFO - [2022-12-19T19:56:36.012+0000] {dag.py:2676} INFO - Sync 1 DAGs
[2022-12-19T19:56:36.071+0000] {logging_mixin.py:137} INFO - [2022-12-19T19:56:36.071+0000] {dag.py:3427} INFO - Setting next_dagrun for example_short_circuit_operator to 2022-12-18T19:56:36.071264+00:00, run_after=2022-12-19T19:56:36.071264+00:00
[2022-12-19T19:56:36.094+0000] {processor.py:175} INFO - Processing /home/airflow/.local/lib/python3.7/site-packages/airflow/example_dags/example_short_circuit_operator.py took 0.160 seconds
[2022-12-19T19:57:07.056+0000] {processor.py:153} INFO - Started process (PID=3183) to work on /home/airflow/.local/lib/python3.7/site-packages/airflow/example_dags/example_short_circuit_operator.py
[2022-12-19T19:57:07.057+0000] {processor.py:743} INFO - Processing file /home/airflow/.local/lib/python3.7/site-packages/airflow/example_dags/example_short_circuit_operator.py for tasks to queue
[2022-12-19T19:57:07.057+0000] {logging_mixin.py:137} INFO - [2022-12-19T19:57:07.057+0000] {dagbag.py:538} INFO - Filling up the DagBag from /home/airflow/.local/lib/python3.7/site-packages/airflow/example_dags/example_short_circuit_operator.py
[2022-12-19T19:57:07.076+0000] {processor.py:753} INFO - DAG(s) dict_keys(['example_short_circuit_operator']) retrieved from /home/airflow/.local/lib/python3.7/site-packages/airflow/example_dags/example_short_circuit_operator.py
[2022-12-19T19:57:07.125+0000] {logging_mixin.py:137} INFO - [2022-12-19T19:57:07.125+0000] {dag.py:2676} INFO - Sync 1 DAGs
[2022-12-19T19:57:07.154+0000] {logging_mixin.py:137} INFO - [2022-12-19T19:57:07.154+0000] {dag.py:3427} INFO - Setting next_dagrun for example_short_circuit_operator to 2022-12-18T19:57:07.154095+00:00, run_after=2022-12-19T19:57:07.154095+00:00
[2022-12-19T19:57:07.175+0000] {processor.py:175} INFO - Processing /home/airflow/.local/lib/python3.7/site-packages/airflow/example_dags/example_short_circuit_operator.py took 0.123 seconds
[2022-12-19T19:57:37.216+0000] {processor.py:153} INFO - Started process (PID=3284) to work on /home/airflow/.local/lib/python3.7/site-packages/airflow/example_dags/example_short_circuit_operator.py
[2022-12-19T19:57:37.217+0000] {processor.py:743} INFO - Processing file /home/airflow/.local/lib/python3.7/site-packages/airflow/example_dags/example_short_circuit_operator.py for tasks to queue
[2022-12-19T19:57:37.218+0000] {logging_mixin.py:137} INFO - [2022-12-19T19:57:37.218+0000] {dagbag.py:538} INFO - Filling up the DagBag from /home/airflow/.local/lib/python3.7/site-packages/airflow/example_dags/example_short_circuit_operator.py
[2022-12-19T19:57:37.235+0000] {processor.py:753} INFO - DAG(s) dict_keys(['example_short_circuit_operator']) retrieved from /home/airflow/.local/lib/python3.7/site-packages/airflow/example_dags/example_short_circuit_operator.py
[2022-12-19T19:57:37.277+0000] {logging_mixin.py:137} INFO - [2022-12-19T19:57:37.277+0000] {dag.py:2676} INFO - Sync 1 DAGs
[2022-12-19T19:57:37.303+0000] {logging_mixin.py:137} INFO - [2022-12-19T19:57:37.303+0000] {dag.py:3427} INFO - Setting next_dagrun for example_short_circuit_operator to 2022-12-18T19:57:37.303456+00:00, run_after=2022-12-19T19:57:37.303456+00:00
[2022-12-19T19:57:37.324+0000] {processor.py:175} INFO - Processing /home/airflow/.local/lib/python3.7/site-packages/airflow/example_dags/example_short_circuit_operator.py took 0.110 seconds
[2022-12-19T19:58:07.751+0000] {processor.py:153} INFO - Started process (PID=3370) to work on /home/airflow/.local/lib/python3.7/site-packages/airflow/example_dags/example_short_circuit_operator.py
[2022-12-19T19:58:07.752+0000] {processor.py:743} INFO - Processing file /home/airflow/.local/lib/python3.7/site-packages/airflow/example_dags/example_short_circuit_operator.py for tasks to queue
[2022-12-19T19:58:07.753+0000] {logging_mixin.py:137} INFO - [2022-12-19T19:58:07.753+0000] {dagbag.py:538} INFO - Filling up the DagBag from /home/airflow/.local/lib/python3.7/site-packages/airflow/example_dags/example_short_circuit_operator.py
[2022-12-19T19:58:07.773+0000] {processor.py:753} INFO - DAG(s) dict_keys(['example_short_circuit_operator']) retrieved from /home/airflow/.local/lib/python3.7/site-packages/airflow/example_dags/example_short_circuit_operator.py
[2022-12-19T19:58:07.817+0000] {logging_mixin.py:137} INFO - [2022-12-19T19:58:07.817+0000] {dag.py:2676} INFO - Sync 1 DAGs
[2022-12-19T19:58:07.845+0000] {logging_mixin.py:137} INFO - [2022-12-19T19:58:07.845+0000] {dag.py:3427} INFO - Setting next_dagrun for example_short_circuit_operator to 2022-12-18T19:58:07.844917+00:00, run_after=2022-12-19T19:58:07.844917+00:00
[2022-12-19T19:58:07.868+0000] {processor.py:175} INFO - Processing /home/airflow/.local/lib/python3.7/site-packages/airflow/example_dags/example_short_circuit_operator.py took 0.120 seconds
[2022-12-19T19:58:38.402+0000] {processor.py:153} INFO - Started process (PID=3480) to work on /home/airflow/.local/lib/python3.7/site-packages/airflow/example_dags/example_short_circuit_operator.py
[2022-12-19T19:58:38.402+0000] {processor.py:743} INFO - Processing file /home/airflow/.local/lib/python3.7/site-packages/airflow/example_dags/example_short_circuit_operator.py for tasks to queue
[2022-12-19T19:58:38.403+0000] {logging_mixin.py:137} INFO - [2022-12-19T19:58:38.403+0000] {dagbag.py:538} INFO - Filling up the DagBag from /home/airflow/.local/lib/python3.7/site-packages/airflow/example_dags/example_short_circuit_operator.py
[2022-12-19T19:58:38.421+0000] {processor.py:753} INFO - DAG(s) dict_keys(['example_short_circuit_operator']) retrieved from /home/airflow/.local/lib/python3.7/site-packages/airflow/example_dags/example_short_circuit_operator.py
[2022-12-19T19:58:38.476+0000] {logging_mixin.py:137} INFO - [2022-12-19T19:58:38.476+0000] {dag.py:2676} INFO - Sync 1 DAGs
[2022-12-19T19:58:38.519+0000] {logging_mixin.py:137} INFO - [2022-12-19T19:58:38.519+0000] {dag.py:3427} INFO - Setting next_dagrun for example_short_circuit_operator to 2022-12-18T19:58:38.519056+00:00, run_after=2022-12-19T19:58:38.519056+00:00
[2022-12-19T19:58:38.543+0000] {processor.py:175} INFO - Processing /home/airflow/.local/lib/python3.7/site-packages/airflow/example_dags/example_short_circuit_operator.py took 0.145 seconds
[2022-12-19T19:59:08.642+0000] {processor.py:153} INFO - Started process (PID=3566) to work on /home/airflow/.local/lib/python3.7/site-packages/airflow/example_dags/example_short_circuit_operator.py
[2022-12-19T19:59:08.643+0000] {processor.py:743} INFO - Processing file /home/airflow/.local/lib/python3.7/site-packages/airflow/example_dags/example_short_circuit_operator.py for tasks to queue
[2022-12-19T19:59:08.643+0000] {logging_mixin.py:137} INFO - [2022-12-19T19:59:08.643+0000] {dagbag.py:538} INFO - Filling up the DagBag from /home/airflow/.local/lib/python3.7/site-packages/airflow/example_dags/example_short_circuit_operator.py
[2022-12-19T19:59:08.661+0000] {processor.py:753} INFO - DAG(s) dict_keys(['example_short_circuit_operator']) retrieved from /home/airflow/.local/lib/python3.7/site-packages/airflow/example_dags/example_short_circuit_operator.py
[2022-12-19T19:59:08.704+0000] {logging_mixin.py:137} INFO - [2022-12-19T19:59:08.704+0000] {dag.py:2676} INFO - Sync 1 DAGs
[2022-12-19T19:59:08.736+0000] {logging_mixin.py:137} INFO - [2022-12-19T19:59:08.735+0000] {dag.py:3427} INFO - Setting next_dagrun for example_short_circuit_operator to 2022-12-18T19:59:08.735622+00:00, run_after=2022-12-19T19:59:08.735622+00:00
[2022-12-19T19:59:08.757+0000] {processor.py:175} INFO - Processing /home/airflow/.local/lib/python3.7/site-packages/airflow/example_dags/example_short_circuit_operator.py took 0.118 seconds
[2022-12-19T19:59:39.512+0000] {processor.py:153} INFO - Started process (PID=3652) to work on /home/airflow/.local/lib/python3.7/site-packages/airflow/example_dags/example_short_circuit_operator.py
[2022-12-19T19:59:39.513+0000] {processor.py:743} INFO - Processing file /home/airflow/.local/lib/python3.7/site-packages/airflow/example_dags/example_short_circuit_operator.py for tasks to queue
[2022-12-19T19:59:39.514+0000] {logging_mixin.py:137} INFO - [2022-12-19T19:59:39.514+0000] {dagbag.py:538} INFO - Filling up the DagBag from /home/airflow/.local/lib/python3.7/site-packages/airflow/example_dags/example_short_circuit_operator.py
[2022-12-19T19:59:39.532+0000] {processor.py:753} INFO - DAG(s) dict_keys(['example_short_circuit_operator']) retrieved from /home/airflow/.local/lib/python3.7/site-packages/airflow/example_dags/example_short_circuit_operator.py
[2022-12-19T19:59:39.587+0000] {logging_mixin.py:137} INFO - [2022-12-19T19:59:39.587+0000] {dag.py:2676} INFO - Sync 1 DAGs
[2022-12-19T19:59:39.624+0000] {logging_mixin.py:137} INFO - [2022-12-19T19:59:39.623+0000] {dag.py:3427} INFO - Setting next_dagrun for example_short_circuit_operator to 2022-12-18T19:59:39.623601+00:00, run_after=2022-12-19T19:59:39.623601+00:00
[2022-12-19T19:59:39.652+0000] {processor.py:175} INFO - Processing /home/airflow/.local/lib/python3.7/site-packages/airflow/example_dags/example_short_circuit_operator.py took 0.143 seconds
[2022-12-19T20:00:10.202+0000] {processor.py:153} INFO - Started process (PID=3746) to work on /home/airflow/.local/lib/python3.7/site-packages/airflow/example_dags/example_short_circuit_operator.py
[2022-12-19T20:00:10.203+0000] {processor.py:743} INFO - Processing file /home/airflow/.local/lib/python3.7/site-packages/airflow/example_dags/example_short_circuit_operator.py for tasks to queue
[2022-12-19T20:00:10.203+0000] {logging_mixin.py:137} INFO - [2022-12-19T20:00:10.203+0000] {dagbag.py:538} INFO - Filling up the DagBag from /home/airflow/.local/lib/python3.7/site-packages/airflow/example_dags/example_short_circuit_operator.py
[2022-12-19T20:00:10.276+0000] {processor.py:753} INFO - DAG(s) dict_keys(['example_short_circuit_operator']) retrieved from /home/airflow/.local/lib/python3.7/site-packages/airflow/example_dags/example_short_circuit_operator.py
[2022-12-19T20:00:10.323+0000] {logging_mixin.py:137} INFO - [2022-12-19T20:00:10.323+0000] {dag.py:2676} INFO - Sync 1 DAGs
[2022-12-19T20:00:10.393+0000] {logging_mixin.py:137} INFO - [2022-12-19T20:00:10.392+0000] {dag.py:3427} INFO - Setting next_dagrun for example_short_circuit_operator to 2022-12-18T20:00:10.392507+00:00, run_after=2022-12-19T20:00:10.392507+00:00
[2022-12-19T20:00:10.418+0000] {processor.py:175} INFO - Processing /home/airflow/.local/lib/python3.7/site-packages/airflow/example_dags/example_short_circuit_operator.py took 0.219 seconds
[2022-12-19T20:00:40.770+0000] {processor.py:153} INFO - Started process (PID=3849) to work on /home/airflow/.local/lib/python3.7/site-packages/airflow/example_dags/example_short_circuit_operator.py
[2022-12-19T20:00:40.771+0000] {processor.py:743} INFO - Processing file /home/airflow/.local/lib/python3.7/site-packages/airflow/example_dags/example_short_circuit_operator.py for tasks to queue
[2022-12-19T20:00:40.771+0000] {logging_mixin.py:137} INFO - [2022-12-19T20:00:40.771+0000] {dagbag.py:538} INFO - Filling up the DagBag from /home/airflow/.local/lib/python3.7/site-packages/airflow/example_dags/example_short_circuit_operator.py
[2022-12-19T20:00:40.789+0000] {processor.py:753} INFO - DAG(s) dict_keys(['example_short_circuit_operator']) retrieved from /home/airflow/.local/lib/python3.7/site-packages/airflow/example_dags/example_short_circuit_operator.py
[2022-12-19T20:00:40.831+0000] {logging_mixin.py:137} INFO - [2022-12-19T20:00:40.831+0000] {dag.py:2676} INFO - Sync 1 DAGs
[2022-12-19T20:00:40.874+0000] {logging_mixin.py:137} INFO - [2022-12-19T20:00:40.873+0000] {dag.py:3427} INFO - Setting next_dagrun for example_short_circuit_operator to 2022-12-18T20:00:40.873556+00:00, run_after=2022-12-19T20:00:40.873556+00:00
[2022-12-19T20:00:40.897+0000] {processor.py:175} INFO - Processing /home/airflow/.local/lib/python3.7/site-packages/airflow/example_dags/example_short_circuit_operator.py took 0.171 seconds
[2022-12-19T20:01:11.808+0000] {processor.py:153} INFO - Started process (PID=3935) to work on /home/airflow/.local/lib/python3.7/site-packages/airflow/example_dags/example_short_circuit_operator.py
[2022-12-19T20:01:11.809+0000] {processor.py:743} INFO - Processing file /home/airflow/.local/lib/python3.7/site-packages/airflow/example_dags/example_short_circuit_operator.py for tasks to queue
[2022-12-19T20:01:11.810+0000] {logging_mixin.py:137} INFO - [2022-12-19T20:01:11.810+0000] {dagbag.py:538} INFO - Filling up the DagBag from /home/airflow/.local/lib/python3.7/site-packages/airflow/example_dags/example_short_circuit_operator.py
[2022-12-19T20:01:11.828+0000] {processor.py:753} INFO - DAG(s) dict_keys(['example_short_circuit_operator']) retrieved from /home/airflow/.local/lib/python3.7/site-packages/airflow/example_dags/example_short_circuit_operator.py
[2022-12-19T20:01:11.870+0000] {logging_mixin.py:137} INFO - [2022-12-19T20:01:11.870+0000] {dag.py:2676} INFO - Sync 1 DAGs
[2022-12-19T20:01:11.908+0000] {logging_mixin.py:137} INFO - [2022-12-19T20:01:11.907+0000] {dag.py:3427} INFO - Setting next_dagrun for example_short_circuit_operator to 2022-12-18T20:01:11.907536+00:00, run_after=2022-12-19T20:01:11.907536+00:00
[2022-12-19T20:01:11.930+0000] {processor.py:175} INFO - Processing /home/airflow/.local/lib/python3.7/site-packages/airflow/example_dags/example_short_circuit_operator.py took 0.125 seconds
[2022-12-19T20:01:42.108+0000] {processor.py:153} INFO - Started process (PID=4046) to work on /home/airflow/.local/lib/python3.7/site-packages/airflow/example_dags/example_short_circuit_operator.py
[2022-12-19T20:01:42.109+0000] {processor.py:743} INFO - Processing file /home/airflow/.local/lib/python3.7/site-packages/airflow/example_dags/example_short_circuit_operator.py for tasks to queue
[2022-12-19T20:01:42.110+0000] {logging_mixin.py:137} INFO - [2022-12-19T20:01:42.110+0000] {dagbag.py:538} INFO - Filling up the DagBag from /home/airflow/.local/lib/python3.7/site-packages/airflow/example_dags/example_short_circuit_operator.py
[2022-12-19T20:01:42.129+0000] {processor.py:753} INFO - DAG(s) dict_keys(['example_short_circuit_operator']) retrieved from /home/airflow/.local/lib/python3.7/site-packages/airflow/example_dags/example_short_circuit_operator.py
[2022-12-19T20:01:42.172+0000] {logging_mixin.py:137} INFO - [2022-12-19T20:01:42.172+0000] {dag.py:2676} INFO - Sync 1 DAGs
[2022-12-19T20:01:42.201+0000] {logging_mixin.py:137} INFO - [2022-12-19T20:01:42.201+0000] {dag.py:3427} INFO - Setting next_dagrun for example_short_circuit_operator to 2022-12-18T20:01:42.201487+00:00, run_after=2022-12-19T20:01:42.201487+00:00
[2022-12-19T20:01:42.221+0000] {processor.py:175} INFO - Processing /home/airflow/.local/lib/python3.7/site-packages/airflow/example_dags/example_short_circuit_operator.py took 0.116 seconds
[2022-12-19T20:02:12.668+0000] {processor.py:153} INFO - Started process (PID=4132) to work on /home/airflow/.local/lib/python3.7/site-packages/airflow/example_dags/example_short_circuit_operator.py
[2022-12-19T20:02:12.669+0000] {processor.py:743} INFO - Processing file /home/airflow/.local/lib/python3.7/site-packages/airflow/example_dags/example_short_circuit_operator.py for tasks to queue
[2022-12-19T20:02:12.670+0000] {logging_mixin.py:137} INFO - [2022-12-19T20:02:12.670+0000] {dagbag.py:538} INFO - Filling up the DagBag from /home/airflow/.local/lib/python3.7/site-packages/airflow/example_dags/example_short_circuit_operator.py
[2022-12-19T20:02:12.689+0000] {processor.py:753} INFO - DAG(s) dict_keys(['example_short_circuit_operator']) retrieved from /home/airflow/.local/lib/python3.7/site-packages/airflow/example_dags/example_short_circuit_operator.py
[2022-12-19T20:02:12.732+0000] {logging_mixin.py:137} INFO - [2022-12-19T20:02:12.732+0000] {dag.py:2676} INFO - Sync 1 DAGs
[2022-12-19T20:02:12.762+0000] {logging_mixin.py:137} INFO - [2022-12-19T20:02:12.762+0000] {dag.py:3427} INFO - Setting next_dagrun for example_short_circuit_operator to 2022-12-18T20:02:12.761705+00:00, run_after=2022-12-19T20:02:12.761705+00:00
[2022-12-19T20:02:12.789+0000] {processor.py:175} INFO - Processing /home/airflow/.local/lib/python3.7/site-packages/airflow/example_dags/example_short_circuit_operator.py took 0.123 seconds
[2022-12-19T20:02:43.052+0000] {processor.py:153} INFO - Started process (PID=4218) to work on /home/airflow/.local/lib/python3.7/site-packages/airflow/example_dags/example_short_circuit_operator.py
[2022-12-19T20:02:43.053+0000] {processor.py:743} INFO - Processing file /home/airflow/.local/lib/python3.7/site-packages/airflow/example_dags/example_short_circuit_operator.py for tasks to queue
[2022-12-19T20:02:43.054+0000] {logging_mixin.py:137} INFO - [2022-12-19T20:02:43.054+0000] {dagbag.py:538} INFO - Filling up the DagBag from /home/airflow/.local/lib/python3.7/site-packages/airflow/example_dags/example_short_circuit_operator.py
[2022-12-19T20:02:43.077+0000] {processor.py:753} INFO - DAG(s) dict_keys(['example_short_circuit_operator']) retrieved from /home/airflow/.local/lib/python3.7/site-packages/airflow/example_dags/example_short_circuit_operator.py
[2022-12-19T20:02:43.129+0000] {logging_mixin.py:137} INFO - [2022-12-19T20:02:43.129+0000] {dag.py:2676} INFO - Sync 1 DAGs
[2022-12-19T20:02:43.169+0000] {logging_mixin.py:137} INFO - [2022-12-19T20:02:43.169+0000] {dag.py:3427} INFO - Setting next_dagrun for example_short_circuit_operator to 2022-12-18T20:02:43.169180+00:00, run_after=2022-12-19T20:02:43.169180+00:00
[2022-12-19T20:02:43.195+0000] {processor.py:175} INFO - Processing /home/airflow/.local/lib/python3.7/site-packages/airflow/example_dags/example_short_circuit_operator.py took 0.147 seconds
[2022-12-19T20:03:13.775+0000] {processor.py:153} INFO - Started process (PID=4329) to work on /home/airflow/.local/lib/python3.7/site-packages/airflow/example_dags/example_short_circuit_operator.py
[2022-12-19T20:03:13.776+0000] {processor.py:743} INFO - Processing file /home/airflow/.local/lib/python3.7/site-packages/airflow/example_dags/example_short_circuit_operator.py for tasks to queue
[2022-12-19T20:03:13.777+0000] {logging_mixin.py:137} INFO - [2022-12-19T20:03:13.776+0000] {dagbag.py:538} INFO - Filling up the DagBag from /home/airflow/.local/lib/python3.7/site-packages/airflow/example_dags/example_short_circuit_operator.py
[2022-12-19T20:03:13.795+0000] {processor.py:753} INFO - DAG(s) dict_keys(['example_short_circuit_operator']) retrieved from /home/airflow/.local/lib/python3.7/site-packages/airflow/example_dags/example_short_circuit_operator.py
[2022-12-19T20:03:13.839+0000] {logging_mixin.py:137} INFO - [2022-12-19T20:03:13.838+0000] {dag.py:2676} INFO - Sync 1 DAGs
[2022-12-19T20:03:13.868+0000] {logging_mixin.py:137} INFO - [2022-12-19T20:03:13.868+0000] {dag.py:3427} INFO - Setting next_dagrun for example_short_circuit_operator to 2022-12-18T20:03:13.868123+00:00, run_after=2022-12-19T20:03:13.868123+00:00
[2022-12-19T20:03:13.893+0000] {processor.py:175} INFO - Processing /home/airflow/.local/lib/python3.7/site-packages/airflow/example_dags/example_short_circuit_operator.py took 0.122 seconds
[2022-12-19T20:03:44.437+0000] {processor.py:153} INFO - Started process (PID=4415) to work on /home/airflow/.local/lib/python3.7/site-packages/airflow/example_dags/example_short_circuit_operator.py
[2022-12-19T20:03:44.438+0000] {processor.py:743} INFO - Processing file /home/airflow/.local/lib/python3.7/site-packages/airflow/example_dags/example_short_circuit_operator.py for tasks to queue
[2022-12-19T20:03:44.439+0000] {logging_mixin.py:137} INFO - [2022-12-19T20:03:44.439+0000] {dagbag.py:538} INFO - Filling up the DagBag from /home/airflow/.local/lib/python3.7/site-packages/airflow/example_dags/example_short_circuit_operator.py
[2022-12-19T20:03:44.456+0000] {processor.py:753} INFO - DAG(s) dict_keys(['example_short_circuit_operator']) retrieved from /home/airflow/.local/lib/python3.7/site-packages/airflow/example_dags/example_short_circuit_operator.py
[2022-12-19T20:03:44.498+0000] {logging_mixin.py:137} INFO - [2022-12-19T20:03:44.498+0000] {dag.py:2676} INFO - Sync 1 DAGs
[2022-12-19T20:03:44.525+0000] {logging_mixin.py:137} INFO - [2022-12-19T20:03:44.525+0000] {dag.py:3427} INFO - Setting next_dagrun for example_short_circuit_operator to 2022-12-18T20:03:44.525115+00:00, run_after=2022-12-19T20:03:44.525115+00:00
[2022-12-19T20:03:44.545+0000] {processor.py:175} INFO - Processing /home/airflow/.local/lib/python3.7/site-packages/airflow/example_dags/example_short_circuit_operator.py took 0.112 seconds
[2022-12-19T20:04:14.981+0000] {processor.py:153} INFO - Started process (PID=4502) to work on /home/airflow/.local/lib/python3.7/site-packages/airflow/example_dags/example_short_circuit_operator.py
[2022-12-19T20:04:14.981+0000] {processor.py:743} INFO - Processing file /home/airflow/.local/lib/python3.7/site-packages/airflow/example_dags/example_short_circuit_operator.py for tasks to queue
[2022-12-19T20:04:14.982+0000] {logging_mixin.py:137} INFO - [2022-12-19T20:04:14.982+0000] {dagbag.py:538} INFO - Filling up the DagBag from /home/airflow/.local/lib/python3.7/site-packages/airflow/example_dags/example_short_circuit_operator.py
[2022-12-19T20:04:14.999+0000] {processor.py:753} INFO - DAG(s) dict_keys(['example_short_circuit_operator']) retrieved from /home/airflow/.local/lib/python3.7/site-packages/airflow/example_dags/example_short_circuit_operator.py
[2022-12-19T20:04:15.040+0000] {logging_mixin.py:137} INFO - [2022-12-19T20:04:15.040+0000] {dag.py:2676} INFO - Sync 1 DAGs
[2022-12-19T20:04:15.073+0000] {logging_mixin.py:137} INFO - [2022-12-19T20:04:15.073+0000] {dag.py:3427} INFO - Setting next_dagrun for example_short_circuit_operator to 2022-12-18T20:04:15.072813+00:00, run_after=2022-12-19T20:04:15.072813+00:00
[2022-12-19T20:04:15.095+0000] {processor.py:175} INFO - Processing /home/airflow/.local/lib/python3.7/site-packages/airflow/example_dags/example_short_circuit_operator.py took 0.117 seconds
[2022-12-19T20:04:45.303+0000] {processor.py:153} INFO - Started process (PID=4612) to work on /home/airflow/.local/lib/python3.7/site-packages/airflow/example_dags/example_short_circuit_operator.py
[2022-12-19T20:04:45.304+0000] {processor.py:743} INFO - Processing file /home/airflow/.local/lib/python3.7/site-packages/airflow/example_dags/example_short_circuit_operator.py for tasks to queue
[2022-12-19T20:04:45.305+0000] {logging_mixin.py:137} INFO - [2022-12-19T20:04:45.305+0000] {dagbag.py:538} INFO - Filling up the DagBag from /home/airflow/.local/lib/python3.7/site-packages/airflow/example_dags/example_short_circuit_operator.py
[2022-12-19T20:04:45.329+0000] {processor.py:753} INFO - DAG(s) dict_keys(['example_short_circuit_operator']) retrieved from /home/airflow/.local/lib/python3.7/site-packages/airflow/example_dags/example_short_circuit_operator.py
[2022-12-19T20:04:45.376+0000] {logging_mixin.py:137} INFO - [2022-12-19T20:04:45.376+0000] {dag.py:2676} INFO - Sync 1 DAGs
[2022-12-19T20:04:45.413+0000] {logging_mixin.py:137} INFO - [2022-12-19T20:04:45.413+0000] {dag.py:3427} INFO - Setting next_dagrun for example_short_circuit_operator to 2022-12-18T20:04:45.413094+00:00, run_after=2022-12-19T20:04:45.413094+00:00
[2022-12-19T20:04:45.446+0000] {processor.py:175} INFO - Processing /home/airflow/.local/lib/python3.7/site-packages/airflow/example_dags/example_short_circuit_operator.py took 0.146 seconds
[2022-12-19T20:05:15.969+0000] {processor.py:153} INFO - Started process (PID=4698) to work on /home/airflow/.local/lib/python3.7/site-packages/airflow/example_dags/example_short_circuit_operator.py
[2022-12-19T20:05:15.971+0000] {processor.py:743} INFO - Processing file /home/airflow/.local/lib/python3.7/site-packages/airflow/example_dags/example_short_circuit_operator.py for tasks to queue
[2022-12-19T20:05:15.971+0000] {logging_mixin.py:137} INFO - [2022-12-19T20:05:15.971+0000] {dagbag.py:538} INFO - Filling up the DagBag from /home/airflow/.local/lib/python3.7/site-packages/airflow/example_dags/example_short_circuit_operator.py
[2022-12-19T20:05:15.993+0000] {processor.py:753} INFO - DAG(s) dict_keys(['example_short_circuit_operator']) retrieved from /home/airflow/.local/lib/python3.7/site-packages/airflow/example_dags/example_short_circuit_operator.py
[2022-12-19T20:05:16.053+0000] {logging_mixin.py:137} INFO - [2022-12-19T20:05:16.053+0000] {dag.py:2676} INFO - Sync 1 DAGs
[2022-12-19T20:05:16.087+0000] {logging_mixin.py:137} INFO - [2022-12-19T20:05:16.087+0000] {dag.py:3427} INFO - Setting next_dagrun for example_short_circuit_operator to 2022-12-18T20:05:16.087315+00:00, run_after=2022-12-19T20:05:16.087315+00:00
[2022-12-19T20:05:16.110+0000] {processor.py:175} INFO - Processing /home/airflow/.local/lib/python3.7/site-packages/airflow/example_dags/example_short_circuit_operator.py took 0.144 seconds
[2022-12-19T20:05:46.360+0000] {processor.py:153} INFO - Started process (PID=4793) to work on /home/airflow/.local/lib/python3.7/site-packages/airflow/example_dags/example_short_circuit_operator.py
[2022-12-19T20:05:46.361+0000] {processor.py:743} INFO - Processing file /home/airflow/.local/lib/python3.7/site-packages/airflow/example_dags/example_short_circuit_operator.py for tasks to queue
[2022-12-19T20:05:46.361+0000] {logging_mixin.py:137} INFO - [2022-12-19T20:05:46.361+0000] {dagbag.py:538} INFO - Filling up the DagBag from /home/airflow/.local/lib/python3.7/site-packages/airflow/example_dags/example_short_circuit_operator.py
[2022-12-19T20:05:46.377+0000] {processor.py:753} INFO - DAG(s) dict_keys(['example_short_circuit_operator']) retrieved from /home/airflow/.local/lib/python3.7/site-packages/airflow/example_dags/example_short_circuit_operator.py
[2022-12-19T20:05:46.424+0000] {logging_mixin.py:137} INFO - [2022-12-19T20:05:46.423+0000] {dag.py:2676} INFO - Sync 1 DAGs
[2022-12-19T20:05:46.454+0000] {logging_mixin.py:137} INFO - [2022-12-19T20:05:46.453+0000] {dag.py:3427} INFO - Setting next_dagrun for example_short_circuit_operator to 2022-12-18T20:05:46.453653+00:00, run_after=2022-12-19T20:05:46.453653+00:00
[2022-12-19T20:05:46.479+0000] {processor.py:175} INFO - Processing /home/airflow/.local/lib/python3.7/site-packages/airflow/example_dags/example_short_circuit_operator.py took 0.122 seconds
[2022-12-19T20:06:16.832+0000] {processor.py:153} INFO - Started process (PID=4894) to work on /home/airflow/.local/lib/python3.7/site-packages/airflow/example_dags/example_short_circuit_operator.py
[2022-12-19T20:06:16.833+0000] {processor.py:743} INFO - Processing file /home/airflow/.local/lib/python3.7/site-packages/airflow/example_dags/example_short_circuit_operator.py for tasks to queue
[2022-12-19T20:06:16.834+0000] {logging_mixin.py:137} INFO - [2022-12-19T20:06:16.833+0000] {dagbag.py:538} INFO - Filling up the DagBag from /home/airflow/.local/lib/python3.7/site-packages/airflow/example_dags/example_short_circuit_operator.py
[2022-12-19T20:06:16.855+0000] {processor.py:753} INFO - DAG(s) dict_keys(['example_short_circuit_operator']) retrieved from /home/airflow/.local/lib/python3.7/site-packages/airflow/example_dags/example_short_circuit_operator.py
[2022-12-19T20:06:16.905+0000] {logging_mixin.py:137} INFO - [2022-12-19T20:06:16.905+0000] {dag.py:2676} INFO - Sync 1 DAGs
[2022-12-19T20:06:16.938+0000] {logging_mixin.py:137} INFO - [2022-12-19T20:06:16.938+0000] {dag.py:3427} INFO - Setting next_dagrun for example_short_circuit_operator to 2022-12-18T20:06:16.938190+00:00, run_after=2022-12-19T20:06:16.938190+00:00
[2022-12-19T20:06:16.964+0000] {processor.py:175} INFO - Processing /home/airflow/.local/lib/python3.7/site-packages/airflow/example_dags/example_short_circuit_operator.py took 0.136 seconds
[2022-12-19T20:06:47.298+0000] {processor.py:153} INFO - Started process (PID=4980) to work on /home/airflow/.local/lib/python3.7/site-packages/airflow/example_dags/example_short_circuit_operator.py
[2022-12-19T20:06:47.299+0000] {processor.py:743} INFO - Processing file /home/airflow/.local/lib/python3.7/site-packages/airflow/example_dags/example_short_circuit_operator.py for tasks to queue
[2022-12-19T20:06:47.299+0000] {logging_mixin.py:137} INFO - [2022-12-19T20:06:47.299+0000] {dagbag.py:538} INFO - Filling up the DagBag from /home/airflow/.local/lib/python3.7/site-packages/airflow/example_dags/example_short_circuit_operator.py
[2022-12-19T20:06:47.319+0000] {processor.py:753} INFO - DAG(s) dict_keys(['example_short_circuit_operator']) retrieved from /home/airflow/.local/lib/python3.7/site-packages/airflow/example_dags/example_short_circuit_operator.py
[2022-12-19T20:06:47.362+0000] {logging_mixin.py:137} INFO - [2022-12-19T20:06:47.362+0000] {dag.py:2676} INFO - Sync 1 DAGs
[2022-12-19T20:06:47.395+0000] {logging_mixin.py:137} INFO - [2022-12-19T20:06:47.395+0000] {dag.py:3427} INFO - Setting next_dagrun for example_short_circuit_operator to 2022-12-18T20:06:47.395299+00:00, run_after=2022-12-19T20:06:47.395299+00:00
[2022-12-19T20:06:47.421+0000] {processor.py:175} INFO - Processing /home/airflow/.local/lib/python3.7/site-packages/airflow/example_dags/example_short_circuit_operator.py took 0.126 seconds
[2022-12-19T20:07:17.834+0000] {processor.py:153} INFO - Started process (PID=5076) to work on /home/airflow/.local/lib/python3.7/site-packages/airflow/example_dags/example_short_circuit_operator.py
[2022-12-19T20:07:17.835+0000] {processor.py:743} INFO - Processing file /home/airflow/.local/lib/python3.7/site-packages/airflow/example_dags/example_short_circuit_operator.py for tasks to queue
[2022-12-19T20:07:17.836+0000] {logging_mixin.py:137} INFO - [2022-12-19T20:07:17.836+0000] {dagbag.py:538} INFO - Filling up the DagBag from /home/airflow/.local/lib/python3.7/site-packages/airflow/example_dags/example_short_circuit_operator.py
[2022-12-19T20:07:17.853+0000] {processor.py:753} INFO - DAG(s) dict_keys(['example_short_circuit_operator']) retrieved from /home/airflow/.local/lib/python3.7/site-packages/airflow/example_dags/example_short_circuit_operator.py
[2022-12-19T20:07:17.903+0000] {logging_mixin.py:137} INFO - [2022-12-19T20:07:17.902+0000] {dag.py:2676} INFO - Sync 1 DAGs
[2022-12-19T20:07:17.993+0000] {logging_mixin.py:137} INFO - [2022-12-19T20:07:17.993+0000] {dag.py:3427} INFO - Setting next_dagrun for example_short_circuit_operator to 2022-12-18T20:07:17.992824+00:00, run_after=2022-12-19T20:07:17.992824+00:00
[2022-12-19T20:07:18.090+0000] {processor.py:175} INFO - Processing /home/airflow/.local/lib/python3.7/site-packages/airflow/example_dags/example_short_circuit_operator.py took 0.258 seconds
[2022-12-19T20:07:48.909+0000] {processor.py:153} INFO - Started process (PID=5177) to work on /home/airflow/.local/lib/python3.7/site-packages/airflow/example_dags/example_short_circuit_operator.py
[2022-12-19T20:07:48.910+0000] {processor.py:743} INFO - Processing file /home/airflow/.local/lib/python3.7/site-packages/airflow/example_dags/example_short_circuit_operator.py for tasks to queue
[2022-12-19T20:07:48.910+0000] {logging_mixin.py:137} INFO - [2022-12-19T20:07:48.910+0000] {dagbag.py:538} INFO - Filling up the DagBag from /home/airflow/.local/lib/python3.7/site-packages/airflow/example_dags/example_short_circuit_operator.py
[2022-12-19T20:07:48.929+0000] {processor.py:753} INFO - DAG(s) dict_keys(['example_short_circuit_operator']) retrieved from /home/airflow/.local/lib/python3.7/site-packages/airflow/example_dags/example_short_circuit_operator.py
[2022-12-19T20:07:48.975+0000] {logging_mixin.py:137} INFO - [2022-12-19T20:07:48.975+0000] {dag.py:2676} INFO - Sync 1 DAGs
[2022-12-19T20:07:49.076+0000] {logging_mixin.py:137} INFO - [2022-12-19T20:07:49.076+0000] {dag.py:3427} INFO - Setting next_dagrun for example_short_circuit_operator to 2022-12-18T20:07:49.075759+00:00, run_after=2022-12-19T20:07:49.075759+00:00
[2022-12-19T20:07:49.099+0000] {processor.py:175} INFO - Processing /home/airflow/.local/lib/python3.7/site-packages/airflow/example_dags/example_short_circuit_operator.py took 0.193 seconds
[2022-12-19T20:08:19.502+0000] {processor.py:153} INFO - Started process (PID=5263) to work on /home/airflow/.local/lib/python3.7/site-packages/airflow/example_dags/example_short_circuit_operator.py
[2022-12-19T20:08:19.503+0000] {processor.py:743} INFO - Processing file /home/airflow/.local/lib/python3.7/site-packages/airflow/example_dags/example_short_circuit_operator.py for tasks to queue
[2022-12-19T20:08:19.504+0000] {logging_mixin.py:137} INFO - [2022-12-19T20:08:19.504+0000] {dagbag.py:538} INFO - Filling up the DagBag from /home/airflow/.local/lib/python3.7/site-packages/airflow/example_dags/example_short_circuit_operator.py
[2022-12-19T20:08:19.523+0000] {processor.py:753} INFO - DAG(s) dict_keys(['example_short_circuit_operator']) retrieved from /home/airflow/.local/lib/python3.7/site-packages/airflow/example_dags/example_short_circuit_operator.py
[2022-12-19T20:08:19.567+0000] {logging_mixin.py:137} INFO - [2022-12-19T20:08:19.567+0000] {dag.py:2676} INFO - Sync 1 DAGs
[2022-12-19T20:08:19.603+0000] {logging_mixin.py:137} INFO - [2022-12-19T20:08:19.602+0000] {dag.py:3427} INFO - Setting next_dagrun for example_short_circuit_operator to 2022-12-18T20:08:19.602674+00:00, run_after=2022-12-19T20:08:19.602674+00:00
[2022-12-19T20:08:19.631+0000] {processor.py:175} INFO - Processing /home/airflow/.local/lib/python3.7/site-packages/airflow/example_dags/example_short_circuit_operator.py took 0.131 seconds
[2022-12-19T20:08:50.010+0000] {processor.py:153} INFO - Started process (PID=5373) to work on /home/airflow/.local/lib/python3.7/site-packages/airflow/example_dags/example_short_circuit_operator.py
[2022-12-19T20:08:50.011+0000] {processor.py:743} INFO - Processing file /home/airflow/.local/lib/python3.7/site-packages/airflow/example_dags/example_short_circuit_operator.py for tasks to queue
[2022-12-19T20:08:50.012+0000] {logging_mixin.py:137} INFO - [2022-12-19T20:08:50.012+0000] {dagbag.py:538} INFO - Filling up the DagBag from /home/airflow/.local/lib/python3.7/site-packages/airflow/example_dags/example_short_circuit_operator.py
[2022-12-19T20:08:50.036+0000] {processor.py:753} INFO - DAG(s) dict_keys(['example_short_circuit_operator']) retrieved from /home/airflow/.local/lib/python3.7/site-packages/airflow/example_dags/example_short_circuit_operator.py
[2022-12-19T20:08:50.112+0000] {logging_mixin.py:137} INFO - [2022-12-19T20:08:50.111+0000] {dag.py:2676} INFO - Sync 1 DAGs
[2022-12-19T20:08:50.151+0000] {logging_mixin.py:137} INFO - [2022-12-19T20:08:50.151+0000] {dag.py:3427} INFO - Setting next_dagrun for example_short_circuit_operator to 2022-12-18T20:08:50.150854+00:00, run_after=2022-12-19T20:08:50.150854+00:00
[2022-12-19T20:08:50.179+0000] {processor.py:175} INFO - Processing /home/airflow/.local/lib/python3.7/site-packages/airflow/example_dags/example_short_circuit_operator.py took 0.173 seconds
[2022-12-19T20:09:20.380+0000] {processor.py:153} INFO - Started process (PID=5459) to work on /home/airflow/.local/lib/python3.7/site-packages/airflow/example_dags/example_short_circuit_operator.py
[2022-12-19T20:09:20.381+0000] {processor.py:743} INFO - Processing file /home/airflow/.local/lib/python3.7/site-packages/airflow/example_dags/example_short_circuit_operator.py for tasks to queue
[2022-12-19T20:09:20.381+0000] {logging_mixin.py:137} INFO - [2022-12-19T20:09:20.381+0000] {dagbag.py:538} INFO - Filling up the DagBag from /home/airflow/.local/lib/python3.7/site-packages/airflow/example_dags/example_short_circuit_operator.py
[2022-12-19T20:09:20.401+0000] {processor.py:753} INFO - DAG(s) dict_keys(['example_short_circuit_operator']) retrieved from /home/airflow/.local/lib/python3.7/site-packages/airflow/example_dags/example_short_circuit_operator.py
[2022-12-19T20:09:20.450+0000] {logging_mixin.py:137} INFO - [2022-12-19T20:09:20.450+0000] {dag.py:2676} INFO - Sync 1 DAGs
[2022-12-19T20:09:20.484+0000] {logging_mixin.py:137} INFO - [2022-12-19T20:09:20.484+0000] {dag.py:3427} INFO - Setting next_dagrun for example_short_circuit_operator to 2022-12-18T20:09:20.483817+00:00, run_after=2022-12-19T20:09:20.483817+00:00
[2022-12-19T20:09:20.506+0000] {processor.py:175} INFO - Processing /home/airflow/.local/lib/python3.7/site-packages/airflow/example_dags/example_short_circuit_operator.py took 0.130 seconds
[2022-12-19T20:09:50.570+0000] {processor.py:153} INFO - Started process (PID=5545) to work on /home/airflow/.local/lib/python3.7/site-packages/airflow/example_dags/example_short_circuit_operator.py
[2022-12-19T20:09:50.571+0000] {processor.py:743} INFO - Processing file /home/airflow/.local/lib/python3.7/site-packages/airflow/example_dags/example_short_circuit_operator.py for tasks to queue
[2022-12-19T20:09:50.572+0000] {logging_mixin.py:137} INFO - [2022-12-19T20:09:50.571+0000] {dagbag.py:538} INFO - Filling up the DagBag from /home/airflow/.local/lib/python3.7/site-packages/airflow/example_dags/example_short_circuit_operator.py
[2022-12-19T20:09:50.589+0000] {processor.py:753} INFO - DAG(s) dict_keys(['example_short_circuit_operator']) retrieved from /home/airflow/.local/lib/python3.7/site-packages/airflow/example_dags/example_short_circuit_operator.py
[2022-12-19T20:09:50.634+0000] {logging_mixin.py:137} INFO - [2022-12-19T20:09:50.633+0000] {dag.py:2676} INFO - Sync 1 DAGs
[2022-12-19T20:09:50.661+0000] {logging_mixin.py:137} INFO - [2022-12-19T20:09:50.661+0000] {dag.py:3427} INFO - Setting next_dagrun for example_short_circuit_operator to 2022-12-18T20:09:50.660746+00:00, run_after=2022-12-19T20:09:50.660746+00:00
[2022-12-19T20:09:50.681+0000] {processor.py:175} INFO - Processing /home/airflow/.local/lib/python3.7/site-packages/airflow/example_dags/example_short_circuit_operator.py took 0.115 seconds
[2022-12-19T20:10:21.075+0000] {processor.py:153} INFO - Started process (PID=5655) to work on /home/airflow/.local/lib/python3.7/site-packages/airflow/example_dags/example_short_circuit_operator.py
[2022-12-19T20:10:21.076+0000] {processor.py:743} INFO - Processing file /home/airflow/.local/lib/python3.7/site-packages/airflow/example_dags/example_short_circuit_operator.py for tasks to queue
[2022-12-19T20:10:21.076+0000] {logging_mixin.py:137} INFO - [2022-12-19T20:10:21.076+0000] {dagbag.py:538} INFO - Filling up the DagBag from /home/airflow/.local/lib/python3.7/site-packages/airflow/example_dags/example_short_circuit_operator.py
[2022-12-19T20:10:21.094+0000] {processor.py:753} INFO - DAG(s) dict_keys(['example_short_circuit_operator']) retrieved from /home/airflow/.local/lib/python3.7/site-packages/airflow/example_dags/example_short_circuit_operator.py
[2022-12-19T20:10:21.137+0000] {logging_mixin.py:137} INFO - [2022-12-19T20:10:21.137+0000] {dag.py:2676} INFO - Sync 1 DAGs
[2022-12-19T20:10:21.165+0000] {logging_mixin.py:137} INFO - [2022-12-19T20:10:21.165+0000] {dag.py:3427} INFO - Setting next_dagrun for example_short_circuit_operator to 2022-12-18T20:10:21.164641+00:00, run_after=2022-12-19T20:10:21.164641+00:00
[2022-12-19T20:10:21.184+0000] {processor.py:175} INFO - Processing /home/airflow/.local/lib/python3.7/site-packages/airflow/example_dags/example_short_circuit_operator.py took 0.112 seconds
[2022-12-19T20:10:52.095+0000] {processor.py:153} INFO - Started process (PID=5741) to work on /home/airflow/.local/lib/python3.7/site-packages/airflow/example_dags/example_short_circuit_operator.py
[2022-12-19T20:10:52.096+0000] {processor.py:743} INFO - Processing file /home/airflow/.local/lib/python3.7/site-packages/airflow/example_dags/example_short_circuit_operator.py for tasks to queue
[2022-12-19T20:10:52.096+0000] {logging_mixin.py:137} INFO - [2022-12-19T20:10:52.096+0000] {dagbag.py:538} INFO - Filling up the DagBag from /home/airflow/.local/lib/python3.7/site-packages/airflow/example_dags/example_short_circuit_operator.py
[2022-12-19T20:10:52.115+0000] {processor.py:753} INFO - DAG(s) dict_keys(['example_short_circuit_operator']) retrieved from /home/airflow/.local/lib/python3.7/site-packages/airflow/example_dags/example_short_circuit_operator.py
[2022-12-19T20:10:52.158+0000] {logging_mixin.py:137} INFO - [2022-12-19T20:10:52.157+0000] {dag.py:2676} INFO - Sync 1 DAGs
[2022-12-19T20:10:52.187+0000] {logging_mixin.py:137} INFO - [2022-12-19T20:10:52.186+0000] {dag.py:3427} INFO - Setting next_dagrun for example_short_circuit_operator to 2022-12-18T20:10:52.186566+00:00, run_after=2022-12-19T20:10:52.186566+00:00
[2022-12-19T20:10:52.210+0000] {processor.py:175} INFO - Processing /home/airflow/.local/lib/python3.7/site-packages/airflow/example_dags/example_short_circuit_operator.py took 0.119 seconds
[2022-12-19T20:11:22.353+0000] {processor.py:153} INFO - Started process (PID=5834) to work on /home/airflow/.local/lib/python3.7/site-packages/airflow/example_dags/example_short_circuit_operator.py
[2022-12-19T20:11:22.354+0000] {processor.py:743} INFO - Processing file /home/airflow/.local/lib/python3.7/site-packages/airflow/example_dags/example_short_circuit_operator.py for tasks to queue
[2022-12-19T20:11:22.355+0000] {logging_mixin.py:137} INFO - [2022-12-19T20:11:22.354+0000] {dagbag.py:538} INFO - Filling up the DagBag from /home/airflow/.local/lib/python3.7/site-packages/airflow/example_dags/example_short_circuit_operator.py
[2022-12-19T20:11:22.371+0000] {processor.py:753} INFO - DAG(s) dict_keys(['example_short_circuit_operator']) retrieved from /home/airflow/.local/lib/python3.7/site-packages/airflow/example_dags/example_short_circuit_operator.py
[2022-12-19T20:11:22.410+0000] {logging_mixin.py:137} INFO - [2022-12-19T20:11:22.410+0000] {dag.py:2676} INFO - Sync 1 DAGs
[2022-12-19T20:11:22.438+0000] {logging_mixin.py:137} INFO - [2022-12-19T20:11:22.438+0000] {dag.py:3427} INFO - Setting next_dagrun for example_short_circuit_operator to 2022-12-18T20:11:22.438400+00:00, run_after=2022-12-19T20:11:22.438400+00:00
[2022-12-19T20:11:22.458+0000] {processor.py:175} INFO - Processing /home/airflow/.local/lib/python3.7/site-packages/airflow/example_dags/example_short_circuit_operator.py took 0.107 seconds
[2022-12-19T20:11:52.605+0000] {processor.py:153} INFO - Started process (PID=5938) to work on /home/airflow/.local/lib/python3.7/site-packages/airflow/example_dags/example_short_circuit_operator.py
[2022-12-19T20:11:52.606+0000] {processor.py:743} INFO - Processing file /home/airflow/.local/lib/python3.7/site-packages/airflow/example_dags/example_short_circuit_operator.py for tasks to queue
[2022-12-19T20:11:52.607+0000] {logging_mixin.py:137} INFO - [2022-12-19T20:11:52.607+0000] {dagbag.py:538} INFO - Filling up the DagBag from /home/airflow/.local/lib/python3.7/site-packages/airflow/example_dags/example_short_circuit_operator.py
[2022-12-19T20:11:52.625+0000] {processor.py:753} INFO - DAG(s) dict_keys(['example_short_circuit_operator']) retrieved from /home/airflow/.local/lib/python3.7/site-packages/airflow/example_dags/example_short_circuit_operator.py
[2022-12-19T20:11:52.674+0000] {logging_mixin.py:137} INFO - [2022-12-19T20:11:52.674+0000] {dag.py:2676} INFO - Sync 1 DAGs
[2022-12-19T20:11:52.711+0000] {logging_mixin.py:137} INFO - [2022-12-19T20:11:52.710+0000] {dag.py:3427} INFO - Setting next_dagrun for example_short_circuit_operator to 2022-12-18T20:11:52.710517+00:00, run_after=2022-12-19T20:11:52.710517+00:00
[2022-12-19T20:11:52.736+0000] {processor.py:175} INFO - Processing /home/airflow/.local/lib/python3.7/site-packages/airflow/example_dags/example_short_circuit_operator.py took 0.133 seconds
[2022-12-19T20:12:22.978+0000] {processor.py:153} INFO - Started process (PID=6024) to work on /home/airflow/.local/lib/python3.7/site-packages/airflow/example_dags/example_short_circuit_operator.py
[2022-12-19T20:12:22.979+0000] {processor.py:743} INFO - Processing file /home/airflow/.local/lib/python3.7/site-packages/airflow/example_dags/example_short_circuit_operator.py for tasks to queue
[2022-12-19T20:12:22.979+0000] {logging_mixin.py:137} INFO - [2022-12-19T20:12:22.979+0000] {dagbag.py:538} INFO - Filling up the DagBag from /home/airflow/.local/lib/python3.7/site-packages/airflow/example_dags/example_short_circuit_operator.py
[2022-12-19T20:12:22.998+0000] {processor.py:753} INFO - DAG(s) dict_keys(['example_short_circuit_operator']) retrieved from /home/airflow/.local/lib/python3.7/site-packages/airflow/example_dags/example_short_circuit_operator.py
[2022-12-19T20:12:23.043+0000] {logging_mixin.py:137} INFO - [2022-12-19T20:12:23.042+0000] {dag.py:2676} INFO - Sync 1 DAGs
[2022-12-19T20:12:23.073+0000] {logging_mixin.py:137} INFO - [2022-12-19T20:12:23.073+0000] {dag.py:3427} INFO - Setting next_dagrun for example_short_circuit_operator to 2022-12-18T20:12:23.073382+00:00, run_after=2022-12-19T20:12:23.073382+00:00
[2022-12-19T20:12:23.095+0000] {processor.py:175} INFO - Processing /home/airflow/.local/lib/python3.7/site-packages/airflow/example_dags/example_short_circuit_operator.py took 0.120 seconds
[2022-12-19T20:12:53.239+0000] {processor.py:153} INFO - Started process (PID=6134) to work on /home/airflow/.local/lib/python3.7/site-packages/airflow/example_dags/example_short_circuit_operator.py
[2022-12-19T20:12:53.240+0000] {processor.py:743} INFO - Processing file /home/airflow/.local/lib/python3.7/site-packages/airflow/example_dags/example_short_circuit_operator.py for tasks to queue
[2022-12-19T20:12:53.240+0000] {logging_mixin.py:137} INFO - [2022-12-19T20:12:53.240+0000] {dagbag.py:538} INFO - Filling up the DagBag from /home/airflow/.local/lib/python3.7/site-packages/airflow/example_dags/example_short_circuit_operator.py
[2022-12-19T20:12:53.259+0000] {processor.py:753} INFO - DAG(s) dict_keys(['example_short_circuit_operator']) retrieved from /home/airflow/.local/lib/python3.7/site-packages/airflow/example_dags/example_short_circuit_operator.py
[2022-12-19T20:12:53.309+0000] {logging_mixin.py:137} INFO - [2022-12-19T20:12:53.309+0000] {dag.py:2676} INFO - Sync 1 DAGs
[2022-12-19T20:12:53.349+0000] {logging_mixin.py:137} INFO - [2022-12-19T20:12:53.349+0000] {dag.py:3427} INFO - Setting next_dagrun for example_short_circuit_operator to 2022-12-18T20:12:53.349058+00:00, run_after=2022-12-19T20:12:53.349058+00:00
[2022-12-19T20:12:53.382+0000] {processor.py:175} INFO - Processing /home/airflow/.local/lib/python3.7/site-packages/airflow/example_dags/example_short_circuit_operator.py took 0.146 seconds
[2022-12-19T20:13:23.806+0000] {processor.py:153} INFO - Started process (PID=6220) to work on /home/airflow/.local/lib/python3.7/site-packages/airflow/example_dags/example_short_circuit_operator.py
[2022-12-19T20:13:23.807+0000] {processor.py:743} INFO - Processing file /home/airflow/.local/lib/python3.7/site-packages/airflow/example_dags/example_short_circuit_operator.py for tasks to queue
[2022-12-19T20:13:23.808+0000] {logging_mixin.py:137} INFO - [2022-12-19T20:13:23.808+0000] {dagbag.py:538} INFO - Filling up the DagBag from /home/airflow/.local/lib/python3.7/site-packages/airflow/example_dags/example_short_circuit_operator.py
[2022-12-19T20:13:23.825+0000] {processor.py:753} INFO - DAG(s) dict_keys(['example_short_circuit_operator']) retrieved from /home/airflow/.local/lib/python3.7/site-packages/airflow/example_dags/example_short_circuit_operator.py
[2022-12-19T20:13:23.874+0000] {logging_mixin.py:137} INFO - [2022-12-19T20:13:23.874+0000] {dag.py:2676} INFO - Sync 1 DAGs
[2022-12-19T20:13:23.913+0000] {logging_mixin.py:137} INFO - [2022-12-19T20:13:23.913+0000] {dag.py:3427} INFO - Setting next_dagrun for example_short_circuit_operator to 2022-12-18T20:13:23.913188+00:00, run_after=2022-12-19T20:13:23.913188+00:00
[2022-12-19T20:13:23.932+0000] {processor.py:175} INFO - Processing /home/airflow/.local/lib/python3.7/site-packages/airflow/example_dags/example_short_circuit_operator.py took 0.129 seconds
[2022-12-19T20:13:54.045+0000] {processor.py:153} INFO - Started process (PID=6306) to work on /home/airflow/.local/lib/python3.7/site-packages/airflow/example_dags/example_short_circuit_operator.py
[2022-12-19T20:13:54.046+0000] {processor.py:743} INFO - Processing file /home/airflow/.local/lib/python3.7/site-packages/airflow/example_dags/example_short_circuit_operator.py for tasks to queue
[2022-12-19T20:13:54.047+0000] {logging_mixin.py:137} INFO - [2022-12-19T20:13:54.047+0000] {dagbag.py:538} INFO - Filling up the DagBag from /home/airflow/.local/lib/python3.7/site-packages/airflow/example_dags/example_short_circuit_operator.py
[2022-12-19T20:13:54.064+0000] {processor.py:753} INFO - DAG(s) dict_keys(['example_short_circuit_operator']) retrieved from /home/airflow/.local/lib/python3.7/site-packages/airflow/example_dags/example_short_circuit_operator.py
[2022-12-19T20:13:54.108+0000] {logging_mixin.py:137} INFO - [2022-12-19T20:13:54.108+0000] {dag.py:2676} INFO - Sync 1 DAGs
[2022-12-19T20:13:54.137+0000] {logging_mixin.py:137} INFO - [2022-12-19T20:13:54.137+0000] {dag.py:3427} INFO - Setting next_dagrun for example_short_circuit_operator to 2022-12-18T20:13:54.137055+00:00, run_after=2022-12-19T20:13:54.137055+00:00
[2022-12-19T20:13:54.158+0000] {processor.py:175} INFO - Processing /home/airflow/.local/lib/python3.7/site-packages/airflow/example_dags/example_short_circuit_operator.py took 0.116 seconds
[2022-12-19T20:14:24.465+0000] {processor.py:153} INFO - Started process (PID=6416) to work on /home/airflow/.local/lib/python3.7/site-packages/airflow/example_dags/example_short_circuit_operator.py
[2022-12-19T20:14:24.466+0000] {processor.py:743} INFO - Processing file /home/airflow/.local/lib/python3.7/site-packages/airflow/example_dags/example_short_circuit_operator.py for tasks to queue
[2022-12-19T20:14:24.467+0000] {logging_mixin.py:137} INFO - [2022-12-19T20:14:24.467+0000] {dagbag.py:538} INFO - Filling up the DagBag from /home/airflow/.local/lib/python3.7/site-packages/airflow/example_dags/example_short_circuit_operator.py
[2022-12-19T20:14:24.485+0000] {processor.py:753} INFO - DAG(s) dict_keys(['example_short_circuit_operator']) retrieved from /home/airflow/.local/lib/python3.7/site-packages/airflow/example_dags/example_short_circuit_operator.py
[2022-12-19T20:14:24.528+0000] {logging_mixin.py:137} INFO - [2022-12-19T20:14:24.527+0000] {dag.py:2676} INFO - Sync 1 DAGs
[2022-12-19T20:14:24.554+0000] {logging_mixin.py:137} INFO - [2022-12-19T20:14:24.554+0000] {dag.py:3427} INFO - Setting next_dagrun for example_short_circuit_operator to 2022-12-18T20:14:24.554162+00:00, run_after=2022-12-19T20:14:24.554162+00:00
[2022-12-19T20:14:24.577+0000] {processor.py:175} INFO - Processing /home/airflow/.local/lib/python3.7/site-packages/airflow/example_dags/example_short_circuit_operator.py took 0.115 seconds
[2022-12-19T20:14:54.864+0000] {processor.py:153} INFO - Started process (PID=6502) to work on /home/airflow/.local/lib/python3.7/site-packages/airflow/example_dags/example_short_circuit_operator.py
[2022-12-19T20:14:54.864+0000] {processor.py:743} INFO - Processing file /home/airflow/.local/lib/python3.7/site-packages/airflow/example_dags/example_short_circuit_operator.py for tasks to queue
[2022-12-19T20:14:54.865+0000] {logging_mixin.py:137} INFO - [2022-12-19T20:14:54.865+0000] {dagbag.py:538} INFO - Filling up the DagBag from /home/airflow/.local/lib/python3.7/site-packages/airflow/example_dags/example_short_circuit_operator.py
[2022-12-19T20:14:54.884+0000] {processor.py:753} INFO - DAG(s) dict_keys(['example_short_circuit_operator']) retrieved from /home/airflow/.local/lib/python3.7/site-packages/airflow/example_dags/example_short_circuit_operator.py
[2022-12-19T20:14:54.936+0000] {logging_mixin.py:137} INFO - [2022-12-19T20:14:54.935+0000] {dag.py:2676} INFO - Sync 1 DAGs
[2022-12-19T20:14:54.967+0000] {logging_mixin.py:137} INFO - [2022-12-19T20:14:54.966+0000] {dag.py:3427} INFO - Setting next_dagrun for example_short_circuit_operator to 2022-12-18T20:14:54.966576+00:00, run_after=2022-12-19T20:14:54.966576+00:00
[2022-12-19T20:14:54.991+0000] {processor.py:175} INFO - Processing /home/airflow/.local/lib/python3.7/site-packages/airflow/example_dags/example_short_circuit_operator.py took 0.131 seconds
[2022-12-19T20:15:25.080+0000] {processor.py:153} INFO - Started process (PID=6588) to work on /home/airflow/.local/lib/python3.7/site-packages/airflow/example_dags/example_short_circuit_operator.py
[2022-12-19T20:15:25.080+0000] {processor.py:743} INFO - Processing file /home/airflow/.local/lib/python3.7/site-packages/airflow/example_dags/example_short_circuit_operator.py for tasks to queue
[2022-12-19T20:15:25.081+0000] {logging_mixin.py:137} INFO - [2022-12-19T20:15:25.081+0000] {dagbag.py:538} INFO - Filling up the DagBag from /home/airflow/.local/lib/python3.7/site-packages/airflow/example_dags/example_short_circuit_operator.py
[2022-12-19T20:15:25.099+0000] {processor.py:753} INFO - DAG(s) dict_keys(['example_short_circuit_operator']) retrieved from /home/airflow/.local/lib/python3.7/site-packages/airflow/example_dags/example_short_circuit_operator.py
[2022-12-19T20:15:25.139+0000] {logging_mixin.py:137} INFO - [2022-12-19T20:15:25.139+0000] {dag.py:2676} INFO - Sync 1 DAGs
[2022-12-19T20:15:25.169+0000] {logging_mixin.py:137} INFO - [2022-12-19T20:15:25.169+0000] {dag.py:3427} INFO - Setting next_dagrun for example_short_circuit_operator to 2022-12-18T20:15:25.168744+00:00, run_after=2022-12-19T20:15:25.168744+00:00
[2022-12-19T20:15:25.195+0000] {processor.py:175} INFO - Processing /home/airflow/.local/lib/python3.7/site-packages/airflow/example_dags/example_short_circuit_operator.py took 0.119 seconds
[2022-12-19T20:15:56.564+0000] {processor.py:153} INFO - Started process (PID=6698) to work on /home/airflow/.local/lib/python3.7/site-packages/airflow/example_dags/example_short_circuit_operator.py
[2022-12-19T20:15:56.565+0000] {processor.py:743} INFO - Processing file /home/airflow/.local/lib/python3.7/site-packages/airflow/example_dags/example_short_circuit_operator.py for tasks to queue
[2022-12-19T20:15:56.565+0000] {logging_mixin.py:137} INFO - [2022-12-19T20:15:56.565+0000] {dagbag.py:538} INFO - Filling up the DagBag from /home/airflow/.local/lib/python3.7/site-packages/airflow/example_dags/example_short_circuit_operator.py
[2022-12-19T20:15:56.586+0000] {processor.py:753} INFO - DAG(s) dict_keys(['example_short_circuit_operator']) retrieved from /home/airflow/.local/lib/python3.7/site-packages/airflow/example_dags/example_short_circuit_operator.py
[2022-12-19T20:15:56.637+0000] {logging_mixin.py:137} INFO - [2022-12-19T20:15:56.636+0000] {dag.py:2676} INFO - Sync 1 DAGs
[2022-12-19T20:15:56.667+0000] {logging_mixin.py:137} INFO - [2022-12-19T20:15:56.667+0000] {dag.py:3427} INFO - Setting next_dagrun for example_short_circuit_operator to 2022-12-18T20:15:56.666757+00:00, run_after=2022-12-19T20:15:56.666757+00:00
[2022-12-19T20:15:56.691+0000] {processor.py:175} INFO - Processing /home/airflow/.local/lib/python3.7/site-packages/airflow/example_dags/example_short_circuit_operator.py took 0.131 seconds
[2022-12-19T20:16:26.813+0000] {processor.py:153} INFO - Started process (PID=6784) to work on /home/airflow/.local/lib/python3.7/site-packages/airflow/example_dags/example_short_circuit_operator.py
[2022-12-19T20:16:26.814+0000] {processor.py:743} INFO - Processing file /home/airflow/.local/lib/python3.7/site-packages/airflow/example_dags/example_short_circuit_operator.py for tasks to queue
[2022-12-19T20:16:26.815+0000] {logging_mixin.py:137} INFO - [2022-12-19T20:16:26.815+0000] {dagbag.py:538} INFO - Filling up the DagBag from /home/airflow/.local/lib/python3.7/site-packages/airflow/example_dags/example_short_circuit_operator.py
[2022-12-19T20:16:26.835+0000] {processor.py:753} INFO - DAG(s) dict_keys(['example_short_circuit_operator']) retrieved from /home/airflow/.local/lib/python3.7/site-packages/airflow/example_dags/example_short_circuit_operator.py
[2022-12-19T20:16:26.888+0000] {logging_mixin.py:137} INFO - [2022-12-19T20:16:26.888+0000] {dag.py:2676} INFO - Sync 1 DAGs
[2022-12-19T20:16:26.923+0000] {logging_mixin.py:137} INFO - [2022-12-19T20:16:26.923+0000] {dag.py:3427} INFO - Setting next_dagrun for example_short_circuit_operator to 2022-12-18T20:16:26.923102+00:00, run_after=2022-12-19T20:16:26.923102+00:00
[2022-12-19T20:16:26.944+0000] {processor.py:175} INFO - Processing /home/airflow/.local/lib/python3.7/site-packages/airflow/example_dags/example_short_circuit_operator.py took 0.134 seconds
[2022-12-19T20:16:57.930+0000] {processor.py:153} INFO - Started process (PID=6894) to work on /home/airflow/.local/lib/python3.7/site-packages/airflow/example_dags/example_short_circuit_operator.py
[2022-12-19T20:16:57.931+0000] {processor.py:743} INFO - Processing file /home/airflow/.local/lib/python3.7/site-packages/airflow/example_dags/example_short_circuit_operator.py for tasks to queue
[2022-12-19T20:16:57.932+0000] {logging_mixin.py:137} INFO - [2022-12-19T20:16:57.932+0000] {dagbag.py:538} INFO - Filling up the DagBag from /home/airflow/.local/lib/python3.7/site-packages/airflow/example_dags/example_short_circuit_operator.py
[2022-12-19T20:16:57.956+0000] {processor.py:753} INFO - DAG(s) dict_keys(['example_short_circuit_operator']) retrieved from /home/airflow/.local/lib/python3.7/site-packages/airflow/example_dags/example_short_circuit_operator.py
[2022-12-19T20:16:58.018+0000] {logging_mixin.py:137} INFO - [2022-12-19T20:16:58.018+0000] {dag.py:2676} INFO - Sync 1 DAGs
[2022-12-19T20:16:58.063+0000] {logging_mixin.py:137} INFO - [2022-12-19T20:16:58.063+0000] {dag.py:3427} INFO - Setting next_dagrun for example_short_circuit_operator to 2022-12-18T20:16:58.062966+00:00, run_after=2022-12-19T20:16:58.062966+00:00
[2022-12-19T20:16:58.095+0000] {processor.py:175} INFO - Processing /home/airflow/.local/lib/python3.7/site-packages/airflow/example_dags/example_short_circuit_operator.py took 0.168 seconds
[2022-12-19T20:17:28.244+0000] {processor.py:153} INFO - Started process (PID=6980) to work on /home/airflow/.local/lib/python3.7/site-packages/airflow/example_dags/example_short_circuit_operator.py
[2022-12-19T20:17:28.245+0000] {processor.py:743} INFO - Processing file /home/airflow/.local/lib/python3.7/site-packages/airflow/example_dags/example_short_circuit_operator.py for tasks to queue
[2022-12-19T20:17:28.246+0000] {logging_mixin.py:137} INFO - [2022-12-19T20:17:28.246+0000] {dagbag.py:538} INFO - Filling up the DagBag from /home/airflow/.local/lib/python3.7/site-packages/airflow/example_dags/example_short_circuit_operator.py
[2022-12-19T20:17:28.269+0000] {processor.py:753} INFO - DAG(s) dict_keys(['example_short_circuit_operator']) retrieved from /home/airflow/.local/lib/python3.7/site-packages/airflow/example_dags/example_short_circuit_operator.py
[2022-12-19T20:17:28.323+0000] {logging_mixin.py:137} INFO - [2022-12-19T20:17:28.323+0000] {dag.py:2676} INFO - Sync 1 DAGs
[2022-12-19T20:17:28.360+0000] {logging_mixin.py:137} INFO - [2022-12-19T20:17:28.360+0000] {dag.py:3427} INFO - Setting next_dagrun for example_short_circuit_operator to 2022-12-18T20:17:28.360361+00:00, run_after=2022-12-19T20:17:28.360361+00:00
[2022-12-19T20:17:28.387+0000] {processor.py:175} INFO - Processing /home/airflow/.local/lib/python3.7/site-packages/airflow/example_dags/example_short_circuit_operator.py took 0.147 seconds
[2022-12-19T20:17:58.850+0000] {processor.py:153} INFO - Started process (PID=7066) to work on /home/airflow/.local/lib/python3.7/site-packages/airflow/example_dags/example_short_circuit_operator.py
[2022-12-19T20:17:58.851+0000] {processor.py:743} INFO - Processing file /home/airflow/.local/lib/python3.7/site-packages/airflow/example_dags/example_short_circuit_operator.py for tasks to queue
[2022-12-19T20:17:58.851+0000] {logging_mixin.py:137} INFO - [2022-12-19T20:17:58.851+0000] {dagbag.py:538} INFO - Filling up the DagBag from /home/airflow/.local/lib/python3.7/site-packages/airflow/example_dags/example_short_circuit_operator.py
[2022-12-19T20:17:58.868+0000] {processor.py:753} INFO - DAG(s) dict_keys(['example_short_circuit_operator']) retrieved from /home/airflow/.local/lib/python3.7/site-packages/airflow/example_dags/example_short_circuit_operator.py
[2022-12-19T20:17:58.912+0000] {logging_mixin.py:137} INFO - [2022-12-19T20:17:58.911+0000] {dag.py:2676} INFO - Sync 1 DAGs
[2022-12-19T20:17:58.940+0000] {logging_mixin.py:137} INFO - [2022-12-19T20:17:58.940+0000] {dag.py:3427} INFO - Setting next_dagrun for example_short_circuit_operator to 2022-12-18T20:17:58.940012+00:00, run_after=2022-12-19T20:17:58.940012+00:00
[2022-12-19T20:17:58.962+0000] {processor.py:175} INFO - Processing /home/airflow/.local/lib/python3.7/site-packages/airflow/example_dags/example_short_circuit_operator.py took 0.114 seconds
[2022-12-19T20:18:29.063+0000] {processor.py:153} INFO - Started process (PID=7159) to work on /home/airflow/.local/lib/python3.7/site-packages/airflow/example_dags/example_short_circuit_operator.py
[2022-12-19T20:18:29.064+0000] {processor.py:743} INFO - Processing file /home/airflow/.local/lib/python3.7/site-packages/airflow/example_dags/example_short_circuit_operator.py for tasks to queue
[2022-12-19T20:18:29.064+0000] {logging_mixin.py:137} INFO - [2022-12-19T20:18:29.064+0000] {dagbag.py:538} INFO - Filling up the DagBag from /home/airflow/.local/lib/python3.7/site-packages/airflow/example_dags/example_short_circuit_operator.py
[2022-12-19T20:18:29.081+0000] {processor.py:753} INFO - DAG(s) dict_keys(['example_short_circuit_operator']) retrieved from /home/airflow/.local/lib/python3.7/site-packages/airflow/example_dags/example_short_circuit_operator.py
[2022-12-19T20:18:29.123+0000] {logging_mixin.py:137} INFO - [2022-12-19T20:18:29.123+0000] {dag.py:2676} INFO - Sync 1 DAGs
[2022-12-19T20:18:29.155+0000] {logging_mixin.py:137} INFO - [2022-12-19T20:18:29.155+0000] {dag.py:3427} INFO - Setting next_dagrun for example_short_circuit_operator to 2022-12-18T20:18:29.154978+00:00, run_after=2022-12-19T20:18:29.154978+00:00
[2022-12-19T20:18:29.176+0000] {processor.py:175} INFO - Processing /home/airflow/.local/lib/python3.7/site-packages/airflow/example_dags/example_short_circuit_operator.py took 0.116 seconds
[2022-12-19T20:18:59.292+0000] {processor.py:153} INFO - Started process (PID=7262) to work on /home/airflow/.local/lib/python3.7/site-packages/airflow/example_dags/example_short_circuit_operator.py
[2022-12-19T20:18:59.293+0000] {processor.py:743} INFO - Processing file /home/airflow/.local/lib/python3.7/site-packages/airflow/example_dags/example_short_circuit_operator.py for tasks to queue
[2022-12-19T20:18:59.293+0000] {logging_mixin.py:137} INFO - [2022-12-19T20:18:59.293+0000] {dagbag.py:538} INFO - Filling up the DagBag from /home/airflow/.local/lib/python3.7/site-packages/airflow/example_dags/example_short_circuit_operator.py
[2022-12-19T20:18:59.311+0000] {processor.py:753} INFO - DAG(s) dict_keys(['example_short_circuit_operator']) retrieved from /home/airflow/.local/lib/python3.7/site-packages/airflow/example_dags/example_short_circuit_operator.py
[2022-12-19T20:18:59.356+0000] {logging_mixin.py:137} INFO - [2022-12-19T20:18:59.356+0000] {dag.py:2676} INFO - Sync 1 DAGs
[2022-12-19T20:18:59.384+0000] {logging_mixin.py:137} INFO - [2022-12-19T20:18:59.384+0000] {dag.py:3427} INFO - Setting next_dagrun for example_short_circuit_operator to 2022-12-18T20:18:59.384320+00:00, run_after=2022-12-19T20:18:59.384320+00:00
[2022-12-19T20:18:59.410+0000] {processor.py:175} INFO - Processing /home/airflow/.local/lib/python3.7/site-packages/airflow/example_dags/example_short_circuit_operator.py took 0.121 seconds
[2022-12-19T20:19:29.570+0000] {processor.py:153} INFO - Started process (PID=7348) to work on /home/airflow/.local/lib/python3.7/site-packages/airflow/example_dags/example_short_circuit_operator.py
[2022-12-19T20:19:29.571+0000] {processor.py:743} INFO - Processing file /home/airflow/.local/lib/python3.7/site-packages/airflow/example_dags/example_short_circuit_operator.py for tasks to queue
[2022-12-19T20:19:29.571+0000] {logging_mixin.py:137} INFO - [2022-12-19T20:19:29.571+0000] {dagbag.py:538} INFO - Filling up the DagBag from /home/airflow/.local/lib/python3.7/site-packages/airflow/example_dags/example_short_circuit_operator.py
[2022-12-19T20:19:29.590+0000] {processor.py:753} INFO - DAG(s) dict_keys(['example_short_circuit_operator']) retrieved from /home/airflow/.local/lib/python3.7/site-packages/airflow/example_dags/example_short_circuit_operator.py
[2022-12-19T20:19:29.630+0000] {logging_mixin.py:137} INFO - [2022-12-19T20:19:29.630+0000] {dag.py:2676} INFO - Sync 1 DAGs
[2022-12-19T20:19:29.658+0000] {logging_mixin.py:137} INFO - [2022-12-19T20:19:29.657+0000] {dag.py:3427} INFO - Setting next_dagrun for example_short_circuit_operator to 2022-12-18T20:19:29.657733+00:00, run_after=2022-12-19T20:19:29.657733+00:00
[2022-12-19T20:19:29.676+0000] {processor.py:175} INFO - Processing /home/airflow/.local/lib/python3.7/site-packages/airflow/example_dags/example_short_circuit_operator.py took 0.109 seconds
[2022-12-19T20:20:00.466+0000] {processor.py:153} INFO - Started process (PID=7458) to work on /home/airflow/.local/lib/python3.7/site-packages/airflow/example_dags/example_short_circuit_operator.py
[2022-12-19T20:20:00.467+0000] {processor.py:743} INFO - Processing file /home/airflow/.local/lib/python3.7/site-packages/airflow/example_dags/example_short_circuit_operator.py for tasks to queue
[2022-12-19T20:20:00.467+0000] {logging_mixin.py:137} INFO - [2022-12-19T20:20:00.467+0000] {dagbag.py:538} INFO - Filling up the DagBag from /home/airflow/.local/lib/python3.7/site-packages/airflow/example_dags/example_short_circuit_operator.py
[2022-12-19T20:20:00.483+0000] {processor.py:753} INFO - DAG(s) dict_keys(['example_short_circuit_operator']) retrieved from /home/airflow/.local/lib/python3.7/site-packages/airflow/example_dags/example_short_circuit_operator.py
[2022-12-19T20:20:00.528+0000] {logging_mixin.py:137} INFO - [2022-12-19T20:20:00.528+0000] {dag.py:2676} INFO - Sync 1 DAGs
[2022-12-19T20:20:00.556+0000] {logging_mixin.py:137} INFO - [2022-12-19T20:20:00.556+0000] {dag.py:3427} INFO - Setting next_dagrun for example_short_circuit_operator to 2022-12-18T20:20:00.556380+00:00, run_after=2022-12-19T20:20:00.556380+00:00
[2022-12-19T20:20:00.576+0000] {processor.py:175} INFO - Processing /home/airflow/.local/lib/python3.7/site-packages/airflow/example_dags/example_short_circuit_operator.py took 0.113 seconds
