[2022-12-19T19:45:53.289+0000] {processor.py:153} INFO - Started process (PID=1163) to work on /home/airflow/.local/lib/python3.7/site-packages/airflow/example_dags/example_sla_dag.py
[2022-12-19T19:45:53.290+0000] {processor.py:743} INFO - Processing file /home/airflow/.local/lib/python3.7/site-packages/airflow/example_dags/example_sla_dag.py for tasks to queue
[2022-12-19T19:45:53.291+0000] {logging_mixin.py:137} INFO - [2022-12-19T19:45:53.290+0000] {dagbag.py:538} INFO - Filling up the DagBag from /home/airflow/.local/lib/python3.7/site-packages/airflow/example_dags/example_sla_dag.py
[2022-12-19T19:45:53.325+0000] {processor.py:753} INFO - DAG(s) dict_keys(['example_sla_dag']) retrieved from /home/airflow/.local/lib/python3.7/site-packages/airflow/example_dags/example_sla_dag.py
[2022-12-19T19:45:53.398+0000] {logging_mixin.py:137} INFO - [2022-12-19T19:45:53.398+0000] {dag.py:2676} INFO - Sync 1 DAGs
[2022-12-19T19:45:53.485+0000] {logging_mixin.py:137} INFO - [2022-12-19T19:45:53.485+0000] {dag.py:3427} INFO - Setting next_dagrun for example_sla_dag to 2022-12-19T19:42:00+00:00, run_after=2022-12-19T19:44:00+00:00
[2022-12-19T19:45:53.514+0000] {processor.py:175} INFO - Processing /home/airflow/.local/lib/python3.7/site-packages/airflow/example_dags/example_sla_dag.py took 0.229 seconds
[2022-12-19T19:46:24.433+0000] {processor.py:153} INFO - Started process (PID=1249) to work on /home/airflow/.local/lib/python3.7/site-packages/airflow/example_dags/example_sla_dag.py
[2022-12-19T19:46:24.434+0000] {processor.py:743} INFO - Processing file /home/airflow/.local/lib/python3.7/site-packages/airflow/example_dags/example_sla_dag.py for tasks to queue
[2022-12-19T19:46:24.435+0000] {logging_mixin.py:137} INFO - [2022-12-19T19:46:24.435+0000] {dagbag.py:538} INFO - Filling up the DagBag from /home/airflow/.local/lib/python3.7/site-packages/airflow/example_dags/example_sla_dag.py
[2022-12-19T19:46:24.465+0000] {processor.py:753} INFO - DAG(s) dict_keys(['example_sla_dag']) retrieved from /home/airflow/.local/lib/python3.7/site-packages/airflow/example_dags/example_sla_dag.py
[2022-12-19T19:46:24.520+0000] {logging_mixin.py:137} INFO - [2022-12-19T19:46:24.520+0000] {dag.py:2676} INFO - Sync 1 DAGs
[2022-12-19T19:46:24.568+0000] {logging_mixin.py:137} INFO - [2022-12-19T19:46:24.567+0000] {dag.py:3427} INFO - Setting next_dagrun for example_sla_dag to 2022-12-19T19:44:00+00:00, run_after=2022-12-19T19:46:00+00:00
[2022-12-19T19:46:24.626+0000] {processor.py:175} INFO - Processing /home/airflow/.local/lib/python3.7/site-packages/airflow/example_dags/example_sla_dag.py took 0.195 seconds
[2022-12-19T19:46:55.519+0000] {processor.py:153} INFO - Started process (PID=1335) to work on /home/airflow/.local/lib/python3.7/site-packages/airflow/example_dags/example_sla_dag.py
[2022-12-19T19:46:55.520+0000] {processor.py:743} INFO - Processing file /home/airflow/.local/lib/python3.7/site-packages/airflow/example_dags/example_sla_dag.py for tasks to queue
[2022-12-19T19:46:55.521+0000] {logging_mixin.py:137} INFO - [2022-12-19T19:46:55.521+0000] {dagbag.py:538} INFO - Filling up the DagBag from /home/airflow/.local/lib/python3.7/site-packages/airflow/example_dags/example_sla_dag.py
[2022-12-19T19:46:55.568+0000] {processor.py:753} INFO - DAG(s) dict_keys(['example_sla_dag']) retrieved from /home/airflow/.local/lib/python3.7/site-packages/airflow/example_dags/example_sla_dag.py
[2022-12-19T19:46:55.623+0000] {logging_mixin.py:137} INFO - [2022-12-19T19:46:55.623+0000] {dag.py:2676} INFO - Sync 1 DAGs
[2022-12-19T19:46:55.704+0000] {logging_mixin.py:137} INFO - [2022-12-19T19:46:55.704+0000] {dag.py:3427} INFO - Setting next_dagrun for example_sla_dag to 2022-12-19T19:44:00+00:00, run_after=2022-12-19T19:46:00+00:00
[2022-12-19T19:46:55.773+0000] {processor.py:175} INFO - Processing /home/airflow/.local/lib/python3.7/site-packages/airflow/example_dags/example_sla_dag.py took 0.256 seconds
[2022-12-19T19:47:26.078+0000] {processor.py:153} INFO - Started process (PID=1421) to work on /home/airflow/.local/lib/python3.7/site-packages/airflow/example_dags/example_sla_dag.py
[2022-12-19T19:47:26.086+0000] {processor.py:743} INFO - Processing file /home/airflow/.local/lib/python3.7/site-packages/airflow/example_dags/example_sla_dag.py for tasks to queue
[2022-12-19T19:47:26.087+0000] {logging_mixin.py:137} INFO - [2022-12-19T19:47:26.087+0000] {dagbag.py:538} INFO - Filling up the DagBag from /home/airflow/.local/lib/python3.7/site-packages/airflow/example_dags/example_sla_dag.py
[2022-12-19T19:47:26.121+0000] {processor.py:753} INFO - DAG(s) dict_keys(['example_sla_dag']) retrieved from /home/airflow/.local/lib/python3.7/site-packages/airflow/example_dags/example_sla_dag.py
[2022-12-19T19:47:26.164+0000] {logging_mixin.py:137} INFO - [2022-12-19T19:47:26.163+0000] {dag.py:2676} INFO - Sync 1 DAGs
[2022-12-19T19:47:26.222+0000] {logging_mixin.py:137} INFO - [2022-12-19T19:47:26.222+0000] {dag.py:3427} INFO - Setting next_dagrun for example_sla_dag to 2022-12-19T19:44:00+00:00, run_after=2022-12-19T19:46:00+00:00
[2022-12-19T19:47:26.248+0000] {processor.py:175} INFO - Processing /home/airflow/.local/lib/python3.7/site-packages/airflow/example_dags/example_sla_dag.py took 0.179 seconds
[2022-12-19T19:47:57.222+0000] {processor.py:153} INFO - Started process (PID=1516) to work on /home/airflow/.local/lib/python3.7/site-packages/airflow/example_dags/example_sla_dag.py
[2022-12-19T19:47:57.223+0000] {processor.py:743} INFO - Processing file /home/airflow/.local/lib/python3.7/site-packages/airflow/example_dags/example_sla_dag.py for tasks to queue
[2022-12-19T19:47:57.224+0000] {logging_mixin.py:137} INFO - [2022-12-19T19:47:57.224+0000] {dagbag.py:538} INFO - Filling up the DagBag from /home/airflow/.local/lib/python3.7/site-packages/airflow/example_dags/example_sla_dag.py
[2022-12-19T19:47:57.252+0000] {processor.py:753} INFO - DAG(s) dict_keys(['example_sla_dag']) retrieved from /home/airflow/.local/lib/python3.7/site-packages/airflow/example_dags/example_sla_dag.py
[2022-12-19T19:47:57.325+0000] {logging_mixin.py:137} INFO - [2022-12-19T19:47:57.325+0000] {dag.py:2676} INFO - Sync 1 DAGs
[2022-12-19T19:47:57.408+0000] {logging_mixin.py:137} INFO - [2022-12-19T19:47:57.408+0000] {dag.py:3427} INFO - Setting next_dagrun for example_sla_dag to 2022-12-19T19:44:00+00:00, run_after=2022-12-19T19:46:00+00:00
[2022-12-19T19:47:57.427+0000] {processor.py:175} INFO - Processing /home/airflow/.local/lib/python3.7/site-packages/airflow/example_dags/example_sla_dag.py took 0.209 seconds
[2022-12-19T19:48:27.513+0000] {processor.py:153} INFO - Started process (PID=1602) to work on /home/airflow/.local/lib/python3.7/site-packages/airflow/example_dags/example_sla_dag.py
[2022-12-19T19:48:27.514+0000] {processor.py:743} INFO - Processing file /home/airflow/.local/lib/python3.7/site-packages/airflow/example_dags/example_sla_dag.py for tasks to queue
[2022-12-19T19:48:27.515+0000] {logging_mixin.py:137} INFO - [2022-12-19T19:48:27.515+0000] {dagbag.py:538} INFO - Filling up the DagBag from /home/airflow/.local/lib/python3.7/site-packages/airflow/example_dags/example_sla_dag.py
[2022-12-19T19:48:27.542+0000] {processor.py:753} INFO - DAG(s) dict_keys(['example_sla_dag']) retrieved from /home/airflow/.local/lib/python3.7/site-packages/airflow/example_dags/example_sla_dag.py
[2022-12-19T19:48:27.586+0000] {logging_mixin.py:137} INFO - [2022-12-19T19:48:27.586+0000] {dag.py:2676} INFO - Sync 1 DAGs
[2022-12-19T19:48:27.623+0000] {logging_mixin.py:137} INFO - [2022-12-19T19:48:27.623+0000] {dag.py:3427} INFO - Setting next_dagrun for example_sla_dag to 2022-12-19T19:46:00+00:00, run_after=2022-12-19T19:48:00+00:00
[2022-12-19T19:48:27.644+0000] {processor.py:175} INFO - Processing /home/airflow/.local/lib/python3.7/site-packages/airflow/example_dags/example_sla_dag.py took 0.134 seconds
[2022-12-19T19:48:58.100+0000] {processor.py:153} INFO - Started process (PID=1703) to work on /home/airflow/.local/lib/python3.7/site-packages/airflow/example_dags/example_sla_dag.py
[2022-12-19T19:48:58.102+0000] {processor.py:743} INFO - Processing file /home/airflow/.local/lib/python3.7/site-packages/airflow/example_dags/example_sla_dag.py for tasks to queue
[2022-12-19T19:48:58.103+0000] {logging_mixin.py:137} INFO - [2022-12-19T19:48:58.102+0000] {dagbag.py:538} INFO - Filling up the DagBag from /home/airflow/.local/lib/python3.7/site-packages/airflow/example_dags/example_sla_dag.py
[2022-12-19T19:48:58.280+0000] {processor.py:753} INFO - DAG(s) dict_keys(['example_sla_dag']) retrieved from /home/airflow/.local/lib/python3.7/site-packages/airflow/example_dags/example_sla_dag.py
[2022-12-19T19:48:58.472+0000] {logging_mixin.py:137} INFO - [2022-12-19T19:48:58.472+0000] {dag.py:2676} INFO - Sync 1 DAGs
[2022-12-19T19:48:58.578+0000] {logging_mixin.py:137} INFO - [2022-12-19T19:48:58.578+0000] {dag.py:3427} INFO - Setting next_dagrun for example_sla_dag to 2022-12-19T19:46:00+00:00, run_after=2022-12-19T19:48:00+00:00
[2022-12-19T19:48:58.669+0000] {processor.py:175} INFO - Processing /home/airflow/.local/lib/python3.7/site-packages/airflow/example_dags/example_sla_dag.py took 0.573 seconds
[2022-12-19T19:49:28.872+0000] {processor.py:153} INFO - Started process (PID=1789) to work on /home/airflow/.local/lib/python3.7/site-packages/airflow/example_dags/example_sla_dag.py
[2022-12-19T19:49:28.873+0000] {processor.py:743} INFO - Processing file /home/airflow/.local/lib/python3.7/site-packages/airflow/example_dags/example_sla_dag.py for tasks to queue
[2022-12-19T19:49:28.874+0000] {logging_mixin.py:137} INFO - [2022-12-19T19:49:28.873+0000] {dagbag.py:538} INFO - Filling up the DagBag from /home/airflow/.local/lib/python3.7/site-packages/airflow/example_dags/example_sla_dag.py
[2022-12-19T19:49:28.902+0000] {processor.py:753} INFO - DAG(s) dict_keys(['example_sla_dag']) retrieved from /home/airflow/.local/lib/python3.7/site-packages/airflow/example_dags/example_sla_dag.py
[2022-12-19T19:49:28.993+0000] {logging_mixin.py:137} INFO - [2022-12-19T19:49:28.993+0000] {dag.py:2676} INFO - Sync 1 DAGs
[2022-12-19T19:49:29.084+0000] {logging_mixin.py:137} INFO - [2022-12-19T19:49:29.084+0000] {dag.py:3427} INFO - Setting next_dagrun for example_sla_dag to 2022-12-19T19:46:00+00:00, run_after=2022-12-19T19:48:00+00:00
[2022-12-19T19:49:29.176+0000] {processor.py:175} INFO - Processing /home/airflow/.local/lib/python3.7/site-packages/airflow/example_dags/example_sla_dag.py took 0.308 seconds
[2022-12-19T19:49:59.888+0000] {processor.py:153} INFO - Started process (PID=1875) to work on /home/airflow/.local/lib/python3.7/site-packages/airflow/example_dags/example_sla_dag.py
[2022-12-19T19:49:59.889+0000] {processor.py:743} INFO - Processing file /home/airflow/.local/lib/python3.7/site-packages/airflow/example_dags/example_sla_dag.py for tasks to queue
[2022-12-19T19:49:59.890+0000] {logging_mixin.py:137} INFO - [2022-12-19T19:49:59.890+0000] {dagbag.py:538} INFO - Filling up the DagBag from /home/airflow/.local/lib/python3.7/site-packages/airflow/example_dags/example_sla_dag.py
[2022-12-19T19:49:59.919+0000] {processor.py:753} INFO - DAG(s) dict_keys(['example_sla_dag']) retrieved from /home/airflow/.local/lib/python3.7/site-packages/airflow/example_dags/example_sla_dag.py
[2022-12-19T19:49:59.964+0000] {logging_mixin.py:137} INFO - [2022-12-19T19:49:59.964+0000] {dag.py:2676} INFO - Sync 1 DAGs
[2022-12-19T19:50:00.000+0000] {logging_mixin.py:137} INFO - [2022-12-19T19:50:00.000+0000] {dag.py:3427} INFO - Setting next_dagrun for example_sla_dag to 2022-12-19T19:46:00+00:00, run_after=2022-12-19T19:48:00+00:00
[2022-12-19T19:50:00.025+0000] {processor.py:175} INFO - Processing /home/airflow/.local/lib/python3.7/site-packages/airflow/example_dags/example_sla_dag.py took 0.140 seconds
[2022-12-19T19:50:30.558+0000] {processor.py:153} INFO - Started process (PID=1967) to work on /home/airflow/.local/lib/python3.7/site-packages/airflow/example_dags/example_sla_dag.py
[2022-12-19T19:50:30.567+0000] {processor.py:743} INFO - Processing file /home/airflow/.local/lib/python3.7/site-packages/airflow/example_dags/example_sla_dag.py for tasks to queue
[2022-12-19T19:50:30.568+0000] {logging_mixin.py:137} INFO - [2022-12-19T19:50:30.568+0000] {dagbag.py:538} INFO - Filling up the DagBag from /home/airflow/.local/lib/python3.7/site-packages/airflow/example_dags/example_sla_dag.py
[2022-12-19T19:50:30.604+0000] {processor.py:753} INFO - DAG(s) dict_keys(['example_sla_dag']) retrieved from /home/airflow/.local/lib/python3.7/site-packages/airflow/example_dags/example_sla_dag.py
[2022-12-19T19:50:30.706+0000] {logging_mixin.py:137} INFO - [2022-12-19T19:50:30.705+0000] {dag.py:2676} INFO - Sync 1 DAGs
[2022-12-19T19:50:30.803+0000] {logging_mixin.py:137} INFO - [2022-12-19T19:50:30.803+0000] {dag.py:3427} INFO - Setting next_dagrun for example_sla_dag to 2022-12-19T19:48:00+00:00, run_after=2022-12-19T19:50:00+00:00
[2022-12-19T19:50:30.890+0000] {processor.py:175} INFO - Processing /home/airflow/.local/lib/python3.7/site-packages/airflow/example_dags/example_sla_dag.py took 0.335 seconds
[2022-12-19T19:51:00.926+0000] {processor.py:153} INFO - Started process (PID=2070) to work on /home/airflow/.local/lib/python3.7/site-packages/airflow/example_dags/example_sla_dag.py
[2022-12-19T19:51:00.927+0000] {processor.py:743} INFO - Processing file /home/airflow/.local/lib/python3.7/site-packages/airflow/example_dags/example_sla_dag.py for tasks to queue
[2022-12-19T19:51:00.928+0000] {logging_mixin.py:137} INFO - [2022-12-19T19:51:00.928+0000] {dagbag.py:538} INFO - Filling up the DagBag from /home/airflow/.local/lib/python3.7/site-packages/airflow/example_dags/example_sla_dag.py
[2022-12-19T19:51:00.956+0000] {processor.py:753} INFO - DAG(s) dict_keys(['example_sla_dag']) retrieved from /home/airflow/.local/lib/python3.7/site-packages/airflow/example_dags/example_sla_dag.py
[2022-12-19T19:51:01.014+0000] {logging_mixin.py:137} INFO - [2022-12-19T19:51:01.014+0000] {dag.py:2676} INFO - Sync 1 DAGs
[2022-12-19T19:51:01.050+0000] {logging_mixin.py:137} INFO - [2022-12-19T19:51:01.049+0000] {dag.py:3427} INFO - Setting next_dagrun for example_sla_dag to 2022-12-19T19:48:00+00:00, run_after=2022-12-19T19:50:00+00:00
[2022-12-19T19:51:01.068+0000] {processor.py:175} INFO - Processing /home/airflow/.local/lib/python3.7/site-packages/airflow/example_dags/example_sla_dag.py took 0.145 seconds
[2022-12-19T19:51:31.398+0000] {processor.py:153} INFO - Started process (PID=2156) to work on /home/airflow/.local/lib/python3.7/site-packages/airflow/example_dags/example_sla_dag.py
[2022-12-19T19:51:31.399+0000] {processor.py:743} INFO - Processing file /home/airflow/.local/lib/python3.7/site-packages/airflow/example_dags/example_sla_dag.py for tasks to queue
[2022-12-19T19:51:31.400+0000] {logging_mixin.py:137} INFO - [2022-12-19T19:51:31.399+0000] {dagbag.py:538} INFO - Filling up the DagBag from /home/airflow/.local/lib/python3.7/site-packages/airflow/example_dags/example_sla_dag.py
[2022-12-19T19:51:31.427+0000] {processor.py:753} INFO - DAG(s) dict_keys(['example_sla_dag']) retrieved from /home/airflow/.local/lib/python3.7/site-packages/airflow/example_dags/example_sla_dag.py
[2022-12-19T19:51:31.501+0000] {logging_mixin.py:137} INFO - [2022-12-19T19:51:31.501+0000] {dag.py:2676} INFO - Sync 1 DAGs
[2022-12-19T19:51:31.540+0000] {logging_mixin.py:137} INFO - [2022-12-19T19:51:31.540+0000] {dag.py:3427} INFO - Setting next_dagrun for example_sla_dag to 2022-12-19T19:48:00+00:00, run_after=2022-12-19T19:50:00+00:00
[2022-12-19T19:51:31.560+0000] {processor.py:175} INFO - Processing /home/airflow/.local/lib/python3.7/site-packages/airflow/example_dags/example_sla_dag.py took 0.165 seconds
[2022-12-19T19:52:02.286+0000] {processor.py:153} INFO - Started process (PID=2242) to work on /home/airflow/.local/lib/python3.7/site-packages/airflow/example_dags/example_sla_dag.py
[2022-12-19T19:52:02.287+0000] {processor.py:743} INFO - Processing file /home/airflow/.local/lib/python3.7/site-packages/airflow/example_dags/example_sla_dag.py for tasks to queue
[2022-12-19T19:52:02.288+0000] {logging_mixin.py:137} INFO - [2022-12-19T19:52:02.287+0000] {dagbag.py:538} INFO - Filling up the DagBag from /home/airflow/.local/lib/python3.7/site-packages/airflow/example_dags/example_sla_dag.py
[2022-12-19T19:52:02.317+0000] {processor.py:753} INFO - DAG(s) dict_keys(['example_sla_dag']) retrieved from /home/airflow/.local/lib/python3.7/site-packages/airflow/example_dags/example_sla_dag.py
[2022-12-19T19:52:02.364+0000] {logging_mixin.py:137} INFO - [2022-12-19T19:52:02.364+0000] {dag.py:2676} INFO - Sync 1 DAGs
[2022-12-19T19:52:02.411+0000] {logging_mixin.py:137} INFO - [2022-12-19T19:52:02.411+0000] {dag.py:3427} INFO - Setting next_dagrun for example_sla_dag to 2022-12-19T19:50:00+00:00, run_after=2022-12-19T19:52:00+00:00
[2022-12-19T19:52:02.434+0000] {processor.py:175} INFO - Processing /home/airflow/.local/lib/python3.7/site-packages/airflow/example_dags/example_sla_dag.py took 0.151 seconds
[2022-12-19T19:52:32.568+0000] {processor.py:153} INFO - Started process (PID=2352) to work on /home/airflow/.local/lib/python3.7/site-packages/airflow/example_dags/example_sla_dag.py
[2022-12-19T19:52:32.568+0000] {processor.py:743} INFO - Processing file /home/airflow/.local/lib/python3.7/site-packages/airflow/example_dags/example_sla_dag.py for tasks to queue
[2022-12-19T19:52:32.569+0000] {logging_mixin.py:137} INFO - [2022-12-19T19:52:32.569+0000] {dagbag.py:538} INFO - Filling up the DagBag from /home/airflow/.local/lib/python3.7/site-packages/airflow/example_dags/example_sla_dag.py
[2022-12-19T19:52:32.595+0000] {processor.py:753} INFO - DAG(s) dict_keys(['example_sla_dag']) retrieved from /home/airflow/.local/lib/python3.7/site-packages/airflow/example_dags/example_sla_dag.py
[2022-12-19T19:52:32.681+0000] {logging_mixin.py:137} INFO - [2022-12-19T19:52:32.681+0000] {dag.py:2676} INFO - Sync 1 DAGs
[2022-12-19T19:52:32.719+0000] {logging_mixin.py:137} INFO - [2022-12-19T19:52:32.719+0000] {dag.py:3427} INFO - Setting next_dagrun for example_sla_dag to 2022-12-19T19:50:00+00:00, run_after=2022-12-19T19:52:00+00:00
[2022-12-19T19:52:32.784+0000] {processor.py:175} INFO - Processing /home/airflow/.local/lib/python3.7/site-packages/airflow/example_dags/example_sla_dag.py took 0.220 seconds
[2022-12-19T19:53:02.831+0000] {processor.py:153} INFO - Started process (PID=2438) to work on /home/airflow/.local/lib/python3.7/site-packages/airflow/example_dags/example_sla_dag.py
[2022-12-19T19:53:02.832+0000] {processor.py:743} INFO - Processing file /home/airflow/.local/lib/python3.7/site-packages/airflow/example_dags/example_sla_dag.py for tasks to queue
[2022-12-19T19:53:02.833+0000] {logging_mixin.py:137} INFO - [2022-12-19T19:53:02.832+0000] {dagbag.py:538} INFO - Filling up the DagBag from /home/airflow/.local/lib/python3.7/site-packages/airflow/example_dags/example_sla_dag.py
[2022-12-19T19:53:02.859+0000] {processor.py:753} INFO - DAG(s) dict_keys(['example_sla_dag']) retrieved from /home/airflow/.local/lib/python3.7/site-packages/airflow/example_dags/example_sla_dag.py
[2022-12-19T19:53:02.908+0000] {logging_mixin.py:137} INFO - [2022-12-19T19:53:02.908+0000] {dag.py:2676} INFO - Sync 1 DAGs
[2022-12-19T19:53:02.941+0000] {logging_mixin.py:137} INFO - [2022-12-19T19:53:02.941+0000] {dag.py:3427} INFO - Setting next_dagrun for example_sla_dag to 2022-12-19T19:50:00+00:00, run_after=2022-12-19T19:52:00+00:00
[2022-12-19T19:53:02.960+0000] {processor.py:175} INFO - Processing /home/airflow/.local/lib/python3.7/site-packages/airflow/example_dags/example_sla_dag.py took 0.132 seconds
[2022-12-19T19:53:33.170+0000] {processor.py:153} INFO - Started process (PID=2524) to work on /home/airflow/.local/lib/python3.7/site-packages/airflow/example_dags/example_sla_dag.py
[2022-12-19T19:53:33.179+0000] {processor.py:743} INFO - Processing file /home/airflow/.local/lib/python3.7/site-packages/airflow/example_dags/example_sla_dag.py for tasks to queue
[2022-12-19T19:53:33.180+0000] {logging_mixin.py:137} INFO - [2022-12-19T19:53:33.180+0000] {dagbag.py:538} INFO - Filling up the DagBag from /home/airflow/.local/lib/python3.7/site-packages/airflow/example_dags/example_sla_dag.py
[2022-12-19T19:53:33.283+0000] {processor.py:753} INFO - DAG(s) dict_keys(['example_sla_dag']) retrieved from /home/airflow/.local/lib/python3.7/site-packages/airflow/example_dags/example_sla_dag.py
[2022-12-19T19:53:33.327+0000] {logging_mixin.py:137} INFO - [2022-12-19T19:53:33.326+0000] {dag.py:2676} INFO - Sync 1 DAGs
[2022-12-19T19:53:33.357+0000] {logging_mixin.py:137} INFO - [2022-12-19T19:53:33.357+0000] {dag.py:3427} INFO - Setting next_dagrun for example_sla_dag to 2022-12-19T19:50:00+00:00, run_after=2022-12-19T19:52:00+00:00
[2022-12-19T19:53:33.387+0000] {processor.py:175} INFO - Processing /home/airflow/.local/lib/python3.7/site-packages/airflow/example_dags/example_sla_dag.py took 0.222 seconds
[2022-12-19T19:54:04.227+0000] {processor.py:153} INFO - Started process (PID=2634) to work on /home/airflow/.local/lib/python3.7/site-packages/airflow/example_dags/example_sla_dag.py
[2022-12-19T19:54:04.228+0000] {processor.py:743} INFO - Processing file /home/airflow/.local/lib/python3.7/site-packages/airflow/example_dags/example_sla_dag.py for tasks to queue
[2022-12-19T19:54:04.228+0000] {logging_mixin.py:137} INFO - [2022-12-19T19:54:04.228+0000] {dagbag.py:538} INFO - Filling up the DagBag from /home/airflow/.local/lib/python3.7/site-packages/airflow/example_dags/example_sla_dag.py
[2022-12-19T19:54:04.277+0000] {processor.py:753} INFO - DAG(s) dict_keys(['example_sla_dag']) retrieved from /home/airflow/.local/lib/python3.7/site-packages/airflow/example_dags/example_sla_dag.py
[2022-12-19T19:54:04.328+0000] {logging_mixin.py:137} INFO - [2022-12-19T19:54:04.328+0000] {dag.py:2676} INFO - Sync 1 DAGs
[2022-12-19T19:54:04.401+0000] {logging_mixin.py:137} INFO - [2022-12-19T19:54:04.400+0000] {dag.py:3427} INFO - Setting next_dagrun for example_sla_dag to 2022-12-19T19:52:00+00:00, run_after=2022-12-19T19:54:00+00:00
[2022-12-19T19:54:04.425+0000] {processor.py:175} INFO - Processing /home/airflow/.local/lib/python3.7/site-packages/airflow/example_dags/example_sla_dag.py took 0.202 seconds
[2022-12-19T19:54:34.700+0000] {processor.py:153} INFO - Started process (PID=2721) to work on /home/airflow/.local/lib/python3.7/site-packages/airflow/example_dags/example_sla_dag.py
[2022-12-19T19:54:34.700+0000] {processor.py:743} INFO - Processing file /home/airflow/.local/lib/python3.7/site-packages/airflow/example_dags/example_sla_dag.py for tasks to queue
[2022-12-19T19:54:34.701+0000] {logging_mixin.py:137} INFO - [2022-12-19T19:54:34.701+0000] {dagbag.py:538} INFO - Filling up the DagBag from /home/airflow/.local/lib/python3.7/site-packages/airflow/example_dags/example_sla_dag.py
[2022-12-19T19:54:34.724+0000] {processor.py:753} INFO - DAG(s) dict_keys(['example_sla_dag']) retrieved from /home/airflow/.local/lib/python3.7/site-packages/airflow/example_dags/example_sla_dag.py
[2022-12-19T19:54:34.795+0000] {logging_mixin.py:137} INFO - [2022-12-19T19:54:34.794+0000] {dag.py:2676} INFO - Sync 1 DAGs
[2022-12-19T19:54:34.826+0000] {logging_mixin.py:137} INFO - [2022-12-19T19:54:34.826+0000] {dag.py:3427} INFO - Setting next_dagrun for example_sla_dag to 2022-12-19T19:52:00+00:00, run_after=2022-12-19T19:54:00+00:00
[2022-12-19T19:54:34.896+0000] {processor.py:175} INFO - Processing /home/airflow/.local/lib/python3.7/site-packages/airflow/example_dags/example_sla_dag.py took 0.199 seconds
[2022-12-19T19:55:05.026+0000] {processor.py:153} INFO - Started process (PID=2807) to work on /home/airflow/.local/lib/python3.7/site-packages/airflow/example_dags/example_sla_dag.py
[2022-12-19T19:55:05.027+0000] {processor.py:743} INFO - Processing file /home/airflow/.local/lib/python3.7/site-packages/airflow/example_dags/example_sla_dag.py for tasks to queue
[2022-12-19T19:55:05.028+0000] {logging_mixin.py:137} INFO - [2022-12-19T19:55:05.028+0000] {dagbag.py:538} INFO - Filling up the DagBag from /home/airflow/.local/lib/python3.7/site-packages/airflow/example_dags/example_sla_dag.py
[2022-12-19T19:55:05.057+0000] {processor.py:753} INFO - DAG(s) dict_keys(['example_sla_dag']) retrieved from /home/airflow/.local/lib/python3.7/site-packages/airflow/example_dags/example_sla_dag.py
[2022-12-19T19:55:05.101+0000] {logging_mixin.py:137} INFO - [2022-12-19T19:55:05.101+0000] {dag.py:2676} INFO - Sync 1 DAGs
[2022-12-19T19:55:05.135+0000] {logging_mixin.py:137} INFO - [2022-12-19T19:55:05.135+0000] {dag.py:3427} INFO - Setting next_dagrun for example_sla_dag to 2022-12-19T19:52:00+00:00, run_after=2022-12-19T19:54:00+00:00
[2022-12-19T19:55:05.154+0000] {processor.py:175} INFO - Processing /home/airflow/.local/lib/python3.7/site-packages/airflow/example_dags/example_sla_dag.py took 0.131 seconds
[2022-12-19T19:55:35.888+0000] {processor.py:153} INFO - Started process (PID=2902) to work on /home/airflow/.local/lib/python3.7/site-packages/airflow/example_dags/example_sla_dag.py
[2022-12-19T19:55:35.889+0000] {processor.py:743} INFO - Processing file /home/airflow/.local/lib/python3.7/site-packages/airflow/example_dags/example_sla_dag.py for tasks to queue
[2022-12-19T19:55:35.889+0000] {logging_mixin.py:137} INFO - [2022-12-19T19:55:35.889+0000] {dagbag.py:538} INFO - Filling up the DagBag from /home/airflow/.local/lib/python3.7/site-packages/airflow/example_dags/example_sla_dag.py
[2022-12-19T19:55:35.915+0000] {processor.py:753} INFO - DAG(s) dict_keys(['example_sla_dag']) retrieved from /home/airflow/.local/lib/python3.7/site-packages/airflow/example_dags/example_sla_dag.py
[2022-12-19T19:55:35.961+0000] {logging_mixin.py:137} INFO - [2022-12-19T19:55:35.961+0000] {dag.py:2676} INFO - Sync 1 DAGs
[2022-12-19T19:55:35.996+0000] {logging_mixin.py:137} INFO - [2022-12-19T19:55:35.996+0000] {dag.py:3427} INFO - Setting next_dagrun for example_sla_dag to 2022-12-19T19:52:00+00:00, run_after=2022-12-19T19:54:00+00:00
[2022-12-19T19:55:36.017+0000] {processor.py:175} INFO - Processing /home/airflow/.local/lib/python3.7/site-packages/airflow/example_dags/example_sla_dag.py took 0.132 seconds
[2022-12-19T19:56:06.700+0000] {processor.py:153} INFO - Started process (PID=3003) to work on /home/airflow/.local/lib/python3.7/site-packages/airflow/example_dags/example_sla_dag.py
[2022-12-19T19:56:06.701+0000] {processor.py:743} INFO - Processing file /home/airflow/.local/lib/python3.7/site-packages/airflow/example_dags/example_sla_dag.py for tasks to queue
[2022-12-19T19:56:06.702+0000] {logging_mixin.py:137} INFO - [2022-12-19T19:56:06.701+0000] {dagbag.py:538} INFO - Filling up the DagBag from /home/airflow/.local/lib/python3.7/site-packages/airflow/example_dags/example_sla_dag.py
[2022-12-19T19:56:06.774+0000] {processor.py:753} INFO - DAG(s) dict_keys(['example_sla_dag']) retrieved from /home/airflow/.local/lib/python3.7/site-packages/airflow/example_dags/example_sla_dag.py
[2022-12-19T19:56:06.875+0000] {logging_mixin.py:137} INFO - [2022-12-19T19:56:06.874+0000] {dag.py:2676} INFO - Sync 1 DAGs
[2022-12-19T19:56:07.067+0000] {logging_mixin.py:137} INFO - [2022-12-19T19:56:06.986+0000] {dag.py:3427} INFO - Setting next_dagrun for example_sla_dag to 2022-12-19T19:54:00+00:00, run_after=2022-12-19T19:56:00+00:00
[2022-12-19T19:56:07.187+0000] {processor.py:175} INFO - Processing /home/airflow/.local/lib/python3.7/site-packages/airflow/example_dags/example_sla_dag.py took 0.490 seconds
[2022-12-19T19:56:38.104+0000] {processor.py:153} INFO - Started process (PID=3090) to work on /home/airflow/.local/lib/python3.7/site-packages/airflow/example_dags/example_sla_dag.py
[2022-12-19T19:56:38.104+0000] {processor.py:743} INFO - Processing file /home/airflow/.local/lib/python3.7/site-packages/airflow/example_dags/example_sla_dag.py for tasks to queue
[2022-12-19T19:56:38.105+0000] {logging_mixin.py:137} INFO - [2022-12-19T19:56:38.105+0000] {dagbag.py:538} INFO - Filling up the DagBag from /home/airflow/.local/lib/python3.7/site-packages/airflow/example_dags/example_sla_dag.py
[2022-12-19T19:56:38.128+0000] {processor.py:753} INFO - DAG(s) dict_keys(['example_sla_dag']) retrieved from /home/airflow/.local/lib/python3.7/site-packages/airflow/example_dags/example_sla_dag.py
[2022-12-19T19:56:38.166+0000] {logging_mixin.py:137} INFO - [2022-12-19T19:56:38.166+0000] {dag.py:2676} INFO - Sync 1 DAGs
[2022-12-19T19:56:38.200+0000] {logging_mixin.py:137} INFO - [2022-12-19T19:56:38.200+0000] {dag.py:3427} INFO - Setting next_dagrun for example_sla_dag to 2022-12-19T19:54:00+00:00, run_after=2022-12-19T19:56:00+00:00
[2022-12-19T19:56:38.223+0000] {processor.py:175} INFO - Processing /home/airflow/.local/lib/python3.7/site-packages/airflow/example_dags/example_sla_dag.py took 0.122 seconds
[2022-12-19T19:57:09.117+0000] {processor.py:153} INFO - Started process (PID=3200) to work on /home/airflow/.local/lib/python3.7/site-packages/airflow/example_dags/example_sla_dag.py
[2022-12-19T19:57:09.118+0000] {processor.py:743} INFO - Processing file /home/airflow/.local/lib/python3.7/site-packages/airflow/example_dags/example_sla_dag.py for tasks to queue
[2022-12-19T19:57:09.118+0000] {logging_mixin.py:137} INFO - [2022-12-19T19:57:09.118+0000] {dagbag.py:538} INFO - Filling up the DagBag from /home/airflow/.local/lib/python3.7/site-packages/airflow/example_dags/example_sla_dag.py
[2022-12-19T19:57:09.143+0000] {processor.py:753} INFO - DAG(s) dict_keys(['example_sla_dag']) retrieved from /home/airflow/.local/lib/python3.7/site-packages/airflow/example_dags/example_sla_dag.py
[2022-12-19T19:57:09.193+0000] {logging_mixin.py:137} INFO - [2022-12-19T19:57:09.193+0000] {dag.py:2676} INFO - Sync 1 DAGs
[2022-12-19T19:57:09.227+0000] {logging_mixin.py:137} INFO - [2022-12-19T19:57:09.227+0000] {dag.py:3427} INFO - Setting next_dagrun for example_sla_dag to 2022-12-19T19:54:00+00:00, run_after=2022-12-19T19:56:00+00:00
[2022-12-19T19:57:09.248+0000] {processor.py:175} INFO - Processing /home/airflow/.local/lib/python3.7/site-packages/airflow/example_dags/example_sla_dag.py took 0.134 seconds
[2022-12-19T19:57:39.369+0000] {processor.py:153} INFO - Started process (PID=3286) to work on /home/airflow/.local/lib/python3.7/site-packages/airflow/example_dags/example_sla_dag.py
[2022-12-19T19:57:39.369+0000] {processor.py:743} INFO - Processing file /home/airflow/.local/lib/python3.7/site-packages/airflow/example_dags/example_sla_dag.py for tasks to queue
[2022-12-19T19:57:39.370+0000] {logging_mixin.py:137} INFO - [2022-12-19T19:57:39.370+0000] {dagbag.py:538} INFO - Filling up the DagBag from /home/airflow/.local/lib/python3.7/site-packages/airflow/example_dags/example_sla_dag.py
[2022-12-19T19:57:39.398+0000] {processor.py:753} INFO - DAG(s) dict_keys(['example_sla_dag']) retrieved from /home/airflow/.local/lib/python3.7/site-packages/airflow/example_dags/example_sla_dag.py
[2022-12-19T19:57:39.438+0000] {logging_mixin.py:137} INFO - [2022-12-19T19:57:39.438+0000] {dag.py:2676} INFO - Sync 1 DAGs
[2022-12-19T19:57:39.471+0000] {logging_mixin.py:137} INFO - [2022-12-19T19:57:39.471+0000] {dag.py:3427} INFO - Setting next_dagrun for example_sla_dag to 2022-12-19T19:54:00+00:00, run_after=2022-12-19T19:56:00+00:00
[2022-12-19T19:57:39.493+0000] {processor.py:175} INFO - Processing /home/airflow/.local/lib/python3.7/site-packages/airflow/example_dags/example_sla_dag.py took 0.128 seconds
[2022-12-19T19:58:09.779+0000] {processor.py:153} INFO - Started process (PID=3372) to work on /home/airflow/.local/lib/python3.7/site-packages/airflow/example_dags/example_sla_dag.py
[2022-12-19T19:58:09.780+0000] {processor.py:743} INFO - Processing file /home/airflow/.local/lib/python3.7/site-packages/airflow/example_dags/example_sla_dag.py for tasks to queue
[2022-12-19T19:58:09.781+0000] {logging_mixin.py:137} INFO - [2022-12-19T19:58:09.781+0000] {dagbag.py:538} INFO - Filling up the DagBag from /home/airflow/.local/lib/python3.7/site-packages/airflow/example_dags/example_sla_dag.py
[2022-12-19T19:58:09.809+0000] {processor.py:753} INFO - DAG(s) dict_keys(['example_sla_dag']) retrieved from /home/airflow/.local/lib/python3.7/site-packages/airflow/example_dags/example_sla_dag.py
[2022-12-19T19:58:09.859+0000] {logging_mixin.py:137} INFO - [2022-12-19T19:58:09.858+0000] {dag.py:2676} INFO - Sync 1 DAGs
[2022-12-19T19:58:09.893+0000] {logging_mixin.py:137} INFO - [2022-12-19T19:58:09.893+0000] {dag.py:3427} INFO - Setting next_dagrun for example_sla_dag to 2022-12-19T19:56:00+00:00, run_after=2022-12-19T19:58:00+00:00
[2022-12-19T19:58:09.916+0000] {processor.py:175} INFO - Processing /home/airflow/.local/lib/python3.7/site-packages/airflow/example_dags/example_sla_dag.py took 0.141 seconds
[2022-12-19T19:58:40.431+0000] {processor.py:153} INFO - Started process (PID=3482) to work on /home/airflow/.local/lib/python3.7/site-packages/airflow/example_dags/example_sla_dag.py
[2022-12-19T19:58:40.432+0000] {processor.py:743} INFO - Processing file /home/airflow/.local/lib/python3.7/site-packages/airflow/example_dags/example_sla_dag.py for tasks to queue
[2022-12-19T19:58:40.433+0000] {logging_mixin.py:137} INFO - [2022-12-19T19:58:40.433+0000] {dagbag.py:538} INFO - Filling up the DagBag from /home/airflow/.local/lib/python3.7/site-packages/airflow/example_dags/example_sla_dag.py
[2022-12-19T19:58:40.459+0000] {processor.py:753} INFO - DAG(s) dict_keys(['example_sla_dag']) retrieved from /home/airflow/.local/lib/python3.7/site-packages/airflow/example_dags/example_sla_dag.py
[2022-12-19T19:58:40.515+0000] {logging_mixin.py:137} INFO - [2022-12-19T19:58:40.515+0000] {dag.py:2676} INFO - Sync 1 DAGs
[2022-12-19T19:58:40.550+0000] {logging_mixin.py:137} INFO - [2022-12-19T19:58:40.550+0000] {dag.py:3427} INFO - Setting next_dagrun for example_sla_dag to 2022-12-19T19:56:00+00:00, run_after=2022-12-19T19:58:00+00:00
[2022-12-19T19:58:40.573+0000] {processor.py:175} INFO - Processing /home/airflow/.local/lib/python3.7/site-packages/airflow/example_dags/example_sla_dag.py took 0.146 seconds
[2022-12-19T19:59:10.669+0000] {processor.py:153} INFO - Started process (PID=3568) to work on /home/airflow/.local/lib/python3.7/site-packages/airflow/example_dags/example_sla_dag.py
[2022-12-19T19:59:10.670+0000] {processor.py:743} INFO - Processing file /home/airflow/.local/lib/python3.7/site-packages/airflow/example_dags/example_sla_dag.py for tasks to queue
[2022-12-19T19:59:10.671+0000] {logging_mixin.py:137} INFO - [2022-12-19T19:59:10.671+0000] {dagbag.py:538} INFO - Filling up the DagBag from /home/airflow/.local/lib/python3.7/site-packages/airflow/example_dags/example_sla_dag.py
[2022-12-19T19:59:10.697+0000] {processor.py:753} INFO - DAG(s) dict_keys(['example_sla_dag']) retrieved from /home/airflow/.local/lib/python3.7/site-packages/airflow/example_dags/example_sla_dag.py
[2022-12-19T19:59:10.739+0000] {logging_mixin.py:137} INFO - [2022-12-19T19:59:10.739+0000] {dag.py:2676} INFO - Sync 1 DAGs
[2022-12-19T19:59:10.772+0000] {logging_mixin.py:137} INFO - [2022-12-19T19:59:10.772+0000] {dag.py:3427} INFO - Setting next_dagrun for example_sla_dag to 2022-12-19T19:56:00+00:00, run_after=2022-12-19T19:58:00+00:00
[2022-12-19T19:59:10.792+0000] {processor.py:175} INFO - Processing /home/airflow/.local/lib/python3.7/site-packages/airflow/example_dags/example_sla_dag.py took 0.126 seconds
[2022-12-19T19:59:41.548+0000] {processor.py:153} INFO - Started process (PID=3654) to work on /home/airflow/.local/lib/python3.7/site-packages/airflow/example_dags/example_sla_dag.py
[2022-12-19T19:59:41.549+0000] {processor.py:743} INFO - Processing file /home/airflow/.local/lib/python3.7/site-packages/airflow/example_dags/example_sla_dag.py for tasks to queue
[2022-12-19T19:59:41.568+0000] {logging_mixin.py:137} INFO - [2022-12-19T19:59:41.568+0000] {dagbag.py:538} INFO - Filling up the DagBag from /home/airflow/.local/lib/python3.7/site-packages/airflow/example_dags/example_sla_dag.py
[2022-12-19T19:59:41.614+0000] {processor.py:753} INFO - DAG(s) dict_keys(['example_sla_dag']) retrieved from /home/airflow/.local/lib/python3.7/site-packages/airflow/example_dags/example_sla_dag.py
[2022-12-19T19:59:41.713+0000] {logging_mixin.py:137} INFO - [2022-12-19T19:59:41.713+0000] {dag.py:2676} INFO - Sync 1 DAGs
[2022-12-19T19:59:41.796+0000] {logging_mixin.py:137} INFO - [2022-12-19T19:59:41.796+0000] {dag.py:3427} INFO - Setting next_dagrun for example_sla_dag to 2022-12-19T19:56:00+00:00, run_after=2022-12-19T19:58:00+00:00
[2022-12-19T19:59:41.815+0000] {processor.py:175} INFO - Processing /home/airflow/.local/lib/python3.7/site-packages/airflow/example_dags/example_sla_dag.py took 0.271 seconds
[2022-12-19T20:00:12.237+0000] {processor.py:153} INFO - Started process (PID=3765) to work on /home/airflow/.local/lib/python3.7/site-packages/airflow/example_dags/example_sla_dag.py
[2022-12-19T20:00:12.239+0000] {processor.py:743} INFO - Processing file /home/airflow/.local/lib/python3.7/site-packages/airflow/example_dags/example_sla_dag.py for tasks to queue
[2022-12-19T20:00:12.240+0000] {logging_mixin.py:137} INFO - [2022-12-19T20:00:12.240+0000] {dagbag.py:538} INFO - Filling up the DagBag from /home/airflow/.local/lib/python3.7/site-packages/airflow/example_dags/example_sla_dag.py
[2022-12-19T20:00:12.269+0000] {processor.py:753} INFO - DAG(s) dict_keys(['example_sla_dag']) retrieved from /home/airflow/.local/lib/python3.7/site-packages/airflow/example_dags/example_sla_dag.py
[2022-12-19T20:00:12.311+0000] {logging_mixin.py:137} INFO - [2022-12-19T20:00:12.311+0000] {dag.py:2676} INFO - Sync 1 DAGs
[2022-12-19T20:00:12.389+0000] {logging_mixin.py:137} INFO - [2022-12-19T20:00:12.388+0000] {dag.py:3427} INFO - Setting next_dagrun for example_sla_dag to 2022-12-19T19:58:00+00:00, run_after=2022-12-19T20:00:00+00:00
[2022-12-19T20:00:12.416+0000] {processor.py:175} INFO - Processing /home/airflow/.local/lib/python3.7/site-packages/airflow/example_dags/example_sla_dag.py took 0.183 seconds
[2022-12-19T20:00:42.802+0000] {processor.py:153} INFO - Started process (PID=3851) to work on /home/airflow/.local/lib/python3.7/site-packages/airflow/example_dags/example_sla_dag.py
[2022-12-19T20:00:42.803+0000] {processor.py:743} INFO - Processing file /home/airflow/.local/lib/python3.7/site-packages/airflow/example_dags/example_sla_dag.py for tasks to queue
[2022-12-19T20:00:42.804+0000] {logging_mixin.py:137} INFO - [2022-12-19T20:00:42.803+0000] {dagbag.py:538} INFO - Filling up the DagBag from /home/airflow/.local/lib/python3.7/site-packages/airflow/example_dags/example_sla_dag.py
[2022-12-19T20:00:42.830+0000] {processor.py:753} INFO - DAG(s) dict_keys(['example_sla_dag']) retrieved from /home/airflow/.local/lib/python3.7/site-packages/airflow/example_dags/example_sla_dag.py
[2022-12-19T20:00:42.871+0000] {logging_mixin.py:137} INFO - [2022-12-19T20:00:42.871+0000] {dag.py:2676} INFO - Sync 1 DAGs
[2022-12-19T20:00:42.904+0000] {logging_mixin.py:137} INFO - [2022-12-19T20:00:42.904+0000] {dag.py:3427} INFO - Setting next_dagrun for example_sla_dag to 2022-12-19T19:58:00+00:00, run_after=2022-12-19T20:00:00+00:00
[2022-12-19T20:00:42.923+0000] {processor.py:175} INFO - Processing /home/airflow/.local/lib/python3.7/site-packages/airflow/example_dags/example_sla_dag.py took 0.125 seconds
[2022-12-19T20:01:12.970+0000] {processor.py:153} INFO - Started process (PID=3937) to work on /home/airflow/.local/lib/python3.7/site-packages/airflow/example_dags/example_sla_dag.py
[2022-12-19T20:01:12.971+0000] {processor.py:743} INFO - Processing file /home/airflow/.local/lib/python3.7/site-packages/airflow/example_dags/example_sla_dag.py for tasks to queue
[2022-12-19T20:01:12.972+0000] {logging_mixin.py:137} INFO - [2022-12-19T20:01:12.972+0000] {dagbag.py:538} INFO - Filling up the DagBag from /home/airflow/.local/lib/python3.7/site-packages/airflow/example_dags/example_sla_dag.py
[2022-12-19T20:01:12.997+0000] {processor.py:753} INFO - DAG(s) dict_keys(['example_sla_dag']) retrieved from /home/airflow/.local/lib/python3.7/site-packages/airflow/example_dags/example_sla_dag.py
[2022-12-19T20:01:13.038+0000] {logging_mixin.py:137} INFO - [2022-12-19T20:01:13.038+0000] {dag.py:2676} INFO - Sync 1 DAGs
[2022-12-19T20:01:13.069+0000] {logging_mixin.py:137} INFO - [2022-12-19T20:01:13.069+0000] {dag.py:3427} INFO - Setting next_dagrun for example_sla_dag to 2022-12-19T19:58:00+00:00, run_after=2022-12-19T20:00:00+00:00
[2022-12-19T20:01:13.088+0000] {processor.py:175} INFO - Processing /home/airflow/.local/lib/python3.7/site-packages/airflow/example_dags/example_sla_dag.py took 0.121 seconds
[2022-12-19T20:01:43.141+0000] {processor.py:153} INFO - Started process (PID=4048) to work on /home/airflow/.local/lib/python3.7/site-packages/airflow/example_dags/example_sla_dag.py
[2022-12-19T20:01:43.142+0000] {processor.py:743} INFO - Processing file /home/airflow/.local/lib/python3.7/site-packages/airflow/example_dags/example_sla_dag.py for tasks to queue
[2022-12-19T20:01:43.142+0000] {logging_mixin.py:137} INFO - [2022-12-19T20:01:43.142+0000] {dagbag.py:538} INFO - Filling up the DagBag from /home/airflow/.local/lib/python3.7/site-packages/airflow/example_dags/example_sla_dag.py
[2022-12-19T20:01:43.168+0000] {processor.py:753} INFO - DAG(s) dict_keys(['example_sla_dag']) retrieved from /home/airflow/.local/lib/python3.7/site-packages/airflow/example_dags/example_sla_dag.py
[2022-12-19T20:01:43.211+0000] {logging_mixin.py:137} INFO - [2022-12-19T20:01:43.211+0000] {dag.py:2676} INFO - Sync 1 DAGs
[2022-12-19T20:01:43.246+0000] {logging_mixin.py:137} INFO - [2022-12-19T20:01:43.246+0000] {dag.py:3427} INFO - Setting next_dagrun for example_sla_dag to 2022-12-19T19:58:00+00:00, run_after=2022-12-19T20:00:00+00:00
[2022-12-19T20:01:43.266+0000] {processor.py:175} INFO - Processing /home/airflow/.local/lib/python3.7/site-packages/airflow/example_dags/example_sla_dag.py took 0.128 seconds
[2022-12-19T20:02:13.701+0000] {processor.py:153} INFO - Started process (PID=4134) to work on /home/airflow/.local/lib/python3.7/site-packages/airflow/example_dags/example_sla_dag.py
[2022-12-19T20:02:13.704+0000] {processor.py:743} INFO - Processing file /home/airflow/.local/lib/python3.7/site-packages/airflow/example_dags/example_sla_dag.py for tasks to queue
[2022-12-19T20:02:13.705+0000] {logging_mixin.py:137} INFO - [2022-12-19T20:02:13.704+0000] {dagbag.py:538} INFO - Filling up the DagBag from /home/airflow/.local/lib/python3.7/site-packages/airflow/example_dags/example_sla_dag.py
[2022-12-19T20:02:13.731+0000] {processor.py:753} INFO - DAG(s) dict_keys(['example_sla_dag']) retrieved from /home/airflow/.local/lib/python3.7/site-packages/airflow/example_dags/example_sla_dag.py
[2022-12-19T20:02:13.777+0000] {logging_mixin.py:137} INFO - [2022-12-19T20:02:13.777+0000] {dag.py:2676} INFO - Sync 1 DAGs
[2022-12-19T20:02:13.814+0000] {logging_mixin.py:137} INFO - [2022-12-19T20:02:13.813+0000] {dag.py:3427} INFO - Setting next_dagrun for example_sla_dag to 2022-12-19T20:00:00+00:00, run_after=2022-12-19T20:02:00+00:00
[2022-12-19T20:02:13.839+0000] {processor.py:175} INFO - Processing /home/airflow/.local/lib/python3.7/site-packages/airflow/example_dags/example_sla_dag.py took 0.141 seconds
[2022-12-19T20:02:44.075+0000] {processor.py:153} INFO - Started process (PID=4220) to work on /home/airflow/.local/lib/python3.7/site-packages/airflow/example_dags/example_sla_dag.py
[2022-12-19T20:02:44.076+0000] {processor.py:743} INFO - Processing file /home/airflow/.local/lib/python3.7/site-packages/airflow/example_dags/example_sla_dag.py for tasks to queue
[2022-12-19T20:02:44.077+0000] {logging_mixin.py:137} INFO - [2022-12-19T20:02:44.077+0000] {dagbag.py:538} INFO - Filling up the DagBag from /home/airflow/.local/lib/python3.7/site-packages/airflow/example_dags/example_sla_dag.py
[2022-12-19T20:02:44.109+0000] {processor.py:753} INFO - DAG(s) dict_keys(['example_sla_dag']) retrieved from /home/airflow/.local/lib/python3.7/site-packages/airflow/example_dags/example_sla_dag.py
[2022-12-19T20:02:44.161+0000] {logging_mixin.py:137} INFO - [2022-12-19T20:02:44.161+0000] {dag.py:2676} INFO - Sync 1 DAGs
[2022-12-19T20:02:44.211+0000] {logging_mixin.py:137} INFO - [2022-12-19T20:02:44.211+0000] {dag.py:3427} INFO - Setting next_dagrun for example_sla_dag to 2022-12-19T20:00:00+00:00, run_after=2022-12-19T20:02:00+00:00
[2022-12-19T20:02:44.239+0000] {processor.py:175} INFO - Processing /home/airflow/.local/lib/python3.7/site-packages/airflow/example_dags/example_sla_dag.py took 0.168 seconds
[2022-12-19T20:03:14.797+0000] {processor.py:153} INFO - Started process (PID=4331) to work on /home/airflow/.local/lib/python3.7/site-packages/airflow/example_dags/example_sla_dag.py
[2022-12-19T20:03:14.798+0000] {processor.py:743} INFO - Processing file /home/airflow/.local/lib/python3.7/site-packages/airflow/example_dags/example_sla_dag.py for tasks to queue
[2022-12-19T20:03:14.799+0000] {logging_mixin.py:137} INFO - [2022-12-19T20:03:14.799+0000] {dagbag.py:538} INFO - Filling up the DagBag from /home/airflow/.local/lib/python3.7/site-packages/airflow/example_dags/example_sla_dag.py
[2022-12-19T20:03:14.822+0000] {processor.py:753} INFO - DAG(s) dict_keys(['example_sla_dag']) retrieved from /home/airflow/.local/lib/python3.7/site-packages/airflow/example_dags/example_sla_dag.py
[2022-12-19T20:03:14.863+0000] {logging_mixin.py:137} INFO - [2022-12-19T20:03:14.863+0000] {dag.py:2676} INFO - Sync 1 DAGs
[2022-12-19T20:03:14.894+0000] {logging_mixin.py:137} INFO - [2022-12-19T20:03:14.894+0000] {dag.py:3427} INFO - Setting next_dagrun for example_sla_dag to 2022-12-19T20:00:00+00:00, run_after=2022-12-19T20:02:00+00:00
[2022-12-19T20:03:14.913+0000] {processor.py:175} INFO - Processing /home/airflow/.local/lib/python3.7/site-packages/airflow/example_dags/example_sla_dag.py took 0.119 seconds
[2022-12-19T20:03:45.466+0000] {processor.py:153} INFO - Started process (PID=4417) to work on /home/airflow/.local/lib/python3.7/site-packages/airflow/example_dags/example_sla_dag.py
[2022-12-19T20:03:45.467+0000] {processor.py:743} INFO - Processing file /home/airflow/.local/lib/python3.7/site-packages/airflow/example_dags/example_sla_dag.py for tasks to queue
[2022-12-19T20:03:45.468+0000] {logging_mixin.py:137} INFO - [2022-12-19T20:03:45.468+0000] {dagbag.py:538} INFO - Filling up the DagBag from /home/airflow/.local/lib/python3.7/site-packages/airflow/example_dags/example_sla_dag.py
[2022-12-19T20:03:45.520+0000] {processor.py:753} INFO - DAG(s) dict_keys(['example_sla_dag']) retrieved from /home/airflow/.local/lib/python3.7/site-packages/airflow/example_dags/example_sla_dag.py
[2022-12-19T20:03:45.578+0000] {logging_mixin.py:137} INFO - [2022-12-19T20:03:45.578+0000] {dag.py:2676} INFO - Sync 1 DAGs
[2022-12-19T20:03:45.631+0000] {logging_mixin.py:137} INFO - [2022-12-19T20:03:45.631+0000] {dag.py:3427} INFO - Setting next_dagrun for example_sla_dag to 2022-12-19T20:00:00+00:00, run_after=2022-12-19T20:02:00+00:00
[2022-12-19T20:03:45.659+0000] {processor.py:175} INFO - Processing /home/airflow/.local/lib/python3.7/site-packages/airflow/example_dags/example_sla_dag.py took 0.197 seconds
[2022-12-19T20:04:16.005+0000] {processor.py:153} INFO - Started process (PID=4513) to work on /home/airflow/.local/lib/python3.7/site-packages/airflow/example_dags/example_sla_dag.py
[2022-12-19T20:04:16.006+0000] {processor.py:743} INFO - Processing file /home/airflow/.local/lib/python3.7/site-packages/airflow/example_dags/example_sla_dag.py for tasks to queue
[2022-12-19T20:04:16.007+0000] {logging_mixin.py:137} INFO - [2022-12-19T20:04:16.007+0000] {dagbag.py:538} INFO - Filling up the DagBag from /home/airflow/.local/lib/python3.7/site-packages/airflow/example_dags/example_sla_dag.py
[2022-12-19T20:04:16.032+0000] {processor.py:753} INFO - DAG(s) dict_keys(['example_sla_dag']) retrieved from /home/airflow/.local/lib/python3.7/site-packages/airflow/example_dags/example_sla_dag.py
[2022-12-19T20:04:16.076+0000] {logging_mixin.py:137} INFO - [2022-12-19T20:04:16.075+0000] {dag.py:2676} INFO - Sync 1 DAGs
[2022-12-19T20:04:16.107+0000] {logging_mixin.py:137} INFO - [2022-12-19T20:04:16.107+0000] {dag.py:3427} INFO - Setting next_dagrun for example_sla_dag to 2022-12-19T20:02:00+00:00, run_after=2022-12-19T20:04:00+00:00
[2022-12-19T20:04:16.131+0000] {processor.py:175} INFO - Processing /home/airflow/.local/lib/python3.7/site-packages/airflow/example_dags/example_sla_dag.py took 0.129 seconds
[2022-12-19T20:04:46.494+0000] {processor.py:153} INFO - Started process (PID=4614) to work on /home/airflow/.local/lib/python3.7/site-packages/airflow/example_dags/example_sla_dag.py
[2022-12-19T20:04:46.496+0000] {processor.py:743} INFO - Processing file /home/airflow/.local/lib/python3.7/site-packages/airflow/example_dags/example_sla_dag.py for tasks to queue
[2022-12-19T20:04:46.497+0000] {logging_mixin.py:137} INFO - [2022-12-19T20:04:46.497+0000] {dagbag.py:538} INFO - Filling up the DagBag from /home/airflow/.local/lib/python3.7/site-packages/airflow/example_dags/example_sla_dag.py
[2022-12-19T20:04:46.534+0000] {processor.py:753} INFO - DAG(s) dict_keys(['example_sla_dag']) retrieved from /home/airflow/.local/lib/python3.7/site-packages/airflow/example_dags/example_sla_dag.py
[2022-12-19T20:04:46.679+0000] {logging_mixin.py:137} INFO - [2022-12-19T20:04:46.678+0000] {dag.py:2676} INFO - Sync 1 DAGs
[2022-12-19T20:04:46.727+0000] {logging_mixin.py:137} INFO - [2022-12-19T20:04:46.727+0000] {dag.py:3427} INFO - Setting next_dagrun for example_sla_dag to 2022-12-19T20:02:00+00:00, run_after=2022-12-19T20:04:00+00:00
[2022-12-19T20:04:46.750+0000] {processor.py:175} INFO - Processing /home/airflow/.local/lib/python3.7/site-packages/airflow/example_dags/example_sla_dag.py took 0.259 seconds
[2022-12-19T20:05:17.008+0000] {processor.py:153} INFO - Started process (PID=4700) to work on /home/airflow/.local/lib/python3.7/site-packages/airflow/example_dags/example_sla_dag.py
[2022-12-19T20:05:17.009+0000] {processor.py:743} INFO - Processing file /home/airflow/.local/lib/python3.7/site-packages/airflow/example_dags/example_sla_dag.py for tasks to queue
[2022-12-19T20:05:17.010+0000] {logging_mixin.py:137} INFO - [2022-12-19T20:05:17.010+0000] {dagbag.py:538} INFO - Filling up the DagBag from /home/airflow/.local/lib/python3.7/site-packages/airflow/example_dags/example_sla_dag.py
[2022-12-19T20:05:17.037+0000] {processor.py:753} INFO - DAG(s) dict_keys(['example_sla_dag']) retrieved from /home/airflow/.local/lib/python3.7/site-packages/airflow/example_dags/example_sla_dag.py
[2022-12-19T20:05:17.083+0000] {logging_mixin.py:137} INFO - [2022-12-19T20:05:17.083+0000] {dag.py:2676} INFO - Sync 1 DAGs
[2022-12-19T20:05:17.115+0000] {logging_mixin.py:137} INFO - [2022-12-19T20:05:17.115+0000] {dag.py:3427} INFO - Setting next_dagrun for example_sla_dag to 2022-12-19T20:02:00+00:00, run_after=2022-12-19T20:04:00+00:00
[2022-12-19T20:05:17.136+0000] {processor.py:175} INFO - Processing /home/airflow/.local/lib/python3.7/site-packages/airflow/example_dags/example_sla_dag.py took 0.131 seconds
[2022-12-19T20:05:47.384+0000] {processor.py:153} INFO - Started process (PID=4810) to work on /home/airflow/.local/lib/python3.7/site-packages/airflow/example_dags/example_sla_dag.py
[2022-12-19T20:05:47.385+0000] {processor.py:743} INFO - Processing file /home/airflow/.local/lib/python3.7/site-packages/airflow/example_dags/example_sla_dag.py for tasks to queue
[2022-12-19T20:05:47.386+0000] {logging_mixin.py:137} INFO - [2022-12-19T20:05:47.386+0000] {dagbag.py:538} INFO - Filling up the DagBag from /home/airflow/.local/lib/python3.7/site-packages/airflow/example_dags/example_sla_dag.py
[2022-12-19T20:05:47.414+0000] {processor.py:753} INFO - DAG(s) dict_keys(['example_sla_dag']) retrieved from /home/airflow/.local/lib/python3.7/site-packages/airflow/example_dags/example_sla_dag.py
[2022-12-19T20:05:47.456+0000] {logging_mixin.py:137} INFO - [2022-12-19T20:05:47.455+0000] {dag.py:2676} INFO - Sync 1 DAGs
[2022-12-19T20:05:47.490+0000] {logging_mixin.py:137} INFO - [2022-12-19T20:05:47.490+0000] {dag.py:3427} INFO - Setting next_dagrun for example_sla_dag to 2022-12-19T20:02:00+00:00, run_after=2022-12-19T20:04:00+00:00
[2022-12-19T20:05:47.511+0000] {processor.py:175} INFO - Processing /home/airflow/.local/lib/python3.7/site-packages/airflow/example_dags/example_sla_dag.py took 0.131 seconds
[2022-12-19T20:06:17.870+0000] {processor.py:153} INFO - Started process (PID=4896) to work on /home/airflow/.local/lib/python3.7/site-packages/airflow/example_dags/example_sla_dag.py
[2022-12-19T20:06:17.871+0000] {processor.py:743} INFO - Processing file /home/airflow/.local/lib/python3.7/site-packages/airflow/example_dags/example_sla_dag.py for tasks to queue
[2022-12-19T20:06:17.872+0000] {logging_mixin.py:137} INFO - [2022-12-19T20:06:17.872+0000] {dagbag.py:538} INFO - Filling up the DagBag from /home/airflow/.local/lib/python3.7/site-packages/airflow/example_dags/example_sla_dag.py
[2022-12-19T20:06:17.903+0000] {processor.py:753} INFO - DAG(s) dict_keys(['example_sla_dag']) retrieved from /home/airflow/.local/lib/python3.7/site-packages/airflow/example_dags/example_sla_dag.py
[2022-12-19T20:06:17.952+0000] {logging_mixin.py:137} INFO - [2022-12-19T20:06:17.952+0000] {dag.py:2676} INFO - Sync 1 DAGs
[2022-12-19T20:06:17.991+0000] {logging_mixin.py:137} INFO - [2022-12-19T20:06:17.991+0000] {dag.py:3427} INFO - Setting next_dagrun for example_sla_dag to 2022-12-19T20:04:00+00:00, run_after=2022-12-19T20:06:00+00:00
[2022-12-19T20:06:18.014+0000] {processor.py:175} INFO - Processing /home/airflow/.local/lib/python3.7/site-packages/airflow/example_dags/example_sla_dag.py took 0.148 seconds
[2022-12-19T20:06:48.438+0000] {processor.py:153} INFO - Started process (PID=4982) to work on /home/airflow/.local/lib/python3.7/site-packages/airflow/example_dags/example_sla_dag.py
[2022-12-19T20:06:48.438+0000] {processor.py:743} INFO - Processing file /home/airflow/.local/lib/python3.7/site-packages/airflow/example_dags/example_sla_dag.py for tasks to queue
[2022-12-19T20:06:48.439+0000] {logging_mixin.py:137} INFO - [2022-12-19T20:06:48.439+0000] {dagbag.py:538} INFO - Filling up the DagBag from /home/airflow/.local/lib/python3.7/site-packages/airflow/example_dags/example_sla_dag.py
[2022-12-19T20:06:48.464+0000] {processor.py:753} INFO - DAG(s) dict_keys(['example_sla_dag']) retrieved from /home/airflow/.local/lib/python3.7/site-packages/airflow/example_dags/example_sla_dag.py
[2022-12-19T20:06:48.504+0000] {logging_mixin.py:137} INFO - [2022-12-19T20:06:48.504+0000] {dag.py:2676} INFO - Sync 1 DAGs
[2022-12-19T20:06:48.548+0000] {logging_mixin.py:137} INFO - [2022-12-19T20:06:48.548+0000] {dag.py:3427} INFO - Setting next_dagrun for example_sla_dag to 2022-12-19T20:04:00+00:00, run_after=2022-12-19T20:06:00+00:00
[2022-12-19T20:06:48.572+0000] {processor.py:175} INFO - Processing /home/airflow/.local/lib/python3.7/site-packages/airflow/example_dags/example_sla_dag.py took 0.137 seconds
[2022-12-19T20:07:19.125+0000] {processor.py:153} INFO - Started process (PID=5093) to work on /home/airflow/.local/lib/python3.7/site-packages/airflow/example_dags/example_sla_dag.py
[2022-12-19T20:07:19.126+0000] {processor.py:743} INFO - Processing file /home/airflow/.local/lib/python3.7/site-packages/airflow/example_dags/example_sla_dag.py for tasks to queue
[2022-12-19T20:07:19.126+0000] {logging_mixin.py:137} INFO - [2022-12-19T20:07:19.126+0000] {dagbag.py:538} INFO - Filling up the DagBag from /home/airflow/.local/lib/python3.7/site-packages/airflow/example_dags/example_sla_dag.py
[2022-12-19T20:07:19.152+0000] {processor.py:753} INFO - DAG(s) dict_keys(['example_sla_dag']) retrieved from /home/airflow/.local/lib/python3.7/site-packages/airflow/example_dags/example_sla_dag.py
[2022-12-19T20:07:19.195+0000] {logging_mixin.py:137} INFO - [2022-12-19T20:07:19.195+0000] {dag.py:2676} INFO - Sync 1 DAGs
[2022-12-19T20:07:19.227+0000] {logging_mixin.py:137} INFO - [2022-12-19T20:07:19.227+0000] {dag.py:3427} INFO - Setting next_dagrun for example_sla_dag to 2022-12-19T20:04:00+00:00, run_after=2022-12-19T20:06:00+00:00
[2022-12-19T20:07:19.247+0000] {processor.py:175} INFO - Processing /home/airflow/.local/lib/python3.7/site-packages/airflow/example_dags/example_sla_dag.py took 0.125 seconds
[2022-12-19T20:07:50.103+0000] {processor.py:153} INFO - Started process (PID=5179) to work on /home/airflow/.local/lib/python3.7/site-packages/airflow/example_dags/example_sla_dag.py
[2022-12-19T20:07:50.104+0000] {processor.py:743} INFO - Processing file /home/airflow/.local/lib/python3.7/site-packages/airflow/example_dags/example_sla_dag.py for tasks to queue
[2022-12-19T20:07:50.104+0000] {logging_mixin.py:137} INFO - [2022-12-19T20:07:50.104+0000] {dagbag.py:538} INFO - Filling up the DagBag from /home/airflow/.local/lib/python3.7/site-packages/airflow/example_dags/example_sla_dag.py
[2022-12-19T20:07:50.127+0000] {processor.py:753} INFO - DAG(s) dict_keys(['example_sla_dag']) retrieved from /home/airflow/.local/lib/python3.7/site-packages/airflow/example_dags/example_sla_dag.py
[2022-12-19T20:07:50.166+0000] {logging_mixin.py:137} INFO - [2022-12-19T20:07:50.166+0000] {dag.py:2676} INFO - Sync 1 DAGs
[2022-12-19T20:07:50.196+0000] {logging_mixin.py:137} INFO - [2022-12-19T20:07:50.195+0000] {dag.py:3427} INFO - Setting next_dagrun for example_sla_dag to 2022-12-19T20:04:00+00:00, run_after=2022-12-19T20:06:00+00:00
[2022-12-19T20:07:50.214+0000] {processor.py:175} INFO - Processing /home/airflow/.local/lib/python3.7/site-packages/airflow/example_dags/example_sla_dag.py took 0.114 seconds
[2022-12-19T20:08:20.649+0000] {processor.py:153} INFO - Started process (PID=5265) to work on /home/airflow/.local/lib/python3.7/site-packages/airflow/example_dags/example_sla_dag.py
[2022-12-19T20:08:20.650+0000] {processor.py:743} INFO - Processing file /home/airflow/.local/lib/python3.7/site-packages/airflow/example_dags/example_sla_dag.py for tasks to queue
[2022-12-19T20:08:20.651+0000] {logging_mixin.py:137} INFO - [2022-12-19T20:08:20.651+0000] {dagbag.py:538} INFO - Filling up the DagBag from /home/airflow/.local/lib/python3.7/site-packages/airflow/example_dags/example_sla_dag.py
[2022-12-19T20:08:20.678+0000] {processor.py:753} INFO - DAG(s) dict_keys(['example_sla_dag']) retrieved from /home/airflow/.local/lib/python3.7/site-packages/airflow/example_dags/example_sla_dag.py
[2022-12-19T20:08:20.721+0000] {logging_mixin.py:137} INFO - [2022-12-19T20:08:20.720+0000] {dag.py:2676} INFO - Sync 1 DAGs
[2022-12-19T20:08:20.755+0000] {logging_mixin.py:137} INFO - [2022-12-19T20:08:20.755+0000] {dag.py:3427} INFO - Setting next_dagrun for example_sla_dag to 2022-12-19T20:06:00+00:00, run_after=2022-12-19T20:08:00+00:00
[2022-12-19T20:08:20.778+0000] {processor.py:175} INFO - Processing /home/airflow/.local/lib/python3.7/site-packages/airflow/example_dags/example_sla_dag.py took 0.132 seconds
[2022-12-19T20:08:51.035+0000] {processor.py:153} INFO - Started process (PID=5375) to work on /home/airflow/.local/lib/python3.7/site-packages/airflow/example_dags/example_sla_dag.py
[2022-12-19T20:08:51.036+0000] {processor.py:743} INFO - Processing file /home/airflow/.local/lib/python3.7/site-packages/airflow/example_dags/example_sla_dag.py for tasks to queue
[2022-12-19T20:08:51.037+0000] {logging_mixin.py:137} INFO - [2022-12-19T20:08:51.037+0000] {dagbag.py:538} INFO - Filling up the DagBag from /home/airflow/.local/lib/python3.7/site-packages/airflow/example_dags/example_sla_dag.py
[2022-12-19T20:08:51.071+0000] {processor.py:753} INFO - DAG(s) dict_keys(['example_sla_dag']) retrieved from /home/airflow/.local/lib/python3.7/site-packages/airflow/example_dags/example_sla_dag.py
[2022-12-19T20:08:51.125+0000] {logging_mixin.py:137} INFO - [2022-12-19T20:08:51.124+0000] {dag.py:2676} INFO - Sync 1 DAGs
[2022-12-19T20:08:51.163+0000] {logging_mixin.py:137} INFO - [2022-12-19T20:08:51.163+0000] {dag.py:3427} INFO - Setting next_dagrun for example_sla_dag to 2022-12-19T20:06:00+00:00, run_after=2022-12-19T20:08:00+00:00
[2022-12-19T20:08:51.187+0000] {processor.py:175} INFO - Processing /home/airflow/.local/lib/python3.7/site-packages/airflow/example_dags/example_sla_dag.py took 0.157 seconds
[2022-12-19T20:09:21.546+0000] {processor.py:153} INFO - Started process (PID=5461) to work on /home/airflow/.local/lib/python3.7/site-packages/airflow/example_dags/example_sla_dag.py
[2022-12-19T20:09:21.547+0000] {processor.py:743} INFO - Processing file /home/airflow/.local/lib/python3.7/site-packages/airflow/example_dags/example_sla_dag.py for tasks to queue
[2022-12-19T20:09:21.547+0000] {logging_mixin.py:137} INFO - [2022-12-19T20:09:21.547+0000] {dagbag.py:538} INFO - Filling up the DagBag from /home/airflow/.local/lib/python3.7/site-packages/airflow/example_dags/example_sla_dag.py
[2022-12-19T20:09:21.578+0000] {processor.py:753} INFO - DAG(s) dict_keys(['example_sla_dag']) retrieved from /home/airflow/.local/lib/python3.7/site-packages/airflow/example_dags/example_sla_dag.py
[2022-12-19T20:09:21.624+0000] {logging_mixin.py:137} INFO - [2022-12-19T20:09:21.624+0000] {dag.py:2676} INFO - Sync 1 DAGs
[2022-12-19T20:09:21.673+0000] {logging_mixin.py:137} INFO - [2022-12-19T20:09:21.673+0000] {dag.py:3427} INFO - Setting next_dagrun for example_sla_dag to 2022-12-19T20:06:00+00:00, run_after=2022-12-19T20:08:00+00:00
[2022-12-19T20:09:21.698+0000] {processor.py:175} INFO - Processing /home/airflow/.local/lib/python3.7/site-packages/airflow/example_dags/example_sla_dag.py took 0.156 seconds
[2022-12-19T20:09:51.863+0000] {processor.py:153} INFO - Started process (PID=5547) to work on /home/airflow/.local/lib/python3.7/site-packages/airflow/example_dags/example_sla_dag.py
[2022-12-19T20:09:51.864+0000] {processor.py:743} INFO - Processing file /home/airflow/.local/lib/python3.7/site-packages/airflow/example_dags/example_sla_dag.py for tasks to queue
[2022-12-19T20:09:51.865+0000] {logging_mixin.py:137} INFO - [2022-12-19T20:09:51.865+0000] {dagbag.py:538} INFO - Filling up the DagBag from /home/airflow/.local/lib/python3.7/site-packages/airflow/example_dags/example_sla_dag.py
[2022-12-19T20:09:51.892+0000] {processor.py:753} INFO - DAG(s) dict_keys(['example_sla_dag']) retrieved from /home/airflow/.local/lib/python3.7/site-packages/airflow/example_dags/example_sla_dag.py
[2022-12-19T20:09:51.941+0000] {logging_mixin.py:137} INFO - [2022-12-19T20:09:51.941+0000] {dag.py:2676} INFO - Sync 1 DAGs
[2022-12-19T20:09:51.973+0000] {logging_mixin.py:137} INFO - [2022-12-19T20:09:51.973+0000] {dag.py:3427} INFO - Setting next_dagrun for example_sla_dag to 2022-12-19T20:06:00+00:00, run_after=2022-12-19T20:08:00+00:00
[2022-12-19T20:09:51.993+0000] {processor.py:175} INFO - Processing /home/airflow/.local/lib/python3.7/site-packages/airflow/example_dags/example_sla_dag.py took 0.133 seconds
[2022-12-19T20:10:22.097+0000] {processor.py:153} INFO - Started process (PID=5657) to work on /home/airflow/.local/lib/python3.7/site-packages/airflow/example_dags/example_sla_dag.py
[2022-12-19T20:10:22.097+0000] {processor.py:743} INFO - Processing file /home/airflow/.local/lib/python3.7/site-packages/airflow/example_dags/example_sla_dag.py for tasks to queue
[2022-12-19T20:10:22.098+0000] {logging_mixin.py:137} INFO - [2022-12-19T20:10:22.098+0000] {dagbag.py:538} INFO - Filling up the DagBag from /home/airflow/.local/lib/python3.7/site-packages/airflow/example_dags/example_sla_dag.py
[2022-12-19T20:10:22.122+0000] {processor.py:753} INFO - DAG(s) dict_keys(['example_sla_dag']) retrieved from /home/airflow/.local/lib/python3.7/site-packages/airflow/example_dags/example_sla_dag.py
[2022-12-19T20:10:22.163+0000] {logging_mixin.py:137} INFO - [2022-12-19T20:10:22.162+0000] {dag.py:2676} INFO - Sync 1 DAGs
[2022-12-19T20:10:22.195+0000] {logging_mixin.py:137} INFO - [2022-12-19T20:10:22.195+0000] {dag.py:3427} INFO - Setting next_dagrun for example_sla_dag to 2022-12-19T20:08:00+00:00, run_after=2022-12-19T20:10:00+00:00
[2022-12-19T20:10:22.217+0000] {processor.py:175} INFO - Processing /home/airflow/.local/lib/python3.7/site-packages/airflow/example_dags/example_sla_dag.py took 0.123 seconds
[2022-12-19T20:10:52.366+0000] {processor.py:153} INFO - Started process (PID=5743) to work on /home/airflow/.local/lib/python3.7/site-packages/airflow/example_dags/example_sla_dag.py
[2022-12-19T20:10:52.367+0000] {processor.py:743} INFO - Processing file /home/airflow/.local/lib/python3.7/site-packages/airflow/example_dags/example_sla_dag.py for tasks to queue
[2022-12-19T20:10:52.367+0000] {logging_mixin.py:137} INFO - [2022-12-19T20:10:52.367+0000] {dagbag.py:538} INFO - Filling up the DagBag from /home/airflow/.local/lib/python3.7/site-packages/airflow/example_dags/example_sla_dag.py
[2022-12-19T20:10:52.394+0000] {processor.py:753} INFO - DAG(s) dict_keys(['example_sla_dag']) retrieved from /home/airflow/.local/lib/python3.7/site-packages/airflow/example_dags/example_sla_dag.py
[2022-12-19T20:10:52.441+0000] {logging_mixin.py:137} INFO - [2022-12-19T20:10:52.441+0000] {dag.py:2676} INFO - Sync 1 DAGs
[2022-12-19T20:10:52.480+0000] {logging_mixin.py:137} INFO - [2022-12-19T20:10:52.480+0000] {dag.py:3427} INFO - Setting next_dagrun for example_sla_dag to 2022-12-19T20:08:00+00:00, run_after=2022-12-19T20:10:00+00:00
[2022-12-19T20:10:52.499+0000] {processor.py:175} INFO - Processing /home/airflow/.local/lib/python3.7/site-packages/airflow/example_dags/example_sla_dag.py took 0.137 seconds
[2022-12-19T20:11:22.601+0000] {processor.py:153} INFO - Started process (PID=5838) to work on /home/airflow/.local/lib/python3.7/site-packages/airflow/example_dags/example_sla_dag.py
[2022-12-19T20:11:22.601+0000] {processor.py:743} INFO - Processing file /home/airflow/.local/lib/python3.7/site-packages/airflow/example_dags/example_sla_dag.py for tasks to queue
[2022-12-19T20:11:22.602+0000] {logging_mixin.py:137} INFO - [2022-12-19T20:11:22.602+0000] {dagbag.py:538} INFO - Filling up the DagBag from /home/airflow/.local/lib/python3.7/site-packages/airflow/example_dags/example_sla_dag.py
[2022-12-19T20:11:22.626+0000] {processor.py:753} INFO - DAG(s) dict_keys(['example_sla_dag']) retrieved from /home/airflow/.local/lib/python3.7/site-packages/airflow/example_dags/example_sla_dag.py
[2022-12-19T20:11:22.664+0000] {logging_mixin.py:137} INFO - [2022-12-19T20:11:22.664+0000] {dag.py:2676} INFO - Sync 1 DAGs
[2022-12-19T20:11:22.694+0000] {logging_mixin.py:137} INFO - [2022-12-19T20:11:22.693+0000] {dag.py:3427} INFO - Setting next_dagrun for example_sla_dag to 2022-12-19T20:08:00+00:00, run_after=2022-12-19T20:10:00+00:00
[2022-12-19T20:11:22.711+0000] {processor.py:175} INFO - Processing /home/airflow/.local/lib/python3.7/site-packages/airflow/example_dags/example_sla_dag.py took 0.113 seconds
[2022-12-19T20:11:52.764+0000] {processor.py:153} INFO - Started process (PID=5940) to work on /home/airflow/.local/lib/python3.7/site-packages/airflow/example_dags/example_sla_dag.py
[2022-12-19T20:11:52.765+0000] {processor.py:743} INFO - Processing file /home/airflow/.local/lib/python3.7/site-packages/airflow/example_dags/example_sla_dag.py for tasks to queue
[2022-12-19T20:11:52.766+0000] {logging_mixin.py:137} INFO - [2022-12-19T20:11:52.766+0000] {dagbag.py:538} INFO - Filling up the DagBag from /home/airflow/.local/lib/python3.7/site-packages/airflow/example_dags/example_sla_dag.py
[2022-12-19T20:11:52.797+0000] {processor.py:753} INFO - DAG(s) dict_keys(['example_sla_dag']) retrieved from /home/airflow/.local/lib/python3.7/site-packages/airflow/example_dags/example_sla_dag.py
[2022-12-19T20:11:52.846+0000] {logging_mixin.py:137} INFO - [2022-12-19T20:11:52.846+0000] {dag.py:2676} INFO - Sync 1 DAGs
[2022-12-19T20:11:52.883+0000] {logging_mixin.py:137} INFO - [2022-12-19T20:11:52.883+0000] {dag.py:3427} INFO - Setting next_dagrun for example_sla_dag to 2022-12-19T20:08:00+00:00, run_after=2022-12-19T20:10:00+00:00
[2022-12-19T20:11:52.902+0000] {processor.py:175} INFO - Processing /home/airflow/.local/lib/python3.7/site-packages/airflow/example_dags/example_sla_dag.py took 0.141 seconds
[2022-12-19T20:12:23.250+0000] {processor.py:153} INFO - Started process (PID=6026) to work on /home/airflow/.local/lib/python3.7/site-packages/airflow/example_dags/example_sla_dag.py
[2022-12-19T20:12:23.251+0000] {processor.py:743} INFO - Processing file /home/airflow/.local/lib/python3.7/site-packages/airflow/example_dags/example_sla_dag.py for tasks to queue
[2022-12-19T20:12:23.252+0000] {logging_mixin.py:137} INFO - [2022-12-19T20:12:23.252+0000] {dagbag.py:538} INFO - Filling up the DagBag from /home/airflow/.local/lib/python3.7/site-packages/airflow/example_dags/example_sla_dag.py
[2022-12-19T20:12:23.276+0000] {processor.py:753} INFO - DAG(s) dict_keys(['example_sla_dag']) retrieved from /home/airflow/.local/lib/python3.7/site-packages/airflow/example_dags/example_sla_dag.py
[2022-12-19T20:12:23.318+0000] {logging_mixin.py:137} INFO - [2022-12-19T20:12:23.318+0000] {dag.py:2676} INFO - Sync 1 DAGs
[2022-12-19T20:12:23.351+0000] {logging_mixin.py:137} INFO - [2022-12-19T20:12:23.351+0000] {dag.py:3427} INFO - Setting next_dagrun for example_sla_dag to 2022-12-19T20:10:00+00:00, run_after=2022-12-19T20:12:00+00:00
[2022-12-19T20:12:23.372+0000] {processor.py:175} INFO - Processing /home/airflow/.local/lib/python3.7/site-packages/airflow/example_dags/example_sla_dag.py took 0.125 seconds
[2022-12-19T20:12:53.413+0000] {processor.py:153} INFO - Started process (PID=6136) to work on /home/airflow/.local/lib/python3.7/site-packages/airflow/example_dags/example_sla_dag.py
[2022-12-19T20:12:53.414+0000] {processor.py:743} INFO - Processing file /home/airflow/.local/lib/python3.7/site-packages/airflow/example_dags/example_sla_dag.py for tasks to queue
[2022-12-19T20:12:53.415+0000] {logging_mixin.py:137} INFO - [2022-12-19T20:12:53.414+0000] {dagbag.py:538} INFO - Filling up the DagBag from /home/airflow/.local/lib/python3.7/site-packages/airflow/example_dags/example_sla_dag.py
[2022-12-19T20:12:53.441+0000] {processor.py:753} INFO - DAG(s) dict_keys(['example_sla_dag']) retrieved from /home/airflow/.local/lib/python3.7/site-packages/airflow/example_dags/example_sla_dag.py
[2022-12-19T20:12:53.490+0000] {logging_mixin.py:137} INFO - [2022-12-19T20:12:53.490+0000] {dag.py:2676} INFO - Sync 1 DAGs
[2022-12-19T20:12:53.522+0000] {logging_mixin.py:137} INFO - [2022-12-19T20:12:53.522+0000] {dag.py:3427} INFO - Setting next_dagrun for example_sla_dag to 2022-12-19T20:10:00+00:00, run_after=2022-12-19T20:12:00+00:00
[2022-12-19T20:12:53.542+0000] {processor.py:175} INFO - Processing /home/airflow/.local/lib/python3.7/site-packages/airflow/example_dags/example_sla_dag.py took 0.132 seconds
[2022-12-19T20:13:24.087+0000] {processor.py:153} INFO - Started process (PID=6222) to work on /home/airflow/.local/lib/python3.7/site-packages/airflow/example_dags/example_sla_dag.py
[2022-12-19T20:13:24.088+0000] {processor.py:743} INFO - Processing file /home/airflow/.local/lib/python3.7/site-packages/airflow/example_dags/example_sla_dag.py for tasks to queue
[2022-12-19T20:13:24.089+0000] {logging_mixin.py:137} INFO - [2022-12-19T20:13:24.089+0000] {dagbag.py:538} INFO - Filling up the DagBag from /home/airflow/.local/lib/python3.7/site-packages/airflow/example_dags/example_sla_dag.py
[2022-12-19T20:13:24.112+0000] {processor.py:753} INFO - DAG(s) dict_keys(['example_sla_dag']) retrieved from /home/airflow/.local/lib/python3.7/site-packages/airflow/example_dags/example_sla_dag.py
[2022-12-19T20:13:24.150+0000] {logging_mixin.py:137} INFO - [2022-12-19T20:13:24.149+0000] {dag.py:2676} INFO - Sync 1 DAGs
[2022-12-19T20:13:24.181+0000] {logging_mixin.py:137} INFO - [2022-12-19T20:13:24.181+0000] {dag.py:3427} INFO - Setting next_dagrun for example_sla_dag to 2022-12-19T20:10:00+00:00, run_after=2022-12-19T20:12:00+00:00
[2022-12-19T20:13:24.200+0000] {processor.py:175} INFO - Processing /home/airflow/.local/lib/python3.7/site-packages/airflow/example_dags/example_sla_dag.py took 0.116 seconds
[2022-12-19T20:13:54.325+0000] {processor.py:153} INFO - Started process (PID=6308) to work on /home/airflow/.local/lib/python3.7/site-packages/airflow/example_dags/example_sla_dag.py
[2022-12-19T20:13:54.326+0000] {processor.py:743} INFO - Processing file /home/airflow/.local/lib/python3.7/site-packages/airflow/example_dags/example_sla_dag.py for tasks to queue
[2022-12-19T20:13:54.327+0000] {logging_mixin.py:137} INFO - [2022-12-19T20:13:54.327+0000] {dagbag.py:538} INFO - Filling up the DagBag from /home/airflow/.local/lib/python3.7/site-packages/airflow/example_dags/example_sla_dag.py
[2022-12-19T20:13:54.351+0000] {processor.py:753} INFO - DAG(s) dict_keys(['example_sla_dag']) retrieved from /home/airflow/.local/lib/python3.7/site-packages/airflow/example_dags/example_sla_dag.py
[2022-12-19T20:13:54.389+0000] {logging_mixin.py:137} INFO - [2022-12-19T20:13:54.389+0000] {dag.py:2676} INFO - Sync 1 DAGs
[2022-12-19T20:13:54.420+0000] {logging_mixin.py:137} INFO - [2022-12-19T20:13:54.420+0000] {dag.py:3427} INFO - Setting next_dagrun for example_sla_dag to 2022-12-19T20:10:00+00:00, run_after=2022-12-19T20:12:00+00:00
[2022-12-19T20:13:54.437+0000] {processor.py:175} INFO - Processing /home/airflow/.local/lib/python3.7/site-packages/airflow/example_dags/example_sla_dag.py took 0.115 seconds
[2022-12-19T20:14:24.614+0000] {processor.py:153} INFO - Started process (PID=6418) to work on /home/airflow/.local/lib/python3.7/site-packages/airflow/example_dags/example_sla_dag.py
[2022-12-19T20:14:24.615+0000] {processor.py:743} INFO - Processing file /home/airflow/.local/lib/python3.7/site-packages/airflow/example_dags/example_sla_dag.py for tasks to queue
[2022-12-19T20:14:24.615+0000] {logging_mixin.py:137} INFO - [2022-12-19T20:14:24.615+0000] {dagbag.py:538} INFO - Filling up the DagBag from /home/airflow/.local/lib/python3.7/site-packages/airflow/example_dags/example_sla_dag.py
[2022-12-19T20:14:24.641+0000] {processor.py:753} INFO - DAG(s) dict_keys(['example_sla_dag']) retrieved from /home/airflow/.local/lib/python3.7/site-packages/airflow/example_dags/example_sla_dag.py
[2022-12-19T20:14:24.684+0000] {logging_mixin.py:137} INFO - [2022-12-19T20:14:24.684+0000] {dag.py:2676} INFO - Sync 1 DAGs
[2022-12-19T20:14:24.716+0000] {logging_mixin.py:137} INFO - [2022-12-19T20:14:24.716+0000] {dag.py:3427} INFO - Setting next_dagrun for example_sla_dag to 2022-12-19T20:12:00+00:00, run_after=2022-12-19T20:14:00+00:00
[2022-12-19T20:14:24.735+0000] {processor.py:175} INFO - Processing /home/airflow/.local/lib/python3.7/site-packages/airflow/example_dags/example_sla_dag.py took 0.124 seconds
[2022-12-19T20:14:55.019+0000] {processor.py:153} INFO - Started process (PID=6504) to work on /home/airflow/.local/lib/python3.7/site-packages/airflow/example_dags/example_sla_dag.py
[2022-12-19T20:14:55.020+0000] {processor.py:743} INFO - Processing file /home/airflow/.local/lib/python3.7/site-packages/airflow/example_dags/example_sla_dag.py for tasks to queue
[2022-12-19T20:14:55.021+0000] {logging_mixin.py:137} INFO - [2022-12-19T20:14:55.020+0000] {dagbag.py:538} INFO - Filling up the DagBag from /home/airflow/.local/lib/python3.7/site-packages/airflow/example_dags/example_sla_dag.py
[2022-12-19T20:14:55.047+0000] {processor.py:753} INFO - DAG(s) dict_keys(['example_sla_dag']) retrieved from /home/airflow/.local/lib/python3.7/site-packages/airflow/example_dags/example_sla_dag.py
[2022-12-19T20:14:55.095+0000] {logging_mixin.py:137} INFO - [2022-12-19T20:14:55.095+0000] {dag.py:2676} INFO - Sync 1 DAGs
[2022-12-19T20:14:55.139+0000] {logging_mixin.py:137} INFO - [2022-12-19T20:14:55.139+0000] {dag.py:3427} INFO - Setting next_dagrun for example_sla_dag to 2022-12-19T20:12:00+00:00, run_after=2022-12-19T20:14:00+00:00
[2022-12-19T20:14:55.159+0000] {processor.py:175} INFO - Processing /home/airflow/.local/lib/python3.7/site-packages/airflow/example_dags/example_sla_dag.py took 0.143 seconds
[2022-12-19T20:15:25.420+0000] {processor.py:153} INFO - Started process (PID=6597) to work on /home/airflow/.local/lib/python3.7/site-packages/airflow/example_dags/example_sla_dag.py
[2022-12-19T20:15:25.422+0000] {processor.py:743} INFO - Processing file /home/airflow/.local/lib/python3.7/site-packages/airflow/example_dags/example_sla_dag.py for tasks to queue
[2022-12-19T20:15:25.423+0000] {logging_mixin.py:137} INFO - [2022-12-19T20:15:25.423+0000] {dagbag.py:538} INFO - Filling up the DagBag from /home/airflow/.local/lib/python3.7/site-packages/airflow/example_dags/example_sla_dag.py
[2022-12-19T20:15:25.451+0000] {processor.py:753} INFO - DAG(s) dict_keys(['example_sla_dag']) retrieved from /home/airflow/.local/lib/python3.7/site-packages/airflow/example_dags/example_sla_dag.py
[2022-12-19T20:15:25.496+0000] {logging_mixin.py:137} INFO - [2022-12-19T20:15:25.496+0000] {dag.py:2676} INFO - Sync 1 DAGs
[2022-12-19T20:15:25.534+0000] {logging_mixin.py:137} INFO - [2022-12-19T20:15:25.534+0000] {dag.py:3427} INFO - Setting next_dagrun for example_sla_dag to 2022-12-19T20:12:00+00:00, run_after=2022-12-19T20:14:00+00:00
[2022-12-19T20:15:25.558+0000] {processor.py:175} INFO - Processing /home/airflow/.local/lib/python3.7/site-packages/airflow/example_dags/example_sla_dag.py took 0.141 seconds
[2022-12-19T20:15:56.724+0000] {processor.py:153} INFO - Started process (PID=6700) to work on /home/airflow/.local/lib/python3.7/site-packages/airflow/example_dags/example_sla_dag.py
[2022-12-19T20:15:56.724+0000] {processor.py:743} INFO - Processing file /home/airflow/.local/lib/python3.7/site-packages/airflow/example_dags/example_sla_dag.py for tasks to queue
[2022-12-19T20:15:56.725+0000] {logging_mixin.py:137} INFO - [2022-12-19T20:15:56.725+0000] {dagbag.py:538} INFO - Filling up the DagBag from /home/airflow/.local/lib/python3.7/site-packages/airflow/example_dags/example_sla_dag.py
[2022-12-19T20:15:56.752+0000] {processor.py:753} INFO - DAG(s) dict_keys(['example_sla_dag']) retrieved from /home/airflow/.local/lib/python3.7/site-packages/airflow/example_dags/example_sla_dag.py
[2022-12-19T20:15:56.824+0000] {logging_mixin.py:137} INFO - [2022-12-19T20:15:56.823+0000] {dag.py:2676} INFO - Sync 1 DAGs
[2022-12-19T20:15:56.859+0000] {logging_mixin.py:137} INFO - [2022-12-19T20:15:56.859+0000] {dag.py:3427} INFO - Setting next_dagrun for example_sla_dag to 2022-12-19T20:12:00+00:00, run_after=2022-12-19T20:14:00+00:00
[2022-12-19T20:15:56.879+0000] {processor.py:175} INFO - Processing /home/airflow/.local/lib/python3.7/site-packages/airflow/example_dags/example_sla_dag.py took 0.159 seconds
[2022-12-19T20:16:27.143+0000] {processor.py:153} INFO - Started process (PID=6786) to work on /home/airflow/.local/lib/python3.7/site-packages/airflow/example_dags/example_sla_dag.py
[2022-12-19T20:16:27.144+0000] {processor.py:743} INFO - Processing file /home/airflow/.local/lib/python3.7/site-packages/airflow/example_dags/example_sla_dag.py for tasks to queue
[2022-12-19T20:16:27.144+0000] {logging_mixin.py:137} INFO - [2022-12-19T20:16:27.144+0000] {dagbag.py:538} INFO - Filling up the DagBag from /home/airflow/.local/lib/python3.7/site-packages/airflow/example_dags/example_sla_dag.py
[2022-12-19T20:16:27.169+0000] {processor.py:753} INFO - DAG(s) dict_keys(['example_sla_dag']) retrieved from /home/airflow/.local/lib/python3.7/site-packages/airflow/example_dags/example_sla_dag.py
[2022-12-19T20:16:27.219+0000] {logging_mixin.py:137} INFO - [2022-12-19T20:16:27.219+0000] {dag.py:2676} INFO - Sync 1 DAGs
[2022-12-19T20:16:27.274+0000] {logging_mixin.py:137} INFO - [2022-12-19T20:16:27.274+0000] {dag.py:3427} INFO - Setting next_dagrun for example_sla_dag to 2022-12-19T20:14:00+00:00, run_after=2022-12-19T20:16:00+00:00
[2022-12-19T20:16:27.298+0000] {processor.py:175} INFO - Processing /home/airflow/.local/lib/python3.7/site-packages/airflow/example_dags/example_sla_dag.py took 0.158 seconds
[2022-12-19T20:16:58.134+0000] {processor.py:153} INFO - Started process (PID=6896) to work on /home/airflow/.local/lib/python3.7/site-packages/airflow/example_dags/example_sla_dag.py
[2022-12-19T20:16:58.135+0000] {processor.py:743} INFO - Processing file /home/airflow/.local/lib/python3.7/site-packages/airflow/example_dags/example_sla_dag.py for tasks to queue
[2022-12-19T20:16:58.136+0000] {logging_mixin.py:137} INFO - [2022-12-19T20:16:58.136+0000] {dagbag.py:538} INFO - Filling up the DagBag from /home/airflow/.local/lib/python3.7/site-packages/airflow/example_dags/example_sla_dag.py
[2022-12-19T20:16:58.172+0000] {processor.py:753} INFO - DAG(s) dict_keys(['example_sla_dag']) retrieved from /home/airflow/.local/lib/python3.7/site-packages/airflow/example_dags/example_sla_dag.py
[2022-12-19T20:16:58.229+0000] {logging_mixin.py:137} INFO - [2022-12-19T20:16:58.228+0000] {dag.py:2676} INFO - Sync 1 DAGs
[2022-12-19T20:16:58.281+0000] {logging_mixin.py:137} INFO - [2022-12-19T20:16:58.280+0000] {dag.py:3427} INFO - Setting next_dagrun for example_sla_dag to 2022-12-19T20:14:00+00:00, run_after=2022-12-19T20:16:00+00:00
[2022-12-19T20:16:58.310+0000] {processor.py:175} INFO - Processing /home/airflow/.local/lib/python3.7/site-packages/airflow/example_dags/example_sla_dag.py took 0.180 seconds
[2022-12-19T20:17:28.617+0000] {processor.py:153} INFO - Started process (PID=6982) to work on /home/airflow/.local/lib/python3.7/site-packages/airflow/example_dags/example_sla_dag.py
[2022-12-19T20:17:28.619+0000] {processor.py:743} INFO - Processing file /home/airflow/.local/lib/python3.7/site-packages/airflow/example_dags/example_sla_dag.py for tasks to queue
[2022-12-19T20:17:28.620+0000] {logging_mixin.py:137} INFO - [2022-12-19T20:17:28.620+0000] {dagbag.py:538} INFO - Filling up the DagBag from /home/airflow/.local/lib/python3.7/site-packages/airflow/example_dags/example_sla_dag.py
[2022-12-19T20:17:28.659+0000] {processor.py:753} INFO - DAG(s) dict_keys(['example_sla_dag']) retrieved from /home/airflow/.local/lib/python3.7/site-packages/airflow/example_dags/example_sla_dag.py
[2022-12-19T20:17:28.718+0000] {logging_mixin.py:137} INFO - [2022-12-19T20:17:28.717+0000] {dag.py:2676} INFO - Sync 1 DAGs
[2022-12-19T20:17:28.770+0000] {logging_mixin.py:137} INFO - [2022-12-19T20:17:28.769+0000] {dag.py:3427} INFO - Setting next_dagrun for example_sla_dag to 2022-12-19T20:14:00+00:00, run_after=2022-12-19T20:16:00+00:00
[2022-12-19T20:17:28.800+0000] {processor.py:175} INFO - Processing /home/airflow/.local/lib/python3.7/site-packages/airflow/example_dags/example_sla_dag.py took 0.188 seconds
[2022-12-19T20:17:58.989+0000] {processor.py:153} INFO - Started process (PID=7068) to work on /home/airflow/.local/lib/python3.7/site-packages/airflow/example_dags/example_sla_dag.py
[2022-12-19T20:17:58.990+0000] {processor.py:743} INFO - Processing file /home/airflow/.local/lib/python3.7/site-packages/airflow/example_dags/example_sla_dag.py for tasks to queue
[2022-12-19T20:17:58.991+0000] {logging_mixin.py:137} INFO - [2022-12-19T20:17:58.991+0000] {dagbag.py:538} INFO - Filling up the DagBag from /home/airflow/.local/lib/python3.7/site-packages/airflow/example_dags/example_sla_dag.py
[2022-12-19T20:17:59.016+0000] {processor.py:753} INFO - DAG(s) dict_keys(['example_sla_dag']) retrieved from /home/airflow/.local/lib/python3.7/site-packages/airflow/example_dags/example_sla_dag.py
[2022-12-19T20:17:59.057+0000] {logging_mixin.py:137} INFO - [2022-12-19T20:17:59.056+0000] {dag.py:2676} INFO - Sync 1 DAGs
[2022-12-19T20:17:59.090+0000] {logging_mixin.py:137} INFO - [2022-12-19T20:17:59.089+0000] {dag.py:3427} INFO - Setting next_dagrun for example_sla_dag to 2022-12-19T20:14:00+00:00, run_after=2022-12-19T20:16:00+00:00
[2022-12-19T20:17:59.109+0000] {processor.py:175} INFO - Processing /home/airflow/.local/lib/python3.7/site-packages/airflow/example_dags/example_sla_dag.py took 0.122 seconds
[2022-12-19T20:18:29.329+0000] {processor.py:153} INFO - Started process (PID=7163) to work on /home/airflow/.local/lib/python3.7/site-packages/airflow/example_dags/example_sla_dag.py
[2022-12-19T20:18:29.329+0000] {processor.py:743} INFO - Processing file /home/airflow/.local/lib/python3.7/site-packages/airflow/example_dags/example_sla_dag.py for tasks to queue
[2022-12-19T20:18:29.330+0000] {logging_mixin.py:137} INFO - [2022-12-19T20:18:29.330+0000] {dagbag.py:538} INFO - Filling up the DagBag from /home/airflow/.local/lib/python3.7/site-packages/airflow/example_dags/example_sla_dag.py
[2022-12-19T20:18:29.354+0000] {processor.py:753} INFO - DAG(s) dict_keys(['example_sla_dag']) retrieved from /home/airflow/.local/lib/python3.7/site-packages/airflow/example_dags/example_sla_dag.py
[2022-12-19T20:18:29.394+0000] {logging_mixin.py:137} INFO - [2022-12-19T20:18:29.394+0000] {dag.py:2676} INFO - Sync 1 DAGs
[2022-12-19T20:18:29.425+0000] {logging_mixin.py:137} INFO - [2022-12-19T20:18:29.425+0000] {dag.py:3427} INFO - Setting next_dagrun for example_sla_dag to 2022-12-19T20:16:00+00:00, run_after=2022-12-19T20:18:00+00:00
[2022-12-19T20:18:29.445+0000] {processor.py:175} INFO - Processing /home/airflow/.local/lib/python3.7/site-packages/airflow/example_dags/example_sla_dag.py took 0.120 seconds
[2022-12-19T20:18:59.578+0000] {processor.py:153} INFO - Started process (PID=7264) to work on /home/airflow/.local/lib/python3.7/site-packages/airflow/example_dags/example_sla_dag.py
[2022-12-19T20:18:59.579+0000] {processor.py:743} INFO - Processing file /home/airflow/.local/lib/python3.7/site-packages/airflow/example_dags/example_sla_dag.py for tasks to queue
[2022-12-19T20:18:59.579+0000] {logging_mixin.py:137} INFO - [2022-12-19T20:18:59.579+0000] {dagbag.py:538} INFO - Filling up the DagBag from /home/airflow/.local/lib/python3.7/site-packages/airflow/example_dags/example_sla_dag.py
[2022-12-19T20:18:59.611+0000] {processor.py:753} INFO - DAG(s) dict_keys(['example_sla_dag']) retrieved from /home/airflow/.local/lib/python3.7/site-packages/airflow/example_dags/example_sla_dag.py
[2022-12-19T20:18:59.658+0000] {logging_mixin.py:137} INFO - [2022-12-19T20:18:59.658+0000] {dag.py:2676} INFO - Sync 1 DAGs
[2022-12-19T20:18:59.691+0000] {logging_mixin.py:137} INFO - [2022-12-19T20:18:59.691+0000] {dag.py:3427} INFO - Setting next_dagrun for example_sla_dag to 2022-12-19T20:16:00+00:00, run_after=2022-12-19T20:18:00+00:00
[2022-12-19T20:18:59.710+0000] {processor.py:175} INFO - Processing /home/airflow/.local/lib/python3.7/site-packages/airflow/example_dags/example_sla_dag.py took 0.136 seconds
[2022-12-19T20:19:29.832+0000] {processor.py:153} INFO - Started process (PID=7350) to work on /home/airflow/.local/lib/python3.7/site-packages/airflow/example_dags/example_sla_dag.py
[2022-12-19T20:19:29.833+0000] {processor.py:743} INFO - Processing file /home/airflow/.local/lib/python3.7/site-packages/airflow/example_dags/example_sla_dag.py for tasks to queue
[2022-12-19T20:19:29.833+0000] {logging_mixin.py:137} INFO - [2022-12-19T20:19:29.833+0000] {dagbag.py:538} INFO - Filling up the DagBag from /home/airflow/.local/lib/python3.7/site-packages/airflow/example_dags/example_sla_dag.py
[2022-12-19T20:19:29.859+0000] {processor.py:753} INFO - DAG(s) dict_keys(['example_sla_dag']) retrieved from /home/airflow/.local/lib/python3.7/site-packages/airflow/example_dags/example_sla_dag.py
[2022-12-19T20:19:29.900+0000] {logging_mixin.py:137} INFO - [2022-12-19T20:19:29.900+0000] {dag.py:2676} INFO - Sync 1 DAGs
[2022-12-19T20:19:29.936+0000] {logging_mixin.py:137} INFO - [2022-12-19T20:19:29.935+0000] {dag.py:3427} INFO - Setting next_dagrun for example_sla_dag to 2022-12-19T20:16:00+00:00, run_after=2022-12-19T20:18:00+00:00
[2022-12-19T20:19:29.955+0000] {processor.py:175} INFO - Processing /home/airflow/.local/lib/python3.7/site-packages/airflow/example_dags/example_sla_dag.py took 0.126 seconds
[2022-12-19T20:20:00.615+0000] {processor.py:153} INFO - Started process (PID=7460) to work on /home/airflow/.local/lib/python3.7/site-packages/airflow/example_dags/example_sla_dag.py
[2022-12-19T20:20:00.616+0000] {processor.py:743} INFO - Processing file /home/airflow/.local/lib/python3.7/site-packages/airflow/example_dags/example_sla_dag.py for tasks to queue
[2022-12-19T20:20:00.617+0000] {logging_mixin.py:137} INFO - [2022-12-19T20:20:00.617+0000] {dagbag.py:538} INFO - Filling up the DagBag from /home/airflow/.local/lib/python3.7/site-packages/airflow/example_dags/example_sla_dag.py
[2022-12-19T20:20:00.642+0000] {processor.py:753} INFO - DAG(s) dict_keys(['example_sla_dag']) retrieved from /home/airflow/.local/lib/python3.7/site-packages/airflow/example_dags/example_sla_dag.py
[2022-12-19T20:20:00.689+0000] {logging_mixin.py:137} INFO - [2022-12-19T20:20:00.689+0000] {dag.py:2676} INFO - Sync 1 DAGs
[2022-12-19T20:20:00.731+0000] {logging_mixin.py:137} INFO - [2022-12-19T20:20:00.731+0000] {dag.py:3427} INFO - Setting next_dagrun for example_sla_dag to 2022-12-19T20:18:00+00:00, run_after=2022-12-19T20:20:00+00:00
[2022-12-19T20:20:00.756+0000] {processor.py:175} INFO - Processing /home/airflow/.local/lib/python3.7/site-packages/airflow/example_dags/example_sla_dag.py took 0.144 seconds
