[2022-12-19T19:45:42.702+0000] {processor.py:153} INFO - Started process (PID=1140) to work on /home/airflow/.local/lib/python3.7/site-packages/airflow/example_dags/example_bash_operator.py
[2022-12-19T19:45:42.707+0000] {processor.py:743} INFO - Processing file /home/airflow/.local/lib/python3.7/site-packages/airflow/example_dags/example_bash_operator.py for tasks to queue
[2022-12-19T19:45:42.708+0000] {logging_mixin.py:137} INFO - [2022-12-19T19:45:42.707+0000] {dagbag.py:538} INFO - Filling up the DagBag from /home/airflow/.local/lib/python3.7/site-packages/airflow/example_dags/example_bash_operator.py
[2022-12-19T19:45:42.882+0000] {processor.py:753} INFO - DAG(s) dict_keys(['example_bash_operator']) retrieved from /home/airflow/.local/lib/python3.7/site-packages/airflow/example_dags/example_bash_operator.py
[2022-12-19T19:45:43.192+0000] {logging_mixin.py:137} INFO - [2022-12-19T19:45:43.191+0000] {dag.py:2676} INFO - Sync 1 DAGs
[2022-12-19T19:45:43.313+0000] {logging_mixin.py:137} INFO - [2022-12-19T19:45:43.313+0000] {dag.py:3427} INFO - Setting next_dagrun for example_bash_operator to 2022-12-18T00:00:00+00:00, run_after=2022-12-19T00:00:00+00:00
[2022-12-19T19:45:43.492+0000] {processor.py:175} INFO - Processing /home/airflow/.local/lib/python3.7/site-packages/airflow/example_dags/example_bash_operator.py took 0.795 seconds
[2022-12-19T19:46:14.068+0000] {processor.py:153} INFO - Started process (PID=1226) to work on /home/airflow/.local/lib/python3.7/site-packages/airflow/example_dags/example_bash_operator.py
[2022-12-19T19:46:14.070+0000] {processor.py:743} INFO - Processing file /home/airflow/.local/lib/python3.7/site-packages/airflow/example_dags/example_bash_operator.py for tasks to queue
[2022-12-19T19:46:14.072+0000] {logging_mixin.py:137} INFO - [2022-12-19T19:46:14.071+0000] {dagbag.py:538} INFO - Filling up the DagBag from /home/airflow/.local/lib/python3.7/site-packages/airflow/example_dags/example_bash_operator.py
[2022-12-19T19:46:14.111+0000] {processor.py:753} INFO - DAG(s) dict_keys(['example_bash_operator']) retrieved from /home/airflow/.local/lib/python3.7/site-packages/airflow/example_dags/example_bash_operator.py
[2022-12-19T19:46:14.308+0000] {logging_mixin.py:137} INFO - [2022-12-19T19:46:14.308+0000] {dag.py:2676} INFO - Sync 1 DAGs
[2022-12-19T19:46:14.415+0000] {logging_mixin.py:137} INFO - [2022-12-19T19:46:14.415+0000] {dag.py:3427} INFO - Setting next_dagrun for example_bash_operator to 2022-12-18T00:00:00+00:00, run_after=2022-12-19T00:00:00+00:00
[2022-12-19T19:46:14.506+0000] {processor.py:175} INFO - Processing /home/airflow/.local/lib/python3.7/site-packages/airflow/example_dags/example_bash_operator.py took 0.470 seconds
[2022-12-19T19:46:44.718+0000] {processor.py:153} INFO - Started process (PID=1312) to work on /home/airflow/.local/lib/python3.7/site-packages/airflow/example_dags/example_bash_operator.py
[2022-12-19T19:46:44.719+0000] {processor.py:743} INFO - Processing file /home/airflow/.local/lib/python3.7/site-packages/airflow/example_dags/example_bash_operator.py for tasks to queue
[2022-12-19T19:46:44.720+0000] {logging_mixin.py:137} INFO - [2022-12-19T19:46:44.720+0000] {dagbag.py:538} INFO - Filling up the DagBag from /home/airflow/.local/lib/python3.7/site-packages/airflow/example_dags/example_bash_operator.py
[2022-12-19T19:46:44.788+0000] {processor.py:753} INFO - DAG(s) dict_keys(['example_bash_operator']) retrieved from /home/airflow/.local/lib/python3.7/site-packages/airflow/example_dags/example_bash_operator.py
[2022-12-19T19:46:44.905+0000] {logging_mixin.py:137} INFO - [2022-12-19T19:46:44.904+0000] {dag.py:2676} INFO - Sync 1 DAGs
[2022-12-19T19:46:44.987+0000] {logging_mixin.py:137} INFO - [2022-12-19T19:46:44.986+0000] {dag.py:3427} INFO - Setting next_dagrun for example_bash_operator to 2022-12-18T00:00:00+00:00, run_after=2022-12-19T00:00:00+00:00
[2022-12-19T19:46:45.017+0000] {processor.py:175} INFO - Processing /home/airflow/.local/lib/python3.7/site-packages/airflow/example_dags/example_bash_operator.py took 0.303 seconds
[2022-12-19T19:47:15.735+0000] {processor.py:153} INFO - Started process (PID=1398) to work on /home/airflow/.local/lib/python3.7/site-packages/airflow/example_dags/example_bash_operator.py
[2022-12-19T19:47:15.737+0000] {processor.py:743} INFO - Processing file /home/airflow/.local/lib/python3.7/site-packages/airflow/example_dags/example_bash_operator.py for tasks to queue
[2022-12-19T19:47:15.738+0000] {logging_mixin.py:137} INFO - [2022-12-19T19:47:15.737+0000] {dagbag.py:538} INFO - Filling up the DagBag from /home/airflow/.local/lib/python3.7/site-packages/airflow/example_dags/example_bash_operator.py
[2022-12-19T19:47:15.798+0000] {processor.py:753} INFO - DAG(s) dict_keys(['example_bash_operator']) retrieved from /home/airflow/.local/lib/python3.7/site-packages/airflow/example_dags/example_bash_operator.py
[2022-12-19T19:47:15.996+0000] {logging_mixin.py:137} INFO - [2022-12-19T19:47:15.995+0000] {dag.py:2676} INFO - Sync 1 DAGs
[2022-12-19T19:47:16.091+0000] {logging_mixin.py:137} INFO - [2022-12-19T19:47:16.091+0000] {dag.py:3427} INFO - Setting next_dagrun for example_bash_operator to 2022-12-18T00:00:00+00:00, run_after=2022-12-19T00:00:00+00:00
[2022-12-19T19:47:16.117+0000] {processor.py:175} INFO - Processing /home/airflow/.local/lib/python3.7/site-packages/airflow/example_dags/example_bash_operator.py took 0.386 seconds
[2022-12-19T19:47:46.307+0000] {processor.py:153} INFO - Started process (PID=1484) to work on /home/airflow/.local/lib/python3.7/site-packages/airflow/example_dags/example_bash_operator.py
[2022-12-19T19:47:46.309+0000] {processor.py:743} INFO - Processing file /home/airflow/.local/lib/python3.7/site-packages/airflow/example_dags/example_bash_operator.py for tasks to queue
[2022-12-19T19:47:46.310+0000] {logging_mixin.py:137} INFO - [2022-12-19T19:47:46.309+0000] {dagbag.py:538} INFO - Filling up the DagBag from /home/airflow/.local/lib/python3.7/site-packages/airflow/example_dags/example_bash_operator.py
[2022-12-19T19:47:46.380+0000] {processor.py:753} INFO - DAG(s) dict_keys(['example_bash_operator']) retrieved from /home/airflow/.local/lib/python3.7/site-packages/airflow/example_dags/example_bash_operator.py
[2022-12-19T19:47:46.571+0000] {logging_mixin.py:137} INFO - [2022-12-19T19:47:46.571+0000] {dag.py:2676} INFO - Sync 1 DAGs
[2022-12-19T19:47:46.608+0000] {logging_mixin.py:137} INFO - [2022-12-19T19:47:46.608+0000] {dag.py:3427} INFO - Setting next_dagrun for example_bash_operator to 2022-12-18T00:00:00+00:00, run_after=2022-12-19T00:00:00+00:00
[2022-12-19T19:47:46.682+0000] {processor.py:175} INFO - Processing /home/airflow/.local/lib/python3.7/site-packages/airflow/example_dags/example_bash_operator.py took 0.379 seconds
[2022-12-19T19:48:17.008+0000] {processor.py:153} INFO - Started process (PID=1570) to work on /home/airflow/.local/lib/python3.7/site-packages/airflow/example_dags/example_bash_operator.py
[2022-12-19T19:48:17.009+0000] {processor.py:743} INFO - Processing file /home/airflow/.local/lib/python3.7/site-packages/airflow/example_dags/example_bash_operator.py for tasks to queue
[2022-12-19T19:48:17.010+0000] {logging_mixin.py:137} INFO - [2022-12-19T19:48:17.010+0000] {dagbag.py:538} INFO - Filling up the DagBag from /home/airflow/.local/lib/python3.7/site-packages/airflow/example_dags/example_bash_operator.py
[2022-12-19T19:48:17.076+0000] {processor.py:753} INFO - DAG(s) dict_keys(['example_bash_operator']) retrieved from /home/airflow/.local/lib/python3.7/site-packages/airflow/example_dags/example_bash_operator.py
[2022-12-19T19:48:17.205+0000] {logging_mixin.py:137} INFO - [2022-12-19T19:48:17.204+0000] {dag.py:2676} INFO - Sync 1 DAGs
[2022-12-19T19:48:17.373+0000] {logging_mixin.py:137} INFO - [2022-12-19T19:48:17.373+0000] {dag.py:3427} INFO - Setting next_dagrun for example_bash_operator to 2022-12-18T00:00:00+00:00, run_after=2022-12-19T00:00:00+00:00
[2022-12-19T19:48:17.401+0000] {processor.py:175} INFO - Processing /home/airflow/.local/lib/python3.7/site-packages/airflow/example_dags/example_bash_operator.py took 0.396 seconds
[2022-12-19T19:48:47.741+0000] {processor.py:153} INFO - Started process (PID=1656) to work on /home/airflow/.local/lib/python3.7/site-packages/airflow/example_dags/example_bash_operator.py
[2022-12-19T19:48:47.742+0000] {processor.py:743} INFO - Processing file /home/airflow/.local/lib/python3.7/site-packages/airflow/example_dags/example_bash_operator.py for tasks to queue
[2022-12-19T19:48:47.743+0000] {logging_mixin.py:137} INFO - [2022-12-19T19:48:47.743+0000] {dagbag.py:538} INFO - Filling up the DagBag from /home/airflow/.local/lib/python3.7/site-packages/airflow/example_dags/example_bash_operator.py
[2022-12-19T19:48:47.768+0000] {processor.py:753} INFO - DAG(s) dict_keys(['example_bash_operator']) retrieved from /home/airflow/.local/lib/python3.7/site-packages/airflow/example_dags/example_bash_operator.py
[2022-12-19T19:48:47.845+0000] {logging_mixin.py:137} INFO - [2022-12-19T19:48:47.845+0000] {dag.py:2676} INFO - Sync 1 DAGs
[2022-12-19T19:48:47.891+0000] {logging_mixin.py:137} INFO - [2022-12-19T19:48:47.891+0000] {dag.py:3427} INFO - Setting next_dagrun for example_bash_operator to 2022-12-18T00:00:00+00:00, run_after=2022-12-19T00:00:00+00:00
[2022-12-19T19:48:47.921+0000] {processor.py:175} INFO - Processing /home/airflow/.local/lib/python3.7/site-packages/airflow/example_dags/example_bash_operator.py took 0.183 seconds
[2022-12-19T19:49:18.710+0000] {processor.py:153} INFO - Started process (PID=1742) to work on /home/airflow/.local/lib/python3.7/site-packages/airflow/example_dags/example_bash_operator.py
[2022-12-19T19:49:18.711+0000] {processor.py:743} INFO - Processing file /home/airflow/.local/lib/python3.7/site-packages/airflow/example_dags/example_bash_operator.py for tasks to queue
[2022-12-19T19:49:18.712+0000] {logging_mixin.py:137} INFO - [2022-12-19T19:49:18.712+0000] {dagbag.py:538} INFO - Filling up the DagBag from /home/airflow/.local/lib/python3.7/site-packages/airflow/example_dags/example_bash_operator.py
[2022-12-19T19:49:18.736+0000] {processor.py:753} INFO - DAG(s) dict_keys(['example_bash_operator']) retrieved from /home/airflow/.local/lib/python3.7/site-packages/airflow/example_dags/example_bash_operator.py
[2022-12-19T19:49:18.803+0000] {logging_mixin.py:137} INFO - [2022-12-19T19:49:18.803+0000] {dag.py:2676} INFO - Sync 1 DAGs
[2022-12-19T19:49:18.834+0000] {logging_mixin.py:137} INFO - [2022-12-19T19:49:18.834+0000] {dag.py:3427} INFO - Setting next_dagrun for example_bash_operator to 2022-12-18T00:00:00+00:00, run_after=2022-12-19T00:00:00+00:00
[2022-12-19T19:49:18.856+0000] {processor.py:175} INFO - Processing /home/airflow/.local/lib/python3.7/site-packages/airflow/example_dags/example_bash_operator.py took 0.148 seconds
[2022-12-19T19:49:49.709+0000] {processor.py:153} INFO - Started process (PID=1828) to work on /home/airflow/.local/lib/python3.7/site-packages/airflow/example_dags/example_bash_operator.py
[2022-12-19T19:49:49.710+0000] {processor.py:743} INFO - Processing file /home/airflow/.local/lib/python3.7/site-packages/airflow/example_dags/example_bash_operator.py for tasks to queue
[2022-12-19T19:49:49.711+0000] {logging_mixin.py:137} INFO - [2022-12-19T19:49:49.711+0000] {dagbag.py:538} INFO - Filling up the DagBag from /home/airflow/.local/lib/python3.7/site-packages/airflow/example_dags/example_bash_operator.py
[2022-12-19T19:49:49.739+0000] {processor.py:753} INFO - DAG(s) dict_keys(['example_bash_operator']) retrieved from /home/airflow/.local/lib/python3.7/site-packages/airflow/example_dags/example_bash_operator.py
[2022-12-19T19:49:49.803+0000] {logging_mixin.py:137} INFO - [2022-12-19T19:49:49.802+0000] {dag.py:2676} INFO - Sync 1 DAGs
[2022-12-19T19:49:49.839+0000] {logging_mixin.py:137} INFO - [2022-12-19T19:49:49.838+0000] {dag.py:3427} INFO - Setting next_dagrun for example_bash_operator to 2022-12-18T00:00:00+00:00, run_after=2022-12-19T00:00:00+00:00
[2022-12-19T19:49:49.868+0000] {processor.py:175} INFO - Processing /home/airflow/.local/lib/python3.7/site-packages/airflow/example_dags/example_bash_operator.py took 0.162 seconds
[2022-12-19T19:50:20.406+0000] {processor.py:153} INFO - Started process (PID=1937) to work on /home/airflow/.local/lib/python3.7/site-packages/airflow/example_dags/example_bash_operator.py
[2022-12-19T19:50:20.407+0000] {processor.py:743} INFO - Processing file /home/airflow/.local/lib/python3.7/site-packages/airflow/example_dags/example_bash_operator.py for tasks to queue
[2022-12-19T19:50:20.408+0000] {logging_mixin.py:137} INFO - [2022-12-19T19:50:20.408+0000] {dagbag.py:538} INFO - Filling up the DagBag from /home/airflow/.local/lib/python3.7/site-packages/airflow/example_dags/example_bash_operator.py
[2022-12-19T19:50:20.434+0000] {processor.py:753} INFO - DAG(s) dict_keys(['example_bash_operator']) retrieved from /home/airflow/.local/lib/python3.7/site-packages/airflow/example_dags/example_bash_operator.py
[2022-12-19T19:50:20.528+0000] {logging_mixin.py:137} INFO - [2022-12-19T19:50:20.527+0000] {dag.py:2676} INFO - Sync 1 DAGs
[2022-12-19T19:50:20.606+0000] {logging_mixin.py:137} INFO - [2022-12-19T19:50:20.605+0000] {dag.py:3427} INFO - Setting next_dagrun for example_bash_operator to 2022-12-18T00:00:00+00:00, run_after=2022-12-19T00:00:00+00:00
[2022-12-19T19:50:20.628+0000] {processor.py:175} INFO - Processing /home/airflow/.local/lib/python3.7/site-packages/airflow/example_dags/example_bash_operator.py took 0.226 seconds
[2022-12-19T19:50:51.642+0000] {processor.py:153} INFO - Started process (PID=2023) to work on /home/airflow/.local/lib/python3.7/site-packages/airflow/example_dags/example_bash_operator.py
[2022-12-19T19:50:51.643+0000] {processor.py:743} INFO - Processing file /home/airflow/.local/lib/python3.7/site-packages/airflow/example_dags/example_bash_operator.py for tasks to queue
[2022-12-19T19:50:51.644+0000] {logging_mixin.py:137} INFO - [2022-12-19T19:50:51.644+0000] {dagbag.py:538} INFO - Filling up the DagBag from /home/airflow/.local/lib/python3.7/site-packages/airflow/example_dags/example_bash_operator.py
[2022-12-19T19:50:51.667+0000] {processor.py:753} INFO - DAG(s) dict_keys(['example_bash_operator']) retrieved from /home/airflow/.local/lib/python3.7/site-packages/airflow/example_dags/example_bash_operator.py
[2022-12-19T19:50:51.727+0000] {logging_mixin.py:137} INFO - [2022-12-19T19:50:51.727+0000] {dag.py:2676} INFO - Sync 1 DAGs
[2022-12-19T19:50:51.763+0000] {logging_mixin.py:137} INFO - [2022-12-19T19:50:51.763+0000] {dag.py:3427} INFO - Setting next_dagrun for example_bash_operator to 2022-12-18T00:00:00+00:00, run_after=2022-12-19T00:00:00+00:00
[2022-12-19T19:50:51.784+0000] {processor.py:175} INFO - Processing /home/airflow/.local/lib/python3.7/site-packages/airflow/example_dags/example_bash_operator.py took 0.144 seconds
[2022-12-19T19:51:22.586+0000] {processor.py:153} INFO - Started process (PID=2109) to work on /home/airflow/.local/lib/python3.7/site-packages/airflow/example_dags/example_bash_operator.py
[2022-12-19T19:51:22.587+0000] {processor.py:743} INFO - Processing file /home/airflow/.local/lib/python3.7/site-packages/airflow/example_dags/example_bash_operator.py for tasks to queue
[2022-12-19T19:51:22.588+0000] {logging_mixin.py:137} INFO - [2022-12-19T19:51:22.588+0000] {dagbag.py:538} INFO - Filling up the DagBag from /home/airflow/.local/lib/python3.7/site-packages/airflow/example_dags/example_bash_operator.py
[2022-12-19T19:51:22.612+0000] {processor.py:753} INFO - DAG(s) dict_keys(['example_bash_operator']) retrieved from /home/airflow/.local/lib/python3.7/site-packages/airflow/example_dags/example_bash_operator.py
[2022-12-19T19:51:22.670+0000] {logging_mixin.py:137} INFO - [2022-12-19T19:51:22.670+0000] {dag.py:2676} INFO - Sync 1 DAGs
[2022-12-19T19:51:22.699+0000] {logging_mixin.py:137} INFO - [2022-12-19T19:51:22.699+0000] {dag.py:3427} INFO - Setting next_dagrun for example_bash_operator to 2022-12-18T00:00:00+00:00, run_after=2022-12-19T00:00:00+00:00
[2022-12-19T19:51:22.719+0000] {processor.py:175} INFO - Processing /home/airflow/.local/lib/python3.7/site-packages/airflow/example_dags/example_bash_operator.py took 0.136 seconds
[2022-12-19T19:51:53.529+0000] {processor.py:153} INFO - Started process (PID=2219) to work on /home/airflow/.local/lib/python3.7/site-packages/airflow/example_dags/example_bash_operator.py
[2022-12-19T19:51:53.531+0000] {processor.py:743} INFO - Processing file /home/airflow/.local/lib/python3.7/site-packages/airflow/example_dags/example_bash_operator.py for tasks to queue
[2022-12-19T19:51:53.531+0000] {logging_mixin.py:137} INFO - [2022-12-19T19:51:53.531+0000] {dagbag.py:538} INFO - Filling up the DagBag from /home/airflow/.local/lib/python3.7/site-packages/airflow/example_dags/example_bash_operator.py
[2022-12-19T19:51:53.561+0000] {processor.py:753} INFO - DAG(s) dict_keys(['example_bash_operator']) retrieved from /home/airflow/.local/lib/python3.7/site-packages/airflow/example_dags/example_bash_operator.py
[2022-12-19T19:51:53.631+0000] {logging_mixin.py:137} INFO - [2022-12-19T19:51:53.631+0000] {dag.py:2676} INFO - Sync 1 DAGs
[2022-12-19T19:51:53.657+0000] {logging_mixin.py:137} INFO - [2022-12-19T19:51:53.657+0000] {dag.py:3427} INFO - Setting next_dagrun for example_bash_operator to 2022-12-18T00:00:00+00:00, run_after=2022-12-19T00:00:00+00:00
[2022-12-19T19:51:53.687+0000] {processor.py:175} INFO - Processing /home/airflow/.local/lib/python3.7/site-packages/airflow/example_dags/example_bash_operator.py took 0.162 seconds
[2022-12-19T19:52:23.916+0000] {processor.py:153} INFO - Started process (PID=2305) to work on /home/airflow/.local/lib/python3.7/site-packages/airflow/example_dags/example_bash_operator.py
[2022-12-19T19:52:23.917+0000] {processor.py:743} INFO - Processing file /home/airflow/.local/lib/python3.7/site-packages/airflow/example_dags/example_bash_operator.py for tasks to queue
[2022-12-19T19:52:23.918+0000] {logging_mixin.py:137} INFO - [2022-12-19T19:52:23.918+0000] {dagbag.py:538} INFO - Filling up the DagBag from /home/airflow/.local/lib/python3.7/site-packages/airflow/example_dags/example_bash_operator.py
[2022-12-19T19:52:23.946+0000] {processor.py:753} INFO - DAG(s) dict_keys(['example_bash_operator']) retrieved from /home/airflow/.local/lib/python3.7/site-packages/airflow/example_dags/example_bash_operator.py
[2022-12-19T19:52:24.014+0000] {logging_mixin.py:137} INFO - [2022-12-19T19:52:24.014+0000] {dag.py:2676} INFO - Sync 1 DAGs
[2022-12-19T19:52:24.049+0000] {logging_mixin.py:137} INFO - [2022-12-19T19:52:24.048+0000] {dag.py:3427} INFO - Setting next_dagrun for example_bash_operator to 2022-12-18T00:00:00+00:00, run_after=2022-12-19T00:00:00+00:00
[2022-12-19T19:52:24.079+0000] {processor.py:175} INFO - Processing /home/airflow/.local/lib/python3.7/site-packages/airflow/example_dags/example_bash_operator.py took 0.166 seconds
[2022-12-19T19:52:54.323+0000] {processor.py:153} INFO - Started process (PID=2391) to work on /home/airflow/.local/lib/python3.7/site-packages/airflow/example_dags/example_bash_operator.py
[2022-12-19T19:52:54.324+0000] {processor.py:743} INFO - Processing file /home/airflow/.local/lib/python3.7/site-packages/airflow/example_dags/example_bash_operator.py for tasks to queue
[2022-12-19T19:52:54.324+0000] {logging_mixin.py:137} INFO - [2022-12-19T19:52:54.324+0000] {dagbag.py:538} INFO - Filling up the DagBag from /home/airflow/.local/lib/python3.7/site-packages/airflow/example_dags/example_bash_operator.py
[2022-12-19T19:52:54.348+0000] {processor.py:753} INFO - DAG(s) dict_keys(['example_bash_operator']) retrieved from /home/airflow/.local/lib/python3.7/site-packages/airflow/example_dags/example_bash_operator.py
[2022-12-19T19:52:54.413+0000] {logging_mixin.py:137} INFO - [2022-12-19T19:52:54.413+0000] {dag.py:2676} INFO - Sync 1 DAGs
[2022-12-19T19:52:54.443+0000] {logging_mixin.py:137} INFO - [2022-12-19T19:52:54.443+0000] {dag.py:3427} INFO - Setting next_dagrun for example_bash_operator to 2022-12-18T00:00:00+00:00, run_after=2022-12-19T00:00:00+00:00
[2022-12-19T19:52:54.464+0000] {processor.py:175} INFO - Processing /home/airflow/.local/lib/python3.7/site-packages/airflow/example_dags/example_bash_operator.py took 0.144 seconds
[2022-12-19T19:53:25.362+0000] {processor.py:153} INFO - Started process (PID=2501) to work on /home/airflow/.local/lib/python3.7/site-packages/airflow/example_dags/example_bash_operator.py
[2022-12-19T19:53:25.363+0000] {processor.py:743} INFO - Processing file /home/airflow/.local/lib/python3.7/site-packages/airflow/example_dags/example_bash_operator.py for tasks to queue
[2022-12-19T19:53:25.363+0000] {logging_mixin.py:137} INFO - [2022-12-19T19:53:25.363+0000] {dagbag.py:538} INFO - Filling up the DagBag from /home/airflow/.local/lib/python3.7/site-packages/airflow/example_dags/example_bash_operator.py
[2022-12-19T19:53:25.403+0000] {processor.py:753} INFO - DAG(s) dict_keys(['example_bash_operator']) retrieved from /home/airflow/.local/lib/python3.7/site-packages/airflow/example_dags/example_bash_operator.py
[2022-12-19T19:53:25.468+0000] {logging_mixin.py:137} INFO - [2022-12-19T19:53:25.468+0000] {dag.py:2676} INFO - Sync 1 DAGs
[2022-12-19T19:53:25.513+0000] {logging_mixin.py:137} INFO - [2022-12-19T19:53:25.512+0000] {dag.py:3427} INFO - Setting next_dagrun for example_bash_operator to 2022-12-18T00:00:00+00:00, run_after=2022-12-19T00:00:00+00:00
[2022-12-19T19:53:25.535+0000] {processor.py:175} INFO - Processing /home/airflow/.local/lib/python3.7/site-packages/airflow/example_dags/example_bash_operator.py took 0.177 seconds
[2022-12-19T19:53:55.700+0000] {processor.py:153} INFO - Started process (PID=2587) to work on /home/airflow/.local/lib/python3.7/site-packages/airflow/example_dags/example_bash_operator.py
[2022-12-19T19:53:55.701+0000] {processor.py:743} INFO - Processing file /home/airflow/.local/lib/python3.7/site-packages/airflow/example_dags/example_bash_operator.py for tasks to queue
[2022-12-19T19:53:55.701+0000] {logging_mixin.py:137} INFO - [2022-12-19T19:53:55.701+0000] {dagbag.py:538} INFO - Filling up the DagBag from /home/airflow/.local/lib/python3.7/site-packages/airflow/example_dags/example_bash_operator.py
[2022-12-19T19:53:55.730+0000] {processor.py:753} INFO - DAG(s) dict_keys(['example_bash_operator']) retrieved from /home/airflow/.local/lib/python3.7/site-packages/airflow/example_dags/example_bash_operator.py
[2022-12-19T19:53:55.808+0000] {logging_mixin.py:137} INFO - [2022-12-19T19:53:55.808+0000] {dag.py:2676} INFO - Sync 1 DAGs
[2022-12-19T19:53:55.838+0000] {logging_mixin.py:137} INFO - [2022-12-19T19:53:55.838+0000] {dag.py:3427} INFO - Setting next_dagrun for example_bash_operator to 2022-12-18T00:00:00+00:00, run_after=2022-12-19T00:00:00+00:00
[2022-12-19T19:53:55.859+0000] {processor.py:175} INFO - Processing /home/airflow/.local/lib/python3.7/site-packages/airflow/example_dags/example_bash_operator.py took 0.163 seconds
[2022-12-19T19:54:25.926+0000] {processor.py:153} INFO - Started process (PID=2673) to work on /home/airflow/.local/lib/python3.7/site-packages/airflow/example_dags/example_bash_operator.py
[2022-12-19T19:54:25.927+0000] {processor.py:743} INFO - Processing file /home/airflow/.local/lib/python3.7/site-packages/airflow/example_dags/example_bash_operator.py for tasks to queue
[2022-12-19T19:54:25.927+0000] {logging_mixin.py:137} INFO - [2022-12-19T19:54:25.927+0000] {dagbag.py:538} INFO - Filling up the DagBag from /home/airflow/.local/lib/python3.7/site-packages/airflow/example_dags/example_bash_operator.py
[2022-12-19T19:54:25.951+0000] {processor.py:753} INFO - DAG(s) dict_keys(['example_bash_operator']) retrieved from /home/airflow/.local/lib/python3.7/site-packages/airflow/example_dags/example_bash_operator.py
[2022-12-19T19:54:26.018+0000] {logging_mixin.py:137} INFO - [2022-12-19T19:54:26.017+0000] {dag.py:2676} INFO - Sync 1 DAGs
[2022-12-19T19:54:26.051+0000] {logging_mixin.py:137} INFO - [2022-12-19T19:54:26.051+0000] {dag.py:3427} INFO - Setting next_dagrun for example_bash_operator to 2022-12-18T00:00:00+00:00, run_after=2022-12-19T00:00:00+00:00
[2022-12-19T19:54:26.075+0000] {processor.py:175} INFO - Processing /home/airflow/.local/lib/python3.7/site-packages/airflow/example_dags/example_bash_operator.py took 0.153 seconds
[2022-12-19T19:54:56.343+0000] {processor.py:153} INFO - Started process (PID=2769) to work on /home/airflow/.local/lib/python3.7/site-packages/airflow/example_dags/example_bash_operator.py
[2022-12-19T19:54:56.344+0000] {processor.py:743} INFO - Processing file /home/airflow/.local/lib/python3.7/site-packages/airflow/example_dags/example_bash_operator.py for tasks to queue
[2022-12-19T19:54:56.345+0000] {logging_mixin.py:137} INFO - [2022-12-19T19:54:56.345+0000] {dagbag.py:538} INFO - Filling up the DagBag from /home/airflow/.local/lib/python3.7/site-packages/airflow/example_dags/example_bash_operator.py
[2022-12-19T19:54:56.371+0000] {processor.py:753} INFO - DAG(s) dict_keys(['example_bash_operator']) retrieved from /home/airflow/.local/lib/python3.7/site-packages/airflow/example_dags/example_bash_operator.py
[2022-12-19T19:54:56.510+0000] {logging_mixin.py:137} INFO - [2022-12-19T19:54:56.510+0000] {dag.py:2676} INFO - Sync 1 DAGs
[2022-12-19T19:54:56.608+0000] {logging_mixin.py:137} INFO - [2022-12-19T19:54:56.607+0000] {dag.py:3427} INFO - Setting next_dagrun for example_bash_operator to 2022-12-18T00:00:00+00:00, run_after=2022-12-19T00:00:00+00:00
[2022-12-19T19:54:56.681+0000] {processor.py:175} INFO - Processing /home/airflow/.local/lib/python3.7/site-packages/airflow/example_dags/example_bash_operator.py took 0.341 seconds
[2022-12-19T19:55:27.589+0000] {processor.py:153} INFO - Started process (PID=2870) to work on /home/airflow/.local/lib/python3.7/site-packages/airflow/example_dags/example_bash_operator.py
[2022-12-19T19:55:27.590+0000] {processor.py:743} INFO - Processing file /home/airflow/.local/lib/python3.7/site-packages/airflow/example_dags/example_bash_operator.py for tasks to queue
[2022-12-19T19:55:27.591+0000] {logging_mixin.py:137} INFO - [2022-12-19T19:55:27.591+0000] {dagbag.py:538} INFO - Filling up the DagBag from /home/airflow/.local/lib/python3.7/site-packages/airflow/example_dags/example_bash_operator.py
[2022-12-19T19:55:27.617+0000] {processor.py:753} INFO - DAG(s) dict_keys(['example_bash_operator']) retrieved from /home/airflow/.local/lib/python3.7/site-packages/airflow/example_dags/example_bash_operator.py
[2022-12-19T19:55:27.684+0000] {logging_mixin.py:137} INFO - [2022-12-19T19:55:27.684+0000] {dag.py:2676} INFO - Sync 1 DAGs
[2022-12-19T19:55:27.720+0000] {logging_mixin.py:137} INFO - [2022-12-19T19:55:27.720+0000] {dag.py:3427} INFO - Setting next_dagrun for example_bash_operator to 2022-12-18T00:00:00+00:00, run_after=2022-12-19T00:00:00+00:00
[2022-12-19T19:55:27.744+0000] {processor.py:175} INFO - Processing /home/airflow/.local/lib/python3.7/site-packages/airflow/example_dags/example_bash_operator.py took 0.157 seconds
[2022-12-19T19:55:58.316+0000] {processor.py:153} INFO - Started process (PID=2956) to work on /home/airflow/.local/lib/python3.7/site-packages/airflow/example_dags/example_bash_operator.py
[2022-12-19T19:55:58.317+0000] {processor.py:743} INFO - Processing file /home/airflow/.local/lib/python3.7/site-packages/airflow/example_dags/example_bash_operator.py for tasks to queue
[2022-12-19T19:55:58.318+0000] {logging_mixin.py:137} INFO - [2022-12-19T19:55:58.318+0000] {dagbag.py:538} INFO - Filling up the DagBag from /home/airflow/.local/lib/python3.7/site-packages/airflow/example_dags/example_bash_operator.py
[2022-12-19T19:55:58.343+0000] {processor.py:753} INFO - DAG(s) dict_keys(['example_bash_operator']) retrieved from /home/airflow/.local/lib/python3.7/site-packages/airflow/example_dags/example_bash_operator.py
[2022-12-19T19:55:58.408+0000] {logging_mixin.py:137} INFO - [2022-12-19T19:55:58.408+0000] {dag.py:2676} INFO - Sync 1 DAGs
[2022-12-19T19:55:58.441+0000] {logging_mixin.py:137} INFO - [2022-12-19T19:55:58.441+0000] {dag.py:3427} INFO - Setting next_dagrun for example_bash_operator to 2022-12-18T00:00:00+00:00, run_after=2022-12-19T00:00:00+00:00
[2022-12-19T19:55:58.461+0000] {processor.py:175} INFO - Processing /home/airflow/.local/lib/python3.7/site-packages/airflow/example_dags/example_bash_operator.py took 0.148 seconds
[2022-12-19T19:56:28.519+0000] {processor.py:153} INFO - Started process (PID=3067) to work on /home/airflow/.local/lib/python3.7/site-packages/airflow/example_dags/example_bash_operator.py
[2022-12-19T19:56:28.521+0000] {processor.py:743} INFO - Processing file /home/airflow/.local/lib/python3.7/site-packages/airflow/example_dags/example_bash_operator.py for tasks to queue
[2022-12-19T19:56:28.522+0000] {logging_mixin.py:137} INFO - [2022-12-19T19:56:28.521+0000] {dagbag.py:538} INFO - Filling up the DagBag from /home/airflow/.local/lib/python3.7/site-packages/airflow/example_dags/example_bash_operator.py
[2022-12-19T19:56:28.549+0000] {processor.py:753} INFO - DAG(s) dict_keys(['example_bash_operator']) retrieved from /home/airflow/.local/lib/python3.7/site-packages/airflow/example_dags/example_bash_operator.py
[2022-12-19T19:56:28.612+0000] {logging_mixin.py:137} INFO - [2022-12-19T19:56:28.612+0000] {dag.py:2676} INFO - Sync 1 DAGs
[2022-12-19T19:56:28.647+0000] {logging_mixin.py:137} INFO - [2022-12-19T19:56:28.646+0000] {dag.py:3427} INFO - Setting next_dagrun for example_bash_operator to 2022-12-18T00:00:00+00:00, run_after=2022-12-19T00:00:00+00:00
[2022-12-19T19:56:28.667+0000] {processor.py:175} INFO - Processing /home/airflow/.local/lib/python3.7/site-packages/airflow/example_dags/example_bash_operator.py took 0.150 seconds
[2022-12-19T19:56:58.884+0000] {processor.py:153} INFO - Started process (PID=3153) to work on /home/airflow/.local/lib/python3.7/site-packages/airflow/example_dags/example_bash_operator.py
[2022-12-19T19:56:58.884+0000] {processor.py:743} INFO - Processing file /home/airflow/.local/lib/python3.7/site-packages/airflow/example_dags/example_bash_operator.py for tasks to queue
[2022-12-19T19:56:58.886+0000] {logging_mixin.py:137} INFO - [2022-12-19T19:56:58.886+0000] {dagbag.py:538} INFO - Filling up the DagBag from /home/airflow/.local/lib/python3.7/site-packages/airflow/example_dags/example_bash_operator.py
[2022-12-19T19:56:58.914+0000] {processor.py:753} INFO - DAG(s) dict_keys(['example_bash_operator']) retrieved from /home/airflow/.local/lib/python3.7/site-packages/airflow/example_dags/example_bash_operator.py
[2022-12-19T19:56:58.983+0000] {logging_mixin.py:137} INFO - [2022-12-19T19:56:58.982+0000] {dag.py:2676} INFO - Sync 1 DAGs
[2022-12-19T19:56:59.020+0000] {logging_mixin.py:137} INFO - [2022-12-19T19:56:59.020+0000] {dag.py:3427} INFO - Setting next_dagrun for example_bash_operator to 2022-12-18T00:00:00+00:00, run_after=2022-12-19T00:00:00+00:00
[2022-12-19T19:56:59.045+0000] {processor.py:175} INFO - Processing /home/airflow/.local/lib/python3.7/site-packages/airflow/example_dags/example_bash_operator.py took 0.165 seconds
[2022-12-19T19:57:29.432+0000] {processor.py:153} INFO - Started process (PID=3239) to work on /home/airflow/.local/lib/python3.7/site-packages/airflow/example_dags/example_bash_operator.py
[2022-12-19T19:57:29.433+0000] {processor.py:743} INFO - Processing file /home/airflow/.local/lib/python3.7/site-packages/airflow/example_dags/example_bash_operator.py for tasks to queue
[2022-12-19T19:57:29.434+0000] {logging_mixin.py:137} INFO - [2022-12-19T19:57:29.434+0000] {dagbag.py:538} INFO - Filling up the DagBag from /home/airflow/.local/lib/python3.7/site-packages/airflow/example_dags/example_bash_operator.py
[2022-12-19T19:57:29.460+0000] {processor.py:753} INFO - DAG(s) dict_keys(['example_bash_operator']) retrieved from /home/airflow/.local/lib/python3.7/site-packages/airflow/example_dags/example_bash_operator.py
[2022-12-19T19:57:29.526+0000] {logging_mixin.py:137} INFO - [2022-12-19T19:57:29.526+0000] {dag.py:2676} INFO - Sync 1 DAGs
[2022-12-19T19:57:29.558+0000] {logging_mixin.py:137} INFO - [2022-12-19T19:57:29.558+0000] {dag.py:3427} INFO - Setting next_dagrun for example_bash_operator to 2022-12-18T00:00:00+00:00, run_after=2022-12-19T00:00:00+00:00
[2022-12-19T19:57:29.579+0000] {processor.py:175} INFO - Processing /home/airflow/.local/lib/python3.7/site-packages/airflow/example_dags/example_bash_operator.py took 0.150 seconds
[2022-12-19T19:57:59.680+0000] {processor.py:153} INFO - Started process (PID=3349) to work on /home/airflow/.local/lib/python3.7/site-packages/airflow/example_dags/example_bash_operator.py
[2022-12-19T19:57:59.681+0000] {processor.py:743} INFO - Processing file /home/airflow/.local/lib/python3.7/site-packages/airflow/example_dags/example_bash_operator.py for tasks to queue
[2022-12-19T19:57:59.682+0000] {logging_mixin.py:137} INFO - [2022-12-19T19:57:59.682+0000] {dagbag.py:538} INFO - Filling up the DagBag from /home/airflow/.local/lib/python3.7/site-packages/airflow/example_dags/example_bash_operator.py
[2022-12-19T19:57:59.711+0000] {processor.py:753} INFO - DAG(s) dict_keys(['example_bash_operator']) retrieved from /home/airflow/.local/lib/python3.7/site-packages/airflow/example_dags/example_bash_operator.py
[2022-12-19T19:57:59.792+0000] {logging_mixin.py:137} INFO - [2022-12-19T19:57:59.792+0000] {dag.py:2676} INFO - Sync 1 DAGs
[2022-12-19T19:57:59.830+0000] {logging_mixin.py:137} INFO - [2022-12-19T19:57:59.830+0000] {dag.py:3427} INFO - Setting next_dagrun for example_bash_operator to 2022-12-18T00:00:00+00:00, run_after=2022-12-19T00:00:00+00:00
[2022-12-19T19:57:59.856+0000] {processor.py:175} INFO - Processing /home/airflow/.local/lib/python3.7/site-packages/airflow/example_dags/example_bash_operator.py took 0.180 seconds
[2022-12-19T19:58:30.361+0000] {processor.py:153} INFO - Started process (PID=3435) to work on /home/airflow/.local/lib/python3.7/site-packages/airflow/example_dags/example_bash_operator.py
[2022-12-19T19:58:30.362+0000] {processor.py:743} INFO - Processing file /home/airflow/.local/lib/python3.7/site-packages/airflow/example_dags/example_bash_operator.py for tasks to queue
[2022-12-19T19:58:30.363+0000] {logging_mixin.py:137} INFO - [2022-12-19T19:58:30.363+0000] {dagbag.py:538} INFO - Filling up the DagBag from /home/airflow/.local/lib/python3.7/site-packages/airflow/example_dags/example_bash_operator.py
[2022-12-19T19:58:30.389+0000] {processor.py:753} INFO - DAG(s) dict_keys(['example_bash_operator']) retrieved from /home/airflow/.local/lib/python3.7/site-packages/airflow/example_dags/example_bash_operator.py
[2022-12-19T19:58:30.473+0000] {logging_mixin.py:137} INFO - [2022-12-19T19:58:30.472+0000] {dag.py:2676} INFO - Sync 1 DAGs
[2022-12-19T19:58:30.513+0000] {logging_mixin.py:137} INFO - [2022-12-19T19:58:30.513+0000] {dag.py:3427} INFO - Setting next_dagrun for example_bash_operator to 2022-12-18T00:00:00+00:00, run_after=2022-12-19T00:00:00+00:00
[2022-12-19T19:58:30.536+0000] {processor.py:175} INFO - Processing /home/airflow/.local/lib/python3.7/site-packages/airflow/example_dags/example_bash_operator.py took 0.178 seconds
[2022-12-19T19:59:00.747+0000] {processor.py:153} INFO - Started process (PID=3521) to work on /home/airflow/.local/lib/python3.7/site-packages/airflow/example_dags/example_bash_operator.py
[2022-12-19T19:59:00.748+0000] {processor.py:743} INFO - Processing file /home/airflow/.local/lib/python3.7/site-packages/airflow/example_dags/example_bash_operator.py for tasks to queue
[2022-12-19T19:59:00.749+0000] {logging_mixin.py:137} INFO - [2022-12-19T19:59:00.749+0000] {dagbag.py:538} INFO - Filling up the DagBag from /home/airflow/.local/lib/python3.7/site-packages/airflow/example_dags/example_bash_operator.py
[2022-12-19T19:59:00.775+0000] {processor.py:753} INFO - DAG(s) dict_keys(['example_bash_operator']) retrieved from /home/airflow/.local/lib/python3.7/site-packages/airflow/example_dags/example_bash_operator.py
[2022-12-19T19:59:00.842+0000] {logging_mixin.py:137} INFO - [2022-12-19T19:59:00.841+0000] {dag.py:2676} INFO - Sync 1 DAGs
[2022-12-19T19:59:00.875+0000] {logging_mixin.py:137} INFO - [2022-12-19T19:59:00.875+0000] {dag.py:3427} INFO - Setting next_dagrun for example_bash_operator to 2022-12-18T00:00:00+00:00, run_after=2022-12-19T00:00:00+00:00
[2022-12-19T19:59:00.903+0000] {processor.py:175} INFO - Processing /home/airflow/.local/lib/python3.7/site-packages/airflow/example_dags/example_bash_operator.py took 0.158 seconds
[2022-12-19T19:59:31.035+0000] {processor.py:153} INFO - Started process (PID=3631) to work on /home/airflow/.local/lib/python3.7/site-packages/airflow/example_dags/example_bash_operator.py
[2022-12-19T19:59:31.067+0000] {processor.py:743} INFO - Processing file /home/airflow/.local/lib/python3.7/site-packages/airflow/example_dags/example_bash_operator.py for tasks to queue
[2022-12-19T19:59:31.069+0000] {logging_mixin.py:137} INFO - [2022-12-19T19:59:31.069+0000] {dagbag.py:538} INFO - Filling up the DagBag from /home/airflow/.local/lib/python3.7/site-packages/airflow/example_dags/example_bash_operator.py
[2022-12-19T19:59:31.103+0000] {processor.py:753} INFO - DAG(s) dict_keys(['example_bash_operator']) retrieved from /home/airflow/.local/lib/python3.7/site-packages/airflow/example_dags/example_bash_operator.py
[2022-12-19T19:59:31.214+0000] {logging_mixin.py:137} INFO - [2022-12-19T19:59:31.214+0000] {dag.py:2676} INFO - Sync 1 DAGs
[2022-12-19T19:59:31.289+0000] {logging_mixin.py:137} INFO - [2022-12-19T19:59:31.289+0000] {dag.py:3427} INFO - Setting next_dagrun for example_bash_operator to 2022-12-18T00:00:00+00:00, run_after=2022-12-19T00:00:00+00:00
[2022-12-19T19:59:31.319+0000] {processor.py:175} INFO - Processing /home/airflow/.local/lib/python3.7/site-packages/airflow/example_dags/example_bash_operator.py took 0.287 seconds
[2022-12-19T20:00:01.874+0000] {processor.py:153} INFO - Started process (PID=3717) to work on /home/airflow/.local/lib/python3.7/site-packages/airflow/example_dags/example_bash_operator.py
[2022-12-19T20:00:01.876+0000] {processor.py:743} INFO - Processing file /home/airflow/.local/lib/python3.7/site-packages/airflow/example_dags/example_bash_operator.py for tasks to queue
[2022-12-19T20:00:01.876+0000] {logging_mixin.py:137} INFO - [2022-12-19T20:00:01.876+0000] {dagbag.py:538} INFO - Filling up the DagBag from /home/airflow/.local/lib/python3.7/site-packages/airflow/example_dags/example_bash_operator.py
[2022-12-19T20:00:01.901+0000] {processor.py:753} INFO - DAG(s) dict_keys(['example_bash_operator']) retrieved from /home/airflow/.local/lib/python3.7/site-packages/airflow/example_dags/example_bash_operator.py
[2022-12-19T20:00:01.968+0000] {logging_mixin.py:137} INFO - [2022-12-19T20:00:01.968+0000] {dag.py:2676} INFO - Sync 1 DAGs
[2022-12-19T20:00:02.003+0000] {logging_mixin.py:137} INFO - [2022-12-19T20:00:02.003+0000] {dag.py:3427} INFO - Setting next_dagrun for example_bash_operator to 2022-12-18T00:00:00+00:00, run_after=2022-12-19T00:00:00+00:00
[2022-12-19T20:00:02.025+0000] {processor.py:175} INFO - Processing /home/airflow/.local/lib/python3.7/site-packages/airflow/example_dags/example_bash_operator.py took 0.154 seconds
[2022-12-19T20:00:32.445+0000] {processor.py:153} INFO - Started process (PID=3804) to work on /home/airflow/.local/lib/python3.7/site-packages/airflow/example_dags/example_bash_operator.py
[2022-12-19T20:00:32.446+0000] {processor.py:743} INFO - Processing file /home/airflow/.local/lib/python3.7/site-packages/airflow/example_dags/example_bash_operator.py for tasks to queue
[2022-12-19T20:00:32.447+0000] {logging_mixin.py:137} INFO - [2022-12-19T20:00:32.447+0000] {dagbag.py:538} INFO - Filling up the DagBag from /home/airflow/.local/lib/python3.7/site-packages/airflow/example_dags/example_bash_operator.py
[2022-12-19T20:00:32.472+0000] {processor.py:753} INFO - DAG(s) dict_keys(['example_bash_operator']) retrieved from /home/airflow/.local/lib/python3.7/site-packages/airflow/example_dags/example_bash_operator.py
[2022-12-19T20:00:32.530+0000] {logging_mixin.py:137} INFO - [2022-12-19T20:00:32.530+0000] {dag.py:2676} INFO - Sync 1 DAGs
[2022-12-19T20:00:32.564+0000] {logging_mixin.py:137} INFO - [2022-12-19T20:00:32.564+0000] {dag.py:3427} INFO - Setting next_dagrun for example_bash_operator to 2022-12-18T00:00:00+00:00, run_after=2022-12-19T00:00:00+00:00
[2022-12-19T20:00:32.588+0000] {processor.py:175} INFO - Processing /home/airflow/.local/lib/python3.7/site-packages/airflow/example_dags/example_bash_operator.py took 0.146 seconds
[2022-12-19T20:01:03.098+0000] {processor.py:153} INFO - Started process (PID=3914) to work on /home/airflow/.local/lib/python3.7/site-packages/airflow/example_dags/example_bash_operator.py
[2022-12-19T20:01:03.099+0000] {processor.py:743} INFO - Processing file /home/airflow/.local/lib/python3.7/site-packages/airflow/example_dags/example_bash_operator.py for tasks to queue
[2022-12-19T20:01:03.099+0000] {logging_mixin.py:137} INFO - [2022-12-19T20:01:03.099+0000] {dagbag.py:538} INFO - Filling up the DagBag from /home/airflow/.local/lib/python3.7/site-packages/airflow/example_dags/example_bash_operator.py
[2022-12-19T20:01:03.127+0000] {processor.py:753} INFO - DAG(s) dict_keys(['example_bash_operator']) retrieved from /home/airflow/.local/lib/python3.7/site-packages/airflow/example_dags/example_bash_operator.py
[2022-12-19T20:01:03.228+0000] {logging_mixin.py:137} INFO - [2022-12-19T20:01:03.228+0000] {dag.py:2676} INFO - Sync 1 DAGs
[2022-12-19T20:01:03.263+0000] {logging_mixin.py:137} INFO - [2022-12-19T20:01:03.262+0000] {dag.py:3427} INFO - Setting next_dagrun for example_bash_operator to 2022-12-18T00:00:00+00:00, run_after=2022-12-19T00:00:00+00:00
[2022-12-19T20:01:03.290+0000] {processor.py:175} INFO - Processing /home/airflow/.local/lib/python3.7/site-packages/airflow/example_dags/example_bash_operator.py took 0.195 seconds
[2022-12-19T20:01:34.292+0000] {processor.py:153} INFO - Started process (PID=4000) to work on /home/airflow/.local/lib/python3.7/site-packages/airflow/example_dags/example_bash_operator.py
[2022-12-19T20:01:34.293+0000] {processor.py:743} INFO - Processing file /home/airflow/.local/lib/python3.7/site-packages/airflow/example_dags/example_bash_operator.py for tasks to queue
[2022-12-19T20:01:34.293+0000] {logging_mixin.py:137} INFO - [2022-12-19T20:01:34.293+0000] {dagbag.py:538} INFO - Filling up the DagBag from /home/airflow/.local/lib/python3.7/site-packages/airflow/example_dags/example_bash_operator.py
[2022-12-19T20:01:34.317+0000] {processor.py:753} INFO - DAG(s) dict_keys(['example_bash_operator']) retrieved from /home/airflow/.local/lib/python3.7/site-packages/airflow/example_dags/example_bash_operator.py
[2022-12-19T20:01:34.391+0000] {logging_mixin.py:137} INFO - [2022-12-19T20:01:34.391+0000] {dag.py:2676} INFO - Sync 1 DAGs
[2022-12-19T20:01:34.435+0000] {logging_mixin.py:137} INFO - [2022-12-19T20:01:34.434+0000] {dag.py:3427} INFO - Setting next_dagrun for example_bash_operator to 2022-12-18T00:00:00+00:00, run_after=2022-12-19T00:00:00+00:00
[2022-12-19T20:01:34.460+0000] {processor.py:175} INFO - Processing /home/airflow/.local/lib/python3.7/site-packages/airflow/example_dags/example_bash_operator.py took 0.171 seconds
[2022-12-19T20:02:04.560+0000] {processor.py:153} INFO - Started process (PID=4087) to work on /home/airflow/.local/lib/python3.7/site-packages/airflow/example_dags/example_bash_operator.py
[2022-12-19T20:02:04.561+0000] {processor.py:743} INFO - Processing file /home/airflow/.local/lib/python3.7/site-packages/airflow/example_dags/example_bash_operator.py for tasks to queue
[2022-12-19T20:02:04.562+0000] {logging_mixin.py:137} INFO - [2022-12-19T20:02:04.562+0000] {dagbag.py:538} INFO - Filling up the DagBag from /home/airflow/.local/lib/python3.7/site-packages/airflow/example_dags/example_bash_operator.py
[2022-12-19T20:02:04.590+0000] {processor.py:753} INFO - DAG(s) dict_keys(['example_bash_operator']) retrieved from /home/airflow/.local/lib/python3.7/site-packages/airflow/example_dags/example_bash_operator.py
[2022-12-19T20:02:04.653+0000] {logging_mixin.py:137} INFO - [2022-12-19T20:02:04.653+0000] {dag.py:2676} INFO - Sync 1 DAGs
[2022-12-19T20:02:04.686+0000] {logging_mixin.py:137} INFO - [2022-12-19T20:02:04.686+0000] {dag.py:3427} INFO - Setting next_dagrun for example_bash_operator to 2022-12-18T00:00:00+00:00, run_after=2022-12-19T00:00:00+00:00
[2022-12-19T20:02:04.708+0000] {processor.py:175} INFO - Processing /home/airflow/.local/lib/python3.7/site-packages/airflow/example_dags/example_bash_operator.py took 0.151 seconds
[2022-12-19T20:02:34.975+0000] {processor.py:153} INFO - Started process (PID=4197) to work on /home/airflow/.local/lib/python3.7/site-packages/airflow/example_dags/example_bash_operator.py
[2022-12-19T20:02:34.976+0000] {processor.py:743} INFO - Processing file /home/airflow/.local/lib/python3.7/site-packages/airflow/example_dags/example_bash_operator.py for tasks to queue
[2022-12-19T20:02:34.977+0000] {logging_mixin.py:137} INFO - [2022-12-19T20:02:34.977+0000] {dagbag.py:538} INFO - Filling up the DagBag from /home/airflow/.local/lib/python3.7/site-packages/airflow/example_dags/example_bash_operator.py
[2022-12-19T20:02:35.002+0000] {processor.py:753} INFO - DAG(s) dict_keys(['example_bash_operator']) retrieved from /home/airflow/.local/lib/python3.7/site-packages/airflow/example_dags/example_bash_operator.py
[2022-12-19T20:02:35.062+0000] {logging_mixin.py:137} INFO - [2022-12-19T20:02:35.062+0000] {dag.py:2676} INFO - Sync 1 DAGs
[2022-12-19T20:02:35.098+0000] {logging_mixin.py:137} INFO - [2022-12-19T20:02:35.098+0000] {dag.py:3427} INFO - Setting next_dagrun for example_bash_operator to 2022-12-18T00:00:00+00:00, run_after=2022-12-19T00:00:00+00:00
[2022-12-19T20:02:35.117+0000] {processor.py:175} INFO - Processing /home/airflow/.local/lib/python3.7/site-packages/airflow/example_dags/example_bash_operator.py took 0.145 seconds
[2022-12-19T20:03:05.891+0000] {processor.py:153} INFO - Started process (PID=4284) to work on /home/airflow/.local/lib/python3.7/site-packages/airflow/example_dags/example_bash_operator.py
[2022-12-19T20:03:05.892+0000] {processor.py:743} INFO - Processing file /home/airflow/.local/lib/python3.7/site-packages/airflow/example_dags/example_bash_operator.py for tasks to queue
[2022-12-19T20:03:05.893+0000] {logging_mixin.py:137} INFO - [2022-12-19T20:03:05.892+0000] {dagbag.py:538} INFO - Filling up the DagBag from /home/airflow/.local/lib/python3.7/site-packages/airflow/example_dags/example_bash_operator.py
[2022-12-19T20:03:05.916+0000] {processor.py:753} INFO - DAG(s) dict_keys(['example_bash_operator']) retrieved from /home/airflow/.local/lib/python3.7/site-packages/airflow/example_dags/example_bash_operator.py
[2022-12-19T20:03:05.976+0000] {logging_mixin.py:137} INFO - [2022-12-19T20:03:05.976+0000] {dag.py:2676} INFO - Sync 1 DAGs
[2022-12-19T20:03:06.008+0000] {logging_mixin.py:137} INFO - [2022-12-19T20:03:06.008+0000] {dag.py:3427} INFO - Setting next_dagrun for example_bash_operator to 2022-12-18T00:00:00+00:00, run_after=2022-12-19T00:00:00+00:00
[2022-12-19T20:03:06.026+0000] {processor.py:175} INFO - Processing /home/airflow/.local/lib/python3.7/site-packages/airflow/example_dags/example_bash_operator.py took 0.138 seconds
[2022-12-19T20:03:36.103+0000] {processor.py:153} INFO - Started process (PID=4370) to work on /home/airflow/.local/lib/python3.7/site-packages/airflow/example_dags/example_bash_operator.py
[2022-12-19T20:03:36.104+0000] {processor.py:743} INFO - Processing file /home/airflow/.local/lib/python3.7/site-packages/airflow/example_dags/example_bash_operator.py for tasks to queue
[2022-12-19T20:03:36.105+0000] {logging_mixin.py:137} INFO - [2022-12-19T20:03:36.105+0000] {dagbag.py:538} INFO - Filling up the DagBag from /home/airflow/.local/lib/python3.7/site-packages/airflow/example_dags/example_bash_operator.py
[2022-12-19T20:03:36.129+0000] {processor.py:753} INFO - DAG(s) dict_keys(['example_bash_operator']) retrieved from /home/airflow/.local/lib/python3.7/site-packages/airflow/example_dags/example_bash_operator.py
[2022-12-19T20:03:36.190+0000] {logging_mixin.py:137} INFO - [2022-12-19T20:03:36.190+0000] {dag.py:2676} INFO - Sync 1 DAGs
[2022-12-19T20:03:36.221+0000] {logging_mixin.py:137} INFO - [2022-12-19T20:03:36.221+0000] {dag.py:3427} INFO - Setting next_dagrun for example_bash_operator to 2022-12-18T00:00:00+00:00, run_after=2022-12-19T00:00:00+00:00
[2022-12-19T20:03:36.245+0000] {processor.py:175} INFO - Processing /home/airflow/.local/lib/python3.7/site-packages/airflow/example_dags/example_bash_operator.py took 0.145 seconds
[2022-12-19T20:04:06.997+0000] {processor.py:153} INFO - Started process (PID=4481) to work on /home/airflow/.local/lib/python3.7/site-packages/airflow/example_dags/example_bash_operator.py
[2022-12-19T20:04:06.999+0000] {processor.py:743} INFO - Processing file /home/airflow/.local/lib/python3.7/site-packages/airflow/example_dags/example_bash_operator.py for tasks to queue
[2022-12-19T20:04:06.999+0000] {logging_mixin.py:137} INFO - [2022-12-19T20:04:06.999+0000] {dagbag.py:538} INFO - Filling up the DagBag from /home/airflow/.local/lib/python3.7/site-packages/airflow/example_dags/example_bash_operator.py
[2022-12-19T20:04:07.025+0000] {processor.py:753} INFO - DAG(s) dict_keys(['example_bash_operator']) retrieved from /home/airflow/.local/lib/python3.7/site-packages/airflow/example_dags/example_bash_operator.py
[2022-12-19T20:04:07.093+0000] {logging_mixin.py:137} INFO - [2022-12-19T20:04:07.092+0000] {dag.py:2676} INFO - Sync 1 DAGs
[2022-12-19T20:04:07.131+0000] {logging_mixin.py:137} INFO - [2022-12-19T20:04:07.131+0000] {dag.py:3427} INFO - Setting next_dagrun for example_bash_operator to 2022-12-18T00:00:00+00:00, run_after=2022-12-19T00:00:00+00:00
[2022-12-19T20:04:07.155+0000] {processor.py:175} INFO - Processing /home/airflow/.local/lib/python3.7/site-packages/airflow/example_dags/example_bash_operator.py took 0.161 seconds
[2022-12-19T20:04:37.296+0000] {processor.py:153} INFO - Started process (PID=4567) to work on /home/airflow/.local/lib/python3.7/site-packages/airflow/example_dags/example_bash_operator.py
[2022-12-19T20:04:37.297+0000] {processor.py:743} INFO - Processing file /home/airflow/.local/lib/python3.7/site-packages/airflow/example_dags/example_bash_operator.py for tasks to queue
[2022-12-19T20:04:37.297+0000] {logging_mixin.py:137} INFO - [2022-12-19T20:04:37.297+0000] {dagbag.py:538} INFO - Filling up the DagBag from /home/airflow/.local/lib/python3.7/site-packages/airflow/example_dags/example_bash_operator.py
[2022-12-19T20:04:37.323+0000] {processor.py:753} INFO - DAG(s) dict_keys(['example_bash_operator']) retrieved from /home/airflow/.local/lib/python3.7/site-packages/airflow/example_dags/example_bash_operator.py
[2022-12-19T20:04:37.383+0000] {logging_mixin.py:137} INFO - [2022-12-19T20:04:37.383+0000] {dag.py:2676} INFO - Sync 1 DAGs
[2022-12-19T20:04:37.418+0000] {logging_mixin.py:137} INFO - [2022-12-19T20:04:37.418+0000] {dag.py:3427} INFO - Setting next_dagrun for example_bash_operator to 2022-12-18T00:00:00+00:00, run_after=2022-12-19T00:00:00+00:00
[2022-12-19T20:04:37.439+0000] {processor.py:175} INFO - Processing /home/airflow/.local/lib/python3.7/site-packages/airflow/example_dags/example_bash_operator.py took 0.147 seconds
[2022-12-19T20:05:07.965+0000] {processor.py:153} INFO - Started process (PID=4662) to work on /home/airflow/.local/lib/python3.7/site-packages/airflow/example_dags/example_bash_operator.py
[2022-12-19T20:05:07.966+0000] {processor.py:743} INFO - Processing file /home/airflow/.local/lib/python3.7/site-packages/airflow/example_dags/example_bash_operator.py for tasks to queue
[2022-12-19T20:05:07.967+0000] {logging_mixin.py:137} INFO - [2022-12-19T20:05:07.967+0000] {dagbag.py:538} INFO - Filling up the DagBag from /home/airflow/.local/lib/python3.7/site-packages/airflow/example_dags/example_bash_operator.py
[2022-12-19T20:05:07.991+0000] {processor.py:753} INFO - DAG(s) dict_keys(['example_bash_operator']) retrieved from /home/airflow/.local/lib/python3.7/site-packages/airflow/example_dags/example_bash_operator.py
[2022-12-19T20:05:08.052+0000] {logging_mixin.py:137} INFO - [2022-12-19T20:05:08.052+0000] {dag.py:2676} INFO - Sync 1 DAGs
[2022-12-19T20:05:08.084+0000] {logging_mixin.py:137} INFO - [2022-12-19T20:05:08.084+0000] {dag.py:3427} INFO - Setting next_dagrun for example_bash_operator to 2022-12-18T00:00:00+00:00, run_after=2022-12-19T00:00:00+00:00
[2022-12-19T20:05:08.103+0000] {processor.py:175} INFO - Processing /home/airflow/.local/lib/python3.7/site-packages/airflow/example_dags/example_bash_operator.py took 0.142 seconds
[2022-12-19T20:05:38.433+0000] {processor.py:153} INFO - Started process (PID=4763) to work on /home/airflow/.local/lib/python3.7/site-packages/airflow/example_dags/example_bash_operator.py
[2022-12-19T20:05:38.434+0000] {processor.py:743} INFO - Processing file /home/airflow/.local/lib/python3.7/site-packages/airflow/example_dags/example_bash_operator.py for tasks to queue
[2022-12-19T20:05:38.435+0000] {logging_mixin.py:137} INFO - [2022-12-19T20:05:38.434+0000] {dagbag.py:538} INFO - Filling up the DagBag from /home/airflow/.local/lib/python3.7/site-packages/airflow/example_dags/example_bash_operator.py
[2022-12-19T20:05:38.463+0000] {processor.py:753} INFO - DAG(s) dict_keys(['example_bash_operator']) retrieved from /home/airflow/.local/lib/python3.7/site-packages/airflow/example_dags/example_bash_operator.py
[2022-12-19T20:05:38.524+0000] {logging_mixin.py:137} INFO - [2022-12-19T20:05:38.524+0000] {dag.py:2676} INFO - Sync 1 DAGs
[2022-12-19T20:05:38.559+0000] {logging_mixin.py:137} INFO - [2022-12-19T20:05:38.558+0000] {dag.py:3427} INFO - Setting next_dagrun for example_bash_operator to 2022-12-18T00:00:00+00:00, run_after=2022-12-19T00:00:00+00:00
[2022-12-19T20:05:38.580+0000] {processor.py:175} INFO - Processing /home/airflow/.local/lib/python3.7/site-packages/airflow/example_dags/example_bash_operator.py took 0.151 seconds
[2022-12-19T20:06:08.719+0000] {processor.py:153} INFO - Started process (PID=4849) to work on /home/airflow/.local/lib/python3.7/site-packages/airflow/example_dags/example_bash_operator.py
[2022-12-19T20:06:08.721+0000] {processor.py:743} INFO - Processing file /home/airflow/.local/lib/python3.7/site-packages/airflow/example_dags/example_bash_operator.py for tasks to queue
[2022-12-19T20:06:08.721+0000] {logging_mixin.py:137} INFO - [2022-12-19T20:06:08.721+0000] {dagbag.py:538} INFO - Filling up the DagBag from /home/airflow/.local/lib/python3.7/site-packages/airflow/example_dags/example_bash_operator.py
[2022-12-19T20:06:08.746+0000] {processor.py:753} INFO - DAG(s) dict_keys(['example_bash_operator']) retrieved from /home/airflow/.local/lib/python3.7/site-packages/airflow/example_dags/example_bash_operator.py
[2022-12-19T20:06:08.820+0000] {logging_mixin.py:137} INFO - [2022-12-19T20:06:08.820+0000] {dag.py:2676} INFO - Sync 1 DAGs
[2022-12-19T20:06:08.857+0000] {logging_mixin.py:137} INFO - [2022-12-19T20:06:08.857+0000] {dag.py:3427} INFO - Setting next_dagrun for example_bash_operator to 2022-12-18T00:00:00+00:00, run_after=2022-12-19T00:00:00+00:00
[2022-12-19T20:06:08.881+0000] {processor.py:175} INFO - Processing /home/airflow/.local/lib/python3.7/site-packages/airflow/example_dags/example_bash_operator.py took 0.165 seconds
[2022-12-19T20:06:39.063+0000] {processor.py:153} INFO - Started process (PID=4944) to work on /home/airflow/.local/lib/python3.7/site-packages/airflow/example_dags/example_bash_operator.py
[2022-12-19T20:06:39.064+0000] {processor.py:743} INFO - Processing file /home/airflow/.local/lib/python3.7/site-packages/airflow/example_dags/example_bash_operator.py for tasks to queue
[2022-12-19T20:06:39.065+0000] {logging_mixin.py:137} INFO - [2022-12-19T20:06:39.065+0000] {dagbag.py:538} INFO - Filling up the DagBag from /home/airflow/.local/lib/python3.7/site-packages/airflow/example_dags/example_bash_operator.py
[2022-12-19T20:06:39.099+0000] {processor.py:753} INFO - DAG(s) dict_keys(['example_bash_operator']) retrieved from /home/airflow/.local/lib/python3.7/site-packages/airflow/example_dags/example_bash_operator.py
[2022-12-19T20:06:39.178+0000] {logging_mixin.py:137} INFO - [2022-12-19T20:06:39.178+0000] {dag.py:2676} INFO - Sync 1 DAGs
[2022-12-19T20:06:39.282+0000] {logging_mixin.py:137} INFO - [2022-12-19T20:06:39.281+0000] {dag.py:3427} INFO - Setting next_dagrun for example_bash_operator to 2022-12-18T00:00:00+00:00, run_after=2022-12-19T00:00:00+00:00
[2022-12-19T20:06:39.310+0000] {processor.py:175} INFO - Processing /home/airflow/.local/lib/python3.7/site-packages/airflow/example_dags/example_bash_operator.py took 0.251 seconds
[2022-12-19T20:07:09.980+0000] {processor.py:153} INFO - Started process (PID=5046) to work on /home/airflow/.local/lib/python3.7/site-packages/airflow/example_dags/example_bash_operator.py
[2022-12-19T20:07:09.981+0000] {processor.py:743} INFO - Processing file /home/airflow/.local/lib/python3.7/site-packages/airflow/example_dags/example_bash_operator.py for tasks to queue
[2022-12-19T20:07:09.982+0000] {logging_mixin.py:137} INFO - [2022-12-19T20:07:09.982+0000] {dagbag.py:538} INFO - Filling up the DagBag from /home/airflow/.local/lib/python3.7/site-packages/airflow/example_dags/example_bash_operator.py
[2022-12-19T20:07:10.011+0000] {processor.py:753} INFO - DAG(s) dict_keys(['example_bash_operator']) retrieved from /home/airflow/.local/lib/python3.7/site-packages/airflow/example_dags/example_bash_operator.py
[2022-12-19T20:07:10.071+0000] {logging_mixin.py:137} INFO - [2022-12-19T20:07:10.071+0000] {dag.py:2676} INFO - Sync 1 DAGs
[2022-12-19T20:07:10.105+0000] {logging_mixin.py:137} INFO - [2022-12-19T20:07:10.105+0000] {dag.py:3427} INFO - Setting next_dagrun for example_bash_operator to 2022-12-18T00:00:00+00:00, run_after=2022-12-19T00:00:00+00:00
[2022-12-19T20:07:10.127+0000] {processor.py:175} INFO - Processing /home/airflow/.local/lib/python3.7/site-packages/airflow/example_dags/example_bash_operator.py took 0.150 seconds
[2022-12-19T20:07:40.372+0000] {processor.py:153} INFO - Started process (PID=5132) to work on /home/airflow/.local/lib/python3.7/site-packages/airflow/example_dags/example_bash_operator.py
[2022-12-19T20:07:40.373+0000] {processor.py:743} INFO - Processing file /home/airflow/.local/lib/python3.7/site-packages/airflow/example_dags/example_bash_operator.py for tasks to queue
[2022-12-19T20:07:40.373+0000] {logging_mixin.py:137} INFO - [2022-12-19T20:07:40.373+0000] {dagbag.py:538} INFO - Filling up the DagBag from /home/airflow/.local/lib/python3.7/site-packages/airflow/example_dags/example_bash_operator.py
[2022-12-19T20:07:40.399+0000] {processor.py:753} INFO - DAG(s) dict_keys(['example_bash_operator']) retrieved from /home/airflow/.local/lib/python3.7/site-packages/airflow/example_dags/example_bash_operator.py
[2022-12-19T20:07:40.461+0000] {logging_mixin.py:137} INFO - [2022-12-19T20:07:40.461+0000] {dag.py:2676} INFO - Sync 1 DAGs
[2022-12-19T20:07:40.494+0000] {logging_mixin.py:137} INFO - [2022-12-19T20:07:40.494+0000] {dag.py:3427} INFO - Setting next_dagrun for example_bash_operator to 2022-12-18T00:00:00+00:00, run_after=2022-12-19T00:00:00+00:00
[2022-12-19T20:07:40.515+0000] {processor.py:175} INFO - Processing /home/airflow/.local/lib/python3.7/site-packages/airflow/example_dags/example_bash_operator.py took 0.147 seconds
[2022-12-19T20:08:10.555+0000] {processor.py:153} INFO - Started process (PID=5242) to work on /home/airflow/.local/lib/python3.7/site-packages/airflow/example_dags/example_bash_operator.py
[2022-12-19T20:08:10.555+0000] {processor.py:743} INFO - Processing file /home/airflow/.local/lib/python3.7/site-packages/airflow/example_dags/example_bash_operator.py for tasks to queue
[2022-12-19T20:08:10.556+0000] {logging_mixin.py:137} INFO - [2022-12-19T20:08:10.556+0000] {dagbag.py:538} INFO - Filling up the DagBag from /home/airflow/.local/lib/python3.7/site-packages/airflow/example_dags/example_bash_operator.py
[2022-12-19T20:08:10.579+0000] {processor.py:753} INFO - DAG(s) dict_keys(['example_bash_operator']) retrieved from /home/airflow/.local/lib/python3.7/site-packages/airflow/example_dags/example_bash_operator.py
[2022-12-19T20:08:10.643+0000] {logging_mixin.py:137} INFO - [2022-12-19T20:08:10.642+0000] {dag.py:2676} INFO - Sync 1 DAGs
[2022-12-19T20:08:10.677+0000] {logging_mixin.py:137} INFO - [2022-12-19T20:08:10.676+0000] {dag.py:3427} INFO - Setting next_dagrun for example_bash_operator to 2022-12-18T00:00:00+00:00, run_after=2022-12-19T00:00:00+00:00
[2022-12-19T20:08:10.698+0000] {processor.py:175} INFO - Processing /home/airflow/.local/lib/python3.7/site-packages/airflow/example_dags/example_bash_operator.py took 0.146 seconds
[2022-12-19T20:08:41.015+0000] {processor.py:153} INFO - Started process (PID=5328) to work on /home/airflow/.local/lib/python3.7/site-packages/airflow/example_dags/example_bash_operator.py
[2022-12-19T20:08:41.016+0000] {processor.py:743} INFO - Processing file /home/airflow/.local/lib/python3.7/site-packages/airflow/example_dags/example_bash_operator.py for tasks to queue
[2022-12-19T20:08:41.017+0000] {logging_mixin.py:137} INFO - [2022-12-19T20:08:41.017+0000] {dagbag.py:538} INFO - Filling up the DagBag from /home/airflow/.local/lib/python3.7/site-packages/airflow/example_dags/example_bash_operator.py
[2022-12-19T20:08:41.102+0000] {processor.py:753} INFO - DAG(s) dict_keys(['example_bash_operator']) retrieved from /home/airflow/.local/lib/python3.7/site-packages/airflow/example_dags/example_bash_operator.py
[2022-12-19T20:08:41.271+0000] {logging_mixin.py:137} INFO - [2022-12-19T20:08:41.271+0000] {dag.py:2676} INFO - Sync 1 DAGs
[2022-12-19T20:08:41.307+0000] {logging_mixin.py:137} INFO - [2022-12-19T20:08:41.307+0000] {dag.py:3427} INFO - Setting next_dagrun for example_bash_operator to 2022-12-18T00:00:00+00:00, run_after=2022-12-19T00:00:00+00:00
[2022-12-19T20:08:41.372+0000] {processor.py:175} INFO - Processing /home/airflow/.local/lib/python3.7/site-packages/airflow/example_dags/example_bash_operator.py took 0.361 seconds
[2022-12-19T20:09:12.394+0000] {processor.py:153} INFO - Started process (PID=5414) to work on /home/airflow/.local/lib/python3.7/site-packages/airflow/example_dags/example_bash_operator.py
[2022-12-19T20:09:12.395+0000] {processor.py:743} INFO - Processing file /home/airflow/.local/lib/python3.7/site-packages/airflow/example_dags/example_bash_operator.py for tasks to queue
[2022-12-19T20:09:12.396+0000] {logging_mixin.py:137} INFO - [2022-12-19T20:09:12.396+0000] {dagbag.py:538} INFO - Filling up the DagBag from /home/airflow/.local/lib/python3.7/site-packages/airflow/example_dags/example_bash_operator.py
[2022-12-19T20:09:12.421+0000] {processor.py:753} INFO - DAG(s) dict_keys(['example_bash_operator']) retrieved from /home/airflow/.local/lib/python3.7/site-packages/airflow/example_dags/example_bash_operator.py
[2022-12-19T20:09:12.480+0000] {logging_mixin.py:137} INFO - [2022-12-19T20:09:12.480+0000] {dag.py:2676} INFO - Sync 1 DAGs
[2022-12-19T20:09:12.512+0000] {logging_mixin.py:137} INFO - [2022-12-19T20:09:12.512+0000] {dag.py:3427} INFO - Setting next_dagrun for example_bash_operator to 2022-12-18T00:00:00+00:00, run_after=2022-12-19T00:00:00+00:00
[2022-12-19T20:09:12.531+0000] {processor.py:175} INFO - Processing /home/airflow/.local/lib/python3.7/site-packages/airflow/example_dags/example_bash_operator.py took 0.139 seconds
[2022-12-19T20:09:42.829+0000] {processor.py:153} INFO - Started process (PID=5524) to work on /home/airflow/.local/lib/python3.7/site-packages/airflow/example_dags/example_bash_operator.py
[2022-12-19T20:09:42.830+0000] {processor.py:743} INFO - Processing file /home/airflow/.local/lib/python3.7/site-packages/airflow/example_dags/example_bash_operator.py for tasks to queue
[2022-12-19T20:09:42.830+0000] {logging_mixin.py:137} INFO - [2022-12-19T20:09:42.830+0000] {dagbag.py:538} INFO - Filling up the DagBag from /home/airflow/.local/lib/python3.7/site-packages/airflow/example_dags/example_bash_operator.py
[2022-12-19T20:09:42.853+0000] {processor.py:753} INFO - DAG(s) dict_keys(['example_bash_operator']) retrieved from /home/airflow/.local/lib/python3.7/site-packages/airflow/example_dags/example_bash_operator.py
[2022-12-19T20:09:42.912+0000] {logging_mixin.py:137} INFO - [2022-12-19T20:09:42.911+0000] {dag.py:2676} INFO - Sync 1 DAGs
[2022-12-19T20:09:42.943+0000] {logging_mixin.py:137} INFO - [2022-12-19T20:09:42.942+0000] {dag.py:3427} INFO - Setting next_dagrun for example_bash_operator to 2022-12-18T00:00:00+00:00, run_after=2022-12-19T00:00:00+00:00
[2022-12-19T20:09:42.963+0000] {processor.py:175} INFO - Processing /home/airflow/.local/lib/python3.7/site-packages/airflow/example_dags/example_bash_operator.py took 0.138 seconds
[2022-12-19T20:10:13.070+0000] {processor.py:153} INFO - Started process (PID=5610) to work on /home/airflow/.local/lib/python3.7/site-packages/airflow/example_dags/example_bash_operator.py
[2022-12-19T20:10:13.071+0000] {processor.py:743} INFO - Processing file /home/airflow/.local/lib/python3.7/site-packages/airflow/example_dags/example_bash_operator.py for tasks to queue
[2022-12-19T20:10:13.072+0000] {logging_mixin.py:137} INFO - [2022-12-19T20:10:13.072+0000] {dagbag.py:538} INFO - Filling up the DagBag from /home/airflow/.local/lib/python3.7/site-packages/airflow/example_dags/example_bash_operator.py
[2022-12-19T20:10:13.095+0000] {processor.py:753} INFO - DAG(s) dict_keys(['example_bash_operator']) retrieved from /home/airflow/.local/lib/python3.7/site-packages/airflow/example_dags/example_bash_operator.py
[2022-12-19T20:10:13.148+0000] {logging_mixin.py:137} INFO - [2022-12-19T20:10:13.148+0000] {dag.py:2676} INFO - Sync 1 DAGs
[2022-12-19T20:10:13.178+0000] {logging_mixin.py:137} INFO - [2022-12-19T20:10:13.178+0000] {dag.py:3427} INFO - Setting next_dagrun for example_bash_operator to 2022-12-18T00:00:00+00:00, run_after=2022-12-19T00:00:00+00:00
[2022-12-19T20:10:13.198+0000] {processor.py:175} INFO - Processing /home/airflow/.local/lib/python3.7/site-packages/airflow/example_dags/example_bash_operator.py took 0.131 seconds
[2022-12-19T20:10:43.245+0000] {processor.py:153} INFO - Started process (PID=5696) to work on /home/airflow/.local/lib/python3.7/site-packages/airflow/example_dags/example_bash_operator.py
[2022-12-19T20:10:43.246+0000] {processor.py:743} INFO - Processing file /home/airflow/.local/lib/python3.7/site-packages/airflow/example_dags/example_bash_operator.py for tasks to queue
[2022-12-19T20:10:43.247+0000] {logging_mixin.py:137} INFO - [2022-12-19T20:10:43.247+0000] {dagbag.py:538} INFO - Filling up the DagBag from /home/airflow/.local/lib/python3.7/site-packages/airflow/example_dags/example_bash_operator.py
[2022-12-19T20:10:43.273+0000] {processor.py:753} INFO - DAG(s) dict_keys(['example_bash_operator']) retrieved from /home/airflow/.local/lib/python3.7/site-packages/airflow/example_dags/example_bash_operator.py
[2022-12-19T20:10:43.331+0000] {logging_mixin.py:137} INFO - [2022-12-19T20:10:43.331+0000] {dag.py:2676} INFO - Sync 1 DAGs
[2022-12-19T20:10:43.359+0000] {logging_mixin.py:137} INFO - [2022-12-19T20:10:43.359+0000] {dag.py:3427} INFO - Setting next_dagrun for example_bash_operator to 2022-12-18T00:00:00+00:00, run_after=2022-12-19T00:00:00+00:00
[2022-12-19T20:10:43.379+0000] {processor.py:175} INFO - Processing /home/airflow/.local/lib/python3.7/site-packages/airflow/example_dags/example_bash_operator.py took 0.137 seconds
[2022-12-19T20:11:13.408+0000] {processor.py:153} INFO - Started process (PID=5806) to work on /home/airflow/.local/lib/python3.7/site-packages/airflow/example_dags/example_bash_operator.py
[2022-12-19T20:11:13.410+0000] {processor.py:743} INFO - Processing file /home/airflow/.local/lib/python3.7/site-packages/airflow/example_dags/example_bash_operator.py for tasks to queue
[2022-12-19T20:11:13.411+0000] {logging_mixin.py:137} INFO - [2022-12-19T20:11:13.410+0000] {dagbag.py:538} INFO - Filling up the DagBag from /home/airflow/.local/lib/python3.7/site-packages/airflow/example_dags/example_bash_operator.py
[2022-12-19T20:11:13.434+0000] {processor.py:753} INFO - DAG(s) dict_keys(['example_bash_operator']) retrieved from /home/airflow/.local/lib/python3.7/site-packages/airflow/example_dags/example_bash_operator.py
[2022-12-19T20:11:13.491+0000] {logging_mixin.py:137} INFO - [2022-12-19T20:11:13.490+0000] {dag.py:2676} INFO - Sync 1 DAGs
[2022-12-19T20:11:13.520+0000] {logging_mixin.py:137} INFO - [2022-12-19T20:11:13.520+0000] {dag.py:3427} INFO - Setting next_dagrun for example_bash_operator to 2022-12-18T00:00:00+00:00, run_after=2022-12-19T00:00:00+00:00
[2022-12-19T20:11:13.541+0000] {processor.py:175} INFO - Processing /home/airflow/.local/lib/python3.7/site-packages/airflow/example_dags/example_bash_operator.py took 0.136 seconds
[2022-12-19T20:11:43.692+0000] {processor.py:153} INFO - Started process (PID=5893) to work on /home/airflow/.local/lib/python3.7/site-packages/airflow/example_dags/example_bash_operator.py
[2022-12-19T20:11:43.692+0000] {processor.py:743} INFO - Processing file /home/airflow/.local/lib/python3.7/site-packages/airflow/example_dags/example_bash_operator.py for tasks to queue
[2022-12-19T20:11:43.693+0000] {logging_mixin.py:137} INFO - [2022-12-19T20:11:43.693+0000] {dagbag.py:538} INFO - Filling up the DagBag from /home/airflow/.local/lib/python3.7/site-packages/airflow/example_dags/example_bash_operator.py
[2022-12-19T20:11:43.717+0000] {processor.py:753} INFO - DAG(s) dict_keys(['example_bash_operator']) retrieved from /home/airflow/.local/lib/python3.7/site-packages/airflow/example_dags/example_bash_operator.py
[2022-12-19T20:11:43.778+0000] {logging_mixin.py:137} INFO - [2022-12-19T20:11:43.778+0000] {dag.py:2676} INFO - Sync 1 DAGs
[2022-12-19T20:11:43.809+0000] {logging_mixin.py:137} INFO - [2022-12-19T20:11:43.809+0000] {dag.py:3427} INFO - Setting next_dagrun for example_bash_operator to 2022-12-18T00:00:00+00:00, run_after=2022-12-19T00:00:00+00:00
[2022-12-19T20:11:43.829+0000] {processor.py:175} INFO - Processing /home/airflow/.local/lib/python3.7/site-packages/airflow/example_dags/example_bash_operator.py took 0.140 seconds
[2022-12-19T20:12:13.970+0000] {processor.py:153} INFO - Started process (PID=6003) to work on /home/airflow/.local/lib/python3.7/site-packages/airflow/example_dags/example_bash_operator.py
[2022-12-19T20:12:13.971+0000] {processor.py:743} INFO - Processing file /home/airflow/.local/lib/python3.7/site-packages/airflow/example_dags/example_bash_operator.py for tasks to queue
[2022-12-19T20:12:13.972+0000] {logging_mixin.py:137} INFO - [2022-12-19T20:12:13.972+0000] {dagbag.py:538} INFO - Filling up the DagBag from /home/airflow/.local/lib/python3.7/site-packages/airflow/example_dags/example_bash_operator.py
[2022-12-19T20:12:13.995+0000] {processor.py:753} INFO - DAG(s) dict_keys(['example_bash_operator']) retrieved from /home/airflow/.local/lib/python3.7/site-packages/airflow/example_dags/example_bash_operator.py
[2022-12-19T20:12:14.055+0000] {logging_mixin.py:137} INFO - [2022-12-19T20:12:14.055+0000] {dag.py:2676} INFO - Sync 1 DAGs
[2022-12-19T20:12:14.084+0000] {logging_mixin.py:137} INFO - [2022-12-19T20:12:14.084+0000] {dag.py:3427} INFO - Setting next_dagrun for example_bash_operator to 2022-12-18T00:00:00+00:00, run_after=2022-12-19T00:00:00+00:00
[2022-12-19T20:12:14.103+0000] {processor.py:175} INFO - Processing /home/airflow/.local/lib/python3.7/site-packages/airflow/example_dags/example_bash_operator.py took 0.135 seconds
[2022-12-19T20:12:44.412+0000] {processor.py:153} INFO - Started process (PID=6089) to work on /home/airflow/.local/lib/python3.7/site-packages/airflow/example_dags/example_bash_operator.py
[2022-12-19T20:12:44.413+0000] {processor.py:743} INFO - Processing file /home/airflow/.local/lib/python3.7/site-packages/airflow/example_dags/example_bash_operator.py for tasks to queue
[2022-12-19T20:12:44.414+0000] {logging_mixin.py:137} INFO - [2022-12-19T20:12:44.414+0000] {dagbag.py:538} INFO - Filling up the DagBag from /home/airflow/.local/lib/python3.7/site-packages/airflow/example_dags/example_bash_operator.py
[2022-12-19T20:12:44.438+0000] {processor.py:753} INFO - DAG(s) dict_keys(['example_bash_operator']) retrieved from /home/airflow/.local/lib/python3.7/site-packages/airflow/example_dags/example_bash_operator.py
[2022-12-19T20:12:44.496+0000] {logging_mixin.py:137} INFO - [2022-12-19T20:12:44.495+0000] {dag.py:2676} INFO - Sync 1 DAGs
[2022-12-19T20:12:44.525+0000] {logging_mixin.py:137} INFO - [2022-12-19T20:12:44.525+0000] {dag.py:3427} INFO - Setting next_dagrun for example_bash_operator to 2022-12-18T00:00:00+00:00, run_after=2022-12-19T00:00:00+00:00
[2022-12-19T20:12:44.546+0000] {processor.py:175} INFO - Processing /home/airflow/.local/lib/python3.7/site-packages/airflow/example_dags/example_bash_operator.py took 0.137 seconds
[2022-12-19T20:13:14.951+0000] {processor.py:153} INFO - Started process (PID=6175) to work on /home/airflow/.local/lib/python3.7/site-packages/airflow/example_dags/example_bash_operator.py
[2022-12-19T20:13:14.951+0000] {processor.py:743} INFO - Processing file /home/airflow/.local/lib/python3.7/site-packages/airflow/example_dags/example_bash_operator.py for tasks to queue
[2022-12-19T20:13:14.952+0000] {logging_mixin.py:137} INFO - [2022-12-19T20:13:14.952+0000] {dagbag.py:538} INFO - Filling up the DagBag from /home/airflow/.local/lib/python3.7/site-packages/airflow/example_dags/example_bash_operator.py
[2022-12-19T20:13:14.975+0000] {processor.py:753} INFO - DAG(s) dict_keys(['example_bash_operator']) retrieved from /home/airflow/.local/lib/python3.7/site-packages/airflow/example_dags/example_bash_operator.py
[2022-12-19T20:13:15.031+0000] {logging_mixin.py:137} INFO - [2022-12-19T20:13:15.031+0000] {dag.py:2676} INFO - Sync 1 DAGs
[2022-12-19T20:13:15.059+0000] {logging_mixin.py:137} INFO - [2022-12-19T20:13:15.059+0000] {dag.py:3427} INFO - Setting next_dagrun for example_bash_operator to 2022-12-18T00:00:00+00:00, run_after=2022-12-19T00:00:00+00:00
[2022-12-19T20:13:15.079+0000] {processor.py:175} INFO - Processing /home/airflow/.local/lib/python3.7/site-packages/airflow/example_dags/example_bash_operator.py took 0.132 seconds
[2022-12-19T20:13:45.321+0000] {processor.py:153} INFO - Started process (PID=6285) to work on /home/airflow/.local/lib/python3.7/site-packages/airflow/example_dags/example_bash_operator.py
[2022-12-19T20:13:45.322+0000] {processor.py:743} INFO - Processing file /home/airflow/.local/lib/python3.7/site-packages/airflow/example_dags/example_bash_operator.py for tasks to queue
[2022-12-19T20:13:45.323+0000] {logging_mixin.py:137} INFO - [2022-12-19T20:13:45.322+0000] {dagbag.py:538} INFO - Filling up the DagBag from /home/airflow/.local/lib/python3.7/site-packages/airflow/example_dags/example_bash_operator.py
[2022-12-19T20:13:45.347+0000] {processor.py:753} INFO - DAG(s) dict_keys(['example_bash_operator']) retrieved from /home/airflow/.local/lib/python3.7/site-packages/airflow/example_dags/example_bash_operator.py
[2022-12-19T20:13:45.407+0000] {logging_mixin.py:137} INFO - [2022-12-19T20:13:45.407+0000] {dag.py:2676} INFO - Sync 1 DAGs
[2022-12-19T20:13:45.439+0000] {logging_mixin.py:137} INFO - [2022-12-19T20:13:45.439+0000] {dag.py:3427} INFO - Setting next_dagrun for example_bash_operator to 2022-12-18T00:00:00+00:00, run_after=2022-12-19T00:00:00+00:00
[2022-12-19T20:13:45.459+0000] {processor.py:175} INFO - Processing /home/airflow/.local/lib/python3.7/site-packages/airflow/example_dags/example_bash_operator.py took 0.142 seconds
[2022-12-19T20:14:15.520+0000] {processor.py:153} INFO - Started process (PID=6371) to work on /home/airflow/.local/lib/python3.7/site-packages/airflow/example_dags/example_bash_operator.py
[2022-12-19T20:14:15.521+0000] {processor.py:743} INFO - Processing file /home/airflow/.local/lib/python3.7/site-packages/airflow/example_dags/example_bash_operator.py for tasks to queue
[2022-12-19T20:14:15.521+0000] {logging_mixin.py:137} INFO - [2022-12-19T20:14:15.521+0000] {dagbag.py:538} INFO - Filling up the DagBag from /home/airflow/.local/lib/python3.7/site-packages/airflow/example_dags/example_bash_operator.py
[2022-12-19T20:14:15.549+0000] {processor.py:753} INFO - DAG(s) dict_keys(['example_bash_operator']) retrieved from /home/airflow/.local/lib/python3.7/site-packages/airflow/example_dags/example_bash_operator.py
[2022-12-19T20:14:15.617+0000] {logging_mixin.py:137} INFO - [2022-12-19T20:14:15.617+0000] {dag.py:2676} INFO - Sync 1 DAGs
[2022-12-19T20:14:15.645+0000] {logging_mixin.py:137} INFO - [2022-12-19T20:14:15.645+0000] {dag.py:3427} INFO - Setting next_dagrun for example_bash_operator to 2022-12-18T00:00:00+00:00, run_after=2022-12-19T00:00:00+00:00
[2022-12-19T20:14:15.665+0000] {processor.py:175} INFO - Processing /home/airflow/.local/lib/python3.7/site-packages/airflow/example_dags/example_bash_operator.py took 0.148 seconds
[2022-12-19T20:14:45.951+0000] {processor.py:153} INFO - Started process (PID=6457) to work on /home/airflow/.local/lib/python3.7/site-packages/airflow/example_dags/example_bash_operator.py
[2022-12-19T20:14:45.952+0000] {processor.py:743} INFO - Processing file /home/airflow/.local/lib/python3.7/site-packages/airflow/example_dags/example_bash_operator.py for tasks to queue
[2022-12-19T20:14:45.953+0000] {logging_mixin.py:137} INFO - [2022-12-19T20:14:45.953+0000] {dagbag.py:538} INFO - Filling up the DagBag from /home/airflow/.local/lib/python3.7/site-packages/airflow/example_dags/example_bash_operator.py
[2022-12-19T20:14:45.977+0000] {processor.py:753} INFO - DAG(s) dict_keys(['example_bash_operator']) retrieved from /home/airflow/.local/lib/python3.7/site-packages/airflow/example_dags/example_bash_operator.py
[2022-12-19T20:14:46.037+0000] {logging_mixin.py:137} INFO - [2022-12-19T20:14:46.037+0000] {dag.py:2676} INFO - Sync 1 DAGs
[2022-12-19T20:14:46.067+0000] {logging_mixin.py:137} INFO - [2022-12-19T20:14:46.066+0000] {dag.py:3427} INFO - Setting next_dagrun for example_bash_operator to 2022-12-18T00:00:00+00:00, run_after=2022-12-19T00:00:00+00:00
[2022-12-19T20:14:46.094+0000] {processor.py:175} INFO - Processing /home/airflow/.local/lib/python3.7/site-packages/airflow/example_dags/example_bash_operator.py took 0.147 seconds
[2022-12-19T20:15:16.209+0000] {processor.py:153} INFO - Started process (PID=6567) to work on /home/airflow/.local/lib/python3.7/site-packages/airflow/example_dags/example_bash_operator.py
[2022-12-19T20:15:16.210+0000] {processor.py:743} INFO - Processing file /home/airflow/.local/lib/python3.7/site-packages/airflow/example_dags/example_bash_operator.py for tasks to queue
[2022-12-19T20:15:16.211+0000] {logging_mixin.py:137} INFO - [2022-12-19T20:15:16.210+0000] {dagbag.py:538} INFO - Filling up the DagBag from /home/airflow/.local/lib/python3.7/site-packages/airflow/example_dags/example_bash_operator.py
[2022-12-19T20:15:16.235+0000] {processor.py:753} INFO - DAG(s) dict_keys(['example_bash_operator']) retrieved from /home/airflow/.local/lib/python3.7/site-packages/airflow/example_dags/example_bash_operator.py
[2022-12-19T20:15:16.295+0000] {logging_mixin.py:137} INFO - [2022-12-19T20:15:16.295+0000] {dag.py:2676} INFO - Sync 1 DAGs
[2022-12-19T20:15:16.328+0000] {logging_mixin.py:137} INFO - [2022-12-19T20:15:16.327+0000] {dag.py:3427} INFO - Setting next_dagrun for example_bash_operator to 2022-12-18T00:00:00+00:00, run_after=2022-12-19T00:00:00+00:00
[2022-12-19T20:15:16.346+0000] {processor.py:175} INFO - Processing /home/airflow/.local/lib/python3.7/site-packages/airflow/example_dags/example_bash_operator.py took 0.141 seconds
[2022-12-19T20:15:46.659+0000] {processor.py:153} INFO - Started process (PID=6653) to work on /home/airflow/.local/lib/python3.7/site-packages/airflow/example_dags/example_bash_operator.py
[2022-12-19T20:15:46.660+0000] {processor.py:743} INFO - Processing file /home/airflow/.local/lib/python3.7/site-packages/airflow/example_dags/example_bash_operator.py for tasks to queue
[2022-12-19T20:15:46.661+0000] {logging_mixin.py:137} INFO - [2022-12-19T20:15:46.661+0000] {dagbag.py:538} INFO - Filling up the DagBag from /home/airflow/.local/lib/python3.7/site-packages/airflow/example_dags/example_bash_operator.py
[2022-12-19T20:15:46.686+0000] {processor.py:753} INFO - DAG(s) dict_keys(['example_bash_operator']) retrieved from /home/airflow/.local/lib/python3.7/site-packages/airflow/example_dags/example_bash_operator.py
[2022-12-19T20:15:46.763+0000] {logging_mixin.py:137} INFO - [2022-12-19T20:15:46.763+0000] {dag.py:2676} INFO - Sync 1 DAGs
[2022-12-19T20:15:46.793+0000] {logging_mixin.py:137} INFO - [2022-12-19T20:15:46.792+0000] {dag.py:3427} INFO - Setting next_dagrun for example_bash_operator to 2022-12-18T00:00:00+00:00, run_after=2022-12-19T00:00:00+00:00
[2022-12-19T20:15:46.811+0000] {processor.py:175} INFO - Processing /home/airflow/.local/lib/python3.7/site-packages/airflow/example_dags/example_bash_operator.py took 0.154 seconds
[2022-12-19T20:16:17.118+0000] {processor.py:153} INFO - Started process (PID=6748) to work on /home/airflow/.local/lib/python3.7/site-packages/airflow/example_dags/example_bash_operator.py
[2022-12-19T20:16:17.119+0000] {processor.py:743} INFO - Processing file /home/airflow/.local/lib/python3.7/site-packages/airflow/example_dags/example_bash_operator.py for tasks to queue
[2022-12-19T20:16:17.120+0000] {logging_mixin.py:137} INFO - [2022-12-19T20:16:17.119+0000] {dagbag.py:538} INFO - Filling up the DagBag from /home/airflow/.local/lib/python3.7/site-packages/airflow/example_dags/example_bash_operator.py
[2022-12-19T20:16:17.145+0000] {processor.py:753} INFO - DAG(s) dict_keys(['example_bash_operator']) retrieved from /home/airflow/.local/lib/python3.7/site-packages/airflow/example_dags/example_bash_operator.py
[2022-12-19T20:16:17.206+0000] {logging_mixin.py:137} INFO - [2022-12-19T20:16:17.206+0000] {dag.py:2676} INFO - Sync 1 DAGs
[2022-12-19T20:16:17.278+0000] {logging_mixin.py:137} INFO - [2022-12-19T20:16:17.278+0000] {dag.py:3427} INFO - Setting next_dagrun for example_bash_operator to 2022-12-18T00:00:00+00:00, run_after=2022-12-19T00:00:00+00:00
[2022-12-19T20:16:17.380+0000] {processor.py:175} INFO - Processing /home/airflow/.local/lib/python3.7/site-packages/airflow/example_dags/example_bash_operator.py took 0.265 seconds
[2022-12-19T20:16:47.580+0000] {processor.py:153} INFO - Started process (PID=6850) to work on /home/airflow/.local/lib/python3.7/site-packages/airflow/example_dags/example_bash_operator.py
[2022-12-19T20:16:47.581+0000] {processor.py:743} INFO - Processing file /home/airflow/.local/lib/python3.7/site-packages/airflow/example_dags/example_bash_operator.py for tasks to queue
[2022-12-19T20:16:47.582+0000] {logging_mixin.py:137} INFO - [2022-12-19T20:16:47.582+0000] {dagbag.py:538} INFO - Filling up the DagBag from /home/airflow/.local/lib/python3.7/site-packages/airflow/example_dags/example_bash_operator.py
[2022-12-19T20:16:47.614+0000] {processor.py:753} INFO - DAG(s) dict_keys(['example_bash_operator']) retrieved from /home/airflow/.local/lib/python3.7/site-packages/airflow/example_dags/example_bash_operator.py
[2022-12-19T20:16:47.688+0000] {logging_mixin.py:137} INFO - [2022-12-19T20:16:47.688+0000] {dag.py:2676} INFO - Sync 1 DAGs
[2022-12-19T20:16:47.731+0000] {logging_mixin.py:137} INFO - [2022-12-19T20:16:47.731+0000] {dag.py:3427} INFO - Setting next_dagrun for example_bash_operator to 2022-12-18T00:00:00+00:00, run_after=2022-12-19T00:00:00+00:00
[2022-12-19T20:16:47.762+0000] {processor.py:175} INFO - Processing /home/airflow/.local/lib/python3.7/site-packages/airflow/example_dags/example_bash_operator.py took 0.186 seconds
[2022-12-19T20:17:17.861+0000] {processor.py:153} INFO - Started process (PID=6935) to work on /home/airflow/.local/lib/python3.7/site-packages/airflow/example_dags/example_bash_operator.py
[2022-12-19T20:17:17.862+0000] {processor.py:743} INFO - Processing file /home/airflow/.local/lib/python3.7/site-packages/airflow/example_dags/example_bash_operator.py for tasks to queue
[2022-12-19T20:17:17.863+0000] {logging_mixin.py:137} INFO - [2022-12-19T20:17:17.863+0000] {dagbag.py:538} INFO - Filling up the DagBag from /home/airflow/.local/lib/python3.7/site-packages/airflow/example_dags/example_bash_operator.py
[2022-12-19T20:17:17.899+0000] {processor.py:753} INFO - DAG(s) dict_keys(['example_bash_operator']) retrieved from /home/airflow/.local/lib/python3.7/site-packages/airflow/example_dags/example_bash_operator.py
[2022-12-19T20:17:17.983+0000] {logging_mixin.py:137} INFO - [2022-12-19T20:17:17.983+0000] {dag.py:2676} INFO - Sync 1 DAGs
[2022-12-19T20:17:18.044+0000] {logging_mixin.py:137} INFO - [2022-12-19T20:17:18.043+0000] {dag.py:3427} INFO - Setting next_dagrun for example_bash_operator to 2022-12-18T00:00:00+00:00, run_after=2022-12-19T00:00:00+00:00
[2022-12-19T20:17:18.076+0000] {processor.py:175} INFO - Processing /home/airflow/.local/lib/python3.7/site-packages/airflow/example_dags/example_bash_operator.py took 0.220 seconds
[2022-12-19T20:17:48.152+0000] {processor.py:153} INFO - Started process (PID=7021) to work on /home/airflow/.local/lib/python3.7/site-packages/airflow/example_dags/example_bash_operator.py
[2022-12-19T20:17:48.153+0000] {processor.py:743} INFO - Processing file /home/airflow/.local/lib/python3.7/site-packages/airflow/example_dags/example_bash_operator.py for tasks to queue
[2022-12-19T20:17:48.154+0000] {logging_mixin.py:137} INFO - [2022-12-19T20:17:48.154+0000] {dagbag.py:538} INFO - Filling up the DagBag from /home/airflow/.local/lib/python3.7/site-packages/airflow/example_dags/example_bash_operator.py
[2022-12-19T20:17:48.182+0000] {processor.py:753} INFO - DAG(s) dict_keys(['example_bash_operator']) retrieved from /home/airflow/.local/lib/python3.7/site-packages/airflow/example_dags/example_bash_operator.py
[2022-12-19T20:17:48.264+0000] {logging_mixin.py:137} INFO - [2022-12-19T20:17:48.264+0000] {dag.py:2676} INFO - Sync 1 DAGs
[2022-12-19T20:17:48.308+0000] {logging_mixin.py:137} INFO - [2022-12-19T20:17:48.308+0000] {dag.py:3427} INFO - Setting next_dagrun for example_bash_operator to 2022-12-18T00:00:00+00:00, run_after=2022-12-19T00:00:00+00:00
[2022-12-19T20:17:48.333+0000] {processor.py:175} INFO - Processing /home/airflow/.local/lib/python3.7/site-packages/airflow/example_dags/example_bash_operator.py took 0.184 seconds
[2022-12-19T20:18:19.261+0000] {processor.py:153} INFO - Started process (PID=7131) to work on /home/airflow/.local/lib/python3.7/site-packages/airflow/example_dags/example_bash_operator.py
[2022-12-19T20:18:19.262+0000] {processor.py:743} INFO - Processing file /home/airflow/.local/lib/python3.7/site-packages/airflow/example_dags/example_bash_operator.py for tasks to queue
[2022-12-19T20:18:19.263+0000] {logging_mixin.py:137} INFO - [2022-12-19T20:18:19.262+0000] {dagbag.py:538} INFO - Filling up the DagBag from /home/airflow/.local/lib/python3.7/site-packages/airflow/example_dags/example_bash_operator.py
[2022-12-19T20:18:19.286+0000] {processor.py:753} INFO - DAG(s) dict_keys(['example_bash_operator']) retrieved from /home/airflow/.local/lib/python3.7/site-packages/airflow/example_dags/example_bash_operator.py
[2022-12-19T20:18:19.343+0000] {logging_mixin.py:137} INFO - [2022-12-19T20:18:19.343+0000] {dag.py:2676} INFO - Sync 1 DAGs
[2022-12-19T20:18:19.372+0000] {logging_mixin.py:137} INFO - [2022-12-19T20:18:19.371+0000] {dag.py:3427} INFO - Setting next_dagrun for example_bash_operator to 2022-12-18T00:00:00+00:00, run_after=2022-12-19T00:00:00+00:00
[2022-12-19T20:18:19.390+0000] {processor.py:175} INFO - Processing /home/airflow/.local/lib/python3.7/site-packages/airflow/example_dags/example_bash_operator.py took 0.132 seconds
[2022-12-19T20:18:49.556+0000] {processor.py:153} INFO - Started process (PID=7217) to work on /home/airflow/.local/lib/python3.7/site-packages/airflow/example_dags/example_bash_operator.py
[2022-12-19T20:18:49.557+0000] {processor.py:743} INFO - Processing file /home/airflow/.local/lib/python3.7/site-packages/airflow/example_dags/example_bash_operator.py for tasks to queue
[2022-12-19T20:18:49.558+0000] {logging_mixin.py:137} INFO - [2022-12-19T20:18:49.558+0000] {dagbag.py:538} INFO - Filling up the DagBag from /home/airflow/.local/lib/python3.7/site-packages/airflow/example_dags/example_bash_operator.py
[2022-12-19T20:18:49.584+0000] {processor.py:753} INFO - DAG(s) dict_keys(['example_bash_operator']) retrieved from /home/airflow/.local/lib/python3.7/site-packages/airflow/example_dags/example_bash_operator.py
[2022-12-19T20:18:49.647+0000] {logging_mixin.py:137} INFO - [2022-12-19T20:18:49.646+0000] {dag.py:2676} INFO - Sync 1 DAGs
[2022-12-19T20:18:49.682+0000] {logging_mixin.py:137} INFO - [2022-12-19T20:18:49.682+0000] {dag.py:3427} INFO - Setting next_dagrun for example_bash_operator to 2022-12-18T00:00:00+00:00, run_after=2022-12-19T00:00:00+00:00
[2022-12-19T20:18:49.704+0000] {processor.py:175} INFO - Processing /home/airflow/.local/lib/python3.7/site-packages/airflow/example_dags/example_bash_operator.py took 0.151 seconds
[2022-12-19T20:19:19.740+0000] {processor.py:153} INFO - Started process (PID=7303) to work on /home/airflow/.local/lib/python3.7/site-packages/airflow/example_dags/example_bash_operator.py
[2022-12-19T20:19:19.741+0000] {processor.py:743} INFO - Processing file /home/airflow/.local/lib/python3.7/site-packages/airflow/example_dags/example_bash_operator.py for tasks to queue
[2022-12-19T20:19:19.742+0000] {logging_mixin.py:137} INFO - [2022-12-19T20:19:19.742+0000] {dagbag.py:538} INFO - Filling up the DagBag from /home/airflow/.local/lib/python3.7/site-packages/airflow/example_dags/example_bash_operator.py
[2022-12-19T20:19:19.767+0000] {processor.py:753} INFO - DAG(s) dict_keys(['example_bash_operator']) retrieved from /home/airflow/.local/lib/python3.7/site-packages/airflow/example_dags/example_bash_operator.py
[2022-12-19T20:19:19.827+0000] {logging_mixin.py:137} INFO - [2022-12-19T20:19:19.826+0000] {dag.py:2676} INFO - Sync 1 DAGs
[2022-12-19T20:19:19.860+0000] {logging_mixin.py:137} INFO - [2022-12-19T20:19:19.860+0000] {dag.py:3427} INFO - Setting next_dagrun for example_bash_operator to 2022-12-18T00:00:00+00:00, run_after=2022-12-19T00:00:00+00:00
[2022-12-19T20:19:19.883+0000] {processor.py:175} INFO - Processing /home/airflow/.local/lib/python3.7/site-packages/airflow/example_dags/example_bash_operator.py took 0.145 seconds
[2022-12-19T20:19:49.933+0000] {processor.py:153} INFO - Started process (PID=7413) to work on /home/airflow/.local/lib/python3.7/site-packages/airflow/example_dags/example_bash_operator.py
[2022-12-19T20:19:49.935+0000] {processor.py:743} INFO - Processing file /home/airflow/.local/lib/python3.7/site-packages/airflow/example_dags/example_bash_operator.py for tasks to queue
[2022-12-19T20:19:49.935+0000] {logging_mixin.py:137} INFO - [2022-12-19T20:19:49.935+0000] {dagbag.py:538} INFO - Filling up the DagBag from /home/airflow/.local/lib/python3.7/site-packages/airflow/example_dags/example_bash_operator.py
[2022-12-19T20:19:49.960+0000] {processor.py:753} INFO - DAG(s) dict_keys(['example_bash_operator']) retrieved from /home/airflow/.local/lib/python3.7/site-packages/airflow/example_dags/example_bash_operator.py
[2022-12-19T20:19:50.016+0000] {logging_mixin.py:137} INFO - [2022-12-19T20:19:50.016+0000] {dag.py:2676} INFO - Sync 1 DAGs
[2022-12-19T20:19:50.046+0000] {logging_mixin.py:137} INFO - [2022-12-19T20:19:50.046+0000] {dag.py:3427} INFO - Setting next_dagrun for example_bash_operator to 2022-12-18T00:00:00+00:00, run_after=2022-12-19T00:00:00+00:00
[2022-12-19T20:19:50.066+0000] {processor.py:175} INFO - Processing /home/airflow/.local/lib/python3.7/site-packages/airflow/example_dags/example_bash_operator.py took 0.137 seconds
