[2022-12-19T19:45:54.868+0000] {processor.py:153} INFO - Started process (PID=1179) to work on /home/airflow/.local/lib/python3.7/site-packages/airflow/example_dags/example_xcom.py
[2022-12-19T19:45:54.869+0000] {processor.py:743} INFO - Processing file /home/airflow/.local/lib/python3.7/site-packages/airflow/example_dags/example_xcom.py for tasks to queue
[2022-12-19T19:45:54.870+0000] {logging_mixin.py:137} INFO - [2022-12-19T19:45:54.870+0000] {dagbag.py:538} INFO - Filling up the DagBag from /home/airflow/.local/lib/python3.7/site-packages/airflow/example_dags/example_xcom.py
[2022-12-19T19:45:54.903+0000] {processor.py:753} INFO - DAG(s) dict_keys(['example_xcom']) retrieved from /home/airflow/.local/lib/python3.7/site-packages/airflow/example_dags/example_xcom.py
[2022-12-19T19:45:54.997+0000] {logging_mixin.py:137} INFO - [2022-12-19T19:45:54.997+0000] {dag.py:2676} INFO - Sync 1 DAGs
[2022-12-19T19:45:55.089+0000] {logging_mixin.py:137} INFO - [2022-12-19T19:45:55.089+0000] {dag.py:3427} INFO - Setting next_dagrun for example_xcom to 2021-01-01T00:00:00+00:00, run_after=2021-01-01T00:00:00+00:00
[2022-12-19T19:45:55.114+0000] {processor.py:175} INFO - Processing /home/airflow/.local/lib/python3.7/site-packages/airflow/example_dags/example_xcom.py took 0.291 seconds
[2022-12-19T19:46:25.284+0000] {processor.py:153} INFO - Started process (PID=1256) to work on /home/airflow/.local/lib/python3.7/site-packages/airflow/example_dags/example_xcom.py
[2022-12-19T19:46:25.285+0000] {processor.py:743} INFO - Processing file /home/airflow/.local/lib/python3.7/site-packages/airflow/example_dags/example_xcom.py for tasks to queue
[2022-12-19T19:46:25.286+0000] {logging_mixin.py:137} INFO - [2022-12-19T19:46:25.286+0000] {dagbag.py:538} INFO - Filling up the DagBag from /home/airflow/.local/lib/python3.7/site-packages/airflow/example_dags/example_xcom.py
[2022-12-19T19:46:25.324+0000] {processor.py:753} INFO - DAG(s) dict_keys(['example_xcom']) retrieved from /home/airflow/.local/lib/python3.7/site-packages/airflow/example_dags/example_xcom.py
[2022-12-19T19:46:25.421+0000] {logging_mixin.py:137} INFO - [2022-12-19T19:46:25.421+0000] {dag.py:2676} INFO - Sync 1 DAGs
[2022-12-19T19:46:25.453+0000] {logging_mixin.py:137} INFO - [2022-12-19T19:46:25.453+0000] {dag.py:3427} INFO - Setting next_dagrun for example_xcom to 2021-01-01T00:00:00+00:00, run_after=2021-01-01T00:00:00+00:00
[2022-12-19T19:46:25.478+0000] {processor.py:175} INFO - Processing /home/airflow/.local/lib/python3.7/site-packages/airflow/example_dags/example_xcom.py took 0.199 seconds
[2022-12-19T19:46:56.585+0000] {processor.py:153} INFO - Started process (PID=1342) to work on /home/airflow/.local/lib/python3.7/site-packages/airflow/example_dags/example_xcom.py
[2022-12-19T19:46:56.587+0000] {processor.py:743} INFO - Processing file /home/airflow/.local/lib/python3.7/site-packages/airflow/example_dags/example_xcom.py for tasks to queue
[2022-12-19T19:46:56.588+0000] {logging_mixin.py:137} INFO - [2022-12-19T19:46:56.588+0000] {dagbag.py:538} INFO - Filling up the DagBag from /home/airflow/.local/lib/python3.7/site-packages/airflow/example_dags/example_xcom.py
[2022-12-19T19:46:56.617+0000] {processor.py:753} INFO - DAG(s) dict_keys(['example_xcom']) retrieved from /home/airflow/.local/lib/python3.7/site-packages/airflow/example_dags/example_xcom.py
[2022-12-19T19:46:56.716+0000] {logging_mixin.py:137} INFO - [2022-12-19T19:46:56.716+0000] {dag.py:2676} INFO - Sync 1 DAGs
[2022-12-19T19:46:56.796+0000] {logging_mixin.py:137} INFO - [2022-12-19T19:46:56.796+0000] {dag.py:3427} INFO - Setting next_dagrun for example_xcom to 2021-01-01T00:00:00+00:00, run_after=2021-01-01T00:00:00+00:00
[2022-12-19T19:46:56.820+0000] {processor.py:175} INFO - Processing /home/airflow/.local/lib/python3.7/site-packages/airflow/example_dags/example_xcom.py took 0.238 seconds
[2022-12-19T19:47:27.004+0000] {processor.py:153} INFO - Started process (PID=1428) to work on /home/airflow/.local/lib/python3.7/site-packages/airflow/example_dags/example_xcom.py
[2022-12-19T19:47:27.005+0000] {processor.py:743} INFO - Processing file /home/airflow/.local/lib/python3.7/site-packages/airflow/example_dags/example_xcom.py for tasks to queue
[2022-12-19T19:47:27.006+0000] {logging_mixin.py:137} INFO - [2022-12-19T19:47:27.006+0000] {dagbag.py:538} INFO - Filling up the DagBag from /home/airflow/.local/lib/python3.7/site-packages/airflow/example_dags/example_xcom.py
[2022-12-19T19:47:27.033+0000] {processor.py:753} INFO - DAG(s) dict_keys(['example_xcom']) retrieved from /home/airflow/.local/lib/python3.7/site-packages/airflow/example_dags/example_xcom.py
[2022-12-19T19:47:27.096+0000] {logging_mixin.py:137} INFO - [2022-12-19T19:47:27.096+0000] {dag.py:2676} INFO - Sync 1 DAGs
[2022-12-19T19:47:27.129+0000] {logging_mixin.py:137} INFO - [2022-12-19T19:47:27.129+0000] {dag.py:3427} INFO - Setting next_dagrun for example_xcom to 2021-01-01T00:00:00+00:00, run_after=2021-01-01T00:00:00+00:00
[2022-12-19T19:47:27.151+0000] {processor.py:175} INFO - Processing /home/airflow/.local/lib/python3.7/site-packages/airflow/example_dags/example_xcom.py took 0.151 seconds
[2022-12-19T19:47:58.299+0000] {processor.py:153} INFO - Started process (PID=1523) to work on /home/airflow/.local/lib/python3.7/site-packages/airflow/example_dags/example_xcom.py
[2022-12-19T19:47:58.300+0000] {processor.py:743} INFO - Processing file /home/airflow/.local/lib/python3.7/site-packages/airflow/example_dags/example_xcom.py for tasks to queue
[2022-12-19T19:47:58.301+0000] {logging_mixin.py:137} INFO - [2022-12-19T19:47:58.301+0000] {dagbag.py:538} INFO - Filling up the DagBag from /home/airflow/.local/lib/python3.7/site-packages/airflow/example_dags/example_xcom.py
[2022-12-19T19:47:58.389+0000] {processor.py:753} INFO - DAG(s) dict_keys(['example_xcom']) retrieved from /home/airflow/.local/lib/python3.7/site-packages/airflow/example_dags/example_xcom.py
[2022-12-19T19:47:58.500+0000] {logging_mixin.py:137} INFO - [2022-12-19T19:47:58.499+0000] {dag.py:2676} INFO - Sync 1 DAGs
[2022-12-19T19:47:58.597+0000] {logging_mixin.py:137} INFO - [2022-12-19T19:47:58.596+0000] {dag.py:3427} INFO - Setting next_dagrun for example_xcom to 2021-01-01T00:00:00+00:00, run_after=2021-01-01T00:00:00+00:00
[2022-12-19T19:47:58.618+0000] {processor.py:175} INFO - Processing /home/airflow/.local/lib/python3.7/site-packages/airflow/example_dags/example_xcom.py took 0.322 seconds
[2022-12-19T19:48:29.464+0000] {processor.py:153} INFO - Started process (PID=1624) to work on /home/airflow/.local/lib/python3.7/site-packages/airflow/example_dags/example_xcom.py
[2022-12-19T19:48:29.465+0000] {processor.py:743} INFO - Processing file /home/airflow/.local/lib/python3.7/site-packages/airflow/example_dags/example_xcom.py for tasks to queue
[2022-12-19T19:48:29.466+0000] {logging_mixin.py:137} INFO - [2022-12-19T19:48:29.466+0000] {dagbag.py:538} INFO - Filling up the DagBag from /home/airflow/.local/lib/python3.7/site-packages/airflow/example_dags/example_xcom.py
[2022-12-19T19:48:29.496+0000] {processor.py:753} INFO - DAG(s) dict_keys(['example_xcom']) retrieved from /home/airflow/.local/lib/python3.7/site-packages/airflow/example_dags/example_xcom.py
[2022-12-19T19:48:29.549+0000] {logging_mixin.py:137} INFO - [2022-12-19T19:48:29.549+0000] {dag.py:2676} INFO - Sync 1 DAGs
[2022-12-19T19:48:29.603+0000] {logging_mixin.py:137} INFO - [2022-12-19T19:48:29.603+0000] {dag.py:3427} INFO - Setting next_dagrun for example_xcom to 2021-01-01T00:00:00+00:00, run_after=2021-01-01T00:00:00+00:00
[2022-12-19T19:48:29.630+0000] {processor.py:175} INFO - Processing /home/airflow/.local/lib/python3.7/site-packages/airflow/example_dags/example_xcom.py took 0.169 seconds
[2022-12-19T19:49:00.200+0000] {processor.py:153} INFO - Started process (PID=1710) to work on /home/airflow/.local/lib/python3.7/site-packages/airflow/example_dags/example_xcom.py
[2022-12-19T19:49:00.201+0000] {processor.py:743} INFO - Processing file /home/airflow/.local/lib/python3.7/site-packages/airflow/example_dags/example_xcom.py for tasks to queue
[2022-12-19T19:49:00.202+0000] {logging_mixin.py:137} INFO - [2022-12-19T19:49:00.202+0000] {dagbag.py:538} INFO - Filling up the DagBag from /home/airflow/.local/lib/python3.7/site-packages/airflow/example_dags/example_xcom.py
[2022-12-19T19:49:00.293+0000] {processor.py:753} INFO - DAG(s) dict_keys(['example_xcom']) retrieved from /home/airflow/.local/lib/python3.7/site-packages/airflow/example_dags/example_xcom.py
[2022-12-19T19:49:00.398+0000] {logging_mixin.py:137} INFO - [2022-12-19T19:49:00.398+0000] {dag.py:2676} INFO - Sync 1 DAGs
[2022-12-19T19:49:00.487+0000] {logging_mixin.py:137} INFO - [2022-12-19T19:49:00.487+0000] {dag.py:3427} INFO - Setting next_dagrun for example_xcom to 2021-01-01T00:00:00+00:00, run_after=2021-01-01T00:00:00+00:00
[2022-12-19T19:49:00.513+0000] {processor.py:175} INFO - Processing /home/airflow/.local/lib/python3.7/site-packages/airflow/example_dags/example_xcom.py took 0.317 seconds
[2022-12-19T19:49:30.646+0000] {processor.py:153} INFO - Started process (PID=1796) to work on /home/airflow/.local/lib/python3.7/site-packages/airflow/example_dags/example_xcom.py
[2022-12-19T19:49:30.647+0000] {processor.py:743} INFO - Processing file /home/airflow/.local/lib/python3.7/site-packages/airflow/example_dags/example_xcom.py for tasks to queue
[2022-12-19T19:49:30.648+0000] {logging_mixin.py:137} INFO - [2022-12-19T19:49:30.648+0000] {dagbag.py:538} INFO - Filling up the DagBag from /home/airflow/.local/lib/python3.7/site-packages/airflow/example_dags/example_xcom.py
[2022-12-19T19:49:30.695+0000] {processor.py:753} INFO - DAG(s) dict_keys(['example_xcom']) retrieved from /home/airflow/.local/lib/python3.7/site-packages/airflow/example_dags/example_xcom.py
[2022-12-19T19:49:30.789+0000] {logging_mixin.py:137} INFO - [2022-12-19T19:49:30.789+0000] {dag.py:2676} INFO - Sync 1 DAGs
[2022-12-19T19:49:30.823+0000] {logging_mixin.py:137} INFO - [2022-12-19T19:49:30.823+0000] {dag.py:3427} INFO - Setting next_dagrun for example_xcom to 2021-01-01T00:00:00+00:00, run_after=2021-01-01T00:00:00+00:00
[2022-12-19T19:49:30.885+0000] {processor.py:175} INFO - Processing /home/airflow/.local/lib/python3.7/site-packages/airflow/example_dags/example_xcom.py took 0.243 seconds
[2022-12-19T19:50:01.391+0000] {processor.py:153} INFO - Started process (PID=1882) to work on /home/airflow/.local/lib/python3.7/site-packages/airflow/example_dags/example_xcom.py
[2022-12-19T19:50:01.391+0000] {processor.py:743} INFO - Processing file /home/airflow/.local/lib/python3.7/site-packages/airflow/example_dags/example_xcom.py for tasks to queue
[2022-12-19T19:50:01.392+0000] {logging_mixin.py:137} INFO - [2022-12-19T19:50:01.392+0000] {dagbag.py:538} INFO - Filling up the DagBag from /home/airflow/.local/lib/python3.7/site-packages/airflow/example_dags/example_xcom.py
[2022-12-19T19:50:01.421+0000] {processor.py:753} INFO - DAG(s) dict_keys(['example_xcom']) retrieved from /home/airflow/.local/lib/python3.7/site-packages/airflow/example_dags/example_xcom.py
[2022-12-19T19:50:01.476+0000] {logging_mixin.py:137} INFO - [2022-12-19T19:50:01.475+0000] {dag.py:2676} INFO - Sync 1 DAGs
[2022-12-19T19:50:01.507+0000] {logging_mixin.py:137} INFO - [2022-12-19T19:50:01.507+0000] {dag.py:3427} INFO - Setting next_dagrun for example_xcom to 2021-01-01T00:00:00+00:00, run_after=2021-01-01T00:00:00+00:00
[2022-12-19T19:50:01.527+0000] {processor.py:175} INFO - Processing /home/airflow/.local/lib/python3.7/site-packages/airflow/example_dags/example_xcom.py took 0.140 seconds
[2022-12-19T19:50:32.511+0000] {processor.py:153} INFO - Started process (PID=1991) to work on /home/airflow/.local/lib/python3.7/site-packages/airflow/example_dags/example_xcom.py
[2022-12-19T19:50:32.512+0000] {processor.py:743} INFO - Processing file /home/airflow/.local/lib/python3.7/site-packages/airflow/example_dags/example_xcom.py for tasks to queue
[2022-12-19T19:50:32.512+0000] {logging_mixin.py:137} INFO - [2022-12-19T19:50:32.512+0000] {dagbag.py:538} INFO - Filling up the DagBag from /home/airflow/.local/lib/python3.7/site-packages/airflow/example_dags/example_xcom.py
[2022-12-19T19:50:32.537+0000] {processor.py:753} INFO - DAG(s) dict_keys(['example_xcom']) retrieved from /home/airflow/.local/lib/python3.7/site-packages/airflow/example_dags/example_xcom.py
[2022-12-19T19:50:32.614+0000] {logging_mixin.py:137} INFO - [2022-12-19T19:50:32.614+0000] {dag.py:2676} INFO - Sync 1 DAGs
[2022-12-19T19:50:32.688+0000] {logging_mixin.py:137} INFO - [2022-12-19T19:50:32.688+0000] {dag.py:3427} INFO - Setting next_dagrun for example_xcom to 2021-01-01T00:00:00+00:00, run_after=2021-01-01T00:00:00+00:00
[2022-12-19T19:50:32.708+0000] {processor.py:175} INFO - Processing /home/airflow/.local/lib/python3.7/site-packages/airflow/example_dags/example_xcom.py took 0.200 seconds
[2022-12-19T19:51:02.741+0000] {processor.py:153} INFO - Started process (PID=2077) to work on /home/airflow/.local/lib/python3.7/site-packages/airflow/example_dags/example_xcom.py
[2022-12-19T19:51:02.742+0000] {processor.py:743} INFO - Processing file /home/airflow/.local/lib/python3.7/site-packages/airflow/example_dags/example_xcom.py for tasks to queue
[2022-12-19T19:51:02.742+0000] {logging_mixin.py:137} INFO - [2022-12-19T19:51:02.742+0000] {dagbag.py:538} INFO - Filling up the DagBag from /home/airflow/.local/lib/python3.7/site-packages/airflow/example_dags/example_xcom.py
[2022-12-19T19:51:02.766+0000] {processor.py:753} INFO - DAG(s) dict_keys(['example_xcom']) retrieved from /home/airflow/.local/lib/python3.7/site-packages/airflow/example_dags/example_xcom.py
[2022-12-19T19:51:02.830+0000] {logging_mixin.py:137} INFO - [2022-12-19T19:51:02.830+0000] {dag.py:2676} INFO - Sync 1 DAGs
[2022-12-19T19:51:02.862+0000] {logging_mixin.py:137} INFO - [2022-12-19T19:51:02.862+0000] {dag.py:3427} INFO - Setting next_dagrun for example_xcom to 2021-01-01T00:00:00+00:00, run_after=2021-01-01T00:00:00+00:00
[2022-12-19T19:51:02.894+0000] {processor.py:175} INFO - Processing /home/airflow/.local/lib/python3.7/site-packages/airflow/example_dags/example_xcom.py took 0.157 seconds
[2022-12-19T19:51:33.885+0000] {processor.py:153} INFO - Started process (PID=2163) to work on /home/airflow/.local/lib/python3.7/site-packages/airflow/example_dags/example_xcom.py
[2022-12-19T19:51:33.886+0000] {processor.py:743} INFO - Processing file /home/airflow/.local/lib/python3.7/site-packages/airflow/example_dags/example_xcom.py for tasks to queue
[2022-12-19T19:51:33.887+0000] {logging_mixin.py:137} INFO - [2022-12-19T19:51:33.886+0000] {dagbag.py:538} INFO - Filling up the DagBag from /home/airflow/.local/lib/python3.7/site-packages/airflow/example_dags/example_xcom.py
[2022-12-19T19:51:33.911+0000] {processor.py:753} INFO - DAG(s) dict_keys(['example_xcom']) retrieved from /home/airflow/.local/lib/python3.7/site-packages/airflow/example_dags/example_xcom.py
[2022-12-19T19:51:33.950+0000] {logging_mixin.py:137} INFO - [2022-12-19T19:51:33.950+0000] {dag.py:2676} INFO - Sync 1 DAGs
[2022-12-19T19:51:33.986+0000] {logging_mixin.py:137} INFO - [2022-12-19T19:51:33.986+0000] {dag.py:3427} INFO - Setting next_dagrun for example_xcom to 2021-01-01T00:00:00+00:00, run_after=2021-01-01T00:00:00+00:00
[2022-12-19T19:51:34.004+0000] {processor.py:175} INFO - Processing /home/airflow/.local/lib/python3.7/site-packages/airflow/example_dags/example_xcom.py took 0.123 seconds
[2022-12-19T19:52:04.818+0000] {processor.py:153} INFO - Started process (PID=2258) to work on /home/airflow/.local/lib/python3.7/site-packages/airflow/example_dags/example_xcom.py
[2022-12-19T19:52:04.819+0000] {processor.py:743} INFO - Processing file /home/airflow/.local/lib/python3.7/site-packages/airflow/example_dags/example_xcom.py for tasks to queue
[2022-12-19T19:52:04.819+0000] {logging_mixin.py:137} INFO - [2022-12-19T19:52:04.819+0000] {dagbag.py:538} INFO - Filling up the DagBag from /home/airflow/.local/lib/python3.7/site-packages/airflow/example_dags/example_xcom.py
[2022-12-19T19:52:04.846+0000] {processor.py:753} INFO - DAG(s) dict_keys(['example_xcom']) retrieved from /home/airflow/.local/lib/python3.7/site-packages/airflow/example_dags/example_xcom.py
[2022-12-19T19:52:04.898+0000] {logging_mixin.py:137} INFO - [2022-12-19T19:52:04.897+0000] {dag.py:2676} INFO - Sync 1 DAGs
[2022-12-19T19:52:04.969+0000] {logging_mixin.py:137} INFO - [2022-12-19T19:52:04.969+0000] {dag.py:3427} INFO - Setting next_dagrun for example_xcom to 2021-01-01T00:00:00+00:00, run_after=2021-01-01T00:00:00+00:00
[2022-12-19T19:52:05.074+0000] {processor.py:175} INFO - Processing /home/airflow/.local/lib/python3.7/site-packages/airflow/example_dags/example_xcom.py took 0.259 seconds
[2022-12-19T19:52:35.517+0000] {processor.py:153} INFO - Started process (PID=2359) to work on /home/airflow/.local/lib/python3.7/site-packages/airflow/example_dags/example_xcom.py
[2022-12-19T19:52:35.518+0000] {processor.py:743} INFO - Processing file /home/airflow/.local/lib/python3.7/site-packages/airflow/example_dags/example_xcom.py for tasks to queue
[2022-12-19T19:52:35.519+0000] {logging_mixin.py:137} INFO - [2022-12-19T19:52:35.518+0000] {dagbag.py:538} INFO - Filling up the DagBag from /home/airflow/.local/lib/python3.7/site-packages/airflow/example_dags/example_xcom.py
[2022-12-19T19:52:35.546+0000] {processor.py:753} INFO - DAG(s) dict_keys(['example_xcom']) retrieved from /home/airflow/.local/lib/python3.7/site-packages/airflow/example_dags/example_xcom.py
[2022-12-19T19:52:35.603+0000] {logging_mixin.py:137} INFO - [2022-12-19T19:52:35.603+0000] {dag.py:2676} INFO - Sync 1 DAGs
[2022-12-19T19:52:35.673+0000] {logging_mixin.py:137} INFO - [2022-12-19T19:52:35.673+0000] {dag.py:3427} INFO - Setting next_dagrun for example_xcom to 2021-01-01T00:00:00+00:00, run_after=2021-01-01T00:00:00+00:00
[2022-12-19T19:52:35.703+0000] {processor.py:175} INFO - Processing /home/airflow/.local/lib/python3.7/site-packages/airflow/example_dags/example_xcom.py took 0.189 seconds
[2022-12-19T19:53:06.625+0000] {processor.py:153} INFO - Started process (PID=2445) to work on /home/airflow/.local/lib/python3.7/site-packages/airflow/example_dags/example_xcom.py
[2022-12-19T19:53:06.626+0000] {processor.py:743} INFO - Processing file /home/airflow/.local/lib/python3.7/site-packages/airflow/example_dags/example_xcom.py for tasks to queue
[2022-12-19T19:53:06.627+0000] {logging_mixin.py:137} INFO - [2022-12-19T19:53:06.627+0000] {dagbag.py:538} INFO - Filling up the DagBag from /home/airflow/.local/lib/python3.7/site-packages/airflow/example_dags/example_xcom.py
[2022-12-19T19:53:06.652+0000] {processor.py:753} INFO - DAG(s) dict_keys(['example_xcom']) retrieved from /home/airflow/.local/lib/python3.7/site-packages/airflow/example_dags/example_xcom.py
[2022-12-19T19:53:06.704+0000] {logging_mixin.py:137} INFO - [2022-12-19T19:53:06.704+0000] {dag.py:2676} INFO - Sync 1 DAGs
[2022-12-19T19:53:06.736+0000] {logging_mixin.py:137} INFO - [2022-12-19T19:53:06.735+0000] {dag.py:3427} INFO - Setting next_dagrun for example_xcom to 2021-01-01T00:00:00+00:00, run_after=2021-01-01T00:00:00+00:00
[2022-12-19T19:53:06.757+0000] {processor.py:175} INFO - Processing /home/airflow/.local/lib/python3.7/site-packages/airflow/example_dags/example_xcom.py took 0.135 seconds
[2022-12-19T19:53:36.913+0000] {processor.py:153} INFO - Started process (PID=2540) to work on /home/airflow/.local/lib/python3.7/site-packages/airflow/example_dags/example_xcom.py
[2022-12-19T19:53:36.914+0000] {processor.py:743} INFO - Processing file /home/airflow/.local/lib/python3.7/site-packages/airflow/example_dags/example_xcom.py for tasks to queue
[2022-12-19T19:53:36.915+0000] {logging_mixin.py:137} INFO - [2022-12-19T19:53:36.915+0000] {dagbag.py:538} INFO - Filling up the DagBag from /home/airflow/.local/lib/python3.7/site-packages/airflow/example_dags/example_xcom.py
[2022-12-19T19:53:36.941+0000] {processor.py:753} INFO - DAG(s) dict_keys(['example_xcom']) retrieved from /home/airflow/.local/lib/python3.7/site-packages/airflow/example_dags/example_xcom.py
[2022-12-19T19:53:36.989+0000] {logging_mixin.py:137} INFO - [2022-12-19T19:53:36.989+0000] {dag.py:2676} INFO - Sync 1 DAGs
[2022-12-19T19:53:37.020+0000] {logging_mixin.py:137} INFO - [2022-12-19T19:53:37.020+0000] {dag.py:3427} INFO - Setting next_dagrun for example_xcom to 2021-01-01T00:00:00+00:00, run_after=2021-01-01T00:00:00+00:00
[2022-12-19T19:53:37.040+0000] {processor.py:175} INFO - Processing /home/airflow/.local/lib/python3.7/site-packages/airflow/example_dags/example_xcom.py took 0.130 seconds
[2022-12-19T19:54:07.261+0000] {processor.py:153} INFO - Started process (PID=2641) to work on /home/airflow/.local/lib/python3.7/site-packages/airflow/example_dags/example_xcom.py
[2022-12-19T19:54:07.262+0000] {processor.py:743} INFO - Processing file /home/airflow/.local/lib/python3.7/site-packages/airflow/example_dags/example_xcom.py for tasks to queue
[2022-12-19T19:54:07.262+0000] {logging_mixin.py:137} INFO - [2022-12-19T19:54:07.262+0000] {dagbag.py:538} INFO - Filling up the DagBag from /home/airflow/.local/lib/python3.7/site-packages/airflow/example_dags/example_xcom.py
[2022-12-19T19:54:07.297+0000] {processor.py:753} INFO - DAG(s) dict_keys(['example_xcom']) retrieved from /home/airflow/.local/lib/python3.7/site-packages/airflow/example_dags/example_xcom.py
[2022-12-19T19:54:07.342+0000] {logging_mixin.py:137} INFO - [2022-12-19T19:54:07.342+0000] {dag.py:2676} INFO - Sync 1 DAGs
[2022-12-19T19:54:07.383+0000] {logging_mixin.py:137} INFO - [2022-12-19T19:54:07.383+0000] {dag.py:3427} INFO - Setting next_dagrun for example_xcom to 2021-01-01T00:00:00+00:00, run_after=2021-01-01T00:00:00+00:00
[2022-12-19T19:54:07.402+0000] {processor.py:175} INFO - Processing /home/airflow/.local/lib/python3.7/site-packages/airflow/example_dags/example_xcom.py took 0.144 seconds
[2022-12-19T19:54:37.447+0000] {processor.py:153} INFO - Started process (PID=2728) to work on /home/airflow/.local/lib/python3.7/site-packages/airflow/example_dags/example_xcom.py
[2022-12-19T19:54:37.448+0000] {processor.py:743} INFO - Processing file /home/airflow/.local/lib/python3.7/site-packages/airflow/example_dags/example_xcom.py for tasks to queue
[2022-12-19T19:54:37.449+0000] {logging_mixin.py:137} INFO - [2022-12-19T19:54:37.448+0000] {dagbag.py:538} INFO - Filling up the DagBag from /home/airflow/.local/lib/python3.7/site-packages/airflow/example_dags/example_xcom.py
[2022-12-19T19:54:37.476+0000] {processor.py:753} INFO - DAG(s) dict_keys(['example_xcom']) retrieved from /home/airflow/.local/lib/python3.7/site-packages/airflow/example_dags/example_xcom.py
[2022-12-19T19:54:37.526+0000] {logging_mixin.py:137} INFO - [2022-12-19T19:54:37.526+0000] {dag.py:2676} INFO - Sync 1 DAGs
[2022-12-19T19:54:37.555+0000] {logging_mixin.py:137} INFO - [2022-12-19T19:54:37.554+0000] {dag.py:3427} INFO - Setting next_dagrun for example_xcom to 2021-01-01T00:00:00+00:00, run_after=2021-01-01T00:00:00+00:00
[2022-12-19T19:54:37.580+0000] {processor.py:175} INFO - Processing /home/airflow/.local/lib/python3.7/site-packages/airflow/example_dags/example_xcom.py took 0.137 seconds
[2022-12-19T19:55:07.767+0000] {processor.py:153} INFO - Started process (PID=2814) to work on /home/airflow/.local/lib/python3.7/site-packages/airflow/example_dags/example_xcom.py
[2022-12-19T19:55:07.768+0000] {processor.py:743} INFO - Processing file /home/airflow/.local/lib/python3.7/site-packages/airflow/example_dags/example_xcom.py for tasks to queue
[2022-12-19T19:55:07.769+0000] {logging_mixin.py:137} INFO - [2022-12-19T19:55:07.769+0000] {dagbag.py:538} INFO - Filling up the DagBag from /home/airflow/.local/lib/python3.7/site-packages/airflow/example_dags/example_xcom.py
[2022-12-19T19:55:07.797+0000] {processor.py:753} INFO - DAG(s) dict_keys(['example_xcom']) retrieved from /home/airflow/.local/lib/python3.7/site-packages/airflow/example_dags/example_xcom.py
[2022-12-19T19:55:07.842+0000] {logging_mixin.py:137} INFO - [2022-12-19T19:55:07.842+0000] {dag.py:2676} INFO - Sync 1 DAGs
[2022-12-19T19:55:07.873+0000] {logging_mixin.py:137} INFO - [2022-12-19T19:55:07.873+0000] {dag.py:3427} INFO - Setting next_dagrun for example_xcom to 2021-01-01T00:00:00+00:00, run_after=2021-01-01T00:00:00+00:00
[2022-12-19T19:55:07.895+0000] {processor.py:175} INFO - Processing /home/airflow/.local/lib/python3.7/site-packages/airflow/example_dags/example_xcom.py took 0.131 seconds
[2022-12-19T19:55:38.658+0000] {processor.py:153} INFO - Started process (PID=2924) to work on /home/airflow/.local/lib/python3.7/site-packages/airflow/example_dags/example_xcom.py
[2022-12-19T19:55:38.659+0000] {processor.py:743} INFO - Processing file /home/airflow/.local/lib/python3.7/site-packages/airflow/example_dags/example_xcom.py for tasks to queue
[2022-12-19T19:55:38.660+0000] {logging_mixin.py:137} INFO - [2022-12-19T19:55:38.660+0000] {dagbag.py:538} INFO - Filling up the DagBag from /home/airflow/.local/lib/python3.7/site-packages/airflow/example_dags/example_xcom.py
[2022-12-19T19:55:38.687+0000] {processor.py:753} INFO - DAG(s) dict_keys(['example_xcom']) retrieved from /home/airflow/.local/lib/python3.7/site-packages/airflow/example_dags/example_xcom.py
[2022-12-19T19:55:38.737+0000] {logging_mixin.py:137} INFO - [2022-12-19T19:55:38.736+0000] {dag.py:2676} INFO - Sync 1 DAGs
[2022-12-19T19:55:38.764+0000] {logging_mixin.py:137} INFO - [2022-12-19T19:55:38.764+0000] {dag.py:3427} INFO - Setting next_dagrun for example_xcom to 2021-01-01T00:00:00+00:00, run_after=2021-01-01T00:00:00+00:00
[2022-12-19T19:55:38.785+0000] {processor.py:175} INFO - Processing /home/airflow/.local/lib/python3.7/site-packages/airflow/example_dags/example_xcom.py took 0.130 seconds
[2022-12-19T19:56:09.426+0000] {processor.py:153} INFO - Started process (PID=3010) to work on /home/airflow/.local/lib/python3.7/site-packages/airflow/example_dags/example_xcom.py
[2022-12-19T19:56:09.427+0000] {processor.py:743} INFO - Processing file /home/airflow/.local/lib/python3.7/site-packages/airflow/example_dags/example_xcom.py for tasks to queue
[2022-12-19T19:56:09.428+0000] {logging_mixin.py:137} INFO - [2022-12-19T19:56:09.427+0000] {dagbag.py:538} INFO - Filling up the DagBag from /home/airflow/.local/lib/python3.7/site-packages/airflow/example_dags/example_xcom.py
[2022-12-19T19:56:09.465+0000] {processor.py:753} INFO - DAG(s) dict_keys(['example_xcom']) retrieved from /home/airflow/.local/lib/python3.7/site-packages/airflow/example_dags/example_xcom.py
[2022-12-19T19:56:09.578+0000] {logging_mixin.py:137} INFO - [2022-12-19T19:56:09.578+0000] {dag.py:2676} INFO - Sync 1 DAGs
[2022-12-19T19:56:09.671+0000] {logging_mixin.py:137} INFO - [2022-12-19T19:56:09.671+0000] {dag.py:3427} INFO - Setting next_dagrun for example_xcom to 2021-01-01T00:00:00+00:00, run_after=2021-01-01T00:00:00+00:00
[2022-12-19T19:56:09.712+0000] {processor.py:175} INFO - Processing /home/airflow/.local/lib/python3.7/site-packages/airflow/example_dags/example_xcom.py took 0.290 seconds
[2022-12-19T19:56:39.896+0000] {processor.py:153} INFO - Started process (PID=3097) to work on /home/airflow/.local/lib/python3.7/site-packages/airflow/example_dags/example_xcom.py
[2022-12-19T19:56:39.897+0000] {processor.py:743} INFO - Processing file /home/airflow/.local/lib/python3.7/site-packages/airflow/example_dags/example_xcom.py for tasks to queue
[2022-12-19T19:56:39.898+0000] {logging_mixin.py:137} INFO - [2022-12-19T19:56:39.898+0000] {dagbag.py:538} INFO - Filling up the DagBag from /home/airflow/.local/lib/python3.7/site-packages/airflow/example_dags/example_xcom.py
[2022-12-19T19:56:39.926+0000] {processor.py:753} INFO - DAG(s) dict_keys(['example_xcom']) retrieved from /home/airflow/.local/lib/python3.7/site-packages/airflow/example_dags/example_xcom.py
[2022-12-19T19:56:39.993+0000] {logging_mixin.py:137} INFO - [2022-12-19T19:56:39.993+0000] {dag.py:2676} INFO - Sync 1 DAGs
[2022-12-19T19:56:40.084+0000] {logging_mixin.py:137} INFO - [2022-12-19T19:56:40.083+0000] {dag.py:3427} INFO - Setting next_dagrun for example_xcom to 2021-01-01T00:00:00+00:00, run_after=2021-01-01T00:00:00+00:00
[2022-12-19T19:56:40.104+0000] {processor.py:175} INFO - Processing /home/airflow/.local/lib/python3.7/site-packages/airflow/example_dags/example_xcom.py took 0.211 seconds
[2022-12-19T19:57:10.795+0000] {processor.py:153} INFO - Started process (PID=3207) to work on /home/airflow/.local/lib/python3.7/site-packages/airflow/example_dags/example_xcom.py
[2022-12-19T19:57:10.796+0000] {processor.py:743} INFO - Processing file /home/airflow/.local/lib/python3.7/site-packages/airflow/example_dags/example_xcom.py for tasks to queue
[2022-12-19T19:57:10.797+0000] {logging_mixin.py:137} INFO - [2022-12-19T19:57:10.797+0000] {dagbag.py:538} INFO - Filling up the DagBag from /home/airflow/.local/lib/python3.7/site-packages/airflow/example_dags/example_xcom.py
[2022-12-19T19:57:10.824+0000] {processor.py:753} INFO - DAG(s) dict_keys(['example_xcom']) retrieved from /home/airflow/.local/lib/python3.7/site-packages/airflow/example_dags/example_xcom.py
[2022-12-19T19:57:10.906+0000] {logging_mixin.py:137} INFO - [2022-12-19T19:57:10.906+0000] {dag.py:2676} INFO - Sync 1 DAGs
[2022-12-19T19:57:10.939+0000] {logging_mixin.py:137} INFO - [2022-12-19T19:57:10.939+0000] {dag.py:3427} INFO - Setting next_dagrun for example_xcom to 2021-01-01T00:00:00+00:00, run_after=2021-01-01T00:00:00+00:00
[2022-12-19T19:57:10.962+0000] {processor.py:175} INFO - Processing /home/airflow/.local/lib/python3.7/site-packages/airflow/example_dags/example_xcom.py took 0.170 seconds
[2022-12-19T19:57:41.012+0000] {processor.py:153} INFO - Started process (PID=3293) to work on /home/airflow/.local/lib/python3.7/site-packages/airflow/example_dags/example_xcom.py
[2022-12-19T19:57:41.013+0000] {processor.py:743} INFO - Processing file /home/airflow/.local/lib/python3.7/site-packages/airflow/example_dags/example_xcom.py for tasks to queue
[2022-12-19T19:57:41.014+0000] {logging_mixin.py:137} INFO - [2022-12-19T19:57:41.014+0000] {dagbag.py:538} INFO - Filling up the DagBag from /home/airflow/.local/lib/python3.7/site-packages/airflow/example_dags/example_xcom.py
[2022-12-19T19:57:41.041+0000] {processor.py:753} INFO - DAG(s) dict_keys(['example_xcom']) retrieved from /home/airflow/.local/lib/python3.7/site-packages/airflow/example_dags/example_xcom.py
[2022-12-19T19:57:41.082+0000] {logging_mixin.py:137} INFO - [2022-12-19T19:57:41.082+0000] {dag.py:2676} INFO - Sync 1 DAGs
[2022-12-19T19:57:41.107+0000] {logging_mixin.py:137} INFO - [2022-12-19T19:57:41.107+0000] {dag.py:3427} INFO - Setting next_dagrun for example_xcom to 2021-01-01T00:00:00+00:00, run_after=2021-01-01T00:00:00+00:00
[2022-12-19T19:57:41.127+0000] {processor.py:175} INFO - Processing /home/airflow/.local/lib/python3.7/site-packages/airflow/example_dags/example_xcom.py took 0.118 seconds
[2022-12-19T19:58:11.449+0000] {processor.py:153} INFO - Started process (PID=3403) to work on /home/airflow/.local/lib/python3.7/site-packages/airflow/example_dags/example_xcom.py
[2022-12-19T19:58:11.471+0000] {processor.py:743} INFO - Processing file /home/airflow/.local/lib/python3.7/site-packages/airflow/example_dags/example_xcom.py for tasks to queue
[2022-12-19T19:58:11.472+0000] {logging_mixin.py:137} INFO - [2022-12-19T19:58:11.472+0000] {dagbag.py:538} INFO - Filling up the DagBag from /home/airflow/.local/lib/python3.7/site-packages/airflow/example_dags/example_xcom.py
[2022-12-19T19:58:11.586+0000] {processor.py:753} INFO - DAG(s) dict_keys(['example_xcom']) retrieved from /home/airflow/.local/lib/python3.7/site-packages/airflow/example_dags/example_xcom.py
[2022-12-19T19:58:11.630+0000] {logging_mixin.py:137} INFO - [2022-12-19T19:58:11.630+0000] {dag.py:2676} INFO - Sync 1 DAGs
[2022-12-19T19:58:11.671+0000] {logging_mixin.py:137} INFO - [2022-12-19T19:58:11.670+0000] {dag.py:3427} INFO - Setting next_dagrun for example_xcom to 2021-01-01T00:00:00+00:00, run_after=2021-01-01T00:00:00+00:00
[2022-12-19T19:58:11.696+0000] {processor.py:175} INFO - Processing /home/airflow/.local/lib/python3.7/site-packages/airflow/example_dags/example_xcom.py took 0.254 seconds
[2022-12-19T19:58:42.133+0000] {processor.py:153} INFO - Started process (PID=3489) to work on /home/airflow/.local/lib/python3.7/site-packages/airflow/example_dags/example_xcom.py
[2022-12-19T19:58:42.134+0000] {processor.py:743} INFO - Processing file /home/airflow/.local/lib/python3.7/site-packages/airflow/example_dags/example_xcom.py for tasks to queue
[2022-12-19T19:58:42.134+0000] {logging_mixin.py:137} INFO - [2022-12-19T19:58:42.134+0000] {dagbag.py:538} INFO - Filling up the DagBag from /home/airflow/.local/lib/python3.7/site-packages/airflow/example_dags/example_xcom.py
[2022-12-19T19:58:42.162+0000] {processor.py:753} INFO - DAG(s) dict_keys(['example_xcom']) retrieved from /home/airflow/.local/lib/python3.7/site-packages/airflow/example_dags/example_xcom.py
[2022-12-19T19:58:42.215+0000] {logging_mixin.py:137} INFO - [2022-12-19T19:58:42.215+0000] {dag.py:2676} INFO - Sync 1 DAGs
[2022-12-19T19:58:42.250+0000] {logging_mixin.py:137} INFO - [2022-12-19T19:58:42.250+0000] {dag.py:3427} INFO - Setting next_dagrun for example_xcom to 2021-01-01T00:00:00+00:00, run_after=2021-01-01T00:00:00+00:00
[2022-12-19T19:58:42.275+0000] {processor.py:175} INFO - Processing /home/airflow/.local/lib/python3.7/site-packages/airflow/example_dags/example_xcom.py took 0.146 seconds
[2022-12-19T19:59:12.317+0000] {processor.py:153} INFO - Started process (PID=3575) to work on /home/airflow/.local/lib/python3.7/site-packages/airflow/example_dags/example_xcom.py
[2022-12-19T19:59:12.318+0000] {processor.py:743} INFO - Processing file /home/airflow/.local/lib/python3.7/site-packages/airflow/example_dags/example_xcom.py for tasks to queue
[2022-12-19T19:59:12.318+0000] {logging_mixin.py:137} INFO - [2022-12-19T19:59:12.318+0000] {dagbag.py:538} INFO - Filling up the DagBag from /home/airflow/.local/lib/python3.7/site-packages/airflow/example_dags/example_xcom.py
[2022-12-19T19:59:12.345+0000] {processor.py:753} INFO - DAG(s) dict_keys(['example_xcom']) retrieved from /home/airflow/.local/lib/python3.7/site-packages/airflow/example_dags/example_xcom.py
[2022-12-19T19:59:12.394+0000] {logging_mixin.py:137} INFO - [2022-12-19T19:59:12.394+0000] {dag.py:2676} INFO - Sync 1 DAGs
[2022-12-19T19:59:12.425+0000] {logging_mixin.py:137} INFO - [2022-12-19T19:59:12.425+0000] {dag.py:3427} INFO - Setting next_dagrun for example_xcom to 2021-01-01T00:00:00+00:00, run_after=2021-01-01T00:00:00+00:00
[2022-12-19T19:59:12.448+0000] {processor.py:175} INFO - Processing /home/airflow/.local/lib/python3.7/site-packages/airflow/example_dags/example_xcom.py took 0.135 seconds
[2022-12-19T19:59:42.582+0000] {processor.py:153} INFO - Started process (PID=3661) to work on /home/airflow/.local/lib/python3.7/site-packages/airflow/example_dags/example_xcom.py
[2022-12-19T19:59:42.583+0000] {processor.py:743} INFO - Processing file /home/airflow/.local/lib/python3.7/site-packages/airflow/example_dags/example_xcom.py for tasks to queue
[2022-12-19T19:59:42.583+0000] {logging_mixin.py:137} INFO - [2022-12-19T19:59:42.583+0000] {dagbag.py:538} INFO - Filling up the DagBag from /home/airflow/.local/lib/python3.7/site-packages/airflow/example_dags/example_xcom.py
[2022-12-19T19:59:42.613+0000] {processor.py:753} INFO - DAG(s) dict_keys(['example_xcom']) retrieved from /home/airflow/.local/lib/python3.7/site-packages/airflow/example_dags/example_xcom.py
[2022-12-19T19:59:42.709+0000] {logging_mixin.py:137} INFO - [2022-12-19T19:59:42.708+0000] {dag.py:2676} INFO - Sync 1 DAGs
[2022-12-19T19:59:42.778+0000] {logging_mixin.py:137} INFO - [2022-12-19T19:59:42.778+0000] {dag.py:3427} INFO - Setting next_dagrun for example_xcom to 2021-01-01T00:00:00+00:00, run_after=2021-01-01T00:00:00+00:00
[2022-12-19T19:59:42.800+0000] {processor.py:175} INFO - Processing /home/airflow/.local/lib/python3.7/site-packages/airflow/example_dags/example_xcom.py took 0.223 seconds
[2022-12-19T20:00:13.416+0000] {processor.py:153} INFO - Started process (PID=3772) to work on /home/airflow/.local/lib/python3.7/site-packages/airflow/example_dags/example_xcom.py
[2022-12-19T20:00:13.417+0000] {processor.py:743} INFO - Processing file /home/airflow/.local/lib/python3.7/site-packages/airflow/example_dags/example_xcom.py for tasks to queue
[2022-12-19T20:00:13.418+0000] {logging_mixin.py:137} INFO - [2022-12-19T20:00:13.418+0000] {dagbag.py:538} INFO - Filling up the DagBag from /home/airflow/.local/lib/python3.7/site-packages/airflow/example_dags/example_xcom.py
[2022-12-19T20:00:13.474+0000] {processor.py:753} INFO - DAG(s) dict_keys(['example_xcom']) retrieved from /home/airflow/.local/lib/python3.7/site-packages/airflow/example_dags/example_xcom.py
[2022-12-19T20:00:13.519+0000] {logging_mixin.py:137} INFO - [2022-12-19T20:00:13.519+0000] {dag.py:2676} INFO - Sync 1 DAGs
[2022-12-19T20:00:13.597+0000] {logging_mixin.py:137} INFO - [2022-12-19T20:00:13.597+0000] {dag.py:3427} INFO - Setting next_dagrun for example_xcom to 2021-01-01T00:00:00+00:00, run_after=2021-01-01T00:00:00+00:00
[2022-12-19T20:00:13.620+0000] {processor.py:175} INFO - Processing /home/airflow/.local/lib/python3.7/site-packages/airflow/example_dags/example_xcom.py took 0.207 seconds
[2022-12-19T20:00:44.282+0000] {processor.py:153} INFO - Started process (PID=3858) to work on /home/airflow/.local/lib/python3.7/site-packages/airflow/example_dags/example_xcom.py
[2022-12-19T20:00:44.283+0000] {processor.py:743} INFO - Processing file /home/airflow/.local/lib/python3.7/site-packages/airflow/example_dags/example_xcom.py for tasks to queue
[2022-12-19T20:00:44.284+0000] {logging_mixin.py:137} INFO - [2022-12-19T20:00:44.283+0000] {dagbag.py:538} INFO - Filling up the DagBag from /home/airflow/.local/lib/python3.7/site-packages/airflow/example_dags/example_xcom.py
[2022-12-19T20:00:44.308+0000] {processor.py:753} INFO - DAG(s) dict_keys(['example_xcom']) retrieved from /home/airflow/.local/lib/python3.7/site-packages/airflow/example_dags/example_xcom.py
[2022-12-19T20:00:44.372+0000] {logging_mixin.py:137} INFO - [2022-12-19T20:00:44.372+0000] {dag.py:2676} INFO - Sync 1 DAGs
[2022-12-19T20:00:44.401+0000] {logging_mixin.py:137} INFO - [2022-12-19T20:00:44.400+0000] {dag.py:3427} INFO - Setting next_dagrun for example_xcom to 2021-01-01T00:00:00+00:00, run_after=2021-01-01T00:00:00+00:00
[2022-12-19T20:00:44.422+0000] {processor.py:175} INFO - Processing /home/airflow/.local/lib/python3.7/site-packages/airflow/example_dags/example_xcom.py took 0.142 seconds
[2022-12-19T20:01:14.463+0000] {processor.py:153} INFO - Started process (PID=3944) to work on /home/airflow/.local/lib/python3.7/site-packages/airflow/example_dags/example_xcom.py
[2022-12-19T20:01:14.464+0000] {processor.py:743} INFO - Processing file /home/airflow/.local/lib/python3.7/site-packages/airflow/example_dags/example_xcom.py for tasks to queue
[2022-12-19T20:01:14.464+0000] {logging_mixin.py:137} INFO - [2022-12-19T20:01:14.464+0000] {dagbag.py:538} INFO - Filling up the DagBag from /home/airflow/.local/lib/python3.7/site-packages/airflow/example_dags/example_xcom.py
[2022-12-19T20:01:14.490+0000] {processor.py:753} INFO - DAG(s) dict_keys(['example_xcom']) retrieved from /home/airflow/.local/lib/python3.7/site-packages/airflow/example_dags/example_xcom.py
[2022-12-19T20:01:14.534+0000] {logging_mixin.py:137} INFO - [2022-12-19T20:01:14.534+0000] {dag.py:2676} INFO - Sync 1 DAGs
[2022-12-19T20:01:14.564+0000] {logging_mixin.py:137} INFO - [2022-12-19T20:01:14.564+0000] {dag.py:3427} INFO - Setting next_dagrun for example_xcom to 2021-01-01T00:00:00+00:00, run_after=2021-01-01T00:00:00+00:00
[2022-12-19T20:01:14.584+0000] {processor.py:175} INFO - Processing /home/airflow/.local/lib/python3.7/site-packages/airflow/example_dags/example_xcom.py took 0.124 seconds
[2022-12-19T20:01:44.757+0000] {processor.py:153} INFO - Started process (PID=4055) to work on /home/airflow/.local/lib/python3.7/site-packages/airflow/example_dags/example_xcom.py
[2022-12-19T20:01:44.757+0000] {processor.py:743} INFO - Processing file /home/airflow/.local/lib/python3.7/site-packages/airflow/example_dags/example_xcom.py for tasks to queue
[2022-12-19T20:01:44.758+0000] {logging_mixin.py:137} INFO - [2022-12-19T20:01:44.758+0000] {dagbag.py:538} INFO - Filling up the DagBag from /home/airflow/.local/lib/python3.7/site-packages/airflow/example_dags/example_xcom.py
[2022-12-19T20:01:44.785+0000] {processor.py:753} INFO - DAG(s) dict_keys(['example_xcom']) retrieved from /home/airflow/.local/lib/python3.7/site-packages/airflow/example_dags/example_xcom.py
[2022-12-19T20:01:44.829+0000] {logging_mixin.py:137} INFO - [2022-12-19T20:01:44.829+0000] {dag.py:2676} INFO - Sync 1 DAGs
[2022-12-19T20:01:44.859+0000] {logging_mixin.py:137} INFO - [2022-12-19T20:01:44.859+0000] {dag.py:3427} INFO - Setting next_dagrun for example_xcom to 2021-01-01T00:00:00+00:00, run_after=2021-01-01T00:00:00+00:00
[2022-12-19T20:01:44.884+0000] {processor.py:175} INFO - Processing /home/airflow/.local/lib/python3.7/site-packages/airflow/example_dags/example_xcom.py took 0.130 seconds
[2022-12-19T20:02:15.224+0000] {processor.py:153} INFO - Started process (PID=4141) to work on /home/airflow/.local/lib/python3.7/site-packages/airflow/example_dags/example_xcom.py
[2022-12-19T20:02:15.225+0000] {processor.py:743} INFO - Processing file /home/airflow/.local/lib/python3.7/site-packages/airflow/example_dags/example_xcom.py for tasks to queue
[2022-12-19T20:02:15.226+0000] {logging_mixin.py:137} INFO - [2022-12-19T20:02:15.225+0000] {dagbag.py:538} INFO - Filling up the DagBag from /home/airflow/.local/lib/python3.7/site-packages/airflow/example_dags/example_xcom.py
[2022-12-19T20:02:15.253+0000] {processor.py:753} INFO - DAG(s) dict_keys(['example_xcom']) retrieved from /home/airflow/.local/lib/python3.7/site-packages/airflow/example_dags/example_xcom.py
[2022-12-19T20:02:15.300+0000] {logging_mixin.py:137} INFO - [2022-12-19T20:02:15.300+0000] {dag.py:2676} INFO - Sync 1 DAGs
[2022-12-19T20:02:15.333+0000] {logging_mixin.py:137} INFO - [2022-12-19T20:02:15.333+0000] {dag.py:3427} INFO - Setting next_dagrun for example_xcom to 2021-01-01T00:00:00+00:00, run_after=2021-01-01T00:00:00+00:00
[2022-12-19T20:02:15.359+0000] {processor.py:175} INFO - Processing /home/airflow/.local/lib/python3.7/site-packages/airflow/example_dags/example_xcom.py took 0.139 seconds
[2022-12-19T20:02:45.868+0000] {processor.py:153} INFO - Started process (PID=4237) to work on /home/airflow/.local/lib/python3.7/site-packages/airflow/example_dags/example_xcom.py
[2022-12-19T20:02:45.869+0000] {processor.py:743} INFO - Processing file /home/airflow/.local/lib/python3.7/site-packages/airflow/example_dags/example_xcom.py for tasks to queue
[2022-12-19T20:02:45.871+0000] {logging_mixin.py:137} INFO - [2022-12-19T20:02:45.870+0000] {dagbag.py:538} INFO - Filling up the DagBag from /home/airflow/.local/lib/python3.7/site-packages/airflow/example_dags/example_xcom.py
[2022-12-19T20:02:45.911+0000] {processor.py:753} INFO - DAG(s) dict_keys(['example_xcom']) retrieved from /home/airflow/.local/lib/python3.7/site-packages/airflow/example_dags/example_xcom.py
[2022-12-19T20:02:46.102+0000] {logging_mixin.py:137} INFO - [2022-12-19T20:02:46.102+0000] {dag.py:2676} INFO - Sync 1 DAGs
[2022-12-19T20:02:46.143+0000] {logging_mixin.py:137} INFO - [2022-12-19T20:02:46.142+0000] {dag.py:3427} INFO - Setting next_dagrun for example_xcom to 2021-01-01T00:00:00+00:00, run_after=2021-01-01T00:00:00+00:00
[2022-12-19T20:02:46.171+0000] {processor.py:175} INFO - Processing /home/airflow/.local/lib/python3.7/site-packages/airflow/example_dags/example_xcom.py took 0.307 seconds
[2022-12-19T20:03:16.275+0000] {processor.py:153} INFO - Started process (PID=4338) to work on /home/airflow/.local/lib/python3.7/site-packages/airflow/example_dags/example_xcom.py
[2022-12-19T20:03:16.276+0000] {processor.py:743} INFO - Processing file /home/airflow/.local/lib/python3.7/site-packages/airflow/example_dags/example_xcom.py for tasks to queue
[2022-12-19T20:03:16.277+0000] {logging_mixin.py:137} INFO - [2022-12-19T20:03:16.277+0000] {dagbag.py:538} INFO - Filling up the DagBag from /home/airflow/.local/lib/python3.7/site-packages/airflow/example_dags/example_xcom.py
[2022-12-19T20:03:16.301+0000] {processor.py:753} INFO - DAG(s) dict_keys(['example_xcom']) retrieved from /home/airflow/.local/lib/python3.7/site-packages/airflow/example_dags/example_xcom.py
[2022-12-19T20:03:16.345+0000] {logging_mixin.py:137} INFO - [2022-12-19T20:03:16.344+0000] {dag.py:2676} INFO - Sync 1 DAGs
[2022-12-19T20:03:16.374+0000] {logging_mixin.py:137} INFO - [2022-12-19T20:03:16.374+0000] {dag.py:3427} INFO - Setting next_dagrun for example_xcom to 2021-01-01T00:00:00+00:00, run_after=2021-01-01T00:00:00+00:00
[2022-12-19T20:03:16.396+0000] {processor.py:175} INFO - Processing /home/airflow/.local/lib/python3.7/site-packages/airflow/example_dags/example_xcom.py took 0.124 seconds
[2022-12-19T20:03:47.269+0000] {processor.py:153} INFO - Started process (PID=4424) to work on /home/airflow/.local/lib/python3.7/site-packages/airflow/example_dags/example_xcom.py
[2022-12-19T20:03:47.269+0000] {processor.py:743} INFO - Processing file /home/airflow/.local/lib/python3.7/site-packages/airflow/example_dags/example_xcom.py for tasks to queue
[2022-12-19T20:03:47.270+0000] {logging_mixin.py:137} INFO - [2022-12-19T20:03:47.270+0000] {dagbag.py:538} INFO - Filling up the DagBag from /home/airflow/.local/lib/python3.7/site-packages/airflow/example_dags/example_xcom.py
[2022-12-19T20:03:47.293+0000] {processor.py:753} INFO - DAG(s) dict_keys(['example_xcom']) retrieved from /home/airflow/.local/lib/python3.7/site-packages/airflow/example_dags/example_xcom.py
[2022-12-19T20:03:47.332+0000] {logging_mixin.py:137} INFO - [2022-12-19T20:03:47.332+0000] {dag.py:2676} INFO - Sync 1 DAGs
[2022-12-19T20:03:47.357+0000] {logging_mixin.py:137} INFO - [2022-12-19T20:03:47.357+0000] {dag.py:3427} INFO - Setting next_dagrun for example_xcom to 2021-01-01T00:00:00+00:00, run_after=2021-01-01T00:00:00+00:00
[2022-12-19T20:03:47.376+0000] {processor.py:175} INFO - Processing /home/airflow/.local/lib/python3.7/site-packages/airflow/example_dags/example_xcom.py took 0.109 seconds
[2022-12-19T20:04:17.514+0000] {processor.py:153} INFO - Started process (PID=4535) to work on /home/airflow/.local/lib/python3.7/site-packages/airflow/example_dags/example_xcom.py
[2022-12-19T20:04:17.515+0000] {processor.py:743} INFO - Processing file /home/airflow/.local/lib/python3.7/site-packages/airflow/example_dags/example_xcom.py for tasks to queue
[2022-12-19T20:04:17.516+0000] {logging_mixin.py:137} INFO - [2022-12-19T20:04:17.516+0000] {dagbag.py:538} INFO - Filling up the DagBag from /home/airflow/.local/lib/python3.7/site-packages/airflow/example_dags/example_xcom.py
[2022-12-19T20:04:17.543+0000] {processor.py:753} INFO - DAG(s) dict_keys(['example_xcom']) retrieved from /home/airflow/.local/lib/python3.7/site-packages/airflow/example_dags/example_xcom.py
[2022-12-19T20:04:17.587+0000] {logging_mixin.py:137} INFO - [2022-12-19T20:04:17.587+0000] {dag.py:2676} INFO - Sync 1 DAGs
[2022-12-19T20:04:17.615+0000] {logging_mixin.py:137} INFO - [2022-12-19T20:04:17.615+0000] {dag.py:3427} INFO - Setting next_dagrun for example_xcom to 2021-01-01T00:00:00+00:00, run_after=2021-01-01T00:00:00+00:00
[2022-12-19T20:04:17.638+0000] {processor.py:175} INFO - Processing /home/airflow/.local/lib/python3.7/site-packages/airflow/example_dags/example_xcom.py took 0.127 seconds
[2022-12-19T20:04:48.195+0000] {processor.py:153} INFO - Started process (PID=4621) to work on /home/airflow/.local/lib/python3.7/site-packages/airflow/example_dags/example_xcom.py
[2022-12-19T20:04:48.196+0000] {processor.py:743} INFO - Processing file /home/airflow/.local/lib/python3.7/site-packages/airflow/example_dags/example_xcom.py for tasks to queue
[2022-12-19T20:04:48.197+0000] {logging_mixin.py:137} INFO - [2022-12-19T20:04:48.197+0000] {dagbag.py:538} INFO - Filling up the DagBag from /home/airflow/.local/lib/python3.7/site-packages/airflow/example_dags/example_xcom.py
[2022-12-19T20:04:48.225+0000] {processor.py:753} INFO - DAG(s) dict_keys(['example_xcom']) retrieved from /home/airflow/.local/lib/python3.7/site-packages/airflow/example_dags/example_xcom.py
[2022-12-19T20:04:48.272+0000] {logging_mixin.py:137} INFO - [2022-12-19T20:04:48.272+0000] {dag.py:2676} INFO - Sync 1 DAGs
[2022-12-19T20:04:48.303+0000] {logging_mixin.py:137} INFO - [2022-12-19T20:04:48.303+0000] {dag.py:3427} INFO - Setting next_dagrun for example_xcom to 2021-01-01T00:00:00+00:00, run_after=2021-01-01T00:00:00+00:00
[2022-12-19T20:04:48.324+0000] {processor.py:175} INFO - Processing /home/airflow/.local/lib/python3.7/site-packages/airflow/example_dags/example_xcom.py took 0.132 seconds
[2022-12-19T20:05:18.620+0000] {processor.py:153} INFO - Started process (PID=4707) to work on /home/airflow/.local/lib/python3.7/site-packages/airflow/example_dags/example_xcom.py
[2022-12-19T20:05:18.621+0000] {processor.py:743} INFO - Processing file /home/airflow/.local/lib/python3.7/site-packages/airflow/example_dags/example_xcom.py for tasks to queue
[2022-12-19T20:05:18.622+0000] {logging_mixin.py:137} INFO - [2022-12-19T20:05:18.622+0000] {dagbag.py:538} INFO - Filling up the DagBag from /home/airflow/.local/lib/python3.7/site-packages/airflow/example_dags/example_xcom.py
[2022-12-19T20:05:18.647+0000] {processor.py:753} INFO - DAG(s) dict_keys(['example_xcom']) retrieved from /home/airflow/.local/lib/python3.7/site-packages/airflow/example_dags/example_xcom.py
[2022-12-19T20:05:18.691+0000] {logging_mixin.py:137} INFO - [2022-12-19T20:05:18.691+0000] {dag.py:2676} INFO - Sync 1 DAGs
[2022-12-19T20:05:18.720+0000] {logging_mixin.py:137} INFO - [2022-12-19T20:05:18.720+0000] {dag.py:3427} INFO - Setting next_dagrun for example_xcom to 2021-01-01T00:00:00+00:00, run_after=2021-01-01T00:00:00+00:00
[2022-12-19T20:05:18.742+0000] {processor.py:175} INFO - Processing /home/airflow/.local/lib/python3.7/site-packages/airflow/example_dags/example_xcom.py took 0.124 seconds
[2022-12-19T20:05:48.901+0000] {processor.py:153} INFO - Started process (PID=4817) to work on /home/airflow/.local/lib/python3.7/site-packages/airflow/example_dags/example_xcom.py
[2022-12-19T20:05:48.903+0000] {processor.py:743} INFO - Processing file /home/airflow/.local/lib/python3.7/site-packages/airflow/example_dags/example_xcom.py for tasks to queue
[2022-12-19T20:05:48.903+0000] {logging_mixin.py:137} INFO - [2022-12-19T20:05:48.903+0000] {dagbag.py:538} INFO - Filling up the DagBag from /home/airflow/.local/lib/python3.7/site-packages/airflow/example_dags/example_xcom.py
[2022-12-19T20:05:48.933+0000] {processor.py:753} INFO - DAG(s) dict_keys(['example_xcom']) retrieved from /home/airflow/.local/lib/python3.7/site-packages/airflow/example_dags/example_xcom.py
[2022-12-19T20:05:48.978+0000] {logging_mixin.py:137} INFO - [2022-12-19T20:05:48.977+0000] {dag.py:2676} INFO - Sync 1 DAGs
[2022-12-19T20:05:49.006+0000] {logging_mixin.py:137} INFO - [2022-12-19T20:05:49.005+0000] {dag.py:3427} INFO - Setting next_dagrun for example_xcom to 2021-01-01T00:00:00+00:00, run_after=2021-01-01T00:00:00+00:00
[2022-12-19T20:05:49.025+0000] {processor.py:175} INFO - Processing /home/airflow/.local/lib/python3.7/site-packages/airflow/example_dags/example_xcom.py took 0.127 seconds
[2022-12-19T20:06:19.375+0000] {processor.py:153} INFO - Started process (PID=4903) to work on /home/airflow/.local/lib/python3.7/site-packages/airflow/example_dags/example_xcom.py
[2022-12-19T20:06:19.376+0000] {processor.py:743} INFO - Processing file /home/airflow/.local/lib/python3.7/site-packages/airflow/example_dags/example_xcom.py for tasks to queue
[2022-12-19T20:06:19.376+0000] {logging_mixin.py:137} INFO - [2022-12-19T20:06:19.376+0000] {dagbag.py:538} INFO - Filling up the DagBag from /home/airflow/.local/lib/python3.7/site-packages/airflow/example_dags/example_xcom.py
[2022-12-19T20:06:19.405+0000] {processor.py:753} INFO - DAG(s) dict_keys(['example_xcom']) retrieved from /home/airflow/.local/lib/python3.7/site-packages/airflow/example_dags/example_xcom.py
[2022-12-19T20:06:19.451+0000] {logging_mixin.py:137} INFO - [2022-12-19T20:06:19.451+0000] {dag.py:2676} INFO - Sync 1 DAGs
[2022-12-19T20:06:19.487+0000] {logging_mixin.py:137} INFO - [2022-12-19T20:06:19.487+0000] {dag.py:3427} INFO - Setting next_dagrun for example_xcom to 2021-01-01T00:00:00+00:00, run_after=2021-01-01T00:00:00+00:00
[2022-12-19T20:06:19.516+0000] {processor.py:175} INFO - Processing /home/airflow/.local/lib/python3.7/site-packages/airflow/example_dags/example_xcom.py took 0.144 seconds
[2022-12-19T20:06:50.122+0000] {processor.py:153} INFO - Started process (PID=4989) to work on /home/airflow/.local/lib/python3.7/site-packages/airflow/example_dags/example_xcom.py
[2022-12-19T20:06:50.123+0000] {processor.py:743} INFO - Processing file /home/airflow/.local/lib/python3.7/site-packages/airflow/example_dags/example_xcom.py for tasks to queue
[2022-12-19T20:06:50.124+0000] {logging_mixin.py:137} INFO - [2022-12-19T20:06:50.124+0000] {dagbag.py:538} INFO - Filling up the DagBag from /home/airflow/.local/lib/python3.7/site-packages/airflow/example_dags/example_xcom.py
[2022-12-19T20:06:50.153+0000] {processor.py:753} INFO - DAG(s) dict_keys(['example_xcom']) retrieved from /home/airflow/.local/lib/python3.7/site-packages/airflow/example_dags/example_xcom.py
[2022-12-19T20:06:50.198+0000] {logging_mixin.py:137} INFO - [2022-12-19T20:06:50.198+0000] {dag.py:2676} INFO - Sync 1 DAGs
[2022-12-19T20:06:50.232+0000] {logging_mixin.py:137} INFO - [2022-12-19T20:06:50.232+0000] {dag.py:3427} INFO - Setting next_dagrun for example_xcom to 2021-01-01T00:00:00+00:00, run_after=2021-01-01T00:00:00+00:00
[2022-12-19T20:06:50.256+0000] {processor.py:175} INFO - Processing /home/airflow/.local/lib/python3.7/site-packages/airflow/example_dags/example_xcom.py took 0.137 seconds
[2022-12-19T20:07:20.744+0000] {processor.py:153} INFO - Started process (PID=5100) to work on /home/airflow/.local/lib/python3.7/site-packages/airflow/example_dags/example_xcom.py
[2022-12-19T20:07:20.744+0000] {processor.py:743} INFO - Processing file /home/airflow/.local/lib/python3.7/site-packages/airflow/example_dags/example_xcom.py for tasks to queue
[2022-12-19T20:07:20.745+0000] {logging_mixin.py:137} INFO - [2022-12-19T20:07:20.745+0000] {dagbag.py:538} INFO - Filling up the DagBag from /home/airflow/.local/lib/python3.7/site-packages/airflow/example_dags/example_xcom.py
[2022-12-19T20:07:20.769+0000] {processor.py:753} INFO - DAG(s) dict_keys(['example_xcom']) retrieved from /home/airflow/.local/lib/python3.7/site-packages/airflow/example_dags/example_xcom.py
[2022-12-19T20:07:20.811+0000] {logging_mixin.py:137} INFO - [2022-12-19T20:07:20.811+0000] {dag.py:2676} INFO - Sync 1 DAGs
[2022-12-19T20:07:20.839+0000] {logging_mixin.py:137} INFO - [2022-12-19T20:07:20.838+0000] {dag.py:3427} INFO - Setting next_dagrun for example_xcom to 2021-01-01T00:00:00+00:00, run_after=2021-01-01T00:00:00+00:00
[2022-12-19T20:07:20.860+0000] {processor.py:175} INFO - Processing /home/airflow/.local/lib/python3.7/site-packages/airflow/example_dags/example_xcom.py took 0.120 seconds
[2022-12-19T20:07:51.739+0000] {processor.py:153} INFO - Started process (PID=5186) to work on /home/airflow/.local/lib/python3.7/site-packages/airflow/example_dags/example_xcom.py
[2022-12-19T20:07:51.740+0000] {processor.py:743} INFO - Processing file /home/airflow/.local/lib/python3.7/site-packages/airflow/example_dags/example_xcom.py for tasks to queue
[2022-12-19T20:07:51.741+0000] {logging_mixin.py:137} INFO - [2022-12-19T20:07:51.740+0000] {dagbag.py:538} INFO - Filling up the DagBag from /home/airflow/.local/lib/python3.7/site-packages/airflow/example_dags/example_xcom.py
[2022-12-19T20:07:51.768+0000] {processor.py:753} INFO - DAG(s) dict_keys(['example_xcom']) retrieved from /home/airflow/.local/lib/python3.7/site-packages/airflow/example_dags/example_xcom.py
[2022-12-19T20:07:51.817+0000] {logging_mixin.py:137} INFO - [2022-12-19T20:07:51.817+0000] {dag.py:2676} INFO - Sync 1 DAGs
[2022-12-19T20:07:51.846+0000] {logging_mixin.py:137} INFO - [2022-12-19T20:07:51.846+0000] {dag.py:3427} INFO - Setting next_dagrun for example_xcom to 2021-01-01T00:00:00+00:00, run_after=2021-01-01T00:00:00+00:00
[2022-12-19T20:07:51.868+0000] {processor.py:175} INFO - Processing /home/airflow/.local/lib/python3.7/site-packages/airflow/example_dags/example_xcom.py took 0.132 seconds
[2022-12-19T20:08:22.275+0000] {processor.py:153} INFO - Started process (PID=5281) to work on /home/airflow/.local/lib/python3.7/site-packages/airflow/example_dags/example_xcom.py
[2022-12-19T20:08:22.276+0000] {processor.py:743} INFO - Processing file /home/airflow/.local/lib/python3.7/site-packages/airflow/example_dags/example_xcom.py for tasks to queue
[2022-12-19T20:08:22.277+0000] {logging_mixin.py:137} INFO - [2022-12-19T20:08:22.276+0000] {dagbag.py:538} INFO - Filling up the DagBag from /home/airflow/.local/lib/python3.7/site-packages/airflow/example_dags/example_xcom.py
[2022-12-19T20:08:22.311+0000] {processor.py:753} INFO - DAG(s) dict_keys(['example_xcom']) retrieved from /home/airflow/.local/lib/python3.7/site-packages/airflow/example_dags/example_xcom.py
[2022-12-19T20:08:22.355+0000] {logging_mixin.py:137} INFO - [2022-12-19T20:08:22.354+0000] {dag.py:2676} INFO - Sync 1 DAGs
[2022-12-19T20:08:22.389+0000] {logging_mixin.py:137} INFO - [2022-12-19T20:08:22.389+0000] {dag.py:3427} INFO - Setting next_dagrun for example_xcom to 2021-01-01T00:00:00+00:00, run_after=2021-01-01T00:00:00+00:00
[2022-12-19T20:08:22.416+0000] {processor.py:175} INFO - Processing /home/airflow/.local/lib/python3.7/site-packages/airflow/example_dags/example_xcom.py took 0.144 seconds
[2022-12-19T20:08:52.653+0000] {processor.py:153} INFO - Started process (PID=5382) to work on /home/airflow/.local/lib/python3.7/site-packages/airflow/example_dags/example_xcom.py
[2022-12-19T20:08:52.655+0000] {processor.py:743} INFO - Processing file /home/airflow/.local/lib/python3.7/site-packages/airflow/example_dags/example_xcom.py for tasks to queue
[2022-12-19T20:08:52.655+0000] {logging_mixin.py:137} INFO - [2022-12-19T20:08:52.655+0000] {dagbag.py:538} INFO - Filling up the DagBag from /home/airflow/.local/lib/python3.7/site-packages/airflow/example_dags/example_xcom.py
[2022-12-19T20:08:52.683+0000] {processor.py:753} INFO - DAG(s) dict_keys(['example_xcom']) retrieved from /home/airflow/.local/lib/python3.7/site-packages/airflow/example_dags/example_xcom.py
[2022-12-19T20:08:52.729+0000] {logging_mixin.py:137} INFO - [2022-12-19T20:08:52.729+0000] {dag.py:2676} INFO - Sync 1 DAGs
[2022-12-19T20:08:52.760+0000] {logging_mixin.py:137} INFO - [2022-12-19T20:08:52.760+0000] {dag.py:3427} INFO - Setting next_dagrun for example_xcom to 2021-01-01T00:00:00+00:00, run_after=2021-01-01T00:00:00+00:00
[2022-12-19T20:08:52.781+0000] {processor.py:175} INFO - Processing /home/airflow/.local/lib/python3.7/site-packages/airflow/example_dags/example_xcom.py took 0.131 seconds
[2022-12-19T20:09:23.128+0000] {processor.py:153} INFO - Started process (PID=5468) to work on /home/airflow/.local/lib/python3.7/site-packages/airflow/example_dags/example_xcom.py
[2022-12-19T20:09:23.129+0000] {processor.py:743} INFO - Processing file /home/airflow/.local/lib/python3.7/site-packages/airflow/example_dags/example_xcom.py for tasks to queue
[2022-12-19T20:09:23.130+0000] {logging_mixin.py:137} INFO - [2022-12-19T20:09:23.130+0000] {dagbag.py:538} INFO - Filling up the DagBag from /home/airflow/.local/lib/python3.7/site-packages/airflow/example_dags/example_xcom.py
[2022-12-19T20:09:23.157+0000] {processor.py:753} INFO - DAG(s) dict_keys(['example_xcom']) retrieved from /home/airflow/.local/lib/python3.7/site-packages/airflow/example_dags/example_xcom.py
[2022-12-19T20:09:23.206+0000] {logging_mixin.py:137} INFO - [2022-12-19T20:09:23.206+0000] {dag.py:2676} INFO - Sync 1 DAGs
[2022-12-19T20:09:23.235+0000] {logging_mixin.py:137} INFO - [2022-12-19T20:09:23.235+0000] {dag.py:3427} INFO - Setting next_dagrun for example_xcom to 2021-01-01T00:00:00+00:00, run_after=2021-01-01T00:00:00+00:00
[2022-12-19T20:09:23.255+0000] {processor.py:175} INFO - Processing /home/airflow/.local/lib/python3.7/site-packages/airflow/example_dags/example_xcom.py took 0.130 seconds
[2022-12-19T20:09:53.332+0000] {processor.py:153} INFO - Started process (PID=5563) to work on /home/airflow/.local/lib/python3.7/site-packages/airflow/example_dags/example_xcom.py
[2022-12-19T20:09:53.333+0000] {processor.py:743} INFO - Processing file /home/airflow/.local/lib/python3.7/site-packages/airflow/example_dags/example_xcom.py for tasks to queue
[2022-12-19T20:09:53.334+0000] {logging_mixin.py:137} INFO - [2022-12-19T20:09:53.334+0000] {dagbag.py:538} INFO - Filling up the DagBag from /home/airflow/.local/lib/python3.7/site-packages/airflow/example_dags/example_xcom.py
[2022-12-19T20:09:53.357+0000] {processor.py:753} INFO - DAG(s) dict_keys(['example_xcom']) retrieved from /home/airflow/.local/lib/python3.7/site-packages/airflow/example_dags/example_xcom.py
[2022-12-19T20:09:53.399+0000] {logging_mixin.py:137} INFO - [2022-12-19T20:09:53.399+0000] {dag.py:2676} INFO - Sync 1 DAGs
[2022-12-19T20:09:53.430+0000] {logging_mixin.py:137} INFO - [2022-12-19T20:09:53.430+0000] {dag.py:3427} INFO - Setting next_dagrun for example_xcom to 2021-01-01T00:00:00+00:00, run_after=2021-01-01T00:00:00+00:00
[2022-12-19T20:09:53.451+0000] {processor.py:175} INFO - Processing /home/airflow/.local/lib/python3.7/site-packages/airflow/example_dags/example_xcom.py took 0.122 seconds
[2022-12-19T20:10:23.542+0000] {processor.py:153} INFO - Started process (PID=5664) to work on /home/airflow/.local/lib/python3.7/site-packages/airflow/example_dags/example_xcom.py
[2022-12-19T20:10:23.543+0000] {processor.py:743} INFO - Processing file /home/airflow/.local/lib/python3.7/site-packages/airflow/example_dags/example_xcom.py for tasks to queue
[2022-12-19T20:10:23.543+0000] {logging_mixin.py:137} INFO - [2022-12-19T20:10:23.543+0000] {dagbag.py:538} INFO - Filling up the DagBag from /home/airflow/.local/lib/python3.7/site-packages/airflow/example_dags/example_xcom.py
[2022-12-19T20:10:23.571+0000] {processor.py:753} INFO - DAG(s) dict_keys(['example_xcom']) retrieved from /home/airflow/.local/lib/python3.7/site-packages/airflow/example_dags/example_xcom.py
[2022-12-19T20:10:23.614+0000] {logging_mixin.py:137} INFO - [2022-12-19T20:10:23.614+0000] {dag.py:2676} INFO - Sync 1 DAGs
[2022-12-19T20:10:23.645+0000] {logging_mixin.py:137} INFO - [2022-12-19T20:10:23.645+0000] {dag.py:3427} INFO - Setting next_dagrun for example_xcom to 2021-01-01T00:00:00+00:00, run_after=2021-01-01T00:00:00+00:00
[2022-12-19T20:10:23.671+0000] {processor.py:175} INFO - Processing /home/airflow/.local/lib/python3.7/site-packages/airflow/example_dags/example_xcom.py took 0.132 seconds
[2022-12-19T20:10:53.827+0000] {processor.py:153} INFO - Started process (PID=5750) to work on /home/airflow/.local/lib/python3.7/site-packages/airflow/example_dags/example_xcom.py
[2022-12-19T20:10:53.828+0000] {processor.py:743} INFO - Processing file /home/airflow/.local/lib/python3.7/site-packages/airflow/example_dags/example_xcom.py for tasks to queue
[2022-12-19T20:10:53.828+0000] {logging_mixin.py:137} INFO - [2022-12-19T20:10:53.828+0000] {dagbag.py:538} INFO - Filling up the DagBag from /home/airflow/.local/lib/python3.7/site-packages/airflow/example_dags/example_xcom.py
[2022-12-19T20:10:53.854+0000] {processor.py:753} INFO - DAG(s) dict_keys(['example_xcom']) retrieved from /home/airflow/.local/lib/python3.7/site-packages/airflow/example_dags/example_xcom.py
[2022-12-19T20:10:53.895+0000] {logging_mixin.py:137} INFO - [2022-12-19T20:10:53.894+0000] {dag.py:2676} INFO - Sync 1 DAGs
[2022-12-19T20:10:53.925+0000] {logging_mixin.py:137} INFO - [2022-12-19T20:10:53.924+0000] {dag.py:3427} INFO - Setting next_dagrun for example_xcom to 2021-01-01T00:00:00+00:00, run_after=2021-01-01T00:00:00+00:00
[2022-12-19T20:10:53.945+0000] {processor.py:175} INFO - Processing /home/airflow/.local/lib/python3.7/site-packages/airflow/example_dags/example_xcom.py took 0.122 seconds
[2022-12-19T20:11:24.033+0000] {processor.py:153} INFO - Started process (PID=5860) to work on /home/airflow/.local/lib/python3.7/site-packages/airflow/example_dags/example_xcom.py
[2022-12-19T20:11:24.034+0000] {processor.py:743} INFO - Processing file /home/airflow/.local/lib/python3.7/site-packages/airflow/example_dags/example_xcom.py for tasks to queue
[2022-12-19T20:11:24.034+0000] {logging_mixin.py:137} INFO - [2022-12-19T20:11:24.034+0000] {dagbag.py:538} INFO - Filling up the DagBag from /home/airflow/.local/lib/python3.7/site-packages/airflow/example_dags/example_xcom.py
[2022-12-19T20:11:24.057+0000] {processor.py:753} INFO - DAG(s) dict_keys(['example_xcom']) retrieved from /home/airflow/.local/lib/python3.7/site-packages/airflow/example_dags/example_xcom.py
[2022-12-19T20:11:24.096+0000] {logging_mixin.py:137} INFO - [2022-12-19T20:11:24.096+0000] {dag.py:2676} INFO - Sync 1 DAGs
[2022-12-19T20:11:24.126+0000] {logging_mixin.py:137} INFO - [2022-12-19T20:11:24.126+0000] {dag.py:3427} INFO - Setting next_dagrun for example_xcom to 2021-01-01T00:00:00+00:00, run_after=2021-01-01T00:00:00+00:00
[2022-12-19T20:11:24.145+0000] {processor.py:175} INFO - Processing /home/airflow/.local/lib/python3.7/site-packages/airflow/example_dags/example_xcom.py took 0.115 seconds
[2022-12-19T20:11:54.223+0000] {processor.py:153} INFO - Started process (PID=5947) to work on /home/airflow/.local/lib/python3.7/site-packages/airflow/example_dags/example_xcom.py
[2022-12-19T20:11:54.224+0000] {processor.py:743} INFO - Processing file /home/airflow/.local/lib/python3.7/site-packages/airflow/example_dags/example_xcom.py for tasks to queue
[2022-12-19T20:11:54.224+0000] {logging_mixin.py:137} INFO - [2022-12-19T20:11:54.224+0000] {dagbag.py:538} INFO - Filling up the DagBag from /home/airflow/.local/lib/python3.7/site-packages/airflow/example_dags/example_xcom.py
[2022-12-19T20:11:54.247+0000] {processor.py:753} INFO - DAG(s) dict_keys(['example_xcom']) retrieved from /home/airflow/.local/lib/python3.7/site-packages/airflow/example_dags/example_xcom.py
[2022-12-19T20:11:54.287+0000] {logging_mixin.py:137} INFO - [2022-12-19T20:11:54.287+0000] {dag.py:2676} INFO - Sync 1 DAGs
[2022-12-19T20:11:54.318+0000] {logging_mixin.py:137} INFO - [2022-12-19T20:11:54.317+0000] {dag.py:3427} INFO - Setting next_dagrun for example_xcom to 2021-01-01T00:00:00+00:00, run_after=2021-01-01T00:00:00+00:00
[2022-12-19T20:11:54.340+0000] {processor.py:175} INFO - Processing /home/airflow/.local/lib/python3.7/site-packages/airflow/example_dags/example_xcom.py took 0.120 seconds
[2022-12-19T20:12:24.746+0000] {processor.py:153} INFO - Started process (PID=6033) to work on /home/airflow/.local/lib/python3.7/site-packages/airflow/example_dags/example_xcom.py
[2022-12-19T20:12:24.747+0000] {processor.py:743} INFO - Processing file /home/airflow/.local/lib/python3.7/site-packages/airflow/example_dags/example_xcom.py for tasks to queue
[2022-12-19T20:12:24.747+0000] {logging_mixin.py:137} INFO - [2022-12-19T20:12:24.747+0000] {dagbag.py:538} INFO - Filling up the DagBag from /home/airflow/.local/lib/python3.7/site-packages/airflow/example_dags/example_xcom.py
[2022-12-19T20:12:24.774+0000] {processor.py:753} INFO - DAG(s) dict_keys(['example_xcom']) retrieved from /home/airflow/.local/lib/python3.7/site-packages/airflow/example_dags/example_xcom.py
[2022-12-19T20:12:24.819+0000] {logging_mixin.py:137} INFO - [2022-12-19T20:12:24.819+0000] {dag.py:2676} INFO - Sync 1 DAGs
[2022-12-19T20:12:24.847+0000] {logging_mixin.py:137} INFO - [2022-12-19T20:12:24.847+0000] {dag.py:3427} INFO - Setting next_dagrun for example_xcom to 2021-01-01T00:00:00+00:00, run_after=2021-01-01T00:00:00+00:00
[2022-12-19T20:12:24.870+0000] {processor.py:175} INFO - Processing /home/airflow/.local/lib/python3.7/site-packages/airflow/example_dags/example_xcom.py took 0.128 seconds
[2022-12-19T20:12:55.193+0000] {processor.py:153} INFO - Started process (PID=6143) to work on /home/airflow/.local/lib/python3.7/site-packages/airflow/example_dags/example_xcom.py
[2022-12-19T20:12:55.194+0000] {processor.py:743} INFO - Processing file /home/airflow/.local/lib/python3.7/site-packages/airflow/example_dags/example_xcom.py for tasks to queue
[2022-12-19T20:12:55.195+0000] {logging_mixin.py:137} INFO - [2022-12-19T20:12:55.195+0000] {dagbag.py:538} INFO - Filling up the DagBag from /home/airflow/.local/lib/python3.7/site-packages/airflow/example_dags/example_xcom.py
[2022-12-19T20:12:55.220+0000] {processor.py:753} INFO - DAG(s) dict_keys(['example_xcom']) retrieved from /home/airflow/.local/lib/python3.7/site-packages/airflow/example_dags/example_xcom.py
[2022-12-19T20:12:55.262+0000] {logging_mixin.py:137} INFO - [2022-12-19T20:12:55.261+0000] {dag.py:2676} INFO - Sync 1 DAGs
[2022-12-19T20:12:55.292+0000] {logging_mixin.py:137} INFO - [2022-12-19T20:12:55.292+0000] {dag.py:3427} INFO - Setting next_dagrun for example_xcom to 2021-01-01T00:00:00+00:00, run_after=2021-01-01T00:00:00+00:00
[2022-12-19T20:12:55.313+0000] {processor.py:175} INFO - Processing /home/airflow/.local/lib/python3.7/site-packages/airflow/example_dags/example_xcom.py took 0.122 seconds
[2022-12-19T20:13:25.651+0000] {processor.py:153} INFO - Started process (PID=6229) to work on /home/airflow/.local/lib/python3.7/site-packages/airflow/example_dags/example_xcom.py
[2022-12-19T20:13:25.651+0000] {processor.py:743} INFO - Processing file /home/airflow/.local/lib/python3.7/site-packages/airflow/example_dags/example_xcom.py for tasks to queue
[2022-12-19T20:13:25.653+0000] {logging_mixin.py:137} INFO - [2022-12-19T20:13:25.653+0000] {dagbag.py:538} INFO - Filling up the DagBag from /home/airflow/.local/lib/python3.7/site-packages/airflow/example_dags/example_xcom.py
[2022-12-19T20:13:25.678+0000] {processor.py:753} INFO - DAG(s) dict_keys(['example_xcom']) retrieved from /home/airflow/.local/lib/python3.7/site-packages/airflow/example_dags/example_xcom.py
[2022-12-19T20:13:25.721+0000] {logging_mixin.py:137} INFO - [2022-12-19T20:13:25.721+0000] {dag.py:2676} INFO - Sync 1 DAGs
[2022-12-19T20:13:25.753+0000] {logging_mixin.py:137} INFO - [2022-12-19T20:13:25.753+0000] {dag.py:3427} INFO - Setting next_dagrun for example_xcom to 2021-01-01T00:00:00+00:00, run_after=2021-01-01T00:00:00+00:00
[2022-12-19T20:13:25.772+0000] {processor.py:175} INFO - Processing /home/airflow/.local/lib/python3.7/site-packages/airflow/example_dags/example_xcom.py took 0.125 seconds
[2022-12-19T20:13:55.814+0000] {processor.py:153} INFO - Started process (PID=6324) to work on /home/airflow/.local/lib/python3.7/site-packages/airflow/example_dags/example_xcom.py
[2022-12-19T20:13:55.815+0000] {processor.py:743} INFO - Processing file /home/airflow/.local/lib/python3.7/site-packages/airflow/example_dags/example_xcom.py for tasks to queue
[2022-12-19T20:13:55.816+0000] {logging_mixin.py:137} INFO - [2022-12-19T20:13:55.816+0000] {dagbag.py:538} INFO - Filling up the DagBag from /home/airflow/.local/lib/python3.7/site-packages/airflow/example_dags/example_xcom.py
[2022-12-19T20:13:55.841+0000] {processor.py:753} INFO - DAG(s) dict_keys(['example_xcom']) retrieved from /home/airflow/.local/lib/python3.7/site-packages/airflow/example_dags/example_xcom.py
[2022-12-19T20:13:55.887+0000] {logging_mixin.py:137} INFO - [2022-12-19T20:13:55.887+0000] {dag.py:2676} INFO - Sync 1 DAGs
[2022-12-19T20:13:55.915+0000] {logging_mixin.py:137} INFO - [2022-12-19T20:13:55.915+0000] {dag.py:3427} INFO - Setting next_dagrun for example_xcom to 2021-01-01T00:00:00+00:00, run_after=2021-01-01T00:00:00+00:00
[2022-12-19T20:13:55.935+0000] {processor.py:175} INFO - Processing /home/airflow/.local/lib/python3.7/site-packages/airflow/example_dags/example_xcom.py took 0.124 seconds
[2022-12-19T20:14:26.184+0000] {processor.py:153} INFO - Started process (PID=6425) to work on /home/airflow/.local/lib/python3.7/site-packages/airflow/example_dags/example_xcom.py
[2022-12-19T20:14:26.185+0000] {processor.py:743} INFO - Processing file /home/airflow/.local/lib/python3.7/site-packages/airflow/example_dags/example_xcom.py for tasks to queue
[2022-12-19T20:14:26.186+0000] {logging_mixin.py:137} INFO - [2022-12-19T20:14:26.186+0000] {dagbag.py:538} INFO - Filling up the DagBag from /home/airflow/.local/lib/python3.7/site-packages/airflow/example_dags/example_xcom.py
[2022-12-19T20:14:26.211+0000] {processor.py:753} INFO - DAG(s) dict_keys(['example_xcom']) retrieved from /home/airflow/.local/lib/python3.7/site-packages/airflow/example_dags/example_xcom.py
[2022-12-19T20:14:26.261+0000] {logging_mixin.py:137} INFO - [2022-12-19T20:14:26.260+0000] {dag.py:2676} INFO - Sync 1 DAGs
[2022-12-19T20:14:26.294+0000] {logging_mixin.py:137} INFO - [2022-12-19T20:14:26.293+0000] {dag.py:3427} INFO - Setting next_dagrun for example_xcom to 2021-01-01T00:00:00+00:00, run_after=2021-01-01T00:00:00+00:00
[2022-12-19T20:14:26.315+0000] {processor.py:175} INFO - Processing /home/airflow/.local/lib/python3.7/site-packages/airflow/example_dags/example_xcom.py took 0.135 seconds
[2022-12-19T20:14:56.615+0000] {processor.py:153} INFO - Started process (PID=6511) to work on /home/airflow/.local/lib/python3.7/site-packages/airflow/example_dags/example_xcom.py
[2022-12-19T20:14:56.616+0000] {processor.py:743} INFO - Processing file /home/airflow/.local/lib/python3.7/site-packages/airflow/example_dags/example_xcom.py for tasks to queue
[2022-12-19T20:14:56.617+0000] {logging_mixin.py:137} INFO - [2022-12-19T20:14:56.616+0000] {dagbag.py:538} INFO - Filling up the DagBag from /home/airflow/.local/lib/python3.7/site-packages/airflow/example_dags/example_xcom.py
[2022-12-19T20:14:56.646+0000] {processor.py:753} INFO - DAG(s) dict_keys(['example_xcom']) retrieved from /home/airflow/.local/lib/python3.7/site-packages/airflow/example_dags/example_xcom.py
[2022-12-19T20:14:56.689+0000] {logging_mixin.py:137} INFO - [2022-12-19T20:14:56.688+0000] {dag.py:2676} INFO - Sync 1 DAGs
[2022-12-19T20:14:56.719+0000] {logging_mixin.py:137} INFO - [2022-12-19T20:14:56.719+0000] {dag.py:3427} INFO - Setting next_dagrun for example_xcom to 2021-01-01T00:00:00+00:00, run_after=2021-01-01T00:00:00+00:00
[2022-12-19T20:14:56.738+0000] {processor.py:175} INFO - Processing /home/airflow/.local/lib/python3.7/site-packages/airflow/example_dags/example_xcom.py took 0.126 seconds
[2022-12-19T20:15:27.023+0000] {processor.py:153} INFO - Started process (PID=6621) to work on /home/airflow/.local/lib/python3.7/site-packages/airflow/example_dags/example_xcom.py
[2022-12-19T20:15:27.024+0000] {processor.py:743} INFO - Processing file /home/airflow/.local/lib/python3.7/site-packages/airflow/example_dags/example_xcom.py for tasks to queue
[2022-12-19T20:15:27.024+0000] {logging_mixin.py:137} INFO - [2022-12-19T20:15:27.024+0000] {dagbag.py:538} INFO - Filling up the DagBag from /home/airflow/.local/lib/python3.7/site-packages/airflow/example_dags/example_xcom.py
[2022-12-19T20:15:27.049+0000] {processor.py:753} INFO - DAG(s) dict_keys(['example_xcom']) retrieved from /home/airflow/.local/lib/python3.7/site-packages/airflow/example_dags/example_xcom.py
[2022-12-19T20:15:27.091+0000] {logging_mixin.py:137} INFO - [2022-12-19T20:15:27.091+0000] {dag.py:2676} INFO - Sync 1 DAGs
[2022-12-19T20:15:27.117+0000] {logging_mixin.py:137} INFO - [2022-12-19T20:15:27.117+0000] {dag.py:3427} INFO - Setting next_dagrun for example_xcom to 2021-01-01T00:00:00+00:00, run_after=2021-01-01T00:00:00+00:00
[2022-12-19T20:15:27.136+0000] {processor.py:175} INFO - Processing /home/airflow/.local/lib/python3.7/site-packages/airflow/example_dags/example_xcom.py took 0.117 seconds
[2022-12-19T20:15:57.544+0000] {processor.py:153} INFO - Started process (PID=6707) to work on /home/airflow/.local/lib/python3.7/site-packages/airflow/example_dags/example_xcom.py
[2022-12-19T20:15:57.545+0000] {processor.py:743} INFO - Processing file /home/airflow/.local/lib/python3.7/site-packages/airflow/example_dags/example_xcom.py for tasks to queue
[2022-12-19T20:15:57.545+0000] {logging_mixin.py:137} INFO - [2022-12-19T20:15:57.545+0000] {dagbag.py:538} INFO - Filling up the DagBag from /home/airflow/.local/lib/python3.7/site-packages/airflow/example_dags/example_xcom.py
[2022-12-19T20:15:57.570+0000] {processor.py:753} INFO - DAG(s) dict_keys(['example_xcom']) retrieved from /home/airflow/.local/lib/python3.7/site-packages/airflow/example_dags/example_xcom.py
[2022-12-19T20:15:57.618+0000] {logging_mixin.py:137} INFO - [2022-12-19T20:15:57.618+0000] {dag.py:2676} INFO - Sync 1 DAGs
[2022-12-19T20:15:57.644+0000] {logging_mixin.py:137} INFO - [2022-12-19T20:15:57.644+0000] {dag.py:3427} INFO - Setting next_dagrun for example_xcom to 2021-01-01T00:00:00+00:00, run_after=2021-01-01T00:00:00+00:00
[2022-12-19T20:15:57.662+0000] {processor.py:175} INFO - Processing /home/airflow/.local/lib/python3.7/site-packages/airflow/example_dags/example_xcom.py took 0.122 seconds
[2022-12-19T20:16:27.783+0000] {processor.py:153} INFO - Started process (PID=6793) to work on /home/airflow/.local/lib/python3.7/site-packages/airflow/example_dags/example_xcom.py
[2022-12-19T20:16:27.784+0000] {processor.py:743} INFO - Processing file /home/airflow/.local/lib/python3.7/site-packages/airflow/example_dags/example_xcom.py for tasks to queue
[2022-12-19T20:16:27.785+0000] {logging_mixin.py:137} INFO - [2022-12-19T20:16:27.785+0000] {dagbag.py:538} INFO - Filling up the DagBag from /home/airflow/.local/lib/python3.7/site-packages/airflow/example_dags/example_xcom.py
[2022-12-19T20:16:27.811+0000] {processor.py:753} INFO - DAG(s) dict_keys(['example_xcom']) retrieved from /home/airflow/.local/lib/python3.7/site-packages/airflow/example_dags/example_xcom.py
[2022-12-19T20:16:27.858+0000] {logging_mixin.py:137} INFO - [2022-12-19T20:16:27.857+0000] {dag.py:2676} INFO - Sync 1 DAGs
[2022-12-19T20:16:27.896+0000] {logging_mixin.py:137} INFO - [2022-12-19T20:16:27.896+0000] {dag.py:3427} INFO - Setting next_dagrun for example_xcom to 2021-01-01T00:00:00+00:00, run_after=2021-01-01T00:00:00+00:00
[2022-12-19T20:16:27.924+0000] {processor.py:175} INFO - Processing /home/airflow/.local/lib/python3.7/site-packages/airflow/example_dags/example_xcom.py took 0.144 seconds
[2022-12-19T20:16:58.794+0000] {processor.py:153} INFO - Started process (PID=6903) to work on /home/airflow/.local/lib/python3.7/site-packages/airflow/example_dags/example_xcom.py
[2022-12-19T20:16:58.796+0000] {processor.py:743} INFO - Processing file /home/airflow/.local/lib/python3.7/site-packages/airflow/example_dags/example_xcom.py for tasks to queue
[2022-12-19T20:16:58.797+0000] {logging_mixin.py:137} INFO - [2022-12-19T20:16:58.797+0000] {dagbag.py:538} INFO - Filling up the DagBag from /home/airflow/.local/lib/python3.7/site-packages/airflow/example_dags/example_xcom.py
[2022-12-19T20:16:58.833+0000] {processor.py:753} INFO - DAG(s) dict_keys(['example_xcom']) retrieved from /home/airflow/.local/lib/python3.7/site-packages/airflow/example_dags/example_xcom.py
[2022-12-19T20:16:58.895+0000] {logging_mixin.py:137} INFO - [2022-12-19T20:16:58.894+0000] {dag.py:2676} INFO - Sync 1 DAGs
[2022-12-19T20:16:58.937+0000] {logging_mixin.py:137} INFO - [2022-12-19T20:16:58.937+0000] {dag.py:3427} INFO - Setting next_dagrun for example_xcom to 2021-01-01T00:00:00+00:00, run_after=2021-01-01T00:00:00+00:00
[2022-12-19T20:16:58.966+0000] {processor.py:175} INFO - Processing /home/airflow/.local/lib/python3.7/site-packages/airflow/example_dags/example_xcom.py took 0.176 seconds
[2022-12-19T20:17:29.261+0000] {processor.py:153} INFO - Started process (PID=6989) to work on /home/airflow/.local/lib/python3.7/site-packages/airflow/example_dags/example_xcom.py
[2022-12-19T20:17:29.262+0000] {processor.py:743} INFO - Processing file /home/airflow/.local/lib/python3.7/site-packages/airflow/example_dags/example_xcom.py for tasks to queue
[2022-12-19T20:17:29.263+0000] {logging_mixin.py:137} INFO - [2022-12-19T20:17:29.263+0000] {dagbag.py:538} INFO - Filling up the DagBag from /home/airflow/.local/lib/python3.7/site-packages/airflow/example_dags/example_xcom.py
[2022-12-19T20:17:29.294+0000] {processor.py:753} INFO - DAG(s) dict_keys(['example_xcom']) retrieved from /home/airflow/.local/lib/python3.7/site-packages/airflow/example_dags/example_xcom.py
[2022-12-19T20:17:29.346+0000] {logging_mixin.py:137} INFO - [2022-12-19T20:17:29.345+0000] {dag.py:2676} INFO - Sync 1 DAGs
[2022-12-19T20:17:29.384+0000] {logging_mixin.py:137} INFO - [2022-12-19T20:17:29.384+0000] {dag.py:3427} INFO - Setting next_dagrun for example_xcom to 2021-01-01T00:00:00+00:00, run_after=2021-01-01T00:00:00+00:00
[2022-12-19T20:17:29.414+0000] {processor.py:175} INFO - Processing /home/airflow/.local/lib/python3.7/site-packages/airflow/example_dags/example_xcom.py took 0.156 seconds
[2022-12-19T20:17:59.598+0000] {processor.py:153} INFO - Started process (PID=7075) to work on /home/airflow/.local/lib/python3.7/site-packages/airflow/example_dags/example_xcom.py
[2022-12-19T20:17:59.600+0000] {processor.py:743} INFO - Processing file /home/airflow/.local/lib/python3.7/site-packages/airflow/example_dags/example_xcom.py for tasks to queue
[2022-12-19T20:17:59.600+0000] {logging_mixin.py:137} INFO - [2022-12-19T20:17:59.600+0000] {dagbag.py:538} INFO - Filling up the DagBag from /home/airflow/.local/lib/python3.7/site-packages/airflow/example_dags/example_xcom.py
[2022-12-19T20:17:59.629+0000] {processor.py:753} INFO - DAG(s) dict_keys(['example_xcom']) retrieved from /home/airflow/.local/lib/python3.7/site-packages/airflow/example_dags/example_xcom.py
[2022-12-19T20:17:59.668+0000] {logging_mixin.py:137} INFO - [2022-12-19T20:17:59.668+0000] {dag.py:2676} INFO - Sync 1 DAGs
[2022-12-19T20:17:59.701+0000] {logging_mixin.py:137} INFO - [2022-12-19T20:17:59.701+0000] {dag.py:3427} INFO - Setting next_dagrun for example_xcom to 2021-01-01T00:00:00+00:00, run_after=2021-01-01T00:00:00+00:00
[2022-12-19T20:17:59.724+0000] {processor.py:175} INFO - Processing /home/airflow/.local/lib/python3.7/site-packages/airflow/example_dags/example_xcom.py took 0.129 seconds
[2022-12-19T20:18:29.797+0000] {processor.py:153} INFO - Started process (PID=7170) to work on /home/airflow/.local/lib/python3.7/site-packages/airflow/example_dags/example_xcom.py
[2022-12-19T20:18:29.798+0000] {processor.py:743} INFO - Processing file /home/airflow/.local/lib/python3.7/site-packages/airflow/example_dags/example_xcom.py for tasks to queue
[2022-12-19T20:18:29.799+0000] {logging_mixin.py:137} INFO - [2022-12-19T20:18:29.799+0000] {dagbag.py:538} INFO - Filling up the DagBag from /home/airflow/.local/lib/python3.7/site-packages/airflow/example_dags/example_xcom.py
[2022-12-19T20:18:29.825+0000] {processor.py:753} INFO - DAG(s) dict_keys(['example_xcom']) retrieved from /home/airflow/.local/lib/python3.7/site-packages/airflow/example_dags/example_xcom.py
[2022-12-19T20:18:29.870+0000] {logging_mixin.py:137} INFO - [2022-12-19T20:18:29.870+0000] {dag.py:2676} INFO - Sync 1 DAGs
[2022-12-19T20:18:29.900+0000] {logging_mixin.py:137} INFO - [2022-12-19T20:18:29.900+0000] {dag.py:3427} INFO - Setting next_dagrun for example_xcom to 2021-01-01T00:00:00+00:00, run_after=2021-01-01T00:00:00+00:00
[2022-12-19T20:18:29.925+0000] {processor.py:175} INFO - Processing /home/airflow/.local/lib/python3.7/site-packages/airflow/example_dags/example_xcom.py took 0.132 seconds
[2022-12-19T20:19:00.030+0000] {processor.py:153} INFO - Started process (PID=7271) to work on /home/airflow/.local/lib/python3.7/site-packages/airflow/example_dags/example_xcom.py
[2022-12-19T20:19:00.031+0000] {processor.py:743} INFO - Processing file /home/airflow/.local/lib/python3.7/site-packages/airflow/example_dags/example_xcom.py for tasks to queue
[2022-12-19T20:19:00.031+0000] {logging_mixin.py:137} INFO - [2022-12-19T20:19:00.031+0000] {dagbag.py:538} INFO - Filling up the DagBag from /home/airflow/.local/lib/python3.7/site-packages/airflow/example_dags/example_xcom.py
[2022-12-19T20:19:00.056+0000] {processor.py:753} INFO - DAG(s) dict_keys(['example_xcom']) retrieved from /home/airflow/.local/lib/python3.7/site-packages/airflow/example_dags/example_xcom.py
[2022-12-19T20:19:00.095+0000] {logging_mixin.py:137} INFO - [2022-12-19T20:19:00.095+0000] {dag.py:2676} INFO - Sync 1 DAGs
[2022-12-19T20:19:00.122+0000] {logging_mixin.py:137} INFO - [2022-12-19T20:19:00.122+0000] {dag.py:3427} INFO - Setting next_dagrun for example_xcom to 2021-01-01T00:00:00+00:00, run_after=2021-01-01T00:00:00+00:00
[2022-12-19T20:19:00.141+0000] {processor.py:175} INFO - Processing /home/airflow/.local/lib/python3.7/site-packages/airflow/example_dags/example_xcom.py took 0.114 seconds
[2022-12-19T20:19:30.291+0000] {processor.py:153} INFO - Started process (PID=7357) to work on /home/airflow/.local/lib/python3.7/site-packages/airflow/example_dags/example_xcom.py
[2022-12-19T20:19:30.292+0000] {processor.py:743} INFO - Processing file /home/airflow/.local/lib/python3.7/site-packages/airflow/example_dags/example_xcom.py for tasks to queue
[2022-12-19T20:19:30.293+0000] {logging_mixin.py:137} INFO - [2022-12-19T20:19:30.292+0000] {dagbag.py:538} INFO - Filling up the DagBag from /home/airflow/.local/lib/python3.7/site-packages/airflow/example_dags/example_xcom.py
[2022-12-19T20:19:30.318+0000] {processor.py:753} INFO - DAG(s) dict_keys(['example_xcom']) retrieved from /home/airflow/.local/lib/python3.7/site-packages/airflow/example_dags/example_xcom.py
[2022-12-19T20:19:30.359+0000] {logging_mixin.py:137} INFO - [2022-12-19T20:19:30.359+0000] {dag.py:2676} INFO - Sync 1 DAGs
[2022-12-19T20:19:30.387+0000] {logging_mixin.py:137} INFO - [2022-12-19T20:19:30.387+0000] {dag.py:3427} INFO - Setting next_dagrun for example_xcom to 2021-01-01T00:00:00+00:00, run_after=2021-01-01T00:00:00+00:00
[2022-12-19T20:19:30.408+0000] {processor.py:175} INFO - Processing /home/airflow/.local/lib/python3.7/site-packages/airflow/example_dags/example_xcom.py took 0.119 seconds
[2022-12-19T20:20:01.327+0000] {processor.py:153} INFO - Started process (PID=7467) to work on /home/airflow/.local/lib/python3.7/site-packages/airflow/example_dags/example_xcom.py
[2022-12-19T20:20:01.328+0000] {processor.py:743} INFO - Processing file /home/airflow/.local/lib/python3.7/site-packages/airflow/example_dags/example_xcom.py for tasks to queue
[2022-12-19T20:20:01.329+0000] {logging_mixin.py:137} INFO - [2022-12-19T20:20:01.329+0000] {dagbag.py:538} INFO - Filling up the DagBag from /home/airflow/.local/lib/python3.7/site-packages/airflow/example_dags/example_xcom.py
[2022-12-19T20:20:01.353+0000] {processor.py:753} INFO - DAG(s) dict_keys(['example_xcom']) retrieved from /home/airflow/.local/lib/python3.7/site-packages/airflow/example_dags/example_xcom.py
[2022-12-19T20:20:01.396+0000] {logging_mixin.py:137} INFO - [2022-12-19T20:20:01.396+0000] {dag.py:2676} INFO - Sync 1 DAGs
[2022-12-19T20:20:01.430+0000] {logging_mixin.py:137} INFO - [2022-12-19T20:20:01.430+0000] {dag.py:3427} INFO - Setting next_dagrun for example_xcom to 2021-01-01T00:00:00+00:00, run_after=2021-01-01T00:00:00+00:00
[2022-12-19T20:20:01.452+0000] {processor.py:175} INFO - Processing /home/airflow/.local/lib/python3.7/site-packages/airflow/example_dags/example_xcom.py took 0.128 seconds
