[2022-12-19T19:45:53.589+0000] {processor.py:153} INFO - Started process (PID=1165) to work on /home/airflow/.local/lib/python3.7/site-packages/airflow/example_dags/example_task_group.py
[2022-12-19T19:45:53.590+0000] {processor.py:743} INFO - Processing file /home/airflow/.local/lib/python3.7/site-packages/airflow/example_dags/example_task_group.py for tasks to queue
[2022-12-19T19:45:53.591+0000] {logging_mixin.py:137} INFO - [2022-12-19T19:45:53.591+0000] {dagbag.py:538} INFO - Filling up the DagBag from /home/airflow/.local/lib/python3.7/site-packages/airflow/example_dags/example_task_group.py
[2022-12-19T19:45:53.611+0000] {processor.py:753} INFO - DAG(s) dict_keys(['example_task_group']) retrieved from /home/airflow/.local/lib/python3.7/site-packages/airflow/example_dags/example_task_group.py
[2022-12-19T19:45:53.704+0000] {logging_mixin.py:137} INFO - [2022-12-19T19:45:53.704+0000] {dag.py:2676} INFO - Sync 1 DAGs
[2022-12-19T19:45:53.796+0000] {logging_mixin.py:137} INFO - [2022-12-19T19:45:53.796+0000] {dag.py:3427} INFO - Setting next_dagrun for example_task_group to 2022-12-18T19:45:53.795970+00:00, run_after=2022-12-19T19:45:53.795970+00:00
[2022-12-19T19:45:53.902+0000] {processor.py:175} INFO - Processing /home/airflow/.local/lib/python3.7/site-packages/airflow/example_dags/example_task_group.py took 0.317 seconds
[2022-12-19T19:46:24.662+0000] {processor.py:153} INFO - Started process (PID=1251) to work on /home/airflow/.local/lib/python3.7/site-packages/airflow/example_dags/example_task_group.py
[2022-12-19T19:46:24.663+0000] {processor.py:743} INFO - Processing file /home/airflow/.local/lib/python3.7/site-packages/airflow/example_dags/example_task_group.py for tasks to queue
[2022-12-19T19:46:24.663+0000] {logging_mixin.py:137} INFO - [2022-12-19T19:46:24.663+0000] {dagbag.py:538} INFO - Filling up the DagBag from /home/airflow/.local/lib/python3.7/site-packages/airflow/example_dags/example_task_group.py
[2022-12-19T19:46:24.688+0000] {processor.py:753} INFO - DAG(s) dict_keys(['example_task_group']) retrieved from /home/airflow/.local/lib/python3.7/site-packages/airflow/example_dags/example_task_group.py
[2022-12-19T19:46:24.745+0000] {logging_mixin.py:137} INFO - [2022-12-19T19:46:24.745+0000] {dag.py:2676} INFO - Sync 1 DAGs
[2022-12-19T19:46:24.787+0000] {logging_mixin.py:137} INFO - [2022-12-19T19:46:24.787+0000] {dag.py:3427} INFO - Setting next_dagrun for example_task_group to 2022-12-18T19:46:24.787251+00:00, run_after=2022-12-19T19:46:24.787251+00:00
[2022-12-19T19:46:24.822+0000] {processor.py:175} INFO - Processing /home/airflow/.local/lib/python3.7/site-packages/airflow/example_dags/example_task_group.py took 0.164 seconds
[2022-12-19T19:46:55.889+0000] {processor.py:153} INFO - Started process (PID=1337) to work on /home/airflow/.local/lib/python3.7/site-packages/airflow/example_dags/example_task_group.py
[2022-12-19T19:46:55.894+0000] {processor.py:743} INFO - Processing file /home/airflow/.local/lib/python3.7/site-packages/airflow/example_dags/example_task_group.py for tasks to queue
[2022-12-19T19:46:55.895+0000] {logging_mixin.py:137} INFO - [2022-12-19T19:46:55.895+0000] {dagbag.py:538} INFO - Filling up the DagBag from /home/airflow/.local/lib/python3.7/site-packages/airflow/example_dags/example_task_group.py
[2022-12-19T19:46:55.916+0000] {processor.py:753} INFO - DAG(s) dict_keys(['example_task_group']) retrieved from /home/airflow/.local/lib/python3.7/site-packages/airflow/example_dags/example_task_group.py
[2022-12-19T19:46:56.005+0000] {logging_mixin.py:137} INFO - [2022-12-19T19:46:56.005+0000] {dag.py:2676} INFO - Sync 1 DAGs
[2022-12-19T19:46:56.097+0000] {logging_mixin.py:137} INFO - [2022-12-19T19:46:56.097+0000] {dag.py:3427} INFO - Setting next_dagrun for example_task_group to 2022-12-18T19:46:56.097187+00:00, run_after=2022-12-19T19:46:56.097187+00:00
[2022-12-19T19:46:56.181+0000] {processor.py:175} INFO - Processing /home/airflow/.local/lib/python3.7/site-packages/airflow/example_dags/example_task_group.py took 0.299 seconds
[2022-12-19T19:47:26.298+0000] {processor.py:153} INFO - Started process (PID=1423) to work on /home/airflow/.local/lib/python3.7/site-packages/airflow/example_dags/example_task_group.py
[2022-12-19T19:47:26.300+0000] {processor.py:743} INFO - Processing file /home/airflow/.local/lib/python3.7/site-packages/airflow/example_dags/example_task_group.py for tasks to queue
[2022-12-19T19:47:26.301+0000] {logging_mixin.py:137} INFO - [2022-12-19T19:47:26.301+0000] {dagbag.py:538} INFO - Filling up the DagBag from /home/airflow/.local/lib/python3.7/site-packages/airflow/example_dags/example_task_group.py
[2022-12-19T19:47:26.323+0000] {processor.py:753} INFO - DAG(s) dict_keys(['example_task_group']) retrieved from /home/airflow/.local/lib/python3.7/site-packages/airflow/example_dags/example_task_group.py
[2022-12-19T19:47:26.396+0000] {logging_mixin.py:137} INFO - [2022-12-19T19:47:26.396+0000] {dag.py:2676} INFO - Sync 1 DAGs
[2022-12-19T19:47:26.437+0000] {logging_mixin.py:137} INFO - [2022-12-19T19:47:26.436+0000] {dag.py:3427} INFO - Setting next_dagrun for example_task_group to 2022-12-18T19:47:26.436459+00:00, run_after=2022-12-19T19:47:26.436459+00:00
[2022-12-19T19:47:26.503+0000] {processor.py:175} INFO - Processing /home/airflow/.local/lib/python3.7/site-packages/airflow/example_dags/example_task_group.py took 0.209 seconds
[2022-12-19T19:47:57.493+0000] {processor.py:153} INFO - Started process (PID=1518) to work on /home/airflow/.local/lib/python3.7/site-packages/airflow/example_dags/example_task_group.py
[2022-12-19T19:47:57.494+0000] {processor.py:743} INFO - Processing file /home/airflow/.local/lib/python3.7/site-packages/airflow/example_dags/example_task_group.py for tasks to queue
[2022-12-19T19:47:57.494+0000] {logging_mixin.py:137} INFO - [2022-12-19T19:47:57.494+0000] {dagbag.py:538} INFO - Filling up the DagBag from /home/airflow/.local/lib/python3.7/site-packages/airflow/example_dags/example_task_group.py
[2022-12-19T19:47:57.512+0000] {processor.py:753} INFO - DAG(s) dict_keys(['example_task_group']) retrieved from /home/airflow/.local/lib/python3.7/site-packages/airflow/example_dags/example_task_group.py
[2022-12-19T19:47:57.601+0000] {logging_mixin.py:137} INFO - [2022-12-19T19:47:57.601+0000] {dag.py:2676} INFO - Sync 1 DAGs
[2022-12-19T19:47:57.681+0000] {logging_mixin.py:137} INFO - [2022-12-19T19:47:57.681+0000] {dag.py:3427} INFO - Setting next_dagrun for example_task_group to 2022-12-18T19:47:57.680876+00:00, run_after=2022-12-19T19:47:57.680876+00:00
[2022-12-19T19:47:57.705+0000] {processor.py:175} INFO - Processing /home/airflow/.local/lib/python3.7/site-packages/airflow/example_dags/example_task_group.py took 0.217 seconds
[2022-12-19T19:48:27.868+0000] {processor.py:153} INFO - Started process (PID=1604) to work on /home/airflow/.local/lib/python3.7/site-packages/airflow/example_dags/example_task_group.py
[2022-12-19T19:48:27.869+0000] {processor.py:743} INFO - Processing file /home/airflow/.local/lib/python3.7/site-packages/airflow/example_dags/example_task_group.py for tasks to queue
[2022-12-19T19:48:27.869+0000] {logging_mixin.py:137} INFO - [2022-12-19T19:48:27.869+0000] {dagbag.py:538} INFO - Filling up the DagBag from /home/airflow/.local/lib/python3.7/site-packages/airflow/example_dags/example_task_group.py
[2022-12-19T19:48:27.885+0000] {processor.py:753} INFO - DAG(s) dict_keys(['example_task_group']) retrieved from /home/airflow/.local/lib/python3.7/site-packages/airflow/example_dags/example_task_group.py
[2022-12-19T19:48:27.928+0000] {logging_mixin.py:137} INFO - [2022-12-19T19:48:27.927+0000] {dag.py:2676} INFO - Sync 1 DAGs
[2022-12-19T19:48:27.964+0000] {logging_mixin.py:137} INFO - [2022-12-19T19:48:27.964+0000] {dag.py:3427} INFO - Setting next_dagrun for example_task_group to 2022-12-18T19:48:27.964262+00:00, run_after=2022-12-19T19:48:27.964262+00:00
[2022-12-19T19:48:27.987+0000] {processor.py:175} INFO - Processing /home/airflow/.local/lib/python3.7/site-packages/airflow/example_dags/example_task_group.py took 0.125 seconds
[2022-12-19T19:48:58.790+0000] {processor.py:153} INFO - Started process (PID=1705) to work on /home/airflow/.local/lib/python3.7/site-packages/airflow/example_dags/example_task_group.py
[2022-12-19T19:48:58.792+0000] {processor.py:743} INFO - Processing file /home/airflow/.local/lib/python3.7/site-packages/airflow/example_dags/example_task_group.py for tasks to queue
[2022-12-19T19:48:58.793+0000] {logging_mixin.py:137} INFO - [2022-12-19T19:48:58.792+0000] {dagbag.py:538} INFO - Filling up the DagBag from /home/airflow/.local/lib/python3.7/site-packages/airflow/example_dags/example_task_group.py
[2022-12-19T19:48:58.878+0000] {processor.py:753} INFO - DAG(s) dict_keys(['example_task_group']) retrieved from /home/airflow/.local/lib/python3.7/site-packages/airflow/example_dags/example_task_group.py
[2022-12-19T19:48:59.006+0000] {logging_mixin.py:137} INFO - [2022-12-19T19:48:59.006+0000] {dag.py:2676} INFO - Sync 1 DAGs
[2022-12-19T19:48:59.107+0000] {logging_mixin.py:137} INFO - [2022-12-19T19:48:59.107+0000] {dag.py:3427} INFO - Setting next_dagrun for example_task_group to 2022-12-18T19:48:59.106868+00:00, run_after=2022-12-19T19:48:59.106868+00:00
[2022-12-19T19:48:59.189+0000] {processor.py:175} INFO - Processing /home/airflow/.local/lib/python3.7/site-packages/airflow/example_dags/example_task_group.py took 0.408 seconds
[2022-12-19T19:49:29.522+0000] {processor.py:153} INFO - Started process (PID=1791) to work on /home/airflow/.local/lib/python3.7/site-packages/airflow/example_dags/example_task_group.py
[2022-12-19T19:49:29.523+0000] {processor.py:743} INFO - Processing file /home/airflow/.local/lib/python3.7/site-packages/airflow/example_dags/example_task_group.py for tasks to queue
[2022-12-19T19:49:29.523+0000] {logging_mixin.py:137} INFO - [2022-12-19T19:49:29.523+0000] {dagbag.py:538} INFO - Filling up the DagBag from /home/airflow/.local/lib/python3.7/site-packages/airflow/example_dags/example_task_group.py
[2022-12-19T19:49:29.577+0000] {processor.py:753} INFO - DAG(s) dict_keys(['example_task_group']) retrieved from /home/airflow/.local/lib/python3.7/site-packages/airflow/example_dags/example_task_group.py
[2022-12-19T19:49:29.670+0000] {logging_mixin.py:137} INFO - [2022-12-19T19:49:29.670+0000] {dag.py:2676} INFO - Sync 1 DAGs
[2022-12-19T19:49:29.703+0000] {logging_mixin.py:137} INFO - [2022-12-19T19:49:29.703+0000] {dag.py:3427} INFO - Setting next_dagrun for example_task_group to 2022-12-18T19:49:29.703170+00:00, run_after=2022-12-19T19:49:29.703170+00:00
[2022-12-19T19:49:29.780+0000] {processor.py:175} INFO - Processing /home/airflow/.local/lib/python3.7/site-packages/airflow/example_dags/example_task_group.py took 0.261 seconds
[2022-12-19T19:50:00.053+0000] {processor.py:153} INFO - Started process (PID=1877) to work on /home/airflow/.local/lib/python3.7/site-packages/airflow/example_dags/example_task_group.py
[2022-12-19T19:50:00.054+0000] {processor.py:743} INFO - Processing file /home/airflow/.local/lib/python3.7/site-packages/airflow/example_dags/example_task_group.py for tasks to queue
[2022-12-19T19:50:00.054+0000] {logging_mixin.py:137} INFO - [2022-12-19T19:50:00.054+0000] {dagbag.py:538} INFO - Filling up the DagBag from /home/airflow/.local/lib/python3.7/site-packages/airflow/example_dags/example_task_group.py
[2022-12-19T19:50:00.077+0000] {processor.py:753} INFO - DAG(s) dict_keys(['example_task_group']) retrieved from /home/airflow/.local/lib/python3.7/site-packages/airflow/example_dags/example_task_group.py
[2022-12-19T19:50:00.119+0000] {logging_mixin.py:137} INFO - [2022-12-19T19:50:00.119+0000] {dag.py:2676} INFO - Sync 1 DAGs
[2022-12-19T19:50:00.150+0000] {logging_mixin.py:137} INFO - [2022-12-19T19:50:00.150+0000] {dag.py:3427} INFO - Setting next_dagrun for example_task_group to 2022-12-18T19:50:00.149732+00:00, run_after=2022-12-19T19:50:00.149732+00:00
[2022-12-19T19:50:00.170+0000] {processor.py:175} INFO - Processing /home/airflow/.local/lib/python3.7/site-packages/airflow/example_dags/example_task_group.py took 0.121 seconds
[2022-12-19T19:50:30.984+0000] {processor.py:153} INFO - Started process (PID=1971) to work on /home/airflow/.local/lib/python3.7/site-packages/airflow/example_dags/example_task_group.py
[2022-12-19T19:50:30.985+0000] {processor.py:743} INFO - Processing file /home/airflow/.local/lib/python3.7/site-packages/airflow/example_dags/example_task_group.py for tasks to queue
[2022-12-19T19:50:30.986+0000] {logging_mixin.py:137} INFO - [2022-12-19T19:50:30.986+0000] {dagbag.py:538} INFO - Filling up the DagBag from /home/airflow/.local/lib/python3.7/site-packages/airflow/example_dags/example_task_group.py
[2022-12-19T19:50:31.007+0000] {processor.py:753} INFO - DAG(s) dict_keys(['example_task_group']) retrieved from /home/airflow/.local/lib/python3.7/site-packages/airflow/example_dags/example_task_group.py
[2022-12-19T19:50:31.099+0000] {logging_mixin.py:137} INFO - [2022-12-19T19:50:31.099+0000] {dag.py:2676} INFO - Sync 1 DAGs
[2022-12-19T19:50:31.130+0000] {logging_mixin.py:137} INFO - [2022-12-19T19:50:31.129+0000] {dag.py:3427} INFO - Setting next_dagrun for example_task_group to 2022-12-18T19:50:31.129734+00:00, run_after=2022-12-19T19:50:31.129734+00:00
[2022-12-19T19:50:31.176+0000] {processor.py:175} INFO - Processing /home/airflow/.local/lib/python3.7/site-packages/airflow/example_dags/example_task_group.py took 0.201 seconds
[2022-12-19T19:51:01.257+0000] {processor.py:153} INFO - Started process (PID=2072) to work on /home/airflow/.local/lib/python3.7/site-packages/airflow/example_dags/example_task_group.py
[2022-12-19T19:51:01.258+0000] {processor.py:743} INFO - Processing file /home/airflow/.local/lib/python3.7/site-packages/airflow/example_dags/example_task_group.py for tasks to queue
[2022-12-19T19:51:01.258+0000] {logging_mixin.py:137} INFO - [2022-12-19T19:51:01.258+0000] {dagbag.py:538} INFO - Filling up the DagBag from /home/airflow/.local/lib/python3.7/site-packages/airflow/example_dags/example_task_group.py
[2022-12-19T19:51:01.279+0000] {processor.py:753} INFO - DAG(s) dict_keys(['example_task_group']) retrieved from /home/airflow/.local/lib/python3.7/site-packages/airflow/example_dags/example_task_group.py
[2022-12-19T19:51:01.321+0000] {logging_mixin.py:137} INFO - [2022-12-19T19:51:01.321+0000] {dag.py:2676} INFO - Sync 1 DAGs
[2022-12-19T19:51:01.349+0000] {logging_mixin.py:137} INFO - [2022-12-19T19:51:01.349+0000] {dag.py:3427} INFO - Setting next_dagrun for example_task_group to 2022-12-18T19:51:01.349217+00:00, run_after=2022-12-19T19:51:01.349217+00:00
[2022-12-19T19:51:01.369+0000] {processor.py:175} INFO - Processing /home/airflow/.local/lib/python3.7/site-packages/airflow/example_dags/example_task_group.py took 0.114 seconds
[2022-12-19T19:51:31.568+0000] {processor.py:153} INFO - Started process (PID=2158) to work on /home/airflow/.local/lib/python3.7/site-packages/airflow/example_dags/example_task_group.py
[2022-12-19T19:51:31.576+0000] {processor.py:743} INFO - Processing file /home/airflow/.local/lib/python3.7/site-packages/airflow/example_dags/example_task_group.py for tasks to queue
[2022-12-19T19:51:31.577+0000] {logging_mixin.py:137} INFO - [2022-12-19T19:51:31.577+0000] {dagbag.py:538} INFO - Filling up the DagBag from /home/airflow/.local/lib/python3.7/site-packages/airflow/example_dags/example_task_group.py
[2022-12-19T19:51:31.597+0000] {processor.py:753} INFO - DAG(s) dict_keys(['example_task_group']) retrieved from /home/airflow/.local/lib/python3.7/site-packages/airflow/example_dags/example_task_group.py
[2022-12-19T19:51:31.638+0000] {logging_mixin.py:137} INFO - [2022-12-19T19:51:31.638+0000] {dag.py:2676} INFO - Sync 1 DAGs
[2022-12-19T19:51:31.668+0000] {logging_mixin.py:137} INFO - [2022-12-19T19:51:31.668+0000] {dag.py:3427} INFO - Setting next_dagrun for example_task_group to 2022-12-18T19:51:31.667725+00:00, run_after=2022-12-19T19:51:31.667725+00:00
[2022-12-19T19:51:31.698+0000] {processor.py:175} INFO - Processing /home/airflow/.local/lib/python3.7/site-packages/airflow/example_dags/example_task_group.py took 0.133 seconds
[2022-12-19T19:52:02.463+0000] {processor.py:153} INFO - Started process (PID=2244) to work on /home/airflow/.local/lib/python3.7/site-packages/airflow/example_dags/example_task_group.py
[2022-12-19T19:52:02.464+0000] {processor.py:743} INFO - Processing file /home/airflow/.local/lib/python3.7/site-packages/airflow/example_dags/example_task_group.py for tasks to queue
[2022-12-19T19:52:02.464+0000] {logging_mixin.py:137} INFO - [2022-12-19T19:52:02.464+0000] {dagbag.py:538} INFO - Filling up the DagBag from /home/airflow/.local/lib/python3.7/site-packages/airflow/example_dags/example_task_group.py
[2022-12-19T19:52:02.486+0000] {processor.py:753} INFO - DAG(s) dict_keys(['example_task_group']) retrieved from /home/airflow/.local/lib/python3.7/site-packages/airflow/example_dags/example_task_group.py
[2022-12-19T19:52:02.533+0000] {logging_mixin.py:137} INFO - [2022-12-19T19:52:02.532+0000] {dag.py:2676} INFO - Sync 1 DAGs
[2022-12-19T19:52:02.563+0000] {logging_mixin.py:137} INFO - [2022-12-19T19:52:02.563+0000] {dag.py:3427} INFO - Setting next_dagrun for example_task_group to 2022-12-18T19:52:02.563265+00:00, run_after=2022-12-19T19:52:02.563265+00:00
[2022-12-19T19:52:02.589+0000] {processor.py:175} INFO - Processing /home/airflow/.local/lib/python3.7/site-packages/airflow/example_dags/example_task_group.py took 0.130 seconds
[2022-12-19T19:52:32.871+0000] {processor.py:153} INFO - Started process (PID=2354) to work on /home/airflow/.local/lib/python3.7/site-packages/airflow/example_dags/example_task_group.py
[2022-12-19T19:52:32.872+0000] {processor.py:743} INFO - Processing file /home/airflow/.local/lib/python3.7/site-packages/airflow/example_dags/example_task_group.py for tasks to queue
[2022-12-19T19:52:32.873+0000] {logging_mixin.py:137} INFO - [2022-12-19T19:52:32.873+0000] {dagbag.py:538} INFO - Filling up the DagBag from /home/airflow/.local/lib/python3.7/site-packages/airflow/example_dags/example_task_group.py
[2022-12-19T19:52:32.893+0000] {processor.py:753} INFO - DAG(s) dict_keys(['example_task_group']) retrieved from /home/airflow/.local/lib/python3.7/site-packages/airflow/example_dags/example_task_group.py
[2022-12-19T19:52:32.982+0000] {logging_mixin.py:137} INFO - [2022-12-19T19:52:32.982+0000] {dag.py:2676} INFO - Sync 1 DAGs
[2022-12-19T19:52:33.014+0000] {logging_mixin.py:137} INFO - [2022-12-19T19:52:33.013+0000] {dag.py:3427} INFO - Setting next_dagrun for example_task_group to 2022-12-18T19:52:33.013509+00:00, run_after=2022-12-19T19:52:33.013509+00:00
[2022-12-19T19:52:33.035+0000] {processor.py:175} INFO - Processing /home/airflow/.local/lib/python3.7/site-packages/airflow/example_dags/example_task_group.py took 0.218 seconds
[2022-12-19T19:53:03.167+0000] {processor.py:153} INFO - Started process (PID=2440) to work on /home/airflow/.local/lib/python3.7/site-packages/airflow/example_dags/example_task_group.py
[2022-12-19T19:53:03.169+0000] {processor.py:743} INFO - Processing file /home/airflow/.local/lib/python3.7/site-packages/airflow/example_dags/example_task_group.py for tasks to queue
[2022-12-19T19:53:03.170+0000] {logging_mixin.py:137} INFO - [2022-12-19T19:53:03.169+0000] {dagbag.py:538} INFO - Filling up the DagBag from /home/airflow/.local/lib/python3.7/site-packages/airflow/example_dags/example_task_group.py
[2022-12-19T19:53:03.191+0000] {processor.py:753} INFO - DAG(s) dict_keys(['example_task_group']) retrieved from /home/airflow/.local/lib/python3.7/site-packages/airflow/example_dags/example_task_group.py
[2022-12-19T19:53:03.229+0000] {logging_mixin.py:137} INFO - [2022-12-19T19:53:03.228+0000] {dag.py:2676} INFO - Sync 1 DAGs
[2022-12-19T19:53:03.256+0000] {logging_mixin.py:137} INFO - [2022-12-19T19:53:03.256+0000] {dag.py:3427} INFO - Setting next_dagrun for example_task_group to 2022-12-18T19:53:03.255787+00:00, run_after=2022-12-19T19:53:03.255787+00:00
[2022-12-19T19:53:03.283+0000] {processor.py:175} INFO - Processing /home/airflow/.local/lib/python3.7/site-packages/airflow/example_dags/example_task_group.py took 0.119 seconds
[2022-12-19T19:53:33.417+0000] {processor.py:153} INFO - Started process (PID=2526) to work on /home/airflow/.local/lib/python3.7/site-packages/airflow/example_dags/example_task_group.py
[2022-12-19T19:53:33.419+0000] {processor.py:743} INFO - Processing file /home/airflow/.local/lib/python3.7/site-packages/airflow/example_dags/example_task_group.py for tasks to queue
[2022-12-19T19:53:33.420+0000] {logging_mixin.py:137} INFO - [2022-12-19T19:53:33.420+0000] {dagbag.py:538} INFO - Filling up the DagBag from /home/airflow/.local/lib/python3.7/site-packages/airflow/example_dags/example_task_group.py
[2022-12-19T19:53:33.438+0000] {processor.py:753} INFO - DAG(s) dict_keys(['example_task_group']) retrieved from /home/airflow/.local/lib/python3.7/site-packages/airflow/example_dags/example_task_group.py
[2022-12-19T19:53:33.488+0000] {logging_mixin.py:137} INFO - [2022-12-19T19:53:33.488+0000] {dag.py:2676} INFO - Sync 1 DAGs
[2022-12-19T19:53:33.518+0000] {logging_mixin.py:137} INFO - [2022-12-19T19:53:33.518+0000] {dag.py:3427} INFO - Setting next_dagrun for example_task_group to 2022-12-18T19:53:33.517786+00:00, run_after=2022-12-19T19:53:33.517786+00:00
[2022-12-19T19:53:33.540+0000] {processor.py:175} INFO - Processing /home/airflow/.local/lib/python3.7/site-packages/airflow/example_dags/example_task_group.py took 0.127 seconds
[2022-12-19T19:54:04.501+0000] {processor.py:153} INFO - Started process (PID=2636) to work on /home/airflow/.local/lib/python3.7/site-packages/airflow/example_dags/example_task_group.py
[2022-12-19T19:54:04.502+0000] {processor.py:743} INFO - Processing file /home/airflow/.local/lib/python3.7/site-packages/airflow/example_dags/example_task_group.py for tasks to queue
[2022-12-19T19:54:04.502+0000] {logging_mixin.py:137} INFO - [2022-12-19T19:54:04.502+0000] {dagbag.py:538} INFO - Filling up the DagBag from /home/airflow/.local/lib/python3.7/site-packages/airflow/example_dags/example_task_group.py
[2022-12-19T19:54:04.521+0000] {processor.py:753} INFO - DAG(s) dict_keys(['example_task_group']) retrieved from /home/airflow/.local/lib/python3.7/site-packages/airflow/example_dags/example_task_group.py
[2022-12-19T19:54:04.607+0000] {logging_mixin.py:137} INFO - [2022-12-19T19:54:04.607+0000] {dag.py:2676} INFO - Sync 1 DAGs
[2022-12-19T19:54:04.700+0000] {logging_mixin.py:137} INFO - [2022-12-19T19:54:04.700+0000] {dag.py:3427} INFO - Setting next_dagrun for example_task_group to 2022-12-18T19:54:04.700355+00:00, run_after=2022-12-19T19:54:04.700355+00:00
[2022-12-19T19:54:04.723+0000] {processor.py:175} INFO - Processing /home/airflow/.local/lib/python3.7/site-packages/airflow/example_dags/example_task_group.py took 0.225 seconds
[2022-12-19T19:54:35.106+0000] {processor.py:153} INFO - Started process (PID=2723) to work on /home/airflow/.local/lib/python3.7/site-packages/airflow/example_dags/example_task_group.py
[2022-12-19T19:54:35.107+0000] {processor.py:743} INFO - Processing file /home/airflow/.local/lib/python3.7/site-packages/airflow/example_dags/example_task_group.py for tasks to queue
[2022-12-19T19:54:35.108+0000] {logging_mixin.py:137} INFO - [2022-12-19T19:54:35.108+0000] {dagbag.py:538} INFO - Filling up the DagBag from /home/airflow/.local/lib/python3.7/site-packages/airflow/example_dags/example_task_group.py
[2022-12-19T19:54:35.126+0000] {processor.py:753} INFO - DAG(s) dict_keys(['example_task_group']) retrieved from /home/airflow/.local/lib/python3.7/site-packages/airflow/example_dags/example_task_group.py
[2022-12-19T19:54:35.167+0000] {logging_mixin.py:137} INFO - [2022-12-19T19:54:35.167+0000] {dag.py:2676} INFO - Sync 1 DAGs
[2022-12-19T19:54:35.211+0000] {logging_mixin.py:137} INFO - [2022-12-19T19:54:35.210+0000] {dag.py:3427} INFO - Setting next_dagrun for example_task_group to 2022-12-18T19:54:35.210726+00:00, run_after=2022-12-19T19:54:35.210726+00:00
[2022-12-19T19:54:35.232+0000] {processor.py:175} INFO - Processing /home/airflow/.local/lib/python3.7/site-packages/airflow/example_dags/example_task_group.py took 0.131 seconds
[2022-12-19T19:55:05.326+0000] {processor.py:153} INFO - Started process (PID=2809) to work on /home/airflow/.local/lib/python3.7/site-packages/airflow/example_dags/example_task_group.py
[2022-12-19T19:55:05.327+0000] {processor.py:743} INFO - Processing file /home/airflow/.local/lib/python3.7/site-packages/airflow/example_dags/example_task_group.py for tasks to queue
[2022-12-19T19:55:05.327+0000] {logging_mixin.py:137} INFO - [2022-12-19T19:55:05.327+0000] {dagbag.py:538} INFO - Filling up the DagBag from /home/airflow/.local/lib/python3.7/site-packages/airflow/example_dags/example_task_group.py
[2022-12-19T19:55:05.345+0000] {processor.py:753} INFO - DAG(s) dict_keys(['example_task_group']) retrieved from /home/airflow/.local/lib/python3.7/site-packages/airflow/example_dags/example_task_group.py
[2022-12-19T19:55:05.387+0000] {logging_mixin.py:137} INFO - [2022-12-19T19:55:05.387+0000] {dag.py:2676} INFO - Sync 1 DAGs
[2022-12-19T19:55:05.420+0000] {logging_mixin.py:137} INFO - [2022-12-19T19:55:05.420+0000] {dag.py:3427} INFO - Setting next_dagrun for example_task_group to 2022-12-18T19:55:05.420353+00:00, run_after=2022-12-19T19:55:05.420353+00:00
[2022-12-19T19:55:05.441+0000] {processor.py:175} INFO - Processing /home/airflow/.local/lib/python3.7/site-packages/airflow/example_dags/example_task_group.py took 0.118 seconds
[2022-12-19T19:55:36.233+0000] {processor.py:153} INFO - Started process (PID=2904) to work on /home/airflow/.local/lib/python3.7/site-packages/airflow/example_dags/example_task_group.py
[2022-12-19T19:55:36.235+0000] {processor.py:743} INFO - Processing file /home/airflow/.local/lib/python3.7/site-packages/airflow/example_dags/example_task_group.py for tasks to queue
[2022-12-19T19:55:36.235+0000] {logging_mixin.py:137} INFO - [2022-12-19T19:55:36.235+0000] {dagbag.py:538} INFO - Filling up the DagBag from /home/airflow/.local/lib/python3.7/site-packages/airflow/example_dags/example_task_group.py
[2022-12-19T19:55:36.257+0000] {processor.py:753} INFO - DAG(s) dict_keys(['example_task_group']) retrieved from /home/airflow/.local/lib/python3.7/site-packages/airflow/example_dags/example_task_group.py
[2022-12-19T19:55:36.397+0000] {logging_mixin.py:137} INFO - [2022-12-19T19:55:36.397+0000] {dag.py:2676} INFO - Sync 1 DAGs
[2022-12-19T19:55:36.434+0000] {logging_mixin.py:137} INFO - [2022-12-19T19:55:36.434+0000] {dag.py:3427} INFO - Setting next_dagrun for example_task_group to 2022-12-18T19:55:36.433848+00:00, run_after=2022-12-19T19:55:36.433848+00:00
[2022-12-19T19:55:36.457+0000] {processor.py:175} INFO - Processing /home/airflow/.local/lib/python3.7/site-packages/airflow/example_dags/example_task_group.py took 0.227 seconds
[2022-12-19T19:56:07.291+0000] {processor.py:153} INFO - Started process (PID=3005) to work on /home/airflow/.local/lib/python3.7/site-packages/airflow/example_dags/example_task_group.py
[2022-12-19T19:56:07.292+0000] {processor.py:743} INFO - Processing file /home/airflow/.local/lib/python3.7/site-packages/airflow/example_dags/example_task_group.py for tasks to queue
[2022-12-19T19:56:07.292+0000] {logging_mixin.py:137} INFO - [2022-12-19T19:56:07.292+0000] {dagbag.py:538} INFO - Filling up the DagBag from /home/airflow/.local/lib/python3.7/site-packages/airflow/example_dags/example_task_group.py
[2022-12-19T19:56:07.370+0000] {processor.py:753} INFO - DAG(s) dict_keys(['example_task_group']) retrieved from /home/airflow/.local/lib/python3.7/site-packages/airflow/example_dags/example_task_group.py
[2022-12-19T19:56:07.495+0000] {logging_mixin.py:137} INFO - [2022-12-19T19:56:07.495+0000] {dag.py:2676} INFO - Sync 1 DAGs
[2022-12-19T19:56:07.588+0000] {logging_mixin.py:137} INFO - [2022-12-19T19:56:07.588+0000] {dag.py:3427} INFO - Setting next_dagrun for example_task_group to 2022-12-18T19:56:07.587845+00:00, run_after=2022-12-19T19:56:07.587845+00:00
[2022-12-19T19:56:07.672+0000] {processor.py:175} INFO - Processing /home/airflow/.local/lib/python3.7/site-packages/airflow/example_dags/example_task_group.py took 0.384 seconds
[2022-12-19T19:56:38.250+0000] {processor.py:153} INFO - Started process (PID=3092) to work on /home/airflow/.local/lib/python3.7/site-packages/airflow/example_dags/example_task_group.py
[2022-12-19T19:56:38.251+0000] {processor.py:743} INFO - Processing file /home/airflow/.local/lib/python3.7/site-packages/airflow/example_dags/example_task_group.py for tasks to queue
[2022-12-19T19:56:38.251+0000] {logging_mixin.py:137} INFO - [2022-12-19T19:56:38.251+0000] {dagbag.py:538} INFO - Filling up the DagBag from /home/airflow/.local/lib/python3.7/site-packages/airflow/example_dags/example_task_group.py
[2022-12-19T19:56:38.279+0000] {processor.py:753} INFO - DAG(s) dict_keys(['example_task_group']) retrieved from /home/airflow/.local/lib/python3.7/site-packages/airflow/example_dags/example_task_group.py
[2022-12-19T19:56:38.321+0000] {logging_mixin.py:137} INFO - [2022-12-19T19:56:38.321+0000] {dag.py:2676} INFO - Sync 1 DAGs
[2022-12-19T19:56:38.357+0000] {logging_mixin.py:137} INFO - [2022-12-19T19:56:38.357+0000] {dag.py:3427} INFO - Setting next_dagrun for example_task_group to 2022-12-18T19:56:38.357372+00:00, run_after=2022-12-19T19:56:38.357372+00:00
[2022-12-19T19:56:38.386+0000] {processor.py:175} INFO - Processing /home/airflow/.local/lib/python3.7/site-packages/airflow/example_dags/example_task_group.py took 0.139 seconds
[2022-12-19T19:57:09.437+0000] {processor.py:153} INFO - Started process (PID=3202) to work on /home/airflow/.local/lib/python3.7/site-packages/airflow/example_dags/example_task_group.py
[2022-12-19T19:57:09.438+0000] {processor.py:743} INFO - Processing file /home/airflow/.local/lib/python3.7/site-packages/airflow/example_dags/example_task_group.py for tasks to queue
[2022-12-19T19:57:09.438+0000] {logging_mixin.py:137} INFO - [2022-12-19T19:57:09.438+0000] {dagbag.py:538} INFO - Filling up the DagBag from /home/airflow/.local/lib/python3.7/site-packages/airflow/example_dags/example_task_group.py
[2022-12-19T19:57:09.457+0000] {processor.py:753} INFO - DAG(s) dict_keys(['example_task_group']) retrieved from /home/airflow/.local/lib/python3.7/site-packages/airflow/example_dags/example_task_group.py
[2022-12-19T19:57:09.503+0000] {logging_mixin.py:137} INFO - [2022-12-19T19:57:09.502+0000] {dag.py:2676} INFO - Sync 1 DAGs
[2022-12-19T19:57:09.535+0000] {logging_mixin.py:137} INFO - [2022-12-19T19:57:09.535+0000] {dag.py:3427} INFO - Setting next_dagrun for example_task_group to 2022-12-18T19:57:09.535165+00:00, run_after=2022-12-19T19:57:09.535165+00:00
[2022-12-19T19:57:09.559+0000] {processor.py:175} INFO - Processing /home/airflow/.local/lib/python3.7/site-packages/airflow/example_dags/example_task_group.py took 0.126 seconds
[2022-12-19T19:57:39.691+0000] {processor.py:153} INFO - Started process (PID=3288) to work on /home/airflow/.local/lib/python3.7/site-packages/airflow/example_dags/example_task_group.py
[2022-12-19T19:57:39.692+0000] {processor.py:743} INFO - Processing file /home/airflow/.local/lib/python3.7/site-packages/airflow/example_dags/example_task_group.py for tasks to queue
[2022-12-19T19:57:39.693+0000] {logging_mixin.py:137} INFO - [2022-12-19T19:57:39.693+0000] {dagbag.py:538} INFO - Filling up the DagBag from /home/airflow/.local/lib/python3.7/site-packages/airflow/example_dags/example_task_group.py
[2022-12-19T19:57:39.709+0000] {processor.py:753} INFO - DAG(s) dict_keys(['example_task_group']) retrieved from /home/airflow/.local/lib/python3.7/site-packages/airflow/example_dags/example_task_group.py
[2022-12-19T19:57:39.753+0000] {logging_mixin.py:137} INFO - [2022-12-19T19:57:39.753+0000] {dag.py:2676} INFO - Sync 1 DAGs
[2022-12-19T19:57:39.783+0000] {logging_mixin.py:137} INFO - [2022-12-19T19:57:39.783+0000] {dag.py:3427} INFO - Setting next_dagrun for example_task_group to 2022-12-18T19:57:39.783134+00:00, run_after=2022-12-19T19:57:39.783134+00:00
[2022-12-19T19:57:39.805+0000] {processor.py:175} INFO - Processing /home/airflow/.local/lib/python3.7/site-packages/airflow/example_dags/example_task_group.py took 0.116 seconds
[2022-12-19T19:58:09.947+0000] {processor.py:153} INFO - Started process (PID=3374) to work on /home/airflow/.local/lib/python3.7/site-packages/airflow/example_dags/example_task_group.py
[2022-12-19T19:58:09.948+0000] {processor.py:743} INFO - Processing file /home/airflow/.local/lib/python3.7/site-packages/airflow/example_dags/example_task_group.py for tasks to queue
[2022-12-19T19:58:09.949+0000] {logging_mixin.py:137} INFO - [2022-12-19T19:58:09.948+0000] {dagbag.py:538} INFO - Filling up the DagBag from /home/airflow/.local/lib/python3.7/site-packages/airflow/example_dags/example_task_group.py
[2022-12-19T19:58:09.964+0000] {processor.py:753} INFO - DAG(s) dict_keys(['example_task_group']) retrieved from /home/airflow/.local/lib/python3.7/site-packages/airflow/example_dags/example_task_group.py
[2022-12-19T19:58:10.012+0000] {logging_mixin.py:137} INFO - [2022-12-19T19:58:10.012+0000] {dag.py:2676} INFO - Sync 1 DAGs
[2022-12-19T19:58:10.045+0000] {logging_mixin.py:137} INFO - [2022-12-19T19:58:10.045+0000] {dag.py:3427} INFO - Setting next_dagrun for example_task_group to 2022-12-18T19:58:10.044915+00:00, run_after=2022-12-19T19:58:10.044915+00:00
[2022-12-19T19:58:10.066+0000] {processor.py:175} INFO - Processing /home/airflow/.local/lib/python3.7/site-packages/airflow/example_dags/example_task_group.py took 0.122 seconds
[2022-12-19T19:58:40.615+0000] {processor.py:153} INFO - Started process (PID=3484) to work on /home/airflow/.local/lib/python3.7/site-packages/airflow/example_dags/example_task_group.py
[2022-12-19T19:58:40.616+0000] {processor.py:743} INFO - Processing file /home/airflow/.local/lib/python3.7/site-packages/airflow/example_dags/example_task_group.py for tasks to queue
[2022-12-19T19:58:40.617+0000] {logging_mixin.py:137} INFO - [2022-12-19T19:58:40.616+0000] {dagbag.py:538} INFO - Filling up the DagBag from /home/airflow/.local/lib/python3.7/site-packages/airflow/example_dags/example_task_group.py
[2022-12-19T19:58:40.636+0000] {processor.py:753} INFO - DAG(s) dict_keys(['example_task_group']) retrieved from /home/airflow/.local/lib/python3.7/site-packages/airflow/example_dags/example_task_group.py
[2022-12-19T19:58:40.686+0000] {logging_mixin.py:137} INFO - [2022-12-19T19:58:40.685+0000] {dag.py:2676} INFO - Sync 1 DAGs
[2022-12-19T19:58:40.720+0000] {logging_mixin.py:137} INFO - [2022-12-19T19:58:40.720+0000] {dag.py:3427} INFO - Setting next_dagrun for example_task_group to 2022-12-18T19:58:40.719780+00:00, run_after=2022-12-19T19:58:40.719780+00:00
[2022-12-19T19:58:40.744+0000] {processor.py:175} INFO - Processing /home/airflow/.local/lib/python3.7/site-packages/airflow/example_dags/example_task_group.py took 0.133 seconds
[2022-12-19T19:59:10.804+0000] {processor.py:153} INFO - Started process (PID=3569) to work on /home/airflow/.local/lib/python3.7/site-packages/airflow/example_dags/example_task_group.py
[2022-12-19T19:59:10.805+0000] {processor.py:743} INFO - Processing file /home/airflow/.local/lib/python3.7/site-packages/airflow/example_dags/example_task_group.py for tasks to queue
[2022-12-19T19:59:10.806+0000] {logging_mixin.py:137} INFO - [2022-12-19T19:59:10.806+0000] {dagbag.py:538} INFO - Filling up the DagBag from /home/airflow/.local/lib/python3.7/site-packages/airflow/example_dags/example_task_group.py
[2022-12-19T19:59:10.823+0000] {processor.py:753} INFO - DAG(s) dict_keys(['example_task_group']) retrieved from /home/airflow/.local/lib/python3.7/site-packages/airflow/example_dags/example_task_group.py
[2022-12-19T19:59:10.868+0000] {logging_mixin.py:137} INFO - [2022-12-19T19:59:10.867+0000] {dag.py:2676} INFO - Sync 1 DAGs
[2022-12-19T19:59:10.902+0000] {logging_mixin.py:137} INFO - [2022-12-19T19:59:10.901+0000] {dag.py:3427} INFO - Setting next_dagrun for example_task_group to 2022-12-18T19:59:10.901448+00:00, run_after=2022-12-19T19:59:10.901448+00:00
[2022-12-19T19:59:10.924+0000] {processor.py:175} INFO - Processing /home/airflow/.local/lib/python3.7/site-packages/airflow/example_dags/example_task_group.py took 0.123 seconds
[2022-12-19T19:59:41.880+0000] {processor.py:153} INFO - Started process (PID=3656) to work on /home/airflow/.local/lib/python3.7/site-packages/airflow/example_dags/example_task_group.py
[2022-12-19T19:59:41.881+0000] {processor.py:743} INFO - Processing file /home/airflow/.local/lib/python3.7/site-packages/airflow/example_dags/example_task_group.py for tasks to queue
[2022-12-19T19:59:41.882+0000] {logging_mixin.py:137} INFO - [2022-12-19T19:59:41.881+0000] {dagbag.py:538} INFO - Filling up the DagBag from /home/airflow/.local/lib/python3.7/site-packages/airflow/example_dags/example_task_group.py
[2022-12-19T19:59:41.900+0000] {processor.py:753} INFO - DAG(s) dict_keys(['example_task_group']) retrieved from /home/airflow/.local/lib/python3.7/site-packages/airflow/example_dags/example_task_group.py
[2022-12-19T19:59:41.989+0000] {logging_mixin.py:137} INFO - [2022-12-19T19:59:41.989+0000] {dag.py:2676} INFO - Sync 1 DAGs
[2022-12-19T19:59:42.017+0000] {logging_mixin.py:137} INFO - [2022-12-19T19:59:42.017+0000] {dag.py:3427} INFO - Setting next_dagrun for example_task_group to 2022-12-18T19:59:42.017282+00:00, run_after=2022-12-19T19:59:42.017282+00:00
[2022-12-19T19:59:42.075+0000] {processor.py:175} INFO - Processing /home/airflow/.local/lib/python3.7/site-packages/airflow/example_dags/example_task_group.py took 0.198 seconds
[2022-12-19T20:00:12.485+0000] {processor.py:153} INFO - Started process (PID=3767) to work on /home/airflow/.local/lib/python3.7/site-packages/airflow/example_dags/example_task_group.py
[2022-12-19T20:00:12.486+0000] {processor.py:743} INFO - Processing file /home/airflow/.local/lib/python3.7/site-packages/airflow/example_dags/example_task_group.py for tasks to queue
[2022-12-19T20:00:12.487+0000] {logging_mixin.py:137} INFO - [2022-12-19T20:00:12.487+0000] {dagbag.py:538} INFO - Filling up the DagBag from /home/airflow/.local/lib/python3.7/site-packages/airflow/example_dags/example_task_group.py
[2022-12-19T20:00:12.503+0000] {processor.py:753} INFO - DAG(s) dict_keys(['example_task_group']) retrieved from /home/airflow/.local/lib/python3.7/site-packages/airflow/example_dags/example_task_group.py
[2022-12-19T20:00:12.580+0000] {logging_mixin.py:137} INFO - [2022-12-19T20:00:12.580+0000] {dag.py:2676} INFO - Sync 1 DAGs
[2022-12-19T20:00:12.614+0000] {logging_mixin.py:137} INFO - [2022-12-19T20:00:12.613+0000] {dag.py:3427} INFO - Setting next_dagrun for example_task_group to 2022-12-18T20:00:12.613722+00:00, run_after=2022-12-19T20:00:12.613722+00:00
[2022-12-19T20:00:12.681+0000] {processor.py:175} INFO - Processing /home/airflow/.local/lib/python3.7/site-packages/airflow/example_dags/example_task_group.py took 0.199 seconds
[2022-12-19T20:00:42.947+0000] {processor.py:153} INFO - Started process (PID=3853) to work on /home/airflow/.local/lib/python3.7/site-packages/airflow/example_dags/example_task_group.py
[2022-12-19T20:00:42.948+0000] {processor.py:743} INFO - Processing file /home/airflow/.local/lib/python3.7/site-packages/airflow/example_dags/example_task_group.py for tasks to queue
[2022-12-19T20:00:42.949+0000] {logging_mixin.py:137} INFO - [2022-12-19T20:00:42.949+0000] {dagbag.py:538} INFO - Filling up the DagBag from /home/airflow/.local/lib/python3.7/site-packages/airflow/example_dags/example_task_group.py
[2022-12-19T20:00:42.974+0000] {processor.py:753} INFO - DAG(s) dict_keys(['example_task_group']) retrieved from /home/airflow/.local/lib/python3.7/site-packages/airflow/example_dags/example_task_group.py
[2022-12-19T20:00:43.014+0000] {logging_mixin.py:137} INFO - [2022-12-19T20:00:43.014+0000] {dag.py:2676} INFO - Sync 1 DAGs
[2022-12-19T20:00:43.046+0000] {logging_mixin.py:137} INFO - [2022-12-19T20:00:43.045+0000] {dag.py:3427} INFO - Setting next_dagrun for example_task_group to 2022-12-18T20:00:43.045670+00:00, run_after=2022-12-19T20:00:43.045670+00:00
[2022-12-19T20:00:43.076+0000] {processor.py:175} INFO - Processing /home/airflow/.local/lib/python3.7/site-packages/airflow/example_dags/example_task_group.py took 0.131 seconds
[2022-12-19T20:01:13.099+0000] {processor.py:153} INFO - Started process (PID=3938) to work on /home/airflow/.local/lib/python3.7/site-packages/airflow/example_dags/example_task_group.py
[2022-12-19T20:01:13.100+0000] {processor.py:743} INFO - Processing file /home/airflow/.local/lib/python3.7/site-packages/airflow/example_dags/example_task_group.py for tasks to queue
[2022-12-19T20:01:13.101+0000] {logging_mixin.py:137} INFO - [2022-12-19T20:01:13.101+0000] {dagbag.py:538} INFO - Filling up the DagBag from /home/airflow/.local/lib/python3.7/site-packages/airflow/example_dags/example_task_group.py
[2022-12-19T20:01:13.118+0000] {processor.py:753} INFO - DAG(s) dict_keys(['example_task_group']) retrieved from /home/airflow/.local/lib/python3.7/site-packages/airflow/example_dags/example_task_group.py
[2022-12-19T20:01:13.158+0000] {logging_mixin.py:137} INFO - [2022-12-19T20:01:13.158+0000] {dag.py:2676} INFO - Sync 1 DAGs
[2022-12-19T20:01:13.189+0000] {logging_mixin.py:137} INFO - [2022-12-19T20:01:13.188+0000] {dag.py:3427} INFO - Setting next_dagrun for example_task_group to 2022-12-18T20:01:13.188612+00:00, run_after=2022-12-19T20:01:13.188612+00:00
[2022-12-19T20:01:13.210+0000] {processor.py:175} INFO - Processing /home/airflow/.local/lib/python3.7/site-packages/airflow/example_dags/example_task_group.py took 0.113 seconds
[2022-12-19T20:01:43.272+0000] {processor.py:153} INFO - Started process (PID=4049) to work on /home/airflow/.local/lib/python3.7/site-packages/airflow/example_dags/example_task_group.py
[2022-12-19T20:01:43.273+0000] {processor.py:743} INFO - Processing file /home/airflow/.local/lib/python3.7/site-packages/airflow/example_dags/example_task_group.py for tasks to queue
[2022-12-19T20:01:43.274+0000] {logging_mixin.py:137} INFO - [2022-12-19T20:01:43.274+0000] {dagbag.py:538} INFO - Filling up the DagBag from /home/airflow/.local/lib/python3.7/site-packages/airflow/example_dags/example_task_group.py
[2022-12-19T20:01:43.291+0000] {processor.py:753} INFO - DAG(s) dict_keys(['example_task_group']) retrieved from /home/airflow/.local/lib/python3.7/site-packages/airflow/example_dags/example_task_group.py
[2022-12-19T20:01:43.339+0000] {logging_mixin.py:137} INFO - [2022-12-19T20:01:43.338+0000] {dag.py:2676} INFO - Sync 1 DAGs
[2022-12-19T20:01:43.379+0000] {logging_mixin.py:137} INFO - [2022-12-19T20:01:43.379+0000] {dag.py:3427} INFO - Setting next_dagrun for example_task_group to 2022-12-18T20:01:43.379275+00:00, run_after=2022-12-19T20:01:43.379275+00:00
[2022-12-19T20:01:43.411+0000] {processor.py:175} INFO - Processing /home/airflow/.local/lib/python3.7/site-packages/airflow/example_dags/example_task_group.py took 0.142 seconds
[2022-12-19T20:02:13.868+0000] {processor.py:153} INFO - Started process (PID=4136) to work on /home/airflow/.local/lib/python3.7/site-packages/airflow/example_dags/example_task_group.py
[2022-12-19T20:02:13.869+0000] {processor.py:743} INFO - Processing file /home/airflow/.local/lib/python3.7/site-packages/airflow/example_dags/example_task_group.py for tasks to queue
[2022-12-19T20:02:13.869+0000] {logging_mixin.py:137} INFO - [2022-12-19T20:02:13.869+0000] {dagbag.py:538} INFO - Filling up the DagBag from /home/airflow/.local/lib/python3.7/site-packages/airflow/example_dags/example_task_group.py
[2022-12-19T20:02:13.886+0000] {processor.py:753} INFO - DAG(s) dict_keys(['example_task_group']) retrieved from /home/airflow/.local/lib/python3.7/site-packages/airflow/example_dags/example_task_group.py
[2022-12-19T20:02:13.931+0000] {logging_mixin.py:137} INFO - [2022-12-19T20:02:13.931+0000] {dag.py:2676} INFO - Sync 1 DAGs
[2022-12-19T20:02:13.963+0000] {logging_mixin.py:137} INFO - [2022-12-19T20:02:13.963+0000] {dag.py:3427} INFO - Setting next_dagrun for example_task_group to 2022-12-18T20:02:13.963179+00:00, run_after=2022-12-19T20:02:13.963179+00:00
[2022-12-19T20:02:13.985+0000] {processor.py:175} INFO - Processing /home/airflow/.local/lib/python3.7/site-packages/airflow/example_dags/example_task_group.py took 0.120 seconds
[2022-12-19T20:02:44.277+0000] {processor.py:153} INFO - Started process (PID=4222) to work on /home/airflow/.local/lib/python3.7/site-packages/airflow/example_dags/example_task_group.py
[2022-12-19T20:02:44.278+0000] {processor.py:743} INFO - Processing file /home/airflow/.local/lib/python3.7/site-packages/airflow/example_dags/example_task_group.py for tasks to queue
[2022-12-19T20:02:44.279+0000] {logging_mixin.py:137} INFO - [2022-12-19T20:02:44.279+0000] {dagbag.py:538} INFO - Filling up the DagBag from /home/airflow/.local/lib/python3.7/site-packages/airflow/example_dags/example_task_group.py
[2022-12-19T20:02:44.301+0000] {processor.py:753} INFO - DAG(s) dict_keys(['example_task_group']) retrieved from /home/airflow/.local/lib/python3.7/site-packages/airflow/example_dags/example_task_group.py
[2022-12-19T20:02:44.350+0000] {logging_mixin.py:137} INFO - [2022-12-19T20:02:44.350+0000] {dag.py:2676} INFO - Sync 1 DAGs
[2022-12-19T20:02:44.394+0000] {logging_mixin.py:137} INFO - [2022-12-19T20:02:44.393+0000] {dag.py:3427} INFO - Setting next_dagrun for example_task_group to 2022-12-18T20:02:44.392152+00:00, run_after=2022-12-19T20:02:44.392152+00:00
[2022-12-19T20:02:44.423+0000] {processor.py:175} INFO - Processing /home/airflow/.local/lib/python3.7/site-packages/airflow/example_dags/example_task_group.py took 0.150 seconds
[2022-12-19T20:03:14.940+0000] {processor.py:153} INFO - Started process (PID=4333) to work on /home/airflow/.local/lib/python3.7/site-packages/airflow/example_dags/example_task_group.py
[2022-12-19T20:03:14.941+0000] {processor.py:743} INFO - Processing file /home/airflow/.local/lib/python3.7/site-packages/airflow/example_dags/example_task_group.py for tasks to queue
[2022-12-19T20:03:14.942+0000] {logging_mixin.py:137} INFO - [2022-12-19T20:03:14.942+0000] {dagbag.py:538} INFO - Filling up the DagBag from /home/airflow/.local/lib/python3.7/site-packages/airflow/example_dags/example_task_group.py
[2022-12-19T20:03:14.961+0000] {processor.py:753} INFO - DAG(s) dict_keys(['example_task_group']) retrieved from /home/airflow/.local/lib/python3.7/site-packages/airflow/example_dags/example_task_group.py
[2022-12-19T20:03:15.002+0000] {logging_mixin.py:137} INFO - [2022-12-19T20:03:15.002+0000] {dag.py:2676} INFO - Sync 1 DAGs
[2022-12-19T20:03:15.032+0000] {logging_mixin.py:137} INFO - [2022-12-19T20:03:15.032+0000] {dag.py:3427} INFO - Setting next_dagrun for example_task_group to 2022-12-18T20:03:15.032041+00:00, run_after=2022-12-19T20:03:15.032041+00:00
[2022-12-19T20:03:15.052+0000] {processor.py:175} INFO - Processing /home/airflow/.local/lib/python3.7/site-packages/airflow/example_dags/example_task_group.py took 0.115 seconds
[2022-12-19T20:03:45.732+0000] {processor.py:153} INFO - Started process (PID=4419) to work on /home/airflow/.local/lib/python3.7/site-packages/airflow/example_dags/example_task_group.py
[2022-12-19T20:03:45.733+0000] {processor.py:743} INFO - Processing file /home/airflow/.local/lib/python3.7/site-packages/airflow/example_dags/example_task_group.py for tasks to queue
[2022-12-19T20:03:45.734+0000] {logging_mixin.py:137} INFO - [2022-12-19T20:03:45.734+0000] {dagbag.py:538} INFO - Filling up the DagBag from /home/airflow/.local/lib/python3.7/site-packages/airflow/example_dags/example_task_group.py
[2022-12-19T20:03:45.762+0000] {processor.py:753} INFO - DAG(s) dict_keys(['example_task_group']) retrieved from /home/airflow/.local/lib/python3.7/site-packages/airflow/example_dags/example_task_group.py
[2022-12-19T20:03:45.837+0000] {logging_mixin.py:137} INFO - [2022-12-19T20:03:45.837+0000] {dag.py:2676} INFO - Sync 1 DAGs
[2022-12-19T20:03:45.879+0000] {logging_mixin.py:137} INFO - [2022-12-19T20:03:45.879+0000] {dag.py:3427} INFO - Setting next_dagrun for example_task_group to 2022-12-18T20:03:45.878702+00:00, run_after=2022-12-19T20:03:45.878702+00:00
[2022-12-19T20:03:45.910+0000] {processor.py:175} INFO - Processing /home/airflow/.local/lib/python3.7/site-packages/airflow/example_dags/example_task_group.py took 0.184 seconds
[2022-12-19T20:04:16.159+0000] {processor.py:153} INFO - Started process (PID=4515) to work on /home/airflow/.local/lib/python3.7/site-packages/airflow/example_dags/example_task_group.py
[2022-12-19T20:04:16.160+0000] {processor.py:743} INFO - Processing file /home/airflow/.local/lib/python3.7/site-packages/airflow/example_dags/example_task_group.py for tasks to queue
[2022-12-19T20:04:16.160+0000] {logging_mixin.py:137} INFO - [2022-12-19T20:04:16.160+0000] {dagbag.py:538} INFO - Filling up the DagBag from /home/airflow/.local/lib/python3.7/site-packages/airflow/example_dags/example_task_group.py
[2022-12-19T20:04:16.177+0000] {processor.py:753} INFO - DAG(s) dict_keys(['example_task_group']) retrieved from /home/airflow/.local/lib/python3.7/site-packages/airflow/example_dags/example_task_group.py
[2022-12-19T20:04:16.223+0000] {logging_mixin.py:137} INFO - [2022-12-19T20:04:16.223+0000] {dag.py:2676} INFO - Sync 1 DAGs
[2022-12-19T20:04:16.254+0000] {logging_mixin.py:137} INFO - [2022-12-19T20:04:16.253+0000] {dag.py:3427} INFO - Setting next_dagrun for example_task_group to 2022-12-18T20:04:16.253562+00:00, run_after=2022-12-19T20:04:16.253562+00:00
[2022-12-19T20:04:16.276+0000] {processor.py:175} INFO - Processing /home/airflow/.local/lib/python3.7/site-packages/airflow/example_dags/example_task_group.py took 0.120 seconds
[2022-12-19T20:04:46.781+0000] {processor.py:153} INFO - Started process (PID=4616) to work on /home/airflow/.local/lib/python3.7/site-packages/airflow/example_dags/example_task_group.py
[2022-12-19T20:04:46.782+0000] {processor.py:743} INFO - Processing file /home/airflow/.local/lib/python3.7/site-packages/airflow/example_dags/example_task_group.py for tasks to queue
[2022-12-19T20:04:46.782+0000] {logging_mixin.py:137} INFO - [2022-12-19T20:04:46.782+0000] {dagbag.py:538} INFO - Filling up the DagBag from /home/airflow/.local/lib/python3.7/site-packages/airflow/example_dags/example_task_group.py
[2022-12-19T20:04:46.801+0000] {processor.py:753} INFO - DAG(s) dict_keys(['example_task_group']) retrieved from /home/airflow/.local/lib/python3.7/site-packages/airflow/example_dags/example_task_group.py
[2022-12-19T20:04:46.848+0000] {logging_mixin.py:137} INFO - [2022-12-19T20:04:46.848+0000] {dag.py:2676} INFO - Sync 1 DAGs
[2022-12-19T20:04:46.878+0000] {logging_mixin.py:137} INFO - [2022-12-19T20:04:46.878+0000] {dag.py:3427} INFO - Setting next_dagrun for example_task_group to 2022-12-18T20:04:46.878114+00:00, run_after=2022-12-19T20:04:46.878114+00:00
[2022-12-19T20:04:46.906+0000] {processor.py:175} INFO - Processing /home/airflow/.local/lib/python3.7/site-packages/airflow/example_dags/example_task_group.py took 0.128 seconds
[2022-12-19T20:05:17.163+0000] {processor.py:153} INFO - Started process (PID=4702) to work on /home/airflow/.local/lib/python3.7/site-packages/airflow/example_dags/example_task_group.py
[2022-12-19T20:05:17.164+0000] {processor.py:743} INFO - Processing file /home/airflow/.local/lib/python3.7/site-packages/airflow/example_dags/example_task_group.py for tasks to queue
[2022-12-19T20:05:17.165+0000] {logging_mixin.py:137} INFO - [2022-12-19T20:05:17.165+0000] {dagbag.py:538} INFO - Filling up the DagBag from /home/airflow/.local/lib/python3.7/site-packages/airflow/example_dags/example_task_group.py
[2022-12-19T20:05:17.184+0000] {processor.py:753} INFO - DAG(s) dict_keys(['example_task_group']) retrieved from /home/airflow/.local/lib/python3.7/site-packages/airflow/example_dags/example_task_group.py
[2022-12-19T20:05:17.227+0000] {logging_mixin.py:137} INFO - [2022-12-19T20:05:17.226+0000] {dag.py:2676} INFO - Sync 1 DAGs
[2022-12-19T20:05:17.259+0000] {logging_mixin.py:137} INFO - [2022-12-19T20:05:17.259+0000] {dag.py:3427} INFO - Setting next_dagrun for example_task_group to 2022-12-18T20:05:17.259552+00:00, run_after=2022-12-19T20:05:17.259552+00:00
[2022-12-19T20:05:17.282+0000] {processor.py:175} INFO - Processing /home/airflow/.local/lib/python3.7/site-packages/airflow/example_dags/example_task_group.py took 0.122 seconds
[2022-12-19T20:05:47.548+0000] {processor.py:153} INFO - Started process (PID=4812) to work on /home/airflow/.local/lib/python3.7/site-packages/airflow/example_dags/example_task_group.py
[2022-12-19T20:05:47.549+0000] {processor.py:743} INFO - Processing file /home/airflow/.local/lib/python3.7/site-packages/airflow/example_dags/example_task_group.py for tasks to queue
[2022-12-19T20:05:47.549+0000] {logging_mixin.py:137} INFO - [2022-12-19T20:05:47.549+0000] {dagbag.py:538} INFO - Filling up the DagBag from /home/airflow/.local/lib/python3.7/site-packages/airflow/example_dags/example_task_group.py
[2022-12-19T20:05:47.565+0000] {processor.py:753} INFO - DAG(s) dict_keys(['example_task_group']) retrieved from /home/airflow/.local/lib/python3.7/site-packages/airflow/example_dags/example_task_group.py
[2022-12-19T20:05:47.618+0000] {logging_mixin.py:137} INFO - [2022-12-19T20:05:47.617+0000] {dag.py:2676} INFO - Sync 1 DAGs
[2022-12-19T20:05:47.646+0000] {logging_mixin.py:137} INFO - [2022-12-19T20:05:47.646+0000] {dag.py:3427} INFO - Setting next_dagrun for example_task_group to 2022-12-18T20:05:47.645795+00:00, run_after=2022-12-19T20:05:47.645795+00:00
[2022-12-19T20:05:47.669+0000] {processor.py:175} INFO - Processing /home/airflow/.local/lib/python3.7/site-packages/airflow/example_dags/example_task_group.py took 0.125 seconds
[2022-12-19T20:06:18.044+0000] {processor.py:153} INFO - Started process (PID=4898) to work on /home/airflow/.local/lib/python3.7/site-packages/airflow/example_dags/example_task_group.py
[2022-12-19T20:06:18.045+0000] {processor.py:743} INFO - Processing file /home/airflow/.local/lib/python3.7/site-packages/airflow/example_dags/example_task_group.py for tasks to queue
[2022-12-19T20:06:18.046+0000] {logging_mixin.py:137} INFO - [2022-12-19T20:06:18.046+0000] {dagbag.py:538} INFO - Filling up the DagBag from /home/airflow/.local/lib/python3.7/site-packages/airflow/example_dags/example_task_group.py
[2022-12-19T20:06:18.065+0000] {processor.py:753} INFO - DAG(s) dict_keys(['example_task_group']) retrieved from /home/airflow/.local/lib/python3.7/site-packages/airflow/example_dags/example_task_group.py
[2022-12-19T20:06:18.112+0000] {logging_mixin.py:137} INFO - [2022-12-19T20:06:18.112+0000] {dag.py:2676} INFO - Sync 1 DAGs
[2022-12-19T20:06:18.143+0000] {logging_mixin.py:137} INFO - [2022-12-19T20:06:18.143+0000] {dag.py:3427} INFO - Setting next_dagrun for example_task_group to 2022-12-18T20:06:18.143178+00:00, run_after=2022-12-19T20:06:18.143178+00:00
[2022-12-19T20:06:18.168+0000] {processor.py:175} INFO - Processing /home/airflow/.local/lib/python3.7/site-packages/airflow/example_dags/example_task_group.py took 0.128 seconds
[2022-12-19T20:06:48.782+0000] {processor.py:153} INFO - Started process (PID=4984) to work on /home/airflow/.local/lib/python3.7/site-packages/airflow/example_dags/example_task_group.py
[2022-12-19T20:06:48.783+0000] {processor.py:743} INFO - Processing file /home/airflow/.local/lib/python3.7/site-packages/airflow/example_dags/example_task_group.py for tasks to queue
[2022-12-19T20:06:48.783+0000] {logging_mixin.py:137} INFO - [2022-12-19T20:06:48.783+0000] {dagbag.py:538} INFO - Filling up the DagBag from /home/airflow/.local/lib/python3.7/site-packages/airflow/example_dags/example_task_group.py
[2022-12-19T20:06:48.803+0000] {processor.py:753} INFO - DAG(s) dict_keys(['example_task_group']) retrieved from /home/airflow/.local/lib/python3.7/site-packages/airflow/example_dags/example_task_group.py
[2022-12-19T20:06:48.852+0000] {logging_mixin.py:137} INFO - [2022-12-19T20:06:48.851+0000] {dag.py:2676} INFO - Sync 1 DAGs
[2022-12-19T20:06:48.888+0000] {logging_mixin.py:137} INFO - [2022-12-19T20:06:48.887+0000] {dag.py:3427} INFO - Setting next_dagrun for example_task_group to 2022-12-18T20:06:48.887511+00:00, run_after=2022-12-19T20:06:48.887511+00:00
[2022-12-19T20:06:48.917+0000] {processor.py:175} INFO - Processing /home/airflow/.local/lib/python3.7/site-packages/airflow/example_dags/example_task_group.py took 0.139 seconds
[2022-12-19T20:07:19.275+0000] {processor.py:153} INFO - Started process (PID=5095) to work on /home/airflow/.local/lib/python3.7/site-packages/airflow/example_dags/example_task_group.py
[2022-12-19T20:07:19.276+0000] {processor.py:743} INFO - Processing file /home/airflow/.local/lib/python3.7/site-packages/airflow/example_dags/example_task_group.py for tasks to queue
[2022-12-19T20:07:19.277+0000] {logging_mixin.py:137} INFO - [2022-12-19T20:07:19.277+0000] {dagbag.py:538} INFO - Filling up the DagBag from /home/airflow/.local/lib/python3.7/site-packages/airflow/example_dags/example_task_group.py
[2022-12-19T20:07:19.298+0000] {processor.py:753} INFO - DAG(s) dict_keys(['example_task_group']) retrieved from /home/airflow/.local/lib/python3.7/site-packages/airflow/example_dags/example_task_group.py
[2022-12-19T20:07:19.350+0000] {logging_mixin.py:137} INFO - [2022-12-19T20:07:19.350+0000] {dag.py:2676} INFO - Sync 1 DAGs
[2022-12-19T20:07:19.383+0000] {logging_mixin.py:137} INFO - [2022-12-19T20:07:19.383+0000] {dag.py:3427} INFO - Setting next_dagrun for example_task_group to 2022-12-18T20:07:19.383083+00:00, run_after=2022-12-19T20:07:19.383083+00:00
[2022-12-19T20:07:19.405+0000] {processor.py:175} INFO - Processing /home/airflow/.local/lib/python3.7/site-packages/airflow/example_dags/example_task_group.py took 0.133 seconds
[2022-12-19T20:07:50.242+0000] {processor.py:153} INFO - Started process (PID=5181) to work on /home/airflow/.local/lib/python3.7/site-packages/airflow/example_dags/example_task_group.py
[2022-12-19T20:07:50.243+0000] {processor.py:743} INFO - Processing file /home/airflow/.local/lib/python3.7/site-packages/airflow/example_dags/example_task_group.py for tasks to queue
[2022-12-19T20:07:50.243+0000] {logging_mixin.py:137} INFO - [2022-12-19T20:07:50.243+0000] {dagbag.py:538} INFO - Filling up the DagBag from /home/airflow/.local/lib/python3.7/site-packages/airflow/example_dags/example_task_group.py
[2022-12-19T20:07:50.263+0000] {processor.py:753} INFO - DAG(s) dict_keys(['example_task_group']) retrieved from /home/airflow/.local/lib/python3.7/site-packages/airflow/example_dags/example_task_group.py
[2022-12-19T20:07:50.315+0000] {logging_mixin.py:137} INFO - [2022-12-19T20:07:50.315+0000] {dag.py:2676} INFO - Sync 1 DAGs
[2022-12-19T20:07:50.352+0000] {logging_mixin.py:137} INFO - [2022-12-19T20:07:50.352+0000] {dag.py:3427} INFO - Setting next_dagrun for example_task_group to 2022-12-18T20:07:50.352209+00:00, run_after=2022-12-19T20:07:50.352209+00:00
[2022-12-19T20:07:50.376+0000] {processor.py:175} INFO - Processing /home/airflow/.local/lib/python3.7/site-packages/airflow/example_dags/example_task_group.py took 0.137 seconds
[2022-12-19T20:08:20.808+0000] {processor.py:153} INFO - Started process (PID=5267) to work on /home/airflow/.local/lib/python3.7/site-packages/airflow/example_dags/example_task_group.py
[2022-12-19T20:08:20.809+0000] {processor.py:743} INFO - Processing file /home/airflow/.local/lib/python3.7/site-packages/airflow/example_dags/example_task_group.py for tasks to queue
[2022-12-19T20:08:20.810+0000] {logging_mixin.py:137} INFO - [2022-12-19T20:08:20.809+0000] {dagbag.py:538} INFO - Filling up the DagBag from /home/airflow/.local/lib/python3.7/site-packages/airflow/example_dags/example_task_group.py
[2022-12-19T20:08:20.827+0000] {processor.py:753} INFO - DAG(s) dict_keys(['example_task_group']) retrieved from /home/airflow/.local/lib/python3.7/site-packages/airflow/example_dags/example_task_group.py
[2022-12-19T20:08:20.868+0000] {logging_mixin.py:137} INFO - [2022-12-19T20:08:20.868+0000] {dag.py:2676} INFO - Sync 1 DAGs
[2022-12-19T20:08:20.898+0000] {logging_mixin.py:137} INFO - [2022-12-19T20:08:20.898+0000] {dag.py:3427} INFO - Setting next_dagrun for example_task_group to 2022-12-18T20:08:20.898090+00:00, run_after=2022-12-19T20:08:20.898090+00:00
[2022-12-19T20:08:20.922+0000] {processor.py:175} INFO - Processing /home/airflow/.local/lib/python3.7/site-packages/airflow/example_dags/example_task_group.py took 0.117 seconds
[2022-12-19T20:08:51.216+0000] {processor.py:153} INFO - Started process (PID=5377) to work on /home/airflow/.local/lib/python3.7/site-packages/airflow/example_dags/example_task_group.py
[2022-12-19T20:08:51.217+0000] {processor.py:743} INFO - Processing file /home/airflow/.local/lib/python3.7/site-packages/airflow/example_dags/example_task_group.py for tasks to queue
[2022-12-19T20:08:51.218+0000] {logging_mixin.py:137} INFO - [2022-12-19T20:08:51.218+0000] {dagbag.py:538} INFO - Filling up the DagBag from /home/airflow/.local/lib/python3.7/site-packages/airflow/example_dags/example_task_group.py
[2022-12-19T20:08:51.234+0000] {processor.py:753} INFO - DAG(s) dict_keys(['example_task_group']) retrieved from /home/airflow/.local/lib/python3.7/site-packages/airflow/example_dags/example_task_group.py
[2022-12-19T20:08:51.273+0000] {logging_mixin.py:137} INFO - [2022-12-19T20:08:51.273+0000] {dag.py:2676} INFO - Sync 1 DAGs
[2022-12-19T20:08:51.302+0000] {logging_mixin.py:137} INFO - [2022-12-19T20:08:51.302+0000] {dag.py:3427} INFO - Setting next_dagrun for example_task_group to 2022-12-18T20:08:51.301864+00:00, run_after=2022-12-19T20:08:51.301864+00:00
[2022-12-19T20:08:51.325+0000] {processor.py:175} INFO - Processing /home/airflow/.local/lib/python3.7/site-packages/airflow/example_dags/example_task_group.py took 0.111 seconds
[2022-12-19T20:09:21.730+0000] {processor.py:153} INFO - Started process (PID=5463) to work on /home/airflow/.local/lib/python3.7/site-packages/airflow/example_dags/example_task_group.py
[2022-12-19T20:09:21.731+0000] {processor.py:743} INFO - Processing file /home/airflow/.local/lib/python3.7/site-packages/airflow/example_dags/example_task_group.py for tasks to queue
[2022-12-19T20:09:21.732+0000] {logging_mixin.py:137} INFO - [2022-12-19T20:09:21.732+0000] {dagbag.py:538} INFO - Filling up the DagBag from /home/airflow/.local/lib/python3.7/site-packages/airflow/example_dags/example_task_group.py
[2022-12-19T20:09:21.750+0000] {processor.py:753} INFO - DAG(s) dict_keys(['example_task_group']) retrieved from /home/airflow/.local/lib/python3.7/site-packages/airflow/example_dags/example_task_group.py
[2022-12-19T20:09:21.800+0000] {logging_mixin.py:137} INFO - [2022-12-19T20:09:21.800+0000] {dag.py:2676} INFO - Sync 1 DAGs
[2022-12-19T20:09:21.834+0000] {logging_mixin.py:137} INFO - [2022-12-19T20:09:21.834+0000] {dag.py:3427} INFO - Setting next_dagrun for example_task_group to 2022-12-18T20:09:21.834324+00:00, run_after=2022-12-19T20:09:21.834324+00:00
[2022-12-19T20:09:21.869+0000] {processor.py:175} INFO - Processing /home/airflow/.local/lib/python3.7/site-packages/airflow/example_dags/example_task_group.py took 0.142 seconds
[2022-12-19T20:09:52.021+0000] {processor.py:153} INFO - Started process (PID=5549) to work on /home/airflow/.local/lib/python3.7/site-packages/airflow/example_dags/example_task_group.py
[2022-12-19T20:09:52.022+0000] {processor.py:743} INFO - Processing file /home/airflow/.local/lib/python3.7/site-packages/airflow/example_dags/example_task_group.py for tasks to queue
[2022-12-19T20:09:52.023+0000] {logging_mixin.py:137} INFO - [2022-12-19T20:09:52.023+0000] {dagbag.py:538} INFO - Filling up the DagBag from /home/airflow/.local/lib/python3.7/site-packages/airflow/example_dags/example_task_group.py
[2022-12-19T20:09:52.041+0000] {processor.py:753} INFO - DAG(s) dict_keys(['example_task_group']) retrieved from /home/airflow/.local/lib/python3.7/site-packages/airflow/example_dags/example_task_group.py
[2022-12-19T20:09:52.084+0000] {logging_mixin.py:137} INFO - [2022-12-19T20:09:52.084+0000] {dag.py:2676} INFO - Sync 1 DAGs
[2022-12-19T20:09:52.115+0000] {logging_mixin.py:137} INFO - [2022-12-19T20:09:52.115+0000] {dag.py:3427} INFO - Setting next_dagrun for example_task_group to 2022-12-18T20:09:52.115341+00:00, run_after=2022-12-19T20:09:52.115341+00:00
[2022-12-19T20:09:52.138+0000] {processor.py:175} INFO - Processing /home/airflow/.local/lib/python3.7/site-packages/airflow/example_dags/example_task_group.py took 0.121 seconds
[2022-12-19T20:10:22.243+0000] {processor.py:153} INFO - Started process (PID=5659) to work on /home/airflow/.local/lib/python3.7/site-packages/airflow/example_dags/example_task_group.py
[2022-12-19T20:10:22.244+0000] {processor.py:743} INFO - Processing file /home/airflow/.local/lib/python3.7/site-packages/airflow/example_dags/example_task_group.py for tasks to queue
[2022-12-19T20:10:22.244+0000] {logging_mixin.py:137} INFO - [2022-12-19T20:10:22.244+0000] {dagbag.py:538} INFO - Filling up the DagBag from /home/airflow/.local/lib/python3.7/site-packages/airflow/example_dags/example_task_group.py
[2022-12-19T20:10:22.261+0000] {processor.py:753} INFO - DAG(s) dict_keys(['example_task_group']) retrieved from /home/airflow/.local/lib/python3.7/site-packages/airflow/example_dags/example_task_group.py
[2022-12-19T20:10:22.303+0000] {logging_mixin.py:137} INFO - [2022-12-19T20:10:22.303+0000] {dag.py:2676} INFO - Sync 1 DAGs
[2022-12-19T20:10:22.330+0000] {logging_mixin.py:137} INFO - [2022-12-19T20:10:22.330+0000] {dag.py:3427} INFO - Setting next_dagrun for example_task_group to 2022-12-18T20:10:22.330126+00:00, run_after=2022-12-19T20:10:22.330126+00:00
[2022-12-19T20:10:22.350+0000] {processor.py:175} INFO - Processing /home/airflow/.local/lib/python3.7/site-packages/airflow/example_dags/example_task_group.py took 0.111 seconds
[2022-12-19T20:10:52.529+0000] {processor.py:153} INFO - Started process (PID=5745) to work on /home/airflow/.local/lib/python3.7/site-packages/airflow/example_dags/example_task_group.py
[2022-12-19T20:10:52.530+0000] {processor.py:743} INFO - Processing file /home/airflow/.local/lib/python3.7/site-packages/airflow/example_dags/example_task_group.py for tasks to queue
[2022-12-19T20:10:52.531+0000] {logging_mixin.py:137} INFO - [2022-12-19T20:10:52.531+0000] {dagbag.py:538} INFO - Filling up the DagBag from /home/airflow/.local/lib/python3.7/site-packages/airflow/example_dags/example_task_group.py
[2022-12-19T20:10:52.549+0000] {processor.py:753} INFO - DAG(s) dict_keys(['example_task_group']) retrieved from /home/airflow/.local/lib/python3.7/site-packages/airflow/example_dags/example_task_group.py
[2022-12-19T20:10:52.592+0000] {logging_mixin.py:137} INFO - [2022-12-19T20:10:52.592+0000] {dag.py:2676} INFO - Sync 1 DAGs
[2022-12-19T20:10:52.623+0000] {logging_mixin.py:137} INFO - [2022-12-19T20:10:52.623+0000] {dag.py:3427} INFO - Setting next_dagrun for example_task_group to 2022-12-18T20:10:52.623187+00:00, run_after=2022-12-19T20:10:52.623187+00:00
[2022-12-19T20:10:52.649+0000] {processor.py:175} INFO - Processing /home/airflow/.local/lib/python3.7/site-packages/airflow/example_dags/example_task_group.py took 0.124 seconds
[2022-12-19T20:11:22.740+0000] {processor.py:153} INFO - Started process (PID=5840) to work on /home/airflow/.local/lib/python3.7/site-packages/airflow/example_dags/example_task_group.py
[2022-12-19T20:11:22.741+0000] {processor.py:743} INFO - Processing file /home/airflow/.local/lib/python3.7/site-packages/airflow/example_dags/example_task_group.py for tasks to queue
[2022-12-19T20:11:22.742+0000] {logging_mixin.py:137} INFO - [2022-12-19T20:11:22.742+0000] {dagbag.py:538} INFO - Filling up the DagBag from /home/airflow/.local/lib/python3.7/site-packages/airflow/example_dags/example_task_group.py
[2022-12-19T20:11:22.758+0000] {processor.py:753} INFO - DAG(s) dict_keys(['example_task_group']) retrieved from /home/airflow/.local/lib/python3.7/site-packages/airflow/example_dags/example_task_group.py
[2022-12-19T20:11:22.799+0000] {logging_mixin.py:137} INFO - [2022-12-19T20:11:22.799+0000] {dag.py:2676} INFO - Sync 1 DAGs
[2022-12-19T20:11:22.830+0000] {logging_mixin.py:137} INFO - [2022-12-19T20:11:22.830+0000] {dag.py:3427} INFO - Setting next_dagrun for example_task_group to 2022-12-18T20:11:22.829836+00:00, run_after=2022-12-19T20:11:22.829836+00:00
[2022-12-19T20:11:22.854+0000] {processor.py:175} INFO - Processing /home/airflow/.local/lib/python3.7/site-packages/airflow/example_dags/example_task_group.py took 0.118 seconds
[2022-12-19T20:11:52.932+0000] {processor.py:153} INFO - Started process (PID=5942) to work on /home/airflow/.local/lib/python3.7/site-packages/airflow/example_dags/example_task_group.py
[2022-12-19T20:11:52.933+0000] {processor.py:743} INFO - Processing file /home/airflow/.local/lib/python3.7/site-packages/airflow/example_dags/example_task_group.py for tasks to queue
[2022-12-19T20:11:52.933+0000] {logging_mixin.py:137} INFO - [2022-12-19T20:11:52.933+0000] {dagbag.py:538} INFO - Filling up the DagBag from /home/airflow/.local/lib/python3.7/site-packages/airflow/example_dags/example_task_group.py
[2022-12-19T20:11:52.950+0000] {processor.py:753} INFO - DAG(s) dict_keys(['example_task_group']) retrieved from /home/airflow/.local/lib/python3.7/site-packages/airflow/example_dags/example_task_group.py
[2022-12-19T20:11:52.992+0000] {logging_mixin.py:137} INFO - [2022-12-19T20:11:52.992+0000] {dag.py:2676} INFO - Sync 1 DAGs
[2022-12-19T20:11:53.022+0000] {logging_mixin.py:137} INFO - [2022-12-19T20:11:53.022+0000] {dag.py:3427} INFO - Setting next_dagrun for example_task_group to 2022-12-18T20:11:53.022200+00:00, run_after=2022-12-19T20:11:53.022200+00:00
[2022-12-19T20:11:53.044+0000] {processor.py:175} INFO - Processing /home/airflow/.local/lib/python3.7/site-packages/airflow/example_dags/example_task_group.py took 0.115 seconds
[2022-12-19T20:12:23.410+0000] {processor.py:153} INFO - Started process (PID=6028) to work on /home/airflow/.local/lib/python3.7/site-packages/airflow/example_dags/example_task_group.py
[2022-12-19T20:12:23.411+0000] {processor.py:743} INFO - Processing file /home/airflow/.local/lib/python3.7/site-packages/airflow/example_dags/example_task_group.py for tasks to queue
[2022-12-19T20:12:23.412+0000] {logging_mixin.py:137} INFO - [2022-12-19T20:12:23.412+0000] {dagbag.py:538} INFO - Filling up the DagBag from /home/airflow/.local/lib/python3.7/site-packages/airflow/example_dags/example_task_group.py
[2022-12-19T20:12:23.430+0000] {processor.py:753} INFO - DAG(s) dict_keys(['example_task_group']) retrieved from /home/airflow/.local/lib/python3.7/site-packages/airflow/example_dags/example_task_group.py
[2022-12-19T20:12:23.476+0000] {logging_mixin.py:137} INFO - [2022-12-19T20:12:23.476+0000] {dag.py:2676} INFO - Sync 1 DAGs
[2022-12-19T20:12:23.509+0000] {logging_mixin.py:137} INFO - [2022-12-19T20:12:23.509+0000] {dag.py:3427} INFO - Setting next_dagrun for example_task_group to 2022-12-18T20:12:23.509387+00:00, run_after=2022-12-19T20:12:23.509387+00:00
[2022-12-19T20:12:23.531+0000] {processor.py:175} INFO - Processing /home/airflow/.local/lib/python3.7/site-packages/airflow/example_dags/example_task_group.py took 0.124 seconds
[2022-12-19T20:12:53.569+0000] {processor.py:153} INFO - Started process (PID=6137) to work on /home/airflow/.local/lib/python3.7/site-packages/airflow/example_dags/example_task_group.py
[2022-12-19T20:12:53.570+0000] {processor.py:743} INFO - Processing file /home/airflow/.local/lib/python3.7/site-packages/airflow/example_dags/example_task_group.py for tasks to queue
[2022-12-19T20:12:53.571+0000] {logging_mixin.py:137} INFO - [2022-12-19T20:12:53.571+0000] {dagbag.py:538} INFO - Filling up the DagBag from /home/airflow/.local/lib/python3.7/site-packages/airflow/example_dags/example_task_group.py
[2022-12-19T20:12:53.589+0000] {processor.py:753} INFO - DAG(s) dict_keys(['example_task_group']) retrieved from /home/airflow/.local/lib/python3.7/site-packages/airflow/example_dags/example_task_group.py
[2022-12-19T20:12:53.635+0000] {logging_mixin.py:137} INFO - [2022-12-19T20:12:53.635+0000] {dag.py:2676} INFO - Sync 1 DAGs
[2022-12-19T20:12:53.670+0000] {logging_mixin.py:137} INFO - [2022-12-19T20:12:53.670+0000] {dag.py:3427} INFO - Setting next_dagrun for example_task_group to 2022-12-18T20:12:53.670146+00:00, run_after=2022-12-19T20:12:53.670146+00:00
[2022-12-19T20:12:53.694+0000] {processor.py:175} INFO - Processing /home/airflow/.local/lib/python3.7/site-packages/airflow/example_dags/example_task_group.py took 0.129 seconds
[2022-12-19T20:13:24.096+0000] {processor.py:153} INFO - Started process (PID=6223) to work on /home/airflow/.local/lib/python3.7/site-packages/airflow/example_dags/example_task_group.py
[2022-12-19T20:13:24.097+0000] {processor.py:743} INFO - Processing file /home/airflow/.local/lib/python3.7/site-packages/airflow/example_dags/example_task_group.py for tasks to queue
[2022-12-19T20:13:24.097+0000] {logging_mixin.py:137} INFO - [2022-12-19T20:13:24.097+0000] {dagbag.py:538} INFO - Filling up the DagBag from /home/airflow/.local/lib/python3.7/site-packages/airflow/example_dags/example_task_group.py
[2022-12-19T20:13:24.114+0000] {processor.py:753} INFO - DAG(s) dict_keys(['example_task_group']) retrieved from /home/airflow/.local/lib/python3.7/site-packages/airflow/example_dags/example_task_group.py
[2022-12-19T20:13:24.153+0000] {logging_mixin.py:137} INFO - [2022-12-19T20:13:24.153+0000] {dag.py:2676} INFO - Sync 1 DAGs
[2022-12-19T20:13:24.184+0000] {logging_mixin.py:137} INFO - [2022-12-19T20:13:24.184+0000] {dag.py:3427} INFO - Setting next_dagrun for example_task_group to 2022-12-18T20:13:24.183805+00:00, run_after=2022-12-19T20:13:24.183805+00:00
[2022-12-19T20:13:24.205+0000] {processor.py:175} INFO - Processing /home/airflow/.local/lib/python3.7/site-packages/airflow/example_dags/example_task_group.py took 0.112 seconds
[2022-12-19T20:13:54.333+0000] {processor.py:153} INFO - Started process (PID=6309) to work on /home/airflow/.local/lib/python3.7/site-packages/airflow/example_dags/example_task_group.py
[2022-12-19T20:13:54.334+0000] {processor.py:743} INFO - Processing file /home/airflow/.local/lib/python3.7/site-packages/airflow/example_dags/example_task_group.py for tasks to queue
[2022-12-19T20:13:54.335+0000] {logging_mixin.py:137} INFO - [2022-12-19T20:13:54.335+0000] {dagbag.py:538} INFO - Filling up the DagBag from /home/airflow/.local/lib/python3.7/site-packages/airflow/example_dags/example_task_group.py
[2022-12-19T20:13:54.351+0000] {processor.py:753} INFO - DAG(s) dict_keys(['example_task_group']) retrieved from /home/airflow/.local/lib/python3.7/site-packages/airflow/example_dags/example_task_group.py
[2022-12-19T20:13:54.390+0000] {logging_mixin.py:137} INFO - [2022-12-19T20:13:54.390+0000] {dag.py:2676} INFO - Sync 1 DAGs
[2022-12-19T20:13:54.417+0000] {logging_mixin.py:137} INFO - [2022-12-19T20:13:54.416+0000] {dag.py:3427} INFO - Setting next_dagrun for example_task_group to 2022-12-18T20:13:54.416666+00:00, run_after=2022-12-19T20:13:54.416666+00:00
[2022-12-19T20:13:54.435+0000] {processor.py:175} INFO - Processing /home/airflow/.local/lib/python3.7/site-packages/airflow/example_dags/example_task_group.py took 0.105 seconds
[2022-12-19T20:14:24.736+0000] {processor.py:153} INFO - Started process (PID=6419) to work on /home/airflow/.local/lib/python3.7/site-packages/airflow/example_dags/example_task_group.py
[2022-12-19T20:14:24.736+0000] {processor.py:743} INFO - Processing file /home/airflow/.local/lib/python3.7/site-packages/airflow/example_dags/example_task_group.py for tasks to queue
[2022-12-19T20:14:24.737+0000] {logging_mixin.py:137} INFO - [2022-12-19T20:14:24.737+0000] {dagbag.py:538} INFO - Filling up the DagBag from /home/airflow/.local/lib/python3.7/site-packages/airflow/example_dags/example_task_group.py
[2022-12-19T20:14:24.754+0000] {processor.py:753} INFO - DAG(s) dict_keys(['example_task_group']) retrieved from /home/airflow/.local/lib/python3.7/site-packages/airflow/example_dags/example_task_group.py
[2022-12-19T20:14:24.796+0000] {logging_mixin.py:137} INFO - [2022-12-19T20:14:24.796+0000] {dag.py:2676} INFO - Sync 1 DAGs
[2022-12-19T20:14:24.825+0000] {logging_mixin.py:137} INFO - [2022-12-19T20:14:24.825+0000] {dag.py:3427} INFO - Setting next_dagrun for example_task_group to 2022-12-18T20:14:24.825141+00:00, run_after=2022-12-19T20:14:24.825141+00:00
[2022-12-19T20:14:24.844+0000] {processor.py:175} INFO - Processing /home/airflow/.local/lib/python3.7/site-packages/airflow/example_dags/example_task_group.py took 0.112 seconds
[2022-12-19T20:14:55.190+0000] {processor.py:153} INFO - Started process (PID=6505) to work on /home/airflow/.local/lib/python3.7/site-packages/airflow/example_dags/example_task_group.py
[2022-12-19T20:14:55.191+0000] {processor.py:743} INFO - Processing file /home/airflow/.local/lib/python3.7/site-packages/airflow/example_dags/example_task_group.py for tasks to queue
[2022-12-19T20:14:55.192+0000] {logging_mixin.py:137} INFO - [2022-12-19T20:14:55.192+0000] {dagbag.py:538} INFO - Filling up the DagBag from /home/airflow/.local/lib/python3.7/site-packages/airflow/example_dags/example_task_group.py
[2022-12-19T20:14:55.209+0000] {processor.py:753} INFO - DAG(s) dict_keys(['example_task_group']) retrieved from /home/airflow/.local/lib/python3.7/site-packages/airflow/example_dags/example_task_group.py
[2022-12-19T20:14:55.251+0000] {logging_mixin.py:137} INFO - [2022-12-19T20:14:55.251+0000] {dag.py:2676} INFO - Sync 1 DAGs
[2022-12-19T20:14:55.277+0000] {logging_mixin.py:137} INFO - [2022-12-19T20:14:55.277+0000] {dag.py:3427} INFO - Setting next_dagrun for example_task_group to 2022-12-18T20:14:55.277154+00:00, run_after=2022-12-19T20:14:55.277154+00:00
[2022-12-19T20:14:55.297+0000] {processor.py:175} INFO - Processing /home/airflow/.local/lib/python3.7/site-packages/airflow/example_dags/example_task_group.py took 0.110 seconds
[2022-12-19T20:15:25.432+0000] {processor.py:153} INFO - Started process (PID=6598) to work on /home/airflow/.local/lib/python3.7/site-packages/airflow/example_dags/example_task_group.py
[2022-12-19T20:15:25.433+0000] {processor.py:743} INFO - Processing file /home/airflow/.local/lib/python3.7/site-packages/airflow/example_dags/example_task_group.py for tasks to queue
[2022-12-19T20:15:25.434+0000] {logging_mixin.py:137} INFO - [2022-12-19T20:15:25.434+0000] {dagbag.py:538} INFO - Filling up the DagBag from /home/airflow/.local/lib/python3.7/site-packages/airflow/example_dags/example_task_group.py
[2022-12-19T20:15:25.453+0000] {processor.py:753} INFO - DAG(s) dict_keys(['example_task_group']) retrieved from /home/airflow/.local/lib/python3.7/site-packages/airflow/example_dags/example_task_group.py
[2022-12-19T20:15:25.498+0000] {logging_mixin.py:137} INFO - [2022-12-19T20:15:25.497+0000] {dag.py:2676} INFO - Sync 1 DAGs
[2022-12-19T20:15:25.530+0000] {logging_mixin.py:137} INFO - [2022-12-19T20:15:25.529+0000] {dag.py:3427} INFO - Setting next_dagrun for example_task_group to 2022-12-18T20:15:25.529591+00:00, run_after=2022-12-19T20:15:25.529591+00:00
[2022-12-19T20:15:25.556+0000] {processor.py:175} INFO - Processing /home/airflow/.local/lib/python3.7/site-packages/airflow/example_dags/example_task_group.py took 0.128 seconds
[2022-12-19T20:15:56.908+0000] {processor.py:153} INFO - Started process (PID=6701) to work on /home/airflow/.local/lib/python3.7/site-packages/airflow/example_dags/example_task_group.py
[2022-12-19T20:15:56.908+0000] {processor.py:743} INFO - Processing file /home/airflow/.local/lib/python3.7/site-packages/airflow/example_dags/example_task_group.py for tasks to queue
[2022-12-19T20:15:56.909+0000] {logging_mixin.py:137} INFO - [2022-12-19T20:15:56.909+0000] {dagbag.py:538} INFO - Filling up the DagBag from /home/airflow/.local/lib/python3.7/site-packages/airflow/example_dags/example_task_group.py
[2022-12-19T20:15:56.926+0000] {processor.py:753} INFO - DAG(s) dict_keys(['example_task_group']) retrieved from /home/airflow/.local/lib/python3.7/site-packages/airflow/example_dags/example_task_group.py
[2022-12-19T20:15:56.967+0000] {logging_mixin.py:137} INFO - [2022-12-19T20:15:56.967+0000] {dag.py:2676} INFO - Sync 1 DAGs
[2022-12-19T20:15:56.994+0000] {logging_mixin.py:137} INFO - [2022-12-19T20:15:56.993+0000] {dag.py:3427} INFO - Setting next_dagrun for example_task_group to 2022-12-18T20:15:56.993714+00:00, run_after=2022-12-19T20:15:56.993714+00:00
[2022-12-19T20:15:57.013+0000] {processor.py:175} INFO - Processing /home/airflow/.local/lib/python3.7/site-packages/airflow/example_dags/example_task_group.py took 0.109 seconds
[2022-12-19T20:16:27.153+0000] {processor.py:153} INFO - Started process (PID=6787) to work on /home/airflow/.local/lib/python3.7/site-packages/airflow/example_dags/example_task_group.py
[2022-12-19T20:16:27.154+0000] {processor.py:743} INFO - Processing file /home/airflow/.local/lib/python3.7/site-packages/airflow/example_dags/example_task_group.py for tasks to queue
[2022-12-19T20:16:27.154+0000] {logging_mixin.py:137} INFO - [2022-12-19T20:16:27.154+0000] {dagbag.py:538} INFO - Filling up the DagBag from /home/airflow/.local/lib/python3.7/site-packages/airflow/example_dags/example_task_group.py
[2022-12-19T20:16:27.173+0000] {processor.py:753} INFO - DAG(s) dict_keys(['example_task_group']) retrieved from /home/airflow/.local/lib/python3.7/site-packages/airflow/example_dags/example_task_group.py
[2022-12-19T20:16:27.223+0000] {logging_mixin.py:137} INFO - [2022-12-19T20:16:27.223+0000] {dag.py:2676} INFO - Sync 1 DAGs
[2022-12-19T20:16:27.263+0000] {logging_mixin.py:137} INFO - [2022-12-19T20:16:27.263+0000] {dag.py:3427} INFO - Setting next_dagrun for example_task_group to 2022-12-18T20:16:27.263358+00:00, run_after=2022-12-19T20:16:27.263358+00:00
[2022-12-19T20:16:27.287+0000] {processor.py:175} INFO - Processing /home/airflow/.local/lib/python3.7/site-packages/airflow/example_dags/example_task_group.py took 0.137 seconds
[2022-12-19T20:16:58.354+0000] {processor.py:153} INFO - Started process (PID=6898) to work on /home/airflow/.local/lib/python3.7/site-packages/airflow/example_dags/example_task_group.py
[2022-12-19T20:16:58.355+0000] {processor.py:743} INFO - Processing file /home/airflow/.local/lib/python3.7/site-packages/airflow/example_dags/example_task_group.py for tasks to queue
[2022-12-19T20:16:58.356+0000] {logging_mixin.py:137} INFO - [2022-12-19T20:16:58.356+0000] {dagbag.py:538} INFO - Filling up the DagBag from /home/airflow/.local/lib/python3.7/site-packages/airflow/example_dags/example_task_group.py
[2022-12-19T20:16:58.383+0000] {processor.py:753} INFO - DAG(s) dict_keys(['example_task_group']) retrieved from /home/airflow/.local/lib/python3.7/site-packages/airflow/example_dags/example_task_group.py
[2022-12-19T20:16:58.444+0000] {logging_mixin.py:137} INFO - [2022-12-19T20:16:58.444+0000] {dag.py:2676} INFO - Sync 1 DAGs
[2022-12-19T20:16:58.486+0000] {logging_mixin.py:137} INFO - [2022-12-19T20:16:58.486+0000] {dag.py:3427} INFO - Setting next_dagrun for example_task_group to 2022-12-18T20:16:58.485936+00:00, run_after=2022-12-19T20:16:58.485936+00:00
[2022-12-19T20:16:58.520+0000] {processor.py:175} INFO - Processing /home/airflow/.local/lib/python3.7/site-packages/airflow/example_dags/example_task_group.py took 0.177 seconds
[2022-12-19T20:17:28.836+0000] {processor.py:153} INFO - Started process (PID=6984) to work on /home/airflow/.local/lib/python3.7/site-packages/airflow/example_dags/example_task_group.py
[2022-12-19T20:17:28.837+0000] {processor.py:743} INFO - Processing file /home/airflow/.local/lib/python3.7/site-packages/airflow/example_dags/example_task_group.py for tasks to queue
[2022-12-19T20:17:28.838+0000] {logging_mixin.py:137} INFO - [2022-12-19T20:17:28.838+0000] {dagbag.py:538} INFO - Filling up the DagBag from /home/airflow/.local/lib/python3.7/site-packages/airflow/example_dags/example_task_group.py
[2022-12-19T20:17:28.862+0000] {processor.py:753} INFO - DAG(s) dict_keys(['example_task_group']) retrieved from /home/airflow/.local/lib/python3.7/site-packages/airflow/example_dags/example_task_group.py
[2022-12-19T20:17:28.921+0000] {logging_mixin.py:137} INFO - [2022-12-19T20:17:28.921+0000] {dag.py:2676} INFO - Sync 1 DAGs
[2022-12-19T20:17:28.966+0000] {logging_mixin.py:137} INFO - [2022-12-19T20:17:28.966+0000] {dag.py:3427} INFO - Setting next_dagrun for example_task_group to 2022-12-18T20:17:28.965746+00:00, run_after=2022-12-19T20:17:28.965746+00:00
[2022-12-19T20:17:28.997+0000] {processor.py:175} INFO - Processing /home/airflow/.local/lib/python3.7/site-packages/airflow/example_dags/example_task_group.py took 0.165 seconds
[2022-12-19T20:17:59.284+0000] {processor.py:153} INFO - Started process (PID=7070) to work on /home/airflow/.local/lib/python3.7/site-packages/airflow/example_dags/example_task_group.py
[2022-12-19T20:17:59.285+0000] {processor.py:743} INFO - Processing file /home/airflow/.local/lib/python3.7/site-packages/airflow/example_dags/example_task_group.py for tasks to queue
[2022-12-19T20:17:59.286+0000] {logging_mixin.py:137} INFO - [2022-12-19T20:17:59.286+0000] {dagbag.py:538} INFO - Filling up the DagBag from /home/airflow/.local/lib/python3.7/site-packages/airflow/example_dags/example_task_group.py
[2022-12-19T20:17:59.302+0000] {processor.py:753} INFO - DAG(s) dict_keys(['example_task_group']) retrieved from /home/airflow/.local/lib/python3.7/site-packages/airflow/example_dags/example_task_group.py
[2022-12-19T20:17:59.344+0000] {logging_mixin.py:137} INFO - [2022-12-19T20:17:59.344+0000] {dag.py:2676} INFO - Sync 1 DAGs
[2022-12-19T20:17:59.374+0000] {logging_mixin.py:137} INFO - [2022-12-19T20:17:59.373+0000] {dag.py:3427} INFO - Setting next_dagrun for example_task_group to 2022-12-18T20:17:59.373569+00:00, run_after=2022-12-19T20:17:59.373569+00:00
[2022-12-19T20:17:59.395+0000] {processor.py:175} INFO - Processing /home/airflow/.local/lib/python3.7/site-packages/airflow/example_dags/example_task_group.py took 0.114 seconds
[2022-12-19T20:18:29.473+0000] {processor.py:153} INFO - Started process (PID=7165) to work on /home/airflow/.local/lib/python3.7/site-packages/airflow/example_dags/example_task_group.py
[2022-12-19T20:18:29.474+0000] {processor.py:743} INFO - Processing file /home/airflow/.local/lib/python3.7/site-packages/airflow/example_dags/example_task_group.py for tasks to queue
[2022-12-19T20:18:29.475+0000] {logging_mixin.py:137} INFO - [2022-12-19T20:18:29.475+0000] {dagbag.py:538} INFO - Filling up the DagBag from /home/airflow/.local/lib/python3.7/site-packages/airflow/example_dags/example_task_group.py
[2022-12-19T20:18:29.491+0000] {processor.py:753} INFO - DAG(s) dict_keys(['example_task_group']) retrieved from /home/airflow/.local/lib/python3.7/site-packages/airflow/example_dags/example_task_group.py
[2022-12-19T20:18:29.533+0000] {logging_mixin.py:137} INFO - [2022-12-19T20:18:29.532+0000] {dag.py:2676} INFO - Sync 1 DAGs
[2022-12-19T20:18:29.565+0000] {logging_mixin.py:137} INFO - [2022-12-19T20:18:29.565+0000] {dag.py:3427} INFO - Setting next_dagrun for example_task_group to 2022-12-18T20:18:29.565273+00:00, run_after=2022-12-19T20:18:29.565273+00:00
[2022-12-19T20:18:29.587+0000] {processor.py:175} INFO - Processing /home/airflow/.local/lib/python3.7/site-packages/airflow/example_dags/example_task_group.py took 0.116 seconds
[2022-12-19T20:18:59.736+0000] {processor.py:153} INFO - Started process (PID=7266) to work on /home/airflow/.local/lib/python3.7/site-packages/airflow/example_dags/example_task_group.py
[2022-12-19T20:18:59.737+0000] {processor.py:743} INFO - Processing file /home/airflow/.local/lib/python3.7/site-packages/airflow/example_dags/example_task_group.py for tasks to queue
[2022-12-19T20:18:59.737+0000] {logging_mixin.py:137} INFO - [2022-12-19T20:18:59.737+0000] {dagbag.py:538} INFO - Filling up the DagBag from /home/airflow/.local/lib/python3.7/site-packages/airflow/example_dags/example_task_group.py
[2022-12-19T20:18:59.757+0000] {processor.py:753} INFO - DAG(s) dict_keys(['example_task_group']) retrieved from /home/airflow/.local/lib/python3.7/site-packages/airflow/example_dags/example_task_group.py
[2022-12-19T20:18:59.801+0000] {logging_mixin.py:137} INFO - [2022-12-19T20:18:59.801+0000] {dag.py:2676} INFO - Sync 1 DAGs
[2022-12-19T20:18:59.830+0000] {logging_mixin.py:137} INFO - [2022-12-19T20:18:59.829+0000] {dag.py:3427} INFO - Setting next_dagrun for example_task_group to 2022-12-18T20:18:59.829604+00:00, run_after=2022-12-19T20:18:59.829604+00:00
[2022-12-19T20:18:59.852+0000] {processor.py:175} INFO - Processing /home/airflow/.local/lib/python3.7/site-packages/airflow/example_dags/example_task_group.py took 0.119 seconds
[2022-12-19T20:19:29.981+0000] {processor.py:153} INFO - Started process (PID=7352) to work on /home/airflow/.local/lib/python3.7/site-packages/airflow/example_dags/example_task_group.py
[2022-12-19T20:19:29.982+0000] {processor.py:743} INFO - Processing file /home/airflow/.local/lib/python3.7/site-packages/airflow/example_dags/example_task_group.py for tasks to queue
[2022-12-19T20:19:29.982+0000] {logging_mixin.py:137} INFO - [2022-12-19T20:19:29.982+0000] {dagbag.py:538} INFO - Filling up the DagBag from /home/airflow/.local/lib/python3.7/site-packages/airflow/example_dags/example_task_group.py
[2022-12-19T20:19:29.999+0000] {processor.py:753} INFO - DAG(s) dict_keys(['example_task_group']) retrieved from /home/airflow/.local/lib/python3.7/site-packages/airflow/example_dags/example_task_group.py
[2022-12-19T20:19:30.040+0000] {logging_mixin.py:137} INFO - [2022-12-19T20:19:30.040+0000] {dag.py:2676} INFO - Sync 1 DAGs
[2022-12-19T20:19:30.070+0000] {logging_mixin.py:137} INFO - [2022-12-19T20:19:30.070+0000] {dag.py:3427} INFO - Setting next_dagrun for example_task_group to 2022-12-18T20:19:30.069907+00:00, run_after=2022-12-19T20:19:30.069907+00:00
[2022-12-19T20:19:30.090+0000] {processor.py:175} INFO - Processing /home/airflow/.local/lib/python3.7/site-packages/airflow/example_dags/example_task_group.py took 0.112 seconds
[2022-12-19T20:20:00.787+0000] {processor.py:153} INFO - Started process (PID=7462) to work on /home/airflow/.local/lib/python3.7/site-packages/airflow/example_dags/example_task_group.py
[2022-12-19T20:20:00.788+0000] {processor.py:743} INFO - Processing file /home/airflow/.local/lib/python3.7/site-packages/airflow/example_dags/example_task_group.py for tasks to queue
[2022-12-19T20:20:00.789+0000] {logging_mixin.py:137} INFO - [2022-12-19T20:20:00.789+0000] {dagbag.py:538} INFO - Filling up the DagBag from /home/airflow/.local/lib/python3.7/site-packages/airflow/example_dags/example_task_group.py
[2022-12-19T20:20:00.804+0000] {processor.py:753} INFO - DAG(s) dict_keys(['example_task_group']) retrieved from /home/airflow/.local/lib/python3.7/site-packages/airflow/example_dags/example_task_group.py
[2022-12-19T20:20:00.847+0000] {logging_mixin.py:137} INFO - [2022-12-19T20:20:00.847+0000] {dag.py:2676} INFO - Sync 1 DAGs
[2022-12-19T20:20:00.884+0000] {logging_mixin.py:137} INFO - [2022-12-19T20:20:00.884+0000] {dag.py:3427} INFO - Setting next_dagrun for example_task_group to 2022-12-18T20:20:00.883836+00:00, run_after=2022-12-19T20:20:00.883836+00:00
[2022-12-19T20:20:00.908+0000] {processor.py:175} INFO - Processing /home/airflow/.local/lib/python3.7/site-packages/airflow/example_dags/example_task_group.py took 0.123 seconds
