[2022-12-19T19:45:49.124+0000] {processor.py:153} INFO - Started process (PID=1153) to work on /home/airflow/.local/lib/python3.7/site-packages/airflow/example_dags/example_latest_only_with_trigger.py
[2022-12-19T19:45:49.124+0000] {processor.py:743} INFO - Processing file /home/airflow/.local/lib/python3.7/site-packages/airflow/example_dags/example_latest_only_with_trigger.py for tasks to queue
[2022-12-19T19:45:49.125+0000] {logging_mixin.py:137} INFO - [2022-12-19T19:45:49.125+0000] {dagbag.py:538} INFO - Filling up the DagBag from /home/airflow/.local/lib/python3.7/site-packages/airflow/example_dags/example_latest_only_with_trigger.py
[2022-12-19T19:45:49.140+0000] {processor.py:753} INFO - DAG(s) dict_keys(['latest_only_with_trigger']) retrieved from /home/airflow/.local/lib/python3.7/site-packages/airflow/example_dags/example_latest_only_with_trigger.py
[2022-12-19T19:45:49.199+0000] {logging_mixin.py:137} INFO - [2022-12-19T19:45:49.199+0000] {dag.py:2676} INFO - Sync 1 DAGs
[2022-12-19T19:45:49.234+0000] {logging_mixin.py:137} INFO - [2022-12-19T19:45:49.233+0000] {dag.py:3427} INFO - Setting next_dagrun for latest_only_with_trigger to 2022-12-19T15:45:49.233508+00:00, run_after=2022-12-19T19:45:49.233508+00:00
[2022-12-19T19:45:49.259+0000] {processor.py:175} INFO - Processing /home/airflow/.local/lib/python3.7/site-packages/airflow/example_dags/example_latest_only_with_trigger.py took 0.139 seconds
[2022-12-19T19:46:20.130+0000] {processor.py:153} INFO - Started process (PID=1239) to work on /home/airflow/.local/lib/python3.7/site-packages/airflow/example_dags/example_latest_only_with_trigger.py
[2022-12-19T19:46:20.131+0000] {processor.py:743} INFO - Processing file /home/airflow/.local/lib/python3.7/site-packages/airflow/example_dags/example_latest_only_with_trigger.py for tasks to queue
[2022-12-19T19:46:20.133+0000] {logging_mixin.py:137} INFO - [2022-12-19T19:46:20.132+0000] {dagbag.py:538} INFO - Filling up the DagBag from /home/airflow/.local/lib/python3.7/site-packages/airflow/example_dags/example_latest_only_with_trigger.py
[2022-12-19T19:46:20.155+0000] {processor.py:753} INFO - DAG(s) dict_keys(['latest_only_with_trigger']) retrieved from /home/airflow/.local/lib/python3.7/site-packages/airflow/example_dags/example_latest_only_with_trigger.py
[2022-12-19T19:46:20.220+0000] {logging_mixin.py:137} INFO - [2022-12-19T19:46:20.219+0000] {dag.py:2676} INFO - Sync 1 DAGs
[2022-12-19T19:46:20.297+0000] {logging_mixin.py:137} INFO - [2022-12-19T19:46:20.297+0000] {dag.py:3427} INFO - Setting next_dagrun for latest_only_with_trigger to 2022-12-19T15:46:20.297218+00:00, run_after=2022-12-19T19:46:20.297218+00:00
[2022-12-19T19:46:20.343+0000] {processor.py:175} INFO - Processing /home/airflow/.local/lib/python3.7/site-packages/airflow/example_dags/example_latest_only_with_trigger.py took 0.219 seconds
[2022-12-19T19:46:51.045+0000] {processor.py:153} INFO - Started process (PID=1325) to work on /home/airflow/.local/lib/python3.7/site-packages/airflow/example_dags/example_latest_only_with_trigger.py
[2022-12-19T19:46:51.046+0000] {processor.py:743} INFO - Processing file /home/airflow/.local/lib/python3.7/site-packages/airflow/example_dags/example_latest_only_with_trigger.py for tasks to queue
[2022-12-19T19:46:51.047+0000] {logging_mixin.py:137} INFO - [2022-12-19T19:46:51.047+0000] {dagbag.py:538} INFO - Filling up the DagBag from /home/airflow/.local/lib/python3.7/site-packages/airflow/example_dags/example_latest_only_with_trigger.py
[2022-12-19T19:46:51.065+0000] {processor.py:753} INFO - DAG(s) dict_keys(['latest_only_with_trigger']) retrieved from /home/airflow/.local/lib/python3.7/site-packages/airflow/example_dags/example_latest_only_with_trigger.py
[2022-12-19T19:46:51.126+0000] {logging_mixin.py:137} INFO - [2022-12-19T19:46:51.126+0000] {dag.py:2676} INFO - Sync 1 DAGs
[2022-12-19T19:46:51.164+0000] {logging_mixin.py:137} INFO - [2022-12-19T19:46:51.164+0000] {dag.py:3427} INFO - Setting next_dagrun for latest_only_with_trigger to 2022-12-19T15:46:51.163846+00:00, run_after=2022-12-19T19:46:51.163846+00:00
[2022-12-19T19:46:51.206+0000] {processor.py:175} INFO - Processing /home/airflow/.local/lib/python3.7/site-packages/airflow/example_dags/example_latest_only_with_trigger.py took 0.166 seconds
[2022-12-19T19:47:21.804+0000] {processor.py:153} INFO - Started process (PID=1411) to work on /home/airflow/.local/lib/python3.7/site-packages/airflow/example_dags/example_latest_only_with_trigger.py
[2022-12-19T19:47:21.805+0000] {processor.py:743} INFO - Processing file /home/airflow/.local/lib/python3.7/site-packages/airflow/example_dags/example_latest_only_with_trigger.py for tasks to queue
[2022-12-19T19:47:21.806+0000] {logging_mixin.py:137} INFO - [2022-12-19T19:47:21.806+0000] {dagbag.py:538} INFO - Filling up the DagBag from /home/airflow/.local/lib/python3.7/site-packages/airflow/example_dags/example_latest_only_with_trigger.py
[2022-12-19T19:47:21.827+0000] {processor.py:753} INFO - DAG(s) dict_keys(['latest_only_with_trigger']) retrieved from /home/airflow/.local/lib/python3.7/site-packages/airflow/example_dags/example_latest_only_with_trigger.py
[2022-12-19T19:47:21.923+0000] {logging_mixin.py:137} INFO - [2022-12-19T19:47:21.922+0000] {dag.py:2676} INFO - Sync 1 DAGs
[2022-12-19T19:47:21.994+0000] {logging_mixin.py:137} INFO - [2022-12-19T19:47:21.994+0000] {dag.py:3427} INFO - Setting next_dagrun for latest_only_with_trigger to 2022-12-19T15:47:21.993864+00:00, run_after=2022-12-19T19:47:21.993864+00:00
[2022-12-19T19:47:22.023+0000] {processor.py:175} INFO - Processing /home/airflow/.local/lib/python3.7/site-packages/airflow/example_dags/example_latest_only_with_trigger.py took 0.230 seconds
[2022-12-19T19:47:52.217+0000] {processor.py:153} INFO - Started process (PID=1497) to work on /home/airflow/.local/lib/python3.7/site-packages/airflow/example_dags/example_latest_only_with_trigger.py
[2022-12-19T19:47:52.218+0000] {processor.py:743} INFO - Processing file /home/airflow/.local/lib/python3.7/site-packages/airflow/example_dags/example_latest_only_with_trigger.py for tasks to queue
[2022-12-19T19:47:52.219+0000] {logging_mixin.py:137} INFO - [2022-12-19T19:47:52.219+0000] {dagbag.py:538} INFO - Filling up the DagBag from /home/airflow/.local/lib/python3.7/site-packages/airflow/example_dags/example_latest_only_with_trigger.py
[2022-12-19T19:47:52.234+0000] {processor.py:753} INFO - DAG(s) dict_keys(['latest_only_with_trigger']) retrieved from /home/airflow/.local/lib/python3.7/site-packages/airflow/example_dags/example_latest_only_with_trigger.py
[2022-12-19T19:47:52.287+0000] {logging_mixin.py:137} INFO - [2022-12-19T19:47:52.287+0000] {dag.py:2676} INFO - Sync 1 DAGs
[2022-12-19T19:47:52.323+0000] {logging_mixin.py:137} INFO - [2022-12-19T19:47:52.323+0000] {dag.py:3427} INFO - Setting next_dagrun for latest_only_with_trigger to 2022-12-19T15:47:52.323007+00:00, run_after=2022-12-19T19:47:52.323007+00:00
[2022-12-19T19:47:52.343+0000] {processor.py:175} INFO - Processing /home/airflow/.local/lib/python3.7/site-packages/airflow/example_dags/example_latest_only_with_trigger.py took 0.129 seconds
[2022-12-19T19:48:22.464+0000] {processor.py:153} INFO - Started process (PID=1583) to work on /home/airflow/.local/lib/python3.7/site-packages/airflow/example_dags/example_latest_only_with_trigger.py
[2022-12-19T19:48:22.465+0000] {processor.py:743} INFO - Processing file /home/airflow/.local/lib/python3.7/site-packages/airflow/example_dags/example_latest_only_with_trigger.py for tasks to queue
[2022-12-19T19:48:22.466+0000] {logging_mixin.py:137} INFO - [2022-12-19T19:48:22.466+0000] {dagbag.py:538} INFO - Filling up the DagBag from /home/airflow/.local/lib/python3.7/site-packages/airflow/example_dags/example_latest_only_with_trigger.py
[2022-12-19T19:48:22.484+0000] {processor.py:753} INFO - DAG(s) dict_keys(['latest_only_with_trigger']) retrieved from /home/airflow/.local/lib/python3.7/site-packages/airflow/example_dags/example_latest_only_with_trigger.py
[2022-12-19T19:48:22.534+0000] {logging_mixin.py:137} INFO - [2022-12-19T19:48:22.534+0000] {dag.py:2676} INFO - Sync 1 DAGs
[2022-12-19T19:48:22.568+0000] {logging_mixin.py:137} INFO - [2022-12-19T19:48:22.568+0000] {dag.py:3427} INFO - Setting next_dagrun for latest_only_with_trigger to 2022-12-19T15:48:22.567873+00:00, run_after=2022-12-19T19:48:22.567873+00:00
[2022-12-19T19:48:22.600+0000] {processor.py:175} INFO - Processing /home/airflow/.local/lib/python3.7/site-packages/airflow/example_dags/example_latest_only_with_trigger.py took 0.139 seconds
[2022-12-19T19:48:52.839+0000] {processor.py:153} INFO - Started process (PID=1669) to work on /home/airflow/.local/lib/python3.7/site-packages/airflow/example_dags/example_latest_only_with_trigger.py
[2022-12-19T19:48:52.840+0000] {processor.py:743} INFO - Processing file /home/airflow/.local/lib/python3.7/site-packages/airflow/example_dags/example_latest_only_with_trigger.py for tasks to queue
[2022-12-19T19:48:52.841+0000] {logging_mixin.py:137} INFO - [2022-12-19T19:48:52.841+0000] {dagbag.py:538} INFO - Filling up the DagBag from /home/airflow/.local/lib/python3.7/site-packages/airflow/example_dags/example_latest_only_with_trigger.py
[2022-12-19T19:48:52.857+0000] {processor.py:753} INFO - DAG(s) dict_keys(['latest_only_with_trigger']) retrieved from /home/airflow/.local/lib/python3.7/site-packages/airflow/example_dags/example_latest_only_with_trigger.py
[2022-12-19T19:48:52.931+0000] {logging_mixin.py:137} INFO - [2022-12-19T19:48:52.931+0000] {dag.py:2676} INFO - Sync 1 DAGs
[2022-12-19T19:48:52.988+0000] {logging_mixin.py:137} INFO - [2022-12-19T19:48:52.987+0000] {dag.py:3427} INFO - Setting next_dagrun for latest_only_with_trigger to 2022-12-19T15:48:52.987200+00:00, run_after=2022-12-19T19:48:52.987200+00:00
[2022-12-19T19:48:53.019+0000] {processor.py:175} INFO - Processing /home/airflow/.local/lib/python3.7/site-packages/airflow/example_dags/example_latest_only_with_trigger.py took 0.184 seconds
[2022-12-19T19:49:23.092+0000] {processor.py:153} INFO - Started process (PID=1755) to work on /home/airflow/.local/lib/python3.7/site-packages/airflow/example_dags/example_latest_only_with_trigger.py
[2022-12-19T19:49:23.092+0000] {processor.py:743} INFO - Processing file /home/airflow/.local/lib/python3.7/site-packages/airflow/example_dags/example_latest_only_with_trigger.py for tasks to queue
[2022-12-19T19:49:23.093+0000] {logging_mixin.py:137} INFO - [2022-12-19T19:49:23.093+0000] {dagbag.py:538} INFO - Filling up the DagBag from /home/airflow/.local/lib/python3.7/site-packages/airflow/example_dags/example_latest_only_with_trigger.py
[2022-12-19T19:49:23.107+0000] {processor.py:753} INFO - DAG(s) dict_keys(['latest_only_with_trigger']) retrieved from /home/airflow/.local/lib/python3.7/site-packages/airflow/example_dags/example_latest_only_with_trigger.py
[2022-12-19T19:49:23.151+0000] {logging_mixin.py:137} INFO - [2022-12-19T19:49:23.151+0000] {dag.py:2676} INFO - Sync 1 DAGs
[2022-12-19T19:49:23.185+0000] {logging_mixin.py:137} INFO - [2022-12-19T19:49:23.184+0000] {dag.py:3427} INFO - Setting next_dagrun for latest_only_with_trigger to 2022-12-19T15:49:23.184520+00:00, run_after=2022-12-19T19:49:23.184520+00:00
[2022-12-19T19:49:23.208+0000] {processor.py:175} INFO - Processing /home/airflow/.local/lib/python3.7/site-packages/airflow/example_dags/example_latest_only_with_trigger.py took 0.120 seconds
[2022-12-19T19:49:53.823+0000] {processor.py:153} INFO - Started process (PID=1865) to work on /home/airflow/.local/lib/python3.7/site-packages/airflow/example_dags/example_latest_only_with_trigger.py
[2022-12-19T19:49:53.824+0000] {processor.py:743} INFO - Processing file /home/airflow/.local/lib/python3.7/site-packages/airflow/example_dags/example_latest_only_with_trigger.py for tasks to queue
[2022-12-19T19:49:53.825+0000] {logging_mixin.py:137} INFO - [2022-12-19T19:49:53.825+0000] {dagbag.py:538} INFO - Filling up the DagBag from /home/airflow/.local/lib/python3.7/site-packages/airflow/example_dags/example_latest_only_with_trigger.py
[2022-12-19T19:49:53.841+0000] {processor.py:753} INFO - DAG(s) dict_keys(['latest_only_with_trigger']) retrieved from /home/airflow/.local/lib/python3.7/site-packages/airflow/example_dags/example_latest_only_with_trigger.py
[2022-12-19T19:49:53.895+0000] {logging_mixin.py:137} INFO - [2022-12-19T19:49:53.894+0000] {dag.py:2676} INFO - Sync 1 DAGs
[2022-12-19T19:49:53.924+0000] {logging_mixin.py:137} INFO - [2022-12-19T19:49:53.924+0000] {dag.py:3427} INFO - Setting next_dagrun for latest_only_with_trigger to 2022-12-19T15:49:53.923807+00:00, run_after=2022-12-19T19:49:53.923807+00:00
[2022-12-19T19:49:53.946+0000] {processor.py:175} INFO - Processing /home/airflow/.local/lib/python3.7/site-packages/airflow/example_dags/example_latest_only_with_trigger.py took 0.126 seconds
[2022-12-19T19:50:24.536+0000] {processor.py:153} INFO - Started process (PID=1950) to work on /home/airflow/.local/lib/python3.7/site-packages/airflow/example_dags/example_latest_only_with_trigger.py
[2022-12-19T19:50:24.568+0000] {processor.py:743} INFO - Processing file /home/airflow/.local/lib/python3.7/site-packages/airflow/example_dags/example_latest_only_with_trigger.py for tasks to queue
[2022-12-19T19:50:24.569+0000] {logging_mixin.py:137} INFO - [2022-12-19T19:50:24.569+0000] {dagbag.py:538} INFO - Filling up the DagBag from /home/airflow/.local/lib/python3.7/site-packages/airflow/example_dags/example_latest_only_with_trigger.py
[2022-12-19T19:50:24.597+0000] {processor.py:753} INFO - DAG(s) dict_keys(['latest_only_with_trigger']) retrieved from /home/airflow/.local/lib/python3.7/site-packages/airflow/example_dags/example_latest_only_with_trigger.py
[2022-12-19T19:50:24.687+0000] {logging_mixin.py:137} INFO - [2022-12-19T19:50:24.686+0000] {dag.py:2676} INFO - Sync 1 DAGs
[2022-12-19T19:50:24.721+0000] {logging_mixin.py:137} INFO - [2022-12-19T19:50:24.721+0000] {dag.py:3427} INFO - Setting next_dagrun for latest_only_with_trigger to 2022-12-19T15:50:24.721368+00:00, run_after=2022-12-19T19:50:24.721368+00:00
[2022-12-19T19:50:24.785+0000] {processor.py:175} INFO - Processing /home/airflow/.local/lib/python3.7/site-packages/airflow/example_dags/example_latest_only_with_trigger.py took 0.253 seconds
[2022-12-19T19:50:54.916+0000] {processor.py:153} INFO - Started process (PID=2036) to work on /home/airflow/.local/lib/python3.7/site-packages/airflow/example_dags/example_latest_only_with_trigger.py
[2022-12-19T19:50:54.917+0000] {processor.py:743} INFO - Processing file /home/airflow/.local/lib/python3.7/site-packages/airflow/example_dags/example_latest_only_with_trigger.py for tasks to queue
[2022-12-19T19:50:54.918+0000] {logging_mixin.py:137} INFO - [2022-12-19T19:50:54.918+0000] {dagbag.py:538} INFO - Filling up the DagBag from /home/airflow/.local/lib/python3.7/site-packages/airflow/example_dags/example_latest_only_with_trigger.py
[2022-12-19T19:50:54.934+0000] {processor.py:753} INFO - DAG(s) dict_keys(['latest_only_with_trigger']) retrieved from /home/airflow/.local/lib/python3.7/site-packages/airflow/example_dags/example_latest_only_with_trigger.py
[2022-12-19T19:50:54.986+0000] {logging_mixin.py:137} INFO - [2022-12-19T19:50:54.986+0000] {dag.py:2676} INFO - Sync 1 DAGs
[2022-12-19T19:50:55.017+0000] {logging_mixin.py:137} INFO - [2022-12-19T19:50:55.017+0000] {dag.py:3427} INFO - Setting next_dagrun for latest_only_with_trigger to 2022-12-19T15:50:55.017329+00:00, run_after=2022-12-19T19:50:55.017329+00:00
[2022-12-19T19:50:55.036+0000] {processor.py:175} INFO - Processing /home/airflow/.local/lib/python3.7/site-packages/airflow/example_dags/example_latest_only_with_trigger.py took 0.123 seconds
[2022-12-19T19:51:25.606+0000] {processor.py:153} INFO - Started process (PID=2146) to work on /home/airflow/.local/lib/python3.7/site-packages/airflow/example_dags/example_latest_only_with_trigger.py
[2022-12-19T19:51:25.607+0000] {processor.py:743} INFO - Processing file /home/airflow/.local/lib/python3.7/site-packages/airflow/example_dags/example_latest_only_with_trigger.py for tasks to queue
[2022-12-19T19:51:25.608+0000] {logging_mixin.py:137} INFO - [2022-12-19T19:51:25.608+0000] {dagbag.py:538} INFO - Filling up the DagBag from /home/airflow/.local/lib/python3.7/site-packages/airflow/example_dags/example_latest_only_with_trigger.py
[2022-12-19T19:51:25.624+0000] {processor.py:753} INFO - DAG(s) dict_keys(['latest_only_with_trigger']) retrieved from /home/airflow/.local/lib/python3.7/site-packages/airflow/example_dags/example_latest_only_with_trigger.py
[2022-12-19T19:51:25.683+0000] {logging_mixin.py:137} INFO - [2022-12-19T19:51:25.683+0000] {dag.py:2676} INFO - Sync 1 DAGs
[2022-12-19T19:51:25.717+0000] {logging_mixin.py:137} INFO - [2022-12-19T19:51:25.716+0000] {dag.py:3427} INFO - Setting next_dagrun for latest_only_with_trigger to 2022-12-19T15:51:25.716695+00:00, run_after=2022-12-19T19:51:25.716695+00:00
[2022-12-19T19:51:25.739+0000] {processor.py:175} INFO - Processing /home/airflow/.local/lib/python3.7/site-packages/airflow/example_dags/example_latest_only_with_trigger.py took 0.136 seconds
[2022-12-19T19:51:56.488+0000] {processor.py:153} INFO - Started process (PID=2232) to work on /home/airflow/.local/lib/python3.7/site-packages/airflow/example_dags/example_latest_only_with_trigger.py
[2022-12-19T19:51:56.488+0000] {processor.py:743} INFO - Processing file /home/airflow/.local/lib/python3.7/site-packages/airflow/example_dags/example_latest_only_with_trigger.py for tasks to queue
[2022-12-19T19:51:56.490+0000] {logging_mixin.py:137} INFO - [2022-12-19T19:51:56.490+0000] {dagbag.py:538} INFO - Filling up the DagBag from /home/airflow/.local/lib/python3.7/site-packages/airflow/example_dags/example_latest_only_with_trigger.py
[2022-12-19T19:51:56.504+0000] {processor.py:753} INFO - DAG(s) dict_keys(['latest_only_with_trigger']) retrieved from /home/airflow/.local/lib/python3.7/site-packages/airflow/example_dags/example_latest_only_with_trigger.py
[2022-12-19T19:51:56.544+0000] {logging_mixin.py:137} INFO - [2022-12-19T19:51:56.544+0000] {dag.py:2676} INFO - Sync 1 DAGs
[2022-12-19T19:51:56.573+0000] {logging_mixin.py:137} INFO - [2022-12-19T19:51:56.573+0000] {dag.py:3427} INFO - Setting next_dagrun for latest_only_with_trigger to 2022-12-19T15:51:56.572899+00:00, run_after=2022-12-19T19:51:56.572899+00:00
[2022-12-19T19:51:56.599+0000] {processor.py:175} INFO - Processing /home/airflow/.local/lib/python3.7/site-packages/airflow/example_dags/example_latest_only_with_trigger.py took 0.115 seconds
[2022-12-19T19:52:26.998+0000] {processor.py:153} INFO - Started process (PID=2318) to work on /home/airflow/.local/lib/python3.7/site-packages/airflow/example_dags/example_latest_only_with_trigger.py
[2022-12-19T19:52:27.002+0000] {processor.py:743} INFO - Processing file /home/airflow/.local/lib/python3.7/site-packages/airflow/example_dags/example_latest_only_with_trigger.py for tasks to queue
[2022-12-19T19:52:27.004+0000] {logging_mixin.py:137} INFO - [2022-12-19T19:52:27.003+0000] {dagbag.py:538} INFO - Filling up the DagBag from /home/airflow/.local/lib/python3.7/site-packages/airflow/example_dags/example_latest_only_with_trigger.py
[2022-12-19T19:52:27.023+0000] {processor.py:753} INFO - DAG(s) dict_keys(['latest_only_with_trigger']) retrieved from /home/airflow/.local/lib/python3.7/site-packages/airflow/example_dags/example_latest_only_with_trigger.py
[2022-12-19T19:52:27.081+0000] {logging_mixin.py:137} INFO - [2022-12-19T19:52:27.081+0000] {dag.py:2676} INFO - Sync 1 DAGs
[2022-12-19T19:52:27.128+0000] {logging_mixin.py:137} INFO - [2022-12-19T19:52:27.128+0000] {dag.py:3427} INFO - Setting next_dagrun for latest_only_with_trigger to 2022-12-19T15:52:27.128333+00:00, run_after=2022-12-19T19:52:27.128333+00:00
[2022-12-19T19:52:27.178+0000] {processor.py:175} INFO - Processing /home/airflow/.local/lib/python3.7/site-packages/airflow/example_dags/example_latest_only_with_trigger.py took 0.184 seconds
[2022-12-19T19:52:57.536+0000] {processor.py:153} INFO - Started process (PID=2413) to work on /home/airflow/.local/lib/python3.7/site-packages/airflow/example_dags/example_latest_only_with_trigger.py
[2022-12-19T19:52:57.537+0000] {processor.py:743} INFO - Processing file /home/airflow/.local/lib/python3.7/site-packages/airflow/example_dags/example_latest_only_with_trigger.py for tasks to queue
[2022-12-19T19:52:57.537+0000] {logging_mixin.py:137} INFO - [2022-12-19T19:52:57.537+0000] {dagbag.py:538} INFO - Filling up the DagBag from /home/airflow/.local/lib/python3.7/site-packages/airflow/example_dags/example_latest_only_with_trigger.py
[2022-12-19T19:52:57.552+0000] {processor.py:753} INFO - DAG(s) dict_keys(['latest_only_with_trigger']) retrieved from /home/airflow/.local/lib/python3.7/site-packages/airflow/example_dags/example_latest_only_with_trigger.py
[2022-12-19T19:52:57.602+0000] {logging_mixin.py:137} INFO - [2022-12-19T19:52:57.602+0000] {dag.py:2676} INFO - Sync 1 DAGs
[2022-12-19T19:52:57.634+0000] {logging_mixin.py:137} INFO - [2022-12-19T19:52:57.634+0000] {dag.py:3427} INFO - Setting next_dagrun for latest_only_with_trigger to 2022-12-19T15:52:57.633778+00:00, run_after=2022-12-19T19:52:57.633778+00:00
[2022-12-19T19:52:57.653+0000] {processor.py:175} INFO - Processing /home/airflow/.local/lib/python3.7/site-packages/airflow/example_dags/example_latest_only_with_trigger.py took 0.121 seconds
[2022-12-19T19:53:28.328+0000] {processor.py:153} INFO - Started process (PID=2514) to work on /home/airflow/.local/lib/python3.7/site-packages/airflow/example_dags/example_latest_only_with_trigger.py
[2022-12-19T19:53:28.329+0000] {processor.py:743} INFO - Processing file /home/airflow/.local/lib/python3.7/site-packages/airflow/example_dags/example_latest_only_with_trigger.py for tasks to queue
[2022-12-19T19:53:28.330+0000] {logging_mixin.py:137} INFO - [2022-12-19T19:53:28.330+0000] {dagbag.py:538} INFO - Filling up the DagBag from /home/airflow/.local/lib/python3.7/site-packages/airflow/example_dags/example_latest_only_with_trigger.py
[2022-12-19T19:53:28.346+0000] {processor.py:753} INFO - DAG(s) dict_keys(['latest_only_with_trigger']) retrieved from /home/airflow/.local/lib/python3.7/site-packages/airflow/example_dags/example_latest_only_with_trigger.py
[2022-12-19T19:53:28.401+0000] {logging_mixin.py:137} INFO - [2022-12-19T19:53:28.401+0000] {dag.py:2676} INFO - Sync 1 DAGs
[2022-12-19T19:53:28.434+0000] {logging_mixin.py:137} INFO - [2022-12-19T19:53:28.434+0000] {dag.py:3427} INFO - Setting next_dagrun for latest_only_with_trigger to 2022-12-19T15:53:28.434073+00:00, run_after=2022-12-19T19:53:28.434073+00:00
[2022-12-19T19:53:28.453+0000] {processor.py:175} INFO - Processing /home/airflow/.local/lib/python3.7/site-packages/airflow/example_dags/example_latest_only_with_trigger.py took 0.128 seconds
[2022-12-19T19:53:59.008+0000] {processor.py:153} INFO - Started process (PID=2600) to work on /home/airflow/.local/lib/python3.7/site-packages/airflow/example_dags/example_latest_only_with_trigger.py
[2022-12-19T19:53:59.009+0000] {processor.py:743} INFO - Processing file /home/airflow/.local/lib/python3.7/site-packages/airflow/example_dags/example_latest_only_with_trigger.py for tasks to queue
[2022-12-19T19:53:59.010+0000] {logging_mixin.py:137} INFO - [2022-12-19T19:53:59.010+0000] {dagbag.py:538} INFO - Filling up the DagBag from /home/airflow/.local/lib/python3.7/site-packages/airflow/example_dags/example_latest_only_with_trigger.py
[2022-12-19T19:53:59.024+0000] {processor.py:753} INFO - DAG(s) dict_keys(['latest_only_with_trigger']) retrieved from /home/airflow/.local/lib/python3.7/site-packages/airflow/example_dags/example_latest_only_with_trigger.py
[2022-12-19T19:53:59.109+0000] {logging_mixin.py:137} INFO - [2022-12-19T19:53:59.108+0000] {dag.py:2676} INFO - Sync 1 DAGs
[2022-12-19T19:53:59.136+0000] {logging_mixin.py:137} INFO - [2022-12-19T19:53:59.136+0000] {dag.py:3427} INFO - Setting next_dagrun for latest_only_with_trigger to 2022-12-19T15:53:59.135959+00:00, run_after=2022-12-19T19:53:59.135959+00:00
[2022-12-19T19:53:59.276+0000] {processor.py:175} INFO - Processing /home/airflow/.local/lib/python3.7/site-packages/airflow/example_dags/example_latest_only_with_trigger.py took 0.271 seconds
[2022-12-19T19:54:30.203+0000] {processor.py:153} INFO - Started process (PID=2696) to work on /home/airflow/.local/lib/python3.7/site-packages/airflow/example_dags/example_latest_only_with_trigger.py
[2022-12-19T19:54:30.204+0000] {processor.py:743} INFO - Processing file /home/airflow/.local/lib/python3.7/site-packages/airflow/example_dags/example_latest_only_with_trigger.py for tasks to queue
[2022-12-19T19:54:30.205+0000] {logging_mixin.py:137} INFO - [2022-12-19T19:54:30.204+0000] {dagbag.py:538} INFO - Filling up the DagBag from /home/airflow/.local/lib/python3.7/site-packages/airflow/example_dags/example_latest_only_with_trigger.py
[2022-12-19T19:54:30.219+0000] {processor.py:753} INFO - DAG(s) dict_keys(['latest_only_with_trigger']) retrieved from /home/airflow/.local/lib/python3.7/site-packages/airflow/example_dags/example_latest_only_with_trigger.py
[2022-12-19T19:54:30.315+0000] {logging_mixin.py:137} INFO - [2022-12-19T19:54:30.314+0000] {dag.py:2676} INFO - Sync 1 DAGs
[2022-12-19T19:54:30.389+0000] {logging_mixin.py:137} INFO - [2022-12-19T19:54:30.389+0000] {dag.py:3427} INFO - Setting next_dagrun for latest_only_with_trigger to 2022-12-19T15:54:30.388666+00:00, run_after=2022-12-19T19:54:30.388666+00:00
[2022-12-19T19:54:30.416+0000] {processor.py:175} INFO - Processing /home/airflow/.local/lib/python3.7/site-packages/airflow/example_dags/example_latest_only_with_trigger.py took 0.216 seconds
[2022-12-19T19:55:00.773+0000] {processor.py:153} INFO - Started process (PID=2797) to work on /home/airflow/.local/lib/python3.7/site-packages/airflow/example_dags/example_latest_only_with_trigger.py
[2022-12-19T19:55:00.774+0000] {processor.py:743} INFO - Processing file /home/airflow/.local/lib/python3.7/site-packages/airflow/example_dags/example_latest_only_with_trigger.py for tasks to queue
[2022-12-19T19:55:00.774+0000] {logging_mixin.py:137} INFO - [2022-12-19T19:55:00.774+0000] {dagbag.py:538} INFO - Filling up the DagBag from /home/airflow/.local/lib/python3.7/site-packages/airflow/example_dags/example_latest_only_with_trigger.py
[2022-12-19T19:55:00.791+0000] {processor.py:753} INFO - DAG(s) dict_keys(['latest_only_with_trigger']) retrieved from /home/airflow/.local/lib/python3.7/site-packages/airflow/example_dags/example_latest_only_with_trigger.py
[2022-12-19T19:55:00.892+0000] {logging_mixin.py:137} INFO - [2022-12-19T19:55:00.892+0000] {dag.py:2676} INFO - Sync 1 DAGs
[2022-12-19T19:55:00.924+0000] {logging_mixin.py:137} INFO - [2022-12-19T19:55:00.924+0000] {dag.py:3427} INFO - Setting next_dagrun for latest_only_with_trigger to 2022-12-19T15:55:00.923888+00:00, run_after=2022-12-19T19:55:00.923888+00:00
[2022-12-19T19:55:00.991+0000] {processor.py:175} INFO - Processing /home/airflow/.local/lib/python3.7/site-packages/airflow/example_dags/example_latest_only_with_trigger.py took 0.222 seconds
[2022-12-19T19:55:31.059+0000] {processor.py:153} INFO - Started process (PID=2883) to work on /home/airflow/.local/lib/python3.7/site-packages/airflow/example_dags/example_latest_only_with_trigger.py
[2022-12-19T19:55:31.060+0000] {processor.py:743} INFO - Processing file /home/airflow/.local/lib/python3.7/site-packages/airflow/example_dags/example_latest_only_with_trigger.py for tasks to queue
[2022-12-19T19:55:31.061+0000] {logging_mixin.py:137} INFO - [2022-12-19T19:55:31.061+0000] {dagbag.py:538} INFO - Filling up the DagBag from /home/airflow/.local/lib/python3.7/site-packages/airflow/example_dags/example_latest_only_with_trigger.py
[2022-12-19T19:55:31.079+0000] {processor.py:753} INFO - DAG(s) dict_keys(['latest_only_with_trigger']) retrieved from /home/airflow/.local/lib/python3.7/site-packages/airflow/example_dags/example_latest_only_with_trigger.py
[2022-12-19T19:55:31.130+0000] {logging_mixin.py:137} INFO - [2022-12-19T19:55:31.130+0000] {dag.py:2676} INFO - Sync 1 DAGs
[2022-12-19T19:55:31.160+0000] {logging_mixin.py:137} INFO - [2022-12-19T19:55:31.160+0000] {dag.py:3427} INFO - Setting next_dagrun for latest_only_with_trigger to 2022-12-19T15:55:31.160187+00:00, run_after=2022-12-19T19:55:31.160187+00:00
[2022-12-19T19:55:31.181+0000] {processor.py:175} INFO - Processing /home/airflow/.local/lib/python3.7/site-packages/airflow/example_dags/example_latest_only_with_trigger.py took 0.125 seconds
[2022-12-19T19:56:01.755+0000] {processor.py:153} INFO - Started process (PID=2978) to work on /home/airflow/.local/lib/python3.7/site-packages/airflow/example_dags/example_latest_only_with_trigger.py
[2022-12-19T19:56:01.756+0000] {processor.py:743} INFO - Processing file /home/airflow/.local/lib/python3.7/site-packages/airflow/example_dags/example_latest_only_with_trigger.py for tasks to queue
[2022-12-19T19:56:01.757+0000] {logging_mixin.py:137} INFO - [2022-12-19T19:56:01.757+0000] {dagbag.py:538} INFO - Filling up the DagBag from /home/airflow/.local/lib/python3.7/site-packages/airflow/example_dags/example_latest_only_with_trigger.py
[2022-12-19T19:56:01.774+0000] {processor.py:753} INFO - DAG(s) dict_keys(['latest_only_with_trigger']) retrieved from /home/airflow/.local/lib/python3.7/site-packages/airflow/example_dags/example_latest_only_with_trigger.py
[2022-12-19T19:56:01.817+0000] {logging_mixin.py:137} INFO - [2022-12-19T19:56:01.817+0000] {dag.py:2676} INFO - Sync 1 DAGs
[2022-12-19T19:56:01.846+0000] {logging_mixin.py:137} INFO - [2022-12-19T19:56:01.845+0000] {dag.py:3427} INFO - Setting next_dagrun for latest_only_with_trigger to 2022-12-19T15:56:01.845502+00:00, run_after=2022-12-19T19:56:01.845502+00:00
[2022-12-19T19:56:01.875+0000] {processor.py:175} INFO - Processing /home/airflow/.local/lib/python3.7/site-packages/airflow/example_dags/example_latest_only_with_trigger.py took 0.123 seconds
[2022-12-19T19:56:31.972+0000] {processor.py:153} INFO - Started process (PID=3080) to work on /home/airflow/.local/lib/python3.7/site-packages/airflow/example_dags/example_latest_only_with_trigger.py
[2022-12-19T19:56:31.973+0000] {processor.py:743} INFO - Processing file /home/airflow/.local/lib/python3.7/site-packages/airflow/example_dags/example_latest_only_with_trigger.py for tasks to queue
[2022-12-19T19:56:31.973+0000] {logging_mixin.py:137} INFO - [2022-12-19T19:56:31.973+0000] {dagbag.py:538} INFO - Filling up the DagBag from /home/airflow/.local/lib/python3.7/site-packages/airflow/example_dags/example_latest_only_with_trigger.py
[2022-12-19T19:56:31.989+0000] {processor.py:753} INFO - DAG(s) dict_keys(['latest_only_with_trigger']) retrieved from /home/airflow/.local/lib/python3.7/site-packages/airflow/example_dags/example_latest_only_with_trigger.py
[2022-12-19T19:56:32.032+0000] {logging_mixin.py:137} INFO - [2022-12-19T19:56:32.032+0000] {dag.py:2676} INFO - Sync 1 DAGs
[2022-12-19T19:56:32.062+0000] {logging_mixin.py:137} INFO - [2022-12-19T19:56:32.062+0000] {dag.py:3427} INFO - Setting next_dagrun for latest_only_with_trigger to 2022-12-19T15:56:32.060588+00:00, run_after=2022-12-19T19:56:32.060588+00:00
[2022-12-19T19:56:32.083+0000] {processor.py:175} INFO - Processing /home/airflow/.local/lib/python3.7/site-packages/airflow/example_dags/example_latest_only_with_trigger.py took 0.114 seconds
[2022-12-19T19:57:02.248+0000] {processor.py:153} INFO - Started process (PID=3166) to work on /home/airflow/.local/lib/python3.7/site-packages/airflow/example_dags/example_latest_only_with_trigger.py
[2022-12-19T19:57:02.249+0000] {processor.py:743} INFO - Processing file /home/airflow/.local/lib/python3.7/site-packages/airflow/example_dags/example_latest_only_with_trigger.py for tasks to queue
[2022-12-19T19:57:02.250+0000] {logging_mixin.py:137} INFO - [2022-12-19T19:57:02.250+0000] {dagbag.py:538} INFO - Filling up the DagBag from /home/airflow/.local/lib/python3.7/site-packages/airflow/example_dags/example_latest_only_with_trigger.py
[2022-12-19T19:57:02.266+0000] {processor.py:753} INFO - DAG(s) dict_keys(['latest_only_with_trigger']) retrieved from /home/airflow/.local/lib/python3.7/site-packages/airflow/example_dags/example_latest_only_with_trigger.py
[2022-12-19T19:57:02.319+0000] {logging_mixin.py:137} INFO - [2022-12-19T19:57:02.318+0000] {dag.py:2676} INFO - Sync 1 DAGs
[2022-12-19T19:57:02.353+0000] {logging_mixin.py:137} INFO - [2022-12-19T19:57:02.353+0000] {dag.py:3427} INFO - Setting next_dagrun for latest_only_with_trigger to 2022-12-19T15:57:02.353539+00:00, run_after=2022-12-19T19:57:02.353539+00:00
[2022-12-19T19:57:02.375+0000] {processor.py:175} INFO - Processing /home/airflow/.local/lib/python3.7/site-packages/airflow/example_dags/example_latest_only_with_trigger.py took 0.131 seconds
[2022-12-19T19:57:32.468+0000] {processor.py:153} INFO - Started process (PID=3261) to work on /home/airflow/.local/lib/python3.7/site-packages/airflow/example_dags/example_latest_only_with_trigger.py
[2022-12-19T19:57:32.469+0000] {processor.py:743} INFO - Processing file /home/airflow/.local/lib/python3.7/site-packages/airflow/example_dags/example_latest_only_with_trigger.py for tasks to queue
[2022-12-19T19:57:32.470+0000] {logging_mixin.py:137} INFO - [2022-12-19T19:57:32.470+0000] {dagbag.py:538} INFO - Filling up the DagBag from /home/airflow/.local/lib/python3.7/site-packages/airflow/example_dags/example_latest_only_with_trigger.py
[2022-12-19T19:57:32.487+0000] {processor.py:753} INFO - DAG(s) dict_keys(['latest_only_with_trigger']) retrieved from /home/airflow/.local/lib/python3.7/site-packages/airflow/example_dags/example_latest_only_with_trigger.py
[2022-12-19T19:57:32.528+0000] {logging_mixin.py:137} INFO - [2022-12-19T19:57:32.528+0000] {dag.py:2676} INFO - Sync 1 DAGs
[2022-12-19T19:57:32.558+0000] {logging_mixin.py:137} INFO - [2022-12-19T19:57:32.558+0000] {dag.py:3427} INFO - Setting next_dagrun for latest_only_with_trigger to 2022-12-19T15:57:32.557820+00:00, run_after=2022-12-19T19:57:32.557820+00:00
[2022-12-19T19:57:32.581+0000] {processor.py:175} INFO - Processing /home/airflow/.local/lib/python3.7/site-packages/airflow/example_dags/example_latest_only_with_trigger.py took 0.117 seconds
[2022-12-19T19:58:02.996+0000] {processor.py:153} INFO - Started process (PID=3362) to work on /home/airflow/.local/lib/python3.7/site-packages/airflow/example_dags/example_latest_only_with_trigger.py
[2022-12-19T19:58:02.997+0000] {processor.py:743} INFO - Processing file /home/airflow/.local/lib/python3.7/site-packages/airflow/example_dags/example_latest_only_with_trigger.py for tasks to queue
[2022-12-19T19:58:02.997+0000] {logging_mixin.py:137} INFO - [2022-12-19T19:58:02.997+0000] {dagbag.py:538} INFO - Filling up the DagBag from /home/airflow/.local/lib/python3.7/site-packages/airflow/example_dags/example_latest_only_with_trigger.py
[2022-12-19T19:58:03.013+0000] {processor.py:753} INFO - DAG(s) dict_keys(['latest_only_with_trigger']) retrieved from /home/airflow/.local/lib/python3.7/site-packages/airflow/example_dags/example_latest_only_with_trigger.py
[2022-12-19T19:58:03.056+0000] {logging_mixin.py:137} INFO - [2022-12-19T19:58:03.056+0000] {dag.py:2676} INFO - Sync 1 DAGs
[2022-12-19T19:58:03.086+0000] {logging_mixin.py:137} INFO - [2022-12-19T19:58:03.086+0000] {dag.py:3427} INFO - Setting next_dagrun for latest_only_with_trigger to 2022-12-19T15:58:03.085658+00:00, run_after=2022-12-19T19:58:03.085658+00:00
[2022-12-19T19:58:03.107+0000] {processor.py:175} INFO - Processing /home/airflow/.local/lib/python3.7/site-packages/airflow/example_dags/example_latest_only_with_trigger.py took 0.115 seconds
[2022-12-19T19:58:33.660+0000] {processor.py:153} INFO - Started process (PID=3448) to work on /home/airflow/.local/lib/python3.7/site-packages/airflow/example_dags/example_latest_only_with_trigger.py
[2022-12-19T19:58:33.661+0000] {processor.py:743} INFO - Processing file /home/airflow/.local/lib/python3.7/site-packages/airflow/example_dags/example_latest_only_with_trigger.py for tasks to queue
[2022-12-19T19:58:33.662+0000] {logging_mixin.py:137} INFO - [2022-12-19T19:58:33.662+0000] {dagbag.py:538} INFO - Filling up the DagBag from /home/airflow/.local/lib/python3.7/site-packages/airflow/example_dags/example_latest_only_with_trigger.py
[2022-12-19T19:58:33.680+0000] {processor.py:753} INFO - DAG(s) dict_keys(['latest_only_with_trigger']) retrieved from /home/airflow/.local/lib/python3.7/site-packages/airflow/example_dags/example_latest_only_with_trigger.py
[2022-12-19T19:58:33.727+0000] {logging_mixin.py:137} INFO - [2022-12-19T19:58:33.727+0000] {dag.py:2676} INFO - Sync 1 DAGs
[2022-12-19T19:58:33.754+0000] {logging_mixin.py:137} INFO - [2022-12-19T19:58:33.754+0000] {dag.py:3427} INFO - Setting next_dagrun for latest_only_with_trigger to 2022-12-19T15:58:33.753763+00:00, run_after=2022-12-19T19:58:33.753763+00:00
[2022-12-19T19:58:33.782+0000] {processor.py:175} INFO - Processing /home/airflow/.local/lib/python3.7/site-packages/airflow/example_dags/example_latest_only_with_trigger.py took 0.125 seconds
[2022-12-19T19:59:03.960+0000] {processor.py:153} INFO - Started process (PID=3543) to work on /home/airflow/.local/lib/python3.7/site-packages/airflow/example_dags/example_latest_only_with_trigger.py
[2022-12-19T19:59:03.961+0000] {processor.py:743} INFO - Processing file /home/airflow/.local/lib/python3.7/site-packages/airflow/example_dags/example_latest_only_with_trigger.py for tasks to queue
[2022-12-19T19:59:03.962+0000] {logging_mixin.py:137} INFO - [2022-12-19T19:59:03.962+0000] {dagbag.py:538} INFO - Filling up the DagBag from /home/airflow/.local/lib/python3.7/site-packages/airflow/example_dags/example_latest_only_with_trigger.py
[2022-12-19T19:59:03.979+0000] {processor.py:753} INFO - DAG(s) dict_keys(['latest_only_with_trigger']) retrieved from /home/airflow/.local/lib/python3.7/site-packages/airflow/example_dags/example_latest_only_with_trigger.py
[2022-12-19T19:59:04.025+0000] {logging_mixin.py:137} INFO - [2022-12-19T19:59:04.025+0000] {dag.py:2676} INFO - Sync 1 DAGs
[2022-12-19T19:59:04.057+0000] {logging_mixin.py:137} INFO - [2022-12-19T19:59:04.057+0000] {dag.py:3427} INFO - Setting next_dagrun for latest_only_with_trigger to 2022-12-19T15:59:04.057369+00:00, run_after=2022-12-19T19:59:04.057369+00:00
[2022-12-19T19:59:04.080+0000] {processor.py:175} INFO - Processing /home/airflow/.local/lib/python3.7/site-packages/airflow/example_dags/example_latest_only_with_trigger.py took 0.123 seconds
[2022-12-19T19:59:34.610+0000] {processor.py:153} INFO - Started process (PID=3644) to work on /home/airflow/.local/lib/python3.7/site-packages/airflow/example_dags/example_latest_only_with_trigger.py
[2022-12-19T19:59:34.611+0000] {processor.py:743} INFO - Processing file /home/airflow/.local/lib/python3.7/site-packages/airflow/example_dags/example_latest_only_with_trigger.py for tasks to queue
[2022-12-19T19:59:34.612+0000] {logging_mixin.py:137} INFO - [2022-12-19T19:59:34.611+0000] {dagbag.py:538} INFO - Filling up the DagBag from /home/airflow/.local/lib/python3.7/site-packages/airflow/example_dags/example_latest_only_with_trigger.py
[2022-12-19T19:59:34.685+0000] {processor.py:753} INFO - DAG(s) dict_keys(['latest_only_with_trigger']) retrieved from /home/airflow/.local/lib/python3.7/site-packages/airflow/example_dags/example_latest_only_with_trigger.py
[2022-12-19T19:59:34.770+0000] {logging_mixin.py:137} INFO - [2022-12-19T19:59:34.770+0000] {dag.py:2676} INFO - Sync 1 DAGs
[2022-12-19T19:59:34.805+0000] {logging_mixin.py:137} INFO - [2022-12-19T19:59:34.805+0000] {dag.py:3427} INFO - Setting next_dagrun for latest_only_with_trigger to 2022-12-19T15:59:34.805017+00:00, run_after=2022-12-19T19:59:34.805017+00:00
[2022-12-19T19:59:34.829+0000] {processor.py:175} INFO - Processing /home/airflow/.local/lib/python3.7/site-packages/airflow/example_dags/example_latest_only_with_trigger.py took 0.224 seconds
[2022-12-19T20:00:04.905+0000] {processor.py:153} INFO - Started process (PID=3730) to work on /home/airflow/.local/lib/python3.7/site-packages/airflow/example_dags/example_latest_only_with_trigger.py
[2022-12-19T20:00:04.906+0000] {processor.py:743} INFO - Processing file /home/airflow/.local/lib/python3.7/site-packages/airflow/example_dags/example_latest_only_with_trigger.py for tasks to queue
[2022-12-19T20:00:04.907+0000] {logging_mixin.py:137} INFO - [2022-12-19T20:00:04.906+0000] {dagbag.py:538} INFO - Filling up the DagBag from /home/airflow/.local/lib/python3.7/site-packages/airflow/example_dags/example_latest_only_with_trigger.py
[2022-12-19T20:00:04.922+0000] {processor.py:753} INFO - DAG(s) dict_keys(['latest_only_with_trigger']) retrieved from /home/airflow/.local/lib/python3.7/site-packages/airflow/example_dags/example_latest_only_with_trigger.py
[2022-12-19T20:00:04.963+0000] {logging_mixin.py:137} INFO - [2022-12-19T20:00:04.963+0000] {dag.py:2676} INFO - Sync 1 DAGs
[2022-12-19T20:00:04.992+0000] {logging_mixin.py:137} INFO - [2022-12-19T20:00:04.991+0000] {dag.py:3427} INFO - Setting next_dagrun for latest_only_with_trigger to 2022-12-19T16:00:04.991560+00:00, run_after=2022-12-19T20:00:04.991560+00:00
[2022-12-19T20:00:05.013+0000] {processor.py:175} INFO - Processing /home/airflow/.local/lib/python3.7/site-packages/airflow/example_dags/example_latest_only_with_trigger.py took 0.111 seconds
[2022-12-19T20:00:35.706+0000] {processor.py:153} INFO - Started process (PID=3817) to work on /home/airflow/.local/lib/python3.7/site-packages/airflow/example_dags/example_latest_only_with_trigger.py
[2022-12-19T20:00:35.707+0000] {processor.py:743} INFO - Processing file /home/airflow/.local/lib/python3.7/site-packages/airflow/example_dags/example_latest_only_with_trigger.py for tasks to queue
[2022-12-19T20:00:35.707+0000] {logging_mixin.py:137} INFO - [2022-12-19T20:00:35.707+0000] {dagbag.py:538} INFO - Filling up the DagBag from /home/airflow/.local/lib/python3.7/site-packages/airflow/example_dags/example_latest_only_with_trigger.py
[2022-12-19T20:00:35.725+0000] {processor.py:753} INFO - DAG(s) dict_keys(['latest_only_with_trigger']) retrieved from /home/airflow/.local/lib/python3.7/site-packages/airflow/example_dags/example_latest_only_with_trigger.py
[2022-12-19T20:00:35.801+0000] {logging_mixin.py:137} INFO - [2022-12-19T20:00:35.800+0000] {dag.py:2676} INFO - Sync 1 DAGs
[2022-12-19T20:00:35.828+0000] {logging_mixin.py:137} INFO - [2022-12-19T20:00:35.828+0000] {dag.py:3427} INFO - Setting next_dagrun for latest_only_with_trigger to 2022-12-19T16:00:35.827916+00:00, run_after=2022-12-19T20:00:35.827916+00:00
[2022-12-19T20:00:35.889+0000] {processor.py:175} INFO - Processing /home/airflow/.local/lib/python3.7/site-packages/airflow/example_dags/example_latest_only_with_trigger.py took 0.187 seconds
[2022-12-19T20:01:06.114+0000] {processor.py:153} INFO - Started process (PID=3927) to work on /home/airflow/.local/lib/python3.7/site-packages/airflow/example_dags/example_latest_only_with_trigger.py
[2022-12-19T20:01:06.115+0000] {processor.py:743} INFO - Processing file /home/airflow/.local/lib/python3.7/site-packages/airflow/example_dags/example_latest_only_with_trigger.py for tasks to queue
[2022-12-19T20:01:06.116+0000] {logging_mixin.py:137} INFO - [2022-12-19T20:01:06.116+0000] {dagbag.py:538} INFO - Filling up the DagBag from /home/airflow/.local/lib/python3.7/site-packages/airflow/example_dags/example_latest_only_with_trigger.py
[2022-12-19T20:01:06.131+0000] {processor.py:753} INFO - DAG(s) dict_keys(['latest_only_with_trigger']) retrieved from /home/airflow/.local/lib/python3.7/site-packages/airflow/example_dags/example_latest_only_with_trigger.py
[2022-12-19T20:01:06.170+0000] {logging_mixin.py:137} INFO - [2022-12-19T20:01:06.170+0000] {dag.py:2676} INFO - Sync 1 DAGs
[2022-12-19T20:01:06.199+0000] {logging_mixin.py:137} INFO - [2022-12-19T20:01:06.199+0000] {dag.py:3427} INFO - Setting next_dagrun for latest_only_with_trigger to 2022-12-19T16:01:06.199112+00:00, run_after=2022-12-19T20:01:06.199112+00:00
[2022-12-19T20:01:06.220+0000] {processor.py:175} INFO - Processing /home/airflow/.local/lib/python3.7/site-packages/airflow/example_dags/example_latest_only_with_trigger.py took 0.110 seconds
[2022-12-19T20:01:36.460+0000] {processor.py:153} INFO - Started process (PID=4013) to work on /home/airflow/.local/lib/python3.7/site-packages/airflow/example_dags/example_latest_only_with_trigger.py
[2022-12-19T20:01:36.460+0000] {processor.py:743} INFO - Processing file /home/airflow/.local/lib/python3.7/site-packages/airflow/example_dags/example_latest_only_with_trigger.py for tasks to queue
[2022-12-19T20:01:36.461+0000] {logging_mixin.py:137} INFO - [2022-12-19T20:01:36.461+0000] {dagbag.py:538} INFO - Filling up the DagBag from /home/airflow/.local/lib/python3.7/site-packages/airflow/example_dags/example_latest_only_with_trigger.py
[2022-12-19T20:01:36.476+0000] {processor.py:753} INFO - DAG(s) dict_keys(['latest_only_with_trigger']) retrieved from /home/airflow/.local/lib/python3.7/site-packages/airflow/example_dags/example_latest_only_with_trigger.py
[2022-12-19T20:01:36.522+0000] {logging_mixin.py:137} INFO - [2022-12-19T20:01:36.522+0000] {dag.py:2676} INFO - Sync 1 DAGs
[2022-12-19T20:01:36.560+0000] {logging_mixin.py:137} INFO - [2022-12-19T20:01:36.560+0000] {dag.py:3427} INFO - Setting next_dagrun for latest_only_with_trigger to 2022-12-19T16:01:36.559841+00:00, run_after=2022-12-19T20:01:36.559841+00:00
[2022-12-19T20:01:36.584+0000] {processor.py:175} INFO - Processing /home/airflow/.local/lib/python3.7/site-packages/airflow/example_dags/example_latest_only_with_trigger.py took 0.127 seconds
[2022-12-19T20:02:06.848+0000] {processor.py:153} INFO - Started process (PID=4109) to work on /home/airflow/.local/lib/python3.7/site-packages/airflow/example_dags/example_latest_only_with_trigger.py
[2022-12-19T20:02:06.849+0000] {processor.py:743} INFO - Processing file /home/airflow/.local/lib/python3.7/site-packages/airflow/example_dags/example_latest_only_with_trigger.py for tasks to queue
[2022-12-19T20:02:06.849+0000] {logging_mixin.py:137} INFO - [2022-12-19T20:02:06.849+0000] {dagbag.py:538} INFO - Filling up the DagBag from /home/airflow/.local/lib/python3.7/site-packages/airflow/example_dags/example_latest_only_with_trigger.py
[2022-12-19T20:02:06.865+0000] {processor.py:753} INFO - DAG(s) dict_keys(['latest_only_with_trigger']) retrieved from /home/airflow/.local/lib/python3.7/site-packages/airflow/example_dags/example_latest_only_with_trigger.py
[2022-12-19T20:02:06.914+0000] {logging_mixin.py:137} INFO - [2022-12-19T20:02:06.913+0000] {dag.py:2676} INFO - Sync 1 DAGs
[2022-12-19T20:02:06.946+0000] {logging_mixin.py:137} INFO - [2022-12-19T20:02:06.946+0000] {dag.py:3427} INFO - Setting next_dagrun for latest_only_with_trigger to 2022-12-19T16:02:06.946122+00:00, run_after=2022-12-19T20:02:06.946122+00:00
[2022-12-19T20:02:06.983+0000] {processor.py:175} INFO - Processing /home/airflow/.local/lib/python3.7/site-packages/airflow/example_dags/example_latest_only_with_trigger.py took 0.140 seconds
[2022-12-19T20:02:37.106+0000] {processor.py:153} INFO - Started process (PID=4210) to work on /home/airflow/.local/lib/python3.7/site-packages/airflow/example_dags/example_latest_only_with_trigger.py
[2022-12-19T20:02:37.107+0000] {processor.py:743} INFO - Processing file /home/airflow/.local/lib/python3.7/site-packages/airflow/example_dags/example_latest_only_with_trigger.py for tasks to queue
[2022-12-19T20:02:37.107+0000] {logging_mixin.py:137} INFO - [2022-12-19T20:02:37.107+0000] {dagbag.py:538} INFO - Filling up the DagBag from /home/airflow/.local/lib/python3.7/site-packages/airflow/example_dags/example_latest_only_with_trigger.py
[2022-12-19T20:02:37.125+0000] {processor.py:753} INFO - DAG(s) dict_keys(['latest_only_with_trigger']) retrieved from /home/airflow/.local/lib/python3.7/site-packages/airflow/example_dags/example_latest_only_with_trigger.py
[2022-12-19T20:02:37.177+0000] {logging_mixin.py:137} INFO - [2022-12-19T20:02:37.176+0000] {dag.py:2676} INFO - Sync 1 DAGs
[2022-12-19T20:02:37.215+0000] {logging_mixin.py:137} INFO - [2022-12-19T20:02:37.215+0000] {dag.py:3427} INFO - Setting next_dagrun for latest_only_with_trigger to 2022-12-19T16:02:37.214931+00:00, run_after=2022-12-19T20:02:37.214931+00:00
[2022-12-19T20:02:37.247+0000] {processor.py:175} INFO - Processing /home/airflow/.local/lib/python3.7/site-packages/airflow/example_dags/example_latest_only_with_trigger.py took 0.146 seconds
[2022-12-19T20:03:08.128+0000] {processor.py:153} INFO - Started process (PID=4297) to work on /home/airflow/.local/lib/python3.7/site-packages/airflow/example_dags/example_latest_only_with_trigger.py
[2022-12-19T20:03:08.130+0000] {processor.py:743} INFO - Processing file /home/airflow/.local/lib/python3.7/site-packages/airflow/example_dags/example_latest_only_with_trigger.py for tasks to queue
[2022-12-19T20:03:08.130+0000] {logging_mixin.py:137} INFO - [2022-12-19T20:03:08.130+0000] {dagbag.py:538} INFO - Filling up the DagBag from /home/airflow/.local/lib/python3.7/site-packages/airflow/example_dags/example_latest_only_with_trigger.py
[2022-12-19T20:03:08.144+0000] {processor.py:753} INFO - DAG(s) dict_keys(['latest_only_with_trigger']) retrieved from /home/airflow/.local/lib/python3.7/site-packages/airflow/example_dags/example_latest_only_with_trigger.py
[2022-12-19T20:03:08.191+0000] {logging_mixin.py:137} INFO - [2022-12-19T20:03:08.190+0000] {dag.py:2676} INFO - Sync 1 DAGs
[2022-12-19T20:03:08.223+0000] {logging_mixin.py:137} INFO - [2022-12-19T20:03:08.223+0000] {dag.py:3427} INFO - Setting next_dagrun for latest_only_with_trigger to 2022-12-19T16:03:08.223151+00:00, run_after=2022-12-19T20:03:08.223151+00:00
[2022-12-19T20:03:08.245+0000] {processor.py:175} INFO - Processing /home/airflow/.local/lib/python3.7/site-packages/airflow/example_dags/example_latest_only_with_trigger.py took 0.121 seconds
[2022-12-19T20:03:38.459+0000] {processor.py:153} INFO - Started process (PID=4407) to work on /home/airflow/.local/lib/python3.7/site-packages/airflow/example_dags/example_latest_only_with_trigger.py
[2022-12-19T20:03:38.460+0000] {processor.py:743} INFO - Processing file /home/airflow/.local/lib/python3.7/site-packages/airflow/example_dags/example_latest_only_with_trigger.py for tasks to queue
[2022-12-19T20:03:38.461+0000] {logging_mixin.py:137} INFO - [2022-12-19T20:03:38.461+0000] {dagbag.py:538} INFO - Filling up the DagBag from /home/airflow/.local/lib/python3.7/site-packages/airflow/example_dags/example_latest_only_with_trigger.py
[2022-12-19T20:03:38.481+0000] {processor.py:753} INFO - DAG(s) dict_keys(['latest_only_with_trigger']) retrieved from /home/airflow/.local/lib/python3.7/site-packages/airflow/example_dags/example_latest_only_with_trigger.py
[2022-12-19T20:03:38.539+0000] {logging_mixin.py:137} INFO - [2022-12-19T20:03:38.539+0000] {dag.py:2676} INFO - Sync 1 DAGs
[2022-12-19T20:03:38.581+0000] {logging_mixin.py:137} INFO - [2022-12-19T20:03:38.581+0000] {dag.py:3427} INFO - Setting next_dagrun for latest_only_with_trigger to 2022-12-19T16:03:38.580960+00:00, run_after=2022-12-19T20:03:38.580960+00:00
[2022-12-19T20:03:38.604+0000] {processor.py:175} INFO - Processing /home/airflow/.local/lib/python3.7/site-packages/airflow/example_dags/example_latest_only_with_trigger.py took 0.150 seconds
[2022-12-19T20:04:09.048+0000] {processor.py:153} INFO - Started process (PID=4494) to work on /home/airflow/.local/lib/python3.7/site-packages/airflow/example_dags/example_latest_only_with_trigger.py
[2022-12-19T20:04:09.049+0000] {processor.py:743} INFO - Processing file /home/airflow/.local/lib/python3.7/site-packages/airflow/example_dags/example_latest_only_with_trigger.py for tasks to queue
[2022-12-19T20:04:09.050+0000] {logging_mixin.py:137} INFO - [2022-12-19T20:04:09.050+0000] {dagbag.py:538} INFO - Filling up the DagBag from /home/airflow/.local/lib/python3.7/site-packages/airflow/example_dags/example_latest_only_with_trigger.py
[2022-12-19T20:04:09.066+0000] {processor.py:753} INFO - DAG(s) dict_keys(['latest_only_with_trigger']) retrieved from /home/airflow/.local/lib/python3.7/site-packages/airflow/example_dags/example_latest_only_with_trigger.py
[2022-12-19T20:04:09.195+0000] {logging_mixin.py:137} INFO - [2022-12-19T20:04:09.195+0000] {dag.py:2676} INFO - Sync 1 DAGs
[2022-12-19T20:04:09.226+0000] {logging_mixin.py:137} INFO - [2022-12-19T20:04:09.226+0000] {dag.py:3427} INFO - Setting next_dagrun for latest_only_with_trigger to 2022-12-19T16:04:09.225752+00:00, run_after=2022-12-19T20:04:09.225752+00:00
[2022-12-19T20:04:09.284+0000] {processor.py:175} INFO - Processing /home/airflow/.local/lib/python3.7/site-packages/airflow/example_dags/example_latest_only_with_trigger.py took 0.239 seconds
[2022-12-19T20:04:39.576+0000] {processor.py:153} INFO - Started process (PID=4580) to work on /home/airflow/.local/lib/python3.7/site-packages/airflow/example_dags/example_latest_only_with_trigger.py
[2022-12-19T20:04:39.577+0000] {processor.py:743} INFO - Processing file /home/airflow/.local/lib/python3.7/site-packages/airflow/example_dags/example_latest_only_with_trigger.py for tasks to queue
[2022-12-19T20:04:39.578+0000] {logging_mixin.py:137} INFO - [2022-12-19T20:04:39.578+0000] {dagbag.py:538} INFO - Filling up the DagBag from /home/airflow/.local/lib/python3.7/site-packages/airflow/example_dags/example_latest_only_with_trigger.py
[2022-12-19T20:04:39.599+0000] {processor.py:753} INFO - DAG(s) dict_keys(['latest_only_with_trigger']) retrieved from /home/airflow/.local/lib/python3.7/site-packages/airflow/example_dags/example_latest_only_with_trigger.py
[2022-12-19T20:04:39.655+0000] {logging_mixin.py:137} INFO - [2022-12-19T20:04:39.654+0000] {dag.py:2676} INFO - Sync 1 DAGs
[2022-12-19T20:04:39.689+0000] {logging_mixin.py:137} INFO - [2022-12-19T20:04:39.689+0000] {dag.py:3427} INFO - Setting next_dagrun for latest_only_with_trigger to 2022-12-19T16:04:39.688870+00:00, run_after=2022-12-19T20:04:39.688870+00:00
[2022-12-19T20:04:39.718+0000] {processor.py:175} INFO - Processing /home/airflow/.local/lib/python3.7/site-packages/airflow/example_dags/example_latest_only_with_trigger.py took 0.147 seconds
[2022-12-19T20:05:10.317+0000] {processor.py:153} INFO - Started process (PID=4690) to work on /home/airflow/.local/lib/python3.7/site-packages/airflow/example_dags/example_latest_only_with_trigger.py
[2022-12-19T20:05:10.318+0000] {processor.py:743} INFO - Processing file /home/airflow/.local/lib/python3.7/site-packages/airflow/example_dags/example_latest_only_with_trigger.py for tasks to queue
[2022-12-19T20:05:10.319+0000] {logging_mixin.py:137} INFO - [2022-12-19T20:05:10.319+0000] {dagbag.py:538} INFO - Filling up the DagBag from /home/airflow/.local/lib/python3.7/site-packages/airflow/example_dags/example_latest_only_with_trigger.py
[2022-12-19T20:05:10.334+0000] {processor.py:753} INFO - DAG(s) dict_keys(['latest_only_with_trigger']) retrieved from /home/airflow/.local/lib/python3.7/site-packages/airflow/example_dags/example_latest_only_with_trigger.py
[2022-12-19T20:05:10.377+0000] {logging_mixin.py:137} INFO - [2022-12-19T20:05:10.377+0000] {dag.py:2676} INFO - Sync 1 DAGs
[2022-12-19T20:05:10.412+0000] {logging_mixin.py:137} INFO - [2022-12-19T20:05:10.412+0000] {dag.py:3427} INFO - Setting next_dagrun for latest_only_with_trigger to 2022-12-19T16:05:10.411811+00:00, run_after=2022-12-19T20:05:10.411811+00:00
[2022-12-19T20:05:10.436+0000] {processor.py:175} INFO - Processing /home/airflow/.local/lib/python3.7/site-packages/airflow/example_dags/example_latest_only_with_trigger.py took 0.123 seconds
[2022-12-19T20:05:40.603+0000] {processor.py:153} INFO - Started process (PID=4776) to work on /home/airflow/.local/lib/python3.7/site-packages/airflow/example_dags/example_latest_only_with_trigger.py
[2022-12-19T20:05:40.604+0000] {processor.py:743} INFO - Processing file /home/airflow/.local/lib/python3.7/site-packages/airflow/example_dags/example_latest_only_with_trigger.py for tasks to queue
[2022-12-19T20:05:40.605+0000] {logging_mixin.py:137} INFO - [2022-12-19T20:05:40.605+0000] {dagbag.py:538} INFO - Filling up the DagBag from /home/airflow/.local/lib/python3.7/site-packages/airflow/example_dags/example_latest_only_with_trigger.py
[2022-12-19T20:05:40.620+0000] {processor.py:753} INFO - DAG(s) dict_keys(['latest_only_with_trigger']) retrieved from /home/airflow/.local/lib/python3.7/site-packages/airflow/example_dags/example_latest_only_with_trigger.py
[2022-12-19T20:05:40.661+0000] {logging_mixin.py:137} INFO - [2022-12-19T20:05:40.660+0000] {dag.py:2676} INFO - Sync 1 DAGs
[2022-12-19T20:05:40.688+0000] {logging_mixin.py:137} INFO - [2022-12-19T20:05:40.687+0000] {dag.py:3427} INFO - Setting next_dagrun for latest_only_with_trigger to 2022-12-19T16:05:40.687610+00:00, run_after=2022-12-19T20:05:40.687610+00:00
[2022-12-19T20:05:40.707+0000] {processor.py:175} INFO - Processing /home/airflow/.local/lib/python3.7/site-packages/airflow/example_dags/example_latest_only_with_trigger.py took 0.107 seconds
[2022-12-19T20:06:10.993+0000] {processor.py:153} INFO - Started process (PID=4862) to work on /home/airflow/.local/lib/python3.7/site-packages/airflow/example_dags/example_latest_only_with_trigger.py
[2022-12-19T20:06:10.994+0000] {processor.py:743} INFO - Processing file /home/airflow/.local/lib/python3.7/site-packages/airflow/example_dags/example_latest_only_with_trigger.py for tasks to queue
[2022-12-19T20:06:10.995+0000] {logging_mixin.py:137} INFO - [2022-12-19T20:06:10.994+0000] {dagbag.py:538} INFO - Filling up the DagBag from /home/airflow/.local/lib/python3.7/site-packages/airflow/example_dags/example_latest_only_with_trigger.py
[2022-12-19T20:06:11.010+0000] {processor.py:753} INFO - DAG(s) dict_keys(['latest_only_with_trigger']) retrieved from /home/airflow/.local/lib/python3.7/site-packages/airflow/example_dags/example_latest_only_with_trigger.py
[2022-12-19T20:06:11.058+0000] {logging_mixin.py:137} INFO - [2022-12-19T20:06:11.057+0000] {dag.py:2676} INFO - Sync 1 DAGs
[2022-12-19T20:06:11.088+0000] {logging_mixin.py:137} INFO - [2022-12-19T20:06:11.088+0000] {dag.py:3427} INFO - Setting next_dagrun for latest_only_with_trigger to 2022-12-19T16:06:11.087927+00:00, run_after=2022-12-19T20:06:11.087927+00:00
[2022-12-19T20:06:11.110+0000] {processor.py:175} INFO - Processing /home/airflow/.local/lib/python3.7/site-packages/airflow/example_dags/example_latest_only_with_trigger.py took 0.121 seconds
[2022-12-19T20:06:41.656+0000] {processor.py:153} INFO - Started process (PID=4972) to work on /home/airflow/.local/lib/python3.7/site-packages/airflow/example_dags/example_latest_only_with_trigger.py
[2022-12-19T20:06:41.657+0000] {processor.py:743} INFO - Processing file /home/airflow/.local/lib/python3.7/site-packages/airflow/example_dags/example_latest_only_with_trigger.py for tasks to queue
[2022-12-19T20:06:41.657+0000] {logging_mixin.py:137} INFO - [2022-12-19T20:06:41.657+0000] {dagbag.py:538} INFO - Filling up the DagBag from /home/airflow/.local/lib/python3.7/site-packages/airflow/example_dags/example_latest_only_with_trigger.py
[2022-12-19T20:06:41.673+0000] {processor.py:753} INFO - DAG(s) dict_keys(['latest_only_with_trigger']) retrieved from /home/airflow/.local/lib/python3.7/site-packages/airflow/example_dags/example_latest_only_with_trigger.py
[2022-12-19T20:06:41.718+0000] {logging_mixin.py:137} INFO - [2022-12-19T20:06:41.718+0000] {dag.py:2676} INFO - Sync 1 DAGs
[2022-12-19T20:06:41.749+0000] {logging_mixin.py:137} INFO - [2022-12-19T20:06:41.749+0000] {dag.py:3427} INFO - Setting next_dagrun for latest_only_with_trigger to 2022-12-19T16:06:41.748790+00:00, run_after=2022-12-19T20:06:41.748790+00:00
[2022-12-19T20:06:41.775+0000] {processor.py:175} INFO - Processing /home/airflow/.local/lib/python3.7/site-packages/airflow/example_dags/example_latest_only_with_trigger.py took 0.122 seconds
[2022-12-19T20:07:12.098+0000] {processor.py:153} INFO - Started process (PID=5059) to work on /home/airflow/.local/lib/python3.7/site-packages/airflow/example_dags/example_latest_only_with_trigger.py
[2022-12-19T20:07:12.099+0000] {processor.py:743} INFO - Processing file /home/airflow/.local/lib/python3.7/site-packages/airflow/example_dags/example_latest_only_with_trigger.py for tasks to queue
[2022-12-19T20:07:12.100+0000] {logging_mixin.py:137} INFO - [2022-12-19T20:07:12.100+0000] {dagbag.py:538} INFO - Filling up the DagBag from /home/airflow/.local/lib/python3.7/site-packages/airflow/example_dags/example_latest_only_with_trigger.py
[2022-12-19T20:07:12.115+0000] {processor.py:753} INFO - DAG(s) dict_keys(['latest_only_with_trigger']) retrieved from /home/airflow/.local/lib/python3.7/site-packages/airflow/example_dags/example_latest_only_with_trigger.py
[2022-12-19T20:07:12.154+0000] {logging_mixin.py:137} INFO - [2022-12-19T20:07:12.154+0000] {dag.py:2676} INFO - Sync 1 DAGs
[2022-12-19T20:07:12.182+0000] {logging_mixin.py:137} INFO - [2022-12-19T20:07:12.182+0000] {dag.py:3427} INFO - Setting next_dagrun for latest_only_with_trigger to 2022-12-19T16:07:12.182500+00:00, run_after=2022-12-19T20:07:12.182500+00:00
[2022-12-19T20:07:12.203+0000] {processor.py:175} INFO - Processing /home/airflow/.local/lib/python3.7/site-packages/airflow/example_dags/example_latest_only_with_trigger.py took 0.108 seconds
[2022-12-19T20:07:42.366+0000] {processor.py:153} INFO - Started process (PID=5145) to work on /home/airflow/.local/lib/python3.7/site-packages/airflow/example_dags/example_latest_only_with_trigger.py
[2022-12-19T20:07:42.367+0000] {processor.py:743} INFO - Processing file /home/airflow/.local/lib/python3.7/site-packages/airflow/example_dags/example_latest_only_with_trigger.py for tasks to queue
[2022-12-19T20:07:42.368+0000] {logging_mixin.py:137} INFO - [2022-12-19T20:07:42.368+0000] {dagbag.py:538} INFO - Filling up the DagBag from /home/airflow/.local/lib/python3.7/site-packages/airflow/example_dags/example_latest_only_with_trigger.py
[2022-12-19T20:07:42.387+0000] {processor.py:753} INFO - DAG(s) dict_keys(['latest_only_with_trigger']) retrieved from /home/airflow/.local/lib/python3.7/site-packages/airflow/example_dags/example_latest_only_with_trigger.py
[2022-12-19T20:07:42.437+0000] {logging_mixin.py:137} INFO - [2022-12-19T20:07:42.436+0000] {dag.py:2676} INFO - Sync 1 DAGs
[2022-12-19T20:07:42.469+0000] {logging_mixin.py:137} INFO - [2022-12-19T20:07:42.469+0000] {dag.py:3427} INFO - Setting next_dagrun for latest_only_with_trigger to 2022-12-19T16:07:42.469171+00:00, run_after=2022-12-19T20:07:42.469171+00:00
[2022-12-19T20:07:42.495+0000] {processor.py:175} INFO - Processing /home/airflow/.local/lib/python3.7/site-packages/airflow/example_dags/example_latest_only_with_trigger.py took 0.132 seconds
[2022-12-19T20:08:12.686+0000] {processor.py:153} INFO - Started process (PID=5255) to work on /home/airflow/.local/lib/python3.7/site-packages/airflow/example_dags/example_latest_only_with_trigger.py
[2022-12-19T20:08:12.687+0000] {processor.py:743} INFO - Processing file /home/airflow/.local/lib/python3.7/site-packages/airflow/example_dags/example_latest_only_with_trigger.py for tasks to queue
[2022-12-19T20:08:12.688+0000] {logging_mixin.py:137} INFO - [2022-12-19T20:08:12.688+0000] {dagbag.py:538} INFO - Filling up the DagBag from /home/airflow/.local/lib/python3.7/site-packages/airflow/example_dags/example_latest_only_with_trigger.py
[2022-12-19T20:08:12.706+0000] {processor.py:753} INFO - DAG(s) dict_keys(['latest_only_with_trigger']) retrieved from /home/airflow/.local/lib/python3.7/site-packages/airflow/example_dags/example_latest_only_with_trigger.py
[2022-12-19T20:08:12.756+0000] {logging_mixin.py:137} INFO - [2022-12-19T20:08:12.756+0000] {dag.py:2676} INFO - Sync 1 DAGs
[2022-12-19T20:08:12.785+0000] {logging_mixin.py:137} INFO - [2022-12-19T20:08:12.785+0000] {dag.py:3427} INFO - Setting next_dagrun for latest_only_with_trigger to 2022-12-19T16:08:12.785226+00:00, run_after=2022-12-19T20:08:12.785226+00:00
[2022-12-19T20:08:12.809+0000] {processor.py:175} INFO - Processing /home/airflow/.local/lib/python3.7/site-packages/airflow/example_dags/example_latest_only_with_trigger.py took 0.126 seconds
[2022-12-19T20:08:43.187+0000] {processor.py:153} INFO - Started process (PID=5341) to work on /home/airflow/.local/lib/python3.7/site-packages/airflow/example_dags/example_latest_only_with_trigger.py
[2022-12-19T20:08:43.188+0000] {processor.py:743} INFO - Processing file /home/airflow/.local/lib/python3.7/site-packages/airflow/example_dags/example_latest_only_with_trigger.py for tasks to queue
[2022-12-19T20:08:43.189+0000] {logging_mixin.py:137} INFO - [2022-12-19T20:08:43.189+0000] {dagbag.py:538} INFO - Filling up the DagBag from /home/airflow/.local/lib/python3.7/site-packages/airflow/example_dags/example_latest_only_with_trigger.py
[2022-12-19T20:08:43.207+0000] {processor.py:753} INFO - DAG(s) dict_keys(['latest_only_with_trigger']) retrieved from /home/airflow/.local/lib/python3.7/site-packages/airflow/example_dags/example_latest_only_with_trigger.py
[2022-12-19T20:08:43.310+0000] {logging_mixin.py:137} INFO - [2022-12-19T20:08:43.309+0000] {dag.py:2676} INFO - Sync 1 DAGs
[2022-12-19T20:08:43.398+0000] {logging_mixin.py:137} INFO - [2022-12-19T20:08:43.398+0000] {dag.py:3427} INFO - Setting next_dagrun for latest_only_with_trigger to 2022-12-19T16:08:43.397765+00:00, run_after=2022-12-19T20:08:43.397765+00:00
[2022-12-19T20:08:43.474+0000] {processor.py:175} INFO - Processing /home/airflow/.local/lib/python3.7/site-packages/airflow/example_dags/example_latest_only_with_trigger.py took 0.290 seconds
[2022-12-19T20:09:13.720+0000] {processor.py:153} INFO - Started process (PID=5427) to work on /home/airflow/.local/lib/python3.7/site-packages/airflow/example_dags/example_latest_only_with_trigger.py
[2022-12-19T20:09:13.721+0000] {processor.py:743} INFO - Processing file /home/airflow/.local/lib/python3.7/site-packages/airflow/example_dags/example_latest_only_with_trigger.py for tasks to queue
[2022-12-19T20:09:13.722+0000] {logging_mixin.py:137} INFO - [2022-12-19T20:09:13.722+0000] {dagbag.py:538} INFO - Filling up the DagBag from /home/airflow/.local/lib/python3.7/site-packages/airflow/example_dags/example_latest_only_with_trigger.py
[2022-12-19T20:09:13.738+0000] {processor.py:753} INFO - DAG(s) dict_keys(['latest_only_with_trigger']) retrieved from /home/airflow/.local/lib/python3.7/site-packages/airflow/example_dags/example_latest_only_with_trigger.py
[2022-12-19T20:09:13.777+0000] {logging_mixin.py:137} INFO - [2022-12-19T20:09:13.777+0000] {dag.py:2676} INFO - Sync 1 DAGs
[2022-12-19T20:09:13.807+0000] {logging_mixin.py:137} INFO - [2022-12-19T20:09:13.807+0000] {dag.py:3427} INFO - Setting next_dagrun for latest_only_with_trigger to 2022-12-19T16:09:13.807143+00:00, run_after=2022-12-19T20:09:13.807143+00:00
[2022-12-19T20:09:13.826+0000] {processor.py:175} INFO - Processing /home/airflow/.local/lib/python3.7/site-packages/airflow/example_dags/example_latest_only_with_trigger.py took 0.109 seconds
[2022-12-19T20:09:44.046+0000] {processor.py:153} INFO - Started process (PID=5537) to work on /home/airflow/.local/lib/python3.7/site-packages/airflow/example_dags/example_latest_only_with_trigger.py
[2022-12-19T20:09:44.047+0000] {processor.py:743} INFO - Processing file /home/airflow/.local/lib/python3.7/site-packages/airflow/example_dags/example_latest_only_with_trigger.py for tasks to queue
[2022-12-19T20:09:44.048+0000] {logging_mixin.py:137} INFO - [2022-12-19T20:09:44.048+0000] {dagbag.py:538} INFO - Filling up the DagBag from /home/airflow/.local/lib/python3.7/site-packages/airflow/example_dags/example_latest_only_with_trigger.py
[2022-12-19T20:09:44.062+0000] {processor.py:753} INFO - DAG(s) dict_keys(['latest_only_with_trigger']) retrieved from /home/airflow/.local/lib/python3.7/site-packages/airflow/example_dags/example_latest_only_with_trigger.py
[2022-12-19T20:09:44.103+0000] {logging_mixin.py:137} INFO - [2022-12-19T20:09:44.102+0000] {dag.py:2676} INFO - Sync 1 DAGs
[2022-12-19T20:09:44.130+0000] {logging_mixin.py:137} INFO - [2022-12-19T20:09:44.130+0000] {dag.py:3427} INFO - Setting next_dagrun for latest_only_with_trigger to 2022-12-19T16:09:44.129882+00:00, run_after=2022-12-19T20:09:44.129882+00:00
[2022-12-19T20:09:44.148+0000] {processor.py:175} INFO - Processing /home/airflow/.local/lib/python3.7/site-packages/airflow/example_dags/example_latest_only_with_trigger.py took 0.107 seconds
[2022-12-19T20:10:14.564+0000] {processor.py:153} INFO - Started process (PID=5623) to work on /home/airflow/.local/lib/python3.7/site-packages/airflow/example_dags/example_latest_only_with_trigger.py
[2022-12-19T20:10:14.565+0000] {processor.py:743} INFO - Processing file /home/airflow/.local/lib/python3.7/site-packages/airflow/example_dags/example_latest_only_with_trigger.py for tasks to queue
[2022-12-19T20:10:14.566+0000] {logging_mixin.py:137} INFO - [2022-12-19T20:10:14.565+0000] {dagbag.py:538} INFO - Filling up the DagBag from /home/airflow/.local/lib/python3.7/site-packages/airflow/example_dags/example_latest_only_with_trigger.py
[2022-12-19T20:10:14.582+0000] {processor.py:753} INFO - DAG(s) dict_keys(['latest_only_with_trigger']) retrieved from /home/airflow/.local/lib/python3.7/site-packages/airflow/example_dags/example_latest_only_with_trigger.py
[2022-12-19T20:10:14.625+0000] {logging_mixin.py:137} INFO - [2022-12-19T20:10:14.624+0000] {dag.py:2676} INFO - Sync 1 DAGs
[2022-12-19T20:10:14.652+0000] {logging_mixin.py:137} INFO - [2022-12-19T20:10:14.651+0000] {dag.py:3427} INFO - Setting next_dagrun for latest_only_with_trigger to 2022-12-19T16:10:14.651741+00:00, run_after=2022-12-19T20:10:14.651741+00:00
[2022-12-19T20:10:14.669+0000] {processor.py:175} INFO - Processing /home/airflow/.local/lib/python3.7/site-packages/airflow/example_dags/example_latest_only_with_trigger.py took 0.110 seconds
[2022-12-19T20:10:45.497+0000] {processor.py:153} INFO - Started process (PID=5733) to work on /home/airflow/.local/lib/python3.7/site-packages/airflow/example_dags/example_latest_only_with_trigger.py
[2022-12-19T20:10:45.498+0000] {processor.py:743} INFO - Processing file /home/airflow/.local/lib/python3.7/site-packages/airflow/example_dags/example_latest_only_with_trigger.py for tasks to queue
[2022-12-19T20:10:45.499+0000] {logging_mixin.py:137} INFO - [2022-12-19T20:10:45.499+0000] {dagbag.py:538} INFO - Filling up the DagBag from /home/airflow/.local/lib/python3.7/site-packages/airflow/example_dags/example_latest_only_with_trigger.py
[2022-12-19T20:10:45.517+0000] {processor.py:753} INFO - DAG(s) dict_keys(['latest_only_with_trigger']) retrieved from /home/airflow/.local/lib/python3.7/site-packages/airflow/example_dags/example_latest_only_with_trigger.py
[2022-12-19T20:10:45.565+0000] {logging_mixin.py:137} INFO - [2022-12-19T20:10:45.564+0000] {dag.py:2676} INFO - Sync 1 DAGs
[2022-12-19T20:10:45.603+0000] {logging_mixin.py:137} INFO - [2022-12-19T20:10:45.603+0000] {dag.py:3427} INFO - Setting next_dagrun for latest_only_with_trigger to 2022-12-19T16:10:45.602716+00:00, run_after=2022-12-19T20:10:45.602716+00:00
[2022-12-19T20:10:45.630+0000] {processor.py:175} INFO - Processing /home/airflow/.local/lib/python3.7/site-packages/airflow/example_dags/example_latest_only_with_trigger.py took 0.137 seconds
[2022-12-19T20:11:15.850+0000] {processor.py:153} INFO - Started process (PID=5819) to work on /home/airflow/.local/lib/python3.7/site-packages/airflow/example_dags/example_latest_only_with_trigger.py
[2022-12-19T20:11:15.852+0000] {processor.py:743} INFO - Processing file /home/airflow/.local/lib/python3.7/site-packages/airflow/example_dags/example_latest_only_with_trigger.py for tasks to queue
[2022-12-19T20:11:15.853+0000] {logging_mixin.py:137} INFO - [2022-12-19T20:11:15.853+0000] {dagbag.py:538} INFO - Filling up the DagBag from /home/airflow/.local/lib/python3.7/site-packages/airflow/example_dags/example_latest_only_with_trigger.py
[2022-12-19T20:11:15.871+0000] {processor.py:753} INFO - DAG(s) dict_keys(['latest_only_with_trigger']) retrieved from /home/airflow/.local/lib/python3.7/site-packages/airflow/example_dags/example_latest_only_with_trigger.py
[2022-12-19T20:11:15.912+0000] {logging_mixin.py:137} INFO - [2022-12-19T20:11:15.912+0000] {dag.py:2676} INFO - Sync 1 DAGs
[2022-12-19T20:11:15.943+0000] {logging_mixin.py:137} INFO - [2022-12-19T20:11:15.943+0000] {dag.py:3427} INFO - Setting next_dagrun for latest_only_with_trigger to 2022-12-19T16:11:15.942994+00:00, run_after=2022-12-19T20:11:15.942994+00:00
[2022-12-19T20:11:15.966+0000] {processor.py:175} INFO - Processing /home/airflow/.local/lib/python3.7/site-packages/airflow/example_dags/example_latest_only_with_trigger.py took 0.119 seconds
[2022-12-19T20:11:46.099+0000] {processor.py:153} INFO - Started process (PID=5906) to work on /home/airflow/.local/lib/python3.7/site-packages/airflow/example_dags/example_latest_only_with_trigger.py
[2022-12-19T20:11:46.100+0000] {processor.py:743} INFO - Processing file /home/airflow/.local/lib/python3.7/site-packages/airflow/example_dags/example_latest_only_with_trigger.py for tasks to queue
[2022-12-19T20:11:46.101+0000] {logging_mixin.py:137} INFO - [2022-12-19T20:11:46.101+0000] {dagbag.py:538} INFO - Filling up the DagBag from /home/airflow/.local/lib/python3.7/site-packages/airflow/example_dags/example_latest_only_with_trigger.py
[2022-12-19T20:11:46.114+0000] {processor.py:753} INFO - DAG(s) dict_keys(['latest_only_with_trigger']) retrieved from /home/airflow/.local/lib/python3.7/site-packages/airflow/example_dags/example_latest_only_with_trigger.py
[2022-12-19T20:11:46.153+0000] {logging_mixin.py:137} INFO - [2022-12-19T20:11:46.152+0000] {dag.py:2676} INFO - Sync 1 DAGs
[2022-12-19T20:11:46.178+0000] {logging_mixin.py:137} INFO - [2022-12-19T20:11:46.178+0000] {dag.py:3427} INFO - Setting next_dagrun for latest_only_with_trigger to 2022-12-19T16:11:46.178378+00:00, run_after=2022-12-19T20:11:46.178378+00:00
[2022-12-19T20:11:46.196+0000] {processor.py:175} INFO - Processing /home/airflow/.local/lib/python3.7/site-packages/airflow/example_dags/example_latest_only_with_trigger.py took 0.099 seconds
[2022-12-19T20:12:16.458+0000] {processor.py:153} INFO - Started process (PID=6016) to work on /home/airflow/.local/lib/python3.7/site-packages/airflow/example_dags/example_latest_only_with_trigger.py
[2022-12-19T20:12:16.459+0000] {processor.py:743} INFO - Processing file /home/airflow/.local/lib/python3.7/site-packages/airflow/example_dags/example_latest_only_with_trigger.py for tasks to queue
[2022-12-19T20:12:16.460+0000] {logging_mixin.py:137} INFO - [2022-12-19T20:12:16.460+0000] {dagbag.py:538} INFO - Filling up the DagBag from /home/airflow/.local/lib/python3.7/site-packages/airflow/example_dags/example_latest_only_with_trigger.py
[2022-12-19T20:12:16.475+0000] {processor.py:753} INFO - DAG(s) dict_keys(['latest_only_with_trigger']) retrieved from /home/airflow/.local/lib/python3.7/site-packages/airflow/example_dags/example_latest_only_with_trigger.py
[2022-12-19T20:12:16.517+0000] {logging_mixin.py:137} INFO - [2022-12-19T20:12:16.517+0000] {dag.py:2676} INFO - Sync 1 DAGs
[2022-12-19T20:12:16.548+0000] {logging_mixin.py:137} INFO - [2022-12-19T20:12:16.548+0000] {dag.py:3427} INFO - Setting next_dagrun for latest_only_with_trigger to 2022-12-19T16:12:16.548434+00:00, run_after=2022-12-19T20:12:16.548434+00:00
[2022-12-19T20:12:16.569+0000] {processor.py:175} INFO - Processing /home/airflow/.local/lib/python3.7/site-packages/airflow/example_dags/example_latest_only_with_trigger.py took 0.115 seconds
[2022-12-19T20:12:47.473+0000] {processor.py:153} INFO - Started process (PID=6102) to work on /home/airflow/.local/lib/python3.7/site-packages/airflow/example_dags/example_latest_only_with_trigger.py
[2022-12-19T20:12:47.474+0000] {processor.py:743} INFO - Processing file /home/airflow/.local/lib/python3.7/site-packages/airflow/example_dags/example_latest_only_with_trigger.py for tasks to queue
[2022-12-19T20:12:47.475+0000] {logging_mixin.py:137} INFO - [2022-12-19T20:12:47.474+0000] {dagbag.py:538} INFO - Filling up the DagBag from /home/airflow/.local/lib/python3.7/site-packages/airflow/example_dags/example_latest_only_with_trigger.py
[2022-12-19T20:12:47.490+0000] {processor.py:753} INFO - DAG(s) dict_keys(['latest_only_with_trigger']) retrieved from /home/airflow/.local/lib/python3.7/site-packages/airflow/example_dags/example_latest_only_with_trigger.py
[2022-12-19T20:12:47.532+0000] {logging_mixin.py:137} INFO - [2022-12-19T20:12:47.532+0000] {dag.py:2676} INFO - Sync 1 DAGs
[2022-12-19T20:12:47.564+0000] {logging_mixin.py:137} INFO - [2022-12-19T20:12:47.564+0000] {dag.py:3427} INFO - Setting next_dagrun for latest_only_with_trigger to 2022-12-19T16:12:47.563892+00:00, run_after=2022-12-19T20:12:47.563892+00:00
[2022-12-19T20:12:47.593+0000] {processor.py:175} INFO - Processing /home/airflow/.local/lib/python3.7/site-packages/airflow/example_dags/example_latest_only_with_trigger.py took 0.123 seconds
[2022-12-19T20:13:18.182+0000] {processor.py:153} INFO - Started process (PID=6212) to work on /home/airflow/.local/lib/python3.7/site-packages/airflow/example_dags/example_latest_only_with_trigger.py
[2022-12-19T20:13:18.183+0000] {processor.py:743} INFO - Processing file /home/airflow/.local/lib/python3.7/site-packages/airflow/example_dags/example_latest_only_with_trigger.py for tasks to queue
[2022-12-19T20:13:18.183+0000] {logging_mixin.py:137} INFO - [2022-12-19T20:13:18.183+0000] {dagbag.py:538} INFO - Filling up the DagBag from /home/airflow/.local/lib/python3.7/site-packages/airflow/example_dags/example_latest_only_with_trigger.py
[2022-12-19T20:13:18.197+0000] {processor.py:753} INFO - DAG(s) dict_keys(['latest_only_with_trigger']) retrieved from /home/airflow/.local/lib/python3.7/site-packages/airflow/example_dags/example_latest_only_with_trigger.py
[2022-12-19T20:13:18.237+0000] {logging_mixin.py:137} INFO - [2022-12-19T20:13:18.236+0000] {dag.py:2676} INFO - Sync 1 DAGs
[2022-12-19T20:13:18.271+0000] {logging_mixin.py:137} INFO - [2022-12-19T20:13:18.270+0000] {dag.py:3427} INFO - Setting next_dagrun for latest_only_with_trigger to 2022-12-19T16:13:18.270599+00:00, run_after=2022-12-19T20:13:18.270599+00:00
[2022-12-19T20:13:18.293+0000] {processor.py:175} INFO - Processing /home/airflow/.local/lib/python3.7/site-packages/airflow/example_dags/example_latest_only_with_trigger.py took 0.115 seconds
[2022-12-19T20:13:48.423+0000] {processor.py:153} INFO - Started process (PID=6298) to work on /home/airflow/.local/lib/python3.7/site-packages/airflow/example_dags/example_latest_only_with_trigger.py
[2022-12-19T20:13:48.424+0000] {processor.py:743} INFO - Processing file /home/airflow/.local/lib/python3.7/site-packages/airflow/example_dags/example_latest_only_with_trigger.py for tasks to queue
[2022-12-19T20:13:48.424+0000] {logging_mixin.py:137} INFO - [2022-12-19T20:13:48.424+0000] {dagbag.py:538} INFO - Filling up the DagBag from /home/airflow/.local/lib/python3.7/site-packages/airflow/example_dags/example_latest_only_with_trigger.py
[2022-12-19T20:13:48.440+0000] {processor.py:753} INFO - DAG(s) dict_keys(['latest_only_with_trigger']) retrieved from /home/airflow/.local/lib/python3.7/site-packages/airflow/example_dags/example_latest_only_with_trigger.py
[2022-12-19T20:13:48.484+0000] {logging_mixin.py:137} INFO - [2022-12-19T20:13:48.484+0000] {dag.py:2676} INFO - Sync 1 DAGs
[2022-12-19T20:13:48.516+0000] {logging_mixin.py:137} INFO - [2022-12-19T20:13:48.515+0000] {dag.py:3427} INFO - Setting next_dagrun for latest_only_with_trigger to 2022-12-19T16:13:48.515685+00:00, run_after=2022-12-19T20:13:48.515685+00:00
[2022-12-19T20:13:48.535+0000] {processor.py:175} INFO - Processing /home/airflow/.local/lib/python3.7/site-packages/airflow/example_dags/example_latest_only_with_trigger.py took 0.116 seconds
[2022-12-19T20:14:18.834+0000] {processor.py:153} INFO - Started process (PID=6384) to work on /home/airflow/.local/lib/python3.7/site-packages/airflow/example_dags/example_latest_only_with_trigger.py
[2022-12-19T20:14:18.835+0000] {processor.py:743} INFO - Processing file /home/airflow/.local/lib/python3.7/site-packages/airflow/example_dags/example_latest_only_with_trigger.py for tasks to queue
[2022-12-19T20:14:18.836+0000] {logging_mixin.py:137} INFO - [2022-12-19T20:14:18.836+0000] {dagbag.py:538} INFO - Filling up the DagBag from /home/airflow/.local/lib/python3.7/site-packages/airflow/example_dags/example_latest_only_with_trigger.py
[2022-12-19T20:14:18.850+0000] {processor.py:753} INFO - DAG(s) dict_keys(['latest_only_with_trigger']) retrieved from /home/airflow/.local/lib/python3.7/site-packages/airflow/example_dags/example_latest_only_with_trigger.py
[2022-12-19T20:14:18.891+0000] {logging_mixin.py:137} INFO - [2022-12-19T20:14:18.891+0000] {dag.py:2676} INFO - Sync 1 DAGs
[2022-12-19T20:14:18.921+0000] {logging_mixin.py:137} INFO - [2022-12-19T20:14:18.921+0000] {dag.py:3427} INFO - Setting next_dagrun for latest_only_with_trigger to 2022-12-19T16:14:18.921161+00:00, run_after=2022-12-19T20:14:18.921161+00:00
[2022-12-19T20:14:18.942+0000] {processor.py:175} INFO - Processing /home/airflow/.local/lib/python3.7/site-packages/airflow/example_dags/example_latest_only_with_trigger.py took 0.112 seconds
[2022-12-19T20:14:49.116+0000] {processor.py:153} INFO - Started process (PID=6494) to work on /home/airflow/.local/lib/python3.7/site-packages/airflow/example_dags/example_latest_only_with_trigger.py
[2022-12-19T20:14:49.117+0000] {processor.py:743} INFO - Processing file /home/airflow/.local/lib/python3.7/site-packages/airflow/example_dags/example_latest_only_with_trigger.py for tasks to queue
[2022-12-19T20:14:49.117+0000] {logging_mixin.py:137} INFO - [2022-12-19T20:14:49.117+0000] {dagbag.py:538} INFO - Filling up the DagBag from /home/airflow/.local/lib/python3.7/site-packages/airflow/example_dags/example_latest_only_with_trigger.py
[2022-12-19T20:14:49.133+0000] {processor.py:753} INFO - DAG(s) dict_keys(['latest_only_with_trigger']) retrieved from /home/airflow/.local/lib/python3.7/site-packages/airflow/example_dags/example_latest_only_with_trigger.py
[2022-12-19T20:14:49.176+0000] {logging_mixin.py:137} INFO - [2022-12-19T20:14:49.175+0000] {dag.py:2676} INFO - Sync 1 DAGs
[2022-12-19T20:14:49.206+0000] {logging_mixin.py:137} INFO - [2022-12-19T20:14:49.206+0000] {dag.py:3427} INFO - Setting next_dagrun for latest_only_with_trigger to 2022-12-19T16:14:49.206405+00:00, run_after=2022-12-19T20:14:49.206405+00:00
[2022-12-19T20:14:49.226+0000] {processor.py:175} INFO - Processing /home/airflow/.local/lib/python3.7/site-packages/airflow/example_dags/example_latest_only_with_trigger.py took 0.114 seconds
[2022-12-19T20:15:20.248+0000] {processor.py:153} INFO - Started process (PID=6580) to work on /home/airflow/.local/lib/python3.7/site-packages/airflow/example_dags/example_latest_only_with_trigger.py
[2022-12-19T20:15:20.249+0000] {processor.py:743} INFO - Processing file /home/airflow/.local/lib/python3.7/site-packages/airflow/example_dags/example_latest_only_with_trigger.py for tasks to queue
[2022-12-19T20:15:20.250+0000] {logging_mixin.py:137} INFO - [2022-12-19T20:15:20.250+0000] {dagbag.py:538} INFO - Filling up the DagBag from /home/airflow/.local/lib/python3.7/site-packages/airflow/example_dags/example_latest_only_with_trigger.py
[2022-12-19T20:15:20.267+0000] {processor.py:753} INFO - DAG(s) dict_keys(['latest_only_with_trigger']) retrieved from /home/airflow/.local/lib/python3.7/site-packages/airflow/example_dags/example_latest_only_with_trigger.py
[2022-12-19T20:15:20.311+0000] {logging_mixin.py:137} INFO - [2022-12-19T20:15:20.311+0000] {dag.py:2676} INFO - Sync 1 DAGs
[2022-12-19T20:15:20.346+0000] {logging_mixin.py:137} INFO - [2022-12-19T20:15:20.345+0000] {dag.py:3427} INFO - Setting next_dagrun for latest_only_with_trigger to 2022-12-19T16:15:20.345531+00:00, run_after=2022-12-19T20:15:20.345531+00:00
[2022-12-19T20:15:20.370+0000] {processor.py:175} INFO - Processing /home/airflow/.local/lib/python3.7/site-packages/airflow/example_dags/example_latest_only_with_trigger.py took 0.126 seconds
[2022-12-19T20:15:50.468+0000] {processor.py:153} INFO - Started process (PID=6666) to work on /home/airflow/.local/lib/python3.7/site-packages/airflow/example_dags/example_latest_only_with_trigger.py
[2022-12-19T20:15:50.469+0000] {processor.py:743} INFO - Processing file /home/airflow/.local/lib/python3.7/site-packages/airflow/example_dags/example_latest_only_with_trigger.py for tasks to queue
[2022-12-19T20:15:50.470+0000] {logging_mixin.py:137} INFO - [2022-12-19T20:15:50.470+0000] {dagbag.py:538} INFO - Filling up the DagBag from /home/airflow/.local/lib/python3.7/site-packages/airflow/example_dags/example_latest_only_with_trigger.py
[2022-12-19T20:15:50.484+0000] {processor.py:753} INFO - DAG(s) dict_keys(['latest_only_with_trigger']) retrieved from /home/airflow/.local/lib/python3.7/site-packages/airflow/example_dags/example_latest_only_with_trigger.py
[2022-12-19T20:15:50.524+0000] {logging_mixin.py:137} INFO - [2022-12-19T20:15:50.523+0000] {dag.py:2676} INFO - Sync 1 DAGs
[2022-12-19T20:15:50.551+0000] {logging_mixin.py:137} INFO - [2022-12-19T20:15:50.551+0000] {dag.py:3427} INFO - Setting next_dagrun for latest_only_with_trigger to 2022-12-19T16:15:50.551070+00:00, run_after=2022-12-19T20:15:50.551070+00:00
[2022-12-19T20:15:50.570+0000] {processor.py:175} INFO - Processing /home/airflow/.local/lib/python3.7/site-packages/airflow/example_dags/example_latest_only_with_trigger.py took 0.104 seconds
[2022-12-19T20:16:21.137+0000] {processor.py:153} INFO - Started process (PID=6776) to work on /home/airflow/.local/lib/python3.7/site-packages/airflow/example_dags/example_latest_only_with_trigger.py
[2022-12-19T20:16:21.138+0000] {processor.py:743} INFO - Processing file /home/airflow/.local/lib/python3.7/site-packages/airflow/example_dags/example_latest_only_with_trigger.py for tasks to queue
[2022-12-19T20:16:21.139+0000] {logging_mixin.py:137} INFO - [2022-12-19T20:16:21.139+0000] {dagbag.py:538} INFO - Filling up the DagBag from /home/airflow/.local/lib/python3.7/site-packages/airflow/example_dags/example_latest_only_with_trigger.py
[2022-12-19T20:16:21.155+0000] {processor.py:753} INFO - DAG(s) dict_keys(['latest_only_with_trigger']) retrieved from /home/airflow/.local/lib/python3.7/site-packages/airflow/example_dags/example_latest_only_with_trigger.py
[2022-12-19T20:16:21.201+0000] {logging_mixin.py:137} INFO - [2022-12-19T20:16:21.201+0000] {dag.py:2676} INFO - Sync 1 DAGs
[2022-12-19T20:16:21.233+0000] {logging_mixin.py:137} INFO - [2022-12-19T20:16:21.233+0000] {dag.py:3427} INFO - Setting next_dagrun for latest_only_with_trigger to 2022-12-19T16:16:21.232820+00:00, run_after=2022-12-19T20:16:21.232820+00:00
[2022-12-19T20:16:21.255+0000] {processor.py:175} INFO - Processing /home/airflow/.local/lib/python3.7/site-packages/airflow/example_dags/example_latest_only_with_trigger.py took 0.122 seconds
[2022-12-19T20:16:51.993+0000] {processor.py:153} INFO - Started process (PID=6862) to work on /home/airflow/.local/lib/python3.7/site-packages/airflow/example_dags/example_latest_only_with_trigger.py
[2022-12-19T20:16:51.995+0000] {processor.py:743} INFO - Processing file /home/airflow/.local/lib/python3.7/site-packages/airflow/example_dags/example_latest_only_with_trigger.py for tasks to queue
[2022-12-19T20:16:51.996+0000] {logging_mixin.py:137} INFO - [2022-12-19T20:16:51.996+0000] {dagbag.py:538} INFO - Filling up the DagBag from /home/airflow/.local/lib/python3.7/site-packages/airflow/example_dags/example_latest_only_with_trigger.py
[2022-12-19T20:16:52.017+0000] {processor.py:753} INFO - DAG(s) dict_keys(['latest_only_with_trigger']) retrieved from /home/airflow/.local/lib/python3.7/site-packages/airflow/example_dags/example_latest_only_with_trigger.py
[2022-12-19T20:16:52.074+0000] {logging_mixin.py:137} INFO - [2022-12-19T20:16:52.073+0000] {dag.py:2676} INFO - Sync 1 DAGs
[2022-12-19T20:16:52.119+0000] {logging_mixin.py:137} INFO - [2022-12-19T20:16:52.119+0000] {dag.py:3427} INFO - Setting next_dagrun for latest_only_with_trigger to 2022-12-19T16:16:52.119440+00:00, run_after=2022-12-19T20:16:52.119440+00:00
[2022-12-19T20:16:52.153+0000] {processor.py:175} INFO - Processing /home/airflow/.local/lib/python3.7/site-packages/airflow/example_dags/example_latest_only_with_trigger.py took 0.165 seconds
[2022-12-19T20:17:22.421+0000] {processor.py:153} INFO - Started process (PID=6948) to work on /home/airflow/.local/lib/python3.7/site-packages/airflow/example_dags/example_latest_only_with_trigger.py
[2022-12-19T20:17:22.422+0000] {processor.py:743} INFO - Processing file /home/airflow/.local/lib/python3.7/site-packages/airflow/example_dags/example_latest_only_with_trigger.py for tasks to queue
[2022-12-19T20:17:22.423+0000] {logging_mixin.py:137} INFO - [2022-12-19T20:17:22.423+0000] {dagbag.py:538} INFO - Filling up the DagBag from /home/airflow/.local/lib/python3.7/site-packages/airflow/example_dags/example_latest_only_with_trigger.py
[2022-12-19T20:17:22.444+0000] {processor.py:753} INFO - DAG(s) dict_keys(['latest_only_with_trigger']) retrieved from /home/airflow/.local/lib/python3.7/site-packages/airflow/example_dags/example_latest_only_with_trigger.py
[2022-12-19T20:17:22.502+0000] {logging_mixin.py:137} INFO - [2022-12-19T20:17:22.501+0000] {dag.py:2676} INFO - Sync 1 DAGs
[2022-12-19T20:17:22.545+0000] {logging_mixin.py:137} INFO - [2022-12-19T20:17:22.545+0000] {dag.py:3427} INFO - Setting next_dagrun for latest_only_with_trigger to 2022-12-19T16:17:22.545103+00:00, run_after=2022-12-19T20:17:22.545103+00:00
[2022-12-19T20:17:22.575+0000] {processor.py:175} INFO - Processing /home/airflow/.local/lib/python3.7/site-packages/airflow/example_dags/example_latest_only_with_trigger.py took 0.158 seconds
[2022-12-19T20:17:53.129+0000] {processor.py:153} INFO - Started process (PID=7058) to work on /home/airflow/.local/lib/python3.7/site-packages/airflow/example_dags/example_latest_only_with_trigger.py
[2022-12-19T20:17:53.130+0000] {processor.py:743} INFO - Processing file /home/airflow/.local/lib/python3.7/site-packages/airflow/example_dags/example_latest_only_with_trigger.py for tasks to queue
[2022-12-19T20:17:53.130+0000] {logging_mixin.py:137} INFO - [2022-12-19T20:17:53.130+0000] {dagbag.py:538} INFO - Filling up the DagBag from /home/airflow/.local/lib/python3.7/site-packages/airflow/example_dags/example_latest_only_with_trigger.py
[2022-12-19T20:17:53.145+0000] {processor.py:753} INFO - DAG(s) dict_keys(['latest_only_with_trigger']) retrieved from /home/airflow/.local/lib/python3.7/site-packages/airflow/example_dags/example_latest_only_with_trigger.py
[2022-12-19T20:17:53.190+0000] {logging_mixin.py:137} INFO - [2022-12-19T20:17:53.190+0000] {dag.py:2676} INFO - Sync 1 DAGs
[2022-12-19T20:17:53.219+0000] {logging_mixin.py:137} INFO - [2022-12-19T20:17:53.219+0000] {dag.py:3427} INFO - Setting next_dagrun for latest_only_with_trigger to 2022-12-19T16:17:53.219077+00:00, run_after=2022-12-19T20:17:53.219077+00:00
[2022-12-19T20:17:53.238+0000] {processor.py:175} INFO - Processing /home/airflow/.local/lib/python3.7/site-packages/airflow/example_dags/example_latest_only_with_trigger.py took 0.112 seconds
[2022-12-19T20:18:24.322+0000] {processor.py:153} INFO - Started process (PID=7144) to work on /home/airflow/.local/lib/python3.7/site-packages/airflow/example_dags/example_latest_only_with_trigger.py
[2022-12-19T20:18:24.323+0000] {processor.py:743} INFO - Processing file /home/airflow/.local/lib/python3.7/site-packages/airflow/example_dags/example_latest_only_with_trigger.py for tasks to queue
[2022-12-19T20:18:24.324+0000] {logging_mixin.py:137} INFO - [2022-12-19T20:18:24.324+0000] {dagbag.py:538} INFO - Filling up the DagBag from /home/airflow/.local/lib/python3.7/site-packages/airflow/example_dags/example_latest_only_with_trigger.py
[2022-12-19T20:18:24.338+0000] {processor.py:753} INFO - DAG(s) dict_keys(['latest_only_with_trigger']) retrieved from /home/airflow/.local/lib/python3.7/site-packages/airflow/example_dags/example_latest_only_with_trigger.py
[2022-12-19T20:18:24.378+0000] {logging_mixin.py:137} INFO - [2022-12-19T20:18:24.378+0000] {dag.py:2676} INFO - Sync 1 DAGs
[2022-12-19T20:18:24.409+0000] {logging_mixin.py:137} INFO - [2022-12-19T20:18:24.409+0000] {dag.py:3427} INFO - Setting next_dagrun for latest_only_with_trigger to 2022-12-19T16:18:24.408985+00:00, run_after=2022-12-19T20:18:24.408985+00:00
[2022-12-19T20:18:24.428+0000] {processor.py:175} INFO - Processing /home/airflow/.local/lib/python3.7/site-packages/airflow/example_dags/example_latest_only_with_trigger.py took 0.108 seconds
[2022-12-19T20:18:54.521+0000] {processor.py:153} INFO - Started process (PID=7230) to work on /home/airflow/.local/lib/python3.7/site-packages/airflow/example_dags/example_latest_only_with_trigger.py
[2022-12-19T20:18:54.521+0000] {processor.py:743} INFO - Processing file /home/airflow/.local/lib/python3.7/site-packages/airflow/example_dags/example_latest_only_with_trigger.py for tasks to queue
[2022-12-19T20:18:54.522+0000] {logging_mixin.py:137} INFO - [2022-12-19T20:18:54.522+0000] {dagbag.py:538} INFO - Filling up the DagBag from /home/airflow/.local/lib/python3.7/site-packages/airflow/example_dags/example_latest_only_with_trigger.py
[2022-12-19T20:18:54.536+0000] {processor.py:753} INFO - DAG(s) dict_keys(['latest_only_with_trigger']) retrieved from /home/airflow/.local/lib/python3.7/site-packages/airflow/example_dags/example_latest_only_with_trigger.py
[2022-12-19T20:18:54.578+0000] {logging_mixin.py:137} INFO - [2022-12-19T20:18:54.578+0000] {dag.py:2676} INFO - Sync 1 DAGs
[2022-12-19T20:18:54.607+0000] {logging_mixin.py:137} INFO - [2022-12-19T20:18:54.607+0000] {dag.py:3427} INFO - Setting next_dagrun for latest_only_with_trigger to 2022-12-19T16:18:54.606802+00:00, run_after=2022-12-19T20:18:54.606802+00:00
[2022-12-19T20:18:54.628+0000] {processor.py:175} INFO - Processing /home/airflow/.local/lib/python3.7/site-packages/airflow/example_dags/example_latest_only_with_trigger.py took 0.110 seconds
[2022-12-19T20:19:24.807+0000] {processor.py:153} INFO - Started process (PID=7340) to work on /home/airflow/.local/lib/python3.7/site-packages/airflow/example_dags/example_latest_only_with_trigger.py
[2022-12-19T20:19:24.808+0000] {processor.py:743} INFO - Processing file /home/airflow/.local/lib/python3.7/site-packages/airflow/example_dags/example_latest_only_with_trigger.py for tasks to queue
[2022-12-19T20:19:24.809+0000] {logging_mixin.py:137} INFO - [2022-12-19T20:19:24.809+0000] {dagbag.py:538} INFO - Filling up the DagBag from /home/airflow/.local/lib/python3.7/site-packages/airflow/example_dags/example_latest_only_with_trigger.py
[2022-12-19T20:19:24.825+0000] {processor.py:753} INFO - DAG(s) dict_keys(['latest_only_with_trigger']) retrieved from /home/airflow/.local/lib/python3.7/site-packages/airflow/example_dags/example_latest_only_with_trigger.py
[2022-12-19T20:19:24.868+0000] {logging_mixin.py:137} INFO - [2022-12-19T20:19:24.867+0000] {dag.py:2676} INFO - Sync 1 DAGs
[2022-12-19T20:19:24.898+0000] {logging_mixin.py:137} INFO - [2022-12-19T20:19:24.897+0000] {dag.py:3427} INFO - Setting next_dagrun for latest_only_with_trigger to 2022-12-19T16:19:24.897673+00:00, run_after=2022-12-19T20:19:24.897673+00:00
[2022-12-19T20:19:24.920+0000] {processor.py:175} INFO - Processing /home/airflow/.local/lib/python3.7/site-packages/airflow/example_dags/example_latest_only_with_trigger.py took 0.115 seconds
[2022-12-19T20:19:55.697+0000] {processor.py:153} INFO - Started process (PID=7426) to work on /home/airflow/.local/lib/python3.7/site-packages/airflow/example_dags/example_latest_only_with_trigger.py
[2022-12-19T20:19:55.698+0000] {processor.py:743} INFO - Processing file /home/airflow/.local/lib/python3.7/site-packages/airflow/example_dags/example_latest_only_with_trigger.py for tasks to queue
[2022-12-19T20:19:55.699+0000] {logging_mixin.py:137} INFO - [2022-12-19T20:19:55.699+0000] {dagbag.py:538} INFO - Filling up the DagBag from /home/airflow/.local/lib/python3.7/site-packages/airflow/example_dags/example_latest_only_with_trigger.py
[2022-12-19T20:19:55.714+0000] {processor.py:753} INFO - DAG(s) dict_keys(['latest_only_with_trigger']) retrieved from /home/airflow/.local/lib/python3.7/site-packages/airflow/example_dags/example_latest_only_with_trigger.py
[2022-12-19T20:19:55.755+0000] {logging_mixin.py:137} INFO - [2022-12-19T20:19:55.755+0000] {dag.py:2676} INFO - Sync 1 DAGs
[2022-12-19T20:19:55.788+0000] {logging_mixin.py:137} INFO - [2022-12-19T20:19:55.788+0000] {dag.py:3427} INFO - Setting next_dagrun for latest_only_with_trigger to 2022-12-19T16:19:55.788254+00:00, run_after=2022-12-19T20:19:55.788254+00:00
[2022-12-19T20:19:55.808+0000] {processor.py:175} INFO - Processing /home/airflow/.local/lib/python3.7/site-packages/airflow/example_dags/example_latest_only_with_trigger.py took 0.115 seconds
