[2022-12-19T19:45:57.094+0000] {processor.py:153} INFO - Started process (PID=1198) to work on /home/airflow/.local/lib/python3.7/site-packages/airflow/example_dags/tutorial_taskflow_api.py
[2022-12-19T19:45:57.095+0000] {processor.py:743} INFO - Processing file /home/airflow/.local/lib/python3.7/site-packages/airflow/example_dags/tutorial_taskflow_api.py for tasks to queue
[2022-12-19T19:45:57.095+0000] {logging_mixin.py:137} INFO - [2022-12-19T19:45:57.095+0000] {dagbag.py:538} INFO - Filling up the DagBag from /home/airflow/.local/lib/python3.7/site-packages/airflow/example_dags/tutorial_taskflow_api.py
[2022-12-19T19:45:57.182+0000] {processor.py:753} INFO - DAG(s) dict_keys(['tutorial_taskflow_api']) retrieved from /home/airflow/.local/lib/python3.7/site-packages/airflow/example_dags/tutorial_taskflow_api.py
[2022-12-19T19:45:57.301+0000] {logging_mixin.py:137} INFO - [2022-12-19T19:45:57.300+0000] {dag.py:2676} INFO - Sync 1 DAGs
[2022-12-19T19:45:57.394+0000] {logging_mixin.py:137} INFO - [2022-12-19T19:45:57.394+0000] {dag.py:3427} INFO - Setting next_dagrun for tutorial_taskflow_api to None, run_after=None
[2022-12-19T19:45:57.582+0000] {processor.py:175} INFO - Processing /home/airflow/.local/lib/python3.7/site-packages/airflow/example_dags/tutorial_taskflow_api.py took 0.491 seconds
[2022-12-19T19:46:27.883+0000] {processor.py:153} INFO - Started process (PID=1267) to work on /home/airflow/.local/lib/python3.7/site-packages/airflow/example_dags/tutorial_taskflow_api.py
[2022-12-19T19:46:27.885+0000] {processor.py:743} INFO - Processing file /home/airflow/.local/lib/python3.7/site-packages/airflow/example_dags/tutorial_taskflow_api.py for tasks to queue
[2022-12-19T19:46:27.886+0000] {logging_mixin.py:137} INFO - [2022-12-19T19:46:27.885+0000] {dagbag.py:538} INFO - Filling up the DagBag from /home/airflow/.local/lib/python3.7/site-packages/airflow/example_dags/tutorial_taskflow_api.py
[2022-12-19T19:46:27.990+0000] {processor.py:753} INFO - DAG(s) dict_keys(['tutorial_taskflow_api']) retrieved from /home/airflow/.local/lib/python3.7/site-packages/airflow/example_dags/tutorial_taskflow_api.py
[2022-12-19T19:46:28.168+0000] {logging_mixin.py:137} INFO - [2022-12-19T19:46:28.168+0000] {dag.py:2676} INFO - Sync 1 DAGs
[2022-12-19T19:46:28.268+0000] {logging_mixin.py:137} INFO - [2022-12-19T19:46:28.268+0000] {dag.py:3427} INFO - Setting next_dagrun for tutorial_taskflow_api to None, run_after=None
[2022-12-19T19:46:28.306+0000] {processor.py:175} INFO - Processing /home/airflow/.local/lib/python3.7/site-packages/airflow/example_dags/tutorial_taskflow_api.py took 0.427 seconds
[2022-12-19T19:46:59.269+0000] {processor.py:153} INFO - Started process (PID=1356) to work on /home/airflow/.local/lib/python3.7/site-packages/airflow/example_dags/tutorial_taskflow_api.py
[2022-12-19T19:46:59.278+0000] {processor.py:743} INFO - Processing file /home/airflow/.local/lib/python3.7/site-packages/airflow/example_dags/tutorial_taskflow_api.py for tasks to queue
[2022-12-19T19:46:59.279+0000] {logging_mixin.py:137} INFO - [2022-12-19T19:46:59.279+0000] {dagbag.py:538} INFO - Filling up the DagBag from /home/airflow/.local/lib/python3.7/site-packages/airflow/example_dags/tutorial_taskflow_api.py
[2022-12-19T19:46:59.316+0000] {processor.py:753} INFO - DAG(s) dict_keys(['tutorial_taskflow_api']) retrieved from /home/airflow/.local/lib/python3.7/site-packages/airflow/example_dags/tutorial_taskflow_api.py
[2022-12-19T19:46:59.407+0000] {logging_mixin.py:137} INFO - [2022-12-19T19:46:59.406+0000] {dag.py:2676} INFO - Sync 1 DAGs
[2022-12-19T19:46:59.493+0000] {logging_mixin.py:137} INFO - [2022-12-19T19:46:59.493+0000] {dag.py:3427} INFO - Setting next_dagrun for tutorial_taskflow_api to None, run_after=None
[2022-12-19T19:46:59.520+0000] {processor.py:175} INFO - Processing /home/airflow/.local/lib/python3.7/site-packages/airflow/example_dags/tutorial_taskflow_api.py took 0.255 seconds
[2022-12-19T19:47:29.702+0000] {processor.py:153} INFO - Started process (PID=1457) to work on /home/airflow/.local/lib/python3.7/site-packages/airflow/example_dags/tutorial_taskflow_api.py
[2022-12-19T19:47:29.704+0000] {processor.py:743} INFO - Processing file /home/airflow/.local/lib/python3.7/site-packages/airflow/example_dags/tutorial_taskflow_api.py for tasks to queue
[2022-12-19T19:47:29.705+0000] {logging_mixin.py:137} INFO - [2022-12-19T19:47:29.704+0000] {dagbag.py:538} INFO - Filling up the DagBag from /home/airflow/.local/lib/python3.7/site-packages/airflow/example_dags/tutorial_taskflow_api.py
[2022-12-19T19:47:29.732+0000] {processor.py:753} INFO - DAG(s) dict_keys(['tutorial_taskflow_api']) retrieved from /home/airflow/.local/lib/python3.7/site-packages/airflow/example_dags/tutorial_taskflow_api.py
[2022-12-19T19:47:29.911+0000] {logging_mixin.py:137} INFO - [2022-12-19T19:47:29.911+0000] {dag.py:2676} INFO - Sync 1 DAGs
[2022-12-19T19:47:30.014+0000] {logging_mixin.py:137} INFO - [2022-12-19T19:47:30.014+0000] {dag.py:3427} INFO - Setting next_dagrun for tutorial_taskflow_api to None, run_after=None
[2022-12-19T19:47:30.105+0000] {processor.py:175} INFO - Processing /home/airflow/.local/lib/python3.7/site-packages/airflow/example_dags/tutorial_taskflow_api.py took 0.406 seconds
[2022-12-19T19:48:00.227+0000] {processor.py:153} INFO - Started process (PID=1543) to work on /home/airflow/.local/lib/python3.7/site-packages/airflow/example_dags/tutorial_taskflow_api.py
[2022-12-19T19:48:00.228+0000] {processor.py:743} INFO - Processing file /home/airflow/.local/lib/python3.7/site-packages/airflow/example_dags/tutorial_taskflow_api.py for tasks to queue
[2022-12-19T19:48:00.229+0000] {logging_mixin.py:137} INFO - [2022-12-19T19:48:00.229+0000] {dagbag.py:538} INFO - Filling up the DagBag from /home/airflow/.local/lib/python3.7/site-packages/airflow/example_dags/tutorial_taskflow_api.py
[2022-12-19T19:48:00.297+0000] {processor.py:753} INFO - DAG(s) dict_keys(['tutorial_taskflow_api']) retrieved from /home/airflow/.local/lib/python3.7/site-packages/airflow/example_dags/tutorial_taskflow_api.py
[2022-12-19T19:48:00.403+0000] {logging_mixin.py:137} INFO - [2022-12-19T19:48:00.403+0000] {dag.py:2676} INFO - Sync 1 DAGs
[2022-12-19T19:48:00.497+0000] {logging_mixin.py:137} INFO - [2022-12-19T19:48:00.497+0000] {dag.py:3427} INFO - Setting next_dagrun for tutorial_taskflow_api to None, run_after=None
[2022-12-19T19:48:00.587+0000] {processor.py:175} INFO - Processing /home/airflow/.local/lib/python3.7/site-packages/airflow/example_dags/tutorial_taskflow_api.py took 0.363 seconds
[2022-12-19T19:48:31.215+0000] {processor.py:153} INFO - Started process (PID=1629) to work on /home/airflow/.local/lib/python3.7/site-packages/airflow/example_dags/tutorial_taskflow_api.py
[2022-12-19T19:48:31.216+0000] {processor.py:743} INFO - Processing file /home/airflow/.local/lib/python3.7/site-packages/airflow/example_dags/tutorial_taskflow_api.py for tasks to queue
[2022-12-19T19:48:31.217+0000] {logging_mixin.py:137} INFO - [2022-12-19T19:48:31.217+0000] {dagbag.py:538} INFO - Filling up the DagBag from /home/airflow/.local/lib/python3.7/site-packages/airflow/example_dags/tutorial_taskflow_api.py
[2022-12-19T19:48:31.246+0000] {processor.py:753} INFO - DAG(s) dict_keys(['tutorial_taskflow_api']) retrieved from /home/airflow/.local/lib/python3.7/site-packages/airflow/example_dags/tutorial_taskflow_api.py
[2022-12-19T19:48:31.312+0000] {logging_mixin.py:137} INFO - [2022-12-19T19:48:31.312+0000] {dag.py:2676} INFO - Sync 1 DAGs
[2022-12-19T19:48:31.414+0000] {logging_mixin.py:137} INFO - [2022-12-19T19:48:31.414+0000] {dag.py:3427} INFO - Setting next_dagrun for tutorial_taskflow_api to None, run_after=None
[2022-12-19T19:48:31.502+0000] {processor.py:175} INFO - Processing /home/airflow/.local/lib/python3.7/site-packages/airflow/example_dags/tutorial_taskflow_api.py took 0.290 seconds
[2022-12-19T19:49:02.106+0000] {processor.py:153} INFO - Started process (PID=1715) to work on /home/airflow/.local/lib/python3.7/site-packages/airflow/example_dags/tutorial_taskflow_api.py
[2022-12-19T19:49:02.107+0000] {processor.py:743} INFO - Processing file /home/airflow/.local/lib/python3.7/site-packages/airflow/example_dags/tutorial_taskflow_api.py for tasks to queue
[2022-12-19T19:49:02.107+0000] {logging_mixin.py:137} INFO - [2022-12-19T19:49:02.107+0000] {dagbag.py:538} INFO - Filling up the DagBag from /home/airflow/.local/lib/python3.7/site-packages/airflow/example_dags/tutorial_taskflow_api.py
[2022-12-19T19:49:02.185+0000] {processor.py:753} INFO - DAG(s) dict_keys(['tutorial_taskflow_api']) retrieved from /home/airflow/.local/lib/python3.7/site-packages/airflow/example_dags/tutorial_taskflow_api.py
[2022-12-19T19:49:02.312+0000] {logging_mixin.py:137} INFO - [2022-12-19T19:49:02.312+0000] {dag.py:2676} INFO - Sync 1 DAGs
[2022-12-19T19:49:02.478+0000] {logging_mixin.py:137} INFO - [2022-12-19T19:49:02.478+0000] {dag.py:3427} INFO - Setting next_dagrun for tutorial_taskflow_api to None, run_after=None
[2022-12-19T19:49:02.515+0000] {processor.py:175} INFO - Processing /home/airflow/.local/lib/python3.7/site-packages/airflow/example_dags/tutorial_taskflow_api.py took 0.413 seconds
[2022-12-19T19:49:33.400+0000] {processor.py:153} INFO - Started process (PID=1801) to work on /home/airflow/.local/lib/python3.7/site-packages/airflow/example_dags/tutorial_taskflow_api.py
[2022-12-19T19:49:33.400+0000] {processor.py:743} INFO - Processing file /home/airflow/.local/lib/python3.7/site-packages/airflow/example_dags/tutorial_taskflow_api.py for tasks to queue
[2022-12-19T19:49:33.401+0000] {logging_mixin.py:137} INFO - [2022-12-19T19:49:33.401+0000] {dagbag.py:538} INFO - Filling up the DagBag from /home/airflow/.local/lib/python3.7/site-packages/airflow/example_dags/tutorial_taskflow_api.py
[2022-12-19T19:49:33.430+0000] {processor.py:753} INFO - DAG(s) dict_keys(['tutorial_taskflow_api']) retrieved from /home/airflow/.local/lib/python3.7/site-packages/airflow/example_dags/tutorial_taskflow_api.py
[2022-12-19T19:49:33.486+0000] {logging_mixin.py:137} INFO - [2022-12-19T19:49:33.486+0000] {dag.py:2676} INFO - Sync 1 DAGs
[2022-12-19T19:49:33.518+0000] {logging_mixin.py:137} INFO - [2022-12-19T19:49:33.518+0000] {dag.py:3427} INFO - Setting next_dagrun for tutorial_taskflow_api to None, run_after=None
[2022-12-19T19:49:33.542+0000] {processor.py:175} INFO - Processing /home/airflow/.local/lib/python3.7/site-packages/airflow/example_dags/tutorial_taskflow_api.py took 0.145 seconds
[2022-12-19T19:50:03.846+0000] {processor.py:153} INFO - Started process (PID=1894) to work on /home/airflow/.local/lib/python3.7/site-packages/airflow/example_dags/tutorial_taskflow_api.py
[2022-12-19T19:50:03.847+0000] {processor.py:743} INFO - Processing file /home/airflow/.local/lib/python3.7/site-packages/airflow/example_dags/tutorial_taskflow_api.py for tasks to queue
[2022-12-19T19:50:03.847+0000] {logging_mixin.py:137} INFO - [2022-12-19T19:50:03.847+0000] {dagbag.py:538} INFO - Filling up the DagBag from /home/airflow/.local/lib/python3.7/site-packages/airflow/example_dags/tutorial_taskflow_api.py
[2022-12-19T19:50:03.883+0000] {processor.py:753} INFO - DAG(s) dict_keys(['tutorial_taskflow_api']) retrieved from /home/airflow/.local/lib/python3.7/site-packages/airflow/example_dags/tutorial_taskflow_api.py
[2022-12-19T19:50:03.983+0000] {logging_mixin.py:137} INFO - [2022-12-19T19:50:03.983+0000] {dag.py:2676} INFO - Sync 1 DAGs
[2022-12-19T19:50:04.019+0000] {logging_mixin.py:137} INFO - [2022-12-19T19:50:04.018+0000] {dag.py:3427} INFO - Setting next_dagrun for tutorial_taskflow_api to None, run_after=None
[2022-12-19T19:50:04.037+0000] {processor.py:175} INFO - Processing /home/airflow/.local/lib/python3.7/site-packages/airflow/example_dags/tutorial_taskflow_api.py took 0.194 seconds
[2022-12-19T19:50:34.111+0000] {processor.py:153} INFO - Started process (PID=1996) to work on /home/airflow/.local/lib/python3.7/site-packages/airflow/example_dags/tutorial_taskflow_api.py
[2022-12-19T19:50:34.112+0000] {processor.py:743} INFO - Processing file /home/airflow/.local/lib/python3.7/site-packages/airflow/example_dags/tutorial_taskflow_api.py for tasks to queue
[2022-12-19T19:50:34.112+0000] {logging_mixin.py:137} INFO - [2022-12-19T19:50:34.112+0000] {dagbag.py:538} INFO - Filling up the DagBag from /home/airflow/.local/lib/python3.7/site-packages/airflow/example_dags/tutorial_taskflow_api.py
[2022-12-19T19:50:34.172+0000] {processor.py:753} INFO - DAG(s) dict_keys(['tutorial_taskflow_api']) retrieved from /home/airflow/.local/lib/python3.7/site-packages/airflow/example_dags/tutorial_taskflow_api.py
[2022-12-19T19:50:34.290+0000] {logging_mixin.py:137} INFO - [2022-12-19T19:50:34.290+0000] {dag.py:2676} INFO - Sync 1 DAGs
[2022-12-19T19:50:34.379+0000] {logging_mixin.py:137} INFO - [2022-12-19T19:50:34.379+0000] {dag.py:3427} INFO - Setting next_dagrun for tutorial_taskflow_api to None, run_after=None
[2022-12-19T19:50:34.408+0000] {processor.py:175} INFO - Processing /home/airflow/.local/lib/python3.7/site-packages/airflow/example_dags/tutorial_taskflow_api.py took 0.300 seconds
[2022-12-19T19:51:05.302+0000] {processor.py:153} INFO - Started process (PID=2082) to work on /home/airflow/.local/lib/python3.7/site-packages/airflow/example_dags/tutorial_taskflow_api.py
[2022-12-19T19:51:05.303+0000] {processor.py:743} INFO - Processing file /home/airflow/.local/lib/python3.7/site-packages/airflow/example_dags/tutorial_taskflow_api.py for tasks to queue
[2022-12-19T19:51:05.304+0000] {logging_mixin.py:137} INFO - [2022-12-19T19:51:05.304+0000] {dagbag.py:538} INFO - Filling up the DagBag from /home/airflow/.local/lib/python3.7/site-packages/airflow/example_dags/tutorial_taskflow_api.py
[2022-12-19T19:51:05.328+0000] {processor.py:753} INFO - DAG(s) dict_keys(['tutorial_taskflow_api']) retrieved from /home/airflow/.local/lib/python3.7/site-packages/airflow/example_dags/tutorial_taskflow_api.py
[2022-12-19T19:51:05.379+0000] {logging_mixin.py:137} INFO - [2022-12-19T19:51:05.379+0000] {dag.py:2676} INFO - Sync 1 DAGs
[2022-12-19T19:51:05.417+0000] {logging_mixin.py:137} INFO - [2022-12-19T19:51:05.417+0000] {dag.py:3427} INFO - Setting next_dagrun for tutorial_taskflow_api to None, run_after=None
[2022-12-19T19:51:05.439+0000] {processor.py:175} INFO - Processing /home/airflow/.local/lib/python3.7/site-packages/airflow/example_dags/tutorial_taskflow_api.py took 0.140 seconds
[2022-12-19T19:51:36.213+0000] {processor.py:153} INFO - Started process (PID=2168) to work on /home/airflow/.local/lib/python3.7/site-packages/airflow/example_dags/tutorial_taskflow_api.py
[2022-12-19T19:51:36.214+0000] {processor.py:743} INFO - Processing file /home/airflow/.local/lib/python3.7/site-packages/airflow/example_dags/tutorial_taskflow_api.py for tasks to queue
[2022-12-19T19:51:36.215+0000] {logging_mixin.py:137} INFO - [2022-12-19T19:51:36.215+0000] {dagbag.py:538} INFO - Filling up the DagBag from /home/airflow/.local/lib/python3.7/site-packages/airflow/example_dags/tutorial_taskflow_api.py
[2022-12-19T19:51:36.236+0000] {processor.py:753} INFO - DAG(s) dict_keys(['tutorial_taskflow_api']) retrieved from /home/airflow/.local/lib/python3.7/site-packages/airflow/example_dags/tutorial_taskflow_api.py
[2022-12-19T19:51:36.297+0000] {logging_mixin.py:137} INFO - [2022-12-19T19:51:36.296+0000] {dag.py:2676} INFO - Sync 1 DAGs
[2022-12-19T19:51:36.324+0000] {logging_mixin.py:137} INFO - [2022-12-19T19:51:36.324+0000] {dag.py:3427} INFO - Setting next_dagrun for tutorial_taskflow_api to None, run_after=None
[2022-12-19T19:51:36.343+0000] {processor.py:175} INFO - Processing /home/airflow/.local/lib/python3.7/site-packages/airflow/example_dags/tutorial_taskflow_api.py took 0.132 seconds
[2022-12-19T19:52:06.415+0000] {processor.py:153} INFO - Started process (PID=2278) to work on /home/airflow/.local/lib/python3.7/site-packages/airflow/example_dags/tutorial_taskflow_api.py
[2022-12-19T19:52:06.416+0000] {processor.py:743} INFO - Processing file /home/airflow/.local/lib/python3.7/site-packages/airflow/example_dags/tutorial_taskflow_api.py for tasks to queue
[2022-12-19T19:52:06.417+0000] {logging_mixin.py:137} INFO - [2022-12-19T19:52:06.417+0000] {dagbag.py:538} INFO - Filling up the DagBag from /home/airflow/.local/lib/python3.7/site-packages/airflow/example_dags/tutorial_taskflow_api.py
[2022-12-19T19:52:06.443+0000] {processor.py:753} INFO - DAG(s) dict_keys(['tutorial_taskflow_api']) retrieved from /home/airflow/.local/lib/python3.7/site-packages/airflow/example_dags/tutorial_taskflow_api.py
[2022-12-19T19:52:06.493+0000] {logging_mixin.py:137} INFO - [2022-12-19T19:52:06.492+0000] {dag.py:2676} INFO - Sync 1 DAGs
[2022-12-19T19:52:06.529+0000] {logging_mixin.py:137} INFO - [2022-12-19T19:52:06.528+0000] {dag.py:3427} INFO - Setting next_dagrun for tutorial_taskflow_api to None, run_after=None
[2022-12-19T19:52:06.596+0000] {processor.py:175} INFO - Processing /home/airflow/.local/lib/python3.7/site-packages/airflow/example_dags/tutorial_taskflow_api.py took 0.184 seconds
[2022-12-19T19:52:37.030+0000] {processor.py:153} INFO - Started process (PID=2364) to work on /home/airflow/.local/lib/python3.7/site-packages/airflow/example_dags/tutorial_taskflow_api.py
[2022-12-19T19:52:37.031+0000] {processor.py:743} INFO - Processing file /home/airflow/.local/lib/python3.7/site-packages/airflow/example_dags/tutorial_taskflow_api.py for tasks to queue
[2022-12-19T19:52:37.032+0000] {logging_mixin.py:137} INFO - [2022-12-19T19:52:37.032+0000] {dagbag.py:538} INFO - Filling up the DagBag from /home/airflow/.local/lib/python3.7/site-packages/airflow/example_dags/tutorial_taskflow_api.py
[2022-12-19T19:52:37.056+0000] {processor.py:753} INFO - DAG(s) dict_keys(['tutorial_taskflow_api']) retrieved from /home/airflow/.local/lib/python3.7/site-packages/airflow/example_dags/tutorial_taskflow_api.py
[2022-12-19T19:52:37.098+0000] {logging_mixin.py:137} INFO - [2022-12-19T19:52:37.098+0000] {dag.py:2676} INFO - Sync 1 DAGs
[2022-12-19T19:52:37.128+0000] {logging_mixin.py:137} INFO - [2022-12-19T19:52:37.128+0000] {dag.py:3427} INFO - Setting next_dagrun for tutorial_taskflow_api to None, run_after=None
[2022-12-19T19:52:37.148+0000] {processor.py:175} INFO - Processing /home/airflow/.local/lib/python3.7/site-packages/airflow/example_dags/tutorial_taskflow_api.py took 0.121 seconds
[2022-12-19T19:53:07.975+0000] {processor.py:153} INFO - Started process (PID=2450) to work on /home/airflow/.local/lib/python3.7/site-packages/airflow/example_dags/tutorial_taskflow_api.py
[2022-12-19T19:53:07.976+0000] {processor.py:743} INFO - Processing file /home/airflow/.local/lib/python3.7/site-packages/airflow/example_dags/tutorial_taskflow_api.py for tasks to queue
[2022-12-19T19:53:07.977+0000] {logging_mixin.py:137} INFO - [2022-12-19T19:53:07.977+0000] {dagbag.py:538} INFO - Filling up the DagBag from /home/airflow/.local/lib/python3.7/site-packages/airflow/example_dags/tutorial_taskflow_api.py
[2022-12-19T19:53:08.005+0000] {processor.py:753} INFO - DAG(s) dict_keys(['tutorial_taskflow_api']) retrieved from /home/airflow/.local/lib/python3.7/site-packages/airflow/example_dags/tutorial_taskflow_api.py
[2022-12-19T19:53:08.090+0000] {logging_mixin.py:137} INFO - [2022-12-19T19:53:08.090+0000] {dag.py:2676} INFO - Sync 1 DAGs
[2022-12-19T19:53:08.191+0000] {logging_mixin.py:137} INFO - [2022-12-19T19:53:08.190+0000] {dag.py:3427} INFO - Setting next_dagrun for tutorial_taskflow_api to None, run_after=None
[2022-12-19T19:53:08.212+0000] {processor.py:175} INFO - Processing /home/airflow/.local/lib/python3.7/site-packages/airflow/example_dags/tutorial_taskflow_api.py took 0.241 seconds
[2022-12-19T19:53:38.283+0000] {processor.py:153} INFO - Started process (PID=2560) to work on /home/airflow/.local/lib/python3.7/site-packages/airflow/example_dags/tutorial_taskflow_api.py
[2022-12-19T19:53:38.284+0000] {processor.py:743} INFO - Processing file /home/airflow/.local/lib/python3.7/site-packages/airflow/example_dags/tutorial_taskflow_api.py for tasks to queue
[2022-12-19T19:53:38.285+0000] {logging_mixin.py:137} INFO - [2022-12-19T19:53:38.285+0000] {dagbag.py:538} INFO - Filling up the DagBag from /home/airflow/.local/lib/python3.7/site-packages/airflow/example_dags/tutorial_taskflow_api.py
[2022-12-19T19:53:38.311+0000] {processor.py:753} INFO - DAG(s) dict_keys(['tutorial_taskflow_api']) retrieved from /home/airflow/.local/lib/python3.7/site-packages/airflow/example_dags/tutorial_taskflow_api.py
[2022-12-19T19:53:38.356+0000] {logging_mixin.py:137} INFO - [2022-12-19T19:53:38.356+0000] {dag.py:2676} INFO - Sync 1 DAGs
[2022-12-19T19:53:38.397+0000] {logging_mixin.py:137} INFO - [2022-12-19T19:53:38.397+0000] {dag.py:3427} INFO - Setting next_dagrun for tutorial_taskflow_api to None, run_after=None
[2022-12-19T19:53:38.421+0000] {processor.py:175} INFO - Processing /home/airflow/.local/lib/python3.7/site-packages/airflow/example_dags/tutorial_taskflow_api.py took 0.143 seconds
[2022-12-19T19:54:08.613+0000] {processor.py:153} INFO - Started process (PID=2646) to work on /home/airflow/.local/lib/python3.7/site-packages/airflow/example_dags/tutorial_taskflow_api.py
[2022-12-19T19:54:08.614+0000] {processor.py:743} INFO - Processing file /home/airflow/.local/lib/python3.7/site-packages/airflow/example_dags/tutorial_taskflow_api.py for tasks to queue
[2022-12-19T19:54:08.615+0000] {logging_mixin.py:137} INFO - [2022-12-19T19:54:08.615+0000] {dagbag.py:538} INFO - Filling up the DagBag from /home/airflow/.local/lib/python3.7/site-packages/airflow/example_dags/tutorial_taskflow_api.py
[2022-12-19T19:54:08.638+0000] {processor.py:753} INFO - DAG(s) dict_keys(['tutorial_taskflow_api']) retrieved from /home/airflow/.local/lib/python3.7/site-packages/airflow/example_dags/tutorial_taskflow_api.py
[2022-12-19T19:54:08.695+0000] {logging_mixin.py:137} INFO - [2022-12-19T19:54:08.694+0000] {dag.py:2676} INFO - Sync 1 DAGs
[2022-12-19T19:54:08.724+0000] {logging_mixin.py:137} INFO - [2022-12-19T19:54:08.724+0000] {dag.py:3427} INFO - Setting next_dagrun for tutorial_taskflow_api to None, run_after=None
[2022-12-19T19:54:08.746+0000] {processor.py:175} INFO - Processing /home/airflow/.local/lib/python3.7/site-packages/airflow/example_dags/tutorial_taskflow_api.py took 0.136 seconds
[2022-12-19T19:54:39.044+0000] {processor.py:153} INFO - Started process (PID=2733) to work on /home/airflow/.local/lib/python3.7/site-packages/airflow/example_dags/tutorial_taskflow_api.py
[2022-12-19T19:54:39.045+0000] {processor.py:743} INFO - Processing file /home/airflow/.local/lib/python3.7/site-packages/airflow/example_dags/tutorial_taskflow_api.py for tasks to queue
[2022-12-19T19:54:39.046+0000] {logging_mixin.py:137} INFO - [2022-12-19T19:54:39.046+0000] {dagbag.py:538} INFO - Filling up the DagBag from /home/airflow/.local/lib/python3.7/site-packages/airflow/example_dags/tutorial_taskflow_api.py
[2022-12-19T19:54:39.070+0000] {processor.py:753} INFO - DAG(s) dict_keys(['tutorial_taskflow_api']) retrieved from /home/airflow/.local/lib/python3.7/site-packages/airflow/example_dags/tutorial_taskflow_api.py
[2022-12-19T19:54:39.115+0000] {logging_mixin.py:137} INFO - [2022-12-19T19:54:39.115+0000] {dag.py:2676} INFO - Sync 1 DAGs
[2022-12-19T19:54:39.150+0000] {logging_mixin.py:137} INFO - [2022-12-19T19:54:39.149+0000] {dag.py:3427} INFO - Setting next_dagrun for tutorial_taskflow_api to None, run_after=None
[2022-12-19T19:54:39.170+0000] {processor.py:175} INFO - Processing /home/airflow/.local/lib/python3.7/site-packages/airflow/example_dags/tutorial_taskflow_api.py took 0.129 seconds
[2022-12-19T19:55:09.242+0000] {processor.py:153} INFO - Started process (PID=2828) to work on /home/airflow/.local/lib/python3.7/site-packages/airflow/example_dags/tutorial_taskflow_api.py
[2022-12-19T19:55:09.243+0000] {processor.py:743} INFO - Processing file /home/airflow/.local/lib/python3.7/site-packages/airflow/example_dags/tutorial_taskflow_api.py for tasks to queue
[2022-12-19T19:55:09.244+0000] {logging_mixin.py:137} INFO - [2022-12-19T19:55:09.244+0000] {dagbag.py:538} INFO - Filling up the DagBag from /home/airflow/.local/lib/python3.7/site-packages/airflow/example_dags/tutorial_taskflow_api.py
[2022-12-19T19:55:09.271+0000] {processor.py:753} INFO - DAG(s) dict_keys(['tutorial_taskflow_api']) retrieved from /home/airflow/.local/lib/python3.7/site-packages/airflow/example_dags/tutorial_taskflow_api.py
[2022-12-19T19:55:09.320+0000] {logging_mixin.py:137} INFO - [2022-12-19T19:55:09.320+0000] {dag.py:2676} INFO - Sync 1 DAGs
[2022-12-19T19:55:09.351+0000] {logging_mixin.py:137} INFO - [2022-12-19T19:55:09.351+0000] {dag.py:3427} INFO - Setting next_dagrun for tutorial_taskflow_api to None, run_after=None
[2022-12-19T19:55:09.374+0000] {processor.py:175} INFO - Processing /home/airflow/.local/lib/python3.7/site-packages/airflow/example_dags/tutorial_taskflow_api.py took 0.135 seconds
[2022-12-19T19:55:39.994+0000] {processor.py:153} INFO - Started process (PID=2929) to work on /home/airflow/.local/lib/python3.7/site-packages/airflow/example_dags/tutorial_taskflow_api.py
[2022-12-19T19:55:39.995+0000] {processor.py:743} INFO - Processing file /home/airflow/.local/lib/python3.7/site-packages/airflow/example_dags/tutorial_taskflow_api.py for tasks to queue
[2022-12-19T19:55:39.996+0000] {logging_mixin.py:137} INFO - [2022-12-19T19:55:39.996+0000] {dagbag.py:538} INFO - Filling up the DagBag from /home/airflow/.local/lib/python3.7/site-packages/airflow/example_dags/tutorial_taskflow_api.py
[2022-12-19T19:55:40.025+0000] {processor.py:753} INFO - DAG(s) dict_keys(['tutorial_taskflow_api']) retrieved from /home/airflow/.local/lib/python3.7/site-packages/airflow/example_dags/tutorial_taskflow_api.py
[2022-12-19T19:55:40.070+0000] {logging_mixin.py:137} INFO - [2022-12-19T19:55:40.070+0000] {dag.py:2676} INFO - Sync 1 DAGs
[2022-12-19T19:55:40.107+0000] {logging_mixin.py:137} INFO - [2022-12-19T19:55:40.107+0000] {dag.py:3427} INFO - Setting next_dagrun for tutorial_taskflow_api to None, run_after=None
[2022-12-19T19:55:40.130+0000] {processor.py:175} INFO - Processing /home/airflow/.local/lib/python3.7/site-packages/airflow/example_dags/tutorial_taskflow_api.py took 0.141 seconds
[2022-12-19T19:56:11.097+0000] {processor.py:153} INFO - Started process (PID=3015) to work on /home/airflow/.local/lib/python3.7/site-packages/airflow/example_dags/tutorial_taskflow_api.py
[2022-12-19T19:56:11.099+0000] {processor.py:743} INFO - Processing file /home/airflow/.local/lib/python3.7/site-packages/airflow/example_dags/tutorial_taskflow_api.py for tasks to queue
[2022-12-19T19:56:11.099+0000] {logging_mixin.py:137} INFO - [2022-12-19T19:56:11.099+0000] {dagbag.py:538} INFO - Filling up the DagBag from /home/airflow/.local/lib/python3.7/site-packages/airflow/example_dags/tutorial_taskflow_api.py
[2022-12-19T19:56:11.130+0000] {processor.py:753} INFO - DAG(s) dict_keys(['tutorial_taskflow_api']) retrieved from /home/airflow/.local/lib/python3.7/site-packages/airflow/example_dags/tutorial_taskflow_api.py
[2022-12-19T19:56:11.183+0000] {logging_mixin.py:137} INFO - [2022-12-19T19:56:11.183+0000] {dag.py:2676} INFO - Sync 1 DAGs
[2022-12-19T19:56:11.220+0000] {logging_mixin.py:137} INFO - [2022-12-19T19:56:11.219+0000] {dag.py:3427} INFO - Setting next_dagrun for tutorial_taskflow_api to None, run_after=None
[2022-12-19T19:56:11.245+0000] {processor.py:175} INFO - Processing /home/airflow/.local/lib/python3.7/site-packages/airflow/example_dags/tutorial_taskflow_api.py took 0.151 seconds
[2022-12-19T19:56:41.484+0000] {processor.py:153} INFO - Started process (PID=3126) to work on /home/airflow/.local/lib/python3.7/site-packages/airflow/example_dags/tutorial_taskflow_api.py
[2022-12-19T19:56:41.485+0000] {processor.py:743} INFO - Processing file /home/airflow/.local/lib/python3.7/site-packages/airflow/example_dags/tutorial_taskflow_api.py for tasks to queue
[2022-12-19T19:56:41.485+0000] {logging_mixin.py:137} INFO - [2022-12-19T19:56:41.485+0000] {dagbag.py:538} INFO - Filling up the DagBag from /home/airflow/.local/lib/python3.7/site-packages/airflow/example_dags/tutorial_taskflow_api.py
[2022-12-19T19:56:41.510+0000] {processor.py:753} INFO - DAG(s) dict_keys(['tutorial_taskflow_api']) retrieved from /home/airflow/.local/lib/python3.7/site-packages/airflow/example_dags/tutorial_taskflow_api.py
[2022-12-19T19:56:41.596+0000] {logging_mixin.py:137} INFO - [2022-12-19T19:56:41.596+0000] {dag.py:2676} INFO - Sync 1 DAGs
[2022-12-19T19:56:41.682+0000] {logging_mixin.py:137} INFO - [2022-12-19T19:56:41.682+0000] {dag.py:3427} INFO - Setting next_dagrun for tutorial_taskflow_api to None, run_after=None
[2022-12-19T19:56:41.708+0000] {processor.py:175} INFO - Processing /home/airflow/.local/lib/python3.7/site-packages/airflow/example_dags/tutorial_taskflow_api.py took 0.227 seconds
[2022-12-19T19:57:12.185+0000] {processor.py:153} INFO - Started process (PID=3212) to work on /home/airflow/.local/lib/python3.7/site-packages/airflow/example_dags/tutorial_taskflow_api.py
[2022-12-19T19:57:12.186+0000] {processor.py:743} INFO - Processing file /home/airflow/.local/lib/python3.7/site-packages/airflow/example_dags/tutorial_taskflow_api.py for tasks to queue
[2022-12-19T19:57:12.187+0000] {logging_mixin.py:137} INFO - [2022-12-19T19:57:12.186+0000] {dagbag.py:538} INFO - Filling up the DagBag from /home/airflow/.local/lib/python3.7/site-packages/airflow/example_dags/tutorial_taskflow_api.py
[2022-12-19T19:57:12.211+0000] {processor.py:753} INFO - DAG(s) dict_keys(['tutorial_taskflow_api']) retrieved from /home/airflow/.local/lib/python3.7/site-packages/airflow/example_dags/tutorial_taskflow_api.py
[2022-12-19T19:57:12.258+0000] {logging_mixin.py:137} INFO - [2022-12-19T19:57:12.258+0000] {dag.py:2676} INFO - Sync 1 DAGs
[2022-12-19T19:57:12.285+0000] {logging_mixin.py:137} INFO - [2022-12-19T19:57:12.284+0000] {dag.py:3427} INFO - Setting next_dagrun for tutorial_taskflow_api to None, run_after=None
[2022-12-19T19:57:12.305+0000] {processor.py:175} INFO - Processing /home/airflow/.local/lib/python3.7/site-packages/airflow/example_dags/tutorial_taskflow_api.py took 0.124 seconds
[2022-12-19T19:57:42.430+0000] {processor.py:153} INFO - Started process (PID=3298) to work on /home/airflow/.local/lib/python3.7/site-packages/airflow/example_dags/tutorial_taskflow_api.py
[2022-12-19T19:57:42.431+0000] {processor.py:743} INFO - Processing file /home/airflow/.local/lib/python3.7/site-packages/airflow/example_dags/tutorial_taskflow_api.py for tasks to queue
[2022-12-19T19:57:42.431+0000] {logging_mixin.py:137} INFO - [2022-12-19T19:57:42.431+0000] {dagbag.py:538} INFO - Filling up the DagBag from /home/airflow/.local/lib/python3.7/site-packages/airflow/example_dags/tutorial_taskflow_api.py
[2022-12-19T19:57:42.456+0000] {processor.py:753} INFO - DAG(s) dict_keys(['tutorial_taskflow_api']) retrieved from /home/airflow/.local/lib/python3.7/site-packages/airflow/example_dags/tutorial_taskflow_api.py
[2022-12-19T19:57:42.499+0000] {logging_mixin.py:137} INFO - [2022-12-19T19:57:42.499+0000] {dag.py:2676} INFO - Sync 1 DAGs
[2022-12-19T19:57:42.529+0000] {logging_mixin.py:137} INFO - [2022-12-19T19:57:42.529+0000] {dag.py:3427} INFO - Setting next_dagrun for tutorial_taskflow_api to None, run_after=None
[2022-12-19T19:57:42.552+0000] {processor.py:175} INFO - Processing /home/airflow/.local/lib/python3.7/site-packages/airflow/example_dags/tutorial_taskflow_api.py took 0.126 seconds
[2022-12-19T19:58:12.988+0000] {processor.py:153} INFO - Started process (PID=3408) to work on /home/airflow/.local/lib/python3.7/site-packages/airflow/example_dags/tutorial_taskflow_api.py
[2022-12-19T19:58:12.989+0000] {processor.py:743} INFO - Processing file /home/airflow/.local/lib/python3.7/site-packages/airflow/example_dags/tutorial_taskflow_api.py for tasks to queue
[2022-12-19T19:58:12.990+0000] {logging_mixin.py:137} INFO - [2022-12-19T19:58:12.990+0000] {dagbag.py:538} INFO - Filling up the DagBag from /home/airflow/.local/lib/python3.7/site-packages/airflow/example_dags/tutorial_taskflow_api.py
[2022-12-19T19:58:13.019+0000] {processor.py:753} INFO - DAG(s) dict_keys(['tutorial_taskflow_api']) retrieved from /home/airflow/.local/lib/python3.7/site-packages/airflow/example_dags/tutorial_taskflow_api.py
[2022-12-19T19:58:13.075+0000] {logging_mixin.py:137} INFO - [2022-12-19T19:58:13.074+0000] {dag.py:2676} INFO - Sync 1 DAGs
[2022-12-19T19:58:13.186+0000] {logging_mixin.py:137} INFO - [2022-12-19T19:58:13.186+0000] {dag.py:3427} INFO - Setting next_dagrun for tutorial_taskflow_api to None, run_after=None
[2022-12-19T19:58:13.210+0000] {processor.py:175} INFO - Processing /home/airflow/.local/lib/python3.7/site-packages/airflow/example_dags/tutorial_taskflow_api.py took 0.225 seconds
[2022-12-19T19:58:43.483+0000] {processor.py:153} INFO - Started process (PID=3494) to work on /home/airflow/.local/lib/python3.7/site-packages/airflow/example_dags/tutorial_taskflow_api.py
[2022-12-19T19:58:43.484+0000] {processor.py:743} INFO - Processing file /home/airflow/.local/lib/python3.7/site-packages/airflow/example_dags/tutorial_taskflow_api.py for tasks to queue
[2022-12-19T19:58:43.484+0000] {logging_mixin.py:137} INFO - [2022-12-19T19:58:43.484+0000] {dagbag.py:538} INFO - Filling up the DagBag from /home/airflow/.local/lib/python3.7/site-packages/airflow/example_dags/tutorial_taskflow_api.py
[2022-12-19T19:58:43.510+0000] {processor.py:753} INFO - DAG(s) dict_keys(['tutorial_taskflow_api']) retrieved from /home/airflow/.local/lib/python3.7/site-packages/airflow/example_dags/tutorial_taskflow_api.py
[2022-12-19T19:58:43.555+0000] {logging_mixin.py:137} INFO - [2022-12-19T19:58:43.555+0000] {dag.py:2676} INFO - Sync 1 DAGs
[2022-12-19T19:58:43.594+0000] {logging_mixin.py:137} INFO - [2022-12-19T19:58:43.594+0000] {dag.py:3427} INFO - Setting next_dagrun for tutorial_taskflow_api to None, run_after=None
[2022-12-19T19:58:43.618+0000] {processor.py:175} INFO - Processing /home/airflow/.local/lib/python3.7/site-packages/airflow/example_dags/tutorial_taskflow_api.py took 0.139 seconds
[2022-12-19T19:59:13.772+0000] {processor.py:153} INFO - Started process (PID=3580) to work on /home/airflow/.local/lib/python3.7/site-packages/airflow/example_dags/tutorial_taskflow_api.py
[2022-12-19T19:59:13.773+0000] {processor.py:743} INFO - Processing file /home/airflow/.local/lib/python3.7/site-packages/airflow/example_dags/tutorial_taskflow_api.py for tasks to queue
[2022-12-19T19:59:13.774+0000] {logging_mixin.py:137} INFO - [2022-12-19T19:59:13.774+0000] {dagbag.py:538} INFO - Filling up the DagBag from /home/airflow/.local/lib/python3.7/site-packages/airflow/example_dags/tutorial_taskflow_api.py
[2022-12-19T19:59:13.797+0000] {processor.py:753} INFO - DAG(s) dict_keys(['tutorial_taskflow_api']) retrieved from /home/airflow/.local/lib/python3.7/site-packages/airflow/example_dags/tutorial_taskflow_api.py
[2022-12-19T19:59:13.838+0000] {logging_mixin.py:137} INFO - [2022-12-19T19:59:13.837+0000] {dag.py:2676} INFO - Sync 1 DAGs
[2022-12-19T19:59:13.866+0000] {logging_mixin.py:137} INFO - [2022-12-19T19:59:13.866+0000] {dag.py:3427} INFO - Setting next_dagrun for tutorial_taskflow_api to None, run_after=None
[2022-12-19T19:59:13.891+0000] {processor.py:175} INFO - Processing /home/airflow/.local/lib/python3.7/site-packages/airflow/example_dags/tutorial_taskflow_api.py took 0.121 seconds
[2022-12-19T19:59:44.390+0000] {processor.py:153} INFO - Started process (PID=3675) to work on /home/airflow/.local/lib/python3.7/site-packages/airflow/example_dags/tutorial_taskflow_api.py
[2022-12-19T19:59:44.391+0000] {processor.py:743} INFO - Processing file /home/airflow/.local/lib/python3.7/site-packages/airflow/example_dags/tutorial_taskflow_api.py for tasks to queue
[2022-12-19T19:59:44.392+0000] {logging_mixin.py:137} INFO - [2022-12-19T19:59:44.391+0000] {dagbag.py:538} INFO - Filling up the DagBag from /home/airflow/.local/lib/python3.7/site-packages/airflow/example_dags/tutorial_taskflow_api.py
[2022-12-19T19:59:44.417+0000] {processor.py:753} INFO - DAG(s) dict_keys(['tutorial_taskflow_api']) retrieved from /home/airflow/.local/lib/python3.7/site-packages/airflow/example_dags/tutorial_taskflow_api.py
[2022-12-19T19:59:44.511+0000] {logging_mixin.py:137} INFO - [2022-12-19T19:59:44.511+0000] {dag.py:2676} INFO - Sync 1 DAGs
[2022-12-19T19:59:44.672+0000] {logging_mixin.py:137} INFO - [2022-12-19T19:59:44.672+0000] {dag.py:3427} INFO - Setting next_dagrun for tutorial_taskflow_api to None, run_after=None
[2022-12-19T19:59:44.696+0000] {processor.py:175} INFO - Processing /home/airflow/.local/lib/python3.7/site-packages/airflow/example_dags/tutorial_taskflow_api.py took 0.309 seconds
[2022-12-19T20:00:15.040+0000] {processor.py:153} INFO - Started process (PID=3777) to work on /home/airflow/.local/lib/python3.7/site-packages/airflow/example_dags/tutorial_taskflow_api.py
[2022-12-19T20:00:15.041+0000] {processor.py:743} INFO - Processing file /home/airflow/.local/lib/python3.7/site-packages/airflow/example_dags/tutorial_taskflow_api.py for tasks to queue
[2022-12-19T20:00:15.041+0000] {logging_mixin.py:137} INFO - [2022-12-19T20:00:15.041+0000] {dagbag.py:538} INFO - Filling up the DagBag from /home/airflow/.local/lib/python3.7/site-packages/airflow/example_dags/tutorial_taskflow_api.py
[2022-12-19T20:00:15.066+0000] {processor.py:753} INFO - DAG(s) dict_keys(['tutorial_taskflow_api']) retrieved from /home/airflow/.local/lib/python3.7/site-packages/airflow/example_dags/tutorial_taskflow_api.py
[2022-12-19T20:00:15.109+0000] {logging_mixin.py:137} INFO - [2022-12-19T20:00:15.109+0000] {dag.py:2676} INFO - Sync 1 DAGs
[2022-12-19T20:00:15.178+0000] {logging_mixin.py:137} INFO - [2022-12-19T20:00:15.178+0000] {dag.py:3427} INFO - Setting next_dagrun for tutorial_taskflow_api to None, run_after=None
[2022-12-19T20:00:15.202+0000] {processor.py:175} INFO - Processing /home/airflow/.local/lib/python3.7/site-packages/airflow/example_dags/tutorial_taskflow_api.py took 0.165 seconds
[2022-12-19T20:00:45.837+0000] {processor.py:153} INFO - Started process (PID=3863) to work on /home/airflow/.local/lib/python3.7/site-packages/airflow/example_dags/tutorial_taskflow_api.py
[2022-12-19T20:00:45.838+0000] {processor.py:743} INFO - Processing file /home/airflow/.local/lib/python3.7/site-packages/airflow/example_dags/tutorial_taskflow_api.py for tasks to queue
[2022-12-19T20:00:45.839+0000] {logging_mixin.py:137} INFO - [2022-12-19T20:00:45.839+0000] {dagbag.py:538} INFO - Filling up the DagBag from /home/airflow/.local/lib/python3.7/site-packages/airflow/example_dags/tutorial_taskflow_api.py
[2022-12-19T20:00:45.861+0000] {processor.py:753} INFO - DAG(s) dict_keys(['tutorial_taskflow_api']) retrieved from /home/airflow/.local/lib/python3.7/site-packages/airflow/example_dags/tutorial_taskflow_api.py
[2022-12-19T20:00:45.900+0000] {logging_mixin.py:137} INFO - [2022-12-19T20:00:45.900+0000] {dag.py:2676} INFO - Sync 1 DAGs
[2022-12-19T20:00:45.932+0000] {logging_mixin.py:137} INFO - [2022-12-19T20:00:45.931+0000] {dag.py:3427} INFO - Setting next_dagrun for tutorial_taskflow_api to None, run_after=None
[2022-12-19T20:00:45.951+0000] {processor.py:175} INFO - Processing /home/airflow/.local/lib/python3.7/site-packages/airflow/example_dags/tutorial_taskflow_api.py took 0.116 seconds
[2022-12-19T20:01:16.031+0000] {processor.py:153} INFO - Started process (PID=3973) to work on /home/airflow/.local/lib/python3.7/site-packages/airflow/example_dags/tutorial_taskflow_api.py
[2022-12-19T20:01:16.032+0000] {processor.py:743} INFO - Processing file /home/airflow/.local/lib/python3.7/site-packages/airflow/example_dags/tutorial_taskflow_api.py for tasks to queue
[2022-12-19T20:01:16.033+0000] {logging_mixin.py:137} INFO - [2022-12-19T20:01:16.033+0000] {dagbag.py:538} INFO - Filling up the DagBag from /home/airflow/.local/lib/python3.7/site-packages/airflow/example_dags/tutorial_taskflow_api.py
[2022-12-19T20:01:16.060+0000] {processor.py:753} INFO - DAG(s) dict_keys(['tutorial_taskflow_api']) retrieved from /home/airflow/.local/lib/python3.7/site-packages/airflow/example_dags/tutorial_taskflow_api.py
[2022-12-19T20:01:16.107+0000] {logging_mixin.py:137} INFO - [2022-12-19T20:01:16.107+0000] {dag.py:2676} INFO - Sync 1 DAGs
[2022-12-19T20:01:16.134+0000] {logging_mixin.py:137} INFO - [2022-12-19T20:01:16.134+0000] {dag.py:3427} INFO - Setting next_dagrun for tutorial_taskflow_api to None, run_after=None
[2022-12-19T20:01:16.153+0000] {processor.py:175} INFO - Processing /home/airflow/.local/lib/python3.7/site-packages/airflow/example_dags/tutorial_taskflow_api.py took 0.125 seconds
[2022-12-19T20:01:46.266+0000] {processor.py:153} INFO - Started process (PID=4059) to work on /home/airflow/.local/lib/python3.7/site-packages/airflow/example_dags/tutorial_taskflow_api.py
[2022-12-19T20:01:46.267+0000] {processor.py:743} INFO - Processing file /home/airflow/.local/lib/python3.7/site-packages/airflow/example_dags/tutorial_taskflow_api.py for tasks to queue
[2022-12-19T20:01:46.268+0000] {logging_mixin.py:137} INFO - [2022-12-19T20:01:46.267+0000] {dagbag.py:538} INFO - Filling up the DagBag from /home/airflow/.local/lib/python3.7/site-packages/airflow/example_dags/tutorial_taskflow_api.py
[2022-12-19T20:01:46.291+0000] {processor.py:753} INFO - DAG(s) dict_keys(['tutorial_taskflow_api']) retrieved from /home/airflow/.local/lib/python3.7/site-packages/airflow/example_dags/tutorial_taskflow_api.py
[2022-12-19T20:01:46.332+0000] {logging_mixin.py:137} INFO - [2022-12-19T20:01:46.332+0000] {dag.py:2676} INFO - Sync 1 DAGs
[2022-12-19T20:01:46.359+0000] {logging_mixin.py:137} INFO - [2022-12-19T20:01:46.359+0000] {dag.py:3427} INFO - Setting next_dagrun for tutorial_taskflow_api to None, run_after=None
[2022-12-19T20:01:46.380+0000] {processor.py:175} INFO - Processing /home/airflow/.local/lib/python3.7/site-packages/airflow/example_dags/tutorial_taskflow_api.py took 0.116 seconds
[2022-12-19T20:02:16.667+0000] {processor.py:153} INFO - Started process (PID=4145) to work on /home/airflow/.local/lib/python3.7/site-packages/airflow/example_dags/tutorial_taskflow_api.py
[2022-12-19T20:02:16.668+0000] {processor.py:743} INFO - Processing file /home/airflow/.local/lib/python3.7/site-packages/airflow/example_dags/tutorial_taskflow_api.py for tasks to queue
[2022-12-19T20:02:16.668+0000] {logging_mixin.py:137} INFO - [2022-12-19T20:02:16.668+0000] {dagbag.py:538} INFO - Filling up the DagBag from /home/airflow/.local/lib/python3.7/site-packages/airflow/example_dags/tutorial_taskflow_api.py
[2022-12-19T20:02:16.694+0000] {processor.py:753} INFO - DAG(s) dict_keys(['tutorial_taskflow_api']) retrieved from /home/airflow/.local/lib/python3.7/site-packages/airflow/example_dags/tutorial_taskflow_api.py
[2022-12-19T20:02:16.739+0000] {logging_mixin.py:137} INFO - [2022-12-19T20:02:16.739+0000] {dag.py:2676} INFO - Sync 1 DAGs
[2022-12-19T20:02:16.769+0000] {logging_mixin.py:137} INFO - [2022-12-19T20:02:16.768+0000] {dag.py:3427} INFO - Setting next_dagrun for tutorial_taskflow_api to None, run_after=None
[2022-12-19T20:02:16.791+0000] {processor.py:175} INFO - Processing /home/airflow/.local/lib/python3.7/site-packages/airflow/example_dags/tutorial_taskflow_api.py took 0.127 seconds
[2022-12-19T20:02:47.535+0000] {processor.py:153} INFO - Started process (PID=4256) to work on /home/airflow/.local/lib/python3.7/site-packages/airflow/example_dags/tutorial_taskflow_api.py
[2022-12-19T20:02:47.536+0000] {processor.py:743} INFO - Processing file /home/airflow/.local/lib/python3.7/site-packages/airflow/example_dags/tutorial_taskflow_api.py for tasks to queue
[2022-12-19T20:02:47.537+0000] {logging_mixin.py:137} INFO - [2022-12-19T20:02:47.537+0000] {dagbag.py:538} INFO - Filling up the DagBag from /home/airflow/.local/lib/python3.7/site-packages/airflow/example_dags/tutorial_taskflow_api.py
[2022-12-19T20:02:47.567+0000] {processor.py:753} INFO - DAG(s) dict_keys(['tutorial_taskflow_api']) retrieved from /home/airflow/.local/lib/python3.7/site-packages/airflow/example_dags/tutorial_taskflow_api.py
[2022-12-19T20:02:47.623+0000] {logging_mixin.py:137} INFO - [2022-12-19T20:02:47.623+0000] {dag.py:2676} INFO - Sync 1 DAGs
[2022-12-19T20:02:47.662+0000] {logging_mixin.py:137} INFO - [2022-12-19T20:02:47.662+0000] {dag.py:3427} INFO - Setting next_dagrun for tutorial_taskflow_api to None, run_after=None
[2022-12-19T20:02:47.690+0000] {processor.py:175} INFO - Processing /home/airflow/.local/lib/python3.7/site-packages/airflow/example_dags/tutorial_taskflow_api.py took 0.158 seconds
[2022-12-19T20:03:17.800+0000] {processor.py:153} INFO - Started process (PID=4342) to work on /home/airflow/.local/lib/python3.7/site-packages/airflow/example_dags/tutorial_taskflow_api.py
[2022-12-19T20:03:17.801+0000] {processor.py:743} INFO - Processing file /home/airflow/.local/lib/python3.7/site-packages/airflow/example_dags/tutorial_taskflow_api.py for tasks to queue
[2022-12-19T20:03:17.802+0000] {logging_mixin.py:137} INFO - [2022-12-19T20:03:17.802+0000] {dagbag.py:538} INFO - Filling up the DagBag from /home/airflow/.local/lib/python3.7/site-packages/airflow/example_dags/tutorial_taskflow_api.py
[2022-12-19T20:03:17.826+0000] {processor.py:753} INFO - DAG(s) dict_keys(['tutorial_taskflow_api']) retrieved from /home/airflow/.local/lib/python3.7/site-packages/airflow/example_dags/tutorial_taskflow_api.py
[2022-12-19T20:03:17.873+0000] {logging_mixin.py:137} INFO - [2022-12-19T20:03:17.872+0000] {dag.py:2676} INFO - Sync 1 DAGs
[2022-12-19T20:03:17.903+0000] {logging_mixin.py:137} INFO - [2022-12-19T20:03:17.903+0000] {dag.py:3427} INFO - Setting next_dagrun for tutorial_taskflow_api to None, run_after=None
[2022-12-19T20:03:17.925+0000] {processor.py:175} INFO - Processing /home/airflow/.local/lib/python3.7/site-packages/airflow/example_dags/tutorial_taskflow_api.py took 0.129 seconds
[2022-12-19T20:03:48.674+0000] {processor.py:153} INFO - Started process (PID=4428) to work on /home/airflow/.local/lib/python3.7/site-packages/airflow/example_dags/tutorial_taskflow_api.py
[2022-12-19T20:03:48.676+0000] {processor.py:743} INFO - Processing file /home/airflow/.local/lib/python3.7/site-packages/airflow/example_dags/tutorial_taskflow_api.py for tasks to queue
[2022-12-19T20:03:48.677+0000] {logging_mixin.py:137} INFO - [2022-12-19T20:03:48.676+0000] {dagbag.py:538} INFO - Filling up the DagBag from /home/airflow/.local/lib/python3.7/site-packages/airflow/example_dags/tutorial_taskflow_api.py
[2022-12-19T20:03:48.698+0000] {processor.py:753} INFO - DAG(s) dict_keys(['tutorial_taskflow_api']) retrieved from /home/airflow/.local/lib/python3.7/site-packages/airflow/example_dags/tutorial_taskflow_api.py
[2022-12-19T20:03:48.741+0000] {logging_mixin.py:137} INFO - [2022-12-19T20:03:48.741+0000] {dag.py:2676} INFO - Sync 1 DAGs
[2022-12-19T20:03:48.769+0000] {logging_mixin.py:137} INFO - [2022-12-19T20:03:48.769+0000] {dag.py:3427} INFO - Setting next_dagrun for tutorial_taskflow_api to None, run_after=None
[2022-12-19T20:03:48.787+0000] {processor.py:175} INFO - Processing /home/airflow/.local/lib/python3.7/site-packages/airflow/example_dags/tutorial_taskflow_api.py took 0.116 seconds
[2022-12-19T20:04:18.957+0000] {processor.py:153} INFO - Started process (PID=4539) to work on /home/airflow/.local/lib/python3.7/site-packages/airflow/example_dags/tutorial_taskflow_api.py
[2022-12-19T20:04:18.958+0000] {processor.py:743} INFO - Processing file /home/airflow/.local/lib/python3.7/site-packages/airflow/example_dags/tutorial_taskflow_api.py for tasks to queue
[2022-12-19T20:04:18.959+0000] {logging_mixin.py:137} INFO - [2022-12-19T20:04:18.958+0000] {dagbag.py:538} INFO - Filling up the DagBag from /home/airflow/.local/lib/python3.7/site-packages/airflow/example_dags/tutorial_taskflow_api.py
[2022-12-19T20:04:18.982+0000] {processor.py:753} INFO - DAG(s) dict_keys(['tutorial_taskflow_api']) retrieved from /home/airflow/.local/lib/python3.7/site-packages/airflow/example_dags/tutorial_taskflow_api.py
[2022-12-19T20:04:19.026+0000] {logging_mixin.py:137} INFO - [2022-12-19T20:04:19.025+0000] {dag.py:2676} INFO - Sync 1 DAGs
[2022-12-19T20:04:19.055+0000] {logging_mixin.py:137} INFO - [2022-12-19T20:04:19.055+0000] {dag.py:3427} INFO - Setting next_dagrun for tutorial_taskflow_api to None, run_after=None
[2022-12-19T20:04:19.080+0000] {processor.py:175} INFO - Processing /home/airflow/.local/lib/python3.7/site-packages/airflow/example_dags/tutorial_taskflow_api.py took 0.127 seconds
[2022-12-19T20:04:49.545+0000] {processor.py:153} INFO - Started process (PID=4625) to work on /home/airflow/.local/lib/python3.7/site-packages/airflow/example_dags/tutorial_taskflow_api.py
[2022-12-19T20:04:49.546+0000] {processor.py:743} INFO - Processing file /home/airflow/.local/lib/python3.7/site-packages/airflow/example_dags/tutorial_taskflow_api.py for tasks to queue
[2022-12-19T20:04:49.547+0000] {logging_mixin.py:137} INFO - [2022-12-19T20:04:49.547+0000] {dagbag.py:538} INFO - Filling up the DagBag from /home/airflow/.local/lib/python3.7/site-packages/airflow/example_dags/tutorial_taskflow_api.py
[2022-12-19T20:04:49.576+0000] {processor.py:753} INFO - DAG(s) dict_keys(['tutorial_taskflow_api']) retrieved from /home/airflow/.local/lib/python3.7/site-packages/airflow/example_dags/tutorial_taskflow_api.py
[2022-12-19T20:04:49.622+0000] {logging_mixin.py:137} INFO - [2022-12-19T20:04:49.621+0000] {dag.py:2676} INFO - Sync 1 DAGs
[2022-12-19T20:04:49.657+0000] {logging_mixin.py:137} INFO - [2022-12-19T20:04:49.656+0000] {dag.py:3427} INFO - Setting next_dagrun for tutorial_taskflow_api to None, run_after=None
[2022-12-19T20:04:49.687+0000] {processor.py:175} INFO - Processing /home/airflow/.local/lib/python3.7/site-packages/airflow/example_dags/tutorial_taskflow_api.py took 0.146 seconds
[2022-12-19T20:05:20.050+0000] {processor.py:153} INFO - Started process (PID=4711) to work on /home/airflow/.local/lib/python3.7/site-packages/airflow/example_dags/tutorial_taskflow_api.py
[2022-12-19T20:05:20.051+0000] {processor.py:743} INFO - Processing file /home/airflow/.local/lib/python3.7/site-packages/airflow/example_dags/tutorial_taskflow_api.py for tasks to queue
[2022-12-19T20:05:20.052+0000] {logging_mixin.py:137} INFO - [2022-12-19T20:05:20.052+0000] {dagbag.py:538} INFO - Filling up the DagBag from /home/airflow/.local/lib/python3.7/site-packages/airflow/example_dags/tutorial_taskflow_api.py
[2022-12-19T20:05:20.074+0000] {processor.py:753} INFO - DAG(s) dict_keys(['tutorial_taskflow_api']) retrieved from /home/airflow/.local/lib/python3.7/site-packages/airflow/example_dags/tutorial_taskflow_api.py
[2022-12-19T20:05:20.119+0000] {logging_mixin.py:137} INFO - [2022-12-19T20:05:20.119+0000] {dag.py:2676} INFO - Sync 1 DAGs
[2022-12-19T20:05:20.147+0000] {logging_mixin.py:137} INFO - [2022-12-19T20:05:20.147+0000] {dag.py:3427} INFO - Setting next_dagrun for tutorial_taskflow_api to None, run_after=None
[2022-12-19T20:05:20.165+0000] {processor.py:175} INFO - Processing /home/airflow/.local/lib/python3.7/site-packages/airflow/example_dags/tutorial_taskflow_api.py took 0.119 seconds
[2022-12-19T20:05:50.328+0000] {processor.py:153} INFO - Started process (PID=4821) to work on /home/airflow/.local/lib/python3.7/site-packages/airflow/example_dags/tutorial_taskflow_api.py
[2022-12-19T20:05:50.329+0000] {processor.py:743} INFO - Processing file /home/airflow/.local/lib/python3.7/site-packages/airflow/example_dags/tutorial_taskflow_api.py for tasks to queue
[2022-12-19T20:05:50.330+0000] {logging_mixin.py:137} INFO - [2022-12-19T20:05:50.330+0000] {dagbag.py:538} INFO - Filling up the DagBag from /home/airflow/.local/lib/python3.7/site-packages/airflow/example_dags/tutorial_taskflow_api.py
[2022-12-19T20:05:50.353+0000] {processor.py:753} INFO - DAG(s) dict_keys(['tutorial_taskflow_api']) retrieved from /home/airflow/.local/lib/python3.7/site-packages/airflow/example_dags/tutorial_taskflow_api.py
[2022-12-19T20:05:50.396+0000] {logging_mixin.py:137} INFO - [2022-12-19T20:05:50.395+0000] {dag.py:2676} INFO - Sync 1 DAGs
[2022-12-19T20:05:50.428+0000] {logging_mixin.py:137} INFO - [2022-12-19T20:05:50.428+0000] {dag.py:3427} INFO - Setting next_dagrun for tutorial_taskflow_api to None, run_after=None
[2022-12-19T20:05:50.448+0000] {processor.py:175} INFO - Processing /home/airflow/.local/lib/python3.7/site-packages/airflow/example_dags/tutorial_taskflow_api.py took 0.124 seconds
[2022-12-19T20:06:20.790+0000] {processor.py:153} INFO - Started process (PID=4907) to work on /home/airflow/.local/lib/python3.7/site-packages/airflow/example_dags/tutorial_taskflow_api.py
[2022-12-19T20:06:20.791+0000] {processor.py:743} INFO - Processing file /home/airflow/.local/lib/python3.7/site-packages/airflow/example_dags/tutorial_taskflow_api.py for tasks to queue
[2022-12-19T20:06:20.791+0000] {logging_mixin.py:137} INFO - [2022-12-19T20:06:20.791+0000] {dagbag.py:538} INFO - Filling up the DagBag from /home/airflow/.local/lib/python3.7/site-packages/airflow/example_dags/tutorial_taskflow_api.py
[2022-12-19T20:06:20.814+0000] {processor.py:753} INFO - DAG(s) dict_keys(['tutorial_taskflow_api']) retrieved from /home/airflow/.local/lib/python3.7/site-packages/airflow/example_dags/tutorial_taskflow_api.py
[2022-12-19T20:06:20.854+0000] {logging_mixin.py:137} INFO - [2022-12-19T20:06:20.854+0000] {dag.py:2676} INFO - Sync 1 DAGs
[2022-12-19T20:06:20.882+0000] {logging_mixin.py:137} INFO - [2022-12-19T20:06:20.881+0000] {dag.py:3427} INFO - Setting next_dagrun for tutorial_taskflow_api to None, run_after=None
[2022-12-19T20:06:20.903+0000] {processor.py:175} INFO - Processing /home/airflow/.local/lib/python3.7/site-packages/airflow/example_dags/tutorial_taskflow_api.py took 0.116 seconds
[2022-12-19T20:06:51.612+0000] {processor.py:153} INFO - Started process (PID=5003) to work on /home/airflow/.local/lib/python3.7/site-packages/airflow/example_dags/tutorial_taskflow_api.py
[2022-12-19T20:06:51.613+0000] {processor.py:743} INFO - Processing file /home/airflow/.local/lib/python3.7/site-packages/airflow/example_dags/tutorial_taskflow_api.py for tasks to queue
[2022-12-19T20:06:51.614+0000] {logging_mixin.py:137} INFO - [2022-12-19T20:06:51.613+0000] {dagbag.py:538} INFO - Filling up the DagBag from /home/airflow/.local/lib/python3.7/site-packages/airflow/example_dags/tutorial_taskflow_api.py
[2022-12-19T20:06:51.638+0000] {processor.py:753} INFO - DAG(s) dict_keys(['tutorial_taskflow_api']) retrieved from /home/airflow/.local/lib/python3.7/site-packages/airflow/example_dags/tutorial_taskflow_api.py
[2022-12-19T20:06:51.681+0000] {logging_mixin.py:137} INFO - [2022-12-19T20:06:51.681+0000] {dag.py:2676} INFO - Sync 1 DAGs
[2022-12-19T20:06:51.711+0000] {logging_mixin.py:137} INFO - [2022-12-19T20:06:51.711+0000] {dag.py:3427} INFO - Setting next_dagrun for tutorial_taskflow_api to None, run_after=None
[2022-12-19T20:06:51.732+0000] {processor.py:175} INFO - Processing /home/airflow/.local/lib/python3.7/site-packages/airflow/example_dags/tutorial_taskflow_api.py took 0.123 seconds
[2022-12-19T20:07:22.057+0000] {processor.py:153} INFO - Started process (PID=5104) to work on /home/airflow/.local/lib/python3.7/site-packages/airflow/example_dags/tutorial_taskflow_api.py
[2022-12-19T20:07:22.058+0000] {processor.py:743} INFO - Processing file /home/airflow/.local/lib/python3.7/site-packages/airflow/example_dags/tutorial_taskflow_api.py for tasks to queue
[2022-12-19T20:07:22.059+0000] {logging_mixin.py:137} INFO - [2022-12-19T20:07:22.059+0000] {dagbag.py:538} INFO - Filling up the DagBag from /home/airflow/.local/lib/python3.7/site-packages/airflow/example_dags/tutorial_taskflow_api.py
[2022-12-19T20:07:22.081+0000] {processor.py:753} INFO - DAG(s) dict_keys(['tutorial_taskflow_api']) retrieved from /home/airflow/.local/lib/python3.7/site-packages/airflow/example_dags/tutorial_taskflow_api.py
[2022-12-19T20:07:22.120+0000] {logging_mixin.py:137} INFO - [2022-12-19T20:07:22.120+0000] {dag.py:2676} INFO - Sync 1 DAGs
[2022-12-19T20:07:22.145+0000] {logging_mixin.py:137} INFO - [2022-12-19T20:07:22.145+0000] {dag.py:3427} INFO - Setting next_dagrun for tutorial_taskflow_api to None, run_after=None
[2022-12-19T20:07:22.164+0000] {processor.py:175} INFO - Processing /home/airflow/.local/lib/python3.7/site-packages/airflow/example_dags/tutorial_taskflow_api.py took 0.110 seconds
[2022-12-19T20:07:53.205+0000] {processor.py:153} INFO - Started process (PID=5190) to work on /home/airflow/.local/lib/python3.7/site-packages/airflow/example_dags/tutorial_taskflow_api.py
[2022-12-19T20:07:53.206+0000] {processor.py:743} INFO - Processing file /home/airflow/.local/lib/python3.7/site-packages/airflow/example_dags/tutorial_taskflow_api.py for tasks to queue
[2022-12-19T20:07:53.207+0000] {logging_mixin.py:137} INFO - [2022-12-19T20:07:53.207+0000] {dagbag.py:538} INFO - Filling up the DagBag from /home/airflow/.local/lib/python3.7/site-packages/airflow/example_dags/tutorial_taskflow_api.py
[2022-12-19T20:07:53.232+0000] {processor.py:753} INFO - DAG(s) dict_keys(['tutorial_taskflow_api']) retrieved from /home/airflow/.local/lib/python3.7/site-packages/airflow/example_dags/tutorial_taskflow_api.py
[2022-12-19T20:07:53.280+0000] {logging_mixin.py:137} INFO - [2022-12-19T20:07:53.280+0000] {dag.py:2676} INFO - Sync 1 DAGs
[2022-12-19T20:07:53.311+0000] {logging_mixin.py:137} INFO - [2022-12-19T20:07:53.311+0000] {dag.py:3427} INFO - Setting next_dagrun for tutorial_taskflow_api to None, run_after=None
[2022-12-19T20:07:53.334+0000] {processor.py:175} INFO - Processing /home/airflow/.local/lib/python3.7/site-packages/airflow/example_dags/tutorial_taskflow_api.py took 0.132 seconds
[2022-12-19T20:08:23.626+0000] {processor.py:153} INFO - Started process (PID=5300) to work on /home/airflow/.local/lib/python3.7/site-packages/airflow/example_dags/tutorial_taskflow_api.py
[2022-12-19T20:08:23.627+0000] {processor.py:743} INFO - Processing file /home/airflow/.local/lib/python3.7/site-packages/airflow/example_dags/tutorial_taskflow_api.py for tasks to queue
[2022-12-19T20:08:23.627+0000] {logging_mixin.py:137} INFO - [2022-12-19T20:08:23.627+0000] {dagbag.py:538} INFO - Filling up the DagBag from /home/airflow/.local/lib/python3.7/site-packages/airflow/example_dags/tutorial_taskflow_api.py
[2022-12-19T20:08:23.653+0000] {processor.py:753} INFO - DAG(s) dict_keys(['tutorial_taskflow_api']) retrieved from /home/airflow/.local/lib/python3.7/site-packages/airflow/example_dags/tutorial_taskflow_api.py
[2022-12-19T20:08:23.701+0000] {logging_mixin.py:137} INFO - [2022-12-19T20:08:23.701+0000] {dag.py:2676} INFO - Sync 1 DAGs
[2022-12-19T20:08:23.734+0000] {logging_mixin.py:137} INFO - [2022-12-19T20:08:23.734+0000] {dag.py:3427} INFO - Setting next_dagrun for tutorial_taskflow_api to None, run_after=None
[2022-12-19T20:08:23.757+0000] {processor.py:175} INFO - Processing /home/airflow/.local/lib/python3.7/site-packages/airflow/example_dags/tutorial_taskflow_api.py took 0.134 seconds
[2022-12-19T20:08:53.964+0000] {processor.py:153} INFO - Started process (PID=5386) to work on /home/airflow/.local/lib/python3.7/site-packages/airflow/example_dags/tutorial_taskflow_api.py
[2022-12-19T20:08:53.965+0000] {processor.py:743} INFO - Processing file /home/airflow/.local/lib/python3.7/site-packages/airflow/example_dags/tutorial_taskflow_api.py for tasks to queue
[2022-12-19T20:08:53.966+0000] {logging_mixin.py:137} INFO - [2022-12-19T20:08:53.966+0000] {dagbag.py:538} INFO - Filling up the DagBag from /home/airflow/.local/lib/python3.7/site-packages/airflow/example_dags/tutorial_taskflow_api.py
[2022-12-19T20:08:53.992+0000] {processor.py:753} INFO - DAG(s) dict_keys(['tutorial_taskflow_api']) retrieved from /home/airflow/.local/lib/python3.7/site-packages/airflow/example_dags/tutorial_taskflow_api.py
[2022-12-19T20:08:54.039+0000] {logging_mixin.py:137} INFO - [2022-12-19T20:08:54.038+0000] {dag.py:2676} INFO - Sync 1 DAGs
[2022-12-19T20:08:54.070+0000] {logging_mixin.py:137} INFO - [2022-12-19T20:08:54.070+0000] {dag.py:3427} INFO - Setting next_dagrun for tutorial_taskflow_api to None, run_after=None
[2022-12-19T20:08:54.089+0000] {processor.py:175} INFO - Processing /home/airflow/.local/lib/python3.7/site-packages/airflow/example_dags/tutorial_taskflow_api.py took 0.128 seconds
[2022-12-19T20:09:24.517+0000] {processor.py:153} INFO - Started process (PID=5472) to work on /home/airflow/.local/lib/python3.7/site-packages/airflow/example_dags/tutorial_taskflow_api.py
[2022-12-19T20:09:24.518+0000] {processor.py:743} INFO - Processing file /home/airflow/.local/lib/python3.7/site-packages/airflow/example_dags/tutorial_taskflow_api.py for tasks to queue
[2022-12-19T20:09:24.519+0000] {logging_mixin.py:137} INFO - [2022-12-19T20:09:24.519+0000] {dagbag.py:538} INFO - Filling up the DagBag from /home/airflow/.local/lib/python3.7/site-packages/airflow/example_dags/tutorial_taskflow_api.py
[2022-12-19T20:09:24.544+0000] {processor.py:753} INFO - DAG(s) dict_keys(['tutorial_taskflow_api']) retrieved from /home/airflow/.local/lib/python3.7/site-packages/airflow/example_dags/tutorial_taskflow_api.py
[2022-12-19T20:09:24.589+0000] {logging_mixin.py:137} INFO - [2022-12-19T20:09:24.589+0000] {dag.py:2676} INFO - Sync 1 DAGs
[2022-12-19T20:09:24.616+0000] {logging_mixin.py:137} INFO - [2022-12-19T20:09:24.616+0000] {dag.py:3427} INFO - Setting next_dagrun for tutorial_taskflow_api to None, run_after=None
[2022-12-19T20:09:24.636+0000] {processor.py:175} INFO - Processing /home/airflow/.local/lib/python3.7/site-packages/airflow/example_dags/tutorial_taskflow_api.py took 0.122 seconds
[2022-12-19T20:09:54.678+0000] {processor.py:153} INFO - Started process (PID=5583) to work on /home/airflow/.local/lib/python3.7/site-packages/airflow/example_dags/tutorial_taskflow_api.py
[2022-12-19T20:09:54.680+0000] {processor.py:743} INFO - Processing file /home/airflow/.local/lib/python3.7/site-packages/airflow/example_dags/tutorial_taskflow_api.py for tasks to queue
[2022-12-19T20:09:54.681+0000] {logging_mixin.py:137} INFO - [2022-12-19T20:09:54.681+0000] {dagbag.py:538} INFO - Filling up the DagBag from /home/airflow/.local/lib/python3.7/site-packages/airflow/example_dags/tutorial_taskflow_api.py
[2022-12-19T20:09:54.705+0000] {processor.py:753} INFO - DAG(s) dict_keys(['tutorial_taskflow_api']) retrieved from /home/airflow/.local/lib/python3.7/site-packages/airflow/example_dags/tutorial_taskflow_api.py
[2022-12-19T20:09:54.748+0000] {logging_mixin.py:137} INFO - [2022-12-19T20:09:54.748+0000] {dag.py:2676} INFO - Sync 1 DAGs
[2022-12-19T20:09:54.779+0000] {logging_mixin.py:137} INFO - [2022-12-19T20:09:54.778+0000] {dag.py:3427} INFO - Setting next_dagrun for tutorial_taskflow_api to None, run_after=None
[2022-12-19T20:09:54.799+0000] {processor.py:175} INFO - Processing /home/airflow/.local/lib/python3.7/site-packages/airflow/example_dags/tutorial_taskflow_api.py took 0.124 seconds
[2022-12-19T20:10:24.902+0000] {processor.py:153} INFO - Started process (PID=5669) to work on /home/airflow/.local/lib/python3.7/site-packages/airflow/example_dags/tutorial_taskflow_api.py
[2022-12-19T20:10:24.903+0000] {processor.py:743} INFO - Processing file /home/airflow/.local/lib/python3.7/site-packages/airflow/example_dags/tutorial_taskflow_api.py for tasks to queue
[2022-12-19T20:10:24.904+0000] {logging_mixin.py:137} INFO - [2022-12-19T20:10:24.903+0000] {dagbag.py:538} INFO - Filling up the DagBag from /home/airflow/.local/lib/python3.7/site-packages/airflow/example_dags/tutorial_taskflow_api.py
[2022-12-19T20:10:24.930+0000] {processor.py:753} INFO - DAG(s) dict_keys(['tutorial_taskflow_api']) retrieved from /home/airflow/.local/lib/python3.7/site-packages/airflow/example_dags/tutorial_taskflow_api.py
[2022-12-19T20:10:24.992+0000] {logging_mixin.py:137} INFO - [2022-12-19T20:10:24.991+0000] {dag.py:2676} INFO - Sync 1 DAGs
[2022-12-19T20:10:25.022+0000] {logging_mixin.py:137} INFO - [2022-12-19T20:10:25.022+0000] {dag.py:3427} INFO - Setting next_dagrun for tutorial_taskflow_api to None, run_after=None
[2022-12-19T20:10:25.045+0000] {processor.py:175} INFO - Processing /home/airflow/.local/lib/python3.7/site-packages/airflow/example_dags/tutorial_taskflow_api.py took 0.146 seconds
[2022-12-19T20:10:55.153+0000] {processor.py:153} INFO - Started process (PID=5755) to work on /home/airflow/.local/lib/python3.7/site-packages/airflow/example_dags/tutorial_taskflow_api.py
[2022-12-19T20:10:55.155+0000] {processor.py:743} INFO - Processing file /home/airflow/.local/lib/python3.7/site-packages/airflow/example_dags/tutorial_taskflow_api.py for tasks to queue
[2022-12-19T20:10:55.155+0000] {logging_mixin.py:137} INFO - [2022-12-19T20:10:55.155+0000] {dagbag.py:538} INFO - Filling up the DagBag from /home/airflow/.local/lib/python3.7/site-packages/airflow/example_dags/tutorial_taskflow_api.py
[2022-12-19T20:10:55.180+0000] {processor.py:753} INFO - DAG(s) dict_keys(['tutorial_taskflow_api']) retrieved from /home/airflow/.local/lib/python3.7/site-packages/airflow/example_dags/tutorial_taskflow_api.py
[2022-12-19T20:10:55.223+0000] {logging_mixin.py:137} INFO - [2022-12-19T20:10:55.222+0000] {dag.py:2676} INFO - Sync 1 DAGs
[2022-12-19T20:10:55.252+0000] {logging_mixin.py:137} INFO - [2022-12-19T20:10:55.252+0000] {dag.py:3427} INFO - Setting next_dagrun for tutorial_taskflow_api to None, run_after=None
[2022-12-19T20:10:55.272+0000] {processor.py:175} INFO - Processing /home/airflow/.local/lib/python3.7/site-packages/airflow/example_dags/tutorial_taskflow_api.py took 0.121 seconds
[2022-12-19T20:11:25.359+0000] {processor.py:153} INFO - Started process (PID=5865) to work on /home/airflow/.local/lib/python3.7/site-packages/airflow/example_dags/tutorial_taskflow_api.py
[2022-12-19T20:11:25.359+0000] {processor.py:743} INFO - Processing file /home/airflow/.local/lib/python3.7/site-packages/airflow/example_dags/tutorial_taskflow_api.py for tasks to queue
[2022-12-19T20:11:25.360+0000] {logging_mixin.py:137} INFO - [2022-12-19T20:11:25.360+0000] {dagbag.py:538} INFO - Filling up the DagBag from /home/airflow/.local/lib/python3.7/site-packages/airflow/example_dags/tutorial_taskflow_api.py
[2022-12-19T20:11:25.381+0000] {processor.py:753} INFO - DAG(s) dict_keys(['tutorial_taskflow_api']) retrieved from /home/airflow/.local/lib/python3.7/site-packages/airflow/example_dags/tutorial_taskflow_api.py
[2022-12-19T20:11:25.423+0000] {logging_mixin.py:137} INFO - [2022-12-19T20:11:25.423+0000] {dag.py:2676} INFO - Sync 1 DAGs
[2022-12-19T20:11:25.449+0000] {logging_mixin.py:137} INFO - [2022-12-19T20:11:25.449+0000] {dag.py:3427} INFO - Setting next_dagrun for tutorial_taskflow_api to None, run_after=None
[2022-12-19T20:11:25.468+0000] {processor.py:175} INFO - Processing /home/airflow/.local/lib/python3.7/site-packages/airflow/example_dags/tutorial_taskflow_api.py took 0.112 seconds
[2022-12-19T20:11:55.693+0000] {processor.py:153} INFO - Started process (PID=5952) to work on /home/airflow/.local/lib/python3.7/site-packages/airflow/example_dags/tutorial_taskflow_api.py
[2022-12-19T20:11:55.694+0000] {processor.py:743} INFO - Processing file /home/airflow/.local/lib/python3.7/site-packages/airflow/example_dags/tutorial_taskflow_api.py for tasks to queue
[2022-12-19T20:11:55.695+0000] {logging_mixin.py:137} INFO - [2022-12-19T20:11:55.695+0000] {dagbag.py:538} INFO - Filling up the DagBag from /home/airflow/.local/lib/python3.7/site-packages/airflow/example_dags/tutorial_taskflow_api.py
[2022-12-19T20:11:55.719+0000] {processor.py:753} INFO - DAG(s) dict_keys(['tutorial_taskflow_api']) retrieved from /home/airflow/.local/lib/python3.7/site-packages/airflow/example_dags/tutorial_taskflow_api.py
[2022-12-19T20:11:55.763+0000] {logging_mixin.py:137} INFO - [2022-12-19T20:11:55.762+0000] {dag.py:2676} INFO - Sync 1 DAGs
[2022-12-19T20:11:55.791+0000] {logging_mixin.py:137} INFO - [2022-12-19T20:11:55.791+0000] {dag.py:3427} INFO - Setting next_dagrun for tutorial_taskflow_api to None, run_after=None
[2022-12-19T20:11:55.810+0000] {processor.py:175} INFO - Processing /home/airflow/.local/lib/python3.7/site-packages/airflow/example_dags/tutorial_taskflow_api.py took 0.121 seconds
[2022-12-19T20:12:26.171+0000] {processor.py:153} INFO - Started process (PID=6046) to work on /home/airflow/.local/lib/python3.7/site-packages/airflow/example_dags/tutorial_taskflow_api.py
[2022-12-19T20:12:26.172+0000] {processor.py:743} INFO - Processing file /home/airflow/.local/lib/python3.7/site-packages/airflow/example_dags/tutorial_taskflow_api.py for tasks to queue
[2022-12-19T20:12:26.172+0000] {logging_mixin.py:137} INFO - [2022-12-19T20:12:26.172+0000] {dagbag.py:538} INFO - Filling up the DagBag from /home/airflow/.local/lib/python3.7/site-packages/airflow/example_dags/tutorial_taskflow_api.py
[2022-12-19T20:12:26.196+0000] {processor.py:753} INFO - DAG(s) dict_keys(['tutorial_taskflow_api']) retrieved from /home/airflow/.local/lib/python3.7/site-packages/airflow/example_dags/tutorial_taskflow_api.py
[2022-12-19T20:12:26.240+0000] {logging_mixin.py:137} INFO - [2022-12-19T20:12:26.239+0000] {dag.py:2676} INFO - Sync 1 DAGs
[2022-12-19T20:12:26.271+0000] {logging_mixin.py:137} INFO - [2022-12-19T20:12:26.271+0000] {dag.py:3427} INFO - Setting next_dagrun for tutorial_taskflow_api to None, run_after=None
[2022-12-19T20:12:26.292+0000] {processor.py:175} INFO - Processing /home/airflow/.local/lib/python3.7/site-packages/airflow/example_dags/tutorial_taskflow_api.py took 0.125 seconds
[2022-12-19T20:12:56.607+0000] {processor.py:153} INFO - Started process (PID=6147) to work on /home/airflow/.local/lib/python3.7/site-packages/airflow/example_dags/tutorial_taskflow_api.py
[2022-12-19T20:12:56.608+0000] {processor.py:743} INFO - Processing file /home/airflow/.local/lib/python3.7/site-packages/airflow/example_dags/tutorial_taskflow_api.py for tasks to queue
[2022-12-19T20:12:56.608+0000] {logging_mixin.py:137} INFO - [2022-12-19T20:12:56.608+0000] {dagbag.py:538} INFO - Filling up the DagBag from /home/airflow/.local/lib/python3.7/site-packages/airflow/example_dags/tutorial_taskflow_api.py
[2022-12-19T20:12:56.632+0000] {processor.py:753} INFO - DAG(s) dict_keys(['tutorial_taskflow_api']) retrieved from /home/airflow/.local/lib/python3.7/site-packages/airflow/example_dags/tutorial_taskflow_api.py
[2022-12-19T20:12:56.674+0000] {logging_mixin.py:137} INFO - [2022-12-19T20:12:56.673+0000] {dag.py:2676} INFO - Sync 1 DAGs
[2022-12-19T20:12:56.705+0000] {logging_mixin.py:137} INFO - [2022-12-19T20:12:56.705+0000] {dag.py:3427} INFO - Setting next_dagrun for tutorial_taskflow_api to None, run_after=None
[2022-12-19T20:12:56.822+0000] {processor.py:175} INFO - Processing /home/airflow/.local/lib/python3.7/site-packages/airflow/example_dags/tutorial_taskflow_api.py took 0.219 seconds
[2022-12-19T20:13:27.071+0000] {processor.py:153} INFO - Started process (PID=6235) to work on /home/airflow/.local/lib/python3.7/site-packages/airflow/example_dags/tutorial_taskflow_api.py
[2022-12-19T20:13:27.072+0000] {processor.py:743} INFO - Processing file /home/airflow/.local/lib/python3.7/site-packages/airflow/example_dags/tutorial_taskflow_api.py for tasks to queue
[2022-12-19T20:13:27.073+0000] {logging_mixin.py:137} INFO - [2022-12-19T20:13:27.073+0000] {dagbag.py:538} INFO - Filling up the DagBag from /home/airflow/.local/lib/python3.7/site-packages/airflow/example_dags/tutorial_taskflow_api.py
[2022-12-19T20:13:27.095+0000] {processor.py:753} INFO - DAG(s) dict_keys(['tutorial_taskflow_api']) retrieved from /home/airflow/.local/lib/python3.7/site-packages/airflow/example_dags/tutorial_taskflow_api.py
[2022-12-19T20:13:27.138+0000] {logging_mixin.py:137} INFO - [2022-12-19T20:13:27.138+0000] {dag.py:2676} INFO - Sync 1 DAGs
[2022-12-19T20:13:27.166+0000] {logging_mixin.py:137} INFO - [2022-12-19T20:13:27.166+0000] {dag.py:3427} INFO - Setting next_dagrun for tutorial_taskflow_api to None, run_after=None
[2022-12-19T20:13:27.194+0000] {processor.py:175} INFO - Processing /home/airflow/.local/lib/python3.7/site-packages/airflow/example_dags/tutorial_taskflow_api.py took 0.126 seconds
[2022-12-19T20:13:57.286+0000] {processor.py:153} INFO - Started process (PID=6345) to work on /home/airflow/.local/lib/python3.7/site-packages/airflow/example_dags/tutorial_taskflow_api.py
[2022-12-19T20:13:57.287+0000] {processor.py:743} INFO - Processing file /home/airflow/.local/lib/python3.7/site-packages/airflow/example_dags/tutorial_taskflow_api.py for tasks to queue
[2022-12-19T20:13:57.288+0000] {logging_mixin.py:137} INFO - [2022-12-19T20:13:57.288+0000] {dagbag.py:538} INFO - Filling up the DagBag from /home/airflow/.local/lib/python3.7/site-packages/airflow/example_dags/tutorial_taskflow_api.py
[2022-12-19T20:13:57.309+0000] {processor.py:753} INFO - DAG(s) dict_keys(['tutorial_taskflow_api']) retrieved from /home/airflow/.local/lib/python3.7/site-packages/airflow/example_dags/tutorial_taskflow_api.py
[2022-12-19T20:13:57.348+0000] {logging_mixin.py:137} INFO - [2022-12-19T20:13:57.348+0000] {dag.py:2676} INFO - Sync 1 DAGs
[2022-12-19T20:13:57.376+0000] {logging_mixin.py:137} INFO - [2022-12-19T20:13:57.376+0000] {dag.py:3427} INFO - Setting next_dagrun for tutorial_taskflow_api to None, run_after=None
[2022-12-19T20:13:57.394+0000] {processor.py:175} INFO - Processing /home/airflow/.local/lib/python3.7/site-packages/airflow/example_dags/tutorial_taskflow_api.py took 0.111 seconds
[2022-12-19T20:14:27.675+0000] {processor.py:153} INFO - Started process (PID=6431) to work on /home/airflow/.local/lib/python3.7/site-packages/airflow/example_dags/tutorial_taskflow_api.py
[2022-12-19T20:14:27.676+0000] {processor.py:743} INFO - Processing file /home/airflow/.local/lib/python3.7/site-packages/airflow/example_dags/tutorial_taskflow_api.py for tasks to queue
[2022-12-19T20:14:27.676+0000] {logging_mixin.py:137} INFO - [2022-12-19T20:14:27.676+0000] {dagbag.py:538} INFO - Filling up the DagBag from /home/airflow/.local/lib/python3.7/site-packages/airflow/example_dags/tutorial_taskflow_api.py
[2022-12-19T20:14:27.700+0000] {processor.py:753} INFO - DAG(s) dict_keys(['tutorial_taskflow_api']) retrieved from /home/airflow/.local/lib/python3.7/site-packages/airflow/example_dags/tutorial_taskflow_api.py
[2022-12-19T20:14:27.741+0000] {logging_mixin.py:137} INFO - [2022-12-19T20:14:27.741+0000] {dag.py:2676} INFO - Sync 1 DAGs
[2022-12-19T20:14:27.768+0000] {logging_mixin.py:137} INFO - [2022-12-19T20:14:27.768+0000] {dag.py:3427} INFO - Setting next_dagrun for tutorial_taskflow_api to None, run_after=None
[2022-12-19T20:14:27.789+0000] {processor.py:175} INFO - Processing /home/airflow/.local/lib/python3.7/site-packages/airflow/example_dags/tutorial_taskflow_api.py took 0.118 seconds
[2022-12-19T20:14:57.943+0000] {processor.py:153} INFO - Started process (PID=6515) to work on /home/airflow/.local/lib/python3.7/site-packages/airflow/example_dags/tutorial_taskflow_api.py
[2022-12-19T20:14:57.944+0000] {processor.py:743} INFO - Processing file /home/airflow/.local/lib/python3.7/site-packages/airflow/example_dags/tutorial_taskflow_api.py for tasks to queue
[2022-12-19T20:14:57.945+0000] {logging_mixin.py:137} INFO - [2022-12-19T20:14:57.945+0000] {dagbag.py:538} INFO - Filling up the DagBag from /home/airflow/.local/lib/python3.7/site-packages/airflow/example_dags/tutorial_taskflow_api.py
[2022-12-19T20:14:57.968+0000] {processor.py:753} INFO - DAG(s) dict_keys(['tutorial_taskflow_api']) retrieved from /home/airflow/.local/lib/python3.7/site-packages/airflow/example_dags/tutorial_taskflow_api.py
[2022-12-19T20:14:58.009+0000] {logging_mixin.py:137} INFO - [2022-12-19T20:14:58.009+0000] {dag.py:2676} INFO - Sync 1 DAGs
[2022-12-19T20:14:58.040+0000] {logging_mixin.py:137} INFO - [2022-12-19T20:14:58.040+0000] {dag.py:3427} INFO - Setting next_dagrun for tutorial_taskflow_api to None, run_after=None
[2022-12-19T20:14:58.060+0000] {processor.py:175} INFO - Processing /home/airflow/.local/lib/python3.7/site-packages/airflow/example_dags/tutorial_taskflow_api.py took 0.120 seconds
[2022-12-19T20:15:28.268+0000] {processor.py:153} INFO - Started process (PID=6626) to work on /home/airflow/.local/lib/python3.7/site-packages/airflow/example_dags/tutorial_taskflow_api.py
[2022-12-19T20:15:28.269+0000] {processor.py:743} INFO - Processing file /home/airflow/.local/lib/python3.7/site-packages/airflow/example_dags/tutorial_taskflow_api.py for tasks to queue
[2022-12-19T20:15:28.269+0000] {logging_mixin.py:137} INFO - [2022-12-19T20:15:28.269+0000] {dagbag.py:538} INFO - Filling up the DagBag from /home/airflow/.local/lib/python3.7/site-packages/airflow/example_dags/tutorial_taskflow_api.py
[2022-12-19T20:15:28.294+0000] {processor.py:753} INFO - DAG(s) dict_keys(['tutorial_taskflow_api']) retrieved from /home/airflow/.local/lib/python3.7/site-packages/airflow/example_dags/tutorial_taskflow_api.py
[2022-12-19T20:15:28.339+0000] {logging_mixin.py:137} INFO - [2022-12-19T20:15:28.339+0000] {dag.py:2676} INFO - Sync 1 DAGs
[2022-12-19T20:15:28.369+0000] {logging_mixin.py:137} INFO - [2022-12-19T20:15:28.368+0000] {dag.py:3427} INFO - Setting next_dagrun for tutorial_taskflow_api to None, run_after=None
[2022-12-19T20:15:28.392+0000] {processor.py:175} INFO - Processing /home/airflow/.local/lib/python3.7/site-packages/airflow/example_dags/tutorial_taskflow_api.py took 0.127 seconds
[2022-12-19T20:15:58.835+0000] {processor.py:153} INFO - Started process (PID=6711) to work on /home/airflow/.local/lib/python3.7/site-packages/airflow/example_dags/tutorial_taskflow_api.py
[2022-12-19T20:15:58.836+0000] {processor.py:743} INFO - Processing file /home/airflow/.local/lib/python3.7/site-packages/airflow/example_dags/tutorial_taskflow_api.py for tasks to queue
[2022-12-19T20:15:58.837+0000] {logging_mixin.py:137} INFO - [2022-12-19T20:15:58.837+0000] {dagbag.py:538} INFO - Filling up the DagBag from /home/airflow/.local/lib/python3.7/site-packages/airflow/example_dags/tutorial_taskflow_api.py
[2022-12-19T20:15:58.859+0000] {processor.py:753} INFO - DAG(s) dict_keys(['tutorial_taskflow_api']) retrieved from /home/airflow/.local/lib/python3.7/site-packages/airflow/example_dags/tutorial_taskflow_api.py
[2022-12-19T20:15:58.899+0000] {logging_mixin.py:137} INFO - [2022-12-19T20:15:58.899+0000] {dag.py:2676} INFO - Sync 1 DAGs
[2022-12-19T20:15:58.926+0000] {logging_mixin.py:137} INFO - [2022-12-19T20:15:58.926+0000] {dag.py:3427} INFO - Setting next_dagrun for tutorial_taskflow_api to None, run_after=None
[2022-12-19T20:15:58.945+0000] {processor.py:175} INFO - Processing /home/airflow/.local/lib/python3.7/site-packages/airflow/example_dags/tutorial_taskflow_api.py took 0.113 seconds
[2022-12-19T20:16:29.151+0000] {processor.py:153} INFO - Started process (PID=6806) to work on /home/airflow/.local/lib/python3.7/site-packages/airflow/example_dags/tutorial_taskflow_api.py
[2022-12-19T20:16:29.152+0000] {processor.py:743} INFO - Processing file /home/airflow/.local/lib/python3.7/site-packages/airflow/example_dags/tutorial_taskflow_api.py for tasks to queue
[2022-12-19T20:16:29.153+0000] {logging_mixin.py:137} INFO - [2022-12-19T20:16:29.153+0000] {dagbag.py:538} INFO - Filling up the DagBag from /home/airflow/.local/lib/python3.7/site-packages/airflow/example_dags/tutorial_taskflow_api.py
[2022-12-19T20:16:29.177+0000] {processor.py:753} INFO - DAG(s) dict_keys(['tutorial_taskflow_api']) retrieved from /home/airflow/.local/lib/python3.7/site-packages/airflow/example_dags/tutorial_taskflow_api.py
[2022-12-19T20:16:29.217+0000] {logging_mixin.py:137} INFO - [2022-12-19T20:16:29.216+0000] {dag.py:2676} INFO - Sync 1 DAGs
[2022-12-19T20:16:29.245+0000] {logging_mixin.py:137} INFO - [2022-12-19T20:16:29.244+0000] {dag.py:3427} INFO - Setting next_dagrun for tutorial_taskflow_api to None, run_after=None
[2022-12-19T20:16:29.263+0000] {processor.py:175} INFO - Processing /home/airflow/.local/lib/python3.7/site-packages/airflow/example_dags/tutorial_taskflow_api.py took 0.115 seconds
[2022-12-19T20:16:59.512+0000] {processor.py:153} INFO - Started process (PID=6909) to work on /home/airflow/.local/lib/python3.7/site-packages/airflow/example_dags/tutorial_taskflow_api.py
[2022-12-19T20:16:59.513+0000] {processor.py:743} INFO - Processing file /home/airflow/.local/lib/python3.7/site-packages/airflow/example_dags/tutorial_taskflow_api.py for tasks to queue
[2022-12-19T20:16:59.514+0000] {logging_mixin.py:137} INFO - [2022-12-19T20:16:59.514+0000] {dagbag.py:538} INFO - Filling up the DagBag from /home/airflow/.local/lib/python3.7/site-packages/airflow/example_dags/tutorial_taskflow_api.py
[2022-12-19T20:16:59.551+0000] {processor.py:753} INFO - DAG(s) dict_keys(['tutorial_taskflow_api']) retrieved from /home/airflow/.local/lib/python3.7/site-packages/airflow/example_dags/tutorial_taskflow_api.py
[2022-12-19T20:16:59.612+0000] {logging_mixin.py:137} INFO - [2022-12-19T20:16:59.612+0000] {dag.py:2676} INFO - Sync 1 DAGs
[2022-12-19T20:16:59.660+0000] {logging_mixin.py:137} INFO - [2022-12-19T20:16:59.660+0000] {dag.py:3427} INFO - Setting next_dagrun for tutorial_taskflow_api to None, run_after=None
[2022-12-19T20:16:59.691+0000] {processor.py:175} INFO - Processing /home/airflow/.local/lib/python3.7/site-packages/airflow/example_dags/tutorial_taskflow_api.py took 0.184 seconds
[2022-12-19T20:17:29.768+0000] {processor.py:153} INFO - Started process (PID=6995) to work on /home/airflow/.local/lib/python3.7/site-packages/airflow/example_dags/tutorial_taskflow_api.py
[2022-12-19T20:17:29.769+0000] {processor.py:743} INFO - Processing file /home/airflow/.local/lib/python3.7/site-packages/airflow/example_dags/tutorial_taskflow_api.py for tasks to queue
[2022-12-19T20:17:29.770+0000] {logging_mixin.py:137} INFO - [2022-12-19T20:17:29.770+0000] {dagbag.py:538} INFO - Filling up the DagBag from /home/airflow/.local/lib/python3.7/site-packages/airflow/example_dags/tutorial_taskflow_api.py
[2022-12-19T20:17:29.800+0000] {processor.py:753} INFO - DAG(s) dict_keys(['tutorial_taskflow_api']) retrieved from /home/airflow/.local/lib/python3.7/site-packages/airflow/example_dags/tutorial_taskflow_api.py
[2022-12-19T20:17:29.887+0000] {logging_mixin.py:137} INFO - [2022-12-19T20:17:29.886+0000] {dag.py:2676} INFO - Sync 1 DAGs
[2022-12-19T20:17:29.928+0000] {logging_mixin.py:137} INFO - [2022-12-19T20:17:29.928+0000] {dag.py:3427} INFO - Setting next_dagrun for tutorial_taskflow_api to None, run_after=None
[2022-12-19T20:17:29.957+0000] {processor.py:175} INFO - Processing /home/airflow/.local/lib/python3.7/site-packages/airflow/example_dags/tutorial_taskflow_api.py took 0.193 seconds
[2022-12-19T20:18:00.021+0000] {processor.py:153} INFO - Started process (PID=7081) to work on /home/airflow/.local/lib/python3.7/site-packages/airflow/example_dags/tutorial_taskflow_api.py
[2022-12-19T20:18:00.022+0000] {processor.py:743} INFO - Processing file /home/airflow/.local/lib/python3.7/site-packages/airflow/example_dags/tutorial_taskflow_api.py for tasks to queue
[2022-12-19T20:18:00.022+0000] {logging_mixin.py:137} INFO - [2022-12-19T20:18:00.022+0000] {dagbag.py:538} INFO - Filling up the DagBag from /home/airflow/.local/lib/python3.7/site-packages/airflow/example_dags/tutorial_taskflow_api.py
[2022-12-19T20:18:00.043+0000] {processor.py:753} INFO - DAG(s) dict_keys(['tutorial_taskflow_api']) retrieved from /home/airflow/.local/lib/python3.7/site-packages/airflow/example_dags/tutorial_taskflow_api.py
[2022-12-19T20:18:00.085+0000] {logging_mixin.py:137} INFO - [2022-12-19T20:18:00.084+0000] {dag.py:2676} INFO - Sync 1 DAGs
[2022-12-19T20:18:00.112+0000] {logging_mixin.py:137} INFO - [2022-12-19T20:18:00.112+0000] {dag.py:3427} INFO - Setting next_dagrun for tutorial_taskflow_api to None, run_after=None
[2022-12-19T20:18:00.130+0000] {processor.py:175} INFO - Processing /home/airflow/.local/lib/python3.7/site-packages/airflow/example_dags/tutorial_taskflow_api.py took 0.113 seconds
[2022-12-19T20:18:30.304+0000] {processor.py:153} INFO - Started process (PID=7191) to work on /home/airflow/.local/lib/python3.7/site-packages/airflow/example_dags/tutorial_taskflow_api.py
[2022-12-19T20:18:30.305+0000] {processor.py:743} INFO - Processing file /home/airflow/.local/lib/python3.7/site-packages/airflow/example_dags/tutorial_taskflow_api.py for tasks to queue
[2022-12-19T20:18:30.305+0000] {logging_mixin.py:137} INFO - [2022-12-19T20:18:30.305+0000] {dagbag.py:538} INFO - Filling up the DagBag from /home/airflow/.local/lib/python3.7/site-packages/airflow/example_dags/tutorial_taskflow_api.py
[2022-12-19T20:18:30.328+0000] {processor.py:753} INFO - DAG(s) dict_keys(['tutorial_taskflow_api']) retrieved from /home/airflow/.local/lib/python3.7/site-packages/airflow/example_dags/tutorial_taskflow_api.py
[2022-12-19T20:18:30.370+0000] {logging_mixin.py:137} INFO - [2022-12-19T20:18:30.369+0000] {dag.py:2676} INFO - Sync 1 DAGs
[2022-12-19T20:18:30.395+0000] {logging_mixin.py:137} INFO - [2022-12-19T20:18:30.395+0000] {dag.py:3427} INFO - Setting next_dagrun for tutorial_taskflow_api to None, run_after=None
[2022-12-19T20:18:30.412+0000] {processor.py:175} INFO - Processing /home/airflow/.local/lib/python3.7/site-packages/airflow/example_dags/tutorial_taskflow_api.py took 0.112 seconds
[2022-12-19T20:19:00.463+0000] {processor.py:153} INFO - Started process (PID=7277) to work on /home/airflow/.local/lib/python3.7/site-packages/airflow/example_dags/tutorial_taskflow_api.py
[2022-12-19T20:19:00.464+0000] {processor.py:743} INFO - Processing file /home/airflow/.local/lib/python3.7/site-packages/airflow/example_dags/tutorial_taskflow_api.py for tasks to queue
[2022-12-19T20:19:00.464+0000] {logging_mixin.py:137} INFO - [2022-12-19T20:19:00.464+0000] {dagbag.py:538} INFO - Filling up the DagBag from /home/airflow/.local/lib/python3.7/site-packages/airflow/example_dags/tutorial_taskflow_api.py
[2022-12-19T20:19:00.487+0000] {processor.py:753} INFO - DAG(s) dict_keys(['tutorial_taskflow_api']) retrieved from /home/airflow/.local/lib/python3.7/site-packages/airflow/example_dags/tutorial_taskflow_api.py
[2022-12-19T20:19:00.527+0000] {logging_mixin.py:137} INFO - [2022-12-19T20:19:00.527+0000] {dag.py:2676} INFO - Sync 1 DAGs
[2022-12-19T20:19:00.555+0000] {logging_mixin.py:137} INFO - [2022-12-19T20:19:00.555+0000] {dag.py:3427} INFO - Setting next_dagrun for tutorial_taskflow_api to None, run_after=None
[2022-12-19T20:19:00.574+0000] {processor.py:175} INFO - Processing /home/airflow/.local/lib/python3.7/site-packages/airflow/example_dags/tutorial_taskflow_api.py took 0.114 seconds
[2022-12-19T20:19:30.695+0000] {processor.py:153} INFO - Started process (PID=7363) to work on /home/airflow/.local/lib/python3.7/site-packages/airflow/example_dags/tutorial_taskflow_api.py
[2022-12-19T20:19:30.696+0000] {processor.py:743} INFO - Processing file /home/airflow/.local/lib/python3.7/site-packages/airflow/example_dags/tutorial_taskflow_api.py for tasks to queue
[2022-12-19T20:19:30.696+0000] {logging_mixin.py:137} INFO - [2022-12-19T20:19:30.696+0000] {dagbag.py:538} INFO - Filling up the DagBag from /home/airflow/.local/lib/python3.7/site-packages/airflow/example_dags/tutorial_taskflow_api.py
[2022-12-19T20:19:30.720+0000] {processor.py:753} INFO - DAG(s) dict_keys(['tutorial_taskflow_api']) retrieved from /home/airflow/.local/lib/python3.7/site-packages/airflow/example_dags/tutorial_taskflow_api.py
[2022-12-19T20:19:30.760+0000] {logging_mixin.py:137} INFO - [2022-12-19T20:19:30.759+0000] {dag.py:2676} INFO - Sync 1 DAGs
[2022-12-19T20:19:30.788+0000] {logging_mixin.py:137} INFO - [2022-12-19T20:19:30.787+0000] {dag.py:3427} INFO - Setting next_dagrun for tutorial_taskflow_api to None, run_after=None
[2022-12-19T20:19:30.808+0000] {processor.py:175} INFO - Processing /home/airflow/.local/lib/python3.7/site-packages/airflow/example_dags/tutorial_taskflow_api.py took 0.116 seconds
[2022-12-19T20:20:01.691+0000] {processor.py:153} INFO - Started process (PID=7473) to work on /home/airflow/.local/lib/python3.7/site-packages/airflow/example_dags/tutorial_taskflow_api.py
[2022-12-19T20:20:01.692+0000] {processor.py:743} INFO - Processing file /home/airflow/.local/lib/python3.7/site-packages/airflow/example_dags/tutorial_taskflow_api.py for tasks to queue
[2022-12-19T20:20:01.693+0000] {logging_mixin.py:137} INFO - [2022-12-19T20:20:01.693+0000] {dagbag.py:538} INFO - Filling up the DagBag from /home/airflow/.local/lib/python3.7/site-packages/airflow/example_dags/tutorial_taskflow_api.py
[2022-12-19T20:20:01.716+0000] {processor.py:753} INFO - DAG(s) dict_keys(['tutorial_taskflow_api']) retrieved from /home/airflow/.local/lib/python3.7/site-packages/airflow/example_dags/tutorial_taskflow_api.py
[2022-12-19T20:20:01.757+0000] {logging_mixin.py:137} INFO - [2022-12-19T20:20:01.756+0000] {dag.py:2676} INFO - Sync 1 DAGs
[2022-12-19T20:20:01.784+0000] {logging_mixin.py:137} INFO - [2022-12-19T20:20:01.784+0000] {dag.py:3427} INFO - Setting next_dagrun for tutorial_taskflow_api to None, run_after=None
[2022-12-19T20:20:01.803+0000] {processor.py:175} INFO - Processing /home/airflow/.local/lib/python3.7/site-packages/airflow/example_dags/tutorial_taskflow_api.py took 0.114 seconds
