[2022-12-22T01:20:24.013+0000] {processor.py:153} INFO - Started process (PID=131) to work on /home/airflow/.local/lib/python3.7/site-packages/airflow/example_dags/example_short_circuit_decorator.py
[2022-12-22T01:20:24.014+0000] {processor.py:743} INFO - Processing file /home/airflow/.local/lib/python3.7/site-packages/airflow/example_dags/example_short_circuit_decorator.py for tasks to queue
[2022-12-22T01:20:24.015+0000] {logging_mixin.py:137} INFO - [2022-12-22T01:20:24.014+0000] {dagbag.py:538} INFO - Filling up the DagBag from /home/airflow/.local/lib/python3.7/site-packages/airflow/example_dags/example_short_circuit_decorator.py
[2022-12-22T01:20:24.193+0000] {processor.py:753} INFO - DAG(s) dict_keys(['example_short_circuit_decorator']) retrieved from /home/airflow/.local/lib/python3.7/site-packages/airflow/example_dags/example_short_circuit_decorator.py
[2022-12-22T01:20:24.400+0000] {logging_mixin.py:137} INFO - [2022-12-22T01:20:24.400+0000] {dag.py:2676} INFO - Sync 1 DAGs
[2022-12-22T01:20:24.596+0000] {logging_mixin.py:137} INFO - [2022-12-22T01:20:24.595+0000] {dag.py:3427} INFO - Setting next_dagrun for example_short_circuit_decorator to 2022-12-21T01:20:24.595560+00:00, run_after=2022-12-22T01:20:24.595560+00:00
[2022-12-22T01:20:24.697+0000] {processor.py:175} INFO - Processing /home/airflow/.local/lib/python3.7/site-packages/airflow/example_dags/example_short_circuit_decorator.py took 0.687 seconds
[2022-12-22T01:20:55.349+0000] {processor.py:153} INFO - Started process (PID=217) to work on /home/airflow/.local/lib/python3.7/site-packages/airflow/example_dags/example_short_circuit_decorator.py
[2022-12-22T01:20:55.350+0000] {processor.py:743} INFO - Processing file /home/airflow/.local/lib/python3.7/site-packages/airflow/example_dags/example_short_circuit_decorator.py for tasks to queue
[2022-12-22T01:20:55.351+0000] {logging_mixin.py:137} INFO - [2022-12-22T01:20:55.351+0000] {dagbag.py:538} INFO - Filling up the DagBag from /home/airflow/.local/lib/python3.7/site-packages/airflow/example_dags/example_short_circuit_decorator.py
[2022-12-22T01:20:55.374+0000] {processor.py:753} INFO - DAG(s) dict_keys(['example_short_circuit_decorator']) retrieved from /home/airflow/.local/lib/python3.7/site-packages/airflow/example_dags/example_short_circuit_decorator.py
[2022-12-22T01:20:55.410+0000] {logging_mixin.py:137} INFO - [2022-12-22T01:20:55.410+0000] {dag.py:2676} INFO - Sync 1 DAGs
[2022-12-22T01:20:55.434+0000] {logging_mixin.py:137} INFO - [2022-12-22T01:20:55.434+0000] {dag.py:3427} INFO - Setting next_dagrun for example_short_circuit_decorator to 2022-12-21T01:20:55.433891+00:00, run_after=2022-12-22T01:20:55.433891+00:00
[2022-12-22T01:20:55.450+0000] {processor.py:175} INFO - Processing /home/airflow/.local/lib/python3.7/site-packages/airflow/example_dags/example_short_circuit_decorator.py took 0.103 seconds
[2022-12-22T01:21:25.506+0000] {processor.py:153} INFO - Started process (PID=303) to work on /home/airflow/.local/lib/python3.7/site-packages/airflow/example_dags/example_short_circuit_decorator.py
[2022-12-22T01:21:25.507+0000] {processor.py:743} INFO - Processing file /home/airflow/.local/lib/python3.7/site-packages/airflow/example_dags/example_short_circuit_decorator.py for tasks to queue
[2022-12-22T01:21:25.507+0000] {logging_mixin.py:137} INFO - [2022-12-22T01:21:25.507+0000] {dagbag.py:538} INFO - Filling up the DagBag from /home/airflow/.local/lib/python3.7/site-packages/airflow/example_dags/example_short_circuit_decorator.py
[2022-12-22T01:21:25.533+0000] {processor.py:753} INFO - DAG(s) dict_keys(['example_short_circuit_decorator']) retrieved from /home/airflow/.local/lib/python3.7/site-packages/airflow/example_dags/example_short_circuit_decorator.py
[2022-12-22T01:21:25.566+0000] {logging_mixin.py:137} INFO - [2022-12-22T01:21:25.566+0000] {dag.py:2676} INFO - Sync 1 DAGs
[2022-12-22T01:21:25.592+0000] {logging_mixin.py:137} INFO - [2022-12-22T01:21:25.592+0000] {dag.py:3427} INFO - Setting next_dagrun for example_short_circuit_decorator to 2022-12-21T01:21:25.592500+00:00, run_after=2022-12-22T01:21:25.592500+00:00
[2022-12-22T01:21:25.610+0000] {processor.py:175} INFO - Processing /home/airflow/.local/lib/python3.7/site-packages/airflow/example_dags/example_short_circuit_decorator.py took 0.107 seconds
[2022-12-22T01:21:55.887+0000] {processor.py:153} INFO - Started process (PID=398) to work on /home/airflow/.local/lib/python3.7/site-packages/airflow/example_dags/example_short_circuit_decorator.py
[2022-12-22T01:21:55.888+0000] {processor.py:743} INFO - Processing file /home/airflow/.local/lib/python3.7/site-packages/airflow/example_dags/example_short_circuit_decorator.py for tasks to queue
[2022-12-22T01:21:55.889+0000] {logging_mixin.py:137} INFO - [2022-12-22T01:21:55.888+0000] {dagbag.py:538} INFO - Filling up the DagBag from /home/airflow/.local/lib/python3.7/site-packages/airflow/example_dags/example_short_circuit_decorator.py
[2022-12-22T01:21:55.914+0000] {processor.py:753} INFO - DAG(s) dict_keys(['example_short_circuit_decorator']) retrieved from /home/airflow/.local/lib/python3.7/site-packages/airflow/example_dags/example_short_circuit_decorator.py
[2022-12-22T01:21:55.959+0000] {logging_mixin.py:137} INFO - [2022-12-22T01:21:55.959+0000] {dag.py:2676} INFO - Sync 1 DAGs
[2022-12-22T01:21:55.989+0000] {logging_mixin.py:137} INFO - [2022-12-22T01:21:55.988+0000] {dag.py:3427} INFO - Setting next_dagrun for example_short_circuit_decorator to 2022-12-21T01:21:55.988586+00:00, run_after=2022-12-22T01:21:55.988586+00:00
[2022-12-22T01:21:56.007+0000] {processor.py:175} INFO - Processing /home/airflow/.local/lib/python3.7/site-packages/airflow/example_dags/example_short_circuit_decorator.py took 0.123 seconds
[2022-12-22T01:22:26.258+0000] {processor.py:153} INFO - Started process (PID=499) to work on /home/airflow/.local/lib/python3.7/site-packages/airflow/example_dags/example_short_circuit_decorator.py
[2022-12-22T01:22:26.258+0000] {processor.py:743} INFO - Processing file /home/airflow/.local/lib/python3.7/site-packages/airflow/example_dags/example_short_circuit_decorator.py for tasks to queue
[2022-12-22T01:22:26.259+0000] {logging_mixin.py:137} INFO - [2022-12-22T01:22:26.259+0000] {dagbag.py:538} INFO - Filling up the DagBag from /home/airflow/.local/lib/python3.7/site-packages/airflow/example_dags/example_short_circuit_decorator.py
[2022-12-22T01:22:26.283+0000] {processor.py:753} INFO - DAG(s) dict_keys(['example_short_circuit_decorator']) retrieved from /home/airflow/.local/lib/python3.7/site-packages/airflow/example_dags/example_short_circuit_decorator.py
[2022-12-22T01:22:26.316+0000] {logging_mixin.py:137} INFO - [2022-12-22T01:22:26.316+0000] {dag.py:2676} INFO - Sync 1 DAGs
[2022-12-22T01:22:26.338+0000] {logging_mixin.py:137} INFO - [2022-12-22T01:22:26.338+0000] {dag.py:3427} INFO - Setting next_dagrun for example_short_circuit_decorator to 2022-12-21T01:22:26.338056+00:00, run_after=2022-12-22T01:22:26.338056+00:00
[2022-12-22T01:22:26.353+0000] {processor.py:175} INFO - Processing /home/airflow/.local/lib/python3.7/site-packages/airflow/example_dags/example_short_circuit_decorator.py took 0.098 seconds
[2022-12-22T01:22:56.454+0000] {processor.py:153} INFO - Started process (PID=585) to work on /home/airflow/.local/lib/python3.7/site-packages/airflow/example_dags/example_short_circuit_decorator.py
[2022-12-22T01:22:56.455+0000] {processor.py:743} INFO - Processing file /home/airflow/.local/lib/python3.7/site-packages/airflow/example_dags/example_short_circuit_decorator.py for tasks to queue
[2022-12-22T01:22:56.456+0000] {logging_mixin.py:137} INFO - [2022-12-22T01:22:56.456+0000] {dagbag.py:538} INFO - Filling up the DagBag from /home/airflow/.local/lib/python3.7/site-packages/airflow/example_dags/example_short_circuit_decorator.py
[2022-12-22T01:22:56.479+0000] {processor.py:753} INFO - DAG(s) dict_keys(['example_short_circuit_decorator']) retrieved from /home/airflow/.local/lib/python3.7/site-packages/airflow/example_dags/example_short_circuit_decorator.py
[2022-12-22T01:22:56.514+0000] {logging_mixin.py:137} INFO - [2022-12-22T01:22:56.514+0000] {dag.py:2676} INFO - Sync 1 DAGs
[2022-12-22T01:22:56.536+0000] {logging_mixin.py:137} INFO - [2022-12-22T01:22:56.536+0000] {dag.py:3427} INFO - Setting next_dagrun for example_short_circuit_decorator to 2022-12-21T01:22:56.535974+00:00, run_after=2022-12-22T01:22:56.535974+00:00
[2022-12-22T01:22:56.552+0000] {processor.py:175} INFO - Processing /home/airflow/.local/lib/python3.7/site-packages/airflow/example_dags/example_short_circuit_decorator.py took 0.100 seconds
[2022-12-22T01:23:26.843+0000] {processor.py:153} INFO - Started process (PID=695) to work on /home/airflow/.local/lib/python3.7/site-packages/airflow/example_dags/example_short_circuit_decorator.py
[2022-12-22T01:23:26.844+0000] {processor.py:743} INFO - Processing file /home/airflow/.local/lib/python3.7/site-packages/airflow/example_dags/example_short_circuit_decorator.py for tasks to queue
[2022-12-22T01:23:26.844+0000] {logging_mixin.py:137} INFO - [2022-12-22T01:23:26.844+0000] {dagbag.py:538} INFO - Filling up the DagBag from /home/airflow/.local/lib/python3.7/site-packages/airflow/example_dags/example_short_circuit_decorator.py
[2022-12-22T01:23:26.868+0000] {processor.py:753} INFO - DAG(s) dict_keys(['example_short_circuit_decorator']) retrieved from /home/airflow/.local/lib/python3.7/site-packages/airflow/example_dags/example_short_circuit_decorator.py
[2022-12-22T01:23:26.900+0000] {logging_mixin.py:137} INFO - [2022-12-22T01:23:26.900+0000] {dag.py:2676} INFO - Sync 1 DAGs
[2022-12-22T01:23:26.923+0000] {logging_mixin.py:137} INFO - [2022-12-22T01:23:26.923+0000] {dag.py:3427} INFO - Setting next_dagrun for example_short_circuit_decorator to 2022-12-21T01:23:26.923074+00:00, run_after=2022-12-22T01:23:26.923074+00:00
[2022-12-22T01:23:26.940+0000] {processor.py:175} INFO - Processing /home/airflow/.local/lib/python3.7/site-packages/airflow/example_dags/example_short_circuit_decorator.py took 0.099 seconds
[2022-12-22T01:23:56.970+0000] {processor.py:153} INFO - Started process (PID=781) to work on /home/airflow/.local/lib/python3.7/site-packages/airflow/example_dags/example_short_circuit_decorator.py
[2022-12-22T01:23:56.970+0000] {processor.py:743} INFO - Processing file /home/airflow/.local/lib/python3.7/site-packages/airflow/example_dags/example_short_circuit_decorator.py for tasks to queue
[2022-12-22T01:23:56.971+0000] {logging_mixin.py:137} INFO - [2022-12-22T01:23:56.971+0000] {dagbag.py:538} INFO - Filling up the DagBag from /home/airflow/.local/lib/python3.7/site-packages/airflow/example_dags/example_short_circuit_decorator.py
[2022-12-22T01:23:56.994+0000] {processor.py:753} INFO - DAG(s) dict_keys(['example_short_circuit_decorator']) retrieved from /home/airflow/.local/lib/python3.7/site-packages/airflow/example_dags/example_short_circuit_decorator.py
[2022-12-22T01:23:57.029+0000] {logging_mixin.py:137} INFO - [2022-12-22T01:23:57.029+0000] {dag.py:2676} INFO - Sync 1 DAGs
[2022-12-22T01:23:57.054+0000] {logging_mixin.py:137} INFO - [2022-12-22T01:23:57.054+0000] {dag.py:3427} INFO - Setting next_dagrun for example_short_circuit_decorator to 2022-12-21T01:23:57.054422+00:00, run_after=2022-12-22T01:23:57.054422+00:00
[2022-12-22T01:23:57.071+0000] {processor.py:175} INFO - Processing /home/airflow/.local/lib/python3.7/site-packages/airflow/example_dags/example_short_circuit_decorator.py took 0.103 seconds
[2022-12-22T01:24:27.590+0000] {processor.py:153} INFO - Started process (PID=876) to work on /home/airflow/.local/lib/python3.7/site-packages/airflow/example_dags/example_short_circuit_decorator.py
[2022-12-22T01:24:27.591+0000] {processor.py:743} INFO - Processing file /home/airflow/.local/lib/python3.7/site-packages/airflow/example_dags/example_short_circuit_decorator.py for tasks to queue
[2022-12-22T01:24:27.592+0000] {logging_mixin.py:137} INFO - [2022-12-22T01:24:27.592+0000] {dagbag.py:538} INFO - Filling up the DagBag from /home/airflow/.local/lib/python3.7/site-packages/airflow/example_dags/example_short_circuit_decorator.py
[2022-12-22T01:24:27.623+0000] {processor.py:753} INFO - DAG(s) dict_keys(['example_short_circuit_decorator']) retrieved from /home/airflow/.local/lib/python3.7/site-packages/airflow/example_dags/example_short_circuit_decorator.py
[2022-12-22T01:24:27.693+0000] {logging_mixin.py:137} INFO - [2022-12-22T01:24:27.692+0000] {dag.py:2676} INFO - Sync 1 DAGs
[2022-12-22T01:24:27.721+0000] {logging_mixin.py:137} INFO - [2022-12-22T01:24:27.721+0000] {dag.py:3427} INFO - Setting next_dagrun for example_short_circuit_decorator to 2022-12-21T01:24:27.720968+00:00, run_after=2022-12-22T01:24:27.720968+00:00
[2022-12-22T01:24:27.738+0000] {processor.py:175} INFO - Processing /home/airflow/.local/lib/python3.7/site-packages/airflow/example_dags/example_short_circuit_decorator.py took 0.152 seconds
[2022-12-22T01:24:58.095+0000] {processor.py:153} INFO - Started process (PID=977) to work on /home/airflow/.local/lib/python3.7/site-packages/airflow/example_dags/example_short_circuit_decorator.py
[2022-12-22T01:24:58.095+0000] {processor.py:743} INFO - Processing file /home/airflow/.local/lib/python3.7/site-packages/airflow/example_dags/example_short_circuit_decorator.py for tasks to queue
[2022-12-22T01:24:58.096+0000] {logging_mixin.py:137} INFO - [2022-12-22T01:24:58.096+0000] {dagbag.py:538} INFO - Filling up the DagBag from /home/airflow/.local/lib/python3.7/site-packages/airflow/example_dags/example_short_circuit_decorator.py
[2022-12-22T01:24:58.119+0000] {processor.py:753} INFO - DAG(s) dict_keys(['example_short_circuit_decorator']) retrieved from /home/airflow/.local/lib/python3.7/site-packages/airflow/example_dags/example_short_circuit_decorator.py
[2022-12-22T01:24:58.155+0000] {logging_mixin.py:137} INFO - [2022-12-22T01:24:58.155+0000] {dag.py:2676} INFO - Sync 1 DAGs
[2022-12-22T01:24:58.177+0000] {logging_mixin.py:137} INFO - [2022-12-22T01:24:58.177+0000] {dag.py:3427} INFO - Setting next_dagrun for example_short_circuit_decorator to 2022-12-21T01:24:58.177664+00:00, run_after=2022-12-22T01:24:58.177664+00:00
[2022-12-22T01:24:58.196+0000] {processor.py:175} INFO - Processing /home/airflow/.local/lib/python3.7/site-packages/airflow/example_dags/example_short_circuit_decorator.py took 0.104 seconds
[2022-12-22T01:25:28.967+0000] {processor.py:153} INFO - Started process (PID=1063) to work on /home/airflow/.local/lib/python3.7/site-packages/airflow/example_dags/example_short_circuit_decorator.py
[2022-12-22T01:25:28.968+0000] {processor.py:743} INFO - Processing file /home/airflow/.local/lib/python3.7/site-packages/airflow/example_dags/example_short_circuit_decorator.py for tasks to queue
[2022-12-22T01:25:28.968+0000] {logging_mixin.py:137} INFO - [2022-12-22T01:25:28.968+0000] {dagbag.py:538} INFO - Filling up the DagBag from /home/airflow/.local/lib/python3.7/site-packages/airflow/example_dags/example_short_circuit_decorator.py
[2022-12-22T01:25:28.997+0000] {processor.py:753} INFO - DAG(s) dict_keys(['example_short_circuit_decorator']) retrieved from /home/airflow/.local/lib/python3.7/site-packages/airflow/example_dags/example_short_circuit_decorator.py
[2022-12-22T01:25:29.043+0000] {logging_mixin.py:137} INFO - [2022-12-22T01:25:29.043+0000] {dag.py:2676} INFO - Sync 1 DAGs
[2022-12-22T01:25:29.070+0000] {logging_mixin.py:137} INFO - [2022-12-22T01:25:29.070+0000] {dag.py:3427} INFO - Setting next_dagrun for example_short_circuit_decorator to 2022-12-21T01:25:29.070591+00:00, run_after=2022-12-22T01:25:29.070591+00:00
[2022-12-22T01:25:29.089+0000] {processor.py:175} INFO - Processing /home/airflow/.local/lib/python3.7/site-packages/airflow/example_dags/example_short_circuit_decorator.py took 0.124 seconds
[2022-12-22T01:25:59.438+0000] {processor.py:153} INFO - Started process (PID=1173) to work on /home/airflow/.local/lib/python3.7/site-packages/airflow/example_dags/example_short_circuit_decorator.py
[2022-12-22T01:25:59.439+0000] {processor.py:743} INFO - Processing file /home/airflow/.local/lib/python3.7/site-packages/airflow/example_dags/example_short_circuit_decorator.py for tasks to queue
[2022-12-22T01:25:59.439+0000] {logging_mixin.py:137} INFO - [2022-12-22T01:25:59.439+0000] {dagbag.py:538} INFO - Filling up the DagBag from /home/airflow/.local/lib/python3.7/site-packages/airflow/example_dags/example_short_circuit_decorator.py
[2022-12-22T01:25:59.461+0000] {processor.py:753} INFO - DAG(s) dict_keys(['example_short_circuit_decorator']) retrieved from /home/airflow/.local/lib/python3.7/site-packages/airflow/example_dags/example_short_circuit_decorator.py
[2022-12-22T01:25:59.496+0000] {logging_mixin.py:137} INFO - [2022-12-22T01:25:59.496+0000] {dag.py:2676} INFO - Sync 1 DAGs
[2022-12-22T01:25:59.521+0000] {logging_mixin.py:137} INFO - [2022-12-22T01:25:59.521+0000] {dag.py:3427} INFO - Setting next_dagrun for example_short_circuit_decorator to 2022-12-21T01:25:59.521410+00:00, run_after=2022-12-22T01:25:59.521410+00:00
[2022-12-22T01:25:59.538+0000] {processor.py:175} INFO - Processing /home/airflow/.local/lib/python3.7/site-packages/airflow/example_dags/example_short_circuit_decorator.py took 0.103 seconds
[2022-12-22T01:26:30.009+0000] {processor.py:153} INFO - Started process (PID=1258) to work on /home/airflow/.local/lib/python3.7/site-packages/airflow/example_dags/example_short_circuit_decorator.py
[2022-12-22T01:26:30.010+0000] {processor.py:743} INFO - Processing file /home/airflow/.local/lib/python3.7/site-packages/airflow/example_dags/example_short_circuit_decorator.py for tasks to queue
[2022-12-22T01:26:30.010+0000] {logging_mixin.py:137} INFO - [2022-12-22T01:26:30.010+0000] {dagbag.py:538} INFO - Filling up the DagBag from /home/airflow/.local/lib/python3.7/site-packages/airflow/example_dags/example_short_circuit_decorator.py
[2022-12-22T01:26:30.039+0000] {processor.py:753} INFO - DAG(s) dict_keys(['example_short_circuit_decorator']) retrieved from /home/airflow/.local/lib/python3.7/site-packages/airflow/example_dags/example_short_circuit_decorator.py
[2022-12-22T01:26:30.082+0000] {logging_mixin.py:137} INFO - [2022-12-22T01:26:30.082+0000] {dag.py:2676} INFO - Sync 1 DAGs
[2022-12-22T01:26:30.118+0000] {logging_mixin.py:137} INFO - [2022-12-22T01:26:30.118+0000] {dag.py:3427} INFO - Setting next_dagrun for example_short_circuit_decorator to 2022-12-21T01:26:30.118108+00:00, run_after=2022-12-22T01:26:30.118108+00:00
[2022-12-22T01:26:30.146+0000] {processor.py:175} INFO - Processing /home/airflow/.local/lib/python3.7/site-packages/airflow/example_dags/example_short_circuit_decorator.py took 0.140 seconds
[2022-12-22T01:27:00.770+0000] {processor.py:153} INFO - Started process (PID=1344) to work on /home/airflow/.local/lib/python3.7/site-packages/airflow/example_dags/example_short_circuit_decorator.py
[2022-12-22T01:27:00.771+0000] {processor.py:743} INFO - Processing file /home/airflow/.local/lib/python3.7/site-packages/airflow/example_dags/example_short_circuit_decorator.py for tasks to queue
[2022-12-22T01:27:00.772+0000] {logging_mixin.py:137} INFO - [2022-12-22T01:27:00.772+0000] {dagbag.py:538} INFO - Filling up the DagBag from /home/airflow/.local/lib/python3.7/site-packages/airflow/example_dags/example_short_circuit_decorator.py
[2022-12-22T01:27:00.794+0000] {processor.py:753} INFO - DAG(s) dict_keys(['example_short_circuit_decorator']) retrieved from /home/airflow/.local/lib/python3.7/site-packages/airflow/example_dags/example_short_circuit_decorator.py
[2022-12-22T01:27:00.832+0000] {logging_mixin.py:137} INFO - [2022-12-22T01:27:00.832+0000] {dag.py:2676} INFO - Sync 1 DAGs
[2022-12-22T01:27:00.858+0000] {logging_mixin.py:137} INFO - [2022-12-22T01:27:00.858+0000] {dag.py:3427} INFO - Setting next_dagrun for example_short_circuit_decorator to 2022-12-21T01:27:00.858320+00:00, run_after=2022-12-22T01:27:00.858320+00:00
[2022-12-22T01:27:00.877+0000] {processor.py:175} INFO - Processing /home/airflow/.local/lib/python3.7/site-packages/airflow/example_dags/example_short_circuit_decorator.py took 0.108 seconds
[2022-12-22T01:27:31.542+0000] {processor.py:153} INFO - Started process (PID=1454) to work on /home/airflow/.local/lib/python3.7/site-packages/airflow/example_dags/example_short_circuit_decorator.py
[2022-12-22T01:27:31.543+0000] {processor.py:743} INFO - Processing file /home/airflow/.local/lib/python3.7/site-packages/airflow/example_dags/example_short_circuit_decorator.py for tasks to queue
[2022-12-22T01:27:31.543+0000] {logging_mixin.py:137} INFO - [2022-12-22T01:27:31.543+0000] {dagbag.py:538} INFO - Filling up the DagBag from /home/airflow/.local/lib/python3.7/site-packages/airflow/example_dags/example_short_circuit_decorator.py
[2022-12-22T01:27:31.567+0000] {processor.py:753} INFO - DAG(s) dict_keys(['example_short_circuit_decorator']) retrieved from /home/airflow/.local/lib/python3.7/site-packages/airflow/example_dags/example_short_circuit_decorator.py
[2022-12-22T01:27:31.608+0000] {logging_mixin.py:137} INFO - [2022-12-22T01:27:31.608+0000] {dag.py:2676} INFO - Sync 1 DAGs
[2022-12-22T01:27:31.633+0000] {logging_mixin.py:137} INFO - [2022-12-22T01:27:31.633+0000] {dag.py:3427} INFO - Setting next_dagrun for example_short_circuit_decorator to 2022-12-21T01:27:31.633404+00:00, run_after=2022-12-22T01:27:31.633404+00:00
[2022-12-22T01:27:31.650+0000] {processor.py:175} INFO - Processing /home/airflow/.local/lib/python3.7/site-packages/airflow/example_dags/example_short_circuit_decorator.py took 0.110 seconds
[2022-12-22T01:28:01.735+0000] {processor.py:153} INFO - Started process (PID=1540) to work on /home/airflow/.local/lib/python3.7/site-packages/airflow/example_dags/example_short_circuit_decorator.py
[2022-12-22T01:28:01.736+0000] {processor.py:743} INFO - Processing file /home/airflow/.local/lib/python3.7/site-packages/airflow/example_dags/example_short_circuit_decorator.py for tasks to queue
[2022-12-22T01:28:01.736+0000] {logging_mixin.py:137} INFO - [2022-12-22T01:28:01.736+0000] {dagbag.py:538} INFO - Filling up the DagBag from /home/airflow/.local/lib/python3.7/site-packages/airflow/example_dags/example_short_circuit_decorator.py
[2022-12-22T01:28:01.759+0000] {processor.py:753} INFO - DAG(s) dict_keys(['example_short_circuit_decorator']) retrieved from /home/airflow/.local/lib/python3.7/site-packages/airflow/example_dags/example_short_circuit_decorator.py
[2022-12-22T01:28:01.792+0000] {logging_mixin.py:137} INFO - [2022-12-22T01:28:01.792+0000] {dag.py:2676} INFO - Sync 1 DAGs
[2022-12-22T01:28:01.816+0000] {logging_mixin.py:137} INFO - [2022-12-22T01:28:01.816+0000] {dag.py:3427} INFO - Setting next_dagrun for example_short_circuit_decorator to 2022-12-21T01:28:01.816326+00:00, run_after=2022-12-22T01:28:01.816326+00:00
[2022-12-22T01:28:01.834+0000] {processor.py:175} INFO - Processing /home/airflow/.local/lib/python3.7/site-packages/airflow/example_dags/example_short_circuit_decorator.py took 0.101 seconds
[2022-12-22T01:28:32.296+0000] {processor.py:153} INFO - Started process (PID=1635) to work on /home/airflow/.local/lib/python3.7/site-packages/airflow/example_dags/example_short_circuit_decorator.py
[2022-12-22T01:28:32.297+0000] {processor.py:743} INFO - Processing file /home/airflow/.local/lib/python3.7/site-packages/airflow/example_dags/example_short_circuit_decorator.py for tasks to queue
[2022-12-22T01:28:32.298+0000] {logging_mixin.py:137} INFO - [2022-12-22T01:28:32.298+0000] {dagbag.py:538} INFO - Filling up the DagBag from /home/airflow/.local/lib/python3.7/site-packages/airflow/example_dags/example_short_circuit_decorator.py
[2022-12-22T01:28:32.321+0000] {processor.py:753} INFO - DAG(s) dict_keys(['example_short_circuit_decorator']) retrieved from /home/airflow/.local/lib/python3.7/site-packages/airflow/example_dags/example_short_circuit_decorator.py
[2022-12-22T01:28:32.356+0000] {logging_mixin.py:137} INFO - [2022-12-22T01:28:32.355+0000] {dag.py:2676} INFO - Sync 1 DAGs
[2022-12-22T01:28:32.383+0000] {logging_mixin.py:137} INFO - [2022-12-22T01:28:32.382+0000] {dag.py:3427} INFO - Setting next_dagrun for example_short_circuit_decorator to 2022-12-21T01:28:32.382737+00:00, run_after=2022-12-22T01:28:32.382737+00:00
[2022-12-22T01:28:32.404+0000] {processor.py:175} INFO - Processing /home/airflow/.local/lib/python3.7/site-packages/airflow/example_dags/example_short_circuit_decorator.py took 0.110 seconds
[2022-12-22T01:29:02.745+0000] {processor.py:153} INFO - Started process (PID=1736) to work on /home/airflow/.local/lib/python3.7/site-packages/airflow/example_dags/example_short_circuit_decorator.py
[2022-12-22T01:29:02.746+0000] {processor.py:743} INFO - Processing file /home/airflow/.local/lib/python3.7/site-packages/airflow/example_dags/example_short_circuit_decorator.py for tasks to queue
[2022-12-22T01:29:02.746+0000] {logging_mixin.py:137} INFO - [2022-12-22T01:29:02.746+0000] {dagbag.py:538} INFO - Filling up the DagBag from /home/airflow/.local/lib/python3.7/site-packages/airflow/example_dags/example_short_circuit_decorator.py
[2022-12-22T01:29:02.773+0000] {processor.py:753} INFO - DAG(s) dict_keys(['example_short_circuit_decorator']) retrieved from /home/airflow/.local/lib/python3.7/site-packages/airflow/example_dags/example_short_circuit_decorator.py
[2022-12-22T01:29:02.808+0000] {logging_mixin.py:137} INFO - [2022-12-22T01:29:02.808+0000] {dag.py:2676} INFO - Sync 1 DAGs
[2022-12-22T01:29:02.832+0000] {logging_mixin.py:137} INFO - [2022-12-22T01:29:02.832+0000] {dag.py:3427} INFO - Setting next_dagrun for example_short_circuit_decorator to 2022-12-21T01:29:02.832556+00:00, run_after=2022-12-22T01:29:02.832556+00:00
[2022-12-22T01:29:02.851+0000] {processor.py:175} INFO - Processing /home/airflow/.local/lib/python3.7/site-packages/airflow/example_dags/example_short_circuit_decorator.py took 0.109 seconds
[2022-12-22T01:29:33.120+0000] {processor.py:153} INFO - Started process (PID=1823) to work on /home/airflow/.local/lib/python3.7/site-packages/airflow/example_dags/example_short_circuit_decorator.py
[2022-12-22T01:29:33.121+0000] {processor.py:743} INFO - Processing file /home/airflow/.local/lib/python3.7/site-packages/airflow/example_dags/example_short_circuit_decorator.py for tasks to queue
[2022-12-22T01:29:33.121+0000] {logging_mixin.py:137} INFO - [2022-12-22T01:29:33.121+0000] {dagbag.py:538} INFO - Filling up the DagBag from /home/airflow/.local/lib/python3.7/site-packages/airflow/example_dags/example_short_circuit_decorator.py
[2022-12-22T01:29:33.147+0000] {processor.py:753} INFO - DAG(s) dict_keys(['example_short_circuit_decorator']) retrieved from /home/airflow/.local/lib/python3.7/site-packages/airflow/example_dags/example_short_circuit_decorator.py
[2022-12-22T01:29:33.182+0000] {logging_mixin.py:137} INFO - [2022-12-22T01:29:33.182+0000] {dag.py:2676} INFO - Sync 1 DAGs
[2022-12-22T01:29:33.225+0000] {logging_mixin.py:137} INFO - [2022-12-22T01:29:33.224+0000] {dag.py:3427} INFO - Setting next_dagrun for example_short_circuit_decorator to 2022-12-21T01:29:33.224653+00:00, run_after=2022-12-22T01:29:33.224653+00:00
[2022-12-22T01:29:33.244+0000] {processor.py:175} INFO - Processing /home/airflow/.local/lib/python3.7/site-packages/airflow/example_dags/example_short_circuit_decorator.py took 0.127 seconds
[2022-12-22T01:30:03.994+0000] {processor.py:153} INFO - Started process (PID=1909) to work on /home/airflow/.local/lib/python3.7/site-packages/airflow/example_dags/example_short_circuit_decorator.py
[2022-12-22T01:30:03.995+0000] {processor.py:743} INFO - Processing file /home/airflow/.local/lib/python3.7/site-packages/airflow/example_dags/example_short_circuit_decorator.py for tasks to queue
[2022-12-22T01:30:03.995+0000] {logging_mixin.py:137} INFO - [2022-12-22T01:30:03.995+0000] {dagbag.py:538} INFO - Filling up the DagBag from /home/airflow/.local/lib/python3.7/site-packages/airflow/example_dags/example_short_circuit_decorator.py
[2022-12-22T01:30:04.019+0000] {processor.py:753} INFO - DAG(s) dict_keys(['example_short_circuit_decorator']) retrieved from /home/airflow/.local/lib/python3.7/site-packages/airflow/example_dags/example_short_circuit_decorator.py
[2022-12-22T01:30:04.056+0000] {logging_mixin.py:137} INFO - [2022-12-22T01:30:04.055+0000] {dag.py:2676} INFO - Sync 1 DAGs
[2022-12-22T01:30:04.081+0000] {logging_mixin.py:137} INFO - [2022-12-22T01:30:04.081+0000] {dag.py:3427} INFO - Setting next_dagrun for example_short_circuit_decorator to 2022-12-21T01:30:04.080829+00:00, run_after=2022-12-22T01:30:04.080829+00:00
[2022-12-22T01:30:04.099+0000] {processor.py:175} INFO - Processing /home/airflow/.local/lib/python3.7/site-packages/airflow/example_dags/example_short_circuit_decorator.py took 0.108 seconds
[2022-12-22T01:30:34.612+0000] {processor.py:153} INFO - Started process (PID=2020) to work on /home/airflow/.local/lib/python3.7/site-packages/airflow/example_dags/example_short_circuit_decorator.py
[2022-12-22T01:30:34.613+0000] {processor.py:743} INFO - Processing file /home/airflow/.local/lib/python3.7/site-packages/airflow/example_dags/example_short_circuit_decorator.py for tasks to queue
[2022-12-22T01:30:34.614+0000] {logging_mixin.py:137} INFO - [2022-12-22T01:30:34.614+0000] {dagbag.py:538} INFO - Filling up the DagBag from /home/airflow/.local/lib/python3.7/site-packages/airflow/example_dags/example_short_circuit_decorator.py
[2022-12-22T01:30:34.637+0000] {processor.py:753} INFO - DAG(s) dict_keys(['example_short_circuit_decorator']) retrieved from /home/airflow/.local/lib/python3.7/site-packages/airflow/example_dags/example_short_circuit_decorator.py
[2022-12-22T01:30:34.671+0000] {logging_mixin.py:137} INFO - [2022-12-22T01:30:34.671+0000] {dag.py:2676} INFO - Sync 1 DAGs
[2022-12-22T01:30:34.695+0000] {logging_mixin.py:137} INFO - [2022-12-22T01:30:34.695+0000] {dag.py:3427} INFO - Setting next_dagrun for example_short_circuit_decorator to 2022-12-21T01:30:34.695156+00:00, run_after=2022-12-22T01:30:34.695156+00:00
[2022-12-22T01:30:34.712+0000] {processor.py:175} INFO - Processing /home/airflow/.local/lib/python3.7/site-packages/airflow/example_dags/example_short_circuit_decorator.py took 0.102 seconds
[2022-12-22T01:31:04.808+0000] {processor.py:153} INFO - Started process (PID=2106) to work on /home/airflow/.local/lib/python3.7/site-packages/airflow/example_dags/example_short_circuit_decorator.py
[2022-12-22T01:31:04.810+0000] {processor.py:743} INFO - Processing file /home/airflow/.local/lib/python3.7/site-packages/airflow/example_dags/example_short_circuit_decorator.py for tasks to queue
[2022-12-22T01:31:04.811+0000] {logging_mixin.py:137} INFO - [2022-12-22T01:31:04.811+0000] {dagbag.py:538} INFO - Filling up the DagBag from /home/airflow/.local/lib/python3.7/site-packages/airflow/example_dags/example_short_circuit_decorator.py
[2022-12-22T01:31:04.834+0000] {processor.py:753} INFO - DAG(s) dict_keys(['example_short_circuit_decorator']) retrieved from /home/airflow/.local/lib/python3.7/site-packages/airflow/example_dags/example_short_circuit_decorator.py
[2022-12-22T01:31:04.869+0000] {logging_mixin.py:137} INFO - [2022-12-22T01:31:04.869+0000] {dag.py:2676} INFO - Sync 1 DAGs
[2022-12-22T01:31:04.892+0000] {logging_mixin.py:137} INFO - [2022-12-22T01:31:04.892+0000] {dag.py:3427} INFO - Setting next_dagrun for example_short_circuit_decorator to 2022-12-21T01:31:04.892406+00:00, run_after=2022-12-22T01:31:04.892406+00:00
[2022-12-22T01:31:04.909+0000] {processor.py:175} INFO - Processing /home/airflow/.local/lib/python3.7/site-packages/airflow/example_dags/example_short_circuit_decorator.py took 0.103 seconds
[2022-12-22T01:31:35.312+0000] {processor.py:153} INFO - Started process (PID=2201) to work on /home/airflow/.local/lib/python3.7/site-packages/airflow/example_dags/example_short_circuit_decorator.py
[2022-12-22T01:31:35.313+0000] {processor.py:743} INFO - Processing file /home/airflow/.local/lib/python3.7/site-packages/airflow/example_dags/example_short_circuit_decorator.py for tasks to queue
[2022-12-22T01:31:35.313+0000] {logging_mixin.py:137} INFO - [2022-12-22T01:31:35.313+0000] {dagbag.py:538} INFO - Filling up the DagBag from /home/airflow/.local/lib/python3.7/site-packages/airflow/example_dags/example_short_circuit_decorator.py
[2022-12-22T01:31:35.342+0000] {processor.py:753} INFO - DAG(s) dict_keys(['example_short_circuit_decorator']) retrieved from /home/airflow/.local/lib/python3.7/site-packages/airflow/example_dags/example_short_circuit_decorator.py
[2022-12-22T01:31:35.388+0000] {logging_mixin.py:137} INFO - [2022-12-22T01:31:35.387+0000] {dag.py:2676} INFO - Sync 1 DAGs
[2022-12-22T01:31:35.426+0000] {logging_mixin.py:137} INFO - [2022-12-22T01:31:35.426+0000] {dag.py:3427} INFO - Setting next_dagrun for example_short_circuit_decorator to 2022-12-21T01:31:35.425898+00:00, run_after=2022-12-22T01:31:35.425898+00:00
[2022-12-22T01:31:35.451+0000] {processor.py:175} INFO - Processing /home/airflow/.local/lib/python3.7/site-packages/airflow/example_dags/example_short_circuit_decorator.py took 0.142 seconds
[2022-12-22T01:32:05.836+0000] {processor.py:153} INFO - Started process (PID=2302) to work on /home/airflow/.local/lib/python3.7/site-packages/airflow/example_dags/example_short_circuit_decorator.py
[2022-12-22T01:32:05.837+0000] {processor.py:743} INFO - Processing file /home/airflow/.local/lib/python3.7/site-packages/airflow/example_dags/example_short_circuit_decorator.py for tasks to queue
[2022-12-22T01:32:05.837+0000] {logging_mixin.py:137} INFO - [2022-12-22T01:32:05.837+0000] {dagbag.py:538} INFO - Filling up the DagBag from /home/airflow/.local/lib/python3.7/site-packages/airflow/example_dags/example_short_circuit_decorator.py
[2022-12-22T01:32:05.905+0000] {processor.py:753} INFO - DAG(s) dict_keys(['example_short_circuit_decorator']) retrieved from /home/airflow/.local/lib/python3.7/site-packages/airflow/example_dags/example_short_circuit_decorator.py
[2022-12-22T01:32:06.010+0000] {logging_mixin.py:137} INFO - [2022-12-22T01:32:06.009+0000] {dag.py:2676} INFO - Sync 1 DAGs
[2022-12-22T01:32:06.100+0000] {logging_mixin.py:137} INFO - [2022-12-22T01:32:06.100+0000] {dag.py:3427} INFO - Setting next_dagrun for example_short_circuit_decorator to 2022-12-21T01:32:06.100304+00:00, run_after=2022-12-22T01:32:06.100304+00:00
[2022-12-22T01:32:06.124+0000] {processor.py:175} INFO - Processing /home/airflow/.local/lib/python3.7/site-packages/airflow/example_dags/example_short_circuit_decorator.py took 0.290 seconds
[2022-12-22T01:32:36.480+0000] {processor.py:153} INFO - Started process (PID=2388) to work on /home/airflow/.local/lib/python3.7/site-packages/airflow/example_dags/example_short_circuit_decorator.py
[2022-12-22T01:32:36.481+0000] {processor.py:743} INFO - Processing file /home/airflow/.local/lib/python3.7/site-packages/airflow/example_dags/example_short_circuit_decorator.py for tasks to queue
[2022-12-22T01:32:36.481+0000] {logging_mixin.py:137} INFO - [2022-12-22T01:32:36.481+0000] {dagbag.py:538} INFO - Filling up the DagBag from /home/airflow/.local/lib/python3.7/site-packages/airflow/example_dags/example_short_circuit_decorator.py
[2022-12-22T01:32:36.506+0000] {processor.py:753} INFO - DAG(s) dict_keys(['example_short_circuit_decorator']) retrieved from /home/airflow/.local/lib/python3.7/site-packages/airflow/example_dags/example_short_circuit_decorator.py
[2022-12-22T01:32:36.545+0000] {logging_mixin.py:137} INFO - [2022-12-22T01:32:36.545+0000] {dag.py:2676} INFO - Sync 1 DAGs
[2022-12-22T01:32:36.570+0000] {logging_mixin.py:137} INFO - [2022-12-22T01:32:36.570+0000] {dag.py:3427} INFO - Setting next_dagrun for example_short_circuit_decorator to 2022-12-21T01:32:36.569789+00:00, run_after=2022-12-22T01:32:36.569789+00:00
[2022-12-22T01:32:36.587+0000] {processor.py:175} INFO - Processing /home/airflow/.local/lib/python3.7/site-packages/airflow/example_dags/example_short_circuit_decorator.py took 0.110 seconds
[2022-12-22T01:33:12.088+0000] {processor.py:153} INFO - Started process (PID=2474) to work on /home/airflow/.local/lib/python3.7/site-packages/airflow/example_dags/example_short_circuit_decorator.py
[2022-12-22T01:33:12.089+0000] {processor.py:743} INFO - Processing file /home/airflow/.local/lib/python3.7/site-packages/airflow/example_dags/example_short_circuit_decorator.py for tasks to queue
[2022-12-22T01:33:12.090+0000] {logging_mixin.py:137} INFO - [2022-12-22T01:33:12.089+0000] {dagbag.py:538} INFO - Filling up the DagBag from /home/airflow/.local/lib/python3.7/site-packages/airflow/example_dags/example_short_circuit_decorator.py
[2022-12-22T01:33:12.187+0000] {processor.py:753} INFO - DAG(s) dict_keys(['example_short_circuit_decorator']) retrieved from /home/airflow/.local/lib/python3.7/site-packages/airflow/example_dags/example_short_circuit_decorator.py
[2022-12-22T01:33:12.304+0000] {logging_mixin.py:137} INFO - [2022-12-22T01:33:12.304+0000] {dag.py:2676} INFO - Sync 1 DAGs
[2022-12-22T01:33:12.403+0000] {logging_mixin.py:137} INFO - [2022-12-22T01:33:12.403+0000] {dag.py:3427} INFO - Setting next_dagrun for example_short_circuit_decorator to 2022-12-21T01:33:12.402777+00:00, run_after=2022-12-22T01:33:12.402777+00:00
[2022-12-22T01:33:12.503+0000] {processor.py:175} INFO - Processing /home/airflow/.local/lib/python3.7/site-packages/airflow/example_dags/example_short_circuit_decorator.py took 0.492 seconds
[2022-12-22T01:33:43.104+0000] {processor.py:153} INFO - Started process (PID=2560) to work on /home/airflow/.local/lib/python3.7/site-packages/airflow/example_dags/example_short_circuit_decorator.py
[2022-12-22T01:33:43.105+0000] {processor.py:743} INFO - Processing file /home/airflow/.local/lib/python3.7/site-packages/airflow/example_dags/example_short_circuit_decorator.py for tasks to queue
[2022-12-22T01:33:43.105+0000] {logging_mixin.py:137} INFO - [2022-12-22T01:33:43.105+0000] {dagbag.py:538} INFO - Filling up the DagBag from /home/airflow/.local/lib/python3.7/site-packages/airflow/example_dags/example_short_circuit_decorator.py
[2022-12-22T01:33:43.132+0000] {processor.py:753} INFO - DAG(s) dict_keys(['example_short_circuit_decorator']) retrieved from /home/airflow/.local/lib/python3.7/site-packages/airflow/example_dags/example_short_circuit_decorator.py
[2022-12-22T01:33:43.167+0000] {logging_mixin.py:137} INFO - [2022-12-22T01:33:43.167+0000] {dag.py:2676} INFO - Sync 1 DAGs
[2022-12-22T01:33:43.199+0000] {logging_mixin.py:137} INFO - [2022-12-22T01:33:43.198+0000] {dag.py:3427} INFO - Setting next_dagrun for example_short_circuit_decorator to 2022-12-21T01:33:43.198661+00:00, run_after=2022-12-22T01:33:43.198661+00:00
[2022-12-22T01:33:43.222+0000] {processor.py:175} INFO - Processing /home/airflow/.local/lib/python3.7/site-packages/airflow/example_dags/example_short_circuit_decorator.py took 0.121 seconds
[2022-12-22T01:34:14.005+0000] {processor.py:153} INFO - Started process (PID=2646) to work on /home/airflow/.local/lib/python3.7/site-packages/airflow/example_dags/example_short_circuit_decorator.py
[2022-12-22T01:34:14.005+0000] {processor.py:743} INFO - Processing file /home/airflow/.local/lib/python3.7/site-packages/airflow/example_dags/example_short_circuit_decorator.py for tasks to queue
[2022-12-22T01:34:14.006+0000] {logging_mixin.py:137} INFO - [2022-12-22T01:34:14.006+0000] {dagbag.py:538} INFO - Filling up the DagBag from /home/airflow/.local/lib/python3.7/site-packages/airflow/example_dags/example_short_circuit_decorator.py
[2022-12-22T01:34:14.029+0000] {processor.py:753} INFO - DAG(s) dict_keys(['example_short_circuit_decorator']) retrieved from /home/airflow/.local/lib/python3.7/site-packages/airflow/example_dags/example_short_circuit_decorator.py
[2022-12-22T01:34:14.063+0000] {logging_mixin.py:137} INFO - [2022-12-22T01:34:14.062+0000] {dag.py:2676} INFO - Sync 1 DAGs
[2022-12-22T01:34:14.091+0000] {logging_mixin.py:137} INFO - [2022-12-22T01:34:14.091+0000] {dag.py:3427} INFO - Setting next_dagrun for example_short_circuit_decorator to 2022-12-21T01:34:14.091457+00:00, run_after=2022-12-22T01:34:14.091457+00:00
[2022-12-22T01:34:14.109+0000] {processor.py:175} INFO - Processing /home/airflow/.local/lib/python3.7/site-packages/airflow/example_dags/example_short_circuit_decorator.py took 0.107 seconds
[2022-12-22T01:34:44.596+0000] {processor.py:153} INFO - Started process (PID=2756) to work on /home/airflow/.local/lib/python3.7/site-packages/airflow/example_dags/example_short_circuit_decorator.py
[2022-12-22T01:34:44.597+0000] {processor.py:743} INFO - Processing file /home/airflow/.local/lib/python3.7/site-packages/airflow/example_dags/example_short_circuit_decorator.py for tasks to queue
[2022-12-22T01:34:44.598+0000] {logging_mixin.py:137} INFO - [2022-12-22T01:34:44.598+0000] {dagbag.py:538} INFO - Filling up the DagBag from /home/airflow/.local/lib/python3.7/site-packages/airflow/example_dags/example_short_circuit_decorator.py
[2022-12-22T01:34:44.701+0000] {processor.py:753} INFO - DAG(s) dict_keys(['example_short_circuit_decorator']) retrieved from /home/airflow/.local/lib/python3.7/site-packages/airflow/example_dags/example_short_circuit_decorator.py
[2022-12-22T01:34:44.743+0000] {logging_mixin.py:137} INFO - [2022-12-22T01:34:44.743+0000] {dag.py:2676} INFO - Sync 1 DAGs
[2022-12-22T01:34:44.797+0000] {logging_mixin.py:137} INFO - [2022-12-22T01:34:44.797+0000] {dag.py:3427} INFO - Setting next_dagrun for example_short_circuit_decorator to 2022-12-21T01:34:44.797233+00:00, run_after=2022-12-22T01:34:44.797233+00:00
[2022-12-22T01:34:44.818+0000] {processor.py:175} INFO - Processing /home/airflow/.local/lib/python3.7/site-packages/airflow/example_dags/example_short_circuit_decorator.py took 0.225 seconds
[2022-12-22T01:35:15.110+0000] {processor.py:153} INFO - Started process (PID=2843) to work on /home/airflow/.local/lib/python3.7/site-packages/airflow/example_dags/example_short_circuit_decorator.py
[2022-12-22T01:35:15.111+0000] {processor.py:743} INFO - Processing file /home/airflow/.local/lib/python3.7/site-packages/airflow/example_dags/example_short_circuit_decorator.py for tasks to queue
[2022-12-22T01:35:15.112+0000] {logging_mixin.py:137} INFO - [2022-12-22T01:35:15.112+0000] {dagbag.py:538} INFO - Filling up the DagBag from /home/airflow/.local/lib/python3.7/site-packages/airflow/example_dags/example_short_circuit_decorator.py
[2022-12-22T01:35:15.137+0000] {processor.py:753} INFO - DAG(s) dict_keys(['example_short_circuit_decorator']) retrieved from /home/airflow/.local/lib/python3.7/site-packages/airflow/example_dags/example_short_circuit_decorator.py
[2022-12-22T01:35:15.175+0000] {logging_mixin.py:137} INFO - [2022-12-22T01:35:15.175+0000] {dag.py:2676} INFO - Sync 1 DAGs
[2022-12-22T01:35:15.198+0000] {logging_mixin.py:137} INFO - [2022-12-22T01:35:15.198+0000] {dag.py:3427} INFO - Setting next_dagrun for example_short_circuit_decorator to 2022-12-21T01:35:15.198552+00:00, run_after=2022-12-22T01:35:15.198552+00:00
[2022-12-22T01:35:15.216+0000] {processor.py:175} INFO - Processing /home/airflow/.local/lib/python3.7/site-packages/airflow/example_dags/example_short_circuit_decorator.py took 0.108 seconds
[2022-12-22T01:35:45.393+0000] {processor.py:153} INFO - Started process (PID=2929) to work on /home/airflow/.local/lib/python3.7/site-packages/airflow/example_dags/example_short_circuit_decorator.py
[2022-12-22T01:35:45.393+0000] {processor.py:743} INFO - Processing file /home/airflow/.local/lib/python3.7/site-packages/airflow/example_dags/example_short_circuit_decorator.py for tasks to queue
[2022-12-22T01:35:45.394+0000] {logging_mixin.py:137} INFO - [2022-12-22T01:35:45.394+0000] {dagbag.py:538} INFO - Filling up the DagBag from /home/airflow/.local/lib/python3.7/site-packages/airflow/example_dags/example_short_circuit_decorator.py
[2022-12-22T01:35:45.417+0000] {processor.py:753} INFO - DAG(s) dict_keys(['example_short_circuit_decorator']) retrieved from /home/airflow/.local/lib/python3.7/site-packages/airflow/example_dags/example_short_circuit_decorator.py
[2022-12-22T01:35:45.451+0000] {logging_mixin.py:137} INFO - [2022-12-22T01:35:45.451+0000] {dag.py:2676} INFO - Sync 1 DAGs
[2022-12-22T01:35:45.476+0000] {logging_mixin.py:137} INFO - [2022-12-22T01:35:45.476+0000] {dag.py:3427} INFO - Setting next_dagrun for example_short_circuit_decorator to 2022-12-21T01:35:45.475919+00:00, run_after=2022-12-22T01:35:45.475919+00:00
[2022-12-22T01:35:45.493+0000] {processor.py:175} INFO - Processing /home/airflow/.local/lib/python3.7/site-packages/airflow/example_dags/example_short_circuit_decorator.py took 0.103 seconds
[2022-12-22T01:36:16.124+0000] {processor.py:153} INFO - Started process (PID=3039) to work on /home/airflow/.local/lib/python3.7/site-packages/airflow/example_dags/example_short_circuit_decorator.py
[2022-12-22T01:36:16.125+0000] {processor.py:743} INFO - Processing file /home/airflow/.local/lib/python3.7/site-packages/airflow/example_dags/example_short_circuit_decorator.py for tasks to queue
[2022-12-22T01:36:16.125+0000] {logging_mixin.py:137} INFO - [2022-12-22T01:36:16.125+0000] {dagbag.py:538} INFO - Filling up the DagBag from /home/airflow/.local/lib/python3.7/site-packages/airflow/example_dags/example_short_circuit_decorator.py
[2022-12-22T01:36:16.150+0000] {processor.py:753} INFO - DAG(s) dict_keys(['example_short_circuit_decorator']) retrieved from /home/airflow/.local/lib/python3.7/site-packages/airflow/example_dags/example_short_circuit_decorator.py
[2022-12-22T01:36:16.185+0000] {logging_mixin.py:137} INFO - [2022-12-22T01:36:16.184+0000] {dag.py:2676} INFO - Sync 1 DAGs
[2022-12-22T01:36:16.210+0000] {logging_mixin.py:137} INFO - [2022-12-22T01:36:16.209+0000] {dag.py:3427} INFO - Setting next_dagrun for example_short_circuit_decorator to 2022-12-21T01:36:16.209641+00:00, run_after=2022-12-22T01:36:16.209641+00:00
[2022-12-22T01:36:16.225+0000] {processor.py:175} INFO - Processing /home/airflow/.local/lib/python3.7/site-packages/airflow/example_dags/example_short_circuit_decorator.py took 0.103 seconds
[2022-12-22T01:36:46.300+0000] {processor.py:153} INFO - Started process (PID=3125) to work on /home/airflow/.local/lib/python3.7/site-packages/airflow/example_dags/example_short_circuit_decorator.py
[2022-12-22T01:36:46.301+0000] {processor.py:743} INFO - Processing file /home/airflow/.local/lib/python3.7/site-packages/airflow/example_dags/example_short_circuit_decorator.py for tasks to queue
[2022-12-22T01:36:46.301+0000] {logging_mixin.py:137} INFO - [2022-12-22T01:36:46.301+0000] {dagbag.py:538} INFO - Filling up the DagBag from /home/airflow/.local/lib/python3.7/site-packages/airflow/example_dags/example_short_circuit_decorator.py
[2022-12-22T01:36:46.325+0000] {processor.py:753} INFO - DAG(s) dict_keys(['example_short_circuit_decorator']) retrieved from /home/airflow/.local/lib/python3.7/site-packages/airflow/example_dags/example_short_circuit_decorator.py
[2022-12-22T01:36:46.360+0000] {logging_mixin.py:137} INFO - [2022-12-22T01:36:46.360+0000] {dag.py:2676} INFO - Sync 1 DAGs
[2022-12-22T01:36:46.384+0000] {logging_mixin.py:137} INFO - [2022-12-22T01:36:46.384+0000] {dag.py:3427} INFO - Setting next_dagrun for example_short_circuit_decorator to 2022-12-21T01:36:46.384069+00:00, run_after=2022-12-22T01:36:46.384069+00:00
[2022-12-22T01:36:46.401+0000] {processor.py:175} INFO - Processing /home/airflow/.local/lib/python3.7/site-packages/airflow/example_dags/example_short_circuit_decorator.py took 0.104 seconds
[2022-12-22T01:37:16.719+0000] {processor.py:153} INFO - Started process (PID=3217) to work on /home/airflow/.local/lib/python3.7/site-packages/airflow/example_dags/example_short_circuit_decorator.py
[2022-12-22T01:37:16.720+0000] {processor.py:743} INFO - Processing file /home/airflow/.local/lib/python3.7/site-packages/airflow/example_dags/example_short_circuit_decorator.py for tasks to queue
[2022-12-22T01:37:16.720+0000] {logging_mixin.py:137} INFO - [2022-12-22T01:37:16.720+0000] {dagbag.py:538} INFO - Filling up the DagBag from /home/airflow/.local/lib/python3.7/site-packages/airflow/example_dags/example_short_circuit_decorator.py
[2022-12-22T01:37:16.753+0000] {processor.py:753} INFO - DAG(s) dict_keys(['example_short_circuit_decorator']) retrieved from /home/airflow/.local/lib/python3.7/site-packages/airflow/example_dags/example_short_circuit_decorator.py
[2022-12-22T01:37:16.802+0000] {logging_mixin.py:137} INFO - [2022-12-22T01:37:16.802+0000] {dag.py:2676} INFO - Sync 1 DAGs
[2022-12-22T01:37:16.840+0000] {logging_mixin.py:137} INFO - [2022-12-22T01:37:16.840+0000] {dag.py:3427} INFO - Setting next_dagrun for example_short_circuit_decorator to 2022-12-21T01:37:16.839857+00:00, run_after=2022-12-22T01:37:16.839857+00:00
[2022-12-22T01:37:16.865+0000] {processor.py:175} INFO - Processing /home/airflow/.local/lib/python3.7/site-packages/airflow/example_dags/example_short_circuit_decorator.py took 0.150 seconds
[2022-12-22T01:37:47.520+0000] {processor.py:153} INFO - Started process (PID=3321) to work on /home/airflow/.local/lib/python3.7/site-packages/airflow/example_dags/example_short_circuit_decorator.py
[2022-12-22T01:37:47.521+0000] {processor.py:743} INFO - Processing file /home/airflow/.local/lib/python3.7/site-packages/airflow/example_dags/example_short_circuit_decorator.py for tasks to queue
[2022-12-22T01:37:47.521+0000] {logging_mixin.py:137} INFO - [2022-12-22T01:37:47.521+0000] {dagbag.py:538} INFO - Filling up the DagBag from /home/airflow/.local/lib/python3.7/site-packages/airflow/example_dags/example_short_circuit_decorator.py
[2022-12-22T01:37:47.546+0000] {processor.py:753} INFO - DAG(s) dict_keys(['example_short_circuit_decorator']) retrieved from /home/airflow/.local/lib/python3.7/site-packages/airflow/example_dags/example_short_circuit_decorator.py
[2022-12-22T01:37:47.583+0000] {logging_mixin.py:137} INFO - [2022-12-22T01:37:47.583+0000] {dag.py:2676} INFO - Sync 1 DAGs
[2022-12-22T01:37:47.611+0000] {logging_mixin.py:137} INFO - [2022-12-22T01:37:47.611+0000] {dag.py:3427} INFO - Setting next_dagrun for example_short_circuit_decorator to 2022-12-21T01:37:47.611196+00:00, run_after=2022-12-22T01:37:47.611196+00:00
[2022-12-22T01:37:47.631+0000] {processor.py:175} INFO - Processing /home/airflow/.local/lib/python3.7/site-packages/airflow/example_dags/example_short_circuit_decorator.py took 0.114 seconds
[2022-12-22T01:38:17.873+0000] {processor.py:153} INFO - Started process (PID=3407) to work on /home/airflow/.local/lib/python3.7/site-packages/airflow/example_dags/example_short_circuit_decorator.py
[2022-12-22T01:38:17.873+0000] {processor.py:743} INFO - Processing file /home/airflow/.local/lib/python3.7/site-packages/airflow/example_dags/example_short_circuit_decorator.py for tasks to queue
[2022-12-22T01:38:17.874+0000] {logging_mixin.py:137} INFO - [2022-12-22T01:38:17.874+0000] {dagbag.py:538} INFO - Filling up the DagBag from /home/airflow/.local/lib/python3.7/site-packages/airflow/example_dags/example_short_circuit_decorator.py
[2022-12-22T01:38:17.898+0000] {processor.py:753} INFO - DAG(s) dict_keys(['example_short_circuit_decorator']) retrieved from /home/airflow/.local/lib/python3.7/site-packages/airflow/example_dags/example_short_circuit_decorator.py
[2022-12-22T01:38:17.935+0000] {logging_mixin.py:137} INFO - [2022-12-22T01:38:17.935+0000] {dag.py:2676} INFO - Sync 1 DAGs
[2022-12-22T01:38:17.962+0000] {logging_mixin.py:137} INFO - [2022-12-22T01:38:17.962+0000] {dag.py:3427} INFO - Setting next_dagrun for example_short_circuit_decorator to 2022-12-21T01:38:17.962230+00:00, run_after=2022-12-22T01:38:17.962230+00:00
[2022-12-22T01:38:17.979+0000] {processor.py:175} INFO - Processing /home/airflow/.local/lib/python3.7/site-packages/airflow/example_dags/example_short_circuit_decorator.py took 0.109 seconds
[2022-12-22T01:38:48.426+0000] {processor.py:153} INFO - Started process (PID=3517) to work on /home/airflow/.local/lib/python3.7/site-packages/airflow/example_dags/example_short_circuit_decorator.py
[2022-12-22T01:38:48.427+0000] {processor.py:743} INFO - Processing file /home/airflow/.local/lib/python3.7/site-packages/airflow/example_dags/example_short_circuit_decorator.py for tasks to queue
[2022-12-22T01:38:48.428+0000] {logging_mixin.py:137} INFO - [2022-12-22T01:38:48.427+0000] {dagbag.py:538} INFO - Filling up the DagBag from /home/airflow/.local/lib/python3.7/site-packages/airflow/example_dags/example_short_circuit_decorator.py
[2022-12-22T01:38:48.496+0000] {processor.py:753} INFO - DAG(s) dict_keys(['example_short_circuit_decorator']) retrieved from /home/airflow/.local/lib/python3.7/site-packages/airflow/example_dags/example_short_circuit_decorator.py
[2022-12-22T01:38:48.593+0000] {logging_mixin.py:137} INFO - [2022-12-22T01:38:48.593+0000] {dag.py:2676} INFO - Sync 1 DAGs
[2022-12-22T01:38:48.622+0000] {logging_mixin.py:137} INFO - [2022-12-22T01:38:48.622+0000] {dag.py:3427} INFO - Setting next_dagrun for example_short_circuit_decorator to 2022-12-21T01:38:48.621895+00:00, run_after=2022-12-22T01:38:48.621895+00:00
[2022-12-22T01:38:48.699+0000] {processor.py:175} INFO - Processing /home/airflow/.local/lib/python3.7/site-packages/airflow/example_dags/example_short_circuit_decorator.py took 0.276 seconds
[2022-12-22T01:39:19.443+0000] {processor.py:153} INFO - Started process (PID=3603) to work on /home/airflow/.local/lib/python3.7/site-packages/airflow/example_dags/example_short_circuit_decorator.py
[2022-12-22T01:39:19.444+0000] {processor.py:743} INFO - Processing file /home/airflow/.local/lib/python3.7/site-packages/airflow/example_dags/example_short_circuit_decorator.py for tasks to queue
[2022-12-22T01:39:19.445+0000] {logging_mixin.py:137} INFO - [2022-12-22T01:39:19.445+0000] {dagbag.py:538} INFO - Filling up the DagBag from /home/airflow/.local/lib/python3.7/site-packages/airflow/example_dags/example_short_circuit_decorator.py
[2022-12-22T01:39:19.487+0000] {processor.py:753} INFO - DAG(s) dict_keys(['example_short_circuit_decorator']) retrieved from /home/airflow/.local/lib/python3.7/site-packages/airflow/example_dags/example_short_circuit_decorator.py
[2022-12-22T01:39:19.526+0000] {logging_mixin.py:137} INFO - [2022-12-22T01:39:19.526+0000] {dag.py:2676} INFO - Sync 1 DAGs
[2022-12-22T01:39:19.589+0000] {logging_mixin.py:137} INFO - [2022-12-22T01:39:19.589+0000] {dag.py:3427} INFO - Setting next_dagrun for example_short_circuit_decorator to 2022-12-21T01:39:19.588989+00:00, run_after=2022-12-22T01:39:19.588989+00:00
[2022-12-22T01:39:19.613+0000] {processor.py:175} INFO - Processing /home/airflow/.local/lib/python3.7/site-packages/airflow/example_dags/example_short_circuit_decorator.py took 0.173 seconds
[2022-12-22T01:39:49.743+0000] {processor.py:153} INFO - Started process (PID=3689) to work on /home/airflow/.local/lib/python3.7/site-packages/airflow/example_dags/example_short_circuit_decorator.py
[2022-12-22T01:39:49.744+0000] {processor.py:743} INFO - Processing file /home/airflow/.local/lib/python3.7/site-packages/airflow/example_dags/example_short_circuit_decorator.py for tasks to queue
[2022-12-22T01:39:49.744+0000] {logging_mixin.py:137} INFO - [2022-12-22T01:39:49.744+0000] {dagbag.py:538} INFO - Filling up the DagBag from /home/airflow/.local/lib/python3.7/site-packages/airflow/example_dags/example_short_circuit_decorator.py
[2022-12-22T01:39:49.774+0000] {processor.py:753} INFO - DAG(s) dict_keys(['example_short_circuit_decorator']) retrieved from /home/airflow/.local/lib/python3.7/site-packages/airflow/example_dags/example_short_circuit_decorator.py
[2022-12-22T01:39:49.809+0000] {logging_mixin.py:137} INFO - [2022-12-22T01:39:49.809+0000] {dag.py:2676} INFO - Sync 1 DAGs
[2022-12-22T01:39:49.834+0000] {logging_mixin.py:137} INFO - [2022-12-22T01:39:49.834+0000] {dag.py:3427} INFO - Setting next_dagrun for example_short_circuit_decorator to 2022-12-21T01:39:49.833922+00:00, run_after=2022-12-22T01:39:49.833922+00:00
[2022-12-22T01:39:49.850+0000] {processor.py:175} INFO - Processing /home/airflow/.local/lib/python3.7/site-packages/airflow/example_dags/example_short_circuit_decorator.py took 0.110 seconds
[2022-12-22T01:40:20.394+0000] {processor.py:153} INFO - Started process (PID=3775) to work on /home/airflow/.local/lib/python3.7/site-packages/airflow/example_dags/example_short_circuit_decorator.py
[2022-12-22T01:40:20.395+0000] {processor.py:743} INFO - Processing file /home/airflow/.local/lib/python3.7/site-packages/airflow/example_dags/example_short_circuit_decorator.py for tasks to queue
[2022-12-22T01:40:20.395+0000] {logging_mixin.py:137} INFO - [2022-12-22T01:40:20.395+0000] {dagbag.py:538} INFO - Filling up the DagBag from /home/airflow/.local/lib/python3.7/site-packages/airflow/example_dags/example_short_circuit_decorator.py
[2022-12-22T01:40:20.419+0000] {processor.py:753} INFO - DAG(s) dict_keys(['example_short_circuit_decorator']) retrieved from /home/airflow/.local/lib/python3.7/site-packages/airflow/example_dags/example_short_circuit_decorator.py
[2022-12-22T01:40:20.454+0000] {logging_mixin.py:137} INFO - [2022-12-22T01:40:20.454+0000] {dag.py:2676} INFO - Sync 1 DAGs
[2022-12-22T01:40:20.479+0000] {logging_mixin.py:137} INFO - [2022-12-22T01:40:20.479+0000] {dag.py:3427} INFO - Setting next_dagrun for example_short_circuit_decorator to 2022-12-21T01:40:20.479450+00:00, run_after=2022-12-22T01:40:20.479450+00:00
[2022-12-22T01:40:20.497+0000] {processor.py:175} INFO - Processing /home/airflow/.local/lib/python3.7/site-packages/airflow/example_dags/example_short_circuit_decorator.py took 0.105 seconds
[2022-12-22T01:40:50.621+0000] {processor.py:153} INFO - Started process (PID=3885) to work on /home/airflow/.local/lib/python3.7/site-packages/airflow/example_dags/example_short_circuit_decorator.py
[2022-12-22T01:40:50.622+0000] {processor.py:743} INFO - Processing file /home/airflow/.local/lib/python3.7/site-packages/airflow/example_dags/example_short_circuit_decorator.py for tasks to queue
[2022-12-22T01:40:50.623+0000] {logging_mixin.py:137} INFO - [2022-12-22T01:40:50.623+0000] {dagbag.py:538} INFO - Filling up the DagBag from /home/airflow/.local/lib/python3.7/site-packages/airflow/example_dags/example_short_circuit_decorator.py
[2022-12-22T01:40:50.649+0000] {processor.py:753} INFO - DAG(s) dict_keys(['example_short_circuit_decorator']) retrieved from /home/airflow/.local/lib/python3.7/site-packages/airflow/example_dags/example_short_circuit_decorator.py
[2022-12-22T01:40:50.688+0000] {logging_mixin.py:137} INFO - [2022-12-22T01:40:50.688+0000] {dag.py:2676} INFO - Sync 1 DAGs
[2022-12-22T01:40:50.714+0000] {logging_mixin.py:137} INFO - [2022-12-22T01:40:50.714+0000] {dag.py:3427} INFO - Setting next_dagrun for example_short_circuit_decorator to 2022-12-21T01:40:50.714209+00:00, run_after=2022-12-22T01:40:50.714209+00:00
[2022-12-22T01:40:50.733+0000] {processor.py:175} INFO - Processing /home/airflow/.local/lib/python3.7/site-packages/airflow/example_dags/example_short_circuit_decorator.py took 0.114 seconds
[2022-12-22T01:41:21.287+0000] {processor.py:153} INFO - Started process (PID=3971) to work on /home/airflow/.local/lib/python3.7/site-packages/airflow/example_dags/example_short_circuit_decorator.py
[2022-12-22T01:41:21.288+0000] {processor.py:743} INFO - Processing file /home/airflow/.local/lib/python3.7/site-packages/airflow/example_dags/example_short_circuit_decorator.py for tasks to queue
[2022-12-22T01:41:21.288+0000] {logging_mixin.py:137} INFO - [2022-12-22T01:41:21.288+0000] {dagbag.py:538} INFO - Filling up the DagBag from /home/airflow/.local/lib/python3.7/site-packages/airflow/example_dags/example_short_circuit_decorator.py
[2022-12-22T01:41:21.314+0000] {processor.py:753} INFO - DAG(s) dict_keys(['example_short_circuit_decorator']) retrieved from /home/airflow/.local/lib/python3.7/site-packages/airflow/example_dags/example_short_circuit_decorator.py
[2022-12-22T01:41:21.353+0000] {logging_mixin.py:137} INFO - [2022-12-22T01:41:21.353+0000] {dag.py:2676} INFO - Sync 1 DAGs
[2022-12-22T01:41:21.379+0000] {logging_mixin.py:137} INFO - [2022-12-22T01:41:21.379+0000] {dag.py:3427} INFO - Setting next_dagrun for example_short_circuit_decorator to 2022-12-21T01:41:21.378866+00:00, run_after=2022-12-22T01:41:21.378866+00:00
[2022-12-22T01:41:21.398+0000] {processor.py:175} INFO - Processing /home/airflow/.local/lib/python3.7/site-packages/airflow/example_dags/example_short_circuit_decorator.py took 0.113 seconds
[2022-12-22T01:41:51.540+0000] {processor.py:153} INFO - Started process (PID=4066) to work on /home/airflow/.local/lib/python3.7/site-packages/airflow/example_dags/example_short_circuit_decorator.py
[2022-12-22T01:41:51.541+0000] {processor.py:743} INFO - Processing file /home/airflow/.local/lib/python3.7/site-packages/airflow/example_dags/example_short_circuit_decorator.py for tasks to queue
[2022-12-22T01:41:51.542+0000] {logging_mixin.py:137} INFO - [2022-12-22T01:41:51.542+0000] {dagbag.py:538} INFO - Filling up the DagBag from /home/airflow/.local/lib/python3.7/site-packages/airflow/example_dags/example_short_circuit_decorator.py
[2022-12-22T01:41:51.569+0000] {processor.py:753} INFO - DAG(s) dict_keys(['example_short_circuit_decorator']) retrieved from /home/airflow/.local/lib/python3.7/site-packages/airflow/example_dags/example_short_circuit_decorator.py
[2022-12-22T01:41:51.609+0000] {logging_mixin.py:137} INFO - [2022-12-22T01:41:51.609+0000] {dag.py:2676} INFO - Sync 1 DAGs
[2022-12-22T01:41:51.636+0000] {logging_mixin.py:137} INFO - [2022-12-22T01:41:51.636+0000] {dag.py:3427} INFO - Setting next_dagrun for example_short_circuit_decorator to 2022-12-21T01:41:51.636522+00:00, run_after=2022-12-22T01:41:51.636522+00:00
[2022-12-22T01:41:51.655+0000] {processor.py:175} INFO - Processing /home/airflow/.local/lib/python3.7/site-packages/airflow/example_dags/example_short_circuit_decorator.py took 0.117 seconds
[2022-12-22T01:42:22.190+0000] {processor.py:153} INFO - Started process (PID=4167) to work on /home/airflow/.local/lib/python3.7/site-packages/airflow/example_dags/example_short_circuit_decorator.py
[2022-12-22T01:42:22.191+0000] {processor.py:743} INFO - Processing file /home/airflow/.local/lib/python3.7/site-packages/airflow/example_dags/example_short_circuit_decorator.py for tasks to queue
[2022-12-22T01:42:22.192+0000] {logging_mixin.py:137} INFO - [2022-12-22T01:42:22.192+0000] {dagbag.py:538} INFO - Filling up the DagBag from /home/airflow/.local/lib/python3.7/site-packages/airflow/example_dags/example_short_circuit_decorator.py
[2022-12-22T01:42:22.214+0000] {processor.py:753} INFO - DAG(s) dict_keys(['example_short_circuit_decorator']) retrieved from /home/airflow/.local/lib/python3.7/site-packages/airflow/example_dags/example_short_circuit_decorator.py
[2022-12-22T01:42:22.247+0000] {logging_mixin.py:137} INFO - [2022-12-22T01:42:22.246+0000] {dag.py:2676} INFO - Sync 1 DAGs
[2022-12-22T01:42:22.271+0000] {logging_mixin.py:137} INFO - [2022-12-22T01:42:22.271+0000] {dag.py:3427} INFO - Setting next_dagrun for example_short_circuit_decorator to 2022-12-21T01:42:22.271556+00:00, run_after=2022-12-22T01:42:22.271556+00:00
[2022-12-22T01:42:22.288+0000] {processor.py:175} INFO - Processing /home/airflow/.local/lib/python3.7/site-packages/airflow/example_dags/example_short_circuit_decorator.py took 0.100 seconds
[2022-12-22T01:42:52.891+0000] {processor.py:153} INFO - Started process (PID=4253) to work on /home/airflow/.local/lib/python3.7/site-packages/airflow/example_dags/example_short_circuit_decorator.py
[2022-12-22T01:42:52.892+0000] {processor.py:743} INFO - Processing file /home/airflow/.local/lib/python3.7/site-packages/airflow/example_dags/example_short_circuit_decorator.py for tasks to queue
[2022-12-22T01:42:52.892+0000] {logging_mixin.py:137} INFO - [2022-12-22T01:42:52.892+0000] {dagbag.py:538} INFO - Filling up the DagBag from /home/airflow/.local/lib/python3.7/site-packages/airflow/example_dags/example_short_circuit_decorator.py
[2022-12-22T01:42:52.915+0000] {processor.py:753} INFO - DAG(s) dict_keys(['example_short_circuit_decorator']) retrieved from /home/airflow/.local/lib/python3.7/site-packages/airflow/example_dags/example_short_circuit_decorator.py
[2022-12-22T01:42:52.950+0000] {logging_mixin.py:137} INFO - [2022-12-22T01:42:52.950+0000] {dag.py:2676} INFO - Sync 1 DAGs
[2022-12-22T01:42:52.973+0000] {logging_mixin.py:137} INFO - [2022-12-22T01:42:52.973+0000] {dag.py:3427} INFO - Setting next_dagrun for example_short_circuit_decorator to 2022-12-21T01:42:52.973343+00:00, run_after=2022-12-22T01:42:52.973343+00:00
[2022-12-22T01:42:52.994+0000] {processor.py:175} INFO - Processing /home/airflow/.local/lib/python3.7/site-packages/airflow/example_dags/example_short_circuit_decorator.py took 0.106 seconds
[2022-12-22T01:43:23.691+0000] {processor.py:153} INFO - Started process (PID=4363) to work on /home/airflow/.local/lib/python3.7/site-packages/airflow/example_dags/example_short_circuit_decorator.py
[2022-12-22T01:43:23.692+0000] {processor.py:743} INFO - Processing file /home/airflow/.local/lib/python3.7/site-packages/airflow/example_dags/example_short_circuit_decorator.py for tasks to queue
[2022-12-22T01:43:23.693+0000] {logging_mixin.py:137} INFO - [2022-12-22T01:43:23.693+0000] {dagbag.py:538} INFO - Filling up the DagBag from /home/airflow/.local/lib/python3.7/site-packages/airflow/example_dags/example_short_circuit_decorator.py
[2022-12-22T01:43:23.721+0000] {processor.py:753} INFO - DAG(s) dict_keys(['example_short_circuit_decorator']) retrieved from /home/airflow/.local/lib/python3.7/site-packages/airflow/example_dags/example_short_circuit_decorator.py
[2022-12-22T01:43:23.760+0000] {logging_mixin.py:137} INFO - [2022-12-22T01:43:23.760+0000] {dag.py:2676} INFO - Sync 1 DAGs
[2022-12-22T01:43:23.787+0000] {logging_mixin.py:137} INFO - [2022-12-22T01:43:23.787+0000] {dag.py:3427} INFO - Setting next_dagrun for example_short_circuit_decorator to 2022-12-21T01:43:23.787013+00:00, run_after=2022-12-22T01:43:23.787013+00:00
[2022-12-22T01:43:23.808+0000] {processor.py:175} INFO - Processing /home/airflow/.local/lib/python3.7/site-packages/airflow/example_dags/example_short_circuit_decorator.py took 0.120 seconds
[2022-12-22T01:43:54.266+0000] {processor.py:153} INFO - Started process (PID=4449) to work on /home/airflow/.local/lib/python3.7/site-packages/airflow/example_dags/example_short_circuit_decorator.py
[2022-12-22T01:43:54.267+0000] {processor.py:743} INFO - Processing file /home/airflow/.local/lib/python3.7/site-packages/airflow/example_dags/example_short_circuit_decorator.py for tasks to queue
[2022-12-22T01:43:54.268+0000] {logging_mixin.py:137} INFO - [2022-12-22T01:43:54.268+0000] {dagbag.py:538} INFO - Filling up the DagBag from /home/airflow/.local/lib/python3.7/site-packages/airflow/example_dags/example_short_circuit_decorator.py
[2022-12-22T01:43:54.291+0000] {processor.py:753} INFO - DAG(s) dict_keys(['example_short_circuit_decorator']) retrieved from /home/airflow/.local/lib/python3.7/site-packages/airflow/example_dags/example_short_circuit_decorator.py
[2022-12-22T01:43:54.324+0000] {logging_mixin.py:137} INFO - [2022-12-22T01:43:54.324+0000] {dag.py:2676} INFO - Sync 1 DAGs
[2022-12-22T01:43:54.348+0000] {logging_mixin.py:137} INFO - [2022-12-22T01:43:54.348+0000] {dag.py:3427} INFO - Setting next_dagrun for example_short_circuit_decorator to 2022-12-21T01:43:54.348325+00:00, run_after=2022-12-22T01:43:54.348325+00:00
[2022-12-22T01:43:54.364+0000] {processor.py:175} INFO - Processing /home/airflow/.local/lib/python3.7/site-packages/airflow/example_dags/example_short_circuit_decorator.py took 0.101 seconds
[2022-12-22T01:44:24.620+0000] {processor.py:153} INFO - Started process (PID=4559) to work on /home/airflow/.local/lib/python3.7/site-packages/airflow/example_dags/example_short_circuit_decorator.py
[2022-12-22T01:44:24.621+0000] {processor.py:743} INFO - Processing file /home/airflow/.local/lib/python3.7/site-packages/airflow/example_dags/example_short_circuit_decorator.py for tasks to queue
[2022-12-22T01:44:24.622+0000] {logging_mixin.py:137} INFO - [2022-12-22T01:44:24.622+0000] {dagbag.py:538} INFO - Filling up the DagBag from /home/airflow/.local/lib/python3.7/site-packages/airflow/example_dags/example_short_circuit_decorator.py
[2022-12-22T01:44:24.649+0000] {processor.py:753} INFO - DAG(s) dict_keys(['example_short_circuit_decorator']) retrieved from /home/airflow/.local/lib/python3.7/site-packages/airflow/example_dags/example_short_circuit_decorator.py
[2022-12-22T01:44:24.698+0000] {logging_mixin.py:137} INFO - [2022-12-22T01:44:24.698+0000] {dag.py:2676} INFO - Sync 1 DAGs
[2022-12-22T01:44:24.736+0000] {logging_mixin.py:137} INFO - [2022-12-22T01:44:24.736+0000] {dag.py:3427} INFO - Setting next_dagrun for example_short_circuit_decorator to 2022-12-21T01:44:24.735850+00:00, run_after=2022-12-22T01:44:24.735850+00:00
[2022-12-22T01:44:24.757+0000] {processor.py:175} INFO - Processing /home/airflow/.local/lib/python3.7/site-packages/airflow/example_dags/example_short_circuit_decorator.py took 0.139 seconds
[2022-12-22T01:44:55.438+0000] {processor.py:153} INFO - Started process (PID=4645) to work on /home/airflow/.local/lib/python3.7/site-packages/airflow/example_dags/example_short_circuit_decorator.py
[2022-12-22T01:44:55.439+0000] {processor.py:743} INFO - Processing file /home/airflow/.local/lib/python3.7/site-packages/airflow/example_dags/example_short_circuit_decorator.py for tasks to queue
[2022-12-22T01:44:55.440+0000] {logging_mixin.py:137} INFO - [2022-12-22T01:44:55.440+0000] {dagbag.py:538} INFO - Filling up the DagBag from /home/airflow/.local/lib/python3.7/site-packages/airflow/example_dags/example_short_circuit_decorator.py
[2022-12-22T01:44:55.463+0000] {processor.py:753} INFO - DAG(s) dict_keys(['example_short_circuit_decorator']) retrieved from /home/airflow/.local/lib/python3.7/site-packages/airflow/example_dags/example_short_circuit_decorator.py
[2022-12-22T01:44:55.504+0000] {logging_mixin.py:137} INFO - [2022-12-22T01:44:55.504+0000] {dag.py:2676} INFO - Sync 1 DAGs
[2022-12-22T01:44:55.528+0000] {logging_mixin.py:137} INFO - [2022-12-22T01:44:55.527+0000] {dag.py:3427} INFO - Setting next_dagrun for example_short_circuit_decorator to 2022-12-21T01:44:55.527716+00:00, run_after=2022-12-22T01:44:55.527716+00:00
[2022-12-22T01:44:55.544+0000] {processor.py:175} INFO - Processing /home/airflow/.local/lib/python3.7/site-packages/airflow/example_dags/example_short_circuit_decorator.py took 0.108 seconds
[2022-12-22T01:45:26.442+0000] {processor.py:153} INFO - Started process (PID=4731) to work on /home/airflow/.local/lib/python3.7/site-packages/airflow/example_dags/example_short_circuit_decorator.py
[2022-12-22T01:45:26.443+0000] {processor.py:743} INFO - Processing file /home/airflow/.local/lib/python3.7/site-packages/airflow/example_dags/example_short_circuit_decorator.py for tasks to queue
[2022-12-22T01:45:26.444+0000] {logging_mixin.py:137} INFO - [2022-12-22T01:45:26.443+0000] {dagbag.py:538} INFO - Filling up the DagBag from /home/airflow/.local/lib/python3.7/site-packages/airflow/example_dags/example_short_circuit_decorator.py
[2022-12-22T01:45:26.491+0000] {processor.py:753} INFO - DAG(s) dict_keys(['example_short_circuit_decorator']) retrieved from /home/airflow/.local/lib/python3.7/site-packages/airflow/example_dags/example_short_circuit_decorator.py
[2022-12-22T01:45:26.525+0000] {logging_mixin.py:137} INFO - [2022-12-22T01:45:26.525+0000] {dag.py:2676} INFO - Sync 1 DAGs
[2022-12-22T01:45:26.598+0000] {logging_mixin.py:137} INFO - [2022-12-22T01:45:26.598+0000] {dag.py:3427} INFO - Setting next_dagrun for example_short_circuit_decorator to 2022-12-21T01:45:26.598353+00:00, run_after=2022-12-22T01:45:26.598353+00:00
[2022-12-22T01:45:26.620+0000] {processor.py:175} INFO - Processing /home/airflow/.local/lib/python3.7/site-packages/airflow/example_dags/example_short_circuit_decorator.py took 0.180 seconds
[2022-12-22T01:45:57.386+0000] {processor.py:153} INFO - Started process (PID=4817) to work on /home/airflow/.local/lib/python3.7/site-packages/airflow/example_dags/example_short_circuit_decorator.py
[2022-12-22T01:45:57.387+0000] {processor.py:743} INFO - Processing file /home/airflow/.local/lib/python3.7/site-packages/airflow/example_dags/example_short_circuit_decorator.py for tasks to queue
[2022-12-22T01:45:57.387+0000] {logging_mixin.py:137} INFO - [2022-12-22T01:45:57.387+0000] {dagbag.py:538} INFO - Filling up the DagBag from /home/airflow/.local/lib/python3.7/site-packages/airflow/example_dags/example_short_circuit_decorator.py
[2022-12-22T01:45:57.411+0000] {processor.py:753} INFO - DAG(s) dict_keys(['example_short_circuit_decorator']) retrieved from /home/airflow/.local/lib/python3.7/site-packages/airflow/example_dags/example_short_circuit_decorator.py
[2022-12-22T01:45:57.491+0000] {logging_mixin.py:137} INFO - [2022-12-22T01:45:57.491+0000] {dag.py:2676} INFO - Sync 1 DAGs
[2022-12-22T01:45:57.527+0000] {logging_mixin.py:137} INFO - [2022-12-22T01:45:57.527+0000] {dag.py:3427} INFO - Setting next_dagrun for example_short_circuit_decorator to 2022-12-21T01:45:57.527270+00:00, run_after=2022-12-22T01:45:57.527270+00:00
[2022-12-22T01:45:57.592+0000] {processor.py:175} INFO - Processing /home/airflow/.local/lib/python3.7/site-packages/airflow/example_dags/example_short_circuit_decorator.py took 0.209 seconds
[2022-12-22T01:46:27.735+0000] {processor.py:153} INFO - Started process (PID=4927) to work on /home/airflow/.local/lib/python3.7/site-packages/airflow/example_dags/example_short_circuit_decorator.py
[2022-12-22T01:46:27.735+0000] {processor.py:743} INFO - Processing file /home/airflow/.local/lib/python3.7/site-packages/airflow/example_dags/example_short_circuit_decorator.py for tasks to queue
[2022-12-22T01:46:27.736+0000] {logging_mixin.py:137} INFO - [2022-12-22T01:46:27.736+0000] {dagbag.py:538} INFO - Filling up the DagBag from /home/airflow/.local/lib/python3.7/site-packages/airflow/example_dags/example_short_circuit_decorator.py
[2022-12-22T01:46:27.758+0000] {processor.py:753} INFO - DAG(s) dict_keys(['example_short_circuit_decorator']) retrieved from /home/airflow/.local/lib/python3.7/site-packages/airflow/example_dags/example_short_circuit_decorator.py
[2022-12-22T01:46:27.793+0000] {logging_mixin.py:137} INFO - [2022-12-22T01:46:27.793+0000] {dag.py:2676} INFO - Sync 1 DAGs
[2022-12-22T01:46:27.822+0000] {logging_mixin.py:137} INFO - [2022-12-22T01:46:27.822+0000] {dag.py:3427} INFO - Setting next_dagrun for example_short_circuit_decorator to 2022-12-21T01:46:27.822339+00:00, run_after=2022-12-22T01:46:27.822339+00:00
[2022-12-22T01:46:27.845+0000] {processor.py:175} INFO - Processing /home/airflow/.local/lib/python3.7/site-packages/airflow/example_dags/example_short_circuit_decorator.py took 0.112 seconds
[2022-12-22T01:46:58.523+0000] {processor.py:153} INFO - Started process (PID=5013) to work on /home/airflow/.local/lib/python3.7/site-packages/airflow/example_dags/example_short_circuit_decorator.py
[2022-12-22T01:46:58.524+0000] {processor.py:743} INFO - Processing file /home/airflow/.local/lib/python3.7/site-packages/airflow/example_dags/example_short_circuit_decorator.py for tasks to queue
[2022-12-22T01:46:58.524+0000] {logging_mixin.py:137} INFO - [2022-12-22T01:46:58.524+0000] {dagbag.py:538} INFO - Filling up the DagBag from /home/airflow/.local/lib/python3.7/site-packages/airflow/example_dags/example_short_circuit_decorator.py
[2022-12-22T01:46:58.551+0000] {processor.py:753} INFO - DAG(s) dict_keys(['example_short_circuit_decorator']) retrieved from /home/airflow/.local/lib/python3.7/site-packages/airflow/example_dags/example_short_circuit_decorator.py
[2022-12-22T01:46:58.594+0000] {logging_mixin.py:137} INFO - [2022-12-22T01:46:58.594+0000] {dag.py:2676} INFO - Sync 1 DAGs
[2022-12-22T01:46:58.620+0000] {logging_mixin.py:137} INFO - [2022-12-22T01:46:58.620+0000] {dag.py:3427} INFO - Setting next_dagrun for example_short_circuit_decorator to 2022-12-21T01:46:58.620497+00:00, run_after=2022-12-22T01:46:58.620497+00:00
[2022-12-22T01:46:58.639+0000] {processor.py:175} INFO - Processing /home/airflow/.local/lib/python3.7/site-packages/airflow/example_dags/example_short_circuit_decorator.py took 0.120 seconds
[2022-12-22T01:47:29.460+0000] {processor.py:153} INFO - Started process (PID=5099) to work on /home/airflow/.local/lib/python3.7/site-packages/airflow/example_dags/example_short_circuit_decorator.py
[2022-12-22T01:47:29.461+0000] {processor.py:743} INFO - Processing file /home/airflow/.local/lib/python3.7/site-packages/airflow/example_dags/example_short_circuit_decorator.py for tasks to queue
[2022-12-22T01:47:29.461+0000] {logging_mixin.py:137} INFO - [2022-12-22T01:47:29.461+0000] {dagbag.py:538} INFO - Filling up the DagBag from /home/airflow/.local/lib/python3.7/site-packages/airflow/example_dags/example_short_circuit_decorator.py
[2022-12-22T01:47:29.486+0000] {processor.py:753} INFO - DAG(s) dict_keys(['example_short_circuit_decorator']) retrieved from /home/airflow/.local/lib/python3.7/site-packages/airflow/example_dags/example_short_circuit_decorator.py
[2022-12-22T01:47:29.524+0000] {logging_mixin.py:137} INFO - [2022-12-22T01:47:29.523+0000] {dag.py:2676} INFO - Sync 1 DAGs
[2022-12-22T01:47:29.548+0000] {logging_mixin.py:137} INFO - [2022-12-22T01:47:29.548+0000] {dag.py:3427} INFO - Setting next_dagrun for example_short_circuit_decorator to 2022-12-21T01:47:29.548428+00:00, run_after=2022-12-22T01:47:29.548428+00:00
[2022-12-22T01:47:29.569+0000] {processor.py:175} INFO - Processing /home/airflow/.local/lib/python3.7/site-packages/airflow/example_dags/example_short_circuit_decorator.py took 0.111 seconds
[2022-12-22T01:48:00.487+0000] {processor.py:153} INFO - Started process (PID=5209) to work on /home/airflow/.local/lib/python3.7/site-packages/airflow/example_dags/example_short_circuit_decorator.py
[2022-12-22T01:48:00.488+0000] {processor.py:743} INFO - Processing file /home/airflow/.local/lib/python3.7/site-packages/airflow/example_dags/example_short_circuit_decorator.py for tasks to queue
[2022-12-22T01:48:00.489+0000] {logging_mixin.py:137} INFO - [2022-12-22T01:48:00.488+0000] {dagbag.py:538} INFO - Filling up the DagBag from /home/airflow/.local/lib/python3.7/site-packages/airflow/example_dags/example_short_circuit_decorator.py
[2022-12-22T01:48:00.513+0000] {processor.py:753} INFO - DAG(s) dict_keys(['example_short_circuit_decorator']) retrieved from /home/airflow/.local/lib/python3.7/site-packages/airflow/example_dags/example_short_circuit_decorator.py
[2022-12-22T01:48:00.548+0000] {logging_mixin.py:137} INFO - [2022-12-22T01:48:00.547+0000] {dag.py:2676} INFO - Sync 1 DAGs
[2022-12-22T01:48:00.573+0000] {logging_mixin.py:137} INFO - [2022-12-22T01:48:00.573+0000] {dag.py:3427} INFO - Setting next_dagrun for example_short_circuit_decorator to 2022-12-21T01:48:00.573417+00:00, run_after=2022-12-22T01:48:00.573417+00:00
[2022-12-22T01:48:00.591+0000] {processor.py:175} INFO - Processing /home/airflow/.local/lib/python3.7/site-packages/airflow/example_dags/example_short_circuit_decorator.py took 0.106 seconds
[2022-12-22T01:48:30.751+0000] {processor.py:153} INFO - Started process (PID=5295) to work on /home/airflow/.local/lib/python3.7/site-packages/airflow/example_dags/example_short_circuit_decorator.py
[2022-12-22T01:48:30.752+0000] {processor.py:743} INFO - Processing file /home/airflow/.local/lib/python3.7/site-packages/airflow/example_dags/example_short_circuit_decorator.py for tasks to queue
[2022-12-22T01:48:30.752+0000] {logging_mixin.py:137} INFO - [2022-12-22T01:48:30.752+0000] {dagbag.py:538} INFO - Filling up the DagBag from /home/airflow/.local/lib/python3.7/site-packages/airflow/example_dags/example_short_circuit_decorator.py
[2022-12-22T01:48:30.776+0000] {processor.py:753} INFO - DAG(s) dict_keys(['example_short_circuit_decorator']) retrieved from /home/airflow/.local/lib/python3.7/site-packages/airflow/example_dags/example_short_circuit_decorator.py
[2022-12-22T01:48:30.813+0000] {logging_mixin.py:137} INFO - [2022-12-22T01:48:30.813+0000] {dag.py:2676} INFO - Sync 1 DAGs
[2022-12-22T01:48:30.837+0000] {logging_mixin.py:137} INFO - [2022-12-22T01:48:30.837+0000] {dag.py:3427} INFO - Setting next_dagrun for example_short_circuit_decorator to 2022-12-21T01:48:30.836808+00:00, run_after=2022-12-22T01:48:30.836808+00:00
[2022-12-22T01:48:30.855+0000] {processor.py:175} INFO - Processing /home/airflow/.local/lib/python3.7/site-packages/airflow/example_dags/example_short_circuit_decorator.py took 0.107 seconds
[2022-12-22T01:49:01.337+0000] {processor.py:153} INFO - Started process (PID=5405) to work on /home/airflow/.local/lib/python3.7/site-packages/airflow/example_dags/example_short_circuit_decorator.py
[2022-12-22T01:49:01.338+0000] {processor.py:743} INFO - Processing file /home/airflow/.local/lib/python3.7/site-packages/airflow/example_dags/example_short_circuit_decorator.py for tasks to queue
[2022-12-22T01:49:01.338+0000] {logging_mixin.py:137} INFO - [2022-12-22T01:49:01.338+0000] {dagbag.py:538} INFO - Filling up the DagBag from /home/airflow/.local/lib/python3.7/site-packages/airflow/example_dags/example_short_circuit_decorator.py
[2022-12-22T01:49:01.369+0000] {processor.py:753} INFO - DAG(s) dict_keys(['example_short_circuit_decorator']) retrieved from /home/airflow/.local/lib/python3.7/site-packages/airflow/example_dags/example_short_circuit_decorator.py
[2022-12-22T01:49:01.415+0000] {logging_mixin.py:137} INFO - [2022-12-22T01:49:01.414+0000] {dag.py:2676} INFO - Sync 1 DAGs
[2022-12-22T01:49:01.449+0000] {logging_mixin.py:137} INFO - [2022-12-22T01:49:01.449+0000] {dag.py:3427} INFO - Setting next_dagrun for example_short_circuit_decorator to 2022-12-21T01:49:01.448912+00:00, run_after=2022-12-22T01:49:01.448912+00:00
[2022-12-22T01:49:01.470+0000] {processor.py:175} INFO - Processing /home/airflow/.local/lib/python3.7/site-packages/airflow/example_dags/example_short_circuit_decorator.py took 0.137 seconds
[2022-12-22T01:49:31.575+0000] {processor.py:153} INFO - Started process (PID=5491) to work on /home/airflow/.local/lib/python3.7/site-packages/airflow/example_dags/example_short_circuit_decorator.py
[2022-12-22T01:49:31.576+0000] {processor.py:743} INFO - Processing file /home/airflow/.local/lib/python3.7/site-packages/airflow/example_dags/example_short_circuit_decorator.py for tasks to queue
[2022-12-22T01:49:31.577+0000] {logging_mixin.py:137} INFO - [2022-12-22T01:49:31.577+0000] {dagbag.py:538} INFO - Filling up the DagBag from /home/airflow/.local/lib/python3.7/site-packages/airflow/example_dags/example_short_circuit_decorator.py
[2022-12-22T01:49:31.607+0000] {processor.py:753} INFO - DAG(s) dict_keys(['example_short_circuit_decorator']) retrieved from /home/airflow/.local/lib/python3.7/site-packages/airflow/example_dags/example_short_circuit_decorator.py
[2022-12-22T01:49:31.649+0000] {logging_mixin.py:137} INFO - [2022-12-22T01:49:31.649+0000] {dag.py:2676} INFO - Sync 1 DAGs
[2022-12-22T01:49:31.677+0000] {logging_mixin.py:137} INFO - [2022-12-22T01:49:31.677+0000] {dag.py:3427} INFO - Setting next_dagrun for example_short_circuit_decorator to 2022-12-21T01:49:31.677369+00:00, run_after=2022-12-22T01:49:31.677369+00:00
[2022-12-22T01:49:31.699+0000] {processor.py:175} INFO - Processing /home/airflow/.local/lib/python3.7/site-packages/airflow/example_dags/example_short_circuit_decorator.py took 0.128 seconds
[2022-12-22T01:50:01.931+0000] {processor.py:153} INFO - Started process (PID=5577) to work on /home/airflow/.local/lib/python3.7/site-packages/airflow/example_dags/example_short_circuit_decorator.py
[2022-12-22T01:50:01.932+0000] {processor.py:743} INFO - Processing file /home/airflow/.local/lib/python3.7/site-packages/airflow/example_dags/example_short_circuit_decorator.py for tasks to queue
[2022-12-22T01:50:01.933+0000] {logging_mixin.py:137} INFO - [2022-12-22T01:50:01.933+0000] {dagbag.py:538} INFO - Filling up the DagBag from /home/airflow/.local/lib/python3.7/site-packages/airflow/example_dags/example_short_circuit_decorator.py
[2022-12-22T01:50:01.959+0000] {processor.py:753} INFO - DAG(s) dict_keys(['example_short_circuit_decorator']) retrieved from /home/airflow/.local/lib/python3.7/site-packages/airflow/example_dags/example_short_circuit_decorator.py
[2022-12-22T01:50:01.996+0000] {logging_mixin.py:137} INFO - [2022-12-22T01:50:01.996+0000] {dag.py:2676} INFO - Sync 1 DAGs
[2022-12-22T01:50:02.026+0000] {logging_mixin.py:137} INFO - [2022-12-22T01:50:02.025+0000] {dag.py:3427} INFO - Setting next_dagrun for example_short_circuit_decorator to 2022-12-21T01:50:02.025530+00:00, run_after=2022-12-22T01:50:02.025530+00:00
[2022-12-22T01:50:02.044+0000] {processor.py:175} INFO - Processing /home/airflow/.local/lib/python3.7/site-packages/airflow/example_dags/example_short_circuit_decorator.py took 0.116 seconds
[2022-12-22T01:50:32.690+0000] {processor.py:153} INFO - Started process (PID=5663) to work on /home/airflow/.local/lib/python3.7/site-packages/airflow/example_dags/example_short_circuit_decorator.py
[2022-12-22T01:50:32.691+0000] {processor.py:743} INFO - Processing file /home/airflow/.local/lib/python3.7/site-packages/airflow/example_dags/example_short_circuit_decorator.py for tasks to queue
[2022-12-22T01:50:32.691+0000] {logging_mixin.py:137} INFO - [2022-12-22T01:50:32.691+0000] {dagbag.py:538} INFO - Filling up the DagBag from /home/airflow/.local/lib/python3.7/site-packages/airflow/example_dags/example_short_circuit_decorator.py
[2022-12-22T01:50:32.715+0000] {processor.py:753} INFO - DAG(s) dict_keys(['example_short_circuit_decorator']) retrieved from /home/airflow/.local/lib/python3.7/site-packages/airflow/example_dags/example_short_circuit_decorator.py
[2022-12-22T01:50:32.749+0000] {logging_mixin.py:137} INFO - [2022-12-22T01:50:32.749+0000] {dag.py:2676} INFO - Sync 1 DAGs
[2022-12-22T01:50:32.772+0000] {logging_mixin.py:137} INFO - [2022-12-22T01:50:32.772+0000] {dag.py:3427} INFO - Setting next_dagrun for example_short_circuit_decorator to 2022-12-21T01:50:32.772414+00:00, run_after=2022-12-22T01:50:32.772414+00:00
[2022-12-22T01:50:32.789+0000] {processor.py:175} INFO - Processing /home/airflow/.local/lib/python3.7/site-packages/airflow/example_dags/example_short_circuit_decorator.py took 0.101 seconds
[2022-12-22T01:51:03.216+0000] {processor.py:153} INFO - Started process (PID=5773) to work on /home/airflow/.local/lib/python3.7/site-packages/airflow/example_dags/example_short_circuit_decorator.py
[2022-12-22T01:51:03.217+0000] {processor.py:743} INFO - Processing file /home/airflow/.local/lib/python3.7/site-packages/airflow/example_dags/example_short_circuit_decorator.py for tasks to queue
[2022-12-22T01:51:03.218+0000] {logging_mixin.py:137} INFO - [2022-12-22T01:51:03.217+0000] {dagbag.py:538} INFO - Filling up the DagBag from /home/airflow/.local/lib/python3.7/site-packages/airflow/example_dags/example_short_circuit_decorator.py
[2022-12-22T01:51:03.246+0000] {processor.py:753} INFO - DAG(s) dict_keys(['example_short_circuit_decorator']) retrieved from /home/airflow/.local/lib/python3.7/site-packages/airflow/example_dags/example_short_circuit_decorator.py
[2022-12-22T01:51:03.292+0000] {logging_mixin.py:137} INFO - [2022-12-22T01:51:03.292+0000] {dag.py:2676} INFO - Sync 1 DAGs
[2022-12-22T01:51:03.327+0000] {logging_mixin.py:137} INFO - [2022-12-22T01:51:03.326+0000] {dag.py:3427} INFO - Setting next_dagrun for example_short_circuit_decorator to 2022-12-21T01:51:03.326684+00:00, run_after=2022-12-22T01:51:03.326684+00:00
[2022-12-22T01:51:03.347+0000] {processor.py:175} INFO - Processing /home/airflow/.local/lib/python3.7/site-packages/airflow/example_dags/example_short_circuit_decorator.py took 0.134 seconds
