[2022-12-22T01:20:27.301+0000] {processor.py:153} INFO - Started process (PID=142) to work on /home/airflow/.local/lib/python3.7/site-packages/airflow/example_dags/example_xcomargs.py
[2022-12-22T01:20:27.301+0000] {processor.py:743} INFO - Processing file /home/airflow/.local/lib/python3.7/site-packages/airflow/example_dags/example_xcomargs.py for tasks to queue
[2022-12-22T01:20:27.302+0000] {logging_mixin.py:137} INFO - [2022-12-22T01:20:27.302+0000] {dagbag.py:538} INFO - Filling up the DagBag from /home/airflow/.local/lib/python3.7/site-packages/airflow/example_dags/example_xcomargs.py
[2022-12-22T01:20:27.392+0000] {processor.py:753} INFO - DAG(s) dict_keys(['example_xcom_args', 'example_xcom_args_with_operators']) retrieved from /home/airflow/.local/lib/python3.7/site-packages/airflow/example_dags/example_xcomargs.py
[2022-12-22T01:20:27.515+0000] {logging_mixin.py:137} INFO - [2022-12-22T01:20:27.515+0000] {dag.py:2676} INFO - Sync 2 DAGs
[2022-12-22T01:20:27.612+0000] {logging_mixin.py:137} INFO - [2022-12-22T01:20:27.611+0000] {dag.py:3427} INFO - Setting next_dagrun for example_xcom_args to None, run_after=None
[2022-12-22T01:20:27.616+0000] {logging_mixin.py:137} INFO - [2022-12-22T01:20:27.616+0000] {dag.py:3427} INFO - Setting next_dagrun for example_xcom_args_with_operators to None, run_after=None
[2022-12-22T01:20:27.692+0000] {processor.py:175} INFO - Processing /home/airflow/.local/lib/python3.7/site-packages/airflow/example_dags/example_xcomargs.py took 0.395 seconds
[2022-12-22T01:20:57.861+0000] {processor.py:153} INFO - Started process (PID=228) to work on /home/airflow/.local/lib/python3.7/site-packages/airflow/example_dags/example_xcomargs.py
[2022-12-22T01:20:57.862+0000] {processor.py:743} INFO - Processing file /home/airflow/.local/lib/python3.7/site-packages/airflow/example_dags/example_xcomargs.py for tasks to queue
[2022-12-22T01:20:57.862+0000] {logging_mixin.py:137} INFO - [2022-12-22T01:20:57.862+0000] {dagbag.py:538} INFO - Filling up the DagBag from /home/airflow/.local/lib/python3.7/site-packages/airflow/example_dags/example_xcomargs.py
[2022-12-22T01:20:57.883+0000] {processor.py:753} INFO - DAG(s) dict_keys(['example_xcom_args', 'example_xcom_args_with_operators']) retrieved from /home/airflow/.local/lib/python3.7/site-packages/airflow/example_dags/example_xcomargs.py
[2022-12-22T01:20:57.920+0000] {logging_mixin.py:137} INFO - [2022-12-22T01:20:57.920+0000] {dag.py:2676} INFO - Sync 2 DAGs
[2022-12-22T01:20:57.942+0000] {logging_mixin.py:137} INFO - [2022-12-22T01:20:57.942+0000] {dag.py:3427} INFO - Setting next_dagrun for example_xcom_args to None, run_after=None
[2022-12-22T01:20:57.945+0000] {logging_mixin.py:137} INFO - [2022-12-22T01:20:57.945+0000] {dag.py:3427} INFO - Setting next_dagrun for example_xcom_args_with_operators to None, run_after=None
[2022-12-22T01:20:57.960+0000] {processor.py:175} INFO - Processing /home/airflow/.local/lib/python3.7/site-packages/airflow/example_dags/example_xcomargs.py took 0.101 seconds
[2022-12-22T01:21:28.031+0000] {processor.py:153} INFO - Started process (PID=314) to work on /home/airflow/.local/lib/python3.7/site-packages/airflow/example_dags/example_xcomargs.py
[2022-12-22T01:21:28.032+0000] {processor.py:743} INFO - Processing file /home/airflow/.local/lib/python3.7/site-packages/airflow/example_dags/example_xcomargs.py for tasks to queue
[2022-12-22T01:21:28.032+0000] {logging_mixin.py:137} INFO - [2022-12-22T01:21:28.032+0000] {dagbag.py:538} INFO - Filling up the DagBag from /home/airflow/.local/lib/python3.7/site-packages/airflow/example_dags/example_xcomargs.py
[2022-12-22T01:21:28.054+0000] {processor.py:753} INFO - DAG(s) dict_keys(['example_xcom_args', 'example_xcom_args_with_operators']) retrieved from /home/airflow/.local/lib/python3.7/site-packages/airflow/example_dags/example_xcomargs.py
[2022-12-22T01:21:28.092+0000] {logging_mixin.py:137} INFO - [2022-12-22T01:21:28.092+0000] {dag.py:2676} INFO - Sync 2 DAGs
[2022-12-22T01:21:28.119+0000] {logging_mixin.py:137} INFO - [2022-12-22T01:21:28.119+0000] {dag.py:3427} INFO - Setting next_dagrun for example_xcom_args to None, run_after=None
[2022-12-22T01:21:28.122+0000] {logging_mixin.py:137} INFO - [2022-12-22T01:21:28.122+0000] {dag.py:3427} INFO - Setting next_dagrun for example_xcom_args_with_operators to None, run_after=None
[2022-12-22T01:21:28.138+0000] {processor.py:175} INFO - Processing /home/airflow/.local/lib/python3.7/site-packages/airflow/example_dags/example_xcomargs.py took 0.110 seconds
[2022-12-22T01:21:58.519+0000] {processor.py:153} INFO - Started process (PID=424) to work on /home/airflow/.local/lib/python3.7/site-packages/airflow/example_dags/example_xcomargs.py
[2022-12-22T01:21:58.520+0000] {processor.py:743} INFO - Processing file /home/airflow/.local/lib/python3.7/site-packages/airflow/example_dags/example_xcomargs.py for tasks to queue
[2022-12-22T01:21:58.520+0000] {logging_mixin.py:137} INFO - [2022-12-22T01:21:58.520+0000] {dagbag.py:538} INFO - Filling up the DagBag from /home/airflow/.local/lib/python3.7/site-packages/airflow/example_dags/example_xcomargs.py
[2022-12-22T01:21:58.542+0000] {processor.py:753} INFO - DAG(s) dict_keys(['example_xcom_args', 'example_xcom_args_with_operators']) retrieved from /home/airflow/.local/lib/python3.7/site-packages/airflow/example_dags/example_xcomargs.py
[2022-12-22T01:21:58.579+0000] {logging_mixin.py:137} INFO - [2022-12-22T01:21:58.579+0000] {dag.py:2676} INFO - Sync 2 DAGs
[2022-12-22T01:21:58.602+0000] {logging_mixin.py:137} INFO - [2022-12-22T01:21:58.602+0000] {dag.py:3427} INFO - Setting next_dagrun for example_xcom_args to None, run_after=None
[2022-12-22T01:21:58.605+0000] {logging_mixin.py:137} INFO - [2022-12-22T01:21:58.605+0000] {dag.py:3427} INFO - Setting next_dagrun for example_xcom_args_with_operators to None, run_after=None
[2022-12-22T01:21:58.619+0000] {processor.py:175} INFO - Processing /home/airflow/.local/lib/python3.7/site-packages/airflow/example_dags/example_xcomargs.py took 0.102 seconds
[2022-12-22T01:22:28.763+0000] {processor.py:153} INFO - Started process (PID=510) to work on /home/airflow/.local/lib/python3.7/site-packages/airflow/example_dags/example_xcomargs.py
[2022-12-22T01:22:28.764+0000] {processor.py:743} INFO - Processing file /home/airflow/.local/lib/python3.7/site-packages/airflow/example_dags/example_xcomargs.py for tasks to queue
[2022-12-22T01:22:28.764+0000] {logging_mixin.py:137} INFO - [2022-12-22T01:22:28.764+0000] {dagbag.py:538} INFO - Filling up the DagBag from /home/airflow/.local/lib/python3.7/site-packages/airflow/example_dags/example_xcomargs.py
[2022-12-22T01:22:28.785+0000] {processor.py:753} INFO - DAG(s) dict_keys(['example_xcom_args', 'example_xcom_args_with_operators']) retrieved from /home/airflow/.local/lib/python3.7/site-packages/airflow/example_dags/example_xcomargs.py
[2022-12-22T01:22:28.820+0000] {logging_mixin.py:137} INFO - [2022-12-22T01:22:28.819+0000] {dag.py:2676} INFO - Sync 2 DAGs
[2022-12-22T01:22:28.842+0000] {logging_mixin.py:137} INFO - [2022-12-22T01:22:28.842+0000] {dag.py:3427} INFO - Setting next_dagrun for example_xcom_args to None, run_after=None
[2022-12-22T01:22:28.845+0000] {logging_mixin.py:137} INFO - [2022-12-22T01:22:28.845+0000] {dag.py:3427} INFO - Setting next_dagrun for example_xcom_args_with_operators to None, run_after=None
[2022-12-22T01:22:28.859+0000] {processor.py:175} INFO - Processing /home/airflow/.local/lib/python3.7/site-packages/airflow/example_dags/example_xcomargs.py took 0.099 seconds
[2022-12-22T01:22:59.196+0000] {processor.py:153} INFO - Started process (PID=620) to work on /home/airflow/.local/lib/python3.7/site-packages/airflow/example_dags/example_xcomargs.py
[2022-12-22T01:22:59.197+0000] {processor.py:743} INFO - Processing file /home/airflow/.local/lib/python3.7/site-packages/airflow/example_dags/example_xcomargs.py for tasks to queue
[2022-12-22T01:22:59.197+0000] {logging_mixin.py:137} INFO - [2022-12-22T01:22:59.197+0000] {dagbag.py:538} INFO - Filling up the DagBag from /home/airflow/.local/lib/python3.7/site-packages/airflow/example_dags/example_xcomargs.py
[2022-12-22T01:22:59.220+0000] {processor.py:753} INFO - DAG(s) dict_keys(['example_xcom_args_with_operators', 'example_xcom_args']) retrieved from /home/airflow/.local/lib/python3.7/site-packages/airflow/example_dags/example_xcomargs.py
[2022-12-22T01:22:59.260+0000] {logging_mixin.py:137} INFO - [2022-12-22T01:22:59.260+0000] {dag.py:2676} INFO - Sync 2 DAGs
[2022-12-22T01:22:59.290+0000] {logging_mixin.py:137} INFO - [2022-12-22T01:22:59.290+0000] {dag.py:3427} INFO - Setting next_dagrun for example_xcom_args to None, run_after=None
[2022-12-22T01:22:59.293+0000] {logging_mixin.py:137} INFO - [2022-12-22T01:22:59.293+0000] {dag.py:3427} INFO - Setting next_dagrun for example_xcom_args_with_operators to None, run_after=None
[2022-12-22T01:22:59.310+0000] {processor.py:175} INFO - Processing /home/airflow/.local/lib/python3.7/site-packages/airflow/example_dags/example_xcomargs.py took 0.116 seconds
[2022-12-22T01:23:29.353+0000] {processor.py:153} INFO - Started process (PID=706) to work on /home/airflow/.local/lib/python3.7/site-packages/airflow/example_dags/example_xcomargs.py
[2022-12-22T01:23:29.354+0000] {processor.py:743} INFO - Processing file /home/airflow/.local/lib/python3.7/site-packages/airflow/example_dags/example_xcomargs.py for tasks to queue
[2022-12-22T01:23:29.355+0000] {logging_mixin.py:137} INFO - [2022-12-22T01:23:29.355+0000] {dagbag.py:538} INFO - Filling up the DagBag from /home/airflow/.local/lib/python3.7/site-packages/airflow/example_dags/example_xcomargs.py
[2022-12-22T01:23:29.378+0000] {processor.py:753} INFO - DAG(s) dict_keys(['example_xcom_args', 'example_xcom_args_with_operators']) retrieved from /home/airflow/.local/lib/python3.7/site-packages/airflow/example_dags/example_xcomargs.py
[2022-12-22T01:23:29.417+0000] {logging_mixin.py:137} INFO - [2022-12-22T01:23:29.417+0000] {dag.py:2676} INFO - Sync 2 DAGs
[2022-12-22T01:23:29.443+0000] {logging_mixin.py:137} INFO - [2022-12-22T01:23:29.442+0000] {dag.py:3427} INFO - Setting next_dagrun for example_xcom_args to None, run_after=None
[2022-12-22T01:23:29.446+0000] {logging_mixin.py:137} INFO - [2022-12-22T01:23:29.446+0000] {dag.py:3427} INFO - Setting next_dagrun for example_xcom_args_with_operators to None, run_after=None
[2022-12-22T01:23:29.460+0000] {processor.py:175} INFO - Processing /home/airflow/.local/lib/python3.7/site-packages/airflow/example_dags/example_xcomargs.py took 0.109 seconds
[2022-12-22T01:23:59.709+0000] {processor.py:153} INFO - Started process (PID=792) to work on /home/airflow/.local/lib/python3.7/site-packages/airflow/example_dags/example_xcomargs.py
[2022-12-22T01:23:59.710+0000] {processor.py:743} INFO - Processing file /home/airflow/.local/lib/python3.7/site-packages/airflow/example_dags/example_xcomargs.py for tasks to queue
[2022-12-22T01:23:59.711+0000] {logging_mixin.py:137} INFO - [2022-12-22T01:23:59.711+0000] {dagbag.py:538} INFO - Filling up the DagBag from /home/airflow/.local/lib/python3.7/site-packages/airflow/example_dags/example_xcomargs.py
[2022-12-22T01:23:59.744+0000] {processor.py:753} INFO - DAG(s) dict_keys(['example_xcom_args_with_operators', 'example_xcom_args']) retrieved from /home/airflow/.local/lib/python3.7/site-packages/airflow/example_dags/example_xcomargs.py
[2022-12-22T01:23:59.798+0000] {logging_mixin.py:137} INFO - [2022-12-22T01:23:59.797+0000] {dag.py:2676} INFO - Sync 2 DAGs
[2022-12-22T01:23:59.830+0000] {logging_mixin.py:137} INFO - [2022-12-22T01:23:59.830+0000] {dag.py:3427} INFO - Setting next_dagrun for example_xcom_args to None, run_after=None
[2022-12-22T01:23:59.834+0000] {logging_mixin.py:137} INFO - [2022-12-22T01:23:59.834+0000] {dag.py:3427} INFO - Setting next_dagrun for example_xcom_args_with_operators to None, run_after=None
[2022-12-22T01:23:59.853+0000] {processor.py:175} INFO - Processing /home/airflow/.local/lib/python3.7/site-packages/airflow/example_dags/example_xcomargs.py took 0.147 seconds
[2022-12-22T01:24:30.202+0000] {processor.py:153} INFO - Started process (PID=902) to work on /home/airflow/.local/lib/python3.7/site-packages/airflow/example_dags/example_xcomargs.py
[2022-12-22T01:24:30.203+0000] {processor.py:743} INFO - Processing file /home/airflow/.local/lib/python3.7/site-packages/airflow/example_dags/example_xcomargs.py for tasks to queue
[2022-12-22T01:24:30.204+0000] {logging_mixin.py:137} INFO - [2022-12-22T01:24:30.204+0000] {dagbag.py:538} INFO - Filling up the DagBag from /home/airflow/.local/lib/python3.7/site-packages/airflow/example_dags/example_xcomargs.py
[2022-12-22T01:24:30.234+0000] {processor.py:753} INFO - DAG(s) dict_keys(['example_xcom_args', 'example_xcom_args_with_operators']) retrieved from /home/airflow/.local/lib/python3.7/site-packages/airflow/example_dags/example_xcomargs.py
[2022-12-22T01:24:30.275+0000] {logging_mixin.py:137} INFO - [2022-12-22T01:24:30.275+0000] {dag.py:2676} INFO - Sync 2 DAGs
[2022-12-22T01:24:30.302+0000] {logging_mixin.py:137} INFO - [2022-12-22T01:24:30.301+0000] {dag.py:3427} INFO - Setting next_dagrun for example_xcom_args to None, run_after=None
[2022-12-22T01:24:30.305+0000] {logging_mixin.py:137} INFO - [2022-12-22T01:24:30.305+0000] {dag.py:3427} INFO - Setting next_dagrun for example_xcom_args_with_operators to None, run_after=None
[2022-12-22T01:24:30.324+0000] {processor.py:175} INFO - Processing /home/airflow/.local/lib/python3.7/site-packages/airflow/example_dags/example_xcomargs.py took 0.125 seconds
[2022-12-22T01:25:00.721+0000] {processor.py:153} INFO - Started process (PID=988) to work on /home/airflow/.local/lib/python3.7/site-packages/airflow/example_dags/example_xcomargs.py
[2022-12-22T01:25:00.722+0000] {processor.py:743} INFO - Processing file /home/airflow/.local/lib/python3.7/site-packages/airflow/example_dags/example_xcomargs.py for tasks to queue
[2022-12-22T01:25:00.722+0000] {logging_mixin.py:137} INFO - [2022-12-22T01:25:00.722+0000] {dagbag.py:538} INFO - Filling up the DagBag from /home/airflow/.local/lib/python3.7/site-packages/airflow/example_dags/example_xcomargs.py
[2022-12-22T01:25:00.743+0000] {processor.py:753} INFO - DAG(s) dict_keys(['example_xcom_args_with_operators', 'example_xcom_args']) retrieved from /home/airflow/.local/lib/python3.7/site-packages/airflow/example_dags/example_xcomargs.py
[2022-12-22T01:25:00.780+0000] {logging_mixin.py:137} INFO - [2022-12-22T01:25:00.780+0000] {dag.py:2676} INFO - Sync 2 DAGs
[2022-12-22T01:25:00.802+0000] {logging_mixin.py:137} INFO - [2022-12-22T01:25:00.802+0000] {dag.py:3427} INFO - Setting next_dagrun for example_xcom_args to None, run_after=None
[2022-12-22T01:25:00.805+0000] {logging_mixin.py:137} INFO - [2022-12-22T01:25:00.805+0000] {dag.py:3427} INFO - Setting next_dagrun for example_xcom_args_with_operators to None, run_after=None
[2022-12-22T01:25:00.819+0000] {processor.py:175} INFO - Processing /home/airflow/.local/lib/python3.7/site-packages/airflow/example_dags/example_xcomargs.py took 0.100 seconds
[2022-12-22T01:25:31.652+0000] {processor.py:153} INFO - Started process (PID=1083) to work on /home/airflow/.local/lib/python3.7/site-packages/airflow/example_dags/example_xcomargs.py
[2022-12-22T01:25:31.652+0000] {processor.py:743} INFO - Processing file /home/airflow/.local/lib/python3.7/site-packages/airflow/example_dags/example_xcomargs.py for tasks to queue
[2022-12-22T01:25:31.653+0000] {logging_mixin.py:137} INFO - [2022-12-22T01:25:31.653+0000] {dagbag.py:538} INFO - Filling up the DagBag from /home/airflow/.local/lib/python3.7/site-packages/airflow/example_dags/example_xcomargs.py
[2022-12-22T01:25:31.676+0000] {processor.py:753} INFO - DAG(s) dict_keys(['example_xcom_args', 'example_xcom_args_with_operators']) retrieved from /home/airflow/.local/lib/python3.7/site-packages/airflow/example_dags/example_xcomargs.py
[2022-12-22T01:25:31.716+0000] {logging_mixin.py:137} INFO - [2022-12-22T01:25:31.716+0000] {dag.py:2676} INFO - Sync 2 DAGs
[2022-12-22T01:25:31.742+0000] {logging_mixin.py:137} INFO - [2022-12-22T01:25:31.742+0000] {dag.py:3427} INFO - Setting next_dagrun for example_xcom_args to None, run_after=None
[2022-12-22T01:25:31.745+0000] {logging_mixin.py:137} INFO - [2022-12-22T01:25:31.745+0000] {dag.py:3427} INFO - Setting next_dagrun for example_xcom_args_with_operators to None, run_after=None
[2022-12-22T01:25:31.759+0000] {processor.py:175} INFO - Processing /home/airflow/.local/lib/python3.7/site-packages/airflow/example_dags/example_xcomargs.py took 0.111 seconds
[2022-12-22T01:26:02.043+0000] {processor.py:153} INFO - Started process (PID=1184) to work on /home/airflow/.local/lib/python3.7/site-packages/airflow/example_dags/example_xcomargs.py
[2022-12-22T01:26:02.044+0000] {processor.py:743} INFO - Processing file /home/airflow/.local/lib/python3.7/site-packages/airflow/example_dags/example_xcomargs.py for tasks to queue
[2022-12-22T01:26:02.044+0000] {logging_mixin.py:137} INFO - [2022-12-22T01:26:02.044+0000] {dagbag.py:538} INFO - Filling up the DagBag from /home/airflow/.local/lib/python3.7/site-packages/airflow/example_dags/example_xcomargs.py
[2022-12-22T01:26:02.064+0000] {processor.py:753} INFO - DAG(s) dict_keys(['example_xcom_args', 'example_xcom_args_with_operators']) retrieved from /home/airflow/.local/lib/python3.7/site-packages/airflow/example_dags/example_xcomargs.py
[2022-12-22T01:26:02.100+0000] {logging_mixin.py:137} INFO - [2022-12-22T01:26:02.099+0000] {dag.py:2676} INFO - Sync 2 DAGs
[2022-12-22T01:26:02.122+0000] {logging_mixin.py:137} INFO - [2022-12-22T01:26:02.122+0000] {dag.py:3427} INFO - Setting next_dagrun for example_xcom_args to None, run_after=None
[2022-12-22T01:26:02.125+0000] {logging_mixin.py:137} INFO - [2022-12-22T01:26:02.125+0000] {dag.py:3427} INFO - Setting next_dagrun for example_xcom_args_with_operators to None, run_after=None
[2022-12-22T01:26:02.139+0000] {processor.py:175} INFO - Processing /home/airflow/.local/lib/python3.7/site-packages/airflow/example_dags/example_xcomargs.py took 0.099 seconds
[2022-12-22T01:26:33.340+0000] {processor.py:153} INFO - Started process (PID=1269) to work on /home/airflow/.local/lib/python3.7/site-packages/airflow/example_dags/example_xcomargs.py
[2022-12-22T01:26:33.341+0000] {processor.py:743} INFO - Processing file /home/airflow/.local/lib/python3.7/site-packages/airflow/example_dags/example_xcomargs.py for tasks to queue
[2022-12-22T01:26:33.341+0000] {logging_mixin.py:137} INFO - [2022-12-22T01:26:33.341+0000] {dagbag.py:538} INFO - Filling up the DagBag from /home/airflow/.local/lib/python3.7/site-packages/airflow/example_dags/example_xcomargs.py
[2022-12-22T01:26:33.419+0000] {processor.py:753} INFO - DAG(s) dict_keys(['example_xcom_args', 'example_xcom_args_with_operators']) retrieved from /home/airflow/.local/lib/python3.7/site-packages/airflow/example_dags/example_xcomargs.py
[2022-12-22T01:26:33.515+0000] {logging_mixin.py:137} INFO - [2022-12-22T01:26:33.515+0000] {dag.py:2676} INFO - Sync 2 DAGs
[2022-12-22T01:26:33.542+0000] {logging_mixin.py:137} INFO - [2022-12-22T01:26:33.542+0000] {dag.py:3427} INFO - Setting next_dagrun for example_xcom_args to None, run_after=None
[2022-12-22T01:26:33.545+0000] {logging_mixin.py:137} INFO - [2022-12-22T01:26:33.545+0000] {dag.py:3427} INFO - Setting next_dagrun for example_xcom_args_with_operators to None, run_after=None
[2022-12-22T01:26:33.599+0000] {processor.py:175} INFO - Processing /home/airflow/.local/lib/python3.7/site-packages/airflow/example_dags/example_xcomargs.py took 0.262 seconds
[2022-12-22T01:27:03.667+0000] {processor.py:153} INFO - Started process (PID=1364) to work on /home/airflow/.local/lib/python3.7/site-packages/airflow/example_dags/example_xcomargs.py
[2022-12-22T01:27:03.668+0000] {processor.py:743} INFO - Processing file /home/airflow/.local/lib/python3.7/site-packages/airflow/example_dags/example_xcomargs.py for tasks to queue
[2022-12-22T01:27:03.669+0000] {logging_mixin.py:137} INFO - [2022-12-22T01:27:03.668+0000] {dagbag.py:538} INFO - Filling up the DagBag from /home/airflow/.local/lib/python3.7/site-packages/airflow/example_dags/example_xcomargs.py
[2022-12-22T01:27:03.705+0000] {processor.py:753} INFO - DAG(s) dict_keys(['example_xcom_args_with_operators', 'example_xcom_args']) retrieved from /home/airflow/.local/lib/python3.7/site-packages/airflow/example_dags/example_xcomargs.py
[2022-12-22T01:27:03.749+0000] {logging_mixin.py:137} INFO - [2022-12-22T01:27:03.749+0000] {dag.py:2676} INFO - Sync 2 DAGs
[2022-12-22T01:27:03.774+0000] {logging_mixin.py:137} INFO - [2022-12-22T01:27:03.774+0000] {dag.py:3427} INFO - Setting next_dagrun for example_xcom_args to None, run_after=None
[2022-12-22T01:27:03.777+0000] {logging_mixin.py:137} INFO - [2022-12-22T01:27:03.777+0000] {dag.py:3427} INFO - Setting next_dagrun for example_xcom_args_with_operators to None, run_after=None
[2022-12-22T01:27:03.792+0000] {processor.py:175} INFO - Processing /home/airflow/.local/lib/python3.7/site-packages/airflow/example_dags/example_xcomargs.py took 0.128 seconds
[2022-12-22T01:27:34.369+0000] {processor.py:153} INFO - Started process (PID=1465) to work on /home/airflow/.local/lib/python3.7/site-packages/airflow/example_dags/example_xcomargs.py
[2022-12-22T01:27:34.370+0000] {processor.py:743} INFO - Processing file /home/airflow/.local/lib/python3.7/site-packages/airflow/example_dags/example_xcomargs.py for tasks to queue
[2022-12-22T01:27:34.371+0000] {logging_mixin.py:137} INFO - [2022-12-22T01:27:34.371+0000] {dagbag.py:538} INFO - Filling up the DagBag from /home/airflow/.local/lib/python3.7/site-packages/airflow/example_dags/example_xcomargs.py
[2022-12-22T01:27:34.397+0000] {processor.py:753} INFO - DAG(s) dict_keys(['example_xcom_args_with_operators', 'example_xcom_args']) retrieved from /home/airflow/.local/lib/python3.7/site-packages/airflow/example_dags/example_xcomargs.py
[2022-12-22T01:27:34.441+0000] {logging_mixin.py:137} INFO - [2022-12-22T01:27:34.441+0000] {dag.py:2676} INFO - Sync 2 DAGs
[2022-12-22T01:27:34.466+0000] {logging_mixin.py:137} INFO - [2022-12-22T01:27:34.466+0000] {dag.py:3427} INFO - Setting next_dagrun for example_xcom_args to None, run_after=None
[2022-12-22T01:27:34.469+0000] {logging_mixin.py:137} INFO - [2022-12-22T01:27:34.469+0000] {dag.py:3427} INFO - Setting next_dagrun for example_xcom_args_with_operators to None, run_after=None
[2022-12-22T01:27:34.483+0000] {processor.py:175} INFO - Processing /home/airflow/.local/lib/python3.7/site-packages/airflow/example_dags/example_xcomargs.py took 0.117 seconds
[2022-12-22T01:28:04.678+0000] {processor.py:153} INFO - Started process (PID=1551) to work on /home/airflow/.local/lib/python3.7/site-packages/airflow/example_dags/example_xcomargs.py
[2022-12-22T01:28:04.679+0000] {processor.py:743} INFO - Processing file /home/airflow/.local/lib/python3.7/site-packages/airflow/example_dags/example_xcomargs.py for tasks to queue
[2022-12-22T01:28:04.680+0000] {logging_mixin.py:137} INFO - [2022-12-22T01:28:04.680+0000] {dagbag.py:538} INFO - Filling up the DagBag from /home/airflow/.local/lib/python3.7/site-packages/airflow/example_dags/example_xcomargs.py
[2022-12-22T01:28:04.702+0000] {processor.py:753} INFO - DAG(s) dict_keys(['example_xcom_args_with_operators', 'example_xcom_args']) retrieved from /home/airflow/.local/lib/python3.7/site-packages/airflow/example_dags/example_xcomargs.py
[2022-12-22T01:28:04.740+0000] {logging_mixin.py:137} INFO - [2022-12-22T01:28:04.740+0000] {dag.py:2676} INFO - Sync 2 DAGs
[2022-12-22T01:28:04.764+0000] {logging_mixin.py:137} INFO - [2022-12-22T01:28:04.764+0000] {dag.py:3427} INFO - Setting next_dagrun for example_xcom_args to None, run_after=None
[2022-12-22T01:28:04.767+0000] {logging_mixin.py:137} INFO - [2022-12-22T01:28:04.767+0000] {dag.py:3427} INFO - Setting next_dagrun for example_xcom_args_with_operators to None, run_after=None
[2022-12-22T01:28:04.782+0000] {processor.py:175} INFO - Processing /home/airflow/.local/lib/python3.7/site-packages/airflow/example_dags/example_xcomargs.py took 0.106 seconds
[2022-12-22T01:28:35.133+0000] {processor.py:153} INFO - Started process (PID=1661) to work on /home/airflow/.local/lib/python3.7/site-packages/airflow/example_dags/example_xcomargs.py
[2022-12-22T01:28:35.134+0000] {processor.py:743} INFO - Processing file /home/airflow/.local/lib/python3.7/site-packages/airflow/example_dags/example_xcomargs.py for tasks to queue
[2022-12-22T01:28:35.135+0000] {logging_mixin.py:137} INFO - [2022-12-22T01:28:35.135+0000] {dagbag.py:538} INFO - Filling up the DagBag from /home/airflow/.local/lib/python3.7/site-packages/airflow/example_dags/example_xcomargs.py
[2022-12-22T01:28:35.160+0000] {processor.py:753} INFO - DAG(s) dict_keys(['example_xcom_args', 'example_xcom_args_with_operators']) retrieved from /home/airflow/.local/lib/python3.7/site-packages/airflow/example_dags/example_xcomargs.py
[2022-12-22T01:28:35.200+0000] {logging_mixin.py:137} INFO - [2022-12-22T01:28:35.200+0000] {dag.py:2676} INFO - Sync 2 DAGs
[2022-12-22T01:28:35.224+0000] {logging_mixin.py:137} INFO - [2022-12-22T01:28:35.224+0000] {dag.py:3427} INFO - Setting next_dagrun for example_xcom_args to None, run_after=None
[2022-12-22T01:28:35.228+0000] {logging_mixin.py:137} INFO - [2022-12-22T01:28:35.227+0000] {dag.py:3427} INFO - Setting next_dagrun for example_xcom_args_with_operators to None, run_after=None
[2022-12-22T01:28:35.243+0000] {processor.py:175} INFO - Processing /home/airflow/.local/lib/python3.7/site-packages/airflow/example_dags/example_xcomargs.py took 0.112 seconds
[2022-12-22T01:29:05.457+0000] {processor.py:153} INFO - Started process (PID=1747) to work on /home/airflow/.local/lib/python3.7/site-packages/airflow/example_dags/example_xcomargs.py
[2022-12-22T01:29:05.458+0000] {processor.py:743} INFO - Processing file /home/airflow/.local/lib/python3.7/site-packages/airflow/example_dags/example_xcomargs.py for tasks to queue
[2022-12-22T01:29:05.458+0000] {logging_mixin.py:137} INFO - [2022-12-22T01:29:05.458+0000] {dagbag.py:538} INFO - Filling up the DagBag from /home/airflow/.local/lib/python3.7/site-packages/airflow/example_dags/example_xcomargs.py
[2022-12-22T01:29:05.480+0000] {processor.py:753} INFO - DAG(s) dict_keys(['example_xcom_args_with_operators', 'example_xcom_args']) retrieved from /home/airflow/.local/lib/python3.7/site-packages/airflow/example_dags/example_xcomargs.py
[2022-12-22T01:29:05.516+0000] {logging_mixin.py:137} INFO - [2022-12-22T01:29:05.516+0000] {dag.py:2676} INFO - Sync 2 DAGs
[2022-12-22T01:29:05.539+0000] {logging_mixin.py:137} INFO - [2022-12-22T01:29:05.539+0000] {dag.py:3427} INFO - Setting next_dagrun for example_xcom_args to None, run_after=None
[2022-12-22T01:29:05.543+0000] {logging_mixin.py:137} INFO - [2022-12-22T01:29:05.543+0000] {dag.py:3427} INFO - Setting next_dagrun for example_xcom_args_with_operators to None, run_after=None
[2022-12-22T01:29:05.557+0000] {processor.py:175} INFO - Processing /home/airflow/.local/lib/python3.7/site-packages/airflow/example_dags/example_xcomargs.py took 0.102 seconds
[2022-12-22T01:29:35.867+0000] {processor.py:153} INFO - Started process (PID=1841) to work on /home/airflow/.local/lib/python3.7/site-packages/airflow/example_dags/example_xcomargs.py
[2022-12-22T01:29:35.868+0000] {processor.py:743} INFO - Processing file /home/airflow/.local/lib/python3.7/site-packages/airflow/example_dags/example_xcomargs.py for tasks to queue
[2022-12-22T01:29:35.868+0000] {logging_mixin.py:137} INFO - [2022-12-22T01:29:35.868+0000] {dagbag.py:538} INFO - Filling up the DagBag from /home/airflow/.local/lib/python3.7/site-packages/airflow/example_dags/example_xcomargs.py
[2022-12-22T01:29:35.895+0000] {processor.py:753} INFO - DAG(s) dict_keys(['example_xcom_args', 'example_xcom_args_with_operators']) retrieved from /home/airflow/.local/lib/python3.7/site-packages/airflow/example_dags/example_xcomargs.py
[2022-12-22T01:29:35.941+0000] {logging_mixin.py:137} INFO - [2022-12-22T01:29:35.941+0000] {dag.py:2676} INFO - Sync 2 DAGs
[2022-12-22T01:29:35.967+0000] {logging_mixin.py:137} INFO - [2022-12-22T01:29:35.967+0000] {dag.py:3427} INFO - Setting next_dagrun for example_xcom_args to None, run_after=None
[2022-12-22T01:29:35.971+0000] {logging_mixin.py:137} INFO - [2022-12-22T01:29:35.971+0000] {dag.py:3427} INFO - Setting next_dagrun for example_xcom_args_with_operators to None, run_after=None
[2022-12-22T01:29:35.985+0000] {processor.py:175} INFO - Processing /home/airflow/.local/lib/python3.7/site-packages/airflow/example_dags/example_xcomargs.py took 0.121 seconds
[2022-12-22T01:30:06.801+0000] {processor.py:153} INFO - Started process (PID=1929) to work on /home/airflow/.local/lib/python3.7/site-packages/airflow/example_dags/example_xcomargs.py
[2022-12-22T01:30:06.801+0000] {processor.py:743} INFO - Processing file /home/airflow/.local/lib/python3.7/site-packages/airflow/example_dags/example_xcomargs.py for tasks to queue
[2022-12-22T01:30:06.802+0000] {logging_mixin.py:137} INFO - [2022-12-22T01:30:06.802+0000] {dagbag.py:538} INFO - Filling up the DagBag from /home/airflow/.local/lib/python3.7/site-packages/airflow/example_dags/example_xcomargs.py
[2022-12-22T01:30:06.827+0000] {processor.py:753} INFO - DAG(s) dict_keys(['example_xcom_args_with_operators', 'example_xcom_args']) retrieved from /home/airflow/.local/lib/python3.7/site-packages/airflow/example_dags/example_xcomargs.py
[2022-12-22T01:30:07.003+0000] {logging_mixin.py:137} INFO - [2022-12-22T01:30:07.003+0000] {dag.py:2676} INFO - Sync 2 DAGs
[2022-12-22T01:30:07.029+0000] {logging_mixin.py:137} INFO - [2022-12-22T01:30:07.029+0000] {dag.py:3427} INFO - Setting next_dagrun for example_xcom_args to None, run_after=None
[2022-12-22T01:30:07.033+0000] {logging_mixin.py:137} INFO - [2022-12-22T01:30:07.032+0000] {dag.py:3427} INFO - Setting next_dagrun for example_xcom_args_with_operators to None, run_after=None
[2022-12-22T01:30:07.048+0000] {processor.py:175} INFO - Processing /home/airflow/.local/lib/python3.7/site-packages/airflow/example_dags/example_xcomargs.py took 0.250 seconds
[2022-12-22T01:30:37.363+0000] {processor.py:153} INFO - Started process (PID=2031) to work on /home/airflow/.local/lib/python3.7/site-packages/airflow/example_dags/example_xcomargs.py
[2022-12-22T01:30:37.364+0000] {processor.py:743} INFO - Processing file /home/airflow/.local/lib/python3.7/site-packages/airflow/example_dags/example_xcomargs.py for tasks to queue
[2022-12-22T01:30:37.364+0000] {logging_mixin.py:137} INFO - [2022-12-22T01:30:37.364+0000] {dagbag.py:538} INFO - Filling up the DagBag from /home/airflow/.local/lib/python3.7/site-packages/airflow/example_dags/example_xcomargs.py
[2022-12-22T01:30:37.386+0000] {processor.py:753} INFO - DAG(s) dict_keys(['example_xcom_args', 'example_xcom_args_with_operators']) retrieved from /home/airflow/.local/lib/python3.7/site-packages/airflow/example_dags/example_xcomargs.py
[2022-12-22T01:30:37.423+0000] {logging_mixin.py:137} INFO - [2022-12-22T01:30:37.423+0000] {dag.py:2676} INFO - Sync 2 DAGs
[2022-12-22T01:30:37.447+0000] {logging_mixin.py:137} INFO - [2022-12-22T01:30:37.446+0000] {dag.py:3427} INFO - Setting next_dagrun for example_xcom_args to None, run_after=None
[2022-12-22T01:30:37.450+0000] {logging_mixin.py:137} INFO - [2022-12-22T01:30:37.449+0000] {dag.py:3427} INFO - Setting next_dagrun for example_xcom_args_with_operators to None, run_after=None
[2022-12-22T01:30:37.464+0000] {processor.py:175} INFO - Processing /home/airflow/.local/lib/python3.7/site-packages/airflow/example_dags/example_xcomargs.py took 0.103 seconds
[2022-12-22T01:31:07.514+0000] {processor.py:153} INFO - Started process (PID=2117) to work on /home/airflow/.local/lib/python3.7/site-packages/airflow/example_dags/example_xcomargs.py
[2022-12-22T01:31:07.515+0000] {processor.py:743} INFO - Processing file /home/airflow/.local/lib/python3.7/site-packages/airflow/example_dags/example_xcomargs.py for tasks to queue
[2022-12-22T01:31:07.516+0000] {logging_mixin.py:137} INFO - [2022-12-22T01:31:07.515+0000] {dagbag.py:538} INFO - Filling up the DagBag from /home/airflow/.local/lib/python3.7/site-packages/airflow/example_dags/example_xcomargs.py
[2022-12-22T01:31:07.539+0000] {processor.py:753} INFO - DAG(s) dict_keys(['example_xcom_args', 'example_xcom_args_with_operators']) retrieved from /home/airflow/.local/lib/python3.7/site-packages/airflow/example_dags/example_xcomargs.py
[2022-12-22T01:31:07.593+0000] {logging_mixin.py:137} INFO - [2022-12-22T01:31:07.593+0000] {dag.py:2676} INFO - Sync 2 DAGs
[2022-12-22T01:31:07.617+0000] {logging_mixin.py:137} INFO - [2022-12-22T01:31:07.616+0000] {dag.py:3427} INFO - Setting next_dagrun for example_xcom_args to None, run_after=None
[2022-12-22T01:31:07.620+0000] {logging_mixin.py:137} INFO - [2022-12-22T01:31:07.619+0000] {dag.py:3427} INFO - Setting next_dagrun for example_xcom_args_with_operators to None, run_after=None
[2022-12-22T01:31:07.635+0000] {processor.py:175} INFO - Processing /home/airflow/.local/lib/python3.7/site-packages/airflow/example_dags/example_xcomargs.py took 0.123 seconds
[2022-12-22T01:31:38.097+0000] {processor.py:153} INFO - Started process (PID=2227) to work on /home/airflow/.local/lib/python3.7/site-packages/airflow/example_dags/example_xcomargs.py
[2022-12-22T01:31:38.098+0000] {processor.py:743} INFO - Processing file /home/airflow/.local/lib/python3.7/site-packages/airflow/example_dags/example_xcomargs.py for tasks to queue
[2022-12-22T01:31:38.098+0000] {logging_mixin.py:137} INFO - [2022-12-22T01:31:38.098+0000] {dagbag.py:538} INFO - Filling up the DagBag from /home/airflow/.local/lib/python3.7/site-packages/airflow/example_dags/example_xcomargs.py
[2022-12-22T01:31:38.122+0000] {processor.py:753} INFO - DAG(s) dict_keys(['example_xcom_args', 'example_xcom_args_with_operators']) retrieved from /home/airflow/.local/lib/python3.7/site-packages/airflow/example_dags/example_xcomargs.py
[2022-12-22T01:31:38.165+0000] {logging_mixin.py:137} INFO - [2022-12-22T01:31:38.165+0000] {dag.py:2676} INFO - Sync 2 DAGs
[2022-12-22T01:31:38.193+0000] {logging_mixin.py:137} INFO - [2022-12-22T01:31:38.193+0000] {dag.py:3427} INFO - Setting next_dagrun for example_xcom_args to None, run_after=None
[2022-12-22T01:31:38.196+0000] {logging_mixin.py:137} INFO - [2022-12-22T01:31:38.196+0000] {dag.py:3427} INFO - Setting next_dagrun for example_xcom_args_with_operators to None, run_after=None
[2022-12-22T01:31:38.213+0000] {processor.py:175} INFO - Processing /home/airflow/.local/lib/python3.7/site-packages/airflow/example_dags/example_xcomargs.py took 0.118 seconds
[2022-12-22T01:32:08.654+0000] {processor.py:153} INFO - Started process (PID=2313) to work on /home/airflow/.local/lib/python3.7/site-packages/airflow/example_dags/example_xcomargs.py
[2022-12-22T01:32:08.655+0000] {processor.py:743} INFO - Processing file /home/airflow/.local/lib/python3.7/site-packages/airflow/example_dags/example_xcomargs.py for tasks to queue
[2022-12-22T01:32:08.656+0000] {logging_mixin.py:137} INFO - [2022-12-22T01:32:08.656+0000] {dagbag.py:538} INFO - Filling up the DagBag from /home/airflow/.local/lib/python3.7/site-packages/airflow/example_dags/example_xcomargs.py
[2022-12-22T01:32:08.679+0000] {processor.py:753} INFO - DAG(s) dict_keys(['example_xcom_args_with_operators', 'example_xcom_args']) retrieved from /home/airflow/.local/lib/python3.7/site-packages/airflow/example_dags/example_xcomargs.py
[2022-12-22T01:32:08.725+0000] {logging_mixin.py:137} INFO - [2022-12-22T01:32:08.725+0000] {dag.py:2676} INFO - Sync 2 DAGs
[2022-12-22T01:32:08.751+0000] {logging_mixin.py:137} INFO - [2022-12-22T01:32:08.751+0000] {dag.py:3427} INFO - Setting next_dagrun for example_xcom_args to None, run_after=None
[2022-12-22T01:32:08.754+0000] {logging_mixin.py:137} INFO - [2022-12-22T01:32:08.754+0000] {dag.py:3427} INFO - Setting next_dagrun for example_xcom_args_with_operators to None, run_after=None
[2022-12-22T01:32:08.769+0000] {processor.py:175} INFO - Processing /home/airflow/.local/lib/python3.7/site-packages/airflow/example_dags/example_xcomargs.py took 0.118 seconds
[2022-12-22T01:32:39.252+0000] {processor.py:153} INFO - Started process (PID=2399) to work on /home/airflow/.local/lib/python3.7/site-packages/airflow/example_dags/example_xcomargs.py
[2022-12-22T01:32:39.252+0000] {processor.py:743} INFO - Processing file /home/airflow/.local/lib/python3.7/site-packages/airflow/example_dags/example_xcomargs.py for tasks to queue
[2022-12-22T01:32:39.253+0000] {logging_mixin.py:137} INFO - [2022-12-22T01:32:39.253+0000] {dagbag.py:538} INFO - Filling up the DagBag from /home/airflow/.local/lib/python3.7/site-packages/airflow/example_dags/example_xcomargs.py
[2022-12-22T01:32:39.276+0000] {processor.py:753} INFO - DAG(s) dict_keys(['example_xcom_args_with_operators', 'example_xcom_args']) retrieved from /home/airflow/.local/lib/python3.7/site-packages/airflow/example_dags/example_xcomargs.py
[2022-12-22T01:32:39.324+0000] {logging_mixin.py:137} INFO - [2022-12-22T01:32:39.324+0000] {dag.py:2676} INFO - Sync 2 DAGs
[2022-12-22T01:32:39.349+0000] {logging_mixin.py:137} INFO - [2022-12-22T01:32:39.349+0000] {dag.py:3427} INFO - Setting next_dagrun for example_xcom_args to None, run_after=None
[2022-12-22T01:32:39.353+0000] {logging_mixin.py:137} INFO - [2022-12-22T01:32:39.352+0000] {dag.py:3427} INFO - Setting next_dagrun for example_xcom_args_with_operators to None, run_after=None
[2022-12-22T01:32:39.368+0000] {processor.py:175} INFO - Processing /home/airflow/.local/lib/python3.7/site-packages/airflow/example_dags/example_xcomargs.py took 0.120 seconds
[2022-12-22T01:33:15.424+0000] {processor.py:153} INFO - Started process (PID=2485) to work on /home/airflow/.local/lib/python3.7/site-packages/airflow/example_dags/example_xcomargs.py
[2022-12-22T01:33:15.425+0000] {processor.py:743} INFO - Processing file /home/airflow/.local/lib/python3.7/site-packages/airflow/example_dags/example_xcomargs.py for tasks to queue
[2022-12-22T01:33:15.426+0000] {logging_mixin.py:137} INFO - [2022-12-22T01:33:15.426+0000] {dagbag.py:538} INFO - Filling up the DagBag from /home/airflow/.local/lib/python3.7/site-packages/airflow/example_dags/example_xcomargs.py
[2022-12-22T01:33:15.502+0000] {processor.py:753} INFO - DAG(s) dict_keys(['example_xcom_args_with_operators', 'example_xcom_args']) retrieved from /home/airflow/.local/lib/python3.7/site-packages/airflow/example_dags/example_xcomargs.py
[2022-12-22T01:33:15.588+0000] {logging_mixin.py:137} INFO - [2022-12-22T01:33:15.588+0000] {dag.py:2676} INFO - Sync 2 DAGs
[2022-12-22T01:33:15.627+0000] {logging_mixin.py:137} INFO - [2022-12-22T01:33:15.626+0000] {dag.py:3427} INFO - Setting next_dagrun for example_xcom_args to None, run_after=None
[2022-12-22T01:33:15.631+0000] {logging_mixin.py:137} INFO - [2022-12-22T01:33:15.631+0000] {dag.py:3427} INFO - Setting next_dagrun for example_xcom_args_with_operators to None, run_after=None
[2022-12-22T01:33:15.702+0000] {processor.py:175} INFO - Processing /home/airflow/.local/lib/python3.7/site-packages/airflow/example_dags/example_xcomargs.py took 0.281 seconds
[2022-12-22T01:33:46.039+0000] {processor.py:153} INFO - Started process (PID=2571) to work on /home/airflow/.local/lib/python3.7/site-packages/airflow/example_dags/example_xcomargs.py
[2022-12-22T01:33:46.040+0000] {processor.py:743} INFO - Processing file /home/airflow/.local/lib/python3.7/site-packages/airflow/example_dags/example_xcomargs.py for tasks to queue
[2022-12-22T01:33:46.041+0000] {logging_mixin.py:137} INFO - [2022-12-22T01:33:46.040+0000] {dagbag.py:538} INFO - Filling up the DagBag from /home/airflow/.local/lib/python3.7/site-packages/airflow/example_dags/example_xcomargs.py
[2022-12-22T01:33:46.094+0000] {processor.py:753} INFO - DAG(s) dict_keys(['example_xcom_args', 'example_xcom_args_with_operators']) retrieved from /home/airflow/.local/lib/python3.7/site-packages/airflow/example_dags/example_xcomargs.py
[2022-12-22T01:33:46.139+0000] {logging_mixin.py:137} INFO - [2022-12-22T01:33:46.139+0000] {dag.py:2676} INFO - Sync 2 DAGs
[2022-12-22T01:33:46.206+0000] {logging_mixin.py:137} INFO - [2022-12-22T01:33:46.206+0000] {dag.py:3427} INFO - Setting next_dagrun for example_xcom_args to None, run_after=None
[2022-12-22T01:33:46.209+0000] {logging_mixin.py:137} INFO - [2022-12-22T01:33:46.209+0000] {dag.py:3427} INFO - Setting next_dagrun for example_xcom_args_with_operators to None, run_after=None
[2022-12-22T01:33:46.226+0000] {processor.py:175} INFO - Processing /home/airflow/.local/lib/python3.7/site-packages/airflow/example_dags/example_xcomargs.py took 0.189 seconds
[2022-12-22T01:34:16.758+0000] {processor.py:153} INFO - Started process (PID=2657) to work on /home/airflow/.local/lib/python3.7/site-packages/airflow/example_dags/example_xcomargs.py
[2022-12-22T01:34:16.758+0000] {processor.py:743} INFO - Processing file /home/airflow/.local/lib/python3.7/site-packages/airflow/example_dags/example_xcomargs.py for tasks to queue
[2022-12-22T01:34:16.759+0000] {logging_mixin.py:137} INFO - [2022-12-22T01:34:16.759+0000] {dagbag.py:538} INFO - Filling up the DagBag from /home/airflow/.local/lib/python3.7/site-packages/airflow/example_dags/example_xcomargs.py
[2022-12-22T01:34:16.782+0000] {processor.py:753} INFO - DAG(s) dict_keys(['example_xcom_args_with_operators', 'example_xcom_args']) retrieved from /home/airflow/.local/lib/python3.7/site-packages/airflow/example_dags/example_xcomargs.py
[2022-12-22T01:34:16.820+0000] {logging_mixin.py:137} INFO - [2022-12-22T01:34:16.820+0000] {dag.py:2676} INFO - Sync 2 DAGs
[2022-12-22T01:34:16.845+0000] {logging_mixin.py:137} INFO - [2022-12-22T01:34:16.845+0000] {dag.py:3427} INFO - Setting next_dagrun for example_xcom_args to None, run_after=None
[2022-12-22T01:34:16.849+0000] {logging_mixin.py:137} INFO - [2022-12-22T01:34:16.848+0000] {dag.py:3427} INFO - Setting next_dagrun for example_xcom_args_with_operators to None, run_after=None
[2022-12-22T01:34:16.864+0000] {processor.py:175} INFO - Processing /home/airflow/.local/lib/python3.7/site-packages/airflow/example_dags/example_xcomargs.py took 0.108 seconds
[2022-12-22T01:34:47.471+0000] {processor.py:153} INFO - Started process (PID=2767) to work on /home/airflow/.local/lib/python3.7/site-packages/airflow/example_dags/example_xcomargs.py
[2022-12-22T01:34:47.472+0000] {processor.py:743} INFO - Processing file /home/airflow/.local/lib/python3.7/site-packages/airflow/example_dags/example_xcomargs.py for tasks to queue
[2022-12-22T01:34:47.472+0000] {logging_mixin.py:137} INFO - [2022-12-22T01:34:47.472+0000] {dagbag.py:538} INFO - Filling up the DagBag from /home/airflow/.local/lib/python3.7/site-packages/airflow/example_dags/example_xcomargs.py
[2022-12-22T01:34:47.502+0000] {processor.py:753} INFO - DAG(s) dict_keys(['example_xcom_args', 'example_xcom_args_with_operators']) retrieved from /home/airflow/.local/lib/python3.7/site-packages/airflow/example_dags/example_xcomargs.py
[2022-12-22T01:34:47.549+0000] {logging_mixin.py:137} INFO - [2022-12-22T01:34:47.549+0000] {dag.py:2676} INFO - Sync 2 DAGs
[2022-12-22T01:34:47.576+0000] {logging_mixin.py:137} INFO - [2022-12-22T01:34:47.575+0000] {dag.py:3427} INFO - Setting next_dagrun for example_xcom_args to None, run_after=None
[2022-12-22T01:34:47.579+0000] {logging_mixin.py:137} INFO - [2022-12-22T01:34:47.579+0000] {dag.py:3427} INFO - Setting next_dagrun for example_xcom_args_with_operators to None, run_after=None
[2022-12-22T01:34:47.598+0000] {processor.py:175} INFO - Processing /home/airflow/.local/lib/python3.7/site-packages/airflow/example_dags/example_xcomargs.py took 0.129 seconds
[2022-12-22T01:35:17.903+0000] {processor.py:153} INFO - Started process (PID=2854) to work on /home/airflow/.local/lib/python3.7/site-packages/airflow/example_dags/example_xcomargs.py
[2022-12-22T01:35:17.904+0000] {processor.py:743} INFO - Processing file /home/airflow/.local/lib/python3.7/site-packages/airflow/example_dags/example_xcomargs.py for tasks to queue
[2022-12-22T01:35:17.904+0000] {logging_mixin.py:137} INFO - [2022-12-22T01:35:17.904+0000] {dagbag.py:538} INFO - Filling up the DagBag from /home/airflow/.local/lib/python3.7/site-packages/airflow/example_dags/example_xcomargs.py
[2022-12-22T01:35:17.926+0000] {processor.py:753} INFO - DAG(s) dict_keys(['example_xcom_args_with_operators', 'example_xcom_args']) retrieved from /home/airflow/.local/lib/python3.7/site-packages/airflow/example_dags/example_xcomargs.py
[2022-12-22T01:35:17.962+0000] {logging_mixin.py:137} INFO - [2022-12-22T01:35:17.962+0000] {dag.py:2676} INFO - Sync 2 DAGs
[2022-12-22T01:35:17.985+0000] {logging_mixin.py:137} INFO - [2022-12-22T01:35:17.985+0000] {dag.py:3427} INFO - Setting next_dagrun for example_xcom_args to None, run_after=None
[2022-12-22T01:35:17.988+0000] {logging_mixin.py:137} INFO - [2022-12-22T01:35:17.988+0000] {dag.py:3427} INFO - Setting next_dagrun for example_xcom_args_with_operators to None, run_after=None
[2022-12-22T01:35:18.007+0000] {processor.py:175} INFO - Processing /home/airflow/.local/lib/python3.7/site-packages/airflow/example_dags/example_xcomargs.py took 0.107 seconds
[2022-12-22T01:35:48.206+0000] {processor.py:153} INFO - Started process (PID=2940) to work on /home/airflow/.local/lib/python3.7/site-packages/airflow/example_dags/example_xcomargs.py
[2022-12-22T01:35:48.207+0000] {processor.py:743} INFO - Processing file /home/airflow/.local/lib/python3.7/site-packages/airflow/example_dags/example_xcomargs.py for tasks to queue
[2022-12-22T01:35:48.208+0000] {logging_mixin.py:137} INFO - [2022-12-22T01:35:48.208+0000] {dagbag.py:538} INFO - Filling up the DagBag from /home/airflow/.local/lib/python3.7/site-packages/airflow/example_dags/example_xcomargs.py
[2022-12-22T01:35:48.231+0000] {processor.py:753} INFO - DAG(s) dict_keys(['example_xcom_args', 'example_xcom_args_with_operators']) retrieved from /home/airflow/.local/lib/python3.7/site-packages/airflow/example_dags/example_xcomargs.py
[2022-12-22T01:35:48.268+0000] {logging_mixin.py:137} INFO - [2022-12-22T01:35:48.268+0000] {dag.py:2676} INFO - Sync 2 DAGs
[2022-12-22T01:35:48.295+0000] {logging_mixin.py:137} INFO - [2022-12-22T01:35:48.295+0000] {dag.py:3427} INFO - Setting next_dagrun for example_xcom_args to None, run_after=None
[2022-12-22T01:35:48.299+0000] {logging_mixin.py:137} INFO - [2022-12-22T01:35:48.299+0000] {dag.py:3427} INFO - Setting next_dagrun for example_xcom_args_with_operators to None, run_after=None
[2022-12-22T01:35:48.318+0000] {processor.py:175} INFO - Processing /home/airflow/.local/lib/python3.7/site-packages/airflow/example_dags/example_xcomargs.py took 0.114 seconds
[2022-12-22T01:36:18.746+0000] {processor.py:153} INFO - Started process (PID=3050) to work on /home/airflow/.local/lib/python3.7/site-packages/airflow/example_dags/example_xcomargs.py
[2022-12-22T01:36:18.747+0000] {processor.py:743} INFO - Processing file /home/airflow/.local/lib/python3.7/site-packages/airflow/example_dags/example_xcomargs.py for tasks to queue
[2022-12-22T01:36:18.747+0000] {logging_mixin.py:137} INFO - [2022-12-22T01:36:18.747+0000] {dagbag.py:538} INFO - Filling up the DagBag from /home/airflow/.local/lib/python3.7/site-packages/airflow/example_dags/example_xcomargs.py
[2022-12-22T01:36:18.769+0000] {processor.py:753} INFO - DAG(s) dict_keys(['example_xcom_args_with_operators', 'example_xcom_args']) retrieved from /home/airflow/.local/lib/python3.7/site-packages/airflow/example_dags/example_xcomargs.py
[2022-12-22T01:36:18.810+0000] {logging_mixin.py:137} INFO - [2022-12-22T01:36:18.810+0000] {dag.py:2676} INFO - Sync 2 DAGs
[2022-12-22T01:36:18.834+0000] {logging_mixin.py:137} INFO - [2022-12-22T01:36:18.833+0000] {dag.py:3427} INFO - Setting next_dagrun for example_xcom_args to None, run_after=None
[2022-12-22T01:36:18.837+0000] {logging_mixin.py:137} INFO - [2022-12-22T01:36:18.837+0000] {dag.py:3427} INFO - Setting next_dagrun for example_xcom_args_with_operators to None, run_after=None
[2022-12-22T01:36:18.852+0000] {processor.py:175} INFO - Processing /home/airflow/.local/lib/python3.7/site-packages/airflow/example_dags/example_xcomargs.py took 0.108 seconds
[2022-12-22T01:36:48.982+0000] {processor.py:153} INFO - Started process (PID=3136) to work on /home/airflow/.local/lib/python3.7/site-packages/airflow/example_dags/example_xcomargs.py
[2022-12-22T01:36:48.983+0000] {processor.py:743} INFO - Processing file /home/airflow/.local/lib/python3.7/site-packages/airflow/example_dags/example_xcomargs.py for tasks to queue
[2022-12-22T01:36:48.983+0000] {logging_mixin.py:137} INFO - [2022-12-22T01:36:48.983+0000] {dagbag.py:538} INFO - Filling up the DagBag from /home/airflow/.local/lib/python3.7/site-packages/airflow/example_dags/example_xcomargs.py
[2022-12-22T01:36:49.006+0000] {processor.py:753} INFO - DAG(s) dict_keys(['example_xcom_args', 'example_xcom_args_with_operators']) retrieved from /home/airflow/.local/lib/python3.7/site-packages/airflow/example_dags/example_xcomargs.py
[2022-12-22T01:36:49.045+0000] {logging_mixin.py:137} INFO - [2022-12-22T01:36:49.045+0000] {dag.py:2676} INFO - Sync 2 DAGs
[2022-12-22T01:36:49.070+0000] {logging_mixin.py:137} INFO - [2022-12-22T01:36:49.070+0000] {dag.py:3427} INFO - Setting next_dagrun for example_xcom_args to None, run_after=None
[2022-12-22T01:36:49.074+0000] {logging_mixin.py:137} INFO - [2022-12-22T01:36:49.073+0000] {dag.py:3427} INFO - Setting next_dagrun for example_xcom_args_with_operators to None, run_after=None
[2022-12-22T01:36:49.094+0000] {processor.py:175} INFO - Processing /home/airflow/.local/lib/python3.7/site-packages/airflow/example_dags/example_xcomargs.py took 0.114 seconds
[2022-12-22T01:37:19.534+0000] {processor.py:153} INFO - Started process (PID=3246) to work on /home/airflow/.local/lib/python3.7/site-packages/airflow/example_dags/example_xcomargs.py
[2022-12-22T01:37:19.535+0000] {processor.py:743} INFO - Processing file /home/airflow/.local/lib/python3.7/site-packages/airflow/example_dags/example_xcomargs.py for tasks to queue
[2022-12-22T01:37:19.536+0000] {logging_mixin.py:137} INFO - [2022-12-22T01:37:19.535+0000] {dagbag.py:538} INFO - Filling up the DagBag from /home/airflow/.local/lib/python3.7/site-packages/airflow/example_dags/example_xcomargs.py
[2022-12-22T01:37:19.571+0000] {processor.py:753} INFO - DAG(s) dict_keys(['example_xcom_args_with_operators', 'example_xcom_args']) retrieved from /home/airflow/.local/lib/python3.7/site-packages/airflow/example_dags/example_xcomargs.py
[2022-12-22T01:37:19.637+0000] {logging_mixin.py:137} INFO - [2022-12-22T01:37:19.637+0000] {dag.py:2676} INFO - Sync 2 DAGs
[2022-12-22T01:37:19.675+0000] {logging_mixin.py:137} INFO - [2022-12-22T01:37:19.675+0000] {dag.py:3427} INFO - Setting next_dagrun for example_xcom_args to None, run_after=None
[2022-12-22T01:37:19.680+0000] {logging_mixin.py:137} INFO - [2022-12-22T01:37:19.680+0000] {dag.py:3427} INFO - Setting next_dagrun for example_xcom_args_with_operators to None, run_after=None
[2022-12-22T01:37:19.713+0000] {processor.py:175} INFO - Processing /home/airflow/.local/lib/python3.7/site-packages/airflow/example_dags/example_xcomargs.py took 0.183 seconds
[2022-12-22T01:37:50.208+0000] {processor.py:153} INFO - Started process (PID=3332) to work on /home/airflow/.local/lib/python3.7/site-packages/airflow/example_dags/example_xcomargs.py
[2022-12-22T01:37:50.209+0000] {processor.py:743} INFO - Processing file /home/airflow/.local/lib/python3.7/site-packages/airflow/example_dags/example_xcomargs.py for tasks to queue
[2022-12-22T01:37:50.209+0000] {logging_mixin.py:137} INFO - [2022-12-22T01:37:50.209+0000] {dagbag.py:538} INFO - Filling up the DagBag from /home/airflow/.local/lib/python3.7/site-packages/airflow/example_dags/example_xcomargs.py
[2022-12-22T01:37:50.237+0000] {processor.py:753} INFO - DAG(s) dict_keys(['example_xcom_args', 'example_xcom_args_with_operators']) retrieved from /home/airflow/.local/lib/python3.7/site-packages/airflow/example_dags/example_xcomargs.py
[2022-12-22T01:37:50.275+0000] {logging_mixin.py:137} INFO - [2022-12-22T01:37:50.275+0000] {dag.py:2676} INFO - Sync 2 DAGs
[2022-12-22T01:37:50.301+0000] {logging_mixin.py:137} INFO - [2022-12-22T01:37:50.301+0000] {dag.py:3427} INFO - Setting next_dagrun for example_xcom_args to None, run_after=None
[2022-12-22T01:37:50.304+0000] {logging_mixin.py:137} INFO - [2022-12-22T01:37:50.304+0000] {dag.py:3427} INFO - Setting next_dagrun for example_xcom_args_with_operators to None, run_after=None
[2022-12-22T01:37:50.324+0000] {processor.py:175} INFO - Processing /home/airflow/.local/lib/python3.7/site-packages/airflow/example_dags/example_xcomargs.py took 0.118 seconds
[2022-12-22T01:38:20.420+0000] {processor.py:153} INFO - Started process (PID=3418) to work on /home/airflow/.local/lib/python3.7/site-packages/airflow/example_dags/example_xcomargs.py
[2022-12-22T01:38:20.420+0000] {processor.py:743} INFO - Processing file /home/airflow/.local/lib/python3.7/site-packages/airflow/example_dags/example_xcomargs.py for tasks to queue
[2022-12-22T01:38:20.421+0000] {logging_mixin.py:137} INFO - [2022-12-22T01:38:20.421+0000] {dagbag.py:538} INFO - Filling up the DagBag from /home/airflow/.local/lib/python3.7/site-packages/airflow/example_dags/example_xcomargs.py
[2022-12-22T01:38:20.445+0000] {processor.py:753} INFO - DAG(s) dict_keys(['example_xcom_args', 'example_xcom_args_with_operators']) retrieved from /home/airflow/.local/lib/python3.7/site-packages/airflow/example_dags/example_xcomargs.py
[2022-12-22T01:38:20.483+0000] {logging_mixin.py:137} INFO - [2022-12-22T01:38:20.483+0000] {dag.py:2676} INFO - Sync 2 DAGs
[2022-12-22T01:38:20.506+0000] {logging_mixin.py:137} INFO - [2022-12-22T01:38:20.506+0000] {dag.py:3427} INFO - Setting next_dagrun for example_xcom_args to None, run_after=None
[2022-12-22T01:38:20.509+0000] {logging_mixin.py:137} INFO - [2022-12-22T01:38:20.509+0000] {dag.py:3427} INFO - Setting next_dagrun for example_xcom_args_with_operators to None, run_after=None
[2022-12-22T01:38:20.524+0000] {processor.py:175} INFO - Processing /home/airflow/.local/lib/python3.7/site-packages/airflow/example_dags/example_xcomargs.py took 0.107 seconds
[2022-12-22T01:38:51.229+0000] {processor.py:153} INFO - Started process (PID=3528) to work on /home/airflow/.local/lib/python3.7/site-packages/airflow/example_dags/example_xcomargs.py
[2022-12-22T01:38:51.230+0000] {processor.py:743} INFO - Processing file /home/airflow/.local/lib/python3.7/site-packages/airflow/example_dags/example_xcomargs.py for tasks to queue
[2022-12-22T01:38:51.230+0000] {logging_mixin.py:137} INFO - [2022-12-22T01:38:51.230+0000] {dagbag.py:538} INFO - Filling up the DagBag from /home/airflow/.local/lib/python3.7/site-packages/airflow/example_dags/example_xcomargs.py
[2022-12-22T01:38:51.296+0000] {processor.py:753} INFO - DAG(s) dict_keys(['example_xcom_args_with_operators', 'example_xcom_args']) retrieved from /home/airflow/.local/lib/python3.7/site-packages/airflow/example_dags/example_xcomargs.py
[2022-12-22T01:38:51.346+0000] {logging_mixin.py:137} INFO - [2022-12-22T01:38:51.345+0000] {dag.py:2676} INFO - Sync 2 DAGs
[2022-12-22T01:38:51.416+0000] {logging_mixin.py:137} INFO - [2022-12-22T01:38:51.415+0000] {dag.py:3427} INFO - Setting next_dagrun for example_xcom_args to None, run_after=None
[2022-12-22T01:38:51.420+0000] {logging_mixin.py:137} INFO - [2022-12-22T01:38:51.419+0000] {dag.py:3427} INFO - Setting next_dagrun for example_xcom_args_with_operators to None, run_after=None
[2022-12-22T01:38:51.441+0000] {processor.py:175} INFO - Processing /home/airflow/.local/lib/python3.7/site-packages/airflow/example_dags/example_xcomargs.py took 0.215 seconds
[2022-12-22T01:39:22.276+0000] {processor.py:153} INFO - Started process (PID=3614) to work on /home/airflow/.local/lib/python3.7/site-packages/airflow/example_dags/example_xcomargs.py
[2022-12-22T01:39:22.277+0000] {processor.py:743} INFO - Processing file /home/airflow/.local/lib/python3.7/site-packages/airflow/example_dags/example_xcomargs.py for tasks to queue
[2022-12-22T01:39:22.277+0000] {logging_mixin.py:137} INFO - [2022-12-22T01:39:22.277+0000] {dagbag.py:538} INFO - Filling up the DagBag from /home/airflow/.local/lib/python3.7/site-packages/airflow/example_dags/example_xcomargs.py
[2022-12-22T01:39:22.301+0000] {processor.py:753} INFO - DAG(s) dict_keys(['example_xcom_args_with_operators', 'example_xcom_args']) retrieved from /home/airflow/.local/lib/python3.7/site-packages/airflow/example_dags/example_xcomargs.py
[2022-12-22T01:39:22.350+0000] {logging_mixin.py:137} INFO - [2022-12-22T01:39:22.350+0000] {dag.py:2676} INFO - Sync 2 DAGs
[2022-12-22T01:39:22.376+0000] {logging_mixin.py:137} INFO - [2022-12-22T01:39:22.376+0000] {dag.py:3427} INFO - Setting next_dagrun for example_xcom_args to None, run_after=None
[2022-12-22T01:39:22.379+0000] {logging_mixin.py:137} INFO - [2022-12-22T01:39:22.379+0000] {dag.py:3427} INFO - Setting next_dagrun for example_xcom_args_with_operators to None, run_after=None
[2022-12-22T01:39:22.402+0000] {processor.py:175} INFO - Processing /home/airflow/.local/lib/python3.7/site-packages/airflow/example_dags/example_xcomargs.py took 0.128 seconds
[2022-12-22T01:39:52.473+0000] {processor.py:153} INFO - Started process (PID=3700) to work on /home/airflow/.local/lib/python3.7/site-packages/airflow/example_dags/example_xcomargs.py
[2022-12-22T01:39:52.474+0000] {processor.py:743} INFO - Processing file /home/airflow/.local/lib/python3.7/site-packages/airflow/example_dags/example_xcomargs.py for tasks to queue
[2022-12-22T01:39:52.475+0000] {logging_mixin.py:137} INFO - [2022-12-22T01:39:52.475+0000] {dagbag.py:538} INFO - Filling up the DagBag from /home/airflow/.local/lib/python3.7/site-packages/airflow/example_dags/example_xcomargs.py
[2022-12-22T01:39:52.496+0000] {processor.py:753} INFO - DAG(s) dict_keys(['example_xcom_args', 'example_xcom_args_with_operators']) retrieved from /home/airflow/.local/lib/python3.7/site-packages/airflow/example_dags/example_xcomargs.py
[2022-12-22T01:39:52.532+0000] {logging_mixin.py:137} INFO - [2022-12-22T01:39:52.532+0000] {dag.py:2676} INFO - Sync 2 DAGs
[2022-12-22T01:39:52.557+0000] {logging_mixin.py:137} INFO - [2022-12-22T01:39:52.557+0000] {dag.py:3427} INFO - Setting next_dagrun for example_xcom_args to None, run_after=None
[2022-12-22T01:39:52.560+0000] {logging_mixin.py:137} INFO - [2022-12-22T01:39:52.560+0000] {dag.py:3427} INFO - Setting next_dagrun for example_xcom_args_with_operators to None, run_after=None
[2022-12-22T01:39:52.574+0000] {processor.py:175} INFO - Processing /home/airflow/.local/lib/python3.7/site-packages/airflow/example_dags/example_xcomargs.py took 0.103 seconds
[2022-12-22T01:40:23.038+0000] {processor.py:153} INFO - Started process (PID=3795) to work on /home/airflow/.local/lib/python3.7/site-packages/airflow/example_dags/example_xcomargs.py
[2022-12-22T01:40:23.039+0000] {processor.py:743} INFO - Processing file /home/airflow/.local/lib/python3.7/site-packages/airflow/example_dags/example_xcomargs.py for tasks to queue
[2022-12-22T01:40:23.039+0000] {logging_mixin.py:137} INFO - [2022-12-22T01:40:23.039+0000] {dagbag.py:538} INFO - Filling up the DagBag from /home/airflow/.local/lib/python3.7/site-packages/airflow/example_dags/example_xcomargs.py
[2022-12-22T01:40:23.065+0000] {processor.py:753} INFO - DAG(s) dict_keys(['example_xcom_args_with_operators', 'example_xcom_args']) retrieved from /home/airflow/.local/lib/python3.7/site-packages/airflow/example_dags/example_xcomargs.py
[2022-12-22T01:40:23.120+0000] {logging_mixin.py:137} INFO - [2022-12-22T01:40:23.120+0000] {dag.py:2676} INFO - Sync 2 DAGs
[2022-12-22T01:40:23.148+0000] {logging_mixin.py:137} INFO - [2022-12-22T01:40:23.148+0000] {dag.py:3427} INFO - Setting next_dagrun for example_xcom_args to None, run_after=None
[2022-12-22T01:40:23.151+0000] {logging_mixin.py:137} INFO - [2022-12-22T01:40:23.151+0000] {dag.py:3427} INFO - Setting next_dagrun for example_xcom_args_with_operators to None, run_after=None
[2022-12-22T01:40:23.193+0000] {processor.py:175} INFO - Processing /home/airflow/.local/lib/python3.7/site-packages/airflow/example_dags/example_xcomargs.py took 0.158 seconds
[2022-12-22T01:40:53.425+0000] {processor.py:153} INFO - Started process (PID=3896) to work on /home/airflow/.local/lib/python3.7/site-packages/airflow/example_dags/example_xcomargs.py
[2022-12-22T01:40:53.426+0000] {processor.py:743} INFO - Processing file /home/airflow/.local/lib/python3.7/site-packages/airflow/example_dags/example_xcomargs.py for tasks to queue
[2022-12-22T01:40:53.426+0000] {logging_mixin.py:137} INFO - [2022-12-22T01:40:53.426+0000] {dagbag.py:538} INFO - Filling up the DagBag from /home/airflow/.local/lib/python3.7/site-packages/airflow/example_dags/example_xcomargs.py
[2022-12-22T01:40:53.453+0000] {processor.py:753} INFO - DAG(s) dict_keys(['example_xcom_args_with_operators', 'example_xcom_args']) retrieved from /home/airflow/.local/lib/python3.7/site-packages/airflow/example_dags/example_xcomargs.py
[2022-12-22T01:40:53.506+0000] {logging_mixin.py:137} INFO - [2022-12-22T01:40:53.506+0000] {dag.py:2676} INFO - Sync 2 DAGs
[2022-12-22T01:40:53.544+0000] {logging_mixin.py:137} INFO - [2022-12-22T01:40:53.543+0000] {dag.py:3427} INFO - Setting next_dagrun for example_xcom_args to None, run_after=None
[2022-12-22T01:40:53.548+0000] {logging_mixin.py:137} INFO - [2022-12-22T01:40:53.548+0000] {dag.py:3427} INFO - Setting next_dagrun for example_xcom_args_with_operators to None, run_after=None
[2022-12-22T01:40:53.568+0000] {processor.py:175} INFO - Processing /home/airflow/.local/lib/python3.7/site-packages/airflow/example_dags/example_xcomargs.py took 0.145 seconds
[2022-12-22T01:41:23.928+0000] {processor.py:153} INFO - Started process (PID=3982) to work on /home/airflow/.local/lib/python3.7/site-packages/airflow/example_dags/example_xcomargs.py
[2022-12-22T01:41:23.929+0000] {processor.py:743} INFO - Processing file /home/airflow/.local/lib/python3.7/site-packages/airflow/example_dags/example_xcomargs.py for tasks to queue
[2022-12-22T01:41:23.930+0000] {logging_mixin.py:137} INFO - [2022-12-22T01:41:23.930+0000] {dagbag.py:538} INFO - Filling up the DagBag from /home/airflow/.local/lib/python3.7/site-packages/airflow/example_dags/example_xcomargs.py
[2022-12-22T01:41:23.955+0000] {processor.py:753} INFO - DAG(s) dict_keys(['example_xcom_args', 'example_xcom_args_with_operators']) retrieved from /home/airflow/.local/lib/python3.7/site-packages/airflow/example_dags/example_xcomargs.py
[2022-12-22T01:41:23.998+0000] {logging_mixin.py:137} INFO - [2022-12-22T01:41:23.998+0000] {dag.py:2676} INFO - Sync 2 DAGs
[2022-12-22T01:41:24.028+0000] {logging_mixin.py:137} INFO - [2022-12-22T01:41:24.028+0000] {dag.py:3427} INFO - Setting next_dagrun for example_xcom_args to None, run_after=None
[2022-12-22T01:41:24.031+0000] {logging_mixin.py:137} INFO - [2022-12-22T01:41:24.031+0000] {dag.py:3427} INFO - Setting next_dagrun for example_xcom_args_with_operators to None, run_after=None
[2022-12-22T01:41:24.051+0000] {processor.py:175} INFO - Processing /home/airflow/.local/lib/python3.7/site-packages/airflow/example_dags/example_xcomargs.py took 0.125 seconds
[2022-12-22T01:41:54.598+0000] {processor.py:153} INFO - Started process (PID=4092) to work on /home/airflow/.local/lib/python3.7/site-packages/airflow/example_dags/example_xcomargs.py
[2022-12-22T01:41:54.598+0000] {processor.py:743} INFO - Processing file /home/airflow/.local/lib/python3.7/site-packages/airflow/example_dags/example_xcomargs.py for tasks to queue
[2022-12-22T01:41:54.599+0000] {logging_mixin.py:137} INFO - [2022-12-22T01:41:54.599+0000] {dagbag.py:538} INFO - Filling up the DagBag from /home/airflow/.local/lib/python3.7/site-packages/airflow/example_dags/example_xcomargs.py
[2022-12-22T01:41:54.621+0000] {processor.py:753} INFO - DAG(s) dict_keys(['example_xcom_args', 'example_xcom_args_with_operators']) retrieved from /home/airflow/.local/lib/python3.7/site-packages/airflow/example_dags/example_xcomargs.py
[2022-12-22T01:41:54.657+0000] {logging_mixin.py:137} INFO - [2022-12-22T01:41:54.657+0000] {dag.py:2676} INFO - Sync 2 DAGs
[2022-12-22T01:41:54.682+0000] {logging_mixin.py:137} INFO - [2022-12-22T01:41:54.681+0000] {dag.py:3427} INFO - Setting next_dagrun for example_xcom_args to None, run_after=None
[2022-12-22T01:41:54.684+0000] {logging_mixin.py:137} INFO - [2022-12-22T01:41:54.684+0000] {dag.py:3427} INFO - Setting next_dagrun for example_xcom_args_with_operators to None, run_after=None
[2022-12-22T01:41:54.699+0000] {processor.py:175} INFO - Processing /home/airflow/.local/lib/python3.7/site-packages/airflow/example_dags/example_xcomargs.py took 0.104 seconds
[2022-12-22T01:42:24.940+0000] {processor.py:153} INFO - Started process (PID=4178) to work on /home/airflow/.local/lib/python3.7/site-packages/airflow/example_dags/example_xcomargs.py
[2022-12-22T01:42:24.941+0000] {processor.py:743} INFO - Processing file /home/airflow/.local/lib/python3.7/site-packages/airflow/example_dags/example_xcomargs.py for tasks to queue
[2022-12-22T01:42:24.941+0000] {logging_mixin.py:137} INFO - [2022-12-22T01:42:24.941+0000] {dagbag.py:538} INFO - Filling up the DagBag from /home/airflow/.local/lib/python3.7/site-packages/airflow/example_dags/example_xcomargs.py
[2022-12-22T01:42:24.966+0000] {processor.py:753} INFO - DAG(s) dict_keys(['example_xcom_args', 'example_xcom_args_with_operators']) retrieved from /home/airflow/.local/lib/python3.7/site-packages/airflow/example_dags/example_xcomargs.py
[2022-12-22T01:42:25.006+0000] {logging_mixin.py:137} INFO - [2022-12-22T01:42:25.006+0000] {dag.py:2676} INFO - Sync 2 DAGs
[2022-12-22T01:42:25.032+0000] {logging_mixin.py:137} INFO - [2022-12-22T01:42:25.031+0000] {dag.py:3427} INFO - Setting next_dagrun for example_xcom_args to None, run_after=None
[2022-12-22T01:42:25.035+0000] {logging_mixin.py:137} INFO - [2022-12-22T01:42:25.035+0000] {dag.py:3427} INFO - Setting next_dagrun for example_xcom_args_with_operators to None, run_after=None
[2022-12-22T01:42:25.050+0000] {processor.py:175} INFO - Processing /home/airflow/.local/lib/python3.7/site-packages/airflow/example_dags/example_xcomargs.py took 0.112 seconds
[2022-12-22T01:42:55.747+0000] {processor.py:153} INFO - Started process (PID=4288) to work on /home/airflow/.local/lib/python3.7/site-packages/airflow/example_dags/example_xcomargs.py
[2022-12-22T01:42:55.748+0000] {processor.py:743} INFO - Processing file /home/airflow/.local/lib/python3.7/site-packages/airflow/example_dags/example_xcomargs.py for tasks to queue
[2022-12-22T01:42:55.748+0000] {logging_mixin.py:137} INFO - [2022-12-22T01:42:55.748+0000] {dagbag.py:538} INFO - Filling up the DagBag from /home/airflow/.local/lib/python3.7/site-packages/airflow/example_dags/example_xcomargs.py
[2022-12-22T01:42:55.802+0000] {processor.py:753} INFO - DAG(s) dict_keys(['example_xcom_args', 'example_xcom_args_with_operators']) retrieved from /home/airflow/.local/lib/python3.7/site-packages/airflow/example_dags/example_xcomargs.py
[2022-12-22T01:42:55.902+0000] {logging_mixin.py:137} INFO - [2022-12-22T01:42:55.902+0000] {dag.py:2676} INFO - Sync 2 DAGs
[2022-12-22T01:42:55.928+0000] {logging_mixin.py:137} INFO - [2022-12-22T01:42:55.928+0000] {dag.py:3427} INFO - Setting next_dagrun for example_xcom_args to None, run_after=None
[2022-12-22T01:42:55.991+0000] {logging_mixin.py:137} INFO - [2022-12-22T01:42:55.990+0000] {dag.py:3427} INFO - Setting next_dagrun for example_xcom_args_with_operators to None, run_after=None
[2022-12-22T01:42:56.008+0000] {processor.py:175} INFO - Processing /home/airflow/.local/lib/python3.7/site-packages/airflow/example_dags/example_xcomargs.py took 0.264 seconds
[2022-12-22T01:43:26.451+0000] {processor.py:153} INFO - Started process (PID=4374) to work on /home/airflow/.local/lib/python3.7/site-packages/airflow/example_dags/example_xcomargs.py
[2022-12-22T01:43:26.452+0000] {processor.py:743} INFO - Processing file /home/airflow/.local/lib/python3.7/site-packages/airflow/example_dags/example_xcomargs.py for tasks to queue
[2022-12-22T01:43:26.452+0000] {logging_mixin.py:137} INFO - [2022-12-22T01:43:26.452+0000] {dagbag.py:538} INFO - Filling up the DagBag from /home/airflow/.local/lib/python3.7/site-packages/airflow/example_dags/example_xcomargs.py
[2022-12-22T01:43:26.477+0000] {processor.py:753} INFO - DAG(s) dict_keys(['example_xcom_args_with_operators', 'example_xcom_args']) retrieved from /home/airflow/.local/lib/python3.7/site-packages/airflow/example_dags/example_xcomargs.py
[2022-12-22T01:43:26.524+0000] {logging_mixin.py:137} INFO - [2022-12-22T01:43:26.524+0000] {dag.py:2676} INFO - Sync 2 DAGs
[2022-12-22T01:43:26.552+0000] {logging_mixin.py:137} INFO - [2022-12-22T01:43:26.552+0000] {dag.py:3427} INFO - Setting next_dagrun for example_xcom_args to None, run_after=None
[2022-12-22T01:43:26.555+0000] {logging_mixin.py:137} INFO - [2022-12-22T01:43:26.555+0000] {dag.py:3427} INFO - Setting next_dagrun for example_xcom_args_with_operators to None, run_after=None
[2022-12-22T01:43:26.573+0000] {processor.py:175} INFO - Processing /home/airflow/.local/lib/python3.7/site-packages/airflow/example_dags/example_xcomargs.py took 0.125 seconds
[2022-12-22T01:43:56.976+0000] {processor.py:153} INFO - Started process (PID=4460) to work on /home/airflow/.local/lib/python3.7/site-packages/airflow/example_dags/example_xcomargs.py
[2022-12-22T01:43:56.977+0000] {processor.py:743} INFO - Processing file /home/airflow/.local/lib/python3.7/site-packages/airflow/example_dags/example_xcomargs.py for tasks to queue
[2022-12-22T01:43:56.977+0000] {logging_mixin.py:137} INFO - [2022-12-22T01:43:56.977+0000] {dagbag.py:538} INFO - Filling up the DagBag from /home/airflow/.local/lib/python3.7/site-packages/airflow/example_dags/example_xcomargs.py
[2022-12-22T01:43:57.000+0000] {processor.py:753} INFO - DAG(s) dict_keys(['example_xcom_args_with_operators', 'example_xcom_args']) retrieved from /home/airflow/.local/lib/python3.7/site-packages/airflow/example_dags/example_xcomargs.py
[2022-12-22T01:43:57.037+0000] {logging_mixin.py:137} INFO - [2022-12-22T01:43:57.037+0000] {dag.py:2676} INFO - Sync 2 DAGs
[2022-12-22T01:43:57.062+0000] {logging_mixin.py:137} INFO - [2022-12-22T01:43:57.062+0000] {dag.py:3427} INFO - Setting next_dagrun for example_xcom_args to None, run_after=None
[2022-12-22T01:43:57.065+0000] {logging_mixin.py:137} INFO - [2022-12-22T01:43:57.065+0000] {dag.py:3427} INFO - Setting next_dagrun for example_xcom_args_with_operators to None, run_after=None
[2022-12-22T01:43:57.079+0000] {processor.py:175} INFO - Processing /home/airflow/.local/lib/python3.7/site-packages/airflow/example_dags/example_xcomargs.py took 0.106 seconds
[2022-12-22T01:44:27.402+0000] {processor.py:153} INFO - Started process (PID=4570) to work on /home/airflow/.local/lib/python3.7/site-packages/airflow/example_dags/example_xcomargs.py
[2022-12-22T01:44:27.403+0000] {processor.py:743} INFO - Processing file /home/airflow/.local/lib/python3.7/site-packages/airflow/example_dags/example_xcomargs.py for tasks to queue
[2022-12-22T01:44:27.403+0000] {logging_mixin.py:137} INFO - [2022-12-22T01:44:27.403+0000] {dagbag.py:538} INFO - Filling up the DagBag from /home/airflow/.local/lib/python3.7/site-packages/airflow/example_dags/example_xcomargs.py
[2022-12-22T01:44:27.430+0000] {processor.py:753} INFO - DAG(s) dict_keys(['example_xcom_args', 'example_xcom_args_with_operators']) retrieved from /home/airflow/.local/lib/python3.7/site-packages/airflow/example_dags/example_xcomargs.py
[2022-12-22T01:44:27.475+0000] {logging_mixin.py:137} INFO - [2022-12-22T01:44:27.475+0000] {dag.py:2676} INFO - Sync 2 DAGs
[2022-12-22T01:44:27.502+0000] {logging_mixin.py:137} INFO - [2022-12-22T01:44:27.502+0000] {dag.py:3427} INFO - Setting next_dagrun for example_xcom_args to None, run_after=None
[2022-12-22T01:44:27.506+0000] {logging_mixin.py:137} INFO - [2022-12-22T01:44:27.506+0000] {dag.py:3427} INFO - Setting next_dagrun for example_xcom_args_with_operators to None, run_after=None
[2022-12-22T01:44:27.526+0000] {processor.py:175} INFO - Processing /home/airflow/.local/lib/python3.7/site-packages/airflow/example_dags/example_xcomargs.py took 0.127 seconds
[2022-12-22T01:44:58.174+0000] {processor.py:153} INFO - Started process (PID=4656) to work on /home/airflow/.local/lib/python3.7/site-packages/airflow/example_dags/example_xcomargs.py
[2022-12-22T01:44:58.174+0000] {processor.py:743} INFO - Processing file /home/airflow/.local/lib/python3.7/site-packages/airflow/example_dags/example_xcomargs.py for tasks to queue
[2022-12-22T01:44:58.175+0000] {logging_mixin.py:137} INFO - [2022-12-22T01:44:58.175+0000] {dagbag.py:538} INFO - Filling up the DagBag from /home/airflow/.local/lib/python3.7/site-packages/airflow/example_dags/example_xcomargs.py
[2022-12-22T01:44:58.200+0000] {processor.py:753} INFO - DAG(s) dict_keys(['example_xcom_args', 'example_xcom_args_with_operators']) retrieved from /home/airflow/.local/lib/python3.7/site-packages/airflow/example_dags/example_xcomargs.py
[2022-12-22T01:44:58.241+0000] {logging_mixin.py:137} INFO - [2022-12-22T01:44:58.241+0000] {dag.py:2676} INFO - Sync 2 DAGs
[2022-12-22T01:44:58.266+0000] {logging_mixin.py:137} INFO - [2022-12-22T01:44:58.266+0000] {dag.py:3427} INFO - Setting next_dagrun for example_xcom_args to None, run_after=None
[2022-12-22T01:44:58.269+0000] {logging_mixin.py:137} INFO - [2022-12-22T01:44:58.269+0000] {dag.py:3427} INFO - Setting next_dagrun for example_xcom_args_with_operators to None, run_after=None
[2022-12-22T01:44:58.287+0000] {processor.py:175} INFO - Processing /home/airflow/.local/lib/python3.7/site-packages/airflow/example_dags/example_xcomargs.py took 0.116 seconds
[2022-12-22T01:45:28.853+0000] {processor.py:153} INFO - Started process (PID=4742) to work on /home/airflow/.local/lib/python3.7/site-packages/airflow/example_dags/example_xcomargs.py
[2022-12-22T01:45:28.854+0000] {processor.py:743} INFO - Processing file /home/airflow/.local/lib/python3.7/site-packages/airflow/example_dags/example_xcomargs.py for tasks to queue
[2022-12-22T01:45:28.855+0000] {logging_mixin.py:137} INFO - [2022-12-22T01:45:28.854+0000] {dagbag.py:538} INFO - Filling up the DagBag from /home/airflow/.local/lib/python3.7/site-packages/airflow/example_dags/example_xcomargs.py
[2022-12-22T01:45:28.907+0000] {processor.py:753} INFO - DAG(s) dict_keys(['example_xcom_args', 'example_xcom_args_with_operators']) retrieved from /home/airflow/.local/lib/python3.7/site-packages/airflow/example_dags/example_xcomargs.py
[2022-12-22T01:45:29.008+0000] {logging_mixin.py:137} INFO - [2022-12-22T01:45:29.008+0000] {dag.py:2676} INFO - Sync 2 DAGs
[2022-12-22T01:45:29.044+0000] {logging_mixin.py:137} INFO - [2022-12-22T01:45:29.044+0000] {dag.py:3427} INFO - Setting next_dagrun for example_xcom_args to None, run_after=None
[2022-12-22T01:45:29.087+0000] {logging_mixin.py:137} INFO - [2022-12-22T01:45:29.087+0000] {dag.py:3427} INFO - Setting next_dagrun for example_xcom_args_with_operators to None, run_after=None
[2022-12-22T01:45:29.107+0000] {processor.py:175} INFO - Processing /home/airflow/.local/lib/python3.7/site-packages/airflow/example_dags/example_xcomargs.py took 0.257 seconds
[2022-12-22T01:45:59.233+0000] {processor.py:153} INFO - Started process (PID=4837) to work on /home/airflow/.local/lib/python3.7/site-packages/airflow/example_dags/example_xcomargs.py
[2022-12-22T01:45:59.287+0000] {processor.py:743} INFO - Processing file /home/airflow/.local/lib/python3.7/site-packages/airflow/example_dags/example_xcomargs.py for tasks to queue
[2022-12-22T01:45:59.287+0000] {logging_mixin.py:137} INFO - [2022-12-22T01:45:59.287+0000] {dagbag.py:538} INFO - Filling up the DagBag from /home/airflow/.local/lib/python3.7/site-packages/airflow/example_dags/example_xcomargs.py
[2022-12-22T01:45:59.314+0000] {processor.py:753} INFO - DAG(s) dict_keys(['example_xcom_args', 'example_xcom_args_with_operators']) retrieved from /home/airflow/.local/lib/python3.7/site-packages/airflow/example_dags/example_xcomargs.py
[2022-12-22T01:45:59.492+0000] {logging_mixin.py:137} INFO - [2022-12-22T01:45:59.492+0000] {dag.py:2676} INFO - Sync 2 DAGs
[2022-12-22T01:45:59.591+0000] {logging_mixin.py:137} INFO - [2022-12-22T01:45:59.591+0000] {dag.py:3427} INFO - Setting next_dagrun for example_xcom_args to None, run_after=None
[2022-12-22T01:45:59.595+0000] {logging_mixin.py:137} INFO - [2022-12-22T01:45:59.595+0000] {dag.py:3427} INFO - Setting next_dagrun for example_xcom_args_with_operators to None, run_after=None
[2022-12-22T01:45:59.615+0000] {processor.py:175} INFO - Processing /home/airflow/.local/lib/python3.7/site-packages/airflow/example_dags/example_xcomargs.py took 0.385 seconds
[2022-12-22T01:46:30.361+0000] {processor.py:153} INFO - Started process (PID=4938) to work on /home/airflow/.local/lib/python3.7/site-packages/airflow/example_dags/example_xcomargs.py
[2022-12-22T01:46:30.362+0000] {processor.py:743} INFO - Processing file /home/airflow/.local/lib/python3.7/site-packages/airflow/example_dags/example_xcomargs.py for tasks to queue
[2022-12-22T01:46:30.363+0000] {logging_mixin.py:137} INFO - [2022-12-22T01:46:30.363+0000] {dagbag.py:538} INFO - Filling up the DagBag from /home/airflow/.local/lib/python3.7/site-packages/airflow/example_dags/example_xcomargs.py
[2022-12-22T01:46:30.385+0000] {processor.py:753} INFO - DAG(s) dict_keys(['example_xcom_args', 'example_xcom_args_with_operators']) retrieved from /home/airflow/.local/lib/python3.7/site-packages/airflow/example_dags/example_xcomargs.py
[2022-12-22T01:46:30.425+0000] {logging_mixin.py:137} INFO - [2022-12-22T01:46:30.424+0000] {dag.py:2676} INFO - Sync 2 DAGs
[2022-12-22T01:46:30.448+0000] {logging_mixin.py:137} INFO - [2022-12-22T01:46:30.447+0000] {dag.py:3427} INFO - Setting next_dagrun for example_xcom_args to None, run_after=None
[2022-12-22T01:46:30.451+0000] {logging_mixin.py:137} INFO - [2022-12-22T01:46:30.450+0000] {dag.py:3427} INFO - Setting next_dagrun for example_xcom_args_with_operators to None, run_after=None
[2022-12-22T01:46:30.465+0000] {processor.py:175} INFO - Processing /home/airflow/.local/lib/python3.7/site-packages/airflow/example_dags/example_xcomargs.py took 0.106 seconds
[2022-12-22T01:47:01.233+0000] {processor.py:153} INFO - Started process (PID=5024) to work on /home/airflow/.local/lib/python3.7/site-packages/airflow/example_dags/example_xcomargs.py
[2022-12-22T01:47:01.234+0000] {processor.py:743} INFO - Processing file /home/airflow/.local/lib/python3.7/site-packages/airflow/example_dags/example_xcomargs.py for tasks to queue
[2022-12-22T01:47:01.234+0000] {logging_mixin.py:137} INFO - [2022-12-22T01:47:01.234+0000] {dagbag.py:538} INFO - Filling up the DagBag from /home/airflow/.local/lib/python3.7/site-packages/airflow/example_dags/example_xcomargs.py
[2022-12-22T01:47:01.257+0000] {processor.py:753} INFO - DAG(s) dict_keys(['example_xcom_args', 'example_xcom_args_with_operators']) retrieved from /home/airflow/.local/lib/python3.7/site-packages/airflow/example_dags/example_xcomargs.py
[2022-12-22T01:47:01.295+0000] {logging_mixin.py:137} INFO - [2022-12-22T01:47:01.295+0000] {dag.py:2676} INFO - Sync 2 DAGs
[2022-12-22T01:47:01.319+0000] {logging_mixin.py:137} INFO - [2022-12-22T01:47:01.319+0000] {dag.py:3427} INFO - Setting next_dagrun for example_xcom_args to None, run_after=None
[2022-12-22T01:47:01.323+0000] {logging_mixin.py:137} INFO - [2022-12-22T01:47:01.322+0000] {dag.py:3427} INFO - Setting next_dagrun for example_xcom_args_with_operators to None, run_after=None
[2022-12-22T01:47:01.339+0000] {processor.py:175} INFO - Processing /home/airflow/.local/lib/python3.7/site-packages/airflow/example_dags/example_xcomargs.py took 0.109 seconds
[2022-12-22T01:47:31.549+0000] {processor.py:153} INFO - Started process (PID=5134) to work on /home/airflow/.local/lib/python3.7/site-packages/airflow/example_dags/example_xcomargs.py
[2022-12-22T01:47:31.550+0000] {processor.py:743} INFO - Processing file /home/airflow/.local/lib/python3.7/site-packages/airflow/example_dags/example_xcomargs.py for tasks to queue
[2022-12-22T01:47:31.551+0000] {logging_mixin.py:137} INFO - [2022-12-22T01:47:31.551+0000] {dagbag.py:538} INFO - Filling up the DagBag from /home/airflow/.local/lib/python3.7/site-packages/airflow/example_dags/example_xcomargs.py
[2022-12-22T01:47:31.576+0000] {processor.py:753} INFO - DAG(s) dict_keys(['example_xcom_args', 'example_xcom_args_with_operators']) retrieved from /home/airflow/.local/lib/python3.7/site-packages/airflow/example_dags/example_xcomargs.py
[2022-12-22T01:47:31.614+0000] {logging_mixin.py:137} INFO - [2022-12-22T01:47:31.614+0000] {dag.py:2676} INFO - Sync 2 DAGs
[2022-12-22T01:47:31.640+0000] {logging_mixin.py:137} INFO - [2022-12-22T01:47:31.639+0000] {dag.py:3427} INFO - Setting next_dagrun for example_xcom_args to None, run_after=None
[2022-12-22T01:47:31.645+0000] {logging_mixin.py:137} INFO - [2022-12-22T01:47:31.645+0000] {dag.py:3427} INFO - Setting next_dagrun for example_xcom_args_with_operators to None, run_after=None
[2022-12-22T01:47:31.664+0000] {processor.py:175} INFO - Processing /home/airflow/.local/lib/python3.7/site-packages/airflow/example_dags/example_xcomargs.py took 0.117 seconds
[2022-12-22T01:48:02.134+0000] {processor.py:153} INFO - Started process (PID=5220) to work on /home/airflow/.local/lib/python3.7/site-packages/airflow/example_dags/example_xcomargs.py
[2022-12-22T01:48:02.135+0000] {processor.py:743} INFO - Processing file /home/airflow/.local/lib/python3.7/site-packages/airflow/example_dags/example_xcomargs.py for tasks to queue
[2022-12-22T01:48:02.136+0000] {logging_mixin.py:137} INFO - [2022-12-22T01:48:02.136+0000] {dagbag.py:538} INFO - Filling up the DagBag from /home/airflow/.local/lib/python3.7/site-packages/airflow/example_dags/example_xcomargs.py
[2022-12-22T01:48:02.161+0000] {processor.py:753} INFO - DAG(s) dict_keys(['example_xcom_args', 'example_xcom_args_with_operators']) retrieved from /home/airflow/.local/lib/python3.7/site-packages/airflow/example_dags/example_xcomargs.py
[2022-12-22T01:48:02.201+0000] {logging_mixin.py:137} INFO - [2022-12-22T01:48:02.201+0000] {dag.py:2676} INFO - Sync 2 DAGs
[2022-12-22T01:48:02.226+0000] {logging_mixin.py:137} INFO - [2022-12-22T01:48:02.226+0000] {dag.py:3427} INFO - Setting next_dagrun for example_xcom_args to None, run_after=None
[2022-12-22T01:48:02.229+0000] {logging_mixin.py:137} INFO - [2022-12-22T01:48:02.229+0000] {dag.py:3427} INFO - Setting next_dagrun for example_xcom_args_with_operators to None, run_after=None
[2022-12-22T01:48:02.243+0000] {processor.py:175} INFO - Processing /home/airflow/.local/lib/python3.7/site-packages/airflow/example_dags/example_xcomargs.py took 0.112 seconds
[2022-12-22T01:48:32.463+0000] {processor.py:153} INFO - Started process (PID=5306) to work on /home/airflow/.local/lib/python3.7/site-packages/airflow/example_dags/example_xcomargs.py
[2022-12-22T01:48:32.464+0000] {processor.py:743} INFO - Processing file /home/airflow/.local/lib/python3.7/site-packages/airflow/example_dags/example_xcomargs.py for tasks to queue
[2022-12-22T01:48:32.464+0000] {logging_mixin.py:137} INFO - [2022-12-22T01:48:32.464+0000] {dagbag.py:538} INFO - Filling up the DagBag from /home/airflow/.local/lib/python3.7/site-packages/airflow/example_dags/example_xcomargs.py
[2022-12-22T01:48:32.487+0000] {processor.py:753} INFO - DAG(s) dict_keys(['example_xcom_args_with_operators', 'example_xcom_args']) retrieved from /home/airflow/.local/lib/python3.7/site-packages/airflow/example_dags/example_xcomargs.py
[2022-12-22T01:48:32.525+0000] {logging_mixin.py:137} INFO - [2022-12-22T01:48:32.525+0000] {dag.py:2676} INFO - Sync 2 DAGs
[2022-12-22T01:48:32.551+0000] {logging_mixin.py:137} INFO - [2022-12-22T01:48:32.551+0000] {dag.py:3427} INFO - Setting next_dagrun for example_xcom_args to None, run_after=None
[2022-12-22T01:48:32.555+0000] {logging_mixin.py:137} INFO - [2022-12-22T01:48:32.555+0000] {dag.py:3427} INFO - Setting next_dagrun for example_xcom_args_with_operators to None, run_after=None
[2022-12-22T01:48:32.570+0000] {processor.py:175} INFO - Processing /home/airflow/.local/lib/python3.7/site-packages/airflow/example_dags/example_xcomargs.py took 0.110 seconds
[2022-12-22T01:49:03.123+0000] {processor.py:153} INFO - Started process (PID=5416) to work on /home/airflow/.local/lib/python3.7/site-packages/airflow/example_dags/example_xcomargs.py
[2022-12-22T01:49:03.124+0000] {processor.py:743} INFO - Processing file /home/airflow/.local/lib/python3.7/site-packages/airflow/example_dags/example_xcomargs.py for tasks to queue
[2022-12-22T01:49:03.125+0000] {logging_mixin.py:137} INFO - [2022-12-22T01:49:03.125+0000] {dagbag.py:538} INFO - Filling up the DagBag from /home/airflow/.local/lib/python3.7/site-packages/airflow/example_dags/example_xcomargs.py
[2022-12-22T01:49:03.153+0000] {processor.py:753} INFO - DAG(s) dict_keys(['example_xcom_args_with_operators', 'example_xcom_args']) retrieved from /home/airflow/.local/lib/python3.7/site-packages/airflow/example_dags/example_xcomargs.py
[2022-12-22T01:49:03.195+0000] {logging_mixin.py:137} INFO - [2022-12-22T01:49:03.195+0000] {dag.py:2676} INFO - Sync 2 DAGs
[2022-12-22T01:49:03.219+0000] {logging_mixin.py:137} INFO - [2022-12-22T01:49:03.219+0000] {dag.py:3427} INFO - Setting next_dagrun for example_xcom_args to None, run_after=None
[2022-12-22T01:49:03.222+0000] {logging_mixin.py:137} INFO - [2022-12-22T01:49:03.222+0000] {dag.py:3427} INFO - Setting next_dagrun for example_xcom_args_with_operators to None, run_after=None
[2022-12-22T01:49:03.237+0000] {processor.py:175} INFO - Processing /home/airflow/.local/lib/python3.7/site-packages/airflow/example_dags/example_xcomargs.py took 0.116 seconds
[2022-12-22T01:49:33.429+0000] {processor.py:153} INFO - Started process (PID=5502) to work on /home/airflow/.local/lib/python3.7/site-packages/airflow/example_dags/example_xcomargs.py
[2022-12-22T01:49:33.430+0000] {processor.py:743} INFO - Processing file /home/airflow/.local/lib/python3.7/site-packages/airflow/example_dags/example_xcomargs.py for tasks to queue
[2022-12-22T01:49:33.431+0000] {logging_mixin.py:137} INFO - [2022-12-22T01:49:33.431+0000] {dagbag.py:538} INFO - Filling up the DagBag from /home/airflow/.local/lib/python3.7/site-packages/airflow/example_dags/example_xcomargs.py
[2022-12-22T01:49:33.457+0000] {processor.py:753} INFO - DAG(s) dict_keys(['example_xcom_args_with_operators', 'example_xcom_args']) retrieved from /home/airflow/.local/lib/python3.7/site-packages/airflow/example_dags/example_xcomargs.py
[2022-12-22T01:49:33.500+0000] {logging_mixin.py:137} INFO - [2022-12-22T01:49:33.500+0000] {dag.py:2676} INFO - Sync 2 DAGs
[2022-12-22T01:49:33.527+0000] {logging_mixin.py:137} INFO - [2022-12-22T01:49:33.527+0000] {dag.py:3427} INFO - Setting next_dagrun for example_xcom_args to None, run_after=None
[2022-12-22T01:49:33.534+0000] {logging_mixin.py:137} INFO - [2022-12-22T01:49:33.533+0000] {dag.py:3427} INFO - Setting next_dagrun for example_xcom_args_with_operators to None, run_after=None
[2022-12-22T01:49:33.552+0000] {processor.py:175} INFO - Processing /home/airflow/.local/lib/python3.7/site-packages/airflow/example_dags/example_xcomargs.py took 0.125 seconds
[2022-12-22T01:50:04.049+0000] {processor.py:153} INFO - Started process (PID=5588) to work on /home/airflow/.local/lib/python3.7/site-packages/airflow/example_dags/example_xcomargs.py
[2022-12-22T01:50:04.087+0000] {processor.py:743} INFO - Processing file /home/airflow/.local/lib/python3.7/site-packages/airflow/example_dags/example_xcomargs.py for tasks to queue
[2022-12-22T01:50:04.087+0000] {logging_mixin.py:137} INFO - [2022-12-22T01:50:04.087+0000] {dagbag.py:538} INFO - Filling up the DagBag from /home/airflow/.local/lib/python3.7/site-packages/airflow/example_dags/example_xcomargs.py
[2022-12-22T01:50:04.112+0000] {processor.py:753} INFO - DAG(s) dict_keys(['example_xcom_args', 'example_xcom_args_with_operators']) retrieved from /home/airflow/.local/lib/python3.7/site-packages/airflow/example_dags/example_xcomargs.py
[2022-12-22T01:50:04.152+0000] {logging_mixin.py:137} INFO - [2022-12-22T01:50:04.152+0000] {dag.py:2676} INFO - Sync 2 DAGs
[2022-12-22T01:50:04.187+0000] {logging_mixin.py:137} INFO - [2022-12-22T01:50:04.187+0000] {dag.py:3427} INFO - Setting next_dagrun for example_xcom_args to None, run_after=None
[2022-12-22T01:50:04.190+0000] {logging_mixin.py:137} INFO - [2022-12-22T01:50:04.190+0000] {dag.py:3427} INFO - Setting next_dagrun for example_xcom_args_with_operators to None, run_after=None
[2022-12-22T01:50:04.206+0000] {processor.py:175} INFO - Processing /home/airflow/.local/lib/python3.7/site-packages/airflow/example_dags/example_xcomargs.py took 0.159 seconds
[2022-12-22T01:50:34.455+0000] {processor.py:153} INFO - Started process (PID=5674) to work on /home/airflow/.local/lib/python3.7/site-packages/airflow/example_dags/example_xcomargs.py
[2022-12-22T01:50:34.455+0000] {processor.py:743} INFO - Processing file /home/airflow/.local/lib/python3.7/site-packages/airflow/example_dags/example_xcomargs.py for tasks to queue
[2022-12-22T01:50:34.456+0000] {logging_mixin.py:137} INFO - [2022-12-22T01:50:34.456+0000] {dagbag.py:538} INFO - Filling up the DagBag from /home/airflow/.local/lib/python3.7/site-packages/airflow/example_dags/example_xcomargs.py
[2022-12-22T01:50:34.479+0000] {processor.py:753} INFO - DAG(s) dict_keys(['example_xcom_args_with_operators', 'example_xcom_args']) retrieved from /home/airflow/.local/lib/python3.7/site-packages/airflow/example_dags/example_xcomargs.py
[2022-12-22T01:50:34.517+0000] {logging_mixin.py:137} INFO - [2022-12-22T01:50:34.517+0000] {dag.py:2676} INFO - Sync 2 DAGs
[2022-12-22T01:50:34.542+0000] {logging_mixin.py:137} INFO - [2022-12-22T01:50:34.542+0000] {dag.py:3427} INFO - Setting next_dagrun for example_xcom_args to None, run_after=None
[2022-12-22T01:50:34.546+0000] {logging_mixin.py:137} INFO - [2022-12-22T01:50:34.546+0000] {dag.py:3427} INFO - Setting next_dagrun for example_xcom_args_with_operators to None, run_after=None
[2022-12-22T01:50:34.561+0000] {processor.py:175} INFO - Processing /home/airflow/.local/lib/python3.7/site-packages/airflow/example_dags/example_xcomargs.py took 0.109 seconds
[2022-12-22T01:51:05.105+0000] {processor.py:153} INFO - Started process (PID=5784) to work on /home/airflow/.local/lib/python3.7/site-packages/airflow/example_dags/example_xcomargs.py
[2022-12-22T01:51:05.106+0000] {processor.py:743} INFO - Processing file /home/airflow/.local/lib/python3.7/site-packages/airflow/example_dags/example_xcomargs.py for tasks to queue
[2022-12-22T01:51:05.106+0000] {logging_mixin.py:137} INFO - [2022-12-22T01:51:05.106+0000] {dagbag.py:538} INFO - Filling up the DagBag from /home/airflow/.local/lib/python3.7/site-packages/airflow/example_dags/example_xcomargs.py
[2022-12-22T01:51:05.133+0000] {processor.py:753} INFO - DAG(s) dict_keys(['example_xcom_args_with_operators', 'example_xcom_args']) retrieved from /home/airflow/.local/lib/python3.7/site-packages/airflow/example_dags/example_xcomargs.py
[2022-12-22T01:51:05.177+0000] {logging_mixin.py:137} INFO - [2022-12-22T01:51:05.177+0000] {dag.py:2676} INFO - Sync 2 DAGs
[2022-12-22T01:51:05.202+0000] {logging_mixin.py:137} INFO - [2022-12-22T01:51:05.202+0000] {dag.py:3427} INFO - Setting next_dagrun for example_xcom_args to None, run_after=None
[2022-12-22T01:51:05.206+0000] {logging_mixin.py:137} INFO - [2022-12-22T01:51:05.205+0000] {dag.py:3427} INFO - Setting next_dagrun for example_xcom_args_with_operators to None, run_after=None
[2022-12-22T01:51:05.221+0000] {processor.py:175} INFO - Processing /home/airflow/.local/lib/python3.7/site-packages/airflow/example_dags/example_xcomargs.py took 0.119 seconds
