[2022-12-22T01:20:24.809+0000] {processor.py:153} INFO - Started process (PID=133) to work on /home/airflow/.local/lib/python3.7/site-packages/airflow/example_dags/example_skip_dag.py
[2022-12-22T01:20:24.810+0000] {processor.py:743} INFO - Processing file /home/airflow/.local/lib/python3.7/site-packages/airflow/example_dags/example_skip_dag.py for tasks to queue
[2022-12-22T01:20:24.810+0000] {logging_mixin.py:137} INFO - [2022-12-22T01:20:24.810+0000] {dagbag.py:538} INFO - Filling up the DagBag from /home/airflow/.local/lib/python3.7/site-packages/airflow/example_dags/example_skip_dag.py
[2022-12-22T01:20:24.898+0000] {processor.py:753} INFO - DAG(s) dict_keys(['example_skip_dag']) retrieved from /home/airflow/.local/lib/python3.7/site-packages/airflow/example_dags/example_skip_dag.py
[2022-12-22T01:20:25.096+0000] {logging_mixin.py:137} INFO - [2022-12-22T01:20:25.096+0000] {dag.py:2676} INFO - Sync 1 DAGs
[2022-12-22T01:20:25.286+0000] {logging_mixin.py:137} INFO - [2022-12-22T01:20:25.212+0000] {dag.py:3427} INFO - Setting next_dagrun for example_skip_dag to 2022-12-21T01:20:25.212546+00:00, run_after=2022-12-22T01:20:25.212546+00:00
[2022-12-22T01:20:25.394+0000] {processor.py:175} INFO - Processing /home/airflow/.local/lib/python3.7/site-packages/airflow/example_dags/example_skip_dag.py took 0.589 seconds
[2022-12-22T01:20:55.472+0000] {processor.py:153} INFO - Started process (PID=219) to work on /home/airflow/.local/lib/python3.7/site-packages/airflow/example_dags/example_skip_dag.py
[2022-12-22T01:20:55.473+0000] {processor.py:743} INFO - Processing file /home/airflow/.local/lib/python3.7/site-packages/airflow/example_dags/example_skip_dag.py for tasks to queue
[2022-12-22T01:20:55.473+0000] {logging_mixin.py:137} INFO - [2022-12-22T01:20:55.473+0000] {dagbag.py:538} INFO - Filling up the DagBag from /home/airflow/.local/lib/python3.7/site-packages/airflow/example_dags/example_skip_dag.py
[2022-12-22T01:20:55.485+0000] {processor.py:753} INFO - DAG(s) dict_keys(['example_skip_dag']) retrieved from /home/airflow/.local/lib/python3.7/site-packages/airflow/example_dags/example_skip_dag.py
[2022-12-22T01:20:55.521+0000] {logging_mixin.py:137} INFO - [2022-12-22T01:20:55.521+0000] {dag.py:2676} INFO - Sync 1 DAGs
[2022-12-22T01:20:55.545+0000] {logging_mixin.py:137} INFO - [2022-12-22T01:20:55.545+0000] {dag.py:3427} INFO - Setting next_dagrun for example_skip_dag to 2022-12-21T01:20:55.544932+00:00, run_after=2022-12-22T01:20:55.544932+00:00
[2022-12-22T01:20:55.561+0000] {processor.py:175} INFO - Processing /home/airflow/.local/lib/python3.7/site-packages/airflow/example_dags/example_skip_dag.py took 0.092 seconds
[2022-12-22T01:21:25.636+0000] {processor.py:153} INFO - Started process (PID=305) to work on /home/airflow/.local/lib/python3.7/site-packages/airflow/example_dags/example_skip_dag.py
[2022-12-22T01:21:25.637+0000] {processor.py:743} INFO - Processing file /home/airflow/.local/lib/python3.7/site-packages/airflow/example_dags/example_skip_dag.py for tasks to queue
[2022-12-22T01:21:25.637+0000] {logging_mixin.py:137} INFO - [2022-12-22T01:21:25.637+0000] {dagbag.py:538} INFO - Filling up the DagBag from /home/airflow/.local/lib/python3.7/site-packages/airflow/example_dags/example_skip_dag.py
[2022-12-22T01:21:25.649+0000] {processor.py:753} INFO - DAG(s) dict_keys(['example_skip_dag']) retrieved from /home/airflow/.local/lib/python3.7/site-packages/airflow/example_dags/example_skip_dag.py
[2022-12-22T01:21:25.681+0000] {logging_mixin.py:137} INFO - [2022-12-22T01:21:25.681+0000] {dag.py:2676} INFO - Sync 1 DAGs
[2022-12-22T01:21:25.704+0000] {logging_mixin.py:137} INFO - [2022-12-22T01:21:25.704+0000] {dag.py:3427} INFO - Setting next_dagrun for example_skip_dag to 2022-12-21T01:21:25.703841+00:00, run_after=2022-12-22T01:21:25.703841+00:00
[2022-12-22T01:21:25.720+0000] {processor.py:175} INFO - Processing /home/airflow/.local/lib/python3.7/site-packages/airflow/example_dags/example_skip_dag.py took 0.087 seconds
[2022-12-22T01:21:56.017+0000] {processor.py:153} INFO - Started process (PID=400) to work on /home/airflow/.local/lib/python3.7/site-packages/airflow/example_dags/example_skip_dag.py
[2022-12-22T01:21:56.018+0000] {processor.py:743} INFO - Processing file /home/airflow/.local/lib/python3.7/site-packages/airflow/example_dags/example_skip_dag.py for tasks to queue
[2022-12-22T01:21:56.018+0000] {logging_mixin.py:137} INFO - [2022-12-22T01:21:56.018+0000] {dagbag.py:538} INFO - Filling up the DagBag from /home/airflow/.local/lib/python3.7/site-packages/airflow/example_dags/example_skip_dag.py
[2022-12-22T01:21:56.031+0000] {processor.py:753} INFO - DAG(s) dict_keys(['example_skip_dag']) retrieved from /home/airflow/.local/lib/python3.7/site-packages/airflow/example_dags/example_skip_dag.py
[2022-12-22T01:21:56.064+0000] {logging_mixin.py:137} INFO - [2022-12-22T01:21:56.064+0000] {dag.py:2676} INFO - Sync 1 DAGs
[2022-12-22T01:21:56.090+0000] {logging_mixin.py:137} INFO - [2022-12-22T01:21:56.090+0000] {dag.py:3427} INFO - Setting next_dagrun for example_skip_dag to 2022-12-21T01:21:56.090064+00:00, run_after=2022-12-22T01:21:56.090064+00:00
[2022-12-22T01:21:56.106+0000] {processor.py:175} INFO - Processing /home/airflow/.local/lib/python3.7/site-packages/airflow/example_dags/example_skip_dag.py took 0.092 seconds
[2022-12-22T01:22:26.370+0000] {processor.py:153} INFO - Started process (PID=501) to work on /home/airflow/.local/lib/python3.7/site-packages/airflow/example_dags/example_skip_dag.py
[2022-12-22T01:22:26.371+0000] {processor.py:743} INFO - Processing file /home/airflow/.local/lib/python3.7/site-packages/airflow/example_dags/example_skip_dag.py for tasks to queue
[2022-12-22T01:22:26.372+0000] {logging_mixin.py:137} INFO - [2022-12-22T01:22:26.371+0000] {dagbag.py:538} INFO - Filling up the DagBag from /home/airflow/.local/lib/python3.7/site-packages/airflow/example_dags/example_skip_dag.py
[2022-12-22T01:22:26.383+0000] {processor.py:753} INFO - DAG(s) dict_keys(['example_skip_dag']) retrieved from /home/airflow/.local/lib/python3.7/site-packages/airflow/example_dags/example_skip_dag.py
[2022-12-22T01:22:26.421+0000] {logging_mixin.py:137} INFO - [2022-12-22T01:22:26.420+0000] {dag.py:2676} INFO - Sync 1 DAGs
[2022-12-22T01:22:26.444+0000] {logging_mixin.py:137} INFO - [2022-12-22T01:22:26.444+0000] {dag.py:3427} INFO - Setting next_dagrun for example_skip_dag to 2022-12-21T01:22:26.444146+00:00, run_after=2022-12-22T01:22:26.444146+00:00
[2022-12-22T01:22:26.460+0000] {processor.py:175} INFO - Processing /home/airflow/.local/lib/python3.7/site-packages/airflow/example_dags/example_skip_dag.py took 0.092 seconds
[2022-12-22T01:22:56.570+0000] {processor.py:153} INFO - Started process (PID=587) to work on /home/airflow/.local/lib/python3.7/site-packages/airflow/example_dags/example_skip_dag.py
[2022-12-22T01:22:56.571+0000] {processor.py:743} INFO - Processing file /home/airflow/.local/lib/python3.7/site-packages/airflow/example_dags/example_skip_dag.py for tasks to queue
[2022-12-22T01:22:56.571+0000] {logging_mixin.py:137} INFO - [2022-12-22T01:22:56.571+0000] {dagbag.py:538} INFO - Filling up the DagBag from /home/airflow/.local/lib/python3.7/site-packages/airflow/example_dags/example_skip_dag.py
[2022-12-22T01:22:56.583+0000] {processor.py:753} INFO - DAG(s) dict_keys(['example_skip_dag']) retrieved from /home/airflow/.local/lib/python3.7/site-packages/airflow/example_dags/example_skip_dag.py
[2022-12-22T01:22:56.616+0000] {logging_mixin.py:137} INFO - [2022-12-22T01:22:56.616+0000] {dag.py:2676} INFO - Sync 1 DAGs
[2022-12-22T01:22:56.637+0000] {logging_mixin.py:137} INFO - [2022-12-22T01:22:56.637+0000] {dag.py:3427} INFO - Setting next_dagrun for example_skip_dag to 2022-12-21T01:22:56.637505+00:00, run_after=2022-12-22T01:22:56.637505+00:00
[2022-12-22T01:22:56.653+0000] {processor.py:175} INFO - Processing /home/airflow/.local/lib/python3.7/site-packages/airflow/example_dags/example_skip_dag.py took 0.086 seconds
[2022-12-22T01:23:26.958+0000] {processor.py:153} INFO - Started process (PID=697) to work on /home/airflow/.local/lib/python3.7/site-packages/airflow/example_dags/example_skip_dag.py
[2022-12-22T01:23:26.959+0000] {processor.py:743} INFO - Processing file /home/airflow/.local/lib/python3.7/site-packages/airflow/example_dags/example_skip_dag.py for tasks to queue
[2022-12-22T01:23:26.959+0000] {logging_mixin.py:137} INFO - [2022-12-22T01:23:26.959+0000] {dagbag.py:538} INFO - Filling up the DagBag from /home/airflow/.local/lib/python3.7/site-packages/airflow/example_dags/example_skip_dag.py
[2022-12-22T01:23:26.971+0000] {processor.py:753} INFO - DAG(s) dict_keys(['example_skip_dag']) retrieved from /home/airflow/.local/lib/python3.7/site-packages/airflow/example_dags/example_skip_dag.py
[2022-12-22T01:23:27.004+0000] {logging_mixin.py:137} INFO - [2022-12-22T01:23:27.004+0000] {dag.py:2676} INFO - Sync 1 DAGs
[2022-12-22T01:23:27.027+0000] {logging_mixin.py:137} INFO - [2022-12-22T01:23:27.027+0000] {dag.py:3427} INFO - Setting next_dagrun for example_skip_dag to 2022-12-21T01:23:27.026943+00:00, run_after=2022-12-22T01:23:27.026943+00:00
[2022-12-22T01:23:27.043+0000] {processor.py:175} INFO - Processing /home/airflow/.local/lib/python3.7/site-packages/airflow/example_dags/example_skip_dag.py took 0.087 seconds
[2022-12-22T01:23:57.090+0000] {processor.py:153} INFO - Started process (PID=783) to work on /home/airflow/.local/lib/python3.7/site-packages/airflow/example_dags/example_skip_dag.py
[2022-12-22T01:23:57.091+0000] {processor.py:743} INFO - Processing file /home/airflow/.local/lib/python3.7/site-packages/airflow/example_dags/example_skip_dag.py for tasks to queue
[2022-12-22T01:23:57.092+0000] {logging_mixin.py:137} INFO - [2022-12-22T01:23:57.091+0000] {dagbag.py:538} INFO - Filling up the DagBag from /home/airflow/.local/lib/python3.7/site-packages/airflow/example_dags/example_skip_dag.py
[2022-12-22T01:23:57.104+0000] {processor.py:753} INFO - DAG(s) dict_keys(['example_skip_dag']) retrieved from /home/airflow/.local/lib/python3.7/site-packages/airflow/example_dags/example_skip_dag.py
[2022-12-22T01:23:57.141+0000] {logging_mixin.py:137} INFO - [2022-12-22T01:23:57.141+0000] {dag.py:2676} INFO - Sync 1 DAGs
[2022-12-22T01:23:57.164+0000] {logging_mixin.py:137} INFO - [2022-12-22T01:23:57.164+0000] {dag.py:3427} INFO - Setting next_dagrun for example_skip_dag to 2022-12-21T01:23:57.164465+00:00, run_after=2022-12-22T01:23:57.164465+00:00
[2022-12-22T01:23:57.182+0000] {processor.py:175} INFO - Processing /home/airflow/.local/lib/python3.7/site-packages/airflow/example_dags/example_skip_dag.py took 0.095 seconds
[2022-12-22T01:24:27.791+0000] {processor.py:153} INFO - Started process (PID=878) to work on /home/airflow/.local/lib/python3.7/site-packages/airflow/example_dags/example_skip_dag.py
[2022-12-22T01:24:27.792+0000] {processor.py:743} INFO - Processing file /home/airflow/.local/lib/python3.7/site-packages/airflow/example_dags/example_skip_dag.py for tasks to queue
[2022-12-22T01:24:27.793+0000] {logging_mixin.py:137} INFO - [2022-12-22T01:24:27.793+0000] {dagbag.py:538} INFO - Filling up the DagBag from /home/airflow/.local/lib/python3.7/site-packages/airflow/example_dags/example_skip_dag.py
[2022-12-22T01:24:27.811+0000] {processor.py:753} INFO - DAG(s) dict_keys(['example_skip_dag']) retrieved from /home/airflow/.local/lib/python3.7/site-packages/airflow/example_dags/example_skip_dag.py
[2022-12-22T01:24:27.849+0000] {logging_mixin.py:137} INFO - [2022-12-22T01:24:27.849+0000] {dag.py:2676} INFO - Sync 1 DAGs
[2022-12-22T01:24:27.921+0000] {logging_mixin.py:137} INFO - [2022-12-22T01:24:27.921+0000] {dag.py:3427} INFO - Setting next_dagrun for example_skip_dag to 2022-12-21T01:24:27.920807+00:00, run_after=2022-12-22T01:24:27.920807+00:00
[2022-12-22T01:24:27.940+0000] {processor.py:175} INFO - Processing /home/airflow/.local/lib/python3.7/site-packages/airflow/example_dags/example_skip_dag.py took 0.153 seconds
[2022-12-22T01:24:58.213+0000] {processor.py:153} INFO - Started process (PID=979) to work on /home/airflow/.local/lib/python3.7/site-packages/airflow/example_dags/example_skip_dag.py
[2022-12-22T01:24:58.214+0000] {processor.py:743} INFO - Processing file /home/airflow/.local/lib/python3.7/site-packages/airflow/example_dags/example_skip_dag.py for tasks to queue
[2022-12-22T01:24:58.214+0000] {logging_mixin.py:137} INFO - [2022-12-22T01:24:58.214+0000] {dagbag.py:538} INFO - Filling up the DagBag from /home/airflow/.local/lib/python3.7/site-packages/airflow/example_dags/example_skip_dag.py
[2022-12-22T01:24:58.226+0000] {processor.py:753} INFO - DAG(s) dict_keys(['example_skip_dag']) retrieved from /home/airflow/.local/lib/python3.7/site-packages/airflow/example_dags/example_skip_dag.py
[2022-12-22T01:24:58.260+0000] {logging_mixin.py:137} INFO - [2022-12-22T01:24:58.260+0000] {dag.py:2676} INFO - Sync 1 DAGs
[2022-12-22T01:24:58.283+0000] {logging_mixin.py:137} INFO - [2022-12-22T01:24:58.283+0000] {dag.py:3427} INFO - Setting next_dagrun for example_skip_dag to 2022-12-21T01:24:58.283179+00:00, run_after=2022-12-22T01:24:58.283179+00:00
[2022-12-22T01:24:58.301+0000] {processor.py:175} INFO - Processing /home/airflow/.local/lib/python3.7/site-packages/airflow/example_dags/example_skip_dag.py took 0.090 seconds
[2022-12-22T01:25:29.227+0000] {processor.py:153} INFO - Started process (PID=1065) to work on /home/airflow/.local/lib/python3.7/site-packages/airflow/example_dags/example_skip_dag.py
[2022-12-22T01:25:29.227+0000] {processor.py:743} INFO - Processing file /home/airflow/.local/lib/python3.7/site-packages/airflow/example_dags/example_skip_dag.py for tasks to queue
[2022-12-22T01:25:29.228+0000] {logging_mixin.py:137} INFO - [2022-12-22T01:25:29.228+0000] {dagbag.py:538} INFO - Filling up the DagBag from /home/airflow/.local/lib/python3.7/site-packages/airflow/example_dags/example_skip_dag.py
[2022-12-22T01:25:29.241+0000] {processor.py:753} INFO - DAG(s) dict_keys(['example_skip_dag']) retrieved from /home/airflow/.local/lib/python3.7/site-packages/airflow/example_dags/example_skip_dag.py
[2022-12-22T01:25:29.276+0000] {logging_mixin.py:137} INFO - [2022-12-22T01:25:29.276+0000] {dag.py:2676} INFO - Sync 1 DAGs
[2022-12-22T01:25:29.300+0000] {logging_mixin.py:137} INFO - [2022-12-22T01:25:29.300+0000] {dag.py:3427} INFO - Setting next_dagrun for example_skip_dag to 2022-12-21T01:25:29.299943+00:00, run_after=2022-12-22T01:25:29.299943+00:00
[2022-12-22T01:25:29.318+0000] {processor.py:175} INFO - Processing /home/airflow/.local/lib/python3.7/site-packages/airflow/example_dags/example_skip_dag.py took 0.094 seconds
[2022-12-22T01:25:59.557+0000] {processor.py:153} INFO - Started process (PID=1175) to work on /home/airflow/.local/lib/python3.7/site-packages/airflow/example_dags/example_skip_dag.py
[2022-12-22T01:25:59.557+0000] {processor.py:743} INFO - Processing file /home/airflow/.local/lib/python3.7/site-packages/airflow/example_dags/example_skip_dag.py for tasks to queue
[2022-12-22T01:25:59.558+0000] {logging_mixin.py:137} INFO - [2022-12-22T01:25:59.558+0000] {dagbag.py:538} INFO - Filling up the DagBag from /home/airflow/.local/lib/python3.7/site-packages/airflow/example_dags/example_skip_dag.py
[2022-12-22T01:25:59.570+0000] {processor.py:753} INFO - DAG(s) dict_keys(['example_skip_dag']) retrieved from /home/airflow/.local/lib/python3.7/site-packages/airflow/example_dags/example_skip_dag.py
[2022-12-22T01:25:59.606+0000] {logging_mixin.py:137} INFO - [2022-12-22T01:25:59.606+0000] {dag.py:2676} INFO - Sync 1 DAGs
[2022-12-22T01:25:59.631+0000] {logging_mixin.py:137} INFO - [2022-12-22T01:25:59.631+0000] {dag.py:3427} INFO - Setting next_dagrun for example_skip_dag to 2022-12-21T01:25:59.631588+00:00, run_after=2022-12-22T01:25:59.631588+00:00
[2022-12-22T01:25:59.649+0000] {processor.py:175} INFO - Processing /home/airflow/.local/lib/python3.7/site-packages/airflow/example_dags/example_skip_dag.py took 0.095 seconds
[2022-12-22T01:26:30.506+0000] {processor.py:153} INFO - Started process (PID=1260) to work on /home/airflow/.local/lib/python3.7/site-packages/airflow/example_dags/example_skip_dag.py
[2022-12-22T01:26:30.507+0000] {processor.py:743} INFO - Processing file /home/airflow/.local/lib/python3.7/site-packages/airflow/example_dags/example_skip_dag.py for tasks to queue
[2022-12-22T01:26:30.508+0000] {logging_mixin.py:137} INFO - [2022-12-22T01:26:30.508+0000] {dagbag.py:538} INFO - Filling up the DagBag from /home/airflow/.local/lib/python3.7/site-packages/airflow/example_dags/example_skip_dag.py
[2022-12-22T01:26:30.525+0000] {processor.py:753} INFO - DAG(s) dict_keys(['example_skip_dag']) retrieved from /home/airflow/.local/lib/python3.7/site-packages/airflow/example_dags/example_skip_dag.py
[2022-12-22T01:26:30.628+0000] {logging_mixin.py:137} INFO - [2022-12-22T01:26:30.628+0000] {dag.py:2676} INFO - Sync 1 DAGs
[2022-12-22T01:26:30.704+0000] {logging_mixin.py:137} INFO - [2022-12-22T01:26:30.704+0000] {dag.py:3427} INFO - Setting next_dagrun for example_skip_dag to 2022-12-21T01:26:30.704295+00:00, run_after=2022-12-22T01:26:30.704295+00:00
[2022-12-22T01:26:30.725+0000] {processor.py:175} INFO - Processing /home/airflow/.local/lib/python3.7/site-packages/airflow/example_dags/example_skip_dag.py took 0.222 seconds
[2022-12-22T01:27:00.901+0000] {processor.py:153} INFO - Started process (PID=1346) to work on /home/airflow/.local/lib/python3.7/site-packages/airflow/example_dags/example_skip_dag.py
[2022-12-22T01:27:00.902+0000] {processor.py:743} INFO - Processing file /home/airflow/.local/lib/python3.7/site-packages/airflow/example_dags/example_skip_dag.py for tasks to queue
[2022-12-22T01:27:00.902+0000] {logging_mixin.py:137} INFO - [2022-12-22T01:27:00.902+0000] {dagbag.py:538} INFO - Filling up the DagBag from /home/airflow/.local/lib/python3.7/site-packages/airflow/example_dags/example_skip_dag.py
[2022-12-22T01:27:00.914+0000] {processor.py:753} INFO - DAG(s) dict_keys(['example_skip_dag']) retrieved from /home/airflow/.local/lib/python3.7/site-packages/airflow/example_dags/example_skip_dag.py
[2022-12-22T01:27:00.949+0000] {logging_mixin.py:137} INFO - [2022-12-22T01:27:00.949+0000] {dag.py:2676} INFO - Sync 1 DAGs
[2022-12-22T01:27:00.973+0000] {logging_mixin.py:137} INFO - [2022-12-22T01:27:00.973+0000] {dag.py:3427} INFO - Setting next_dagrun for example_skip_dag to 2022-12-21T01:27:00.973529+00:00, run_after=2022-12-22T01:27:00.973529+00:00
[2022-12-22T01:27:00.990+0000] {processor.py:175} INFO - Processing /home/airflow/.local/lib/python3.7/site-packages/airflow/example_dags/example_skip_dag.py took 0.092 seconds
[2022-12-22T01:27:31.785+0000] {processor.py:153} INFO - Started process (PID=1456) to work on /home/airflow/.local/lib/python3.7/site-packages/airflow/example_dags/example_skip_dag.py
[2022-12-22T01:27:31.786+0000] {processor.py:743} INFO - Processing file /home/airflow/.local/lib/python3.7/site-packages/airflow/example_dags/example_skip_dag.py for tasks to queue
[2022-12-22T01:27:31.787+0000] {logging_mixin.py:137} INFO - [2022-12-22T01:27:31.786+0000] {dagbag.py:538} INFO - Filling up the DagBag from /home/airflow/.local/lib/python3.7/site-packages/airflow/example_dags/example_skip_dag.py
[2022-12-22T01:27:31.805+0000] {processor.py:753} INFO - DAG(s) dict_keys(['example_skip_dag']) retrieved from /home/airflow/.local/lib/python3.7/site-packages/airflow/example_dags/example_skip_dag.py
[2022-12-22T01:27:31.841+0000] {logging_mixin.py:137} INFO - [2022-12-22T01:27:31.841+0000] {dag.py:2676} INFO - Sync 1 DAGs
[2022-12-22T01:27:31.868+0000] {logging_mixin.py:137} INFO - [2022-12-22T01:27:31.867+0000] {dag.py:3427} INFO - Setting next_dagrun for example_skip_dag to 2022-12-21T01:27:31.867682+00:00, run_after=2022-12-22T01:27:31.867682+00:00
[2022-12-22T01:27:31.884+0000] {processor.py:175} INFO - Processing /home/airflow/.local/lib/python3.7/site-packages/airflow/example_dags/example_skip_dag.py took 0.101 seconds
[2022-12-22T01:28:01.956+0000] {processor.py:153} INFO - Started process (PID=1542) to work on /home/airflow/.local/lib/python3.7/site-packages/airflow/example_dags/example_skip_dag.py
[2022-12-22T01:28:01.957+0000] {processor.py:743} INFO - Processing file /home/airflow/.local/lib/python3.7/site-packages/airflow/example_dags/example_skip_dag.py for tasks to queue
[2022-12-22T01:28:01.958+0000] {logging_mixin.py:137} INFO - [2022-12-22T01:28:01.958+0000] {dagbag.py:538} INFO - Filling up the DagBag from /home/airflow/.local/lib/python3.7/site-packages/airflow/example_dags/example_skip_dag.py
[2022-12-22T01:28:01.972+0000] {processor.py:753} INFO - DAG(s) dict_keys(['example_skip_dag']) retrieved from /home/airflow/.local/lib/python3.7/site-packages/airflow/example_dags/example_skip_dag.py
[2022-12-22T01:28:02.010+0000] {logging_mixin.py:137} INFO - [2022-12-22T01:28:02.009+0000] {dag.py:2676} INFO - Sync 1 DAGs
[2022-12-22T01:28:02.039+0000] {logging_mixin.py:137} INFO - [2022-12-22T01:28:02.038+0000] {dag.py:3427} INFO - Setting next_dagrun for example_skip_dag to 2022-12-21T01:28:02.038631+00:00, run_after=2022-12-22T01:28:02.038631+00:00
[2022-12-22T01:28:02.058+0000] {processor.py:175} INFO - Processing /home/airflow/.local/lib/python3.7/site-packages/airflow/example_dags/example_skip_dag.py took 0.104 seconds
[2022-12-22T01:28:32.430+0000] {processor.py:153} INFO - Started process (PID=1637) to work on /home/airflow/.local/lib/python3.7/site-packages/airflow/example_dags/example_skip_dag.py
[2022-12-22T01:28:32.431+0000] {processor.py:743} INFO - Processing file /home/airflow/.local/lib/python3.7/site-packages/airflow/example_dags/example_skip_dag.py for tasks to queue
[2022-12-22T01:28:32.431+0000] {logging_mixin.py:137} INFO - [2022-12-22T01:28:32.431+0000] {dagbag.py:538} INFO - Filling up the DagBag from /home/airflow/.local/lib/python3.7/site-packages/airflow/example_dags/example_skip_dag.py
[2022-12-22T01:28:32.445+0000] {processor.py:753} INFO - DAG(s) dict_keys(['example_skip_dag']) retrieved from /home/airflow/.local/lib/python3.7/site-packages/airflow/example_dags/example_skip_dag.py
[2022-12-22T01:28:32.504+0000] {logging_mixin.py:137} INFO - [2022-12-22T01:28:32.504+0000] {dag.py:2676} INFO - Sync 1 DAGs
[2022-12-22T01:28:32.603+0000] {logging_mixin.py:137} INFO - [2022-12-22T01:28:32.603+0000] {dag.py:3427} INFO - Setting next_dagrun for example_skip_dag to 2022-12-21T01:28:32.603269+00:00, run_after=2022-12-22T01:28:32.603269+00:00
[2022-12-22T01:28:32.620+0000] {processor.py:175} INFO - Processing /home/airflow/.local/lib/python3.7/site-packages/airflow/example_dags/example_skip_dag.py took 0.193 seconds
[2022-12-22T01:29:02.982+0000] {processor.py:153} INFO - Started process (PID=1738) to work on /home/airflow/.local/lib/python3.7/site-packages/airflow/example_dags/example_skip_dag.py
[2022-12-22T01:29:02.983+0000] {processor.py:743} INFO - Processing file /home/airflow/.local/lib/python3.7/site-packages/airflow/example_dags/example_skip_dag.py for tasks to queue
[2022-12-22T01:29:02.984+0000] {logging_mixin.py:137} INFO - [2022-12-22T01:29:02.983+0000] {dagbag.py:538} INFO - Filling up the DagBag from /home/airflow/.local/lib/python3.7/site-packages/airflow/example_dags/example_skip_dag.py
[2022-12-22T01:29:02.996+0000] {processor.py:753} INFO - DAG(s) dict_keys(['example_skip_dag']) retrieved from /home/airflow/.local/lib/python3.7/site-packages/airflow/example_dags/example_skip_dag.py
[2022-12-22T01:29:03.029+0000] {logging_mixin.py:137} INFO - [2022-12-22T01:29:03.029+0000] {dag.py:2676} INFO - Sync 1 DAGs
[2022-12-22T01:29:03.051+0000] {logging_mixin.py:137} INFO - [2022-12-22T01:29:03.051+0000] {dag.py:3427} INFO - Setting next_dagrun for example_skip_dag to 2022-12-21T01:29:03.051630+00:00, run_after=2022-12-22T01:29:03.051630+00:00
[2022-12-22T01:29:03.067+0000] {processor.py:175} INFO - Processing /home/airflow/.local/lib/python3.7/site-packages/airflow/example_dags/example_skip_dag.py took 0.087 seconds
[2022-12-22T01:29:33.260+0000] {processor.py:153} INFO - Started process (PID=1825) to work on /home/airflow/.local/lib/python3.7/site-packages/airflow/example_dags/example_skip_dag.py
[2022-12-22T01:29:33.261+0000] {processor.py:743} INFO - Processing file /home/airflow/.local/lib/python3.7/site-packages/airflow/example_dags/example_skip_dag.py for tasks to queue
[2022-12-22T01:29:33.261+0000] {logging_mixin.py:137} INFO - [2022-12-22T01:29:33.261+0000] {dagbag.py:538} INFO - Filling up the DagBag from /home/airflow/.local/lib/python3.7/site-packages/airflow/example_dags/example_skip_dag.py
[2022-12-22T01:29:33.273+0000] {processor.py:753} INFO - DAG(s) dict_keys(['example_skip_dag']) retrieved from /home/airflow/.local/lib/python3.7/site-packages/airflow/example_dags/example_skip_dag.py
[2022-12-22T01:29:33.316+0000] {logging_mixin.py:137} INFO - [2022-12-22T01:29:33.316+0000] {dag.py:2676} INFO - Sync 1 DAGs
[2022-12-22T01:29:33.342+0000] {logging_mixin.py:137} INFO - [2022-12-22T01:29:33.342+0000] {dag.py:3427} INFO - Setting next_dagrun for example_skip_dag to 2022-12-21T01:29:33.342377+00:00, run_after=2022-12-22T01:29:33.342377+00:00
[2022-12-22T01:29:33.358+0000] {processor.py:175} INFO - Processing /home/airflow/.local/lib/python3.7/site-packages/airflow/example_dags/example_skip_dag.py took 0.100 seconds
[2022-12-22T01:30:04.134+0000] {processor.py:153} INFO - Started process (PID=1911) to work on /home/airflow/.local/lib/python3.7/site-packages/airflow/example_dags/example_skip_dag.py
[2022-12-22T01:30:04.135+0000] {processor.py:743} INFO - Processing file /home/airflow/.local/lib/python3.7/site-packages/airflow/example_dags/example_skip_dag.py for tasks to queue
[2022-12-22T01:30:04.135+0000] {logging_mixin.py:137} INFO - [2022-12-22T01:30:04.135+0000] {dagbag.py:538} INFO - Filling up the DagBag from /home/airflow/.local/lib/python3.7/site-packages/airflow/example_dags/example_skip_dag.py
[2022-12-22T01:30:04.150+0000] {processor.py:753} INFO - DAG(s) dict_keys(['example_skip_dag']) retrieved from /home/airflow/.local/lib/python3.7/site-packages/airflow/example_dags/example_skip_dag.py
[2022-12-22T01:30:04.182+0000] {logging_mixin.py:137} INFO - [2022-12-22T01:30:04.182+0000] {dag.py:2676} INFO - Sync 1 DAGs
[2022-12-22T01:30:04.204+0000] {logging_mixin.py:137} INFO - [2022-12-22T01:30:04.204+0000] {dag.py:3427} INFO - Setting next_dagrun for example_skip_dag to 2022-12-21T01:30:04.204447+00:00, run_after=2022-12-22T01:30:04.204447+00:00
[2022-12-22T01:30:04.219+0000] {processor.py:175} INFO - Processing /home/airflow/.local/lib/python3.7/site-packages/airflow/example_dags/example_skip_dag.py took 0.088 seconds
[2022-12-22T01:30:34.869+0000] {processor.py:153} INFO - Started process (PID=2022) to work on /home/airflow/.local/lib/python3.7/site-packages/airflow/example_dags/example_skip_dag.py
[2022-12-22T01:30:34.869+0000] {processor.py:743} INFO - Processing file /home/airflow/.local/lib/python3.7/site-packages/airflow/example_dags/example_skip_dag.py for tasks to queue
[2022-12-22T01:30:34.870+0000] {logging_mixin.py:137} INFO - [2022-12-22T01:30:34.870+0000] {dagbag.py:538} INFO - Filling up the DagBag from /home/airflow/.local/lib/python3.7/site-packages/airflow/example_dags/example_skip_dag.py
[2022-12-22T01:30:34.883+0000] {processor.py:753} INFO - DAG(s) dict_keys(['example_skip_dag']) retrieved from /home/airflow/.local/lib/python3.7/site-packages/airflow/example_dags/example_skip_dag.py
[2022-12-22T01:30:34.914+0000] {logging_mixin.py:137} INFO - [2022-12-22T01:30:34.914+0000] {dag.py:2676} INFO - Sync 1 DAGs
[2022-12-22T01:30:34.937+0000] {logging_mixin.py:137} INFO - [2022-12-22T01:30:34.936+0000] {dag.py:3427} INFO - Setting next_dagrun for example_skip_dag to 2022-12-21T01:30:34.936741+00:00, run_after=2022-12-22T01:30:34.936741+00:00
[2022-12-22T01:30:34.954+0000] {processor.py:175} INFO - Processing /home/airflow/.local/lib/python3.7/site-packages/airflow/example_dags/example_skip_dag.py took 0.088 seconds
[2022-12-22T01:31:05.032+0000] {processor.py:153} INFO - Started process (PID=2108) to work on /home/airflow/.local/lib/python3.7/site-packages/airflow/example_dags/example_skip_dag.py
[2022-12-22T01:31:05.033+0000] {processor.py:743} INFO - Processing file /home/airflow/.local/lib/python3.7/site-packages/airflow/example_dags/example_skip_dag.py for tasks to queue
[2022-12-22T01:31:05.034+0000] {logging_mixin.py:137} INFO - [2022-12-22T01:31:05.033+0000] {dagbag.py:538} INFO - Filling up the DagBag from /home/airflow/.local/lib/python3.7/site-packages/airflow/example_dags/example_skip_dag.py
[2022-12-22T01:31:05.046+0000] {processor.py:753} INFO - DAG(s) dict_keys(['example_skip_dag']) retrieved from /home/airflow/.local/lib/python3.7/site-packages/airflow/example_dags/example_skip_dag.py
[2022-12-22T01:31:05.080+0000] {logging_mixin.py:137} INFO - [2022-12-22T01:31:05.079+0000] {dag.py:2676} INFO - Sync 1 DAGs
[2022-12-22T01:31:05.105+0000] {logging_mixin.py:137} INFO - [2022-12-22T01:31:05.105+0000] {dag.py:3427} INFO - Setting next_dagrun for example_skip_dag to 2022-12-21T01:31:05.105284+00:00, run_after=2022-12-22T01:31:05.105284+00:00
[2022-12-22T01:31:05.122+0000] {processor.py:175} INFO - Processing /home/airflow/.local/lib/python3.7/site-packages/airflow/example_dags/example_skip_dag.py took 0.092 seconds
[2022-12-22T01:31:35.484+0000] {processor.py:153} INFO - Started process (PID=2203) to work on /home/airflow/.local/lib/python3.7/site-packages/airflow/example_dags/example_skip_dag.py
[2022-12-22T01:31:35.487+0000] {processor.py:743} INFO - Processing file /home/airflow/.local/lib/python3.7/site-packages/airflow/example_dags/example_skip_dag.py for tasks to queue
[2022-12-22T01:31:35.487+0000] {logging_mixin.py:137} INFO - [2022-12-22T01:31:35.487+0000] {dagbag.py:538} INFO - Filling up the DagBag from /home/airflow/.local/lib/python3.7/site-packages/airflow/example_dags/example_skip_dag.py
[2022-12-22T01:31:35.504+0000] {processor.py:753} INFO - DAG(s) dict_keys(['example_skip_dag']) retrieved from /home/airflow/.local/lib/python3.7/site-packages/airflow/example_dags/example_skip_dag.py
[2022-12-22T01:31:35.543+0000] {logging_mixin.py:137} INFO - [2022-12-22T01:31:35.542+0000] {dag.py:2676} INFO - Sync 1 DAGs
[2022-12-22T01:31:35.570+0000] {logging_mixin.py:137} INFO - [2022-12-22T01:31:35.570+0000] {dag.py:3427} INFO - Setting next_dagrun for example_skip_dag to 2022-12-21T01:31:35.569973+00:00, run_after=2022-12-22T01:31:35.569973+00:00
[2022-12-22T01:31:35.591+0000] {processor.py:175} INFO - Processing /home/airflow/.local/lib/python3.7/site-packages/airflow/example_dags/example_skip_dag.py took 0.110 seconds
[2022-12-22T01:32:06.512+0000] {processor.py:153} INFO - Started process (PID=2304) to work on /home/airflow/.local/lib/python3.7/site-packages/airflow/example_dags/example_skip_dag.py
[2022-12-22T01:32:06.513+0000] {processor.py:743} INFO - Processing file /home/airflow/.local/lib/python3.7/site-packages/airflow/example_dags/example_skip_dag.py for tasks to queue
[2022-12-22T01:32:06.514+0000] {logging_mixin.py:137} INFO - [2022-12-22T01:32:06.513+0000] {dagbag.py:538} INFO - Filling up the DagBag from /home/airflow/.local/lib/python3.7/site-packages/airflow/example_dags/example_skip_dag.py
[2022-12-22T01:32:06.531+0000] {processor.py:753} INFO - DAG(s) dict_keys(['example_skip_dag']) retrieved from /home/airflow/.local/lib/python3.7/site-packages/airflow/example_dags/example_skip_dag.py
[2022-12-22T01:32:06.636+0000] {logging_mixin.py:137} INFO - [2022-12-22T01:32:06.636+0000] {dag.py:2676} INFO - Sync 1 DAGs
[2022-12-22T01:32:06.714+0000] {logging_mixin.py:137} INFO - [2022-12-22T01:32:06.714+0000] {dag.py:3427} INFO - Setting next_dagrun for example_skip_dag to 2022-12-21T01:32:06.713858+00:00, run_after=2022-12-22T01:32:06.713858+00:00
[2022-12-22T01:32:06.740+0000] {processor.py:175} INFO - Processing /home/airflow/.local/lib/python3.7/site-packages/airflow/example_dags/example_skip_dag.py took 0.231 seconds
[2022-12-22T01:32:37.615+0000] {processor.py:153} INFO - Started process (PID=2390) to work on /home/airflow/.local/lib/python3.7/site-packages/airflow/example_dags/example_skip_dag.py
[2022-12-22T01:32:37.616+0000] {processor.py:743} INFO - Processing file /home/airflow/.local/lib/python3.7/site-packages/airflow/example_dags/example_skip_dag.py for tasks to queue
[2022-12-22T01:32:37.617+0000] {logging_mixin.py:137} INFO - [2022-12-22T01:32:37.617+0000] {dagbag.py:538} INFO - Filling up the DagBag from /home/airflow/.local/lib/python3.7/site-packages/airflow/example_dags/example_skip_dag.py
[2022-12-22T01:32:37.633+0000] {processor.py:753} INFO - DAG(s) dict_keys(['example_skip_dag']) retrieved from /home/airflow/.local/lib/python3.7/site-packages/airflow/example_dags/example_skip_dag.py
[2022-12-22T01:32:37.673+0000] {logging_mixin.py:137} INFO - [2022-12-22T01:32:37.673+0000] {dag.py:2676} INFO - Sync 1 DAGs
[2022-12-22T01:32:37.702+0000] {logging_mixin.py:137} INFO - [2022-12-22T01:32:37.702+0000] {dag.py:3427} INFO - Setting next_dagrun for example_skip_dag to 2022-12-21T01:32:37.701772+00:00, run_after=2022-12-22T01:32:37.701772+00:00
[2022-12-22T01:32:37.724+0000] {processor.py:175} INFO - Processing /home/airflow/.local/lib/python3.7/site-packages/airflow/example_dags/example_skip_dag.py took 0.111 seconds
[2022-12-22T01:33:12.605+0000] {processor.py:153} INFO - Started process (PID=2476) to work on /home/airflow/.local/lib/python3.7/site-packages/airflow/example_dags/example_skip_dag.py
[2022-12-22T01:33:12.606+0000] {processor.py:743} INFO - Processing file /home/airflow/.local/lib/python3.7/site-packages/airflow/example_dags/example_skip_dag.py for tasks to queue
[2022-12-22T01:33:12.606+0000] {logging_mixin.py:137} INFO - [2022-12-22T01:33:12.606+0000] {dagbag.py:538} INFO - Filling up the DagBag from /home/airflow/.local/lib/python3.7/site-packages/airflow/example_dags/example_skip_dag.py
[2022-12-22T01:33:12.690+0000] {processor.py:753} INFO - DAG(s) dict_keys(['example_skip_dag']) retrieved from /home/airflow/.local/lib/python3.7/site-packages/airflow/example_dags/example_skip_dag.py
[2022-12-22T01:33:12.804+0000] {logging_mixin.py:137} INFO - [2022-12-22T01:33:12.804+0000] {dag.py:2676} INFO - Sync 1 DAGs
[2022-12-22T01:33:12.995+0000] {logging_mixin.py:137} INFO - [2022-12-22T01:33:12.995+0000] {dag.py:3427} INFO - Setting next_dagrun for example_skip_dag to 2022-12-21T01:33:12.995096+00:00, run_after=2022-12-22T01:33:12.995096+00:00
[2022-12-22T01:33:13.099+0000] {processor.py:175} INFO - Processing /home/airflow/.local/lib/python3.7/site-packages/airflow/example_dags/example_skip_dag.py took 0.497 seconds
[2022-12-22T01:33:43.247+0000] {processor.py:153} INFO - Started process (PID=2562) to work on /home/airflow/.local/lib/python3.7/site-packages/airflow/example_dags/example_skip_dag.py
[2022-12-22T01:33:43.248+0000] {processor.py:743} INFO - Processing file /home/airflow/.local/lib/python3.7/site-packages/airflow/example_dags/example_skip_dag.py for tasks to queue
[2022-12-22T01:33:43.249+0000] {logging_mixin.py:137} INFO - [2022-12-22T01:33:43.249+0000] {dagbag.py:538} INFO - Filling up the DagBag from /home/airflow/.local/lib/python3.7/site-packages/airflow/example_dags/example_skip_dag.py
[2022-12-22T01:33:43.261+0000] {processor.py:753} INFO - DAG(s) dict_keys(['example_skip_dag']) retrieved from /home/airflow/.local/lib/python3.7/site-packages/airflow/example_dags/example_skip_dag.py
[2022-12-22T01:33:43.303+0000] {logging_mixin.py:137} INFO - [2022-12-22T01:33:43.303+0000] {dag.py:2676} INFO - Sync 1 DAGs
[2022-12-22T01:33:43.335+0000] {logging_mixin.py:137} INFO - [2022-12-22T01:33:43.335+0000] {dag.py:3427} INFO - Setting next_dagrun for example_skip_dag to 2022-12-21T01:33:43.335452+00:00, run_after=2022-12-22T01:33:43.335452+00:00
[2022-12-22T01:33:43.352+0000] {processor.py:175} INFO - Processing /home/airflow/.local/lib/python3.7/site-packages/airflow/example_dags/example_skip_dag.py took 0.107 seconds
[2022-12-22T01:34:14.248+0000] {processor.py:153} INFO - Started process (PID=2648) to work on /home/airflow/.local/lib/python3.7/site-packages/airflow/example_dags/example_skip_dag.py
[2022-12-22T01:34:14.249+0000] {processor.py:743} INFO - Processing file /home/airflow/.local/lib/python3.7/site-packages/airflow/example_dags/example_skip_dag.py for tasks to queue
[2022-12-22T01:34:14.249+0000] {logging_mixin.py:137} INFO - [2022-12-22T01:34:14.249+0000] {dagbag.py:538} INFO - Filling up the DagBag from /home/airflow/.local/lib/python3.7/site-packages/airflow/example_dags/example_skip_dag.py
[2022-12-22T01:34:14.262+0000] {processor.py:753} INFO - DAG(s) dict_keys(['example_skip_dag']) retrieved from /home/airflow/.local/lib/python3.7/site-packages/airflow/example_dags/example_skip_dag.py
[2022-12-22T01:34:14.295+0000] {logging_mixin.py:137} INFO - [2022-12-22T01:34:14.295+0000] {dag.py:2676} INFO - Sync 1 DAGs
[2022-12-22T01:34:14.321+0000] {logging_mixin.py:137} INFO - [2022-12-22T01:34:14.320+0000] {dag.py:3427} INFO - Setting next_dagrun for example_skip_dag to 2022-12-21T01:34:14.320717+00:00, run_after=2022-12-22T01:34:14.320717+00:00
[2022-12-22T01:34:14.338+0000] {processor.py:175} INFO - Processing /home/airflow/.local/lib/python3.7/site-packages/airflow/example_dags/example_skip_dag.py took 0.093 seconds
[2022-12-22T01:34:45.024+0000] {processor.py:153} INFO - Started process (PID=2758) to work on /home/airflow/.local/lib/python3.7/site-packages/airflow/example_dags/example_skip_dag.py
[2022-12-22T01:34:45.025+0000] {processor.py:743} INFO - Processing file /home/airflow/.local/lib/python3.7/site-packages/airflow/example_dags/example_skip_dag.py for tasks to queue
[2022-12-22T01:34:45.026+0000] {logging_mixin.py:137} INFO - [2022-12-22T01:34:45.026+0000] {dagbag.py:538} INFO - Filling up the DagBag from /home/airflow/.local/lib/python3.7/site-packages/airflow/example_dags/example_skip_dag.py
[2022-12-22T01:34:45.040+0000] {processor.py:753} INFO - DAG(s) dict_keys(['example_skip_dag']) retrieved from /home/airflow/.local/lib/python3.7/site-packages/airflow/example_dags/example_skip_dag.py
[2022-12-22T01:34:45.079+0000] {logging_mixin.py:137} INFO - [2022-12-22T01:34:45.079+0000] {dag.py:2676} INFO - Sync 1 DAGs
[2022-12-22T01:34:45.108+0000] {logging_mixin.py:137} INFO - [2022-12-22T01:34:45.107+0000] {dag.py:3427} INFO - Setting next_dagrun for example_skip_dag to 2022-12-21T01:34:45.107566+00:00, run_after=2022-12-22T01:34:45.107566+00:00
[2022-12-22T01:34:45.125+0000] {processor.py:175} INFO - Processing /home/airflow/.local/lib/python3.7/site-packages/airflow/example_dags/example_skip_dag.py took 0.104 seconds
[2022-12-22T01:35:15.366+0000] {processor.py:153} INFO - Started process (PID=2845) to work on /home/airflow/.local/lib/python3.7/site-packages/airflow/example_dags/example_skip_dag.py
[2022-12-22T01:35:15.367+0000] {processor.py:743} INFO - Processing file /home/airflow/.local/lib/python3.7/site-packages/airflow/example_dags/example_skip_dag.py for tasks to queue
[2022-12-22T01:35:15.367+0000] {logging_mixin.py:137} INFO - [2022-12-22T01:35:15.367+0000] {dagbag.py:538} INFO - Filling up the DagBag from /home/airflow/.local/lib/python3.7/site-packages/airflow/example_dags/example_skip_dag.py
[2022-12-22T01:35:15.381+0000] {processor.py:753} INFO - DAG(s) dict_keys(['example_skip_dag']) retrieved from /home/airflow/.local/lib/python3.7/site-packages/airflow/example_dags/example_skip_dag.py
[2022-12-22T01:35:15.416+0000] {logging_mixin.py:137} INFO - [2022-12-22T01:35:15.416+0000] {dag.py:2676} INFO - Sync 1 DAGs
[2022-12-22T01:35:15.440+0000] {logging_mixin.py:137} INFO - [2022-12-22T01:35:15.440+0000] {dag.py:3427} INFO - Setting next_dagrun for example_skip_dag to 2022-12-21T01:35:15.439975+00:00, run_after=2022-12-22T01:35:15.439975+00:00
[2022-12-22T01:35:15.457+0000] {processor.py:175} INFO - Processing /home/airflow/.local/lib/python3.7/site-packages/airflow/example_dags/example_skip_dag.py took 0.094 seconds
[2022-12-22T01:35:45.633+0000] {processor.py:153} INFO - Started process (PID=2931) to work on /home/airflow/.local/lib/python3.7/site-packages/airflow/example_dags/example_skip_dag.py
[2022-12-22T01:35:45.634+0000] {processor.py:743} INFO - Processing file /home/airflow/.local/lib/python3.7/site-packages/airflow/example_dags/example_skip_dag.py for tasks to queue
[2022-12-22T01:35:45.634+0000] {logging_mixin.py:137} INFO - [2022-12-22T01:35:45.634+0000] {dagbag.py:538} INFO - Filling up the DagBag from /home/airflow/.local/lib/python3.7/site-packages/airflow/example_dags/example_skip_dag.py
[2022-12-22T01:35:45.647+0000] {processor.py:753} INFO - DAG(s) dict_keys(['example_skip_dag']) retrieved from /home/airflow/.local/lib/python3.7/site-packages/airflow/example_dags/example_skip_dag.py
[2022-12-22T01:35:45.681+0000] {logging_mixin.py:137} INFO - [2022-12-22T01:35:45.681+0000] {dag.py:2676} INFO - Sync 1 DAGs
[2022-12-22T01:35:45.704+0000] {logging_mixin.py:137} INFO - [2022-12-22T01:35:45.704+0000] {dag.py:3427} INFO - Setting next_dagrun for example_skip_dag to 2022-12-21T01:35:45.704408+00:00, run_after=2022-12-22T01:35:45.704408+00:00
[2022-12-22T01:35:45.721+0000] {processor.py:175} INFO - Processing /home/airflow/.local/lib/python3.7/site-packages/airflow/example_dags/example_skip_dag.py took 0.090 seconds
[2022-12-22T01:36:16.244+0000] {processor.py:153} INFO - Started process (PID=3041) to work on /home/airflow/.local/lib/python3.7/site-packages/airflow/example_dags/example_skip_dag.py
[2022-12-22T01:36:16.245+0000] {processor.py:743} INFO - Processing file /home/airflow/.local/lib/python3.7/site-packages/airflow/example_dags/example_skip_dag.py for tasks to queue
[2022-12-22T01:36:16.246+0000] {logging_mixin.py:137} INFO - [2022-12-22T01:36:16.246+0000] {dagbag.py:538} INFO - Filling up the DagBag from /home/airflow/.local/lib/python3.7/site-packages/airflow/example_dags/example_skip_dag.py
[2022-12-22T01:36:16.258+0000] {processor.py:753} INFO - DAG(s) dict_keys(['example_skip_dag']) retrieved from /home/airflow/.local/lib/python3.7/site-packages/airflow/example_dags/example_skip_dag.py
[2022-12-22T01:36:16.292+0000] {logging_mixin.py:137} INFO - [2022-12-22T01:36:16.292+0000] {dag.py:2676} INFO - Sync 1 DAGs
[2022-12-22T01:36:16.316+0000] {logging_mixin.py:137} INFO - [2022-12-22T01:36:16.316+0000] {dag.py:3427} INFO - Setting next_dagrun for example_skip_dag to 2022-12-21T01:36:16.315946+00:00, run_after=2022-12-22T01:36:16.315946+00:00
[2022-12-22T01:36:16.333+0000] {processor.py:175} INFO - Processing /home/airflow/.local/lib/python3.7/site-packages/airflow/example_dags/example_skip_dag.py took 0.092 seconds
[2022-12-22T01:36:46.531+0000] {processor.py:153} INFO - Started process (PID=3127) to work on /home/airflow/.local/lib/python3.7/site-packages/airflow/example_dags/example_skip_dag.py
[2022-12-22T01:36:46.532+0000] {processor.py:743} INFO - Processing file /home/airflow/.local/lib/python3.7/site-packages/airflow/example_dags/example_skip_dag.py for tasks to queue
[2022-12-22T01:36:46.532+0000] {logging_mixin.py:137} INFO - [2022-12-22T01:36:46.532+0000] {dagbag.py:538} INFO - Filling up the DagBag from /home/airflow/.local/lib/python3.7/site-packages/airflow/example_dags/example_skip_dag.py
[2022-12-22T01:36:46.545+0000] {processor.py:753} INFO - DAG(s) dict_keys(['example_skip_dag']) retrieved from /home/airflow/.local/lib/python3.7/site-packages/airflow/example_dags/example_skip_dag.py
[2022-12-22T01:36:46.579+0000] {logging_mixin.py:137} INFO - [2022-12-22T01:36:46.579+0000] {dag.py:2676} INFO - Sync 1 DAGs
[2022-12-22T01:36:46.604+0000] {logging_mixin.py:137} INFO - [2022-12-22T01:36:46.604+0000] {dag.py:3427} INFO - Setting next_dagrun for example_skip_dag to 2022-12-21T01:36:46.604061+00:00, run_after=2022-12-22T01:36:46.604061+00:00
[2022-12-22T01:36:46.622+0000] {processor.py:175} INFO - Processing /home/airflow/.local/lib/python3.7/site-packages/airflow/example_dags/example_skip_dag.py took 0.093 seconds
[2022-12-22T01:37:16.903+0000] {processor.py:153} INFO - Started process (PID=3220) to work on /home/airflow/.local/lib/python3.7/site-packages/airflow/example_dags/example_skip_dag.py
[2022-12-22T01:37:16.904+0000] {processor.py:743} INFO - Processing file /home/airflow/.local/lib/python3.7/site-packages/airflow/example_dags/example_skip_dag.py for tasks to queue
[2022-12-22T01:37:16.905+0000] {logging_mixin.py:137} INFO - [2022-12-22T01:37:16.905+0000] {dagbag.py:538} INFO - Filling up the DagBag from /home/airflow/.local/lib/python3.7/site-packages/airflow/example_dags/example_skip_dag.py
[2022-12-22T01:37:16.923+0000] {processor.py:753} INFO - DAG(s) dict_keys(['example_skip_dag']) retrieved from /home/airflow/.local/lib/python3.7/site-packages/airflow/example_dags/example_skip_dag.py
[2022-12-22T01:37:16.995+0000] {logging_mixin.py:137} INFO - [2022-12-22T01:37:16.994+0000] {dag.py:2676} INFO - Sync 1 DAGs
[2022-12-22T01:37:17.032+0000] {logging_mixin.py:137} INFO - [2022-12-22T01:37:17.032+0000] {dag.py:3427} INFO - Setting next_dagrun for example_skip_dag to 2022-12-21T01:37:17.032111+00:00, run_after=2022-12-22T01:37:17.032111+00:00
[2022-12-22T01:37:17.057+0000] {processor.py:175} INFO - Processing /home/airflow/.local/lib/python3.7/site-packages/airflow/example_dags/example_skip_dag.py took 0.157 seconds
[2022-12-22T01:37:47.761+0000] {processor.py:153} INFO - Started process (PID=3323) to work on /home/airflow/.local/lib/python3.7/site-packages/airflow/example_dags/example_skip_dag.py
[2022-12-22T01:37:47.762+0000] {processor.py:743} INFO - Processing file /home/airflow/.local/lib/python3.7/site-packages/airflow/example_dags/example_skip_dag.py for tasks to queue
[2022-12-22T01:37:47.763+0000] {logging_mixin.py:137} INFO - [2022-12-22T01:37:47.762+0000] {dagbag.py:538} INFO - Filling up the DagBag from /home/airflow/.local/lib/python3.7/site-packages/airflow/example_dags/example_skip_dag.py
[2022-12-22T01:37:47.775+0000] {processor.py:753} INFO - DAG(s) dict_keys(['example_skip_dag']) retrieved from /home/airflow/.local/lib/python3.7/site-packages/airflow/example_dags/example_skip_dag.py
[2022-12-22T01:37:47.810+0000] {logging_mixin.py:137} INFO - [2022-12-22T01:37:47.810+0000] {dag.py:2676} INFO - Sync 1 DAGs
[2022-12-22T01:37:47.833+0000] {logging_mixin.py:137} INFO - [2022-12-22T01:37:47.833+0000] {dag.py:3427} INFO - Setting next_dagrun for example_skip_dag to 2022-12-21T01:37:47.833218+00:00, run_after=2022-12-22T01:37:47.833218+00:00
[2022-12-22T01:37:47.850+0000] {processor.py:175} INFO - Processing /home/airflow/.local/lib/python3.7/site-packages/airflow/example_dags/example_skip_dag.py took 0.091 seconds
[2022-12-22T01:38:18.001+0000] {processor.py:153} INFO - Started process (PID=3409) to work on /home/airflow/.local/lib/python3.7/site-packages/airflow/example_dags/example_skip_dag.py
[2022-12-22T01:38:18.002+0000] {processor.py:743} INFO - Processing file /home/airflow/.local/lib/python3.7/site-packages/airflow/example_dags/example_skip_dag.py for tasks to queue
[2022-12-22T01:38:18.003+0000] {logging_mixin.py:137} INFO - [2022-12-22T01:38:18.002+0000] {dagbag.py:538} INFO - Filling up the DagBag from /home/airflow/.local/lib/python3.7/site-packages/airflow/example_dags/example_skip_dag.py
[2022-12-22T01:38:18.018+0000] {processor.py:753} INFO - DAG(s) dict_keys(['example_skip_dag']) retrieved from /home/airflow/.local/lib/python3.7/site-packages/airflow/example_dags/example_skip_dag.py
[2022-12-22T01:38:18.065+0000] {logging_mixin.py:137} INFO - [2022-12-22T01:38:18.065+0000] {dag.py:2676} INFO - Sync 1 DAGs
[2022-12-22T01:38:18.090+0000] {logging_mixin.py:137} INFO - [2022-12-22T01:38:18.090+0000] {dag.py:3427} INFO - Setting next_dagrun for example_skip_dag to 2022-12-21T01:38:18.090301+00:00, run_after=2022-12-22T01:38:18.090301+00:00
[2022-12-22T01:38:18.108+0000] {processor.py:175} INFO - Processing /home/airflow/.local/lib/python3.7/site-packages/airflow/example_dags/example_skip_dag.py took 0.110 seconds
[2022-12-22T01:38:49.119+0000] {processor.py:153} INFO - Started process (PID=3519) to work on /home/airflow/.local/lib/python3.7/site-packages/airflow/example_dags/example_skip_dag.py
[2022-12-22T01:38:49.120+0000] {processor.py:743} INFO - Processing file /home/airflow/.local/lib/python3.7/site-packages/airflow/example_dags/example_skip_dag.py for tasks to queue
[2022-12-22T01:38:49.120+0000] {logging_mixin.py:137} INFO - [2022-12-22T01:38:49.120+0000] {dagbag.py:538} INFO - Filling up the DagBag from /home/airflow/.local/lib/python3.7/site-packages/airflow/example_dags/example_skip_dag.py
[2022-12-22T01:38:49.188+0000] {processor.py:753} INFO - DAG(s) dict_keys(['example_skip_dag']) retrieved from /home/airflow/.local/lib/python3.7/site-packages/airflow/example_dags/example_skip_dag.py
[2022-12-22T01:38:49.230+0000] {logging_mixin.py:137} INFO - [2022-12-22T01:38:49.230+0000] {dag.py:2676} INFO - Sync 1 DAGs
[2022-12-22T01:38:49.300+0000] {logging_mixin.py:137} INFO - [2022-12-22T01:38:49.300+0000] {dag.py:3427} INFO - Setting next_dagrun for example_skip_dag to 2022-12-21T01:38:49.300100+00:00, run_after=2022-12-22T01:38:49.300100+00:00
[2022-12-22T01:38:49.323+0000] {processor.py:175} INFO - Processing /home/airflow/.local/lib/python3.7/site-packages/airflow/example_dags/example_skip_dag.py took 0.207 seconds
[2022-12-22T01:39:19.641+0000] {processor.py:153} INFO - Started process (PID=3605) to work on /home/airflow/.local/lib/python3.7/site-packages/airflow/example_dags/example_skip_dag.py
[2022-12-22T01:39:19.642+0000] {processor.py:743} INFO - Processing file /home/airflow/.local/lib/python3.7/site-packages/airflow/example_dags/example_skip_dag.py for tasks to queue
[2022-12-22T01:39:19.642+0000] {logging_mixin.py:137} INFO - [2022-12-22T01:39:19.642+0000] {dagbag.py:538} INFO - Filling up the DagBag from /home/airflow/.local/lib/python3.7/site-packages/airflow/example_dags/example_skip_dag.py
[2022-12-22T01:39:19.655+0000] {processor.py:753} INFO - DAG(s) dict_keys(['example_skip_dag']) retrieved from /home/airflow/.local/lib/python3.7/site-packages/airflow/example_dags/example_skip_dag.py
[2022-12-22T01:39:19.726+0000] {logging_mixin.py:137} INFO - [2022-12-22T01:39:19.726+0000] {dag.py:2676} INFO - Sync 1 DAGs
[2022-12-22T01:39:19.751+0000] {logging_mixin.py:137} INFO - [2022-12-22T01:39:19.750+0000] {dag.py:3427} INFO - Setting next_dagrun for example_skip_dag to 2022-12-21T01:39:19.750620+00:00, run_after=2022-12-22T01:39:19.750620+00:00
[2022-12-22T01:39:19.794+0000] {processor.py:175} INFO - Processing /home/airflow/.local/lib/python3.7/site-packages/airflow/example_dags/example_skip_dag.py took 0.157 seconds
[2022-12-22T01:39:49.871+0000] {processor.py:153} INFO - Started process (PID=3691) to work on /home/airflow/.local/lib/python3.7/site-packages/airflow/example_dags/example_skip_dag.py
[2022-12-22T01:39:49.872+0000] {processor.py:743} INFO - Processing file /home/airflow/.local/lib/python3.7/site-packages/airflow/example_dags/example_skip_dag.py for tasks to queue
[2022-12-22T01:39:49.873+0000] {logging_mixin.py:137} INFO - [2022-12-22T01:39:49.873+0000] {dagbag.py:538} INFO - Filling up the DagBag from /home/airflow/.local/lib/python3.7/site-packages/airflow/example_dags/example_skip_dag.py
[2022-12-22T01:39:49.885+0000] {processor.py:753} INFO - DAG(s) dict_keys(['example_skip_dag']) retrieved from /home/airflow/.local/lib/python3.7/site-packages/airflow/example_dags/example_skip_dag.py
[2022-12-22T01:39:49.921+0000] {logging_mixin.py:137} INFO - [2022-12-22T01:39:49.920+0000] {dag.py:2676} INFO - Sync 1 DAGs
[2022-12-22T01:39:49.946+0000] {logging_mixin.py:137} INFO - [2022-12-22T01:39:49.946+0000] {dag.py:3427} INFO - Setting next_dagrun for example_skip_dag to 2022-12-21T01:39:49.946348+00:00, run_after=2022-12-22T01:39:49.946348+00:00
[2022-12-22T01:39:49.963+0000] {processor.py:175} INFO - Processing /home/airflow/.local/lib/python3.7/site-packages/airflow/example_dags/example_skip_dag.py took 0.095 seconds
[2022-12-22T01:40:20.517+0000] {processor.py:153} INFO - Started process (PID=3777) to work on /home/airflow/.local/lib/python3.7/site-packages/airflow/example_dags/example_skip_dag.py
[2022-12-22T01:40:20.518+0000] {processor.py:743} INFO - Processing file /home/airflow/.local/lib/python3.7/site-packages/airflow/example_dags/example_skip_dag.py for tasks to queue
[2022-12-22T01:40:20.518+0000] {logging_mixin.py:137} INFO - [2022-12-22T01:40:20.518+0000] {dagbag.py:538} INFO - Filling up the DagBag from /home/airflow/.local/lib/python3.7/site-packages/airflow/example_dags/example_skip_dag.py
[2022-12-22T01:40:20.531+0000] {processor.py:753} INFO - DAG(s) dict_keys(['example_skip_dag']) retrieved from /home/airflow/.local/lib/python3.7/site-packages/airflow/example_dags/example_skip_dag.py
[2022-12-22T01:40:20.563+0000] {logging_mixin.py:137} INFO - [2022-12-22T01:40:20.563+0000] {dag.py:2676} INFO - Sync 1 DAGs
[2022-12-22T01:40:20.589+0000] {logging_mixin.py:137} INFO - [2022-12-22T01:40:20.589+0000] {dag.py:3427} INFO - Setting next_dagrun for example_skip_dag to 2022-12-21T01:40:20.589304+00:00, run_after=2022-12-22T01:40:20.589304+00:00
[2022-12-22T01:40:20.607+0000] {processor.py:175} INFO - Processing /home/airflow/.local/lib/python3.7/site-packages/airflow/example_dags/example_skip_dag.py took 0.092 seconds
[2022-12-22T01:40:50.869+0000] {processor.py:153} INFO - Started process (PID=3887) to work on /home/airflow/.local/lib/python3.7/site-packages/airflow/example_dags/example_skip_dag.py
[2022-12-22T01:40:50.870+0000] {processor.py:743} INFO - Processing file /home/airflow/.local/lib/python3.7/site-packages/airflow/example_dags/example_skip_dag.py for tasks to queue
[2022-12-22T01:40:50.870+0000] {logging_mixin.py:137} INFO - [2022-12-22T01:40:50.870+0000] {dagbag.py:538} INFO - Filling up the DagBag from /home/airflow/.local/lib/python3.7/site-packages/airflow/example_dags/example_skip_dag.py
[2022-12-22T01:40:50.884+0000] {processor.py:753} INFO - DAG(s) dict_keys(['example_skip_dag']) retrieved from /home/airflow/.local/lib/python3.7/site-packages/airflow/example_dags/example_skip_dag.py
[2022-12-22T01:40:50.920+0000] {logging_mixin.py:137} INFO - [2022-12-22T01:40:50.920+0000] {dag.py:2676} INFO - Sync 1 DAGs
[2022-12-22T01:40:50.946+0000] {logging_mixin.py:137} INFO - [2022-12-22T01:40:50.946+0000] {dag.py:3427} INFO - Setting next_dagrun for example_skip_dag to 2022-12-21T01:40:50.946287+00:00, run_after=2022-12-22T01:40:50.946287+00:00
[2022-12-22T01:40:50.967+0000] {processor.py:175} INFO - Processing /home/airflow/.local/lib/python3.7/site-packages/airflow/example_dags/example_skip_dag.py took 0.101 seconds
[2022-12-22T01:41:21.551+0000] {processor.py:153} INFO - Started process (PID=3973) to work on /home/airflow/.local/lib/python3.7/site-packages/airflow/example_dags/example_skip_dag.py
[2022-12-22T01:41:21.551+0000] {processor.py:743} INFO - Processing file /home/airflow/.local/lib/python3.7/site-packages/airflow/example_dags/example_skip_dag.py for tasks to queue
[2022-12-22T01:41:21.552+0000] {logging_mixin.py:137} INFO - [2022-12-22T01:41:21.552+0000] {dagbag.py:538} INFO - Filling up the DagBag from /home/airflow/.local/lib/python3.7/site-packages/airflow/example_dags/example_skip_dag.py
[2022-12-22T01:41:21.566+0000] {processor.py:753} INFO - DAG(s) dict_keys(['example_skip_dag']) retrieved from /home/airflow/.local/lib/python3.7/site-packages/airflow/example_dags/example_skip_dag.py
[2022-12-22T01:41:21.603+0000] {logging_mixin.py:137} INFO - [2022-12-22T01:41:21.602+0000] {dag.py:2676} INFO - Sync 1 DAGs
[2022-12-22T01:41:21.629+0000] {logging_mixin.py:137} INFO - [2022-12-22T01:41:21.628+0000] {dag.py:3427} INFO - Setting next_dagrun for example_skip_dag to 2022-12-21T01:41:21.628674+00:00, run_after=2022-12-22T01:41:21.628674+00:00
[2022-12-22T01:41:21.647+0000] {processor.py:175} INFO - Processing /home/airflow/.local/lib/python3.7/site-packages/airflow/example_dags/example_skip_dag.py took 0.099 seconds
[2022-12-22T01:41:51.675+0000] {processor.py:153} INFO - Started process (PID=4068) to work on /home/airflow/.local/lib/python3.7/site-packages/airflow/example_dags/example_skip_dag.py
[2022-12-22T01:41:51.676+0000] {processor.py:743} INFO - Processing file /home/airflow/.local/lib/python3.7/site-packages/airflow/example_dags/example_skip_dag.py for tasks to queue
[2022-12-22T01:41:51.677+0000] {logging_mixin.py:137} INFO - [2022-12-22T01:41:51.677+0000] {dagbag.py:538} INFO - Filling up the DagBag from /home/airflow/.local/lib/python3.7/site-packages/airflow/example_dags/example_skip_dag.py
[2022-12-22T01:41:51.690+0000] {processor.py:753} INFO - DAG(s) dict_keys(['example_skip_dag']) retrieved from /home/airflow/.local/lib/python3.7/site-packages/airflow/example_dags/example_skip_dag.py
[2022-12-22T01:41:51.726+0000] {logging_mixin.py:137} INFO - [2022-12-22T01:41:51.726+0000] {dag.py:2676} INFO - Sync 1 DAGs
[2022-12-22T01:41:51.751+0000] {logging_mixin.py:137} INFO - [2022-12-22T01:41:51.751+0000] {dag.py:3427} INFO - Setting next_dagrun for example_skip_dag to 2022-12-21T01:41:51.751369+00:00, run_after=2022-12-22T01:41:51.751369+00:00
[2022-12-22T01:41:51.769+0000] {processor.py:175} INFO - Processing /home/airflow/.local/lib/python3.7/site-packages/airflow/example_dags/example_skip_dag.py took 0.096 seconds
[2022-12-22T01:42:22.427+0000] {processor.py:153} INFO - Started process (PID=4169) to work on /home/airflow/.local/lib/python3.7/site-packages/airflow/example_dags/example_skip_dag.py
[2022-12-22T01:42:22.428+0000] {processor.py:743} INFO - Processing file /home/airflow/.local/lib/python3.7/site-packages/airflow/example_dags/example_skip_dag.py for tasks to queue
[2022-12-22T01:42:22.428+0000] {logging_mixin.py:137} INFO - [2022-12-22T01:42:22.428+0000] {dagbag.py:538} INFO - Filling up the DagBag from /home/airflow/.local/lib/python3.7/site-packages/airflow/example_dags/example_skip_dag.py
[2022-12-22T01:42:22.441+0000] {processor.py:753} INFO - DAG(s) dict_keys(['example_skip_dag']) retrieved from /home/airflow/.local/lib/python3.7/site-packages/airflow/example_dags/example_skip_dag.py
[2022-12-22T01:42:22.475+0000] {logging_mixin.py:137} INFO - [2022-12-22T01:42:22.475+0000] {dag.py:2676} INFO - Sync 1 DAGs
[2022-12-22T01:42:22.500+0000] {logging_mixin.py:137} INFO - [2022-12-22T01:42:22.500+0000] {dag.py:3427} INFO - Setting next_dagrun for example_skip_dag to 2022-12-21T01:42:22.500281+00:00, run_after=2022-12-22T01:42:22.500281+00:00
[2022-12-22T01:42:22.517+0000] {processor.py:175} INFO - Processing /home/airflow/.local/lib/python3.7/site-packages/airflow/example_dags/example_skip_dag.py took 0.093 seconds
[2022-12-22T01:42:53.121+0000] {processor.py:153} INFO - Started process (PID=4255) to work on /home/airflow/.local/lib/python3.7/site-packages/airflow/example_dags/example_skip_dag.py
[2022-12-22T01:42:53.122+0000] {processor.py:743} INFO - Processing file /home/airflow/.local/lib/python3.7/site-packages/airflow/example_dags/example_skip_dag.py for tasks to queue
[2022-12-22T01:42:53.122+0000] {logging_mixin.py:137} INFO - [2022-12-22T01:42:53.122+0000] {dagbag.py:538} INFO - Filling up the DagBag from /home/airflow/.local/lib/python3.7/site-packages/airflow/example_dags/example_skip_dag.py
[2022-12-22T01:42:53.135+0000] {processor.py:753} INFO - DAG(s) dict_keys(['example_skip_dag']) retrieved from /home/airflow/.local/lib/python3.7/site-packages/airflow/example_dags/example_skip_dag.py
[2022-12-22T01:42:53.170+0000] {logging_mixin.py:137} INFO - [2022-12-22T01:42:53.170+0000] {dag.py:2676} INFO - Sync 1 DAGs
[2022-12-22T01:42:53.195+0000] {logging_mixin.py:137} INFO - [2022-12-22T01:42:53.195+0000] {dag.py:3427} INFO - Setting next_dagrun for example_skip_dag to 2022-12-21T01:42:53.195424+00:00, run_after=2022-12-22T01:42:53.195424+00:00
[2022-12-22T01:42:53.212+0000] {processor.py:175} INFO - Processing /home/airflow/.local/lib/python3.7/site-packages/airflow/example_dags/example_skip_dag.py took 0.093 seconds
[2022-12-22T01:43:23.972+0000] {processor.py:153} INFO - Started process (PID=4365) to work on /home/airflow/.local/lib/python3.7/site-packages/airflow/example_dags/example_skip_dag.py
[2022-12-22T01:43:23.973+0000] {processor.py:743} INFO - Processing file /home/airflow/.local/lib/python3.7/site-packages/airflow/example_dags/example_skip_dag.py for tasks to queue
[2022-12-22T01:43:23.974+0000] {logging_mixin.py:137} INFO - [2022-12-22T01:43:23.974+0000] {dagbag.py:538} INFO - Filling up the DagBag from /home/airflow/.local/lib/python3.7/site-packages/airflow/example_dags/example_skip_dag.py
[2022-12-22T01:43:23.989+0000] {processor.py:753} INFO - DAG(s) dict_keys(['example_skip_dag']) retrieved from /home/airflow/.local/lib/python3.7/site-packages/airflow/example_dags/example_skip_dag.py
[2022-12-22T01:43:24.035+0000] {logging_mixin.py:137} INFO - [2022-12-22T01:43:24.035+0000] {dag.py:2676} INFO - Sync 1 DAGs
[2022-12-22T01:43:24.069+0000] {logging_mixin.py:137} INFO - [2022-12-22T01:43:24.069+0000] {dag.py:3427} INFO - Setting next_dagrun for example_skip_dag to 2022-12-21T01:43:24.068906+00:00, run_after=2022-12-22T01:43:24.068906+00:00
[2022-12-22T01:43:24.091+0000] {processor.py:175} INFO - Processing /home/airflow/.local/lib/python3.7/site-packages/airflow/example_dags/example_skip_dag.py took 0.121 seconds
[2022-12-22T01:43:54.494+0000] {processor.py:153} INFO - Started process (PID=4451) to work on /home/airflow/.local/lib/python3.7/site-packages/airflow/example_dags/example_skip_dag.py
[2022-12-22T01:43:54.495+0000] {processor.py:743} INFO - Processing file /home/airflow/.local/lib/python3.7/site-packages/airflow/example_dags/example_skip_dag.py for tasks to queue
[2022-12-22T01:43:54.496+0000] {logging_mixin.py:137} INFO - [2022-12-22T01:43:54.496+0000] {dagbag.py:538} INFO - Filling up the DagBag from /home/airflow/.local/lib/python3.7/site-packages/airflow/example_dags/example_skip_dag.py
[2022-12-22T01:43:54.510+0000] {processor.py:753} INFO - DAG(s) dict_keys(['example_skip_dag']) retrieved from /home/airflow/.local/lib/python3.7/site-packages/airflow/example_dags/example_skip_dag.py
[2022-12-22T01:43:54.548+0000] {logging_mixin.py:137} INFO - [2022-12-22T01:43:54.548+0000] {dag.py:2676} INFO - Sync 1 DAGs
[2022-12-22T01:43:54.572+0000] {logging_mixin.py:137} INFO - [2022-12-22T01:43:54.572+0000] {dag.py:3427} INFO - Setting next_dagrun for example_skip_dag to 2022-12-21T01:43:54.572581+00:00, run_after=2022-12-22T01:43:54.572581+00:00
[2022-12-22T01:43:54.590+0000] {processor.py:175} INFO - Processing /home/airflow/.local/lib/python3.7/site-packages/airflow/example_dags/example_skip_dag.py took 0.098 seconds
[2022-12-22T01:44:24.785+0000] {processor.py:153} INFO - Started process (PID=4561) to work on /home/airflow/.local/lib/python3.7/site-packages/airflow/example_dags/example_skip_dag.py
[2022-12-22T01:44:24.788+0000] {processor.py:743} INFO - Processing file /home/airflow/.local/lib/python3.7/site-packages/airflow/example_dags/example_skip_dag.py for tasks to queue
[2022-12-22T01:44:24.788+0000] {logging_mixin.py:137} INFO - [2022-12-22T01:44:24.788+0000] {dagbag.py:538} INFO - Filling up the DagBag from /home/airflow/.local/lib/python3.7/site-packages/airflow/example_dags/example_skip_dag.py
[2022-12-22T01:44:24.803+0000] {processor.py:753} INFO - DAG(s) dict_keys(['example_skip_dag']) retrieved from /home/airflow/.local/lib/python3.7/site-packages/airflow/example_dags/example_skip_dag.py
[2022-12-22T01:44:24.849+0000] {logging_mixin.py:137} INFO - [2022-12-22T01:44:24.849+0000] {dag.py:2676} INFO - Sync 1 DAGs
[2022-12-22T01:44:24.887+0000] {logging_mixin.py:137} INFO - [2022-12-22T01:44:24.887+0000] {dag.py:3427} INFO - Setting next_dagrun for example_skip_dag to 2022-12-21T01:44:24.887338+00:00, run_after=2022-12-22T01:44:24.887338+00:00
[2022-12-22T01:44:24.910+0000] {processor.py:175} INFO - Processing /home/airflow/.local/lib/python3.7/site-packages/airflow/example_dags/example_skip_dag.py took 0.127 seconds
[2022-12-22T01:44:55.562+0000] {processor.py:153} INFO - Started process (PID=4647) to work on /home/airflow/.local/lib/python3.7/site-packages/airflow/example_dags/example_skip_dag.py
[2022-12-22T01:44:55.563+0000] {processor.py:743} INFO - Processing file /home/airflow/.local/lib/python3.7/site-packages/airflow/example_dags/example_skip_dag.py for tasks to queue
[2022-12-22T01:44:55.564+0000] {logging_mixin.py:137} INFO - [2022-12-22T01:44:55.564+0000] {dagbag.py:538} INFO - Filling up the DagBag from /home/airflow/.local/lib/python3.7/site-packages/airflow/example_dags/example_skip_dag.py
[2022-12-22T01:44:55.576+0000] {processor.py:753} INFO - DAG(s) dict_keys(['example_skip_dag']) retrieved from /home/airflow/.local/lib/python3.7/site-packages/airflow/example_dags/example_skip_dag.py
[2022-12-22T01:44:55.622+0000] {logging_mixin.py:137} INFO - [2022-12-22T01:44:55.622+0000] {dag.py:2676} INFO - Sync 1 DAGs
[2022-12-22T01:44:55.647+0000] {logging_mixin.py:137} INFO - [2022-12-22T01:44:55.647+0000] {dag.py:3427} INFO - Setting next_dagrun for example_skip_dag to 2022-12-21T01:44:55.647401+00:00, run_after=2022-12-22T01:44:55.647401+00:00
[2022-12-22T01:44:55.664+0000] {processor.py:175} INFO - Processing /home/airflow/.local/lib/python3.7/site-packages/airflow/example_dags/example_skip_dag.py took 0.104 seconds
[2022-12-22T01:45:26.704+0000] {processor.py:153} INFO - Started process (PID=4733) to work on /home/airflow/.local/lib/python3.7/site-packages/airflow/example_dags/example_skip_dag.py
[2022-12-22T01:45:26.705+0000] {processor.py:743} INFO - Processing file /home/airflow/.local/lib/python3.7/site-packages/airflow/example_dags/example_skip_dag.py for tasks to queue
[2022-12-22T01:45:26.706+0000] {logging_mixin.py:137} INFO - [2022-12-22T01:45:26.706+0000] {dagbag.py:538} INFO - Filling up the DagBag from /home/airflow/.local/lib/python3.7/site-packages/airflow/example_dags/example_skip_dag.py
[2022-12-22T01:45:26.721+0000] {processor.py:753} INFO - DAG(s) dict_keys(['example_skip_dag']) retrieved from /home/airflow/.local/lib/python3.7/site-packages/airflow/example_dags/example_skip_dag.py
[2022-12-22T01:45:26.810+0000] {logging_mixin.py:137} INFO - [2022-12-22T01:45:26.810+0000] {dag.py:2676} INFO - Sync 1 DAGs
[2022-12-22T01:45:26.836+0000] {logging_mixin.py:137} INFO - [2022-12-22T01:45:26.836+0000] {dag.py:3427} INFO - Setting next_dagrun for example_skip_dag to 2022-12-21T01:45:26.835919+00:00, run_after=2022-12-22T01:45:26.835919+00:00
[2022-12-22T01:45:26.909+0000] {processor.py:175} INFO - Processing /home/airflow/.local/lib/python3.7/site-packages/airflow/example_dags/example_skip_dag.py took 0.208 seconds
[2022-12-22T01:45:57.617+0000] {processor.py:153} INFO - Started process (PID=4826) to work on /home/airflow/.local/lib/python3.7/site-packages/airflow/example_dags/example_skip_dag.py
[2022-12-22T01:45:57.618+0000] {processor.py:743} INFO - Processing file /home/airflow/.local/lib/python3.7/site-packages/airflow/example_dags/example_skip_dag.py for tasks to queue
[2022-12-22T01:45:57.619+0000] {logging_mixin.py:137} INFO - [2022-12-22T01:45:57.619+0000] {dagbag.py:538} INFO - Filling up the DagBag from /home/airflow/.local/lib/python3.7/site-packages/airflow/example_dags/example_skip_dag.py
[2022-12-22T01:45:57.634+0000] {processor.py:753} INFO - DAG(s) dict_keys(['example_skip_dag']) retrieved from /home/airflow/.local/lib/python3.7/site-packages/airflow/example_dags/example_skip_dag.py
[2022-12-22T01:45:57.706+0000] {logging_mixin.py:137} INFO - [2022-12-22T01:45:57.705+0000] {dag.py:2676} INFO - Sync 1 DAGs
[2022-12-22T01:45:57.732+0000] {logging_mixin.py:137} INFO - [2022-12-22T01:45:57.732+0000] {dag.py:3427} INFO - Setting next_dagrun for example_skip_dag to 2022-12-21T01:45:57.732175+00:00, run_after=2022-12-22T01:45:57.732175+00:00
[2022-12-22T01:45:57.802+0000] {processor.py:175} INFO - Processing /home/airflow/.local/lib/python3.7/site-packages/airflow/example_dags/example_skip_dag.py took 0.188 seconds
[2022-12-22T01:46:27.974+0000] {processor.py:153} INFO - Started process (PID=4929) to work on /home/airflow/.local/lib/python3.7/site-packages/airflow/example_dags/example_skip_dag.py
[2022-12-22T01:46:27.975+0000] {processor.py:743} INFO - Processing file /home/airflow/.local/lib/python3.7/site-packages/airflow/example_dags/example_skip_dag.py for tasks to queue
[2022-12-22T01:46:27.976+0000] {logging_mixin.py:137} INFO - [2022-12-22T01:46:27.976+0000] {dagbag.py:538} INFO - Filling up the DagBag from /home/airflow/.local/lib/python3.7/site-packages/airflow/example_dags/example_skip_dag.py
[2022-12-22T01:46:27.988+0000] {processor.py:753} INFO - DAG(s) dict_keys(['example_skip_dag']) retrieved from /home/airflow/.local/lib/python3.7/site-packages/airflow/example_dags/example_skip_dag.py
[2022-12-22T01:46:28.024+0000] {logging_mixin.py:137} INFO - [2022-12-22T01:46:28.024+0000] {dag.py:2676} INFO - Sync 1 DAGs
[2022-12-22T01:46:28.050+0000] {logging_mixin.py:137} INFO - [2022-12-22T01:46:28.050+0000] {dag.py:3427} INFO - Setting next_dagrun for example_skip_dag to 2022-12-21T01:46:28.050541+00:00, run_after=2022-12-22T01:46:28.050541+00:00
[2022-12-22T01:46:28.067+0000] {processor.py:175} INFO - Processing /home/airflow/.local/lib/python3.7/site-packages/airflow/example_dags/example_skip_dag.py took 0.095 seconds
[2022-12-22T01:46:58.668+0000] {processor.py:153} INFO - Started process (PID=5015) to work on /home/airflow/.local/lib/python3.7/site-packages/airflow/example_dags/example_skip_dag.py
[2022-12-22T01:46:58.669+0000] {processor.py:743} INFO - Processing file /home/airflow/.local/lib/python3.7/site-packages/airflow/example_dags/example_skip_dag.py for tasks to queue
[2022-12-22T01:46:58.669+0000] {logging_mixin.py:137} INFO - [2022-12-22T01:46:58.669+0000] {dagbag.py:538} INFO - Filling up the DagBag from /home/airflow/.local/lib/python3.7/site-packages/airflow/example_dags/example_skip_dag.py
[2022-12-22T01:46:58.682+0000] {processor.py:753} INFO - DAG(s) dict_keys(['example_skip_dag']) retrieved from /home/airflow/.local/lib/python3.7/site-packages/airflow/example_dags/example_skip_dag.py
[2022-12-22T01:46:58.720+0000] {logging_mixin.py:137} INFO - [2022-12-22T01:46:58.720+0000] {dag.py:2676} INFO - Sync 1 DAGs
[2022-12-22T01:46:58.747+0000] {logging_mixin.py:137} INFO - [2022-12-22T01:46:58.747+0000] {dag.py:3427} INFO - Setting next_dagrun for example_skip_dag to 2022-12-21T01:46:58.746835+00:00, run_after=2022-12-22T01:46:58.746835+00:00
[2022-12-22T01:46:58.763+0000] {processor.py:175} INFO - Processing /home/airflow/.local/lib/python3.7/site-packages/airflow/example_dags/example_skip_dag.py took 0.098 seconds
[2022-12-22T01:47:29.590+0000] {processor.py:153} INFO - Started process (PID=5101) to work on /home/airflow/.local/lib/python3.7/site-packages/airflow/example_dags/example_skip_dag.py
[2022-12-22T01:47:29.590+0000] {processor.py:743} INFO - Processing file /home/airflow/.local/lib/python3.7/site-packages/airflow/example_dags/example_skip_dag.py for tasks to queue
[2022-12-22T01:47:29.591+0000] {logging_mixin.py:137} INFO - [2022-12-22T01:47:29.591+0000] {dagbag.py:538} INFO - Filling up the DagBag from /home/airflow/.local/lib/python3.7/site-packages/airflow/example_dags/example_skip_dag.py
[2022-12-22T01:47:29.604+0000] {processor.py:753} INFO - DAG(s) dict_keys(['example_skip_dag']) retrieved from /home/airflow/.local/lib/python3.7/site-packages/airflow/example_dags/example_skip_dag.py
[2022-12-22T01:47:29.642+0000] {logging_mixin.py:137} INFO - [2022-12-22T01:47:29.641+0000] {dag.py:2676} INFO - Sync 1 DAGs
[2022-12-22T01:47:29.664+0000] {logging_mixin.py:137} INFO - [2022-12-22T01:47:29.664+0000] {dag.py:3427} INFO - Setting next_dagrun for example_skip_dag to 2022-12-21T01:47:29.664426+00:00, run_after=2022-12-22T01:47:29.664426+00:00
[2022-12-22T01:47:29.680+0000] {processor.py:175} INFO - Processing /home/airflow/.local/lib/python3.7/site-packages/airflow/example_dags/example_skip_dag.py took 0.093 seconds
[2022-12-22T01:48:00.612+0000] {processor.py:153} INFO - Started process (PID=5211) to work on /home/airflow/.local/lib/python3.7/site-packages/airflow/example_dags/example_skip_dag.py
[2022-12-22T01:48:00.613+0000] {processor.py:743} INFO - Processing file /home/airflow/.local/lib/python3.7/site-packages/airflow/example_dags/example_skip_dag.py for tasks to queue
[2022-12-22T01:48:00.614+0000] {logging_mixin.py:137} INFO - [2022-12-22T01:48:00.614+0000] {dagbag.py:538} INFO - Filling up the DagBag from /home/airflow/.local/lib/python3.7/site-packages/airflow/example_dags/example_skip_dag.py
[2022-12-22T01:48:00.627+0000] {processor.py:753} INFO - DAG(s) dict_keys(['example_skip_dag']) retrieved from /home/airflow/.local/lib/python3.7/site-packages/airflow/example_dags/example_skip_dag.py
[2022-12-22T01:48:00.660+0000] {logging_mixin.py:137} INFO - [2022-12-22T01:48:00.660+0000] {dag.py:2676} INFO - Sync 1 DAGs
[2022-12-22T01:48:00.682+0000] {logging_mixin.py:137} INFO - [2022-12-22T01:48:00.682+0000] {dag.py:3427} INFO - Setting next_dagrun for example_skip_dag to 2022-12-21T01:48:00.682026+00:00, run_after=2022-12-22T01:48:00.682026+00:00
[2022-12-22T01:48:00.700+0000] {processor.py:175} INFO - Processing /home/airflow/.local/lib/python3.7/site-packages/airflow/example_dags/example_skip_dag.py took 0.090 seconds
[2022-12-22T01:48:30.875+0000] {processor.py:153} INFO - Started process (PID=5297) to work on /home/airflow/.local/lib/python3.7/site-packages/airflow/example_dags/example_skip_dag.py
[2022-12-22T01:48:30.875+0000] {processor.py:743} INFO - Processing file /home/airflow/.local/lib/python3.7/site-packages/airflow/example_dags/example_skip_dag.py for tasks to queue
[2022-12-22T01:48:30.876+0000] {logging_mixin.py:137} INFO - [2022-12-22T01:48:30.876+0000] {dagbag.py:538} INFO - Filling up the DagBag from /home/airflow/.local/lib/python3.7/site-packages/airflow/example_dags/example_skip_dag.py
[2022-12-22T01:48:30.890+0000] {processor.py:753} INFO - DAG(s) dict_keys(['example_skip_dag']) retrieved from /home/airflow/.local/lib/python3.7/site-packages/airflow/example_dags/example_skip_dag.py
[2022-12-22T01:48:30.951+0000] {logging_mixin.py:137} INFO - [2022-12-22T01:48:30.951+0000] {dag.py:2676} INFO - Sync 1 DAGs
[2022-12-22T01:48:30.978+0000] {logging_mixin.py:137} INFO - [2022-12-22T01:48:30.978+0000] {dag.py:3427} INFO - Setting next_dagrun for example_skip_dag to 2022-12-21T01:48:30.978377+00:00, run_after=2022-12-22T01:48:30.978377+00:00
[2022-12-22T01:48:30.998+0000] {processor.py:175} INFO - Processing /home/airflow/.local/lib/python3.7/site-packages/airflow/example_dags/example_skip_dag.py took 0.126 seconds
[2022-12-22T01:49:01.642+0000] {processor.py:153} INFO - Started process (PID=5407) to work on /home/airflow/.local/lib/python3.7/site-packages/airflow/example_dags/example_skip_dag.py
[2022-12-22T01:49:01.643+0000] {processor.py:743} INFO - Processing file /home/airflow/.local/lib/python3.7/site-packages/airflow/example_dags/example_skip_dag.py for tasks to queue
[2022-12-22T01:49:01.644+0000] {logging_mixin.py:137} INFO - [2022-12-22T01:49:01.643+0000] {dagbag.py:538} INFO - Filling up the DagBag from /home/airflow/.local/lib/python3.7/site-packages/airflow/example_dags/example_skip_dag.py
[2022-12-22T01:49:01.655+0000] {processor.py:753} INFO - DAG(s) dict_keys(['example_skip_dag']) retrieved from /home/airflow/.local/lib/python3.7/site-packages/airflow/example_dags/example_skip_dag.py
[2022-12-22T01:49:01.692+0000] {logging_mixin.py:137} INFO - [2022-12-22T01:49:01.692+0000] {dag.py:2676} INFO - Sync 1 DAGs
[2022-12-22T01:49:01.719+0000] {logging_mixin.py:137} INFO - [2022-12-22T01:49:01.719+0000] {dag.py:3427} INFO - Setting next_dagrun for example_skip_dag to 2022-12-21T01:49:01.719394+00:00, run_after=2022-12-22T01:49:01.719394+00:00
[2022-12-22T01:49:01.739+0000] {processor.py:175} INFO - Processing /home/airflow/.local/lib/python3.7/site-packages/airflow/example_dags/example_skip_dag.py took 0.099 seconds
[2022-12-22T01:49:31.842+0000] {processor.py:153} INFO - Started process (PID=5493) to work on /home/airflow/.local/lib/python3.7/site-packages/airflow/example_dags/example_skip_dag.py
[2022-12-22T01:49:31.843+0000] {processor.py:743} INFO - Processing file /home/airflow/.local/lib/python3.7/site-packages/airflow/example_dags/example_skip_dag.py for tasks to queue
[2022-12-22T01:49:31.844+0000] {logging_mixin.py:137} INFO - [2022-12-22T01:49:31.843+0000] {dagbag.py:538} INFO - Filling up the DagBag from /home/airflow/.local/lib/python3.7/site-packages/airflow/example_dags/example_skip_dag.py
[2022-12-22T01:49:31.859+0000] {processor.py:753} INFO - DAG(s) dict_keys(['example_skip_dag']) retrieved from /home/airflow/.local/lib/python3.7/site-packages/airflow/example_dags/example_skip_dag.py
[2022-12-22T01:49:31.900+0000] {logging_mixin.py:137} INFO - [2022-12-22T01:49:31.900+0000] {dag.py:2676} INFO - Sync 1 DAGs
[2022-12-22T01:49:31.932+0000] {logging_mixin.py:137} INFO - [2022-12-22T01:49:31.931+0000] {dag.py:3427} INFO - Setting next_dagrun for example_skip_dag to 2022-12-21T01:49:31.931513+00:00, run_after=2022-12-22T01:49:31.931513+00:00
[2022-12-22T01:49:31.954+0000] {processor.py:175} INFO - Processing /home/airflow/.local/lib/python3.7/site-packages/airflow/example_dags/example_skip_dag.py took 0.115 seconds
[2022-12-22T01:50:02.197+0000] {processor.py:153} INFO - Started process (PID=5579) to work on /home/airflow/.local/lib/python3.7/site-packages/airflow/example_dags/example_skip_dag.py
[2022-12-22T01:50:02.198+0000] {processor.py:743} INFO - Processing file /home/airflow/.local/lib/python3.7/site-packages/airflow/example_dags/example_skip_dag.py for tasks to queue
[2022-12-22T01:50:02.199+0000] {logging_mixin.py:137} INFO - [2022-12-22T01:50:02.199+0000] {dagbag.py:538} INFO - Filling up the DagBag from /home/airflow/.local/lib/python3.7/site-packages/airflow/example_dags/example_skip_dag.py
[2022-12-22T01:50:02.212+0000] {processor.py:753} INFO - DAG(s) dict_keys(['example_skip_dag']) retrieved from /home/airflow/.local/lib/python3.7/site-packages/airflow/example_dags/example_skip_dag.py
[2022-12-22T01:50:02.250+0000] {logging_mixin.py:137} INFO - [2022-12-22T01:50:02.250+0000] {dag.py:2676} INFO - Sync 1 DAGs
[2022-12-22T01:50:02.277+0000] {logging_mixin.py:137} INFO - [2022-12-22T01:50:02.276+0000] {dag.py:3427} INFO - Setting next_dagrun for example_skip_dag to 2022-12-21T01:50:02.276669+00:00, run_after=2022-12-22T01:50:02.276669+00:00
[2022-12-22T01:50:02.298+0000] {processor.py:175} INFO - Processing /home/airflow/.local/lib/python3.7/site-packages/airflow/example_dags/example_skip_dag.py took 0.104 seconds
[2022-12-22T01:50:32.943+0000] {processor.py:153} INFO - Started process (PID=5665) to work on /home/airflow/.local/lib/python3.7/site-packages/airflow/example_dags/example_skip_dag.py
[2022-12-22T01:50:32.943+0000] {processor.py:743} INFO - Processing file /home/airflow/.local/lib/python3.7/site-packages/airflow/example_dags/example_skip_dag.py for tasks to queue
[2022-12-22T01:50:32.944+0000] {logging_mixin.py:137} INFO - [2022-12-22T01:50:32.944+0000] {dagbag.py:538} INFO - Filling up the DagBag from /home/airflow/.local/lib/python3.7/site-packages/airflow/example_dags/example_skip_dag.py
[2022-12-22T01:50:32.958+0000] {processor.py:753} INFO - DAG(s) dict_keys(['example_skip_dag']) retrieved from /home/airflow/.local/lib/python3.7/site-packages/airflow/example_dags/example_skip_dag.py
[2022-12-22T01:50:32.996+0000] {logging_mixin.py:137} INFO - [2022-12-22T01:50:32.995+0000] {dag.py:2676} INFO - Sync 1 DAGs
[2022-12-22T01:50:33.024+0000] {logging_mixin.py:137} INFO - [2022-12-22T01:50:33.023+0000] {dag.py:3427} INFO - Setting next_dagrun for example_skip_dag to 2022-12-21T01:50:33.023570+00:00, run_after=2022-12-22T01:50:33.023570+00:00
[2022-12-22T01:50:33.041+0000] {processor.py:175} INFO - Processing /home/airflow/.local/lib/python3.7/site-packages/airflow/example_dags/example_skip_dag.py took 0.101 seconds
[2022-12-22T01:51:03.378+0000] {processor.py:153} INFO - Started process (PID=5775) to work on /home/airflow/.local/lib/python3.7/site-packages/airflow/example_dags/example_skip_dag.py
[2022-12-22T01:51:03.379+0000] {processor.py:743} INFO - Processing file /home/airflow/.local/lib/python3.7/site-packages/airflow/example_dags/example_skip_dag.py for tasks to queue
[2022-12-22T01:51:03.380+0000] {logging_mixin.py:137} INFO - [2022-12-22T01:51:03.380+0000] {dagbag.py:538} INFO - Filling up the DagBag from /home/airflow/.local/lib/python3.7/site-packages/airflow/example_dags/example_skip_dag.py
[2022-12-22T01:51:03.398+0000] {processor.py:753} INFO - DAG(s) dict_keys(['example_skip_dag']) retrieved from /home/airflow/.local/lib/python3.7/site-packages/airflow/example_dags/example_skip_dag.py
[2022-12-22T01:51:03.446+0000] {logging_mixin.py:137} INFO - [2022-12-22T01:51:03.446+0000] {dag.py:2676} INFO - Sync 1 DAGs
[2022-12-22T01:51:03.481+0000] {logging_mixin.py:137} INFO - [2022-12-22T01:51:03.481+0000] {dag.py:3427} INFO - Setting next_dagrun for example_skip_dag to 2022-12-21T01:51:03.480991+00:00, run_after=2022-12-22T01:51:03.480991+00:00
[2022-12-22T01:51:03.508+0000] {processor.py:175} INFO - Processing /home/airflow/.local/lib/python3.7/site-packages/airflow/example_dags/example_skip_dag.py took 0.133 seconds
