[2022-12-22T01:20:21.626+0000] {processor.py:153} INFO - Started process (PID=124) to work on /home/airflow/.local/lib/python3.7/site-packages/airflow/example_dags/example_latest_only_with_trigger.py
[2022-12-22T01:20:21.626+0000] {processor.py:743} INFO - Processing file /home/airflow/.local/lib/python3.7/site-packages/airflow/example_dags/example_latest_only_with_trigger.py for tasks to queue
[2022-12-22T01:20:21.627+0000] {logging_mixin.py:137} INFO - [2022-12-22T01:20:21.627+0000] {dagbag.py:538} INFO - Filling up the DagBag from /home/airflow/.local/lib/python3.7/site-packages/airflow/example_dags/example_latest_only_with_trigger.py
[2022-12-22T01:20:21.701+0000] {processor.py:753} INFO - DAG(s) dict_keys(['latest_only_with_trigger']) retrieved from /home/airflow/.local/lib/python3.7/site-packages/airflow/example_dags/example_latest_only_with_trigger.py
[2022-12-22T01:20:21.889+0000] {logging_mixin.py:137} INFO - [2022-12-22T01:20:21.889+0000] {dag.py:2676} INFO - Sync 1 DAGs
[2022-12-22T01:20:21.995+0000] {logging_mixin.py:137} INFO - [2022-12-22T01:20:21.995+0000] {dag.py:3427} INFO - Setting next_dagrun for latest_only_with_trigger to 2022-12-21T21:20:21.994764+00:00, run_after=2022-12-22T01:20:21.994764+00:00
[2022-12-22T01:20:22.098+0000] {processor.py:175} INFO - Processing /home/airflow/.local/lib/python3.7/site-packages/airflow/example_dags/example_latest_only_with_trigger.py took 0.475 seconds
[2022-12-22T01:20:52.726+0000] {processor.py:153} INFO - Started process (PID=186) to work on /home/airflow/.local/lib/python3.7/site-packages/airflow/example_dags/example_latest_only_with_trigger.py
[2022-12-22T01:20:52.727+0000] {processor.py:743} INFO - Processing file /home/airflow/.local/lib/python3.7/site-packages/airflow/example_dags/example_latest_only_with_trigger.py for tasks to queue
[2022-12-22T01:20:52.728+0000] {logging_mixin.py:137} INFO - [2022-12-22T01:20:52.728+0000] {dagbag.py:538} INFO - Filling up the DagBag from /home/airflow/.local/lib/python3.7/site-packages/airflow/example_dags/example_latest_only_with_trigger.py
[2022-12-22T01:20:52.740+0000] {processor.py:753} INFO - DAG(s) dict_keys(['latest_only_with_trigger']) retrieved from /home/airflow/.local/lib/python3.7/site-packages/airflow/example_dags/example_latest_only_with_trigger.py
[2022-12-22T01:20:52.776+0000] {logging_mixin.py:137} INFO - [2022-12-22T01:20:52.775+0000] {dag.py:2676} INFO - Sync 1 DAGs
[2022-12-22T01:20:52.802+0000] {logging_mixin.py:137} INFO - [2022-12-22T01:20:52.801+0000] {dag.py:3427} INFO - Setting next_dagrun for latest_only_with_trigger to 2022-12-21T21:20:52.801681+00:00, run_after=2022-12-22T01:20:52.801681+00:00
[2022-12-22T01:20:52.818+0000] {processor.py:175} INFO - Processing /home/airflow/.local/lib/python3.7/site-packages/airflow/example_dags/example_latest_only_with_trigger.py took 0.094 seconds
[2022-12-22T01:21:22.998+0000] {processor.py:153} INFO - Started process (PID=296) to work on /home/airflow/.local/lib/python3.7/site-packages/airflow/example_dags/example_latest_only_with_trigger.py
[2022-12-22T01:21:22.999+0000] {processor.py:743} INFO - Processing file /home/airflow/.local/lib/python3.7/site-packages/airflow/example_dags/example_latest_only_with_trigger.py for tasks to queue
[2022-12-22T01:21:23.000+0000] {logging_mixin.py:137} INFO - [2022-12-22T01:21:23.000+0000] {dagbag.py:538} INFO - Filling up the DagBag from /home/airflow/.local/lib/python3.7/site-packages/airflow/example_dags/example_latest_only_with_trigger.py
[2022-12-22T01:21:23.012+0000] {processor.py:753} INFO - DAG(s) dict_keys(['latest_only_with_trigger']) retrieved from /home/airflow/.local/lib/python3.7/site-packages/airflow/example_dags/example_latest_only_with_trigger.py
[2022-12-22T01:21:23.047+0000] {logging_mixin.py:137} INFO - [2022-12-22T01:21:23.047+0000] {dag.py:2676} INFO - Sync 1 DAGs
[2022-12-22T01:21:23.072+0000] {logging_mixin.py:137} INFO - [2022-12-22T01:21:23.072+0000] {dag.py:3427} INFO - Setting next_dagrun for latest_only_with_trigger to 2022-12-21T21:21:23.071900+00:00, run_after=2022-12-22T01:21:23.071900+00:00
[2022-12-22T01:21:23.090+0000] {processor.py:175} INFO - Processing /home/airflow/.local/lib/python3.7/site-packages/airflow/example_dags/example_latest_only_with_trigger.py took 0.094 seconds
[2022-12-22T01:21:53.362+0000] {processor.py:153} INFO - Started process (PID=382) to work on /home/airflow/.local/lib/python3.7/site-packages/airflow/example_dags/example_latest_only_with_trigger.py
[2022-12-22T01:21:53.363+0000] {processor.py:743} INFO - Processing file /home/airflow/.local/lib/python3.7/site-packages/airflow/example_dags/example_latest_only_with_trigger.py for tasks to queue
[2022-12-22T01:21:53.364+0000] {logging_mixin.py:137} INFO - [2022-12-22T01:21:53.364+0000] {dagbag.py:538} INFO - Filling up the DagBag from /home/airflow/.local/lib/python3.7/site-packages/airflow/example_dags/example_latest_only_with_trigger.py
[2022-12-22T01:21:53.375+0000] {processor.py:753} INFO - DAG(s) dict_keys(['latest_only_with_trigger']) retrieved from /home/airflow/.local/lib/python3.7/site-packages/airflow/example_dags/example_latest_only_with_trigger.py
[2022-12-22T01:21:53.406+0000] {logging_mixin.py:137} INFO - [2022-12-22T01:21:53.406+0000] {dag.py:2676} INFO - Sync 1 DAGs
[2022-12-22T01:21:53.429+0000] {logging_mixin.py:137} INFO - [2022-12-22T01:21:53.429+0000] {dag.py:3427} INFO - Setting next_dagrun for latest_only_with_trigger to 2022-12-21T21:21:53.429522+00:00, run_after=2022-12-22T01:21:53.429522+00:00
[2022-12-22T01:21:53.446+0000] {processor.py:175} INFO - Processing /home/airflow/.local/lib/python3.7/site-packages/airflow/example_dags/example_latest_only_with_trigger.py took 0.086 seconds
[2022-12-22T01:22:23.760+0000] {processor.py:153} INFO - Started process (PID=492) to work on /home/airflow/.local/lib/python3.7/site-packages/airflow/example_dags/example_latest_only_with_trigger.py
[2022-12-22T01:22:23.761+0000] {processor.py:743} INFO - Processing file /home/airflow/.local/lib/python3.7/site-packages/airflow/example_dags/example_latest_only_with_trigger.py for tasks to queue
[2022-12-22T01:22:23.762+0000] {logging_mixin.py:137} INFO - [2022-12-22T01:22:23.761+0000] {dagbag.py:538} INFO - Filling up the DagBag from /home/airflow/.local/lib/python3.7/site-packages/airflow/example_dags/example_latest_only_with_trigger.py
[2022-12-22T01:22:23.773+0000] {processor.py:753} INFO - DAG(s) dict_keys(['latest_only_with_trigger']) retrieved from /home/airflow/.local/lib/python3.7/site-packages/airflow/example_dags/example_latest_only_with_trigger.py
[2022-12-22T01:22:23.810+0000] {logging_mixin.py:137} INFO - [2022-12-22T01:22:23.809+0000] {dag.py:2676} INFO - Sync 1 DAGs
[2022-12-22T01:22:23.836+0000] {logging_mixin.py:137} INFO - [2022-12-22T01:22:23.836+0000] {dag.py:3427} INFO - Setting next_dagrun for latest_only_with_trigger to 2022-12-21T21:22:23.836101+00:00, run_after=2022-12-22T01:22:23.836101+00:00
[2022-12-22T01:22:23.853+0000] {processor.py:175} INFO - Processing /home/airflow/.local/lib/python3.7/site-packages/airflow/example_dags/example_latest_only_with_trigger.py took 0.095 seconds
[2022-12-22T01:22:53.959+0000] {processor.py:153} INFO - Started process (PID=578) to work on /home/airflow/.local/lib/python3.7/site-packages/airflow/example_dags/example_latest_only_with_trigger.py
[2022-12-22T01:22:53.959+0000] {processor.py:743} INFO - Processing file /home/airflow/.local/lib/python3.7/site-packages/airflow/example_dags/example_latest_only_with_trigger.py for tasks to queue
[2022-12-22T01:22:53.960+0000] {logging_mixin.py:137} INFO - [2022-12-22T01:22:53.960+0000] {dagbag.py:538} INFO - Filling up the DagBag from /home/airflow/.local/lib/python3.7/site-packages/airflow/example_dags/example_latest_only_with_trigger.py
[2022-12-22T01:22:53.973+0000] {processor.py:753} INFO - DAG(s) dict_keys(['latest_only_with_trigger']) retrieved from /home/airflow/.local/lib/python3.7/site-packages/airflow/example_dags/example_latest_only_with_trigger.py
[2022-12-22T01:22:54.007+0000] {logging_mixin.py:137} INFO - [2022-12-22T01:22:54.006+0000] {dag.py:2676} INFO - Sync 1 DAGs
[2022-12-22T01:22:54.031+0000] {logging_mixin.py:137} INFO - [2022-12-22T01:22:54.031+0000] {dag.py:3427} INFO - Setting next_dagrun for latest_only_with_trigger to 2022-12-21T21:22:54.031428+00:00, run_after=2022-12-22T01:22:54.031428+00:00
[2022-12-22T01:22:54.048+0000] {processor.py:175} INFO - Processing /home/airflow/.local/lib/python3.7/site-packages/airflow/example_dags/example_latest_only_with_trigger.py took 0.092 seconds
[2022-12-22T01:23:24.337+0000] {processor.py:153} INFO - Started process (PID=688) to work on /home/airflow/.local/lib/python3.7/site-packages/airflow/example_dags/example_latest_only_with_trigger.py
[2022-12-22T01:23:24.338+0000] {processor.py:743} INFO - Processing file /home/airflow/.local/lib/python3.7/site-packages/airflow/example_dags/example_latest_only_with_trigger.py for tasks to queue
[2022-12-22T01:23:24.338+0000] {logging_mixin.py:137} INFO - [2022-12-22T01:23:24.338+0000] {dagbag.py:538} INFO - Filling up the DagBag from /home/airflow/.local/lib/python3.7/site-packages/airflow/example_dags/example_latest_only_with_trigger.py
[2022-12-22T01:23:24.351+0000] {processor.py:753} INFO - DAG(s) dict_keys(['latest_only_with_trigger']) retrieved from /home/airflow/.local/lib/python3.7/site-packages/airflow/example_dags/example_latest_only_with_trigger.py
[2022-12-22T01:23:24.387+0000] {logging_mixin.py:137} INFO - [2022-12-22T01:23:24.387+0000] {dag.py:2676} INFO - Sync 1 DAGs
[2022-12-22T01:23:24.413+0000] {logging_mixin.py:137} INFO - [2022-12-22T01:23:24.412+0000] {dag.py:3427} INFO - Setting next_dagrun for latest_only_with_trigger to 2022-12-21T21:23:24.412724+00:00, run_after=2022-12-22T01:23:24.412724+00:00
[2022-12-22T01:23:24.430+0000] {processor.py:175} INFO - Processing /home/airflow/.local/lib/python3.7/site-packages/airflow/example_dags/example_latest_only_with_trigger.py took 0.096 seconds
[2022-12-22T01:23:54.499+0000] {processor.py:153} INFO - Started process (PID=774) to work on /home/airflow/.local/lib/python3.7/site-packages/airflow/example_dags/example_latest_only_with_trigger.py
[2022-12-22T01:23:54.500+0000] {processor.py:743} INFO - Processing file /home/airflow/.local/lib/python3.7/site-packages/airflow/example_dags/example_latest_only_with_trigger.py for tasks to queue
[2022-12-22T01:23:54.501+0000] {logging_mixin.py:137} INFO - [2022-12-22T01:23:54.500+0000] {dagbag.py:538} INFO - Filling up the DagBag from /home/airflow/.local/lib/python3.7/site-packages/airflow/example_dags/example_latest_only_with_trigger.py
[2022-12-22T01:23:54.513+0000] {processor.py:753} INFO - DAG(s) dict_keys(['latest_only_with_trigger']) retrieved from /home/airflow/.local/lib/python3.7/site-packages/airflow/example_dags/example_latest_only_with_trigger.py
[2022-12-22T01:23:54.548+0000] {logging_mixin.py:137} INFO - [2022-12-22T01:23:54.548+0000] {dag.py:2676} INFO - Sync 1 DAGs
[2022-12-22T01:23:54.573+0000] {logging_mixin.py:137} INFO - [2022-12-22T01:23:54.573+0000] {dag.py:3427} INFO - Setting next_dagrun for latest_only_with_trigger to 2022-12-21T21:23:54.573024+00:00, run_after=2022-12-22T01:23:54.573024+00:00
[2022-12-22T01:23:54.590+0000] {processor.py:175} INFO - Processing /home/airflow/.local/lib/python3.7/site-packages/airflow/example_dags/example_latest_only_with_trigger.py took 0.094 seconds
[2022-12-22T01:24:25.184+0000] {processor.py:153} INFO - Started process (PID=860) to work on /home/airflow/.local/lib/python3.7/site-packages/airflow/example_dags/example_latest_only_with_trigger.py
[2022-12-22T01:24:25.184+0000] {processor.py:743} INFO - Processing file /home/airflow/.local/lib/python3.7/site-packages/airflow/example_dags/example_latest_only_with_trigger.py for tasks to queue
[2022-12-22T01:24:25.185+0000] {logging_mixin.py:137} INFO - [2022-12-22T01:24:25.185+0000] {dagbag.py:538} INFO - Filling up the DagBag from /home/airflow/.local/lib/python3.7/site-packages/airflow/example_dags/example_latest_only_with_trigger.py
[2022-12-22T01:24:25.199+0000] {processor.py:753} INFO - DAG(s) dict_keys(['latest_only_with_trigger']) retrieved from /home/airflow/.local/lib/python3.7/site-packages/airflow/example_dags/example_latest_only_with_trigger.py
[2022-12-22T01:24:25.233+0000] {logging_mixin.py:137} INFO - [2022-12-22T01:24:25.233+0000] {dag.py:2676} INFO - Sync 1 DAGs
[2022-12-22T01:24:25.255+0000] {logging_mixin.py:137} INFO - [2022-12-22T01:24:25.255+0000] {dag.py:3427} INFO - Setting next_dagrun for latest_only_with_trigger to 2022-12-21T21:24:25.255492+00:00, run_after=2022-12-22T01:24:25.255492+00:00
[2022-12-22T01:24:25.271+0000] {processor.py:175} INFO - Processing /home/airflow/.local/lib/python3.7/site-packages/airflow/example_dags/example_latest_only_with_trigger.py took 0.089 seconds
[2022-12-22T01:24:55.705+0000] {processor.py:153} INFO - Started process (PID=970) to work on /home/airflow/.local/lib/python3.7/site-packages/airflow/example_dags/example_latest_only_with_trigger.py
[2022-12-22T01:24:55.706+0000] {processor.py:743} INFO - Processing file /home/airflow/.local/lib/python3.7/site-packages/airflow/example_dags/example_latest_only_with_trigger.py for tasks to queue
[2022-12-22T01:24:55.706+0000] {logging_mixin.py:137} INFO - [2022-12-22T01:24:55.706+0000] {dagbag.py:538} INFO - Filling up the DagBag from /home/airflow/.local/lib/python3.7/site-packages/airflow/example_dags/example_latest_only_with_trigger.py
[2022-12-22T01:24:55.718+0000] {processor.py:753} INFO - DAG(s) dict_keys(['latest_only_with_trigger']) retrieved from /home/airflow/.local/lib/python3.7/site-packages/airflow/example_dags/example_latest_only_with_trigger.py
[2022-12-22T01:24:55.754+0000] {logging_mixin.py:137} INFO - [2022-12-22T01:24:55.754+0000] {dag.py:2676} INFO - Sync 1 DAGs
[2022-12-22T01:24:55.778+0000] {logging_mixin.py:137} INFO - [2022-12-22T01:24:55.778+0000] {dag.py:3427} INFO - Setting next_dagrun for latest_only_with_trigger to 2022-12-21T21:24:55.778558+00:00, run_after=2022-12-22T01:24:55.778558+00:00
[2022-12-22T01:24:55.795+0000] {processor.py:175} INFO - Processing /home/airflow/.local/lib/python3.7/site-packages/airflow/example_dags/example_latest_only_with_trigger.py took 0.092 seconds
[2022-12-22T01:25:26.600+0000] {processor.py:153} INFO - Started process (PID=1056) to work on /home/airflow/.local/lib/python3.7/site-packages/airflow/example_dags/example_latest_only_with_trigger.py
[2022-12-22T01:25:26.601+0000] {processor.py:743} INFO - Processing file /home/airflow/.local/lib/python3.7/site-packages/airflow/example_dags/example_latest_only_with_trigger.py for tasks to queue
[2022-12-22T01:25:26.601+0000] {logging_mixin.py:137} INFO - [2022-12-22T01:25:26.601+0000] {dagbag.py:538} INFO - Filling up the DagBag from /home/airflow/.local/lib/python3.7/site-packages/airflow/example_dags/example_latest_only_with_trigger.py
[2022-12-22T01:25:26.614+0000] {processor.py:753} INFO - DAG(s) dict_keys(['latest_only_with_trigger']) retrieved from /home/airflow/.local/lib/python3.7/site-packages/airflow/example_dags/example_latest_only_with_trigger.py
[2022-12-22T01:25:26.650+0000] {logging_mixin.py:137} INFO - [2022-12-22T01:25:26.649+0000] {dag.py:2676} INFO - Sync 1 DAGs
[2022-12-22T01:25:26.673+0000] {logging_mixin.py:137} INFO - [2022-12-22T01:25:26.673+0000] {dag.py:3427} INFO - Setting next_dagrun for latest_only_with_trigger to 2022-12-21T21:25:26.673601+00:00, run_after=2022-12-22T01:25:26.673601+00:00
[2022-12-22T01:25:26.690+0000] {processor.py:175} INFO - Processing /home/airflow/.local/lib/python3.7/site-packages/airflow/example_dags/example_latest_only_with_trigger.py took 0.094 seconds
[2022-12-22T01:25:56.901+0000] {processor.py:153} INFO - Started process (PID=1151) to work on /home/airflow/.local/lib/python3.7/site-packages/airflow/example_dags/example_latest_only_with_trigger.py
[2022-12-22T01:25:56.902+0000] {processor.py:743} INFO - Processing file /home/airflow/.local/lib/python3.7/site-packages/airflow/example_dags/example_latest_only_with_trigger.py for tasks to queue
[2022-12-22T01:25:56.903+0000] {logging_mixin.py:137} INFO - [2022-12-22T01:25:56.902+0000] {dagbag.py:538} INFO - Filling up the DagBag from /home/airflow/.local/lib/python3.7/site-packages/airflow/example_dags/example_latest_only_with_trigger.py
[2022-12-22T01:25:56.914+0000] {processor.py:753} INFO - DAG(s) dict_keys(['latest_only_with_trigger']) retrieved from /home/airflow/.local/lib/python3.7/site-packages/airflow/example_dags/example_latest_only_with_trigger.py
[2022-12-22T01:25:56.947+0000] {logging_mixin.py:137} INFO - [2022-12-22T01:25:56.946+0000] {dag.py:2676} INFO - Sync 1 DAGs
[2022-12-22T01:25:56.971+0000] {logging_mixin.py:137} INFO - [2022-12-22T01:25:56.971+0000] {dag.py:3427} INFO - Setting next_dagrun for latest_only_with_trigger to 2022-12-21T21:25:56.970819+00:00, run_after=2022-12-22T01:25:56.970819+00:00
[2022-12-22T01:25:56.989+0000] {processor.py:175} INFO - Processing /home/airflow/.local/lib/python3.7/site-packages/airflow/example_dags/example_latest_only_with_trigger.py took 0.091 seconds
[2022-12-22T01:26:27.579+0000] {processor.py:153} INFO - Started process (PID=1251) to work on /home/airflow/.local/lib/python3.7/site-packages/airflow/example_dags/example_latest_only_with_trigger.py
[2022-12-22T01:26:27.580+0000] {processor.py:743} INFO - Processing file /home/airflow/.local/lib/python3.7/site-packages/airflow/example_dags/example_latest_only_with_trigger.py for tasks to queue
[2022-12-22T01:26:27.581+0000] {logging_mixin.py:137} INFO - [2022-12-22T01:26:27.581+0000] {dagbag.py:538} INFO - Filling up the DagBag from /home/airflow/.local/lib/python3.7/site-packages/airflow/example_dags/example_latest_only_with_trigger.py
[2022-12-22T01:26:27.599+0000] {processor.py:753} INFO - DAG(s) dict_keys(['latest_only_with_trigger']) retrieved from /home/airflow/.local/lib/python3.7/site-packages/airflow/example_dags/example_latest_only_with_trigger.py
[2022-12-22T01:26:27.642+0000] {logging_mixin.py:137} INFO - [2022-12-22T01:26:27.642+0000] {dag.py:2676} INFO - Sync 1 DAGs
[2022-12-22T01:26:27.667+0000] {logging_mixin.py:137} INFO - [2022-12-22T01:26:27.667+0000] {dag.py:3427} INFO - Setting next_dagrun for latest_only_with_trigger to 2022-12-21T21:26:27.667426+00:00, run_after=2022-12-22T01:26:27.667426+00:00
[2022-12-22T01:26:27.685+0000] {processor.py:175} INFO - Processing /home/airflow/.local/lib/python3.7/site-packages/airflow/example_dags/example_latest_only_with_trigger.py took 0.109 seconds
[2022-12-22T01:26:58.065+0000] {processor.py:153} INFO - Started process (PID=1337) to work on /home/airflow/.local/lib/python3.7/site-packages/airflow/example_dags/example_latest_only_with_trigger.py
[2022-12-22T01:26:58.066+0000] {processor.py:743} INFO - Processing file /home/airflow/.local/lib/python3.7/site-packages/airflow/example_dags/example_latest_only_with_trigger.py for tasks to queue
[2022-12-22T01:26:58.066+0000] {logging_mixin.py:137} INFO - [2022-12-22T01:26:58.066+0000] {dagbag.py:538} INFO - Filling up the DagBag from /home/airflow/.local/lib/python3.7/site-packages/airflow/example_dags/example_latest_only_with_trigger.py
[2022-12-22T01:26:58.079+0000] {processor.py:753} INFO - DAG(s) dict_keys(['latest_only_with_trigger']) retrieved from /home/airflow/.local/lib/python3.7/site-packages/airflow/example_dags/example_latest_only_with_trigger.py
[2022-12-22T01:26:58.194+0000] {logging_mixin.py:137} INFO - [2022-12-22T01:26:58.194+0000] {dag.py:2676} INFO - Sync 1 DAGs
[2022-12-22T01:26:58.320+0000] {logging_mixin.py:137} INFO - [2022-12-22T01:26:58.320+0000] {dag.py:3427} INFO - Setting next_dagrun for latest_only_with_trigger to 2022-12-21T21:26:58.320203+00:00, run_after=2022-12-22T01:26:58.320203+00:00
[2022-12-22T01:26:58.393+0000] {processor.py:175} INFO - Processing /home/airflow/.local/lib/python3.7/site-packages/airflow/example_dags/example_latest_only_with_trigger.py took 0.331 seconds
[2022-12-22T01:27:28.941+0000] {processor.py:153} INFO - Started process (PID=1432) to work on /home/airflow/.local/lib/python3.7/site-packages/airflow/example_dags/example_latest_only_with_trigger.py
[2022-12-22T01:27:28.942+0000] {processor.py:743} INFO - Processing file /home/airflow/.local/lib/python3.7/site-packages/airflow/example_dags/example_latest_only_with_trigger.py for tasks to queue
[2022-12-22T01:27:28.942+0000] {logging_mixin.py:137} INFO - [2022-12-22T01:27:28.942+0000] {dagbag.py:538} INFO - Filling up the DagBag from /home/airflow/.local/lib/python3.7/site-packages/airflow/example_dags/example_latest_only_with_trigger.py
[2022-12-22T01:27:28.954+0000] {processor.py:753} INFO - DAG(s) dict_keys(['latest_only_with_trigger']) retrieved from /home/airflow/.local/lib/python3.7/site-packages/airflow/example_dags/example_latest_only_with_trigger.py
[2022-12-22T01:27:28.988+0000] {logging_mixin.py:137} INFO - [2022-12-22T01:27:28.988+0000] {dag.py:2676} INFO - Sync 1 DAGs
[2022-12-22T01:27:29.022+0000] {logging_mixin.py:137} INFO - [2022-12-22T01:27:29.022+0000] {dag.py:3427} INFO - Setting next_dagrun for latest_only_with_trigger to 2022-12-21T21:27:29.022105+00:00, run_after=2022-12-22T01:27:29.022105+00:00
[2022-12-22T01:27:29.043+0000] {processor.py:175} INFO - Processing /home/airflow/.local/lib/python3.7/site-packages/airflow/example_dags/example_latest_only_with_trigger.py took 0.105 seconds
[2022-12-22T01:27:59.209+0000] {processor.py:153} INFO - Started process (PID=1533) to work on /home/airflow/.local/lib/python3.7/site-packages/airflow/example_dags/example_latest_only_with_trigger.py
[2022-12-22T01:27:59.210+0000] {processor.py:743} INFO - Processing file /home/airflow/.local/lib/python3.7/site-packages/airflow/example_dags/example_latest_only_with_trigger.py for tasks to queue
[2022-12-22T01:27:59.210+0000] {logging_mixin.py:137} INFO - [2022-12-22T01:27:59.210+0000] {dagbag.py:538} INFO - Filling up the DagBag from /home/airflow/.local/lib/python3.7/site-packages/airflow/example_dags/example_latest_only_with_trigger.py
[2022-12-22T01:27:59.222+0000] {processor.py:753} INFO - DAG(s) dict_keys(['latest_only_with_trigger']) retrieved from /home/airflow/.local/lib/python3.7/site-packages/airflow/example_dags/example_latest_only_with_trigger.py
[2022-12-22T01:27:59.287+0000] {logging_mixin.py:137} INFO - [2022-12-22T01:27:59.287+0000] {dag.py:2676} INFO - Sync 1 DAGs
[2022-12-22T01:27:59.311+0000] {logging_mixin.py:137} INFO - [2022-12-22T01:27:59.311+0000] {dag.py:3427} INFO - Setting next_dagrun for latest_only_with_trigger to 2022-12-21T21:27:59.311105+00:00, run_after=2022-12-22T01:27:59.311105+00:00
[2022-12-22T01:27:59.328+0000] {processor.py:175} INFO - Processing /home/airflow/.local/lib/python3.7/site-packages/airflow/example_dags/example_latest_only_with_trigger.py took 0.122 seconds
[2022-12-22T01:28:29.923+0000] {processor.py:153} INFO - Started process (PID=1619) to work on /home/airflow/.local/lib/python3.7/site-packages/airflow/example_dags/example_latest_only_with_trigger.py
[2022-12-22T01:28:29.924+0000] {processor.py:743} INFO - Processing file /home/airflow/.local/lib/python3.7/site-packages/airflow/example_dags/example_latest_only_with_trigger.py for tasks to queue
[2022-12-22T01:28:29.924+0000] {logging_mixin.py:137} INFO - [2022-12-22T01:28:29.924+0000] {dagbag.py:538} INFO - Filling up the DagBag from /home/airflow/.local/lib/python3.7/site-packages/airflow/example_dags/example_latest_only_with_trigger.py
[2022-12-22T01:28:29.936+0000] {processor.py:753} INFO - DAG(s) dict_keys(['latest_only_with_trigger']) retrieved from /home/airflow/.local/lib/python3.7/site-packages/airflow/example_dags/example_latest_only_with_trigger.py
[2022-12-22T01:28:29.969+0000] {logging_mixin.py:137} INFO - [2022-12-22T01:28:29.969+0000] {dag.py:2676} INFO - Sync 1 DAGs
[2022-12-22T01:28:29.993+0000] {logging_mixin.py:137} INFO - [2022-12-22T01:28:29.992+0000] {dag.py:3427} INFO - Setting next_dagrun for latest_only_with_trigger to 2022-12-21T21:28:29.992752+00:00, run_after=2022-12-22T01:28:29.992752+00:00
[2022-12-22T01:28:30.008+0000] {processor.py:175} INFO - Processing /home/airflow/.local/lib/python3.7/site-packages/airflow/example_dags/example_latest_only_with_trigger.py took 0.087 seconds
[2022-12-22T01:29:00.356+0000] {processor.py:153} INFO - Started process (PID=1729) to work on /home/airflow/.local/lib/python3.7/site-packages/airflow/example_dags/example_latest_only_with_trigger.py
[2022-12-22T01:29:00.357+0000] {processor.py:743} INFO - Processing file /home/airflow/.local/lib/python3.7/site-packages/airflow/example_dags/example_latest_only_with_trigger.py for tasks to queue
[2022-12-22T01:29:00.358+0000] {logging_mixin.py:137} INFO - [2022-12-22T01:29:00.358+0000] {dagbag.py:538} INFO - Filling up the DagBag from /home/airflow/.local/lib/python3.7/site-packages/airflow/example_dags/example_latest_only_with_trigger.py
[2022-12-22T01:29:00.370+0000] {processor.py:753} INFO - DAG(s) dict_keys(['latest_only_with_trigger']) retrieved from /home/airflow/.local/lib/python3.7/site-packages/airflow/example_dags/example_latest_only_with_trigger.py
[2022-12-22T01:29:00.404+0000] {logging_mixin.py:137} INFO - [2022-12-22T01:29:00.404+0000] {dag.py:2676} INFO - Sync 1 DAGs
[2022-12-22T01:29:00.427+0000] {logging_mixin.py:137} INFO - [2022-12-22T01:29:00.427+0000] {dag.py:3427} INFO - Setting next_dagrun for latest_only_with_trigger to 2022-12-21T21:29:00.427471+00:00, run_after=2022-12-22T01:29:00.427471+00:00
[2022-12-22T01:29:00.444+0000] {processor.py:175} INFO - Processing /home/airflow/.local/lib/python3.7/site-packages/airflow/example_dags/example_latest_only_with_trigger.py took 0.090 seconds
[2022-12-22T01:29:30.684+0000] {processor.py:153} INFO - Started process (PID=1816) to work on /home/airflow/.local/lib/python3.7/site-packages/airflow/example_dags/example_latest_only_with_trigger.py
[2022-12-22T01:29:30.685+0000] {processor.py:743} INFO - Processing file /home/airflow/.local/lib/python3.7/site-packages/airflow/example_dags/example_latest_only_with_trigger.py for tasks to queue
[2022-12-22T01:29:30.686+0000] {logging_mixin.py:137} INFO - [2022-12-22T01:29:30.686+0000] {dagbag.py:538} INFO - Filling up the DagBag from /home/airflow/.local/lib/python3.7/site-packages/airflow/example_dags/example_latest_only_with_trigger.py
[2022-12-22T01:29:30.704+0000] {processor.py:753} INFO - DAG(s) dict_keys(['latest_only_with_trigger']) retrieved from /home/airflow/.local/lib/python3.7/site-packages/airflow/example_dags/example_latest_only_with_trigger.py
[2022-12-22T01:29:30.742+0000] {logging_mixin.py:137} INFO - [2022-12-22T01:29:30.742+0000] {dag.py:2676} INFO - Sync 1 DAGs
[2022-12-22T01:29:30.764+0000] {logging_mixin.py:137} INFO - [2022-12-22T01:29:30.764+0000] {dag.py:3427} INFO - Setting next_dagrun for latest_only_with_trigger to 2022-12-21T21:29:30.764455+00:00, run_after=2022-12-22T01:29:30.764455+00:00
[2022-12-22T01:29:30.780+0000] {processor.py:175} INFO - Processing /home/airflow/.local/lib/python3.7/site-packages/airflow/example_dags/example_latest_only_with_trigger.py took 0.097 seconds
[2022-12-22T01:30:01.605+0000] {processor.py:153} INFO - Started process (PID=1902) to work on /home/airflow/.local/lib/python3.7/site-packages/airflow/example_dags/example_latest_only_with_trigger.py
[2022-12-22T01:30:01.605+0000] {processor.py:743} INFO - Processing file /home/airflow/.local/lib/python3.7/site-packages/airflow/example_dags/example_latest_only_with_trigger.py for tasks to queue
[2022-12-22T01:30:01.606+0000] {logging_mixin.py:137} INFO - [2022-12-22T01:30:01.606+0000] {dagbag.py:538} INFO - Filling up the DagBag from /home/airflow/.local/lib/python3.7/site-packages/airflow/example_dags/example_latest_only_with_trigger.py
[2022-12-22T01:30:01.619+0000] {processor.py:753} INFO - DAG(s) dict_keys(['latest_only_with_trigger']) retrieved from /home/airflow/.local/lib/python3.7/site-packages/airflow/example_dags/example_latest_only_with_trigger.py
[2022-12-22T01:30:01.652+0000] {logging_mixin.py:137} INFO - [2022-12-22T01:30:01.651+0000] {dag.py:2676} INFO - Sync 1 DAGs
[2022-12-22T01:30:01.676+0000] {logging_mixin.py:137} INFO - [2022-12-22T01:30:01.676+0000] {dag.py:3427} INFO - Setting next_dagrun for latest_only_with_trigger to 2022-12-21T21:30:01.675898+00:00, run_after=2022-12-22T01:30:01.675898+00:00
[2022-12-22T01:30:01.692+0000] {processor.py:175} INFO - Processing /home/airflow/.local/lib/python3.7/site-packages/airflow/example_dags/example_latest_only_with_trigger.py took 0.090 seconds
[2022-12-22T01:30:32.117+0000] {processor.py:153} INFO - Started process (PID=1998) to work on /home/airflow/.local/lib/python3.7/site-packages/airflow/example_dags/example_latest_only_with_trigger.py
[2022-12-22T01:30:32.118+0000] {processor.py:743} INFO - Processing file /home/airflow/.local/lib/python3.7/site-packages/airflow/example_dags/example_latest_only_with_trigger.py for tasks to queue
[2022-12-22T01:30:32.118+0000] {logging_mixin.py:137} INFO - [2022-12-22T01:30:32.118+0000] {dagbag.py:538} INFO - Filling up the DagBag from /home/airflow/.local/lib/python3.7/site-packages/airflow/example_dags/example_latest_only_with_trigger.py
[2022-12-22T01:30:32.137+0000] {processor.py:753} INFO - DAG(s) dict_keys(['latest_only_with_trigger']) retrieved from /home/airflow/.local/lib/python3.7/site-packages/airflow/example_dags/example_latest_only_with_trigger.py
[2022-12-22T01:30:32.208+0000] {logging_mixin.py:137} INFO - [2022-12-22T01:30:32.208+0000] {dag.py:2676} INFO - Sync 1 DAGs
[2022-12-22T01:30:32.244+0000] {logging_mixin.py:137} INFO - [2022-12-22T01:30:32.244+0000] {dag.py:3427} INFO - Setting next_dagrun for latest_only_with_trigger to 2022-12-21T21:30:32.244361+00:00, run_after=2022-12-22T01:30:32.244361+00:00
[2022-12-22T01:30:32.290+0000] {processor.py:175} INFO - Processing /home/airflow/.local/lib/python3.7/site-packages/airflow/example_dags/example_latest_only_with_trigger.py took 0.176 seconds
[2022-12-22T01:31:02.410+0000] {processor.py:153} INFO - Started process (PID=2099) to work on /home/airflow/.local/lib/python3.7/site-packages/airflow/example_dags/example_latest_only_with_trigger.py
[2022-12-22T01:31:02.411+0000] {processor.py:743} INFO - Processing file /home/airflow/.local/lib/python3.7/site-packages/airflow/example_dags/example_latest_only_with_trigger.py for tasks to queue
[2022-12-22T01:31:02.411+0000] {logging_mixin.py:137} INFO - [2022-12-22T01:31:02.411+0000] {dagbag.py:538} INFO - Filling up the DagBag from /home/airflow/.local/lib/python3.7/site-packages/airflow/example_dags/example_latest_only_with_trigger.py
[2022-12-22T01:31:02.424+0000] {processor.py:753} INFO - DAG(s) dict_keys(['latest_only_with_trigger']) retrieved from /home/airflow/.local/lib/python3.7/site-packages/airflow/example_dags/example_latest_only_with_trigger.py
[2022-12-22T01:31:02.456+0000] {logging_mixin.py:137} INFO - [2022-12-22T01:31:02.456+0000] {dag.py:2676} INFO - Sync 1 DAGs
[2022-12-22T01:31:02.480+0000] {logging_mixin.py:137} INFO - [2022-12-22T01:31:02.480+0000] {dag.py:3427} INFO - Setting next_dagrun for latest_only_with_trigger to 2022-12-21T21:31:02.480334+00:00, run_after=2022-12-22T01:31:02.480334+00:00
[2022-12-22T01:31:02.497+0000] {processor.py:175} INFO - Processing /home/airflow/.local/lib/python3.7/site-packages/airflow/example_dags/example_latest_only_with_trigger.py took 0.089 seconds
[2022-12-22T01:31:32.917+0000] {processor.py:153} INFO - Started process (PID=2185) to work on /home/airflow/.local/lib/python3.7/site-packages/airflow/example_dags/example_latest_only_with_trigger.py
[2022-12-22T01:31:32.918+0000] {processor.py:743} INFO - Processing file /home/airflow/.local/lib/python3.7/site-packages/airflow/example_dags/example_latest_only_with_trigger.py for tasks to queue
[2022-12-22T01:31:32.919+0000] {logging_mixin.py:137} INFO - [2022-12-22T01:31:32.919+0000] {dagbag.py:538} INFO - Filling up the DagBag from /home/airflow/.local/lib/python3.7/site-packages/airflow/example_dags/example_latest_only_with_trigger.py
[2022-12-22T01:31:32.931+0000] {processor.py:753} INFO - DAG(s) dict_keys(['latest_only_with_trigger']) retrieved from /home/airflow/.local/lib/python3.7/site-packages/airflow/example_dags/example_latest_only_with_trigger.py
[2022-12-22T01:31:32.967+0000] {logging_mixin.py:137} INFO - [2022-12-22T01:31:32.966+0000] {dag.py:2676} INFO - Sync 1 DAGs
[2022-12-22T01:31:32.993+0000] {logging_mixin.py:137} INFO - [2022-12-22T01:31:32.993+0000] {dag.py:3427} INFO - Setting next_dagrun for latest_only_with_trigger to 2022-12-21T21:31:32.993352+00:00, run_after=2022-12-22T01:31:32.993352+00:00
[2022-12-22T01:31:33.012+0000] {processor.py:175} INFO - Processing /home/airflow/.local/lib/python3.7/site-packages/airflow/example_dags/example_latest_only_with_trigger.py took 0.097 seconds
[2022-12-22T01:32:03.712+0000] {processor.py:153} INFO - Started process (PID=2278) to work on /home/airflow/.local/lib/python3.7/site-packages/airflow/example_dags/example_latest_only_with_trigger.py
[2022-12-22T01:32:03.713+0000] {processor.py:743} INFO - Processing file /home/airflow/.local/lib/python3.7/site-packages/airflow/example_dags/example_latest_only_with_trigger.py for tasks to queue
[2022-12-22T01:32:03.714+0000] {logging_mixin.py:137} INFO - [2022-12-22T01:32:03.714+0000] {dagbag.py:538} INFO - Filling up the DagBag from /home/airflow/.local/lib/python3.7/site-packages/airflow/example_dags/example_latest_only_with_trigger.py
[2022-12-22T01:32:03.732+0000] {processor.py:753} INFO - DAG(s) dict_keys(['latest_only_with_trigger']) retrieved from /home/airflow/.local/lib/python3.7/site-packages/airflow/example_dags/example_latest_only_with_trigger.py
[2022-12-22T01:32:03.828+0000] {logging_mixin.py:137} INFO - [2022-12-22T01:32:03.828+0000] {dag.py:2676} INFO - Sync 1 DAGs
[2022-12-22T01:32:03.922+0000] {logging_mixin.py:137} INFO - [2022-12-22T01:32:03.921+0000] {dag.py:3427} INFO - Setting next_dagrun for latest_only_with_trigger to 2022-12-21T21:32:03.921569+00:00, run_after=2022-12-22T01:32:03.921569+00:00
[2022-12-22T01:32:04.011+0000] {processor.py:175} INFO - Processing /home/airflow/.local/lib/python3.7/site-packages/airflow/example_dags/example_latest_only_with_trigger.py took 0.302 seconds
[2022-12-22T01:32:34.073+0000] {processor.py:153} INFO - Started process (PID=2381) to work on /home/airflow/.local/lib/python3.7/site-packages/airflow/example_dags/example_latest_only_with_trigger.py
[2022-12-22T01:32:34.074+0000] {processor.py:743} INFO - Processing file /home/airflow/.local/lib/python3.7/site-packages/airflow/example_dags/example_latest_only_with_trigger.py for tasks to queue
[2022-12-22T01:32:34.074+0000] {logging_mixin.py:137} INFO - [2022-12-22T01:32:34.074+0000] {dagbag.py:538} INFO - Filling up the DagBag from /home/airflow/.local/lib/python3.7/site-packages/airflow/example_dags/example_latest_only_with_trigger.py
[2022-12-22T01:32:34.088+0000] {processor.py:753} INFO - DAG(s) dict_keys(['latest_only_with_trigger']) retrieved from /home/airflow/.local/lib/python3.7/site-packages/airflow/example_dags/example_latest_only_with_trigger.py
[2022-12-22T01:32:34.125+0000] {logging_mixin.py:137} INFO - [2022-12-22T01:32:34.124+0000] {dag.py:2676} INFO - Sync 1 DAGs
[2022-12-22T01:32:34.154+0000] {logging_mixin.py:137} INFO - [2022-12-22T01:32:34.154+0000] {dag.py:3427} INFO - Setting next_dagrun for latest_only_with_trigger to 2022-12-21T21:32:34.154288+00:00, run_after=2022-12-22T01:32:34.154288+00:00
[2022-12-22T01:32:34.173+0000] {processor.py:175} INFO - Processing /home/airflow/.local/lib/python3.7/site-packages/airflow/example_dags/example_latest_only_with_trigger.py took 0.103 seconds
[2022-12-22T01:33:09.398+0000] {processor.py:153} INFO - Started process (PID=2452) to work on /home/airflow/.local/lib/python3.7/site-packages/airflow/example_dags/example_latest_only_with_trigger.py
[2022-12-22T01:33:09.399+0000] {processor.py:743} INFO - Processing file /home/airflow/.local/lib/python3.7/site-packages/airflow/example_dags/example_latest_only_with_trigger.py for tasks to queue
[2022-12-22T01:33:09.400+0000] {logging_mixin.py:137} INFO - [2022-12-22T01:33:09.400+0000] {dagbag.py:538} INFO - Filling up the DagBag from /home/airflow/.local/lib/python3.7/site-packages/airflow/example_dags/example_latest_only_with_trigger.py
[2022-12-22T01:33:09.414+0000] {processor.py:753} INFO - DAG(s) dict_keys(['latest_only_with_trigger']) retrieved from /home/airflow/.local/lib/python3.7/site-packages/airflow/example_dags/example_latest_only_with_trigger.py
[2022-12-22T01:33:09.698+0000] {logging_mixin.py:137} INFO - [2022-12-22T01:33:09.697+0000] {dag.py:2676} INFO - Sync 1 DAGs
[2022-12-22T01:33:09.896+0000] {logging_mixin.py:137} INFO - [2022-12-22T01:33:09.895+0000] {dag.py:3427} INFO - Setting next_dagrun for latest_only_with_trigger to 2022-12-21T21:33:09.895506+00:00, run_after=2022-12-22T01:33:09.895506+00:00
[2022-12-22T01:33:10.001+0000] {processor.py:175} INFO - Processing /home/airflow/.local/lib/python3.7/site-packages/airflow/example_dags/example_latest_only_with_trigger.py took 0.606 seconds
[2022-12-22T01:33:40.642+0000] {processor.py:153} INFO - Started process (PID=2553) to work on /home/airflow/.local/lib/python3.7/site-packages/airflow/example_dags/example_latest_only_with_trigger.py
[2022-12-22T01:33:40.643+0000] {processor.py:743} INFO - Processing file /home/airflow/.local/lib/python3.7/site-packages/airflow/example_dags/example_latest_only_with_trigger.py for tasks to queue
[2022-12-22T01:33:40.644+0000] {logging_mixin.py:137} INFO - [2022-12-22T01:33:40.644+0000] {dagbag.py:538} INFO - Filling up the DagBag from /home/airflow/.local/lib/python3.7/site-packages/airflow/example_dags/example_latest_only_with_trigger.py
[2022-12-22T01:33:40.659+0000] {processor.py:753} INFO - DAG(s) dict_keys(['latest_only_with_trigger']) retrieved from /home/airflow/.local/lib/python3.7/site-packages/airflow/example_dags/example_latest_only_with_trigger.py
[2022-12-22T01:33:40.701+0000] {logging_mixin.py:137} INFO - [2022-12-22T01:33:40.701+0000] {dag.py:2676} INFO - Sync 1 DAGs
[2022-12-22T01:33:40.734+0000] {logging_mixin.py:137} INFO - [2022-12-22T01:33:40.734+0000] {dag.py:3427} INFO - Setting next_dagrun for latest_only_with_trigger to 2022-12-21T21:33:40.734018+00:00, run_after=2022-12-22T01:33:40.734018+00:00
[2022-12-22T01:33:40.756+0000] {processor.py:175} INFO - Processing /home/airflow/.local/lib/python3.7/site-packages/airflow/example_dags/example_latest_only_with_trigger.py took 0.116 seconds
[2022-12-22T01:34:11.598+0000] {processor.py:153} INFO - Started process (PID=2639) to work on /home/airflow/.local/lib/python3.7/site-packages/airflow/example_dags/example_latest_only_with_trigger.py
[2022-12-22T01:34:11.599+0000] {processor.py:743} INFO - Processing file /home/airflow/.local/lib/python3.7/site-packages/airflow/example_dags/example_latest_only_with_trigger.py for tasks to queue
[2022-12-22T01:34:11.599+0000] {logging_mixin.py:137} INFO - [2022-12-22T01:34:11.599+0000] {dagbag.py:538} INFO - Filling up the DagBag from /home/airflow/.local/lib/python3.7/site-packages/airflow/example_dags/example_latest_only_with_trigger.py
[2022-12-22T01:34:11.613+0000] {processor.py:753} INFO - DAG(s) dict_keys(['latest_only_with_trigger']) retrieved from /home/airflow/.local/lib/python3.7/site-packages/airflow/example_dags/example_latest_only_with_trigger.py
[2022-12-22T01:34:11.649+0000] {logging_mixin.py:137} INFO - [2022-12-22T01:34:11.649+0000] {dag.py:2676} INFO - Sync 1 DAGs
[2022-12-22T01:34:11.674+0000] {logging_mixin.py:137} INFO - [2022-12-22T01:34:11.673+0000] {dag.py:3427} INFO - Setting next_dagrun for latest_only_with_trigger to 2022-12-21T21:34:11.673715+00:00, run_after=2022-12-22T01:34:11.673715+00:00
[2022-12-22T01:34:11.690+0000] {processor.py:175} INFO - Processing /home/airflow/.local/lib/python3.7/site-packages/airflow/example_dags/example_latest_only_with_trigger.py took 0.095 seconds
[2022-12-22T01:34:42.059+0000] {processor.py:153} INFO - Started process (PID=2725) to work on /home/airflow/.local/lib/python3.7/site-packages/airflow/example_dags/example_latest_only_with_trigger.py
[2022-12-22T01:34:42.061+0000] {processor.py:743} INFO - Processing file /home/airflow/.local/lib/python3.7/site-packages/airflow/example_dags/example_latest_only_with_trigger.py for tasks to queue
[2022-12-22T01:34:42.061+0000] {logging_mixin.py:137} INFO - [2022-12-22T01:34:42.061+0000] {dagbag.py:538} INFO - Filling up the DagBag from /home/airflow/.local/lib/python3.7/site-packages/airflow/example_dags/example_latest_only_with_trigger.py
[2022-12-22T01:34:42.075+0000] {processor.py:753} INFO - DAG(s) dict_keys(['latest_only_with_trigger']) retrieved from /home/airflow/.local/lib/python3.7/site-packages/airflow/example_dags/example_latest_only_with_trigger.py
[2022-12-22T01:34:42.112+0000] {logging_mixin.py:137} INFO - [2022-12-22T01:34:42.111+0000] {dag.py:2676} INFO - Sync 1 DAGs
[2022-12-22T01:34:42.137+0000] {logging_mixin.py:137} INFO - [2022-12-22T01:34:42.137+0000] {dag.py:3427} INFO - Setting next_dagrun for latest_only_with_trigger to 2022-12-21T21:34:42.137258+00:00, run_after=2022-12-22T01:34:42.137258+00:00
[2022-12-22T01:34:42.156+0000] {processor.py:175} INFO - Processing /home/airflow/.local/lib/python3.7/site-packages/airflow/example_dags/example_latest_only_with_trigger.py took 0.100 seconds
[2022-12-22T01:35:12.707+0000] {processor.py:153} INFO - Started process (PID=2836) to work on /home/airflow/.local/lib/python3.7/site-packages/airflow/example_dags/example_latest_only_with_trigger.py
[2022-12-22T01:35:12.708+0000] {processor.py:743} INFO - Processing file /home/airflow/.local/lib/python3.7/site-packages/airflow/example_dags/example_latest_only_with_trigger.py for tasks to queue
[2022-12-22T01:35:12.708+0000] {logging_mixin.py:137} INFO - [2022-12-22T01:35:12.708+0000] {dagbag.py:538} INFO - Filling up the DagBag from /home/airflow/.local/lib/python3.7/site-packages/airflow/example_dags/example_latest_only_with_trigger.py
[2022-12-22T01:35:12.722+0000] {processor.py:753} INFO - DAG(s) dict_keys(['latest_only_with_trigger']) retrieved from /home/airflow/.local/lib/python3.7/site-packages/airflow/example_dags/example_latest_only_with_trigger.py
[2022-12-22T01:35:12.757+0000] {logging_mixin.py:137} INFO - [2022-12-22T01:35:12.757+0000] {dag.py:2676} INFO - Sync 1 DAGs
[2022-12-22T01:35:12.781+0000] {logging_mixin.py:137} INFO - [2022-12-22T01:35:12.781+0000] {dag.py:3427} INFO - Setting next_dagrun for latest_only_with_trigger to 2022-12-21T21:35:12.781106+00:00, run_after=2022-12-22T01:35:12.781106+00:00
[2022-12-22T01:35:12.800+0000] {processor.py:175} INFO - Processing /home/airflow/.local/lib/python3.7/site-packages/airflow/example_dags/example_latest_only_with_trigger.py took 0.096 seconds
[2022-12-22T01:35:43.121+0000] {processor.py:153} INFO - Started process (PID=2922) to work on /home/airflow/.local/lib/python3.7/site-packages/airflow/example_dags/example_latest_only_with_trigger.py
[2022-12-22T01:35:43.122+0000] {processor.py:743} INFO - Processing file /home/airflow/.local/lib/python3.7/site-packages/airflow/example_dags/example_latest_only_with_trigger.py for tasks to queue
[2022-12-22T01:35:43.122+0000] {logging_mixin.py:137} INFO - [2022-12-22T01:35:43.122+0000] {dagbag.py:538} INFO - Filling up the DagBag from /home/airflow/.local/lib/python3.7/site-packages/airflow/example_dags/example_latest_only_with_trigger.py
[2022-12-22T01:35:43.137+0000] {processor.py:753} INFO - DAG(s) dict_keys(['latest_only_with_trigger']) retrieved from /home/airflow/.local/lib/python3.7/site-packages/airflow/example_dags/example_latest_only_with_trigger.py
[2022-12-22T01:35:43.172+0000] {logging_mixin.py:137} INFO - [2022-12-22T01:35:43.172+0000] {dag.py:2676} INFO - Sync 1 DAGs
[2022-12-22T01:35:43.198+0000] {logging_mixin.py:137} INFO - [2022-12-22T01:35:43.198+0000] {dag.py:3427} INFO - Setting next_dagrun for latest_only_with_trigger to 2022-12-21T21:35:43.197980+00:00, run_after=2022-12-22T01:35:43.197980+00:00
[2022-12-22T01:35:43.213+0000] {processor.py:175} INFO - Processing /home/airflow/.local/lib/python3.7/site-packages/airflow/example_dags/example_latest_only_with_trigger.py took 0.095 seconds
[2022-12-22T01:36:13.548+0000] {processor.py:153} INFO - Started process (PID=3015) to work on /home/airflow/.local/lib/python3.7/site-packages/airflow/example_dags/example_latest_only_with_trigger.py
[2022-12-22T01:36:13.548+0000] {processor.py:743} INFO - Processing file /home/airflow/.local/lib/python3.7/site-packages/airflow/example_dags/example_latest_only_with_trigger.py for tasks to queue
[2022-12-22T01:36:13.549+0000] {logging_mixin.py:137} INFO - [2022-12-22T01:36:13.549+0000] {dagbag.py:538} INFO - Filling up the DagBag from /home/airflow/.local/lib/python3.7/site-packages/airflow/example_dags/example_latest_only_with_trigger.py
[2022-12-22T01:36:13.563+0000] {processor.py:753} INFO - DAG(s) dict_keys(['latest_only_with_trigger']) retrieved from /home/airflow/.local/lib/python3.7/site-packages/airflow/example_dags/example_latest_only_with_trigger.py
[2022-12-22T01:36:13.605+0000] {logging_mixin.py:137} INFO - [2022-12-22T01:36:13.604+0000] {dag.py:2676} INFO - Sync 1 DAGs
[2022-12-22T01:36:13.640+0000] {logging_mixin.py:137} INFO - [2022-12-22T01:36:13.640+0000] {dag.py:3427} INFO - Setting next_dagrun for latest_only_with_trigger to 2022-12-21T21:36:13.639853+00:00, run_after=2022-12-22T01:36:13.639853+00:00
[2022-12-22T01:36:13.659+0000] {processor.py:175} INFO - Processing /home/airflow/.local/lib/python3.7/site-packages/airflow/example_dags/example_latest_only_with_trigger.py took 0.114 seconds
[2022-12-22T01:36:43.896+0000] {processor.py:153} INFO - Started process (PID=3118) to work on /home/airflow/.local/lib/python3.7/site-packages/airflow/example_dags/example_latest_only_with_trigger.py
[2022-12-22T01:36:43.897+0000] {processor.py:743} INFO - Processing file /home/airflow/.local/lib/python3.7/site-packages/airflow/example_dags/example_latest_only_with_trigger.py for tasks to queue
[2022-12-22T01:36:43.897+0000] {logging_mixin.py:137} INFO - [2022-12-22T01:36:43.897+0000] {dagbag.py:538} INFO - Filling up the DagBag from /home/airflow/.local/lib/python3.7/site-packages/airflow/example_dags/example_latest_only_with_trigger.py
[2022-12-22T01:36:43.911+0000] {processor.py:753} INFO - DAG(s) dict_keys(['latest_only_with_trigger']) retrieved from /home/airflow/.local/lib/python3.7/site-packages/airflow/example_dags/example_latest_only_with_trigger.py
[2022-12-22T01:36:43.946+0000] {logging_mixin.py:137} INFO - [2022-12-22T01:36:43.945+0000] {dag.py:2676} INFO - Sync 1 DAGs
[2022-12-22T01:36:43.972+0000] {logging_mixin.py:137} INFO - [2022-12-22T01:36:43.972+0000] {dag.py:3427} INFO - Setting next_dagrun for latest_only_with_trigger to 2022-12-21T21:36:43.971946+00:00, run_after=2022-12-22T01:36:43.971946+00:00
[2022-12-22T01:36:43.990+0000] {processor.py:175} INFO - Processing /home/airflow/.local/lib/python3.7/site-packages/airflow/example_dags/example_latest_only_with_trigger.py took 0.096 seconds
[2022-12-22T01:37:14.214+0000] {processor.py:153} INFO - Started process (PID=3204) to work on /home/airflow/.local/lib/python3.7/site-packages/airflow/example_dags/example_latest_only_with_trigger.py
[2022-12-22T01:37:14.217+0000] {processor.py:743} INFO - Processing file /home/airflow/.local/lib/python3.7/site-packages/airflow/example_dags/example_latest_only_with_trigger.py for tasks to queue
[2022-12-22T01:37:14.218+0000] {logging_mixin.py:137} INFO - [2022-12-22T01:37:14.217+0000] {dagbag.py:538} INFO - Filling up the DagBag from /home/airflow/.local/lib/python3.7/site-packages/airflow/example_dags/example_latest_only_with_trigger.py
[2022-12-22T01:37:14.301+0000] {processor.py:753} INFO - DAG(s) dict_keys(['latest_only_with_trigger']) retrieved from /home/airflow/.local/lib/python3.7/site-packages/airflow/example_dags/example_latest_only_with_trigger.py
[2022-12-22T01:37:14.363+0000] {logging_mixin.py:137} INFO - [2022-12-22T01:37:14.362+0000] {dag.py:2676} INFO - Sync 1 DAGs
[2022-12-22T01:37:14.400+0000] {logging_mixin.py:137} INFO - [2022-12-22T01:37:14.400+0000] {dag.py:3427} INFO - Setting next_dagrun for latest_only_with_trigger to 2022-12-21T21:37:14.400176+00:00, run_after=2022-12-22T01:37:14.400176+00:00
[2022-12-22T01:37:14.426+0000] {processor.py:175} INFO - Processing /home/airflow/.local/lib/python3.7/site-packages/airflow/example_dags/example_latest_only_with_trigger.py took 0.215 seconds
[2022-12-22T01:37:45.114+0000] {processor.py:153} INFO - Started process (PID=3314) to work on /home/airflow/.local/lib/python3.7/site-packages/airflow/example_dags/example_latest_only_with_trigger.py
[2022-12-22T01:37:45.115+0000] {processor.py:743} INFO - Processing file /home/airflow/.local/lib/python3.7/site-packages/airflow/example_dags/example_latest_only_with_trigger.py for tasks to queue
[2022-12-22T01:37:45.116+0000] {logging_mixin.py:137} INFO - [2022-12-22T01:37:45.116+0000] {dagbag.py:538} INFO - Filling up the DagBag from /home/airflow/.local/lib/python3.7/site-packages/airflow/example_dags/example_latest_only_with_trigger.py
[2022-12-22T01:37:45.132+0000] {processor.py:753} INFO - DAG(s) dict_keys(['latest_only_with_trigger']) retrieved from /home/airflow/.local/lib/python3.7/site-packages/airflow/example_dags/example_latest_only_with_trigger.py
[2022-12-22T01:37:45.175+0000] {logging_mixin.py:137} INFO - [2022-12-22T01:37:45.175+0000] {dag.py:2676} INFO - Sync 1 DAGs
[2022-12-22T01:37:45.200+0000] {logging_mixin.py:137} INFO - [2022-12-22T01:37:45.200+0000] {dag.py:3427} INFO - Setting next_dagrun for latest_only_with_trigger to 2022-12-21T21:37:45.199916+00:00, run_after=2022-12-22T01:37:45.199916+00:00
[2022-12-22T01:37:45.218+0000] {processor.py:175} INFO - Processing /home/airflow/.local/lib/python3.7/site-packages/airflow/example_dags/example_latest_only_with_trigger.py took 0.107 seconds
[2022-12-22T01:38:15.460+0000] {processor.py:153} INFO - Started process (PID=3400) to work on /home/airflow/.local/lib/python3.7/site-packages/airflow/example_dags/example_latest_only_with_trigger.py
[2022-12-22T01:38:15.461+0000] {processor.py:743} INFO - Processing file /home/airflow/.local/lib/python3.7/site-packages/airflow/example_dags/example_latest_only_with_trigger.py for tasks to queue
[2022-12-22T01:38:15.461+0000] {logging_mixin.py:137} INFO - [2022-12-22T01:38:15.461+0000] {dagbag.py:538} INFO - Filling up the DagBag from /home/airflow/.local/lib/python3.7/site-packages/airflow/example_dags/example_latest_only_with_trigger.py
[2022-12-22T01:38:15.475+0000] {processor.py:753} INFO - DAG(s) dict_keys(['latest_only_with_trigger']) retrieved from /home/airflow/.local/lib/python3.7/site-packages/airflow/example_dags/example_latest_only_with_trigger.py
[2022-12-22T01:38:15.512+0000] {logging_mixin.py:137} INFO - [2022-12-22T01:38:15.512+0000] {dag.py:2676} INFO - Sync 1 DAGs
[2022-12-22T01:38:15.539+0000] {logging_mixin.py:137} INFO - [2022-12-22T01:38:15.539+0000] {dag.py:3427} INFO - Setting next_dagrun for latest_only_with_trigger to 2022-12-21T21:38:15.539348+00:00, run_after=2022-12-22T01:38:15.539348+00:00
[2022-12-22T01:38:15.557+0000] {processor.py:175} INFO - Processing /home/airflow/.local/lib/python3.7/site-packages/airflow/example_dags/example_latest_only_with_trigger.py took 0.100 seconds
[2022-12-22T01:38:45.886+0000] {processor.py:153} INFO - Started process (PID=3486) to work on /home/airflow/.local/lib/python3.7/site-packages/airflow/example_dags/example_latest_only_with_trigger.py
[2022-12-22T01:38:45.887+0000] {processor.py:743} INFO - Processing file /home/airflow/.local/lib/python3.7/site-packages/airflow/example_dags/example_latest_only_with_trigger.py for tasks to queue
[2022-12-22T01:38:45.887+0000] {logging_mixin.py:137} INFO - [2022-12-22T01:38:45.887+0000] {dagbag.py:538} INFO - Filling up the DagBag from /home/airflow/.local/lib/python3.7/site-packages/airflow/example_dags/example_latest_only_with_trigger.py
[2022-12-22T01:38:45.901+0000] {processor.py:753} INFO - DAG(s) dict_keys(['latest_only_with_trigger']) retrieved from /home/airflow/.local/lib/python3.7/site-packages/airflow/example_dags/example_latest_only_with_trigger.py
[2022-12-22T01:38:45.938+0000] {logging_mixin.py:137} INFO - [2022-12-22T01:38:45.938+0000] {dag.py:2676} INFO - Sync 1 DAGs
[2022-12-22T01:38:45.989+0000] {logging_mixin.py:137} INFO - [2022-12-22T01:38:45.988+0000] {dag.py:3427} INFO - Setting next_dagrun for latest_only_with_trigger to 2022-12-21T21:38:45.988690+00:00, run_after=2022-12-22T01:38:45.988690+00:00
[2022-12-22T01:38:46.009+0000] {processor.py:175} INFO - Processing /home/airflow/.local/lib/python3.7/site-packages/airflow/example_dags/example_latest_only_with_trigger.py took 0.126 seconds
[2022-12-22T01:39:16.488+0000] {processor.py:153} INFO - Started process (PID=3596) to work on /home/airflow/.local/lib/python3.7/site-packages/airflow/example_dags/example_latest_only_with_trigger.py
[2022-12-22T01:39:16.489+0000] {processor.py:743} INFO - Processing file /home/airflow/.local/lib/python3.7/site-packages/airflow/example_dags/example_latest_only_with_trigger.py for tasks to queue
[2022-12-22T01:39:16.490+0000] {logging_mixin.py:137} INFO - [2022-12-22T01:39:16.490+0000] {dagbag.py:538} INFO - Filling up the DagBag from /home/airflow/.local/lib/python3.7/site-packages/airflow/example_dags/example_latest_only_with_trigger.py
[2022-12-22T01:39:16.507+0000] {processor.py:753} INFO - DAG(s) dict_keys(['latest_only_with_trigger']) retrieved from /home/airflow/.local/lib/python3.7/site-packages/airflow/example_dags/example_latest_only_with_trigger.py
[2022-12-22T01:39:16.618+0000] {logging_mixin.py:137} INFO - [2022-12-22T01:39:16.617+0000] {dag.py:2676} INFO - Sync 1 DAGs
[2022-12-22T01:39:16.790+0000] {logging_mixin.py:137} INFO - [2022-12-22T01:39:16.790+0000] {dag.py:3427} INFO - Setting next_dagrun for latest_only_with_trigger to 2022-12-21T21:39:16.789993+00:00, run_after=2022-12-22T01:39:16.789993+00:00
[2022-12-22T01:39:16.812+0000] {processor.py:175} INFO - Processing /home/airflow/.local/lib/python3.7/site-packages/airflow/example_dags/example_latest_only_with_trigger.py took 0.372 seconds
[2022-12-22T01:39:47.238+0000] {processor.py:153} INFO - Started process (PID=3682) to work on /home/airflow/.local/lib/python3.7/site-packages/airflow/example_dags/example_latest_only_with_trigger.py
[2022-12-22T01:39:47.239+0000] {processor.py:743} INFO - Processing file /home/airflow/.local/lib/python3.7/site-packages/airflow/example_dags/example_latest_only_with_trigger.py for tasks to queue
[2022-12-22T01:39:47.239+0000] {logging_mixin.py:137} INFO - [2022-12-22T01:39:47.239+0000] {dagbag.py:538} INFO - Filling up the DagBag from /home/airflow/.local/lib/python3.7/site-packages/airflow/example_dags/example_latest_only_with_trigger.py
[2022-12-22T01:39:47.252+0000] {processor.py:753} INFO - DAG(s) dict_keys(['latest_only_with_trigger']) retrieved from /home/airflow/.local/lib/python3.7/site-packages/airflow/example_dags/example_latest_only_with_trigger.py
[2022-12-22T01:39:47.287+0000] {logging_mixin.py:137} INFO - [2022-12-22T01:39:47.287+0000] {dag.py:2676} INFO - Sync 1 DAGs
[2022-12-22T01:39:47.313+0000] {logging_mixin.py:137} INFO - [2022-12-22T01:39:47.313+0000] {dag.py:3427} INFO - Setting next_dagrun for latest_only_with_trigger to 2022-12-21T21:39:47.312943+00:00, run_after=2022-12-22T01:39:47.312943+00:00
[2022-12-22T01:39:47.330+0000] {processor.py:175} INFO - Processing /home/airflow/.local/lib/python3.7/site-packages/airflow/example_dags/example_latest_only_with_trigger.py took 0.095 seconds
[2022-12-22T01:40:18.023+0000] {processor.py:153} INFO - Started process (PID=3768) to work on /home/airflow/.local/lib/python3.7/site-packages/airflow/example_dags/example_latest_only_with_trigger.py
[2022-12-22T01:40:18.023+0000] {processor.py:743} INFO - Processing file /home/airflow/.local/lib/python3.7/site-packages/airflow/example_dags/example_latest_only_with_trigger.py for tasks to queue
[2022-12-22T01:40:18.024+0000] {logging_mixin.py:137} INFO - [2022-12-22T01:40:18.024+0000] {dagbag.py:538} INFO - Filling up the DagBag from /home/airflow/.local/lib/python3.7/site-packages/airflow/example_dags/example_latest_only_with_trigger.py
[2022-12-22T01:40:18.038+0000] {processor.py:753} INFO - DAG(s) dict_keys(['latest_only_with_trigger']) retrieved from /home/airflow/.local/lib/python3.7/site-packages/airflow/example_dags/example_latest_only_with_trigger.py
[2022-12-22T01:40:18.071+0000] {logging_mixin.py:137} INFO - [2022-12-22T01:40:18.071+0000] {dag.py:2676} INFO - Sync 1 DAGs
[2022-12-22T01:40:18.095+0000] {logging_mixin.py:137} INFO - [2022-12-22T01:40:18.095+0000] {dag.py:3427} INFO - Setting next_dagrun for latest_only_with_trigger to 2022-12-21T21:40:18.094935+00:00, run_after=2022-12-22T01:40:18.094935+00:00
[2022-12-22T01:40:18.112+0000] {processor.py:175} INFO - Processing /home/airflow/.local/lib/python3.7/site-packages/airflow/example_dags/example_latest_only_with_trigger.py took 0.092 seconds
[2022-12-22T01:40:48.302+0000] {processor.py:153} INFO - Started process (PID=3863) to work on /home/airflow/.local/lib/python3.7/site-packages/airflow/example_dags/example_latest_only_with_trigger.py
[2022-12-22T01:40:48.303+0000] {processor.py:743} INFO - Processing file /home/airflow/.local/lib/python3.7/site-packages/airflow/example_dags/example_latest_only_with_trigger.py for tasks to queue
[2022-12-22T01:40:48.304+0000] {logging_mixin.py:137} INFO - [2022-12-22T01:40:48.303+0000] {dagbag.py:538} INFO - Filling up the DagBag from /home/airflow/.local/lib/python3.7/site-packages/airflow/example_dags/example_latest_only_with_trigger.py
[2022-12-22T01:40:48.316+0000] {processor.py:753} INFO - DAG(s) dict_keys(['latest_only_with_trigger']) retrieved from /home/airflow/.local/lib/python3.7/site-packages/airflow/example_dags/example_latest_only_with_trigger.py
[2022-12-22T01:40:48.354+0000] {logging_mixin.py:137} INFO - [2022-12-22T01:40:48.354+0000] {dag.py:2676} INFO - Sync 1 DAGs
[2022-12-22T01:40:48.403+0000] {logging_mixin.py:137} INFO - [2022-12-22T01:40:48.403+0000] {dag.py:3427} INFO - Setting next_dagrun for latest_only_with_trigger to 2022-12-21T21:40:48.403043+00:00, run_after=2022-12-22T01:40:48.403043+00:00
[2022-12-22T01:40:48.422+0000] {processor.py:175} INFO - Processing /home/airflow/.local/lib/python3.7/site-packages/airflow/example_dags/example_latest_only_with_trigger.py took 0.123 seconds
[2022-12-22T01:41:18.868+0000] {processor.py:153} INFO - Started process (PID=3964) to work on /home/airflow/.local/lib/python3.7/site-packages/airflow/example_dags/example_latest_only_with_trigger.py
[2022-12-22T01:41:18.869+0000] {processor.py:743} INFO - Processing file /home/airflow/.local/lib/python3.7/site-packages/airflow/example_dags/example_latest_only_with_trigger.py for tasks to queue
[2022-12-22T01:41:18.870+0000] {logging_mixin.py:137} INFO - [2022-12-22T01:41:18.870+0000] {dagbag.py:538} INFO - Filling up the DagBag from /home/airflow/.local/lib/python3.7/site-packages/airflow/example_dags/example_latest_only_with_trigger.py
[2022-12-22T01:41:18.884+0000] {processor.py:753} INFO - DAG(s) dict_keys(['latest_only_with_trigger']) retrieved from /home/airflow/.local/lib/python3.7/site-packages/airflow/example_dags/example_latest_only_with_trigger.py
[2022-12-22T01:41:18.922+0000] {logging_mixin.py:137} INFO - [2022-12-22T01:41:18.922+0000] {dag.py:2676} INFO - Sync 1 DAGs
[2022-12-22T01:41:18.955+0000] {logging_mixin.py:137} INFO - [2022-12-22T01:41:18.954+0000] {dag.py:3427} INFO - Setting next_dagrun for latest_only_with_trigger to 2022-12-21T21:41:18.954707+00:00, run_after=2022-12-22T01:41:18.954707+00:00
[2022-12-22T01:41:18.975+0000] {processor.py:175} INFO - Processing /home/airflow/.local/lib/python3.7/site-packages/airflow/example_dags/example_latest_only_with_trigger.py took 0.109 seconds
[2022-12-22T01:41:49.123+0000] {processor.py:153} INFO - Started process (PID=4050) to work on /home/airflow/.local/lib/python3.7/site-packages/airflow/example_dags/example_latest_only_with_trigger.py
[2022-12-22T01:41:49.123+0000] {processor.py:743} INFO - Processing file /home/airflow/.local/lib/python3.7/site-packages/airflow/example_dags/example_latest_only_with_trigger.py for tasks to queue
[2022-12-22T01:41:49.125+0000] {logging_mixin.py:137} INFO - [2022-12-22T01:41:49.124+0000] {dagbag.py:538} INFO - Filling up the DagBag from /home/airflow/.local/lib/python3.7/site-packages/airflow/example_dags/example_latest_only_with_trigger.py
[2022-12-22T01:41:49.140+0000] {processor.py:753} INFO - DAG(s) dict_keys(['latest_only_with_trigger']) retrieved from /home/airflow/.local/lib/python3.7/site-packages/airflow/example_dags/example_latest_only_with_trigger.py
[2022-12-22T01:41:49.176+0000] {logging_mixin.py:137} INFO - [2022-12-22T01:41:49.176+0000] {dag.py:2676} INFO - Sync 1 DAGs
[2022-12-22T01:41:49.207+0000] {logging_mixin.py:137} INFO - [2022-12-22T01:41:49.207+0000] {dag.py:3427} INFO - Setting next_dagrun for latest_only_with_trigger to 2022-12-21T21:41:49.206863+00:00, run_after=2022-12-22T01:41:49.206863+00:00
[2022-12-22T01:41:49.227+0000] {processor.py:175} INFO - Processing /home/airflow/.local/lib/python3.7/site-packages/airflow/example_dags/example_latest_only_with_trigger.py took 0.107 seconds
[2022-12-22T01:42:19.802+0000] {processor.py:153} INFO - Started process (PID=4160) to work on /home/airflow/.local/lib/python3.7/site-packages/airflow/example_dags/example_latest_only_with_trigger.py
[2022-12-22T01:42:19.802+0000] {processor.py:743} INFO - Processing file /home/airflow/.local/lib/python3.7/site-packages/airflow/example_dags/example_latest_only_with_trigger.py for tasks to queue
[2022-12-22T01:42:19.803+0000] {logging_mixin.py:137} INFO - [2022-12-22T01:42:19.803+0000] {dagbag.py:538} INFO - Filling up the DagBag from /home/airflow/.local/lib/python3.7/site-packages/airflow/example_dags/example_latest_only_with_trigger.py
[2022-12-22T01:42:19.816+0000] {processor.py:753} INFO - DAG(s) dict_keys(['latest_only_with_trigger']) retrieved from /home/airflow/.local/lib/python3.7/site-packages/airflow/example_dags/example_latest_only_with_trigger.py
[2022-12-22T01:42:19.852+0000] {logging_mixin.py:137} INFO - [2022-12-22T01:42:19.852+0000] {dag.py:2676} INFO - Sync 1 DAGs
[2022-12-22T01:42:19.882+0000] {logging_mixin.py:137} INFO - [2022-12-22T01:42:19.882+0000] {dag.py:3427} INFO - Setting next_dagrun for latest_only_with_trigger to 2022-12-21T21:42:19.881763+00:00, run_after=2022-12-22T01:42:19.881763+00:00
[2022-12-22T01:42:19.903+0000] {processor.py:175} INFO - Processing /home/airflow/.local/lib/python3.7/site-packages/airflow/example_dags/example_latest_only_with_trigger.py took 0.105 seconds
[2022-12-22T01:42:50.432+0000] {processor.py:153} INFO - Started process (PID=4246) to work on /home/airflow/.local/lib/python3.7/site-packages/airflow/example_dags/example_latest_only_with_trigger.py
[2022-12-22T01:42:50.433+0000] {processor.py:743} INFO - Processing file /home/airflow/.local/lib/python3.7/site-packages/airflow/example_dags/example_latest_only_with_trigger.py for tasks to queue
[2022-12-22T01:42:50.434+0000] {logging_mixin.py:137} INFO - [2022-12-22T01:42:50.434+0000] {dagbag.py:538} INFO - Filling up the DagBag from /home/airflow/.local/lib/python3.7/site-packages/airflow/example_dags/example_latest_only_with_trigger.py
[2022-12-22T01:42:50.447+0000] {processor.py:753} INFO - DAG(s) dict_keys(['latest_only_with_trigger']) retrieved from /home/airflow/.local/lib/python3.7/site-packages/airflow/example_dags/example_latest_only_with_trigger.py
[2022-12-22T01:42:50.493+0000] {logging_mixin.py:137} INFO - [2022-12-22T01:42:50.493+0000] {dag.py:2676} INFO - Sync 1 DAGs
[2022-12-22T01:42:50.518+0000] {logging_mixin.py:137} INFO - [2022-12-22T01:42:50.518+0000] {dag.py:3427} INFO - Setting next_dagrun for latest_only_with_trigger to 2022-12-21T21:42:50.518288+00:00, run_after=2022-12-22T01:42:50.518288+00:00
[2022-12-22T01:42:50.537+0000] {processor.py:175} INFO - Processing /home/airflow/.local/lib/python3.7/site-packages/airflow/example_dags/example_latest_only_with_trigger.py took 0.108 seconds
[2022-12-22T01:43:21.250+0000] {processor.py:153} INFO - Started process (PID=4356) to work on /home/airflow/.local/lib/python3.7/site-packages/airflow/example_dags/example_latest_only_with_trigger.py
[2022-12-22T01:43:21.251+0000] {processor.py:743} INFO - Processing file /home/airflow/.local/lib/python3.7/site-packages/airflow/example_dags/example_latest_only_with_trigger.py for tasks to queue
[2022-12-22T01:43:21.251+0000] {logging_mixin.py:137} INFO - [2022-12-22T01:43:21.251+0000] {dagbag.py:538} INFO - Filling up the DagBag from /home/airflow/.local/lib/python3.7/site-packages/airflow/example_dags/example_latest_only_with_trigger.py
[2022-12-22T01:43:21.266+0000] {processor.py:753} INFO - DAG(s) dict_keys(['latest_only_with_trigger']) retrieved from /home/airflow/.local/lib/python3.7/site-packages/airflow/example_dags/example_latest_only_with_trigger.py
[2022-12-22T01:43:21.308+0000] {logging_mixin.py:137} INFO - [2022-12-22T01:43:21.308+0000] {dag.py:2676} INFO - Sync 1 DAGs
[2022-12-22T01:43:21.337+0000] {logging_mixin.py:137} INFO - [2022-12-22T01:43:21.337+0000] {dag.py:3427} INFO - Setting next_dagrun for latest_only_with_trigger to 2022-12-21T21:43:21.337180+00:00, run_after=2022-12-22T01:43:21.337180+00:00
[2022-12-22T01:43:21.357+0000] {processor.py:175} INFO - Processing /home/airflow/.local/lib/python3.7/site-packages/airflow/example_dags/example_latest_only_with_trigger.py took 0.110 seconds
[2022-12-22T01:43:51.860+0000] {processor.py:153} INFO - Started process (PID=4442) to work on /home/airflow/.local/lib/python3.7/site-packages/airflow/example_dags/example_latest_only_with_trigger.py
[2022-12-22T01:43:51.861+0000] {processor.py:743} INFO - Processing file /home/airflow/.local/lib/python3.7/site-packages/airflow/example_dags/example_latest_only_with_trigger.py for tasks to queue
[2022-12-22T01:43:51.861+0000] {logging_mixin.py:137} INFO - [2022-12-22T01:43:51.861+0000] {dagbag.py:538} INFO - Filling up the DagBag from /home/airflow/.local/lib/python3.7/site-packages/airflow/example_dags/example_latest_only_with_trigger.py
[2022-12-22T01:43:51.876+0000] {processor.py:753} INFO - DAG(s) dict_keys(['latest_only_with_trigger']) retrieved from /home/airflow/.local/lib/python3.7/site-packages/airflow/example_dags/example_latest_only_with_trigger.py
[2022-12-22T01:43:51.910+0000] {logging_mixin.py:137} INFO - [2022-12-22T01:43:51.910+0000] {dag.py:2676} INFO - Sync 1 DAGs
[2022-12-22T01:43:51.934+0000] {logging_mixin.py:137} INFO - [2022-12-22T01:43:51.934+0000] {dag.py:3427} INFO - Setting next_dagrun for latest_only_with_trigger to 2022-12-21T21:43:51.934575+00:00, run_after=2022-12-22T01:43:51.934575+00:00
[2022-12-22T01:43:51.954+0000] {processor.py:175} INFO - Processing /home/airflow/.local/lib/python3.7/site-packages/airflow/example_dags/example_latest_only_with_trigger.py took 0.097 seconds
[2022-12-22T01:44:22.307+0000] {processor.py:153} INFO - Started process (PID=4528) to work on /home/airflow/.local/lib/python3.7/site-packages/airflow/example_dags/example_latest_only_with_trigger.py
[2022-12-22T01:44:22.308+0000] {processor.py:743} INFO - Processing file /home/airflow/.local/lib/python3.7/site-packages/airflow/example_dags/example_latest_only_with_trigger.py for tasks to queue
[2022-12-22T01:44:22.309+0000] {logging_mixin.py:137} INFO - [2022-12-22T01:44:22.308+0000] {dagbag.py:538} INFO - Filling up the DagBag from /home/airflow/.local/lib/python3.7/site-packages/airflow/example_dags/example_latest_only_with_trigger.py
[2022-12-22T01:44:22.322+0000] {processor.py:753} INFO - DAG(s) dict_keys(['latest_only_with_trigger']) retrieved from /home/airflow/.local/lib/python3.7/site-packages/airflow/example_dags/example_latest_only_with_trigger.py
[2022-12-22T01:44:22.359+0000] {logging_mixin.py:137} INFO - [2022-12-22T01:44:22.359+0000] {dag.py:2676} INFO - Sync 1 DAGs
[2022-12-22T01:44:22.387+0000] {logging_mixin.py:137} INFO - [2022-12-22T01:44:22.387+0000] {dag.py:3427} INFO - Setting next_dagrun for latest_only_with_trigger to 2022-12-21T21:44:22.386976+00:00, run_after=2022-12-22T01:44:22.386976+00:00
[2022-12-22T01:44:22.404+0000] {processor.py:175} INFO - Processing /home/airflow/.local/lib/python3.7/site-packages/airflow/example_dags/example_latest_only_with_trigger.py took 0.100 seconds
[2022-12-22T01:44:52.706+0000] {processor.py:153} INFO - Started process (PID=4638) to work on /home/airflow/.local/lib/python3.7/site-packages/airflow/example_dags/example_latest_only_with_trigger.py
[2022-12-22T01:44:52.707+0000] {processor.py:743} INFO - Processing file /home/airflow/.local/lib/python3.7/site-packages/airflow/example_dags/example_latest_only_with_trigger.py for tasks to queue
[2022-12-22T01:44:52.707+0000] {logging_mixin.py:137} INFO - [2022-12-22T01:44:52.707+0000] {dagbag.py:538} INFO - Filling up the DagBag from /home/airflow/.local/lib/python3.7/site-packages/airflow/example_dags/example_latest_only_with_trigger.py
[2022-12-22T01:44:52.792+0000] {processor.py:753} INFO - DAG(s) dict_keys(['latest_only_with_trigger']) retrieved from /home/airflow/.local/lib/python3.7/site-packages/airflow/example_dags/example_latest_only_with_trigger.py
[2022-12-22T01:44:52.895+0000] {logging_mixin.py:137} INFO - [2022-12-22T01:44:52.894+0000] {dag.py:2676} INFO - Sync 1 DAGs
[2022-12-22T01:44:52.928+0000] {logging_mixin.py:137} INFO - [2022-12-22T01:44:52.928+0000] {dag.py:3427} INFO - Setting next_dagrun for latest_only_with_trigger to 2022-12-21T21:44:52.927859+00:00, run_after=2022-12-22T01:44:52.927859+00:00
[2022-12-22T01:44:53.007+0000] {processor.py:175} INFO - Processing /home/airflow/.local/lib/python3.7/site-packages/airflow/example_dags/example_latest_only_with_trigger.py took 0.304 seconds
[2022-12-22T01:45:23.840+0000] {processor.py:153} INFO - Started process (PID=4724) to work on /home/airflow/.local/lib/python3.7/site-packages/airflow/example_dags/example_latest_only_with_trigger.py
[2022-12-22T01:45:23.841+0000] {processor.py:743} INFO - Processing file /home/airflow/.local/lib/python3.7/site-packages/airflow/example_dags/example_latest_only_with_trigger.py for tasks to queue
[2022-12-22T01:45:23.842+0000] {logging_mixin.py:137} INFO - [2022-12-22T01:45:23.841+0000] {dagbag.py:538} INFO - Filling up the DagBag from /home/airflow/.local/lib/python3.7/site-packages/airflow/example_dags/example_latest_only_with_trigger.py
[2022-12-22T01:45:23.856+0000] {processor.py:753} INFO - DAG(s) dict_keys(['latest_only_with_trigger']) retrieved from /home/airflow/.local/lib/python3.7/site-packages/airflow/example_dags/example_latest_only_with_trigger.py
[2022-12-22T01:45:23.892+0000] {logging_mixin.py:137} INFO - [2022-12-22T01:45:23.892+0000] {dag.py:2676} INFO - Sync 1 DAGs
[2022-12-22T01:45:23.919+0000] {logging_mixin.py:137} INFO - [2022-12-22T01:45:23.919+0000] {dag.py:3427} INFO - Setting next_dagrun for latest_only_with_trigger to 2022-12-21T21:45:23.919578+00:00, run_after=2022-12-22T01:45:23.919578+00:00
[2022-12-22T01:45:23.938+0000] {processor.py:175} INFO - Processing /home/airflow/.local/lib/python3.7/site-packages/airflow/example_dags/example_latest_only_with_trigger.py took 0.101 seconds
[2022-12-22T01:45:54.060+0000] {processor.py:153} INFO - Started process (PID=4810) to work on /home/airflow/.local/lib/python3.7/site-packages/airflow/example_dags/example_latest_only_with_trigger.py
[2022-12-22T01:45:54.062+0000] {processor.py:743} INFO - Processing file /home/airflow/.local/lib/python3.7/site-packages/airflow/example_dags/example_latest_only_with_trigger.py for tasks to queue
[2022-12-22T01:45:54.062+0000] {logging_mixin.py:137} INFO - [2022-12-22T01:45:54.062+0000] {dagbag.py:538} INFO - Filling up the DagBag from /home/airflow/.local/lib/python3.7/site-packages/airflow/example_dags/example_latest_only_with_trigger.py
[2022-12-22T01:45:54.080+0000] {processor.py:753} INFO - DAG(s) dict_keys(['latest_only_with_trigger']) retrieved from /home/airflow/.local/lib/python3.7/site-packages/airflow/example_dags/example_latest_only_with_trigger.py
[2022-12-22T01:45:54.118+0000] {logging_mixin.py:137} INFO - [2022-12-22T01:45:54.117+0000] {dag.py:2676} INFO - Sync 1 DAGs
[2022-12-22T01:45:54.153+0000] {logging_mixin.py:137} INFO - [2022-12-22T01:45:54.153+0000] {dag.py:3427} INFO - Setting next_dagrun for latest_only_with_trigger to 2022-12-21T21:45:54.153330+00:00, run_after=2022-12-22T01:45:54.153330+00:00
[2022-12-22T01:45:54.177+0000] {processor.py:175} INFO - Processing /home/airflow/.local/lib/python3.7/site-packages/airflow/example_dags/example_latest_only_with_trigger.py took 0.119 seconds
[2022-12-22T01:46:24.342+0000] {processor.py:153} INFO - Started process (PID=4896) to work on /home/airflow/.local/lib/python3.7/site-packages/airflow/example_dags/example_latest_only_with_trigger.py
[2022-12-22T01:46:24.343+0000] {processor.py:743} INFO - Processing file /home/airflow/.local/lib/python3.7/site-packages/airflow/example_dags/example_latest_only_with_trigger.py for tasks to queue
[2022-12-22T01:46:24.344+0000] {logging_mixin.py:137} INFO - [2022-12-22T01:46:24.344+0000] {dagbag.py:538} INFO - Filling up the DagBag from /home/airflow/.local/lib/python3.7/site-packages/airflow/example_dags/example_latest_only_with_trigger.py
[2022-12-22T01:46:24.361+0000] {processor.py:753} INFO - DAG(s) dict_keys(['latest_only_with_trigger']) retrieved from /home/airflow/.local/lib/python3.7/site-packages/airflow/example_dags/example_latest_only_with_trigger.py
[2022-12-22T01:46:24.401+0000] {logging_mixin.py:137} INFO - [2022-12-22T01:46:24.401+0000] {dag.py:2676} INFO - Sync 1 DAGs
[2022-12-22T01:46:24.441+0000] {logging_mixin.py:137} INFO - [2022-12-22T01:46:24.440+0000] {dag.py:3427} INFO - Setting next_dagrun for latest_only_with_trigger to 2022-12-21T21:46:24.440549+00:00, run_after=2022-12-22T01:46:24.440549+00:00
[2022-12-22T01:46:24.464+0000] {processor.py:175} INFO - Processing /home/airflow/.local/lib/python3.7/site-packages/airflow/example_dags/example_latest_only_with_trigger.py took 0.124 seconds
[2022-12-22T01:46:55.102+0000] {processor.py:153} INFO - Started process (PID=5006) to work on /home/airflow/.local/lib/python3.7/site-packages/airflow/example_dags/example_latest_only_with_trigger.py
[2022-12-22T01:46:55.103+0000] {processor.py:743} INFO - Processing file /home/airflow/.local/lib/python3.7/site-packages/airflow/example_dags/example_latest_only_with_trigger.py for tasks to queue
[2022-12-22T01:46:55.104+0000] {logging_mixin.py:137} INFO - [2022-12-22T01:46:55.104+0000] {dagbag.py:538} INFO - Filling up the DagBag from /home/airflow/.local/lib/python3.7/site-packages/airflow/example_dags/example_latest_only_with_trigger.py
[2022-12-22T01:46:55.116+0000] {processor.py:753} INFO - DAG(s) dict_keys(['latest_only_with_trigger']) retrieved from /home/airflow/.local/lib/python3.7/site-packages/airflow/example_dags/example_latest_only_with_trigger.py
[2022-12-22T01:46:55.151+0000] {logging_mixin.py:137} INFO - [2022-12-22T01:46:55.151+0000] {dag.py:2676} INFO - Sync 1 DAGs
[2022-12-22T01:46:55.176+0000] {logging_mixin.py:137} INFO - [2022-12-22T01:46:55.176+0000] {dag.py:3427} INFO - Setting next_dagrun for latest_only_with_trigger to 2022-12-21T21:46:55.175923+00:00, run_after=2022-12-22T01:46:55.175923+00:00
[2022-12-22T01:46:55.201+0000] {processor.py:175} INFO - Processing /home/airflow/.local/lib/python3.7/site-packages/airflow/example_dags/example_latest_only_with_trigger.py took 0.101 seconds
[2022-12-22T01:47:26.155+0000] {processor.py:153} INFO - Started process (PID=5092) to work on /home/airflow/.local/lib/python3.7/site-packages/airflow/example_dags/example_latest_only_with_trigger.py
[2022-12-22T01:47:26.156+0000] {processor.py:743} INFO - Processing file /home/airflow/.local/lib/python3.7/site-packages/airflow/example_dags/example_latest_only_with_trigger.py for tasks to queue
[2022-12-22T01:47:26.156+0000] {logging_mixin.py:137} INFO - [2022-12-22T01:47:26.156+0000] {dagbag.py:538} INFO - Filling up the DagBag from /home/airflow/.local/lib/python3.7/site-packages/airflow/example_dags/example_latest_only_with_trigger.py
[2022-12-22T01:47:26.169+0000] {processor.py:753} INFO - DAG(s) dict_keys(['latest_only_with_trigger']) retrieved from /home/airflow/.local/lib/python3.7/site-packages/airflow/example_dags/example_latest_only_with_trigger.py
[2022-12-22T01:47:26.204+0000] {logging_mixin.py:137} INFO - [2022-12-22T01:47:26.204+0000] {dag.py:2676} INFO - Sync 1 DAGs
[2022-12-22T01:47:26.228+0000] {logging_mixin.py:137} INFO - [2022-12-22T01:47:26.228+0000] {dag.py:3427} INFO - Setting next_dagrun for latest_only_with_trigger to 2022-12-21T21:47:26.227977+00:00, run_after=2022-12-22T01:47:26.227977+00:00
[2022-12-22T01:47:26.244+0000] {processor.py:175} INFO - Processing /home/airflow/.local/lib/python3.7/site-packages/airflow/example_dags/example_latest_only_with_trigger.py took 0.091 seconds
[2022-12-22T01:47:57.060+0000] {processor.py:153} INFO - Started process (PID=5202) to work on /home/airflow/.local/lib/python3.7/site-packages/airflow/example_dags/example_latest_only_with_trigger.py
[2022-12-22T01:47:57.061+0000] {processor.py:743} INFO - Processing file /home/airflow/.local/lib/python3.7/site-packages/airflow/example_dags/example_latest_only_with_trigger.py for tasks to queue
[2022-12-22T01:47:57.061+0000] {logging_mixin.py:137} INFO - [2022-12-22T01:47:57.061+0000] {dagbag.py:538} INFO - Filling up the DagBag from /home/airflow/.local/lib/python3.7/site-packages/airflow/example_dags/example_latest_only_with_trigger.py
[2022-12-22T01:47:57.092+0000] {processor.py:753} INFO - DAG(s) dict_keys(['latest_only_with_trigger']) retrieved from /home/airflow/.local/lib/python3.7/site-packages/airflow/example_dags/example_latest_only_with_trigger.py
[2022-12-22T01:47:57.130+0000] {logging_mixin.py:137} INFO - [2022-12-22T01:47:57.129+0000] {dag.py:2676} INFO - Sync 1 DAGs
[2022-12-22T01:47:57.154+0000] {logging_mixin.py:137} INFO - [2022-12-22T01:47:57.154+0000] {dag.py:3427} INFO - Setting next_dagrun for latest_only_with_trigger to 2022-12-21T21:47:57.154219+00:00, run_after=2022-12-22T01:47:57.154219+00:00
[2022-12-22T01:47:57.173+0000] {processor.py:175} INFO - Processing /home/airflow/.local/lib/python3.7/site-packages/airflow/example_dags/example_latest_only_with_trigger.py took 0.115 seconds
[2022-12-22T01:48:28.028+0000] {processor.py:153} INFO - Started process (PID=5288) to work on /home/airflow/.local/lib/python3.7/site-packages/airflow/example_dags/example_latest_only_with_trigger.py
[2022-12-22T01:48:28.029+0000] {processor.py:743} INFO - Processing file /home/airflow/.local/lib/python3.7/site-packages/airflow/example_dags/example_latest_only_with_trigger.py for tasks to queue
[2022-12-22T01:48:28.029+0000] {logging_mixin.py:137} INFO - [2022-12-22T01:48:28.029+0000] {dagbag.py:538} INFO - Filling up the DagBag from /home/airflow/.local/lib/python3.7/site-packages/airflow/example_dags/example_latest_only_with_trigger.py
[2022-12-22T01:48:28.089+0000] {processor.py:753} INFO - DAG(s) dict_keys(['latest_only_with_trigger']) retrieved from /home/airflow/.local/lib/python3.7/site-packages/airflow/example_dags/example_latest_only_with_trigger.py
[2022-12-22T01:48:28.127+0000] {logging_mixin.py:137} INFO - [2022-12-22T01:48:28.127+0000] {dag.py:2676} INFO - Sync 1 DAGs
[2022-12-22T01:48:28.189+0000] {logging_mixin.py:137} INFO - [2022-12-22T01:48:28.188+0000] {dag.py:3427} INFO - Setting next_dagrun for latest_only_with_trigger to 2022-12-21T21:48:28.188699+00:00, run_after=2022-12-22T01:48:28.188699+00:00
[2022-12-22T01:48:28.208+0000] {processor.py:175} INFO - Processing /home/airflow/.local/lib/python3.7/site-packages/airflow/example_dags/example_latest_only_with_trigger.py took 0.183 seconds
[2022-12-22T01:48:58.755+0000] {processor.py:153} INFO - Started process (PID=5374) to work on /home/airflow/.local/lib/python3.7/site-packages/airflow/example_dags/example_latest_only_with_trigger.py
[2022-12-22T01:48:58.756+0000] {processor.py:743} INFO - Processing file /home/airflow/.local/lib/python3.7/site-packages/airflow/example_dags/example_latest_only_with_trigger.py for tasks to queue
[2022-12-22T01:48:58.756+0000] {logging_mixin.py:137} INFO - [2022-12-22T01:48:58.756+0000] {dagbag.py:538} INFO - Filling up the DagBag from /home/airflow/.local/lib/python3.7/site-packages/airflow/example_dags/example_latest_only_with_trigger.py
[2022-12-22T01:48:58.770+0000] {processor.py:753} INFO - DAG(s) dict_keys(['latest_only_with_trigger']) retrieved from /home/airflow/.local/lib/python3.7/site-packages/airflow/example_dags/example_latest_only_with_trigger.py
[2022-12-22T01:48:58.807+0000] {logging_mixin.py:137} INFO - [2022-12-22T01:48:58.807+0000] {dag.py:2676} INFO - Sync 1 DAGs
[2022-12-22T01:48:58.835+0000] {logging_mixin.py:137} INFO - [2022-12-22T01:48:58.835+0000] {dag.py:3427} INFO - Setting next_dagrun for latest_only_with_trigger to 2022-12-21T21:48:58.834955+00:00, run_after=2022-12-22T01:48:58.834955+00:00
[2022-12-22T01:48:58.855+0000] {processor.py:175} INFO - Processing /home/airflow/.local/lib/python3.7/site-packages/airflow/example_dags/example_latest_only_with_trigger.py took 0.103 seconds
[2022-12-22T01:49:29.100+0000] {processor.py:153} INFO - Started process (PID=5484) to work on /home/airflow/.local/lib/python3.7/site-packages/airflow/example_dags/example_latest_only_with_trigger.py
[2022-12-22T01:49:29.101+0000] {processor.py:743} INFO - Processing file /home/airflow/.local/lib/python3.7/site-packages/airflow/example_dags/example_latest_only_with_trigger.py for tasks to queue
[2022-12-22T01:49:29.102+0000] {logging_mixin.py:137} INFO - [2022-12-22T01:49:29.102+0000] {dagbag.py:538} INFO - Filling up the DagBag from /home/airflow/.local/lib/python3.7/site-packages/airflow/example_dags/example_latest_only_with_trigger.py
[2022-12-22T01:49:29.116+0000] {processor.py:753} INFO - DAG(s) dict_keys(['latest_only_with_trigger']) retrieved from /home/airflow/.local/lib/python3.7/site-packages/airflow/example_dags/example_latest_only_with_trigger.py
[2022-12-22T01:49:29.161+0000] {logging_mixin.py:137} INFO - [2022-12-22T01:49:29.160+0000] {dag.py:2676} INFO - Sync 1 DAGs
[2022-12-22T01:49:29.192+0000] {logging_mixin.py:137} INFO - [2022-12-22T01:49:29.191+0000] {dag.py:3427} INFO - Setting next_dagrun for latest_only_with_trigger to 2022-12-21T21:49:29.191487+00:00, run_after=2022-12-22T01:49:29.191487+00:00
[2022-12-22T01:49:29.214+0000] {processor.py:175} INFO - Processing /home/airflow/.local/lib/python3.7/site-packages/airflow/example_dags/example_latest_only_with_trigger.py took 0.117 seconds
[2022-12-22T01:49:59.584+0000] {processor.py:153} INFO - Started process (PID=5570) to work on /home/airflow/.local/lib/python3.7/site-packages/airflow/example_dags/example_latest_only_with_trigger.py
[2022-12-22T01:49:59.587+0000] {processor.py:743} INFO - Processing file /home/airflow/.local/lib/python3.7/site-packages/airflow/example_dags/example_latest_only_with_trigger.py for tasks to queue
[2022-12-22T01:49:59.587+0000] {logging_mixin.py:137} INFO - [2022-12-22T01:49:59.587+0000] {dagbag.py:538} INFO - Filling up the DagBag from /home/airflow/.local/lib/python3.7/site-packages/airflow/example_dags/example_latest_only_with_trigger.py
[2022-12-22T01:49:59.602+0000] {processor.py:753} INFO - DAG(s) dict_keys(['latest_only_with_trigger']) retrieved from /home/airflow/.local/lib/python3.7/site-packages/airflow/example_dags/example_latest_only_with_trigger.py
[2022-12-22T01:49:59.644+0000] {logging_mixin.py:137} INFO - [2022-12-22T01:49:59.643+0000] {dag.py:2676} INFO - Sync 1 DAGs
[2022-12-22T01:49:59.677+0000] {logging_mixin.py:137} INFO - [2022-12-22T01:49:59.677+0000] {dag.py:3427} INFO - Setting next_dagrun for latest_only_with_trigger to 2022-12-21T21:49:59.677393+00:00, run_after=2022-12-22T01:49:59.677393+00:00
[2022-12-22T01:49:59.707+0000] {processor.py:175} INFO - Processing /home/airflow/.local/lib/python3.7/site-packages/airflow/example_dags/example_latest_only_with_trigger.py took 0.125 seconds
[2022-12-22T01:50:30.411+0000] {processor.py:153} INFO - Started process (PID=5656) to work on /home/airflow/.local/lib/python3.7/site-packages/airflow/example_dags/example_latest_only_with_trigger.py
[2022-12-22T01:50:30.411+0000] {processor.py:743} INFO - Processing file /home/airflow/.local/lib/python3.7/site-packages/airflow/example_dags/example_latest_only_with_trigger.py for tasks to queue
[2022-12-22T01:50:30.412+0000] {logging_mixin.py:137} INFO - [2022-12-22T01:50:30.412+0000] {dagbag.py:538} INFO - Filling up the DagBag from /home/airflow/.local/lib/python3.7/site-packages/airflow/example_dags/example_latest_only_with_trigger.py
[2022-12-22T01:50:30.424+0000] {processor.py:753} INFO - DAG(s) dict_keys(['latest_only_with_trigger']) retrieved from /home/airflow/.local/lib/python3.7/site-packages/airflow/example_dags/example_latest_only_with_trigger.py
[2022-12-22T01:50:30.460+0000] {logging_mixin.py:137} INFO - [2022-12-22T01:50:30.459+0000] {dag.py:2676} INFO - Sync 1 DAGs
[2022-12-22T01:50:30.485+0000] {logging_mixin.py:137} INFO - [2022-12-22T01:50:30.485+0000] {dag.py:3427} INFO - Setting next_dagrun for latest_only_with_trigger to 2022-12-21T21:50:30.484894+00:00, run_after=2022-12-22T01:50:30.484894+00:00
[2022-12-22T01:50:30.502+0000] {processor.py:175} INFO - Processing /home/airflow/.local/lib/python3.7/site-packages/airflow/example_dags/example_latest_only_with_trigger.py took 0.094 seconds
[2022-12-22T01:51:02.319+0000] {processor.py:153} INFO - Started process (PID=5766) to work on /home/airflow/.local/lib/python3.7/site-packages/airflow/example_dags/example_latest_only_with_trigger.py
[2022-12-22T01:51:02.320+0000] {processor.py:743} INFO - Processing file /home/airflow/.local/lib/python3.7/site-packages/airflow/example_dags/example_latest_only_with_trigger.py for tasks to queue
[2022-12-22T01:51:02.321+0000] {logging_mixin.py:137} INFO - [2022-12-22T01:51:02.321+0000] {dagbag.py:538} INFO - Filling up the DagBag from /home/airflow/.local/lib/python3.7/site-packages/airflow/example_dags/example_latest_only_with_trigger.py
[2022-12-22T01:51:02.337+0000] {processor.py:753} INFO - DAG(s) dict_keys(['latest_only_with_trigger']) retrieved from /home/airflow/.local/lib/python3.7/site-packages/airflow/example_dags/example_latest_only_with_trigger.py
[2022-12-22T01:51:02.415+0000] {logging_mixin.py:137} INFO - [2022-12-22T01:51:02.414+0000] {dag.py:2676} INFO - Sync 1 DAGs
[2022-12-22T01:51:02.450+0000] {logging_mixin.py:137} INFO - [2022-12-22T01:51:02.450+0000] {dag.py:3427} INFO - Setting next_dagrun for latest_only_with_trigger to 2022-12-21T21:51:02.450221+00:00, run_after=2022-12-22T01:51:02.450221+00:00
[2022-12-22T01:51:02.504+0000] {processor.py:175} INFO - Processing /home/airflow/.local/lib/python3.7/site-packages/airflow/example_dags/example_latest_only_with_trigger.py took 0.189 seconds
