[2022-12-22T01:20:18.312+0000] {processor.py:153} INFO - Started process (PID=99) to work on /home/airflow/.local/lib/python3.7/site-packages/airflow/example_dags/example_branch_labels.py
[2022-12-22T01:20:18.392+0000] {processor.py:743} INFO - Processing file /home/airflow/.local/lib/python3.7/site-packages/airflow/example_dags/example_branch_labels.py for tasks to queue
[2022-12-22T01:20:18.393+0000] {logging_mixin.py:137} INFO - [2022-12-22T01:20:18.393+0000] {dagbag.py:538} INFO - Filling up the DagBag from /home/airflow/.local/lib/python3.7/site-packages/airflow/example_dags/example_branch_labels.py
[2022-12-22T01:20:18.413+0000] {processor.py:753} INFO - DAG(s) dict_keys(['example_branch_labels']) retrieved from /home/airflow/.local/lib/python3.7/site-packages/airflow/example_dags/example_branch_labels.py
[2022-12-22T01:20:18.605+0000] {logging_mixin.py:137} INFO - [2022-12-22T01:20:18.604+0000] {dag.py:2676} INFO - Sync 1 DAGs
[2022-12-22T01:20:18.791+0000] {logging_mixin.py:137} INFO - [2022-12-22T01:20:18.791+0000] {dag.py:3427} INFO - Setting next_dagrun for example_branch_labels to 2022-12-21T00:00:00+00:00, run_after=2022-12-22T00:00:00+00:00
[2022-12-22T01:20:18.895+0000] {processor.py:175} INFO - Processing /home/airflow/.local/lib/python3.7/site-packages/airflow/example_dags/example_branch_labels.py took 0.586 seconds
[2022-12-22T01:20:49.132+0000] {processor.py:153} INFO - Started process (PID=176) to work on /home/airflow/.local/lib/python3.7/site-packages/airflow/example_dags/example_branch_labels.py
[2022-12-22T01:20:49.133+0000] {processor.py:743} INFO - Processing file /home/airflow/.local/lib/python3.7/site-packages/airflow/example_dags/example_branch_labels.py for tasks to queue
[2022-12-22T01:20:49.134+0000] {logging_mixin.py:137} INFO - [2022-12-22T01:20:49.134+0000] {dagbag.py:538} INFO - Filling up the DagBag from /home/airflow/.local/lib/python3.7/site-packages/airflow/example_dags/example_branch_labels.py
[2022-12-22T01:20:49.149+0000] {processor.py:753} INFO - DAG(s) dict_keys(['example_branch_labels']) retrieved from /home/airflow/.local/lib/python3.7/site-packages/airflow/example_dags/example_branch_labels.py
[2022-12-22T01:20:49.184+0000] {logging_mixin.py:137} INFO - [2022-12-22T01:20:49.184+0000] {dag.py:2676} INFO - Sync 1 DAGs
[2022-12-22T01:20:49.209+0000] {logging_mixin.py:137} INFO - [2022-12-22T01:20:49.209+0000] {dag.py:3427} INFO - Setting next_dagrun for example_branch_labels to 2022-12-21T00:00:00+00:00, run_after=2022-12-22T00:00:00+00:00
[2022-12-22T01:20:49.224+0000] {processor.py:175} INFO - Processing /home/airflow/.local/lib/python3.7/site-packages/airflow/example_dags/example_branch_labels.py took 0.095 seconds
[2022-12-22T01:21:19.445+0000] {processor.py:153} INFO - Started process (PID=286) to work on /home/airflow/.local/lib/python3.7/site-packages/airflow/example_dags/example_branch_labels.py
[2022-12-22T01:21:19.446+0000] {processor.py:743} INFO - Processing file /home/airflow/.local/lib/python3.7/site-packages/airflow/example_dags/example_branch_labels.py for tasks to queue
[2022-12-22T01:21:19.446+0000] {logging_mixin.py:137} INFO - [2022-12-22T01:21:19.446+0000] {dagbag.py:538} INFO - Filling up the DagBag from /home/airflow/.local/lib/python3.7/site-packages/airflow/example_dags/example_branch_labels.py
[2022-12-22T01:21:19.460+0000] {processor.py:753} INFO - DAG(s) dict_keys(['example_branch_labels']) retrieved from /home/airflow/.local/lib/python3.7/site-packages/airflow/example_dags/example_branch_labels.py
[2022-12-22T01:21:19.495+0000] {logging_mixin.py:137} INFO - [2022-12-22T01:21:19.495+0000] {dag.py:2676} INFO - Sync 1 DAGs
[2022-12-22T01:21:19.520+0000] {logging_mixin.py:137} INFO - [2022-12-22T01:21:19.520+0000] {dag.py:3427} INFO - Setting next_dagrun for example_branch_labels to 2022-12-21T00:00:00+00:00, run_after=2022-12-22T00:00:00+00:00
[2022-12-22T01:21:19.536+0000] {processor.py:175} INFO - Processing /home/airflow/.local/lib/python3.7/site-packages/airflow/example_dags/example_branch_labels.py took 0.095 seconds
[2022-12-22T01:21:49.669+0000] {processor.py:153} INFO - Started process (PID=372) to work on /home/airflow/.local/lib/python3.7/site-packages/airflow/example_dags/example_branch_labels.py
[2022-12-22T01:21:49.670+0000] {processor.py:743} INFO - Processing file /home/airflow/.local/lib/python3.7/site-packages/airflow/example_dags/example_branch_labels.py for tasks to queue
[2022-12-22T01:21:49.670+0000] {logging_mixin.py:137} INFO - [2022-12-22T01:21:49.670+0000] {dagbag.py:538} INFO - Filling up the DagBag from /home/airflow/.local/lib/python3.7/site-packages/airflow/example_dags/example_branch_labels.py
[2022-12-22T01:21:49.684+0000] {processor.py:753} INFO - DAG(s) dict_keys(['example_branch_labels']) retrieved from /home/airflow/.local/lib/python3.7/site-packages/airflow/example_dags/example_branch_labels.py
[2022-12-22T01:21:49.719+0000] {logging_mixin.py:137} INFO - [2022-12-22T01:21:49.719+0000] {dag.py:2676} INFO - Sync 1 DAGs
[2022-12-22T01:21:49.745+0000] {logging_mixin.py:137} INFO - [2022-12-22T01:21:49.744+0000] {dag.py:3427} INFO - Setting next_dagrun for example_branch_labels to 2022-12-21T00:00:00+00:00, run_after=2022-12-22T00:00:00+00:00
[2022-12-22T01:21:49.788+0000] {processor.py:175} INFO - Processing /home/airflow/.local/lib/python3.7/site-packages/airflow/example_dags/example_branch_labels.py took 0.123 seconds
[2022-12-22T01:22:19.975+0000] {processor.py:153} INFO - Started process (PID=464) to work on /home/airflow/.local/lib/python3.7/site-packages/airflow/example_dags/example_branch_labels.py
[2022-12-22T01:22:19.976+0000] {processor.py:743} INFO - Processing file /home/airflow/.local/lib/python3.7/site-packages/airflow/example_dags/example_branch_labels.py for tasks to queue
[2022-12-22T01:22:19.977+0000] {logging_mixin.py:137} INFO - [2022-12-22T01:22:19.977+0000] {dagbag.py:538} INFO - Filling up the DagBag from /home/airflow/.local/lib/python3.7/site-packages/airflow/example_dags/example_branch_labels.py
[2022-12-22T01:22:20.008+0000] {processor.py:753} INFO - DAG(s) dict_keys(['example_branch_labels']) retrieved from /home/airflow/.local/lib/python3.7/site-packages/airflow/example_dags/example_branch_labels.py
[2022-12-22T01:22:20.120+0000] {logging_mixin.py:137} INFO - [2022-12-22T01:22:20.120+0000] {dag.py:2676} INFO - Sync 1 DAGs
[2022-12-22T01:22:20.147+0000] {logging_mixin.py:137} INFO - [2022-12-22T01:22:20.147+0000] {dag.py:3427} INFO - Setting next_dagrun for example_branch_labels to 2022-12-21T00:00:00+00:00, run_after=2022-12-22T00:00:00+00:00
[2022-12-22T01:22:20.163+0000] {processor.py:175} INFO - Processing /home/airflow/.local/lib/python3.7/site-packages/airflow/example_dags/example_branch_labels.py took 0.191 seconds
[2022-12-22T01:22:50.381+0000] {processor.py:153} INFO - Started process (PID=568) to work on /home/airflow/.local/lib/python3.7/site-packages/airflow/example_dags/example_branch_labels.py
[2022-12-22T01:22:50.381+0000] {processor.py:743} INFO - Processing file /home/airflow/.local/lib/python3.7/site-packages/airflow/example_dags/example_branch_labels.py for tasks to queue
[2022-12-22T01:22:50.382+0000] {logging_mixin.py:137} INFO - [2022-12-22T01:22:50.382+0000] {dagbag.py:538} INFO - Filling up the DagBag from /home/airflow/.local/lib/python3.7/site-packages/airflow/example_dags/example_branch_labels.py
[2022-12-22T01:22:50.396+0000] {processor.py:753} INFO - DAG(s) dict_keys(['example_branch_labels']) retrieved from /home/airflow/.local/lib/python3.7/site-packages/airflow/example_dags/example_branch_labels.py
[2022-12-22T01:22:50.432+0000] {logging_mixin.py:137} INFO - [2022-12-22T01:22:50.432+0000] {dag.py:2676} INFO - Sync 1 DAGs
[2022-12-22T01:22:50.458+0000] {logging_mixin.py:137} INFO - [2022-12-22T01:22:50.458+0000] {dag.py:3427} INFO - Setting next_dagrun for example_branch_labels to 2022-12-21T00:00:00+00:00, run_after=2022-12-22T00:00:00+00:00
[2022-12-22T01:22:50.475+0000] {processor.py:175} INFO - Processing /home/airflow/.local/lib/python3.7/site-packages/airflow/example_dags/example_branch_labels.py took 0.097 seconds
[2022-12-22T01:23:20.828+0000] {processor.py:153} INFO - Started process (PID=654) to work on /home/airflow/.local/lib/python3.7/site-packages/airflow/example_dags/example_branch_labels.py
[2022-12-22T01:23:20.829+0000] {processor.py:743} INFO - Processing file /home/airflow/.local/lib/python3.7/site-packages/airflow/example_dags/example_branch_labels.py for tasks to queue
[2022-12-22T01:23:20.829+0000] {logging_mixin.py:137} INFO - [2022-12-22T01:23:20.829+0000] {dagbag.py:538} INFO - Filling up the DagBag from /home/airflow/.local/lib/python3.7/site-packages/airflow/example_dags/example_branch_labels.py
[2022-12-22T01:23:20.843+0000] {processor.py:753} INFO - DAG(s) dict_keys(['example_branch_labels']) retrieved from /home/airflow/.local/lib/python3.7/site-packages/airflow/example_dags/example_branch_labels.py
[2022-12-22T01:23:20.877+0000] {logging_mixin.py:137} INFO - [2022-12-22T01:23:20.876+0000] {dag.py:2676} INFO - Sync 1 DAGs
[2022-12-22T01:23:20.902+0000] {logging_mixin.py:137} INFO - [2022-12-22T01:23:20.902+0000] {dag.py:3427} INFO - Setting next_dagrun for example_branch_labels to 2022-12-21T00:00:00+00:00, run_after=2022-12-22T00:00:00+00:00
[2022-12-22T01:23:20.918+0000] {processor.py:175} INFO - Processing /home/airflow/.local/lib/python3.7/site-packages/airflow/example_dags/example_branch_labels.py took 0.092 seconds
[2022-12-22T01:23:51.040+0000] {processor.py:153} INFO - Started process (PID=764) to work on /home/airflow/.local/lib/python3.7/site-packages/airflow/example_dags/example_branch_labels.py
[2022-12-22T01:23:51.041+0000] {processor.py:743} INFO - Processing file /home/airflow/.local/lib/python3.7/site-packages/airflow/example_dags/example_branch_labels.py for tasks to queue
[2022-12-22T01:23:51.041+0000] {logging_mixin.py:137} INFO - [2022-12-22T01:23:51.041+0000] {dagbag.py:538} INFO - Filling up the DagBag from /home/airflow/.local/lib/python3.7/site-packages/airflow/example_dags/example_branch_labels.py
[2022-12-22T01:23:51.054+0000] {processor.py:753} INFO - DAG(s) dict_keys(['example_branch_labels']) retrieved from /home/airflow/.local/lib/python3.7/site-packages/airflow/example_dags/example_branch_labels.py
[2022-12-22T01:23:51.086+0000] {logging_mixin.py:137} INFO - [2022-12-22T01:23:51.086+0000] {dag.py:2676} INFO - Sync 1 DAGs
[2022-12-22T01:23:51.111+0000] {logging_mixin.py:137} INFO - [2022-12-22T01:23:51.111+0000] {dag.py:3427} INFO - Setting next_dagrun for example_branch_labels to 2022-12-21T00:00:00+00:00, run_after=2022-12-22T00:00:00+00:00
[2022-12-22T01:23:51.129+0000] {processor.py:175} INFO - Processing /home/airflow/.local/lib/python3.7/site-packages/airflow/example_dags/example_branch_labels.py took 0.092 seconds
[2022-12-22T01:24:21.581+0000] {processor.py:153} INFO - Started process (PID=850) to work on /home/airflow/.local/lib/python3.7/site-packages/airflow/example_dags/example_branch_labels.py
[2022-12-22T01:24:21.582+0000] {processor.py:743} INFO - Processing file /home/airflow/.local/lib/python3.7/site-packages/airflow/example_dags/example_branch_labels.py for tasks to queue
[2022-12-22T01:24:21.582+0000] {logging_mixin.py:137} INFO - [2022-12-22T01:24:21.582+0000] {dagbag.py:538} INFO - Filling up the DagBag from /home/airflow/.local/lib/python3.7/site-packages/airflow/example_dags/example_branch_labels.py
[2022-12-22T01:24:21.598+0000] {processor.py:753} INFO - DAG(s) dict_keys(['example_branch_labels']) retrieved from /home/airflow/.local/lib/python3.7/site-packages/airflow/example_dags/example_branch_labels.py
[2022-12-22T01:24:21.635+0000] {logging_mixin.py:137} INFO - [2022-12-22T01:24:21.635+0000] {dag.py:2676} INFO - Sync 1 DAGs
[2022-12-22T01:24:21.664+0000] {logging_mixin.py:137} INFO - [2022-12-22T01:24:21.664+0000] {dag.py:3427} INFO - Setting next_dagrun for example_branch_labels to 2022-12-21T00:00:00+00:00, run_after=2022-12-22T00:00:00+00:00
[2022-12-22T01:24:21.680+0000] {processor.py:175} INFO - Processing /home/airflow/.local/lib/python3.7/site-packages/airflow/example_dags/example_branch_labels.py took 0.101 seconds
[2022-12-22T01:24:51.791+0000] {processor.py:153} INFO - Started process (PID=936) to work on /home/airflow/.local/lib/python3.7/site-packages/airflow/example_dags/example_branch_labels.py
[2022-12-22T01:24:51.792+0000] {processor.py:743} INFO - Processing file /home/airflow/.local/lib/python3.7/site-packages/airflow/example_dags/example_branch_labels.py for tasks to queue
[2022-12-22T01:24:51.792+0000] {logging_mixin.py:137} INFO - [2022-12-22T01:24:51.792+0000] {dagbag.py:538} INFO - Filling up the DagBag from /home/airflow/.local/lib/python3.7/site-packages/airflow/example_dags/example_branch_labels.py
[2022-12-22T01:24:51.805+0000] {processor.py:753} INFO - DAG(s) dict_keys(['example_branch_labels']) retrieved from /home/airflow/.local/lib/python3.7/site-packages/airflow/example_dags/example_branch_labels.py
[2022-12-22T01:24:51.840+0000] {logging_mixin.py:137} INFO - [2022-12-22T01:24:51.840+0000] {dag.py:2676} INFO - Sync 1 DAGs
[2022-12-22T01:24:51.866+0000] {logging_mixin.py:137} INFO - [2022-12-22T01:24:51.866+0000] {dag.py:3427} INFO - Setting next_dagrun for example_branch_labels to 2022-12-21T00:00:00+00:00, run_after=2022-12-22T00:00:00+00:00
[2022-12-22T01:24:51.888+0000] {processor.py:175} INFO - Processing /home/airflow/.local/lib/python3.7/site-packages/airflow/example_dags/example_branch_labels.py took 0.099 seconds
[2022-12-22T01:25:22.168+0000] {processor.py:153} INFO - Started process (PID=1046) to work on /home/airflow/.local/lib/python3.7/site-packages/airflow/example_dags/example_branch_labels.py
[2022-12-22T01:25:22.169+0000] {processor.py:743} INFO - Processing file /home/airflow/.local/lib/python3.7/site-packages/airflow/example_dags/example_branch_labels.py for tasks to queue
[2022-12-22T01:25:22.169+0000] {logging_mixin.py:137} INFO - [2022-12-22T01:25:22.169+0000] {dagbag.py:538} INFO - Filling up the DagBag from /home/airflow/.local/lib/python3.7/site-packages/airflow/example_dags/example_branch_labels.py
[2022-12-22T01:25:22.182+0000] {processor.py:753} INFO - DAG(s) dict_keys(['example_branch_labels']) retrieved from /home/airflow/.local/lib/python3.7/site-packages/airflow/example_dags/example_branch_labels.py
[2022-12-22T01:25:22.216+0000] {logging_mixin.py:137} INFO - [2022-12-22T01:25:22.216+0000] {dag.py:2676} INFO - Sync 1 DAGs
[2022-12-22T01:25:22.241+0000] {logging_mixin.py:137} INFO - [2022-12-22T01:25:22.240+0000] {dag.py:3427} INFO - Setting next_dagrun for example_branch_labels to 2022-12-21T00:00:00+00:00, run_after=2022-12-22T00:00:00+00:00
[2022-12-22T01:25:22.256+0000] {processor.py:175} INFO - Processing /home/airflow/.local/lib/python3.7/site-packages/airflow/example_dags/example_branch_labels.py took 0.090 seconds
[2022-12-22T01:25:53.176+0000] {processor.py:153} INFO - Started process (PID=1132) to work on /home/airflow/.local/lib/python3.7/site-packages/airflow/example_dags/example_branch_labels.py
[2022-12-22T01:25:53.177+0000] {processor.py:743} INFO - Processing file /home/airflow/.local/lib/python3.7/site-packages/airflow/example_dags/example_branch_labels.py for tasks to queue
[2022-12-22T01:25:53.177+0000] {logging_mixin.py:137} INFO - [2022-12-22T01:25:53.177+0000] {dagbag.py:538} INFO - Filling up the DagBag from /home/airflow/.local/lib/python3.7/site-packages/airflow/example_dags/example_branch_labels.py
[2022-12-22T01:25:53.191+0000] {processor.py:753} INFO - DAG(s) dict_keys(['example_branch_labels']) retrieved from /home/airflow/.local/lib/python3.7/site-packages/airflow/example_dags/example_branch_labels.py
[2022-12-22T01:25:53.224+0000] {logging_mixin.py:137} INFO - [2022-12-22T01:25:53.224+0000] {dag.py:2676} INFO - Sync 1 DAGs
[2022-12-22T01:25:53.249+0000] {logging_mixin.py:137} INFO - [2022-12-22T01:25:53.249+0000] {dag.py:3427} INFO - Setting next_dagrun for example_branch_labels to 2022-12-21T00:00:00+00:00, run_after=2022-12-22T00:00:00+00:00
[2022-12-22T01:25:53.267+0000] {processor.py:175} INFO - Processing /home/airflow/.local/lib/python3.7/site-packages/airflow/example_dags/example_branch_labels.py took 0.094 seconds
[2022-12-22T01:26:23.729+0000] {processor.py:153} INFO - Started process (PID=1241) to work on /home/airflow/.local/lib/python3.7/site-packages/airflow/example_dags/example_branch_labels.py
[2022-12-22T01:26:23.730+0000] {processor.py:743} INFO - Processing file /home/airflow/.local/lib/python3.7/site-packages/airflow/example_dags/example_branch_labels.py for tasks to queue
[2022-12-22T01:26:23.731+0000] {logging_mixin.py:137} INFO - [2022-12-22T01:26:23.731+0000] {dagbag.py:538} INFO - Filling up the DagBag from /home/airflow/.local/lib/python3.7/site-packages/airflow/example_dags/example_branch_labels.py
[2022-12-22T01:26:23.744+0000] {processor.py:753} INFO - DAG(s) dict_keys(['example_branch_labels']) retrieved from /home/airflow/.local/lib/python3.7/site-packages/airflow/example_dags/example_branch_labels.py
[2022-12-22T01:26:23.779+0000] {logging_mixin.py:137} INFO - [2022-12-22T01:26:23.779+0000] {dag.py:2676} INFO - Sync 1 DAGs
[2022-12-22T01:26:23.823+0000] {logging_mixin.py:137} INFO - [2022-12-22T01:26:23.823+0000] {dag.py:3427} INFO - Setting next_dagrun for example_branch_labels to 2022-12-21T00:00:00+00:00, run_after=2022-12-22T00:00:00+00:00
[2022-12-22T01:26:23.842+0000] {processor.py:175} INFO - Processing /home/airflow/.local/lib/python3.7/site-packages/airflow/example_dags/example_branch_labels.py took 0.116 seconds
[2022-12-22T01:26:53.984+0000] {processor.py:153} INFO - Started process (PID=1327) to work on /home/airflow/.local/lib/python3.7/site-packages/airflow/example_dags/example_branch_labels.py
[2022-12-22T01:26:53.985+0000] {processor.py:743} INFO - Processing file /home/airflow/.local/lib/python3.7/site-packages/airflow/example_dags/example_branch_labels.py for tasks to queue
[2022-12-22T01:26:53.986+0000] {logging_mixin.py:137} INFO - [2022-12-22T01:26:53.986+0000] {dagbag.py:538} INFO - Filling up the DagBag from /home/airflow/.local/lib/python3.7/site-packages/airflow/example_dags/example_branch_labels.py
[2022-12-22T01:26:54.001+0000] {processor.py:753} INFO - DAG(s) dict_keys(['example_branch_labels']) retrieved from /home/airflow/.local/lib/python3.7/site-packages/airflow/example_dags/example_branch_labels.py
[2022-12-22T01:26:54.038+0000] {logging_mixin.py:137} INFO - [2022-12-22T01:26:54.038+0000] {dag.py:2676} INFO - Sync 1 DAGs
[2022-12-22T01:26:54.066+0000] {logging_mixin.py:137} INFO - [2022-12-22T01:26:54.065+0000] {dag.py:3427} INFO - Setting next_dagrun for example_branch_labels to 2022-12-21T00:00:00+00:00, run_after=2022-12-22T00:00:00+00:00
[2022-12-22T01:26:54.099+0000] {processor.py:175} INFO - Processing /home/airflow/.local/lib/python3.7/site-packages/airflow/example_dags/example_branch_labels.py took 0.118 seconds
[2022-12-22T01:27:24.379+0000] {processor.py:153} INFO - Started process (PID=1413) to work on /home/airflow/.local/lib/python3.7/site-packages/airflow/example_dags/example_branch_labels.py
[2022-12-22T01:27:24.379+0000] {processor.py:743} INFO - Processing file /home/airflow/.local/lib/python3.7/site-packages/airflow/example_dags/example_branch_labels.py for tasks to queue
[2022-12-22T01:27:24.380+0000] {logging_mixin.py:137} INFO - [2022-12-22T01:27:24.380+0000] {dagbag.py:538} INFO - Filling up the DagBag from /home/airflow/.local/lib/python3.7/site-packages/airflow/example_dags/example_branch_labels.py
[2022-12-22T01:27:24.392+0000] {processor.py:753} INFO - DAG(s) dict_keys(['example_branch_labels']) retrieved from /home/airflow/.local/lib/python3.7/site-packages/airflow/example_dags/example_branch_labels.py
[2022-12-22T01:27:24.426+0000] {logging_mixin.py:137} INFO - [2022-12-22T01:27:24.426+0000] {dag.py:2676} INFO - Sync 1 DAGs
[2022-12-22T01:27:24.450+0000] {logging_mixin.py:137} INFO - [2022-12-22T01:27:24.450+0000] {dag.py:3427} INFO - Setting next_dagrun for example_branch_labels to 2022-12-21T00:00:00+00:00, run_after=2022-12-22T00:00:00+00:00
[2022-12-22T01:27:24.467+0000] {processor.py:175} INFO - Processing /home/airflow/.local/lib/python3.7/site-packages/airflow/example_dags/example_branch_labels.py took 0.091 seconds
[2022-12-22T01:27:55.210+0000] {processor.py:153} INFO - Started process (PID=1523) to work on /home/airflow/.local/lib/python3.7/site-packages/airflow/example_dags/example_branch_labels.py
[2022-12-22T01:27:55.211+0000] {processor.py:743} INFO - Processing file /home/airflow/.local/lib/python3.7/site-packages/airflow/example_dags/example_branch_labels.py for tasks to queue
[2022-12-22T01:27:55.211+0000] {logging_mixin.py:137} INFO - [2022-12-22T01:27:55.211+0000] {dagbag.py:538} INFO - Filling up the DagBag from /home/airflow/.local/lib/python3.7/site-packages/airflow/example_dags/example_branch_labels.py
[2022-12-22T01:27:55.227+0000] {processor.py:753} INFO - DAG(s) dict_keys(['example_branch_labels']) retrieved from /home/airflow/.local/lib/python3.7/site-packages/airflow/example_dags/example_branch_labels.py
[2022-12-22T01:27:55.320+0000] {logging_mixin.py:137} INFO - [2022-12-22T01:27:55.320+0000] {dag.py:2676} INFO - Sync 1 DAGs
[2022-12-22T01:27:55.400+0000] {logging_mixin.py:137} INFO - [2022-12-22T01:27:55.400+0000] {dag.py:3427} INFO - Setting next_dagrun for example_branch_labels to 2022-12-21T00:00:00+00:00, run_after=2022-12-22T00:00:00+00:00
[2022-12-22T01:27:55.419+0000] {processor.py:175} INFO - Processing /home/airflow/.local/lib/python3.7/site-packages/airflow/example_dags/example_branch_labels.py took 0.211 seconds
[2022-12-22T01:28:26.210+0000] {processor.py:153} INFO - Started process (PID=1609) to work on /home/airflow/.local/lib/python3.7/site-packages/airflow/example_dags/example_branch_labels.py
[2022-12-22T01:28:26.211+0000] {processor.py:743} INFO - Processing file /home/airflow/.local/lib/python3.7/site-packages/airflow/example_dags/example_branch_labels.py for tasks to queue
[2022-12-22T01:28:26.211+0000] {logging_mixin.py:137} INFO - [2022-12-22T01:28:26.211+0000] {dagbag.py:538} INFO - Filling up the DagBag from /home/airflow/.local/lib/python3.7/site-packages/airflow/example_dags/example_branch_labels.py
[2022-12-22T01:28:26.226+0000] {processor.py:753} INFO - DAG(s) dict_keys(['example_branch_labels']) retrieved from /home/airflow/.local/lib/python3.7/site-packages/airflow/example_dags/example_branch_labels.py
[2022-12-22T01:28:26.260+0000] {logging_mixin.py:137} INFO - [2022-12-22T01:28:26.260+0000] {dag.py:2676} INFO - Sync 1 DAGs
[2022-12-22T01:28:26.285+0000] {logging_mixin.py:137} INFO - [2022-12-22T01:28:26.285+0000] {dag.py:3427} INFO - Setting next_dagrun for example_branch_labels to 2022-12-21T00:00:00+00:00, run_after=2022-12-22T00:00:00+00:00
[2022-12-22T01:28:26.306+0000] {processor.py:175} INFO - Processing /home/airflow/.local/lib/python3.7/site-packages/airflow/example_dags/example_branch_labels.py took 0.099 seconds
[2022-12-22T01:28:56.593+0000] {processor.py:153} INFO - Started process (PID=1695) to work on /home/airflow/.local/lib/python3.7/site-packages/airflow/example_dags/example_branch_labels.py
[2022-12-22T01:28:56.594+0000] {processor.py:743} INFO - Processing file /home/airflow/.local/lib/python3.7/site-packages/airflow/example_dags/example_branch_labels.py for tasks to queue
[2022-12-22T01:28:56.595+0000] {logging_mixin.py:137} INFO - [2022-12-22T01:28:56.594+0000] {dagbag.py:538} INFO - Filling up the DagBag from /home/airflow/.local/lib/python3.7/site-packages/airflow/example_dags/example_branch_labels.py
[2022-12-22T01:28:56.608+0000] {processor.py:753} INFO - DAG(s) dict_keys(['example_branch_labels']) retrieved from /home/airflow/.local/lib/python3.7/site-packages/airflow/example_dags/example_branch_labels.py
[2022-12-22T01:28:56.644+0000] {logging_mixin.py:137} INFO - [2022-12-22T01:28:56.644+0000] {dag.py:2676} INFO - Sync 1 DAGs
[2022-12-22T01:28:56.670+0000] {logging_mixin.py:137} INFO - [2022-12-22T01:28:56.670+0000] {dag.py:3427} INFO - Setting next_dagrun for example_branch_labels to 2022-12-21T00:00:00+00:00, run_after=2022-12-22T00:00:00+00:00
[2022-12-22T01:28:56.687+0000] {processor.py:175} INFO - Processing /home/airflow/.local/lib/python3.7/site-packages/airflow/example_dags/example_branch_labels.py took 0.096 seconds
[2022-12-22T01:29:26.928+0000] {processor.py:153} INFO - Started process (PID=1806) to work on /home/airflow/.local/lib/python3.7/site-packages/airflow/example_dags/example_branch_labels.py
[2022-12-22T01:29:26.929+0000] {processor.py:743} INFO - Processing file /home/airflow/.local/lib/python3.7/site-packages/airflow/example_dags/example_branch_labels.py for tasks to queue
[2022-12-22T01:29:26.930+0000] {logging_mixin.py:137} INFO - [2022-12-22T01:29:26.930+0000] {dagbag.py:538} INFO - Filling up the DagBag from /home/airflow/.local/lib/python3.7/site-packages/airflow/example_dags/example_branch_labels.py
[2022-12-22T01:29:26.944+0000] {processor.py:753} INFO - DAG(s) dict_keys(['example_branch_labels']) retrieved from /home/airflow/.local/lib/python3.7/site-packages/airflow/example_dags/example_branch_labels.py
[2022-12-22T01:29:26.978+0000] {logging_mixin.py:137} INFO - [2022-12-22T01:29:26.978+0000] {dag.py:2676} INFO - Sync 1 DAGs
[2022-12-22T01:29:27.007+0000] {logging_mixin.py:137} INFO - [2022-12-22T01:29:27.007+0000] {dag.py:3427} INFO - Setting next_dagrun for example_branch_labels to 2022-12-21T00:00:00+00:00, run_after=2022-12-22T00:00:00+00:00
[2022-12-22T01:29:27.029+0000] {processor.py:175} INFO - Processing /home/airflow/.local/lib/python3.7/site-packages/airflow/example_dags/example_branch_labels.py took 0.104 seconds
[2022-12-22T01:29:57.950+0000] {processor.py:153} INFO - Started process (PID=1892) to work on /home/airflow/.local/lib/python3.7/site-packages/airflow/example_dags/example_branch_labels.py
[2022-12-22T01:29:57.951+0000] {processor.py:743} INFO - Processing file /home/airflow/.local/lib/python3.7/site-packages/airflow/example_dags/example_branch_labels.py for tasks to queue
[2022-12-22T01:29:57.951+0000] {logging_mixin.py:137} INFO - [2022-12-22T01:29:57.951+0000] {dagbag.py:538} INFO - Filling up the DagBag from /home/airflow/.local/lib/python3.7/site-packages/airflow/example_dags/example_branch_labels.py
[2022-12-22T01:29:57.966+0000] {processor.py:753} INFO - DAG(s) dict_keys(['example_branch_labels']) retrieved from /home/airflow/.local/lib/python3.7/site-packages/airflow/example_dags/example_branch_labels.py
[2022-12-22T01:29:57.999+0000] {logging_mixin.py:137} INFO - [2022-12-22T01:29:57.999+0000] {dag.py:2676} INFO - Sync 1 DAGs
[2022-12-22T01:29:58.026+0000] {logging_mixin.py:137} INFO - [2022-12-22T01:29:58.025+0000] {dag.py:3427} INFO - Setting next_dagrun for example_branch_labels to 2022-12-21T00:00:00+00:00, run_after=2022-12-22T00:00:00+00:00
[2022-12-22T01:29:58.043+0000] {processor.py:175} INFO - Processing /home/airflow/.local/lib/python3.7/site-packages/airflow/example_dags/example_branch_labels.py took 0.095 seconds
[2022-12-22T01:30:28.392+0000] {processor.py:153} INFO - Started process (PID=1979) to work on /home/airflow/.local/lib/python3.7/site-packages/airflow/example_dags/example_branch_labels.py
[2022-12-22T01:30:28.394+0000] {processor.py:743} INFO - Processing file /home/airflow/.local/lib/python3.7/site-packages/airflow/example_dags/example_branch_labels.py for tasks to queue
[2022-12-22T01:30:28.394+0000] {logging_mixin.py:137} INFO - [2022-12-22T01:30:28.394+0000] {dagbag.py:538} INFO - Filling up the DagBag from /home/airflow/.local/lib/python3.7/site-packages/airflow/example_dags/example_branch_labels.py
[2022-12-22T01:30:28.407+0000] {processor.py:753} INFO - DAG(s) dict_keys(['example_branch_labels']) retrieved from /home/airflow/.local/lib/python3.7/site-packages/airflow/example_dags/example_branch_labels.py
[2022-12-22T01:30:28.440+0000] {logging_mixin.py:137} INFO - [2022-12-22T01:30:28.440+0000] {dag.py:2676} INFO - Sync 1 DAGs
[2022-12-22T01:30:28.465+0000] {logging_mixin.py:137} INFO - [2022-12-22T01:30:28.465+0000] {dag.py:3427} INFO - Setting next_dagrun for example_branch_labels to 2022-12-21T00:00:00+00:00, run_after=2022-12-22T00:00:00+00:00
[2022-12-22T01:30:28.480+0000] {processor.py:175} INFO - Processing /home/airflow/.local/lib/python3.7/site-packages/airflow/example_dags/example_branch_labels.py took 0.091 seconds
[2022-12-22T01:30:58.808+0000] {processor.py:153} INFO - Started process (PID=2089) to work on /home/airflow/.local/lib/python3.7/site-packages/airflow/example_dags/example_branch_labels.py
[2022-12-22T01:30:58.809+0000] {processor.py:743} INFO - Processing file /home/airflow/.local/lib/python3.7/site-packages/airflow/example_dags/example_branch_labels.py for tasks to queue
[2022-12-22T01:30:58.810+0000] {logging_mixin.py:137} INFO - [2022-12-22T01:30:58.809+0000] {dagbag.py:538} INFO - Filling up the DagBag from /home/airflow/.local/lib/python3.7/site-packages/airflow/example_dags/example_branch_labels.py
[2022-12-22T01:30:58.823+0000] {processor.py:753} INFO - DAG(s) dict_keys(['example_branch_labels']) retrieved from /home/airflow/.local/lib/python3.7/site-packages/airflow/example_dags/example_branch_labels.py
[2022-12-22T01:30:58.857+0000] {logging_mixin.py:137} INFO - [2022-12-22T01:30:58.857+0000] {dag.py:2676} INFO - Sync 1 DAGs
[2022-12-22T01:30:58.882+0000] {logging_mixin.py:137} INFO - [2022-12-22T01:30:58.882+0000] {dag.py:3427} INFO - Setting next_dagrun for example_branch_labels to 2022-12-21T00:00:00+00:00, run_after=2022-12-22T00:00:00+00:00
[2022-12-22T01:30:58.899+0000] {processor.py:175} INFO - Processing /home/airflow/.local/lib/python3.7/site-packages/airflow/example_dags/example_branch_labels.py took 0.093 seconds
[2022-12-22T01:31:29.092+0000] {processor.py:153} INFO - Started process (PID=2175) to work on /home/airflow/.local/lib/python3.7/site-packages/airflow/example_dags/example_branch_labels.py
[2022-12-22T01:31:29.093+0000] {processor.py:743} INFO - Processing file /home/airflow/.local/lib/python3.7/site-packages/airflow/example_dags/example_branch_labels.py for tasks to queue
[2022-12-22T01:31:29.093+0000] {logging_mixin.py:137} INFO - [2022-12-22T01:31:29.093+0000] {dagbag.py:538} INFO - Filling up the DagBag from /home/airflow/.local/lib/python3.7/site-packages/airflow/example_dags/example_branch_labels.py
[2022-12-22T01:31:29.106+0000] {processor.py:753} INFO - DAG(s) dict_keys(['example_branch_labels']) retrieved from /home/airflow/.local/lib/python3.7/site-packages/airflow/example_dags/example_branch_labels.py
[2022-12-22T01:31:29.143+0000] {logging_mixin.py:137} INFO - [2022-12-22T01:31:29.143+0000] {dag.py:2676} INFO - Sync 1 DAGs
[2022-12-22T01:31:29.168+0000] {logging_mixin.py:137} INFO - [2022-12-22T01:31:29.168+0000] {dag.py:3427} INFO - Setting next_dagrun for example_branch_labels to 2022-12-21T00:00:00+00:00, run_after=2022-12-22T00:00:00+00:00
[2022-12-22T01:31:29.184+0000] {processor.py:175} INFO - Processing /home/airflow/.local/lib/python3.7/site-packages/airflow/example_dags/example_branch_labels.py took 0.095 seconds
[2022-12-22T01:31:59.760+0000] {processor.py:153} INFO - Started process (PID=2261) to work on /home/airflow/.local/lib/python3.7/site-packages/airflow/example_dags/example_branch_labels.py
[2022-12-22T01:31:59.761+0000] {processor.py:743} INFO - Processing file /home/airflow/.local/lib/python3.7/site-packages/airflow/example_dags/example_branch_labels.py for tasks to queue
[2022-12-22T01:31:59.762+0000] {logging_mixin.py:137} INFO - [2022-12-22T01:31:59.761+0000] {dagbag.py:538} INFO - Filling up the DagBag from /home/airflow/.local/lib/python3.7/site-packages/airflow/example_dags/example_branch_labels.py
[2022-12-22T01:31:59.778+0000] {processor.py:753} INFO - DAG(s) dict_keys(['example_branch_labels']) retrieved from /home/airflow/.local/lib/python3.7/site-packages/airflow/example_dags/example_branch_labels.py
[2022-12-22T01:31:59.816+0000] {logging_mixin.py:137} INFO - [2022-12-22T01:31:59.816+0000] {dag.py:2676} INFO - Sync 1 DAGs
[2022-12-22T01:31:59.849+0000] {logging_mixin.py:137} INFO - [2022-12-22T01:31:59.849+0000] {dag.py:3427} INFO - Setting next_dagrun for example_branch_labels to 2022-12-21T00:00:00+00:00, run_after=2022-12-22T00:00:00+00:00
[2022-12-22T01:31:59.904+0000] {processor.py:175} INFO - Processing /home/airflow/.local/lib/python3.7/site-packages/airflow/example_dags/example_branch_labels.py took 0.147 seconds
[2022-12-22T01:32:30.167+0000] {processor.py:153} INFO - Started process (PID=2347) to work on /home/airflow/.local/lib/python3.7/site-packages/airflow/example_dags/example_branch_labels.py
[2022-12-22T01:32:30.169+0000] {processor.py:743} INFO - Processing file /home/airflow/.local/lib/python3.7/site-packages/airflow/example_dags/example_branch_labels.py for tasks to queue
[2022-12-22T01:32:30.169+0000] {logging_mixin.py:137} INFO - [2022-12-22T01:32:30.169+0000] {dagbag.py:538} INFO - Filling up the DagBag from /home/airflow/.local/lib/python3.7/site-packages/airflow/example_dags/example_branch_labels.py
[2022-12-22T01:32:30.188+0000] {processor.py:753} INFO - DAG(s) dict_keys(['example_branch_labels']) retrieved from /home/airflow/.local/lib/python3.7/site-packages/airflow/example_dags/example_branch_labels.py
[2022-12-22T01:32:30.231+0000] {logging_mixin.py:137} INFO - [2022-12-22T01:32:30.231+0000] {dag.py:2676} INFO - Sync 1 DAGs
[2022-12-22T01:32:30.260+0000] {logging_mixin.py:137} INFO - [2022-12-22T01:32:30.260+0000] {dag.py:3427} INFO - Setting next_dagrun for example_branch_labels to 2022-12-21T00:00:00+00:00, run_after=2022-12-22T00:00:00+00:00
[2022-12-22T01:32:30.280+0000] {processor.py:175} INFO - Processing /home/airflow/.local/lib/python3.7/site-packages/airflow/example_dags/example_branch_labels.py took 0.116 seconds
[2022-12-22T01:33:01.305+0000] {processor.py:153} INFO - Started process (PID=2433) to work on /home/airflow/.local/lib/python3.7/site-packages/airflow/example_dags/example_branch_labels.py
[2022-12-22T01:33:01.392+0000] {processor.py:743} INFO - Processing file /home/airflow/.local/lib/python3.7/site-packages/airflow/example_dags/example_branch_labels.py for tasks to queue
[2022-12-22T01:33:01.393+0000] {logging_mixin.py:137} INFO - [2022-12-22T01:33:01.393+0000] {dagbag.py:538} INFO - Filling up the DagBag from /home/airflow/.local/lib/python3.7/site-packages/airflow/example_dags/example_branch_labels.py
[2022-12-22T01:33:01.496+0000] {processor.py:753} INFO - DAG(s) dict_keys(['example_branch_labels']) retrieved from /home/airflow/.local/lib/python3.7/site-packages/airflow/example_dags/example_branch_labels.py
[2022-12-22T01:33:01.891+0000] {logging_mixin.py:137} INFO - [2022-12-22T01:33:01.890+0000] {dag.py:2676} INFO - Sync 1 DAGs
[2022-12-22T01:33:02.098+0000] {logging_mixin.py:137} INFO - [2022-12-22T01:33:02.097+0000] {dag.py:3427} INFO - Setting next_dagrun for example_branch_labels to 2022-12-21T00:00:00+00:00, run_after=2022-12-22T00:00:00+00:00
[2022-12-22T01:33:02.290+0000] {processor.py:175} INFO - Processing /home/airflow/.local/lib/python3.7/site-packages/airflow/example_dags/example_branch_labels.py took 0.987 seconds
[2022-12-22T01:33:32.502+0000] {processor.py:153} INFO - Started process (PID=2519) to work on /home/airflow/.local/lib/python3.7/site-packages/airflow/example_dags/example_branch_labels.py
[2022-12-22T01:33:32.503+0000] {processor.py:743} INFO - Processing file /home/airflow/.local/lib/python3.7/site-packages/airflow/example_dags/example_branch_labels.py for tasks to queue
[2022-12-22T01:33:32.504+0000] {logging_mixin.py:137} INFO - [2022-12-22T01:33:32.504+0000] {dagbag.py:538} INFO - Filling up the DagBag from /home/airflow/.local/lib/python3.7/site-packages/airflow/example_dags/example_branch_labels.py
[2022-12-22T01:33:32.518+0000] {processor.py:753} INFO - DAG(s) dict_keys(['example_branch_labels']) retrieved from /home/airflow/.local/lib/python3.7/site-packages/airflow/example_dags/example_branch_labels.py
[2022-12-22T01:33:32.554+0000] {logging_mixin.py:137} INFO - [2022-12-22T01:33:32.553+0000] {dag.py:2676} INFO - Sync 1 DAGs
[2022-12-22T01:33:32.590+0000] {logging_mixin.py:137} INFO - [2022-12-22T01:33:32.590+0000] {dag.py:3427} INFO - Setting next_dagrun for example_branch_labels to 2022-12-21T00:00:00+00:00, run_after=2022-12-22T00:00:00+00:00
[2022-12-22T01:33:32.611+0000] {processor.py:175} INFO - Processing /home/airflow/.local/lib/python3.7/site-packages/airflow/example_dags/example_branch_labels.py took 0.112 seconds
[2022-12-22T01:34:02.991+0000] {processor.py:153} INFO - Started process (PID=2605) to work on /home/airflow/.local/lib/python3.7/site-packages/airflow/example_dags/example_branch_labels.py
[2022-12-22T01:34:02.992+0000] {processor.py:743} INFO - Processing file /home/airflow/.local/lib/python3.7/site-packages/airflow/example_dags/example_branch_labels.py for tasks to queue
[2022-12-22T01:34:02.993+0000] {logging_mixin.py:137} INFO - [2022-12-22T01:34:02.993+0000] {dagbag.py:538} INFO - Filling up the DagBag from /home/airflow/.local/lib/python3.7/site-packages/airflow/example_dags/example_branch_labels.py
[2022-12-22T01:34:03.007+0000] {processor.py:753} INFO - DAG(s) dict_keys(['example_branch_labels']) retrieved from /home/airflow/.local/lib/python3.7/site-packages/airflow/example_dags/example_branch_labels.py
[2022-12-22T01:34:03.044+0000] {logging_mixin.py:137} INFO - [2022-12-22T01:34:03.044+0000] {dag.py:2676} INFO - Sync 1 DAGs
[2022-12-22T01:34:03.070+0000] {logging_mixin.py:137} INFO - [2022-12-22T01:34:03.070+0000] {dag.py:3427} INFO - Setting next_dagrun for example_branch_labels to 2022-12-21T00:00:00+00:00, run_after=2022-12-22T00:00:00+00:00
[2022-12-22T01:34:03.089+0000] {processor.py:175} INFO - Processing /home/airflow/.local/lib/python3.7/site-packages/airflow/example_dags/example_branch_labels.py took 0.100 seconds
[2022-12-22T01:34:33.366+0000] {processor.py:153} INFO - Started process (PID=2715) to work on /home/airflow/.local/lib/python3.7/site-packages/airflow/example_dags/example_branch_labels.py
[2022-12-22T01:34:33.367+0000] {processor.py:743} INFO - Processing file /home/airflow/.local/lib/python3.7/site-packages/airflow/example_dags/example_branch_labels.py for tasks to queue
[2022-12-22T01:34:33.367+0000] {logging_mixin.py:137} INFO - [2022-12-22T01:34:33.367+0000] {dagbag.py:538} INFO - Filling up the DagBag from /home/airflow/.local/lib/python3.7/site-packages/airflow/example_dags/example_branch_labels.py
[2022-12-22T01:34:33.382+0000] {processor.py:753} INFO - DAG(s) dict_keys(['example_branch_labels']) retrieved from /home/airflow/.local/lib/python3.7/site-packages/airflow/example_dags/example_branch_labels.py
[2022-12-22T01:34:33.416+0000] {logging_mixin.py:137} INFO - [2022-12-22T01:34:33.416+0000] {dag.py:2676} INFO - Sync 1 DAGs
[2022-12-22T01:34:33.442+0000] {logging_mixin.py:137} INFO - [2022-12-22T01:34:33.442+0000] {dag.py:3427} INFO - Setting next_dagrun for example_branch_labels to 2022-12-21T00:00:00+00:00, run_after=2022-12-22T00:00:00+00:00
[2022-12-22T01:34:33.458+0000] {processor.py:175} INFO - Processing /home/airflow/.local/lib/python3.7/site-packages/airflow/example_dags/example_branch_labels.py took 0.095 seconds
[2022-12-22T01:35:04.042+0000] {processor.py:153} INFO - Started process (PID=2801) to work on /home/airflow/.local/lib/python3.7/site-packages/airflow/example_dags/example_branch_labels.py
[2022-12-22T01:35:04.043+0000] {processor.py:743} INFO - Processing file /home/airflow/.local/lib/python3.7/site-packages/airflow/example_dags/example_branch_labels.py for tasks to queue
[2022-12-22T01:35:04.043+0000] {logging_mixin.py:137} INFO - [2022-12-22T01:35:04.043+0000] {dagbag.py:538} INFO - Filling up the DagBag from /home/airflow/.local/lib/python3.7/site-packages/airflow/example_dags/example_branch_labels.py
[2022-12-22T01:35:04.056+0000] {processor.py:753} INFO - DAG(s) dict_keys(['example_branch_labels']) retrieved from /home/airflow/.local/lib/python3.7/site-packages/airflow/example_dags/example_branch_labels.py
[2022-12-22T01:35:04.097+0000] {logging_mixin.py:137} INFO - [2022-12-22T01:35:04.097+0000] {dag.py:2676} INFO - Sync 1 DAGs
[2022-12-22T01:35:04.124+0000] {logging_mixin.py:137} INFO - [2022-12-22T01:35:04.124+0000] {dag.py:3427} INFO - Setting next_dagrun for example_branch_labels to 2022-12-21T00:00:00+00:00, run_after=2022-12-22T00:00:00+00:00
[2022-12-22T01:35:04.142+0000] {processor.py:175} INFO - Processing /home/airflow/.local/lib/python3.7/site-packages/airflow/example_dags/example_branch_labels.py took 0.103 seconds
[2022-12-22T01:35:34.473+0000] {processor.py:153} INFO - Started process (PID=2888) to work on /home/airflow/.local/lib/python3.7/site-packages/airflow/example_dags/example_branch_labels.py
[2022-12-22T01:35:34.474+0000] {processor.py:743} INFO - Processing file /home/airflow/.local/lib/python3.7/site-packages/airflow/example_dags/example_branch_labels.py for tasks to queue
[2022-12-22T01:35:34.475+0000] {logging_mixin.py:137} INFO - [2022-12-22T01:35:34.475+0000] {dagbag.py:538} INFO - Filling up the DagBag from /home/airflow/.local/lib/python3.7/site-packages/airflow/example_dags/example_branch_labels.py
[2022-12-22T01:35:34.490+0000] {processor.py:753} INFO - DAG(s) dict_keys(['example_branch_labels']) retrieved from /home/airflow/.local/lib/python3.7/site-packages/airflow/example_dags/example_branch_labels.py
[2022-12-22T01:35:34.528+0000] {logging_mixin.py:137} INFO - [2022-12-22T01:35:34.528+0000] {dag.py:2676} INFO - Sync 1 DAGs
[2022-12-22T01:35:34.556+0000] {logging_mixin.py:137} INFO - [2022-12-22T01:35:34.556+0000] {dag.py:3427} INFO - Setting next_dagrun for example_branch_labels to 2022-12-21T00:00:00+00:00, run_after=2022-12-22T00:00:00+00:00
[2022-12-22T01:35:34.572+0000] {processor.py:175} INFO - Processing /home/airflow/.local/lib/python3.7/site-packages/airflow/example_dags/example_branch_labels.py took 0.102 seconds
[2022-12-22T01:36:04.794+0000] {processor.py:153} INFO - Started process (PID=2998) to work on /home/airflow/.local/lib/python3.7/site-packages/airflow/example_dags/example_branch_labels.py
[2022-12-22T01:36:04.795+0000] {processor.py:743} INFO - Processing file /home/airflow/.local/lib/python3.7/site-packages/airflow/example_dags/example_branch_labels.py for tasks to queue
[2022-12-22T01:36:04.795+0000] {logging_mixin.py:137} INFO - [2022-12-22T01:36:04.795+0000] {dagbag.py:538} INFO - Filling up the DagBag from /home/airflow/.local/lib/python3.7/site-packages/airflow/example_dags/example_branch_labels.py
[2022-12-22T01:36:04.809+0000] {processor.py:753} INFO - DAG(s) dict_keys(['example_branch_labels']) retrieved from /home/airflow/.local/lib/python3.7/site-packages/airflow/example_dags/example_branch_labels.py
[2022-12-22T01:36:04.842+0000] {logging_mixin.py:137} INFO - [2022-12-22T01:36:04.842+0000] {dag.py:2676} INFO - Sync 1 DAGs
[2022-12-22T01:36:04.868+0000] {logging_mixin.py:137} INFO - [2022-12-22T01:36:04.868+0000] {dag.py:3427} INFO - Setting next_dagrun for example_branch_labels to 2022-12-21T00:00:00+00:00, run_after=2022-12-22T00:00:00+00:00
[2022-12-22T01:36:04.886+0000] {processor.py:175} INFO - Processing /home/airflow/.local/lib/python3.7/site-packages/airflow/example_dags/example_branch_labels.py took 0.094 seconds
[2022-12-22T01:36:35.240+0000] {processor.py:153} INFO - Started process (PID=3084) to work on /home/airflow/.local/lib/python3.7/site-packages/airflow/example_dags/example_branch_labels.py
[2022-12-22T01:36:35.241+0000] {processor.py:743} INFO - Processing file /home/airflow/.local/lib/python3.7/site-packages/airflow/example_dags/example_branch_labels.py for tasks to queue
[2022-12-22T01:36:35.241+0000] {logging_mixin.py:137} INFO - [2022-12-22T01:36:35.241+0000] {dagbag.py:538} INFO - Filling up the DagBag from /home/airflow/.local/lib/python3.7/site-packages/airflow/example_dags/example_branch_labels.py
[2022-12-22T01:36:35.254+0000] {processor.py:753} INFO - DAG(s) dict_keys(['example_branch_labels']) retrieved from /home/airflow/.local/lib/python3.7/site-packages/airflow/example_dags/example_branch_labels.py
[2022-12-22T01:36:35.289+0000] {logging_mixin.py:137} INFO - [2022-12-22T01:36:35.289+0000] {dag.py:2676} INFO - Sync 1 DAGs
[2022-12-22T01:36:35.316+0000] {logging_mixin.py:137} INFO - [2022-12-22T01:36:35.316+0000] {dag.py:3427} INFO - Setting next_dagrun for example_branch_labels to 2022-12-21T00:00:00+00:00, run_after=2022-12-22T00:00:00+00:00
[2022-12-22T01:36:35.331+0000] {processor.py:175} INFO - Processing /home/airflow/.local/lib/python3.7/site-packages/airflow/example_dags/example_branch_labels.py took 0.094 seconds
[2022-12-22T01:37:05.534+0000] {processor.py:153} INFO - Started process (PID=3194) to work on /home/airflow/.local/lib/python3.7/site-packages/airflow/example_dags/example_branch_labels.py
[2022-12-22T01:37:05.535+0000] {processor.py:743} INFO - Processing file /home/airflow/.local/lib/python3.7/site-packages/airflow/example_dags/example_branch_labels.py for tasks to queue
[2022-12-22T01:37:05.536+0000] {logging_mixin.py:137} INFO - [2022-12-22T01:37:05.536+0000] {dagbag.py:538} INFO - Filling up the DagBag from /home/airflow/.local/lib/python3.7/site-packages/airflow/example_dags/example_branch_labels.py
[2022-12-22T01:37:05.552+0000] {processor.py:753} INFO - DAG(s) dict_keys(['example_branch_labels']) retrieved from /home/airflow/.local/lib/python3.7/site-packages/airflow/example_dags/example_branch_labels.py
[2022-12-22T01:37:05.600+0000] {logging_mixin.py:137} INFO - [2022-12-22T01:37:05.599+0000] {dag.py:2676} INFO - Sync 1 DAGs
[2022-12-22T01:37:05.637+0000] {logging_mixin.py:137} INFO - [2022-12-22T01:37:05.636+0000] {dag.py:3427} INFO - Setting next_dagrun for example_branch_labels to 2022-12-21T00:00:00+00:00, run_after=2022-12-22T00:00:00+00:00
[2022-12-22T01:37:05.657+0000] {processor.py:175} INFO - Processing /home/airflow/.local/lib/python3.7/site-packages/airflow/example_dags/example_branch_labels.py took 0.125 seconds
[2022-12-22T01:37:36.305+0000] {processor.py:153} INFO - Started process (PID=3280) to work on /home/airflow/.local/lib/python3.7/site-packages/airflow/example_dags/example_branch_labels.py
[2022-12-22T01:37:36.306+0000] {processor.py:743} INFO - Processing file /home/airflow/.local/lib/python3.7/site-packages/airflow/example_dags/example_branch_labels.py for tasks to queue
[2022-12-22T01:37:36.307+0000] {logging_mixin.py:137} INFO - [2022-12-22T01:37:36.306+0000] {dagbag.py:538} INFO - Filling up the DagBag from /home/airflow/.local/lib/python3.7/site-packages/airflow/example_dags/example_branch_labels.py
[2022-12-22T01:37:36.319+0000] {processor.py:753} INFO - DAG(s) dict_keys(['example_branch_labels']) retrieved from /home/airflow/.local/lib/python3.7/site-packages/airflow/example_dags/example_branch_labels.py
[2022-12-22T01:37:36.354+0000] {logging_mixin.py:137} INFO - [2022-12-22T01:37:36.354+0000] {dag.py:2676} INFO - Sync 1 DAGs
[2022-12-22T01:37:36.381+0000] {logging_mixin.py:137} INFO - [2022-12-22T01:37:36.381+0000] {dag.py:3427} INFO - Setting next_dagrun for example_branch_labels to 2022-12-21T00:00:00+00:00, run_after=2022-12-22T00:00:00+00:00
[2022-12-22T01:37:36.398+0000] {processor.py:175} INFO - Processing /home/airflow/.local/lib/python3.7/site-packages/airflow/example_dags/example_branch_labels.py took 0.095 seconds
[2022-12-22T01:38:06.887+0000] {processor.py:153} INFO - Started process (PID=3366) to work on /home/airflow/.local/lib/python3.7/site-packages/airflow/example_dags/example_branch_labels.py
[2022-12-22T01:38:06.888+0000] {processor.py:743} INFO - Processing file /home/airflow/.local/lib/python3.7/site-packages/airflow/example_dags/example_branch_labels.py for tasks to queue
[2022-12-22T01:38:06.889+0000] {logging_mixin.py:137} INFO - [2022-12-22T01:38:06.889+0000] {dagbag.py:538} INFO - Filling up the DagBag from /home/airflow/.local/lib/python3.7/site-packages/airflow/example_dags/example_branch_labels.py
[2022-12-22T01:38:06.903+0000] {processor.py:753} INFO - DAG(s) dict_keys(['example_branch_labels']) retrieved from /home/airflow/.local/lib/python3.7/site-packages/airflow/example_dags/example_branch_labels.py
[2022-12-22T01:38:06.939+0000] {logging_mixin.py:137} INFO - [2022-12-22T01:38:06.939+0000] {dag.py:2676} INFO - Sync 1 DAGs
[2022-12-22T01:38:06.967+0000] {logging_mixin.py:137} INFO - [2022-12-22T01:38:06.967+0000] {dag.py:3427} INFO - Setting next_dagrun for example_branch_labels to 2022-12-21T00:00:00+00:00, run_after=2022-12-22T00:00:00+00:00
[2022-12-22T01:38:06.985+0000] {processor.py:175} INFO - Processing /home/airflow/.local/lib/python3.7/site-packages/airflow/example_dags/example_branch_labels.py took 0.101 seconds
[2022-12-22T01:38:37.074+0000] {processor.py:153} INFO - Started process (PID=3476) to work on /home/airflow/.local/lib/python3.7/site-packages/airflow/example_dags/example_branch_labels.py
[2022-12-22T01:38:37.075+0000] {processor.py:743} INFO - Processing file /home/airflow/.local/lib/python3.7/site-packages/airflow/example_dags/example_branch_labels.py for tasks to queue
[2022-12-22T01:38:37.076+0000] {logging_mixin.py:137} INFO - [2022-12-22T01:38:37.076+0000] {dagbag.py:538} INFO - Filling up the DagBag from /home/airflow/.local/lib/python3.7/site-packages/airflow/example_dags/example_branch_labels.py
[2022-12-22T01:38:37.091+0000] {processor.py:753} INFO - DAG(s) dict_keys(['example_branch_labels']) retrieved from /home/airflow/.local/lib/python3.7/site-packages/airflow/example_dags/example_branch_labels.py
[2022-12-22T01:38:37.130+0000] {logging_mixin.py:137} INFO - [2022-12-22T01:38:37.130+0000] {dag.py:2676} INFO - Sync 1 DAGs
[2022-12-22T01:38:37.161+0000] {logging_mixin.py:137} INFO - [2022-12-22T01:38:37.160+0000] {dag.py:3427} INFO - Setting next_dagrun for example_branch_labels to 2022-12-21T00:00:00+00:00, run_after=2022-12-22T00:00:00+00:00
[2022-12-22T01:38:37.180+0000] {processor.py:175} INFO - Processing /home/airflow/.local/lib/python3.7/site-packages/airflow/example_dags/example_branch_labels.py took 0.109 seconds
[2022-12-22T01:39:07.346+0000] {processor.py:153} INFO - Started process (PID=3562) to work on /home/airflow/.local/lib/python3.7/site-packages/airflow/example_dags/example_branch_labels.py
[2022-12-22T01:39:07.347+0000] {processor.py:743} INFO - Processing file /home/airflow/.local/lib/python3.7/site-packages/airflow/example_dags/example_branch_labels.py for tasks to queue
[2022-12-22T01:39:07.348+0000] {logging_mixin.py:137} INFO - [2022-12-22T01:39:07.347+0000] {dagbag.py:538} INFO - Filling up the DagBag from /home/airflow/.local/lib/python3.7/site-packages/airflow/example_dags/example_branch_labels.py
[2022-12-22T01:39:07.361+0000] {processor.py:753} INFO - DAG(s) dict_keys(['example_branch_labels']) retrieved from /home/airflow/.local/lib/python3.7/site-packages/airflow/example_dags/example_branch_labels.py
[2022-12-22T01:39:07.394+0000] {logging_mixin.py:137} INFO - [2022-12-22T01:39:07.394+0000] {dag.py:2676} INFO - Sync 1 DAGs
[2022-12-22T01:39:07.420+0000] {logging_mixin.py:137} INFO - [2022-12-22T01:39:07.419+0000] {dag.py:3427} INFO - Setting next_dagrun for example_branch_labels to 2022-12-21T00:00:00+00:00, run_after=2022-12-22T00:00:00+00:00
[2022-12-22T01:39:07.435+0000] {processor.py:175} INFO - Processing /home/airflow/.local/lib/python3.7/site-packages/airflow/example_dags/example_branch_labels.py took 0.090 seconds
[2022-12-22T01:39:37.883+0000] {processor.py:153} INFO - Started process (PID=3648) to work on /home/airflow/.local/lib/python3.7/site-packages/airflow/example_dags/example_branch_labels.py
[2022-12-22T01:39:37.884+0000] {processor.py:743} INFO - Processing file /home/airflow/.local/lib/python3.7/site-packages/airflow/example_dags/example_branch_labels.py for tasks to queue
[2022-12-22T01:39:37.885+0000] {logging_mixin.py:137} INFO - [2022-12-22T01:39:37.885+0000] {dagbag.py:538} INFO - Filling up the DagBag from /home/airflow/.local/lib/python3.7/site-packages/airflow/example_dags/example_branch_labels.py
[2022-12-22T01:39:37.900+0000] {processor.py:753} INFO - DAG(s) dict_keys(['example_branch_labels']) retrieved from /home/airflow/.local/lib/python3.7/site-packages/airflow/example_dags/example_branch_labels.py
[2022-12-22T01:39:37.938+0000] {logging_mixin.py:137} INFO - [2022-12-22T01:39:37.938+0000] {dag.py:2676} INFO - Sync 1 DAGs
[2022-12-22T01:39:38.014+0000] {logging_mixin.py:137} INFO - [2022-12-22T01:39:38.014+0000] {dag.py:3427} INFO - Setting next_dagrun for example_branch_labels to 2022-12-21T00:00:00+00:00, run_after=2022-12-22T00:00:00+00:00
[2022-12-22T01:39:38.030+0000] {processor.py:175} INFO - Processing /home/airflow/.local/lib/python3.7/site-packages/airflow/example_dags/example_branch_labels.py took 0.149 seconds
[2022-12-22T01:40:08.069+0000] {processor.py:153} INFO - Started process (PID=3733) to work on /home/airflow/.local/lib/python3.7/site-packages/airflow/example_dags/example_branch_labels.py
[2022-12-22T01:40:08.070+0000] {processor.py:743} INFO - Processing file /home/airflow/.local/lib/python3.7/site-packages/airflow/example_dags/example_branch_labels.py for tasks to queue
[2022-12-22T01:40:08.070+0000] {logging_mixin.py:137} INFO - [2022-12-22T01:40:08.070+0000] {dagbag.py:538} INFO - Filling up the DagBag from /home/airflow/.local/lib/python3.7/site-packages/airflow/example_dags/example_branch_labels.py
[2022-12-22T01:40:08.084+0000] {processor.py:753} INFO - DAG(s) dict_keys(['example_branch_labels']) retrieved from /home/airflow/.local/lib/python3.7/site-packages/airflow/example_dags/example_branch_labels.py
[2022-12-22T01:40:08.117+0000] {logging_mixin.py:137} INFO - [2022-12-22T01:40:08.117+0000] {dag.py:2676} INFO - Sync 1 DAGs
[2022-12-22T01:40:08.141+0000] {logging_mixin.py:137} INFO - [2022-12-22T01:40:08.141+0000] {dag.py:3427} INFO - Setting next_dagrun for example_branch_labels to 2022-12-21T00:00:00+00:00, run_after=2022-12-22T00:00:00+00:00
[2022-12-22T01:40:08.158+0000] {processor.py:175} INFO - Processing /home/airflow/.local/lib/python3.7/site-packages/airflow/example_dags/example_branch_labels.py took 0.091 seconds
[2022-12-22T01:40:38.521+0000] {processor.py:153} INFO - Started process (PID=3844) to work on /home/airflow/.local/lib/python3.7/site-packages/airflow/example_dags/example_branch_labels.py
[2022-12-22T01:40:38.522+0000] {processor.py:743} INFO - Processing file /home/airflow/.local/lib/python3.7/site-packages/airflow/example_dags/example_branch_labels.py for tasks to queue
[2022-12-22T01:40:38.522+0000] {logging_mixin.py:137} INFO - [2022-12-22T01:40:38.522+0000] {dagbag.py:538} INFO - Filling up the DagBag from /home/airflow/.local/lib/python3.7/site-packages/airflow/example_dags/example_branch_labels.py
[2022-12-22T01:40:38.538+0000] {processor.py:753} INFO - DAG(s) dict_keys(['example_branch_labels']) retrieved from /home/airflow/.local/lib/python3.7/site-packages/airflow/example_dags/example_branch_labels.py
[2022-12-22T01:40:38.576+0000] {logging_mixin.py:137} INFO - [2022-12-22T01:40:38.576+0000] {dag.py:2676} INFO - Sync 1 DAGs
[2022-12-22T01:40:38.606+0000] {logging_mixin.py:137} INFO - [2022-12-22T01:40:38.606+0000] {dag.py:3427} INFO - Setting next_dagrun for example_branch_labels to 2022-12-21T00:00:00+00:00, run_after=2022-12-22T00:00:00+00:00
[2022-12-22T01:40:38.625+0000] {processor.py:175} INFO - Processing /home/airflow/.local/lib/python3.7/site-packages/airflow/example_dags/example_branch_labels.py took 0.107 seconds
[2022-12-22T01:41:08.972+0000] {processor.py:153} INFO - Started process (PID=3930) to work on /home/airflow/.local/lib/python3.7/site-packages/airflow/example_dags/example_branch_labels.py
[2022-12-22T01:41:08.973+0000] {processor.py:743} INFO - Processing file /home/airflow/.local/lib/python3.7/site-packages/airflow/example_dags/example_branch_labels.py for tasks to queue
[2022-12-22T01:41:08.974+0000] {logging_mixin.py:137} INFO - [2022-12-22T01:41:08.974+0000] {dagbag.py:538} INFO - Filling up the DagBag from /home/airflow/.local/lib/python3.7/site-packages/airflow/example_dags/example_branch_labels.py
[2022-12-22T01:41:08.986+0000] {processor.py:753} INFO - DAG(s) dict_keys(['example_branch_labels']) retrieved from /home/airflow/.local/lib/python3.7/site-packages/airflow/example_dags/example_branch_labels.py
[2022-12-22T01:41:09.020+0000] {logging_mixin.py:137} INFO - [2022-12-22T01:41:09.020+0000] {dag.py:2676} INFO - Sync 1 DAGs
[2022-12-22T01:41:09.044+0000] {logging_mixin.py:137} INFO - [2022-12-22T01:41:09.044+0000] {dag.py:3427} INFO - Setting next_dagrun for example_branch_labels to 2022-12-21T00:00:00+00:00, run_after=2022-12-22T00:00:00+00:00
[2022-12-22T01:41:09.060+0000] {processor.py:175} INFO - Processing /home/airflow/.local/lib/python3.7/site-packages/airflow/example_dags/example_branch_labels.py took 0.090 seconds
[2022-12-22T01:41:39.499+0000] {processor.py:153} INFO - Started process (PID=4040) to work on /home/airflow/.local/lib/python3.7/site-packages/airflow/example_dags/example_branch_labels.py
[2022-12-22T01:41:39.500+0000] {processor.py:743} INFO - Processing file /home/airflow/.local/lib/python3.7/site-packages/airflow/example_dags/example_branch_labels.py for tasks to queue
[2022-12-22T01:41:39.500+0000] {logging_mixin.py:137} INFO - [2022-12-22T01:41:39.500+0000] {dagbag.py:538} INFO - Filling up the DagBag from /home/airflow/.local/lib/python3.7/site-packages/airflow/example_dags/example_branch_labels.py
[2022-12-22T01:41:39.514+0000] {processor.py:753} INFO - DAG(s) dict_keys(['example_branch_labels']) retrieved from /home/airflow/.local/lib/python3.7/site-packages/airflow/example_dags/example_branch_labels.py
[2022-12-22T01:41:39.553+0000] {logging_mixin.py:137} INFO - [2022-12-22T01:41:39.552+0000] {dag.py:2676} INFO - Sync 1 DAGs
[2022-12-22T01:41:39.581+0000] {logging_mixin.py:137} INFO - [2022-12-22T01:41:39.581+0000] {dag.py:3427} INFO - Setting next_dagrun for example_branch_labels to 2022-12-21T00:00:00+00:00, run_after=2022-12-22T00:00:00+00:00
[2022-12-22T01:41:39.601+0000] {processor.py:175} INFO - Processing /home/airflow/.local/lib/python3.7/site-packages/airflow/example_dags/example_branch_labels.py took 0.106 seconds
[2022-12-22T01:42:10.137+0000] {processor.py:153} INFO - Started process (PID=4126) to work on /home/airflow/.local/lib/python3.7/site-packages/airflow/example_dags/example_branch_labels.py
[2022-12-22T01:42:10.138+0000] {processor.py:743} INFO - Processing file /home/airflow/.local/lib/python3.7/site-packages/airflow/example_dags/example_branch_labels.py for tasks to queue
[2022-12-22T01:42:10.139+0000] {logging_mixin.py:137} INFO - [2022-12-22T01:42:10.139+0000] {dagbag.py:538} INFO - Filling up the DagBag from /home/airflow/.local/lib/python3.7/site-packages/airflow/example_dags/example_branch_labels.py
[2022-12-22T01:42:10.152+0000] {processor.py:753} INFO - DAG(s) dict_keys(['example_branch_labels']) retrieved from /home/airflow/.local/lib/python3.7/site-packages/airflow/example_dags/example_branch_labels.py
[2022-12-22T01:42:10.186+0000] {logging_mixin.py:137} INFO - [2022-12-22T01:42:10.186+0000] {dag.py:2676} INFO - Sync 1 DAGs
[2022-12-22T01:42:10.213+0000] {logging_mixin.py:137} INFO - [2022-12-22T01:42:10.213+0000] {dag.py:3427} INFO - Setting next_dagrun for example_branch_labels to 2022-12-21T00:00:00+00:00, run_after=2022-12-22T00:00:00+00:00
[2022-12-22T01:42:10.230+0000] {processor.py:175} INFO - Processing /home/airflow/.local/lib/python3.7/site-packages/airflow/example_dags/example_branch_labels.py took 0.095 seconds
[2022-12-22T01:42:40.574+0000] {processor.py:153} INFO - Started process (PID=4212) to work on /home/airflow/.local/lib/python3.7/site-packages/airflow/example_dags/example_branch_labels.py
[2022-12-22T01:42:40.575+0000] {processor.py:743} INFO - Processing file /home/airflow/.local/lib/python3.7/site-packages/airflow/example_dags/example_branch_labels.py for tasks to queue
[2022-12-22T01:42:40.575+0000] {logging_mixin.py:137} INFO - [2022-12-22T01:42:40.575+0000] {dagbag.py:538} INFO - Filling up the DagBag from /home/airflow/.local/lib/python3.7/site-packages/airflow/example_dags/example_branch_labels.py
[2022-12-22T01:42:40.589+0000] {processor.py:753} INFO - DAG(s) dict_keys(['example_branch_labels']) retrieved from /home/airflow/.local/lib/python3.7/site-packages/airflow/example_dags/example_branch_labels.py
[2022-12-22T01:42:40.623+0000] {logging_mixin.py:137} INFO - [2022-12-22T01:42:40.623+0000] {dag.py:2676} INFO - Sync 1 DAGs
[2022-12-22T01:42:40.650+0000] {logging_mixin.py:137} INFO - [2022-12-22T01:42:40.649+0000] {dag.py:3427} INFO - Setting next_dagrun for example_branch_labels to 2022-12-21T00:00:00+00:00, run_after=2022-12-22T00:00:00+00:00
[2022-12-22T01:42:40.665+0000] {processor.py:175} INFO - Processing /home/airflow/.local/lib/python3.7/site-packages/airflow/example_dags/example_branch_labels.py took 0.094 seconds
[2022-12-22T01:43:11.464+0000] {processor.py:153} INFO - Started process (PID=4322) to work on /home/airflow/.local/lib/python3.7/site-packages/airflow/example_dags/example_branch_labels.py
[2022-12-22T01:43:11.465+0000] {processor.py:743} INFO - Processing file /home/airflow/.local/lib/python3.7/site-packages/airflow/example_dags/example_branch_labels.py for tasks to queue
[2022-12-22T01:43:11.466+0000] {logging_mixin.py:137} INFO - [2022-12-22T01:43:11.466+0000] {dagbag.py:538} INFO - Filling up the DagBag from /home/airflow/.local/lib/python3.7/site-packages/airflow/example_dags/example_branch_labels.py
[2022-12-22T01:43:11.480+0000] {processor.py:753} INFO - DAG(s) dict_keys(['example_branch_labels']) retrieved from /home/airflow/.local/lib/python3.7/site-packages/airflow/example_dags/example_branch_labels.py
[2022-12-22T01:43:11.522+0000] {logging_mixin.py:137} INFO - [2022-12-22T01:43:11.522+0000] {dag.py:2676} INFO - Sync 1 DAGs
[2022-12-22T01:43:11.552+0000] {logging_mixin.py:137} INFO - [2022-12-22T01:43:11.552+0000] {dag.py:3427} INFO - Setting next_dagrun for example_branch_labels to 2022-12-21T00:00:00+00:00, run_after=2022-12-22T00:00:00+00:00
[2022-12-22T01:43:11.573+0000] {processor.py:175} INFO - Processing /home/airflow/.local/lib/python3.7/site-packages/airflow/example_dags/example_branch_labels.py took 0.111 seconds
[2022-12-22T01:43:42.044+0000] {processor.py:153} INFO - Started process (PID=4408) to work on /home/airflow/.local/lib/python3.7/site-packages/airflow/example_dags/example_branch_labels.py
[2022-12-22T01:43:42.045+0000] {processor.py:743} INFO - Processing file /home/airflow/.local/lib/python3.7/site-packages/airflow/example_dags/example_branch_labels.py for tasks to queue
[2022-12-22T01:43:42.046+0000] {logging_mixin.py:137} INFO - [2022-12-22T01:43:42.046+0000] {dagbag.py:538} INFO - Filling up the DagBag from /home/airflow/.local/lib/python3.7/site-packages/airflow/example_dags/example_branch_labels.py
[2022-12-22T01:43:42.059+0000] {processor.py:753} INFO - DAG(s) dict_keys(['example_branch_labels']) retrieved from /home/airflow/.local/lib/python3.7/site-packages/airflow/example_dags/example_branch_labels.py
[2022-12-22T01:43:42.092+0000] {logging_mixin.py:137} INFO - [2022-12-22T01:43:42.092+0000] {dag.py:2676} INFO - Sync 1 DAGs
[2022-12-22T01:43:42.118+0000] {logging_mixin.py:137} INFO - [2022-12-22T01:43:42.118+0000] {dag.py:3427} INFO - Setting next_dagrun for example_branch_labels to 2022-12-21T00:00:00+00:00, run_after=2022-12-22T00:00:00+00:00
[2022-12-22T01:43:42.134+0000] {processor.py:175} INFO - Processing /home/airflow/.local/lib/python3.7/site-packages/airflow/example_dags/example_branch_labels.py took 0.092 seconds
[2022-12-22T01:44:12.617+0000] {processor.py:153} INFO - Started process (PID=4518) to work on /home/airflow/.local/lib/python3.7/site-packages/airflow/example_dags/example_branch_labels.py
[2022-12-22T01:44:12.618+0000] {processor.py:743} INFO - Processing file /home/airflow/.local/lib/python3.7/site-packages/airflow/example_dags/example_branch_labels.py for tasks to queue
[2022-12-22T01:44:12.619+0000] {logging_mixin.py:137} INFO - [2022-12-22T01:44:12.618+0000] {dagbag.py:538} INFO - Filling up the DagBag from /home/airflow/.local/lib/python3.7/site-packages/airflow/example_dags/example_branch_labels.py
[2022-12-22T01:44:12.632+0000] {processor.py:753} INFO - DAG(s) dict_keys(['example_branch_labels']) retrieved from /home/airflow/.local/lib/python3.7/site-packages/airflow/example_dags/example_branch_labels.py
[2022-12-22T01:44:12.666+0000] {logging_mixin.py:137} INFO - [2022-12-22T01:44:12.666+0000] {dag.py:2676} INFO - Sync 1 DAGs
[2022-12-22T01:44:12.696+0000] {logging_mixin.py:137} INFO - [2022-12-22T01:44:12.696+0000] {dag.py:3427} INFO - Setting next_dagrun for example_branch_labels to 2022-12-21T00:00:00+00:00, run_after=2022-12-22T00:00:00+00:00
[2022-12-22T01:44:12.712+0000] {processor.py:175} INFO - Processing /home/airflow/.local/lib/python3.7/site-packages/airflow/example_dags/example_branch_labels.py took 0.097 seconds
[2022-12-22T01:44:43.176+0000] {processor.py:153} INFO - Started process (PID=4604) to work on /home/airflow/.local/lib/python3.7/site-packages/airflow/example_dags/example_branch_labels.py
[2022-12-22T01:44:43.177+0000] {processor.py:743} INFO - Processing file /home/airflow/.local/lib/python3.7/site-packages/airflow/example_dags/example_branch_labels.py for tasks to queue
[2022-12-22T01:44:43.177+0000] {logging_mixin.py:137} INFO - [2022-12-22T01:44:43.177+0000] {dagbag.py:538} INFO - Filling up the DagBag from /home/airflow/.local/lib/python3.7/site-packages/airflow/example_dags/example_branch_labels.py
[2022-12-22T01:44:43.190+0000] {processor.py:753} INFO - DAG(s) dict_keys(['example_branch_labels']) retrieved from /home/airflow/.local/lib/python3.7/site-packages/airflow/example_dags/example_branch_labels.py
[2022-12-22T01:44:43.224+0000] {logging_mixin.py:137} INFO - [2022-12-22T01:44:43.224+0000] {dag.py:2676} INFO - Sync 1 DAGs
[2022-12-22T01:44:43.250+0000] {logging_mixin.py:137} INFO - [2022-12-22T01:44:43.250+0000] {dag.py:3427} INFO - Setting next_dagrun for example_branch_labels to 2022-12-21T00:00:00+00:00, run_after=2022-12-22T00:00:00+00:00
[2022-12-22T01:44:43.269+0000] {processor.py:175} INFO - Processing /home/airflow/.local/lib/python3.7/site-packages/airflow/example_dags/example_branch_labels.py took 0.094 seconds
[2022-12-22T01:45:13.751+0000] {processor.py:153} INFO - Started process (PID=4690) to work on /home/airflow/.local/lib/python3.7/site-packages/airflow/example_dags/example_branch_labels.py
[2022-12-22T01:45:13.752+0000] {processor.py:743} INFO - Processing file /home/airflow/.local/lib/python3.7/site-packages/airflow/example_dags/example_branch_labels.py for tasks to queue
[2022-12-22T01:45:13.752+0000] {logging_mixin.py:137} INFO - [2022-12-22T01:45:13.752+0000] {dagbag.py:538} INFO - Filling up the DagBag from /home/airflow/.local/lib/python3.7/site-packages/airflow/example_dags/example_branch_labels.py
[2022-12-22T01:45:13.765+0000] {processor.py:753} INFO - DAG(s) dict_keys(['example_branch_labels']) retrieved from /home/airflow/.local/lib/python3.7/site-packages/airflow/example_dags/example_branch_labels.py
[2022-12-22T01:45:13.800+0000] {logging_mixin.py:137} INFO - [2022-12-22T01:45:13.799+0000] {dag.py:2676} INFO - Sync 1 DAGs
[2022-12-22T01:45:13.825+0000] {logging_mixin.py:137} INFO - [2022-12-22T01:45:13.825+0000] {dag.py:3427} INFO - Setting next_dagrun for example_branch_labels to 2022-12-21T00:00:00+00:00, run_after=2022-12-22T00:00:00+00:00
[2022-12-22T01:45:13.842+0000] {processor.py:175} INFO - Processing /home/airflow/.local/lib/python3.7/site-packages/airflow/example_dags/example_branch_labels.py took 0.094 seconds
[2022-12-22T01:45:44.055+0000] {processor.py:153} INFO - Started process (PID=4785) to work on /home/airflow/.local/lib/python3.7/site-packages/airflow/example_dags/example_branch_labels.py
[2022-12-22T01:45:44.056+0000] {processor.py:743} INFO - Processing file /home/airflow/.local/lib/python3.7/site-packages/airflow/example_dags/example_branch_labels.py for tasks to queue
[2022-12-22T01:45:44.056+0000] {logging_mixin.py:137} INFO - [2022-12-22T01:45:44.056+0000] {dagbag.py:538} INFO - Filling up the DagBag from /home/airflow/.local/lib/python3.7/site-packages/airflow/example_dags/example_branch_labels.py
[2022-12-22T01:45:44.070+0000] {processor.py:753} INFO - DAG(s) dict_keys(['example_branch_labels']) retrieved from /home/airflow/.local/lib/python3.7/site-packages/airflow/example_dags/example_branch_labels.py
[2022-12-22T01:45:44.108+0000] {logging_mixin.py:137} INFO - [2022-12-22T01:45:44.108+0000] {dag.py:2676} INFO - Sync 1 DAGs
[2022-12-22T01:45:44.137+0000] {logging_mixin.py:137} INFO - [2022-12-22T01:45:44.137+0000] {dag.py:3427} INFO - Setting next_dagrun for example_branch_labels to 2022-12-21T00:00:00+00:00, run_after=2022-12-22T00:00:00+00:00
[2022-12-22T01:45:44.154+0000] {processor.py:175} INFO - Processing /home/airflow/.local/lib/python3.7/site-packages/airflow/example_dags/example_branch_labels.py took 0.102 seconds
[2022-12-22T01:46:14.446+0000] {processor.py:153} INFO - Started process (PID=4886) to work on /home/airflow/.local/lib/python3.7/site-packages/airflow/example_dags/example_branch_labels.py
[2022-12-22T01:46:14.447+0000] {processor.py:743} INFO - Processing file /home/airflow/.local/lib/python3.7/site-packages/airflow/example_dags/example_branch_labels.py for tasks to queue
[2022-12-22T01:46:14.448+0000] {logging_mixin.py:137} INFO - [2022-12-22T01:46:14.448+0000] {dagbag.py:538} INFO - Filling up the DagBag from /home/airflow/.local/lib/python3.7/site-packages/airflow/example_dags/example_branch_labels.py
[2022-12-22T01:46:14.463+0000] {processor.py:753} INFO - DAG(s) dict_keys(['example_branch_labels']) retrieved from /home/airflow/.local/lib/python3.7/site-packages/airflow/example_dags/example_branch_labels.py
[2022-12-22T01:46:14.511+0000] {logging_mixin.py:137} INFO - [2022-12-22T01:46:14.511+0000] {dag.py:2676} INFO - Sync 1 DAGs
[2022-12-22T01:46:14.551+0000] {logging_mixin.py:137} INFO - [2022-12-22T01:46:14.550+0000] {dag.py:3427} INFO - Setting next_dagrun for example_branch_labels to 2022-12-21T00:00:00+00:00, run_after=2022-12-22T00:00:00+00:00
[2022-12-22T01:46:14.573+0000] {processor.py:175} INFO - Processing /home/airflow/.local/lib/python3.7/site-packages/airflow/example_dags/example_branch_labels.py took 0.130 seconds
[2022-12-22T01:46:45.121+0000] {processor.py:153} INFO - Started process (PID=4972) to work on /home/airflow/.local/lib/python3.7/site-packages/airflow/example_dags/example_branch_labels.py
[2022-12-22T01:46:45.122+0000] {processor.py:743} INFO - Processing file /home/airflow/.local/lib/python3.7/site-packages/airflow/example_dags/example_branch_labels.py for tasks to queue
[2022-12-22T01:46:45.123+0000] {logging_mixin.py:137} INFO - [2022-12-22T01:46:45.123+0000] {dagbag.py:538} INFO - Filling up the DagBag from /home/airflow/.local/lib/python3.7/site-packages/airflow/example_dags/example_branch_labels.py
[2022-12-22T01:46:45.137+0000] {processor.py:753} INFO - DAG(s) dict_keys(['example_branch_labels']) retrieved from /home/airflow/.local/lib/python3.7/site-packages/airflow/example_dags/example_branch_labels.py
[2022-12-22T01:46:45.172+0000] {logging_mixin.py:137} INFO - [2022-12-22T01:46:45.172+0000] {dag.py:2676} INFO - Sync 1 DAGs
[2022-12-22T01:46:45.198+0000] {logging_mixin.py:137} INFO - [2022-12-22T01:46:45.197+0000] {dag.py:3427} INFO - Setting next_dagrun for example_branch_labels to 2022-12-21T00:00:00+00:00, run_after=2022-12-22T00:00:00+00:00
[2022-12-22T01:46:45.213+0000] {processor.py:175} INFO - Processing /home/airflow/.local/lib/python3.7/site-packages/airflow/example_dags/example_branch_labels.py took 0.095 seconds
[2022-12-22T01:47:16.221+0000] {processor.py:153} INFO - Started process (PID=5058) to work on /home/airflow/.local/lib/python3.7/site-packages/airflow/example_dags/example_branch_labels.py
[2022-12-22T01:47:16.222+0000] {processor.py:743} INFO - Processing file /home/airflow/.local/lib/python3.7/site-packages/airflow/example_dags/example_branch_labels.py for tasks to queue
[2022-12-22T01:47:16.223+0000] {logging_mixin.py:137} INFO - [2022-12-22T01:47:16.222+0000] {dagbag.py:538} INFO - Filling up the DagBag from /home/airflow/.local/lib/python3.7/site-packages/airflow/example_dags/example_branch_labels.py
[2022-12-22T01:47:16.237+0000] {processor.py:753} INFO - DAG(s) dict_keys(['example_branch_labels']) retrieved from /home/airflow/.local/lib/python3.7/site-packages/airflow/example_dags/example_branch_labels.py
[2022-12-22T01:47:16.270+0000] {logging_mixin.py:137} INFO - [2022-12-22T01:47:16.270+0000] {dag.py:2676} INFO - Sync 1 DAGs
[2022-12-22T01:47:16.297+0000] {logging_mixin.py:137} INFO - [2022-12-22T01:47:16.297+0000] {dag.py:3427} INFO - Setting next_dagrun for example_branch_labels to 2022-12-21T00:00:00+00:00, run_after=2022-12-22T00:00:00+00:00
[2022-12-22T01:47:16.314+0000] {processor.py:175} INFO - Processing /home/airflow/.local/lib/python3.7/site-packages/airflow/example_dags/example_branch_labels.py took 0.096 seconds
[2022-12-22T01:47:47.260+0000] {processor.py:153} INFO - Started process (PID=5168) to work on /home/airflow/.local/lib/python3.7/site-packages/airflow/example_dags/example_branch_labels.py
[2022-12-22T01:47:47.261+0000] {processor.py:743} INFO - Processing file /home/airflow/.local/lib/python3.7/site-packages/airflow/example_dags/example_branch_labels.py for tasks to queue
[2022-12-22T01:47:47.262+0000] {logging_mixin.py:137} INFO - [2022-12-22T01:47:47.262+0000] {dagbag.py:538} INFO - Filling up the DagBag from /home/airflow/.local/lib/python3.7/site-packages/airflow/example_dags/example_branch_labels.py
[2022-12-22T01:47:47.274+0000] {processor.py:753} INFO - DAG(s) dict_keys(['example_branch_labels']) retrieved from /home/airflow/.local/lib/python3.7/site-packages/airflow/example_dags/example_branch_labels.py
[2022-12-22T01:47:47.308+0000] {logging_mixin.py:137} INFO - [2022-12-22T01:47:47.308+0000] {dag.py:2676} INFO - Sync 1 DAGs
[2022-12-22T01:47:47.331+0000] {logging_mixin.py:137} INFO - [2022-12-22T01:47:47.331+0000] {dag.py:3427} INFO - Setting next_dagrun for example_branch_labels to 2022-12-21T00:00:00+00:00, run_after=2022-12-22T00:00:00+00:00
[2022-12-22T01:47:47.349+0000] {processor.py:175} INFO - Processing /home/airflow/.local/lib/python3.7/site-packages/airflow/example_dags/example_branch_labels.py took 0.090 seconds
[2022-12-22T01:48:17.939+0000] {processor.py:153} INFO - Started process (PID=5254) to work on /home/airflow/.local/lib/python3.7/site-packages/airflow/example_dags/example_branch_labels.py
[2022-12-22T01:48:17.940+0000] {processor.py:743} INFO - Processing file /home/airflow/.local/lib/python3.7/site-packages/airflow/example_dags/example_branch_labels.py for tasks to queue
[2022-12-22T01:48:17.940+0000] {logging_mixin.py:137} INFO - [2022-12-22T01:48:17.940+0000] {dagbag.py:538} INFO - Filling up the DagBag from /home/airflow/.local/lib/python3.7/site-packages/airflow/example_dags/example_branch_labels.py
[2022-12-22T01:48:17.959+0000] {processor.py:753} INFO - DAG(s) dict_keys(['example_branch_labels']) retrieved from /home/airflow/.local/lib/python3.7/site-packages/airflow/example_dags/example_branch_labels.py
[2022-12-22T01:48:18.002+0000] {logging_mixin.py:137} INFO - [2022-12-22T01:48:18.002+0000] {dag.py:2676} INFO - Sync 1 DAGs
[2022-12-22T01:48:18.036+0000] {logging_mixin.py:137} INFO - [2022-12-22T01:48:18.036+0000] {dag.py:3427} INFO - Setting next_dagrun for example_branch_labels to 2022-12-21T00:00:00+00:00, run_after=2022-12-22T00:00:00+00:00
[2022-12-22T01:48:18.059+0000] {processor.py:175} INFO - Processing /home/airflow/.local/lib/python3.7/site-packages/airflow/example_dags/example_branch_labels.py took 0.123 seconds
[2022-12-22T01:48:48.236+0000] {processor.py:153} INFO - Started process (PID=5364) to work on /home/airflow/.local/lib/python3.7/site-packages/airflow/example_dags/example_branch_labels.py
[2022-12-22T01:48:48.237+0000] {processor.py:743} INFO - Processing file /home/airflow/.local/lib/python3.7/site-packages/airflow/example_dags/example_branch_labels.py for tasks to queue
[2022-12-22T01:48:48.237+0000] {logging_mixin.py:137} INFO - [2022-12-22T01:48:48.237+0000] {dagbag.py:538} INFO - Filling up the DagBag from /home/airflow/.local/lib/python3.7/site-packages/airflow/example_dags/example_branch_labels.py
[2022-12-22T01:48:48.252+0000] {processor.py:753} INFO - DAG(s) dict_keys(['example_branch_labels']) retrieved from /home/airflow/.local/lib/python3.7/site-packages/airflow/example_dags/example_branch_labels.py
[2022-12-22T01:48:48.288+0000] {logging_mixin.py:137} INFO - [2022-12-22T01:48:48.288+0000] {dag.py:2676} INFO - Sync 1 DAGs
[2022-12-22T01:48:48.314+0000] {logging_mixin.py:137} INFO - [2022-12-22T01:48:48.314+0000] {dag.py:3427} INFO - Setting next_dagrun for example_branch_labels to 2022-12-21T00:00:00+00:00, run_after=2022-12-22T00:00:00+00:00
[2022-12-22T01:48:48.330+0000] {processor.py:175} INFO - Processing /home/airflow/.local/lib/python3.7/site-packages/airflow/example_dags/example_branch_labels.py took 0.097 seconds
[2022-12-22T01:49:19.011+0000] {processor.py:153} INFO - Started process (PID=5450) to work on /home/airflow/.local/lib/python3.7/site-packages/airflow/example_dags/example_branch_labels.py
[2022-12-22T01:49:19.012+0000] {processor.py:743} INFO - Processing file /home/airflow/.local/lib/python3.7/site-packages/airflow/example_dags/example_branch_labels.py for tasks to queue
[2022-12-22T01:49:19.013+0000] {logging_mixin.py:137} INFO - [2022-12-22T01:49:19.013+0000] {dagbag.py:538} INFO - Filling up the DagBag from /home/airflow/.local/lib/python3.7/site-packages/airflow/example_dags/example_branch_labels.py
[2022-12-22T01:49:19.028+0000] {processor.py:753} INFO - DAG(s) dict_keys(['example_branch_labels']) retrieved from /home/airflow/.local/lib/python3.7/site-packages/airflow/example_dags/example_branch_labels.py
[2022-12-22T01:49:19.105+0000] {logging_mixin.py:137} INFO - [2022-12-22T01:49:19.105+0000] {dag.py:2676} INFO - Sync 1 DAGs
[2022-12-22T01:49:19.140+0000] {logging_mixin.py:137} INFO - [2022-12-22T01:49:19.140+0000] {dag.py:3427} INFO - Setting next_dagrun for example_branch_labels to 2022-12-21T00:00:00+00:00, run_after=2022-12-22T00:00:00+00:00
[2022-12-22T01:49:19.196+0000] {processor.py:175} INFO - Processing /home/airflow/.local/lib/python3.7/site-packages/airflow/example_dags/example_branch_labels.py took 0.187 seconds
[2022-12-22T01:49:49.888+0000] {processor.py:153} INFO - Started process (PID=5536) to work on /home/airflow/.local/lib/python3.7/site-packages/airflow/example_dags/example_branch_labels.py
[2022-12-22T01:49:49.889+0000] {processor.py:743} INFO - Processing file /home/airflow/.local/lib/python3.7/site-packages/airflow/example_dags/example_branch_labels.py for tasks to queue
[2022-12-22T01:49:49.889+0000] {logging_mixin.py:137} INFO - [2022-12-22T01:49:49.889+0000] {dagbag.py:538} INFO - Filling up the DagBag from /home/airflow/.local/lib/python3.7/site-packages/airflow/example_dags/example_branch_labels.py
[2022-12-22T01:49:49.904+0000] {processor.py:753} INFO - DAG(s) dict_keys(['example_branch_labels']) retrieved from /home/airflow/.local/lib/python3.7/site-packages/airflow/example_dags/example_branch_labels.py
[2022-12-22T01:49:49.940+0000] {logging_mixin.py:137} INFO - [2022-12-22T01:49:49.939+0000] {dag.py:2676} INFO - Sync 1 DAGs
[2022-12-22T01:49:49.964+0000] {logging_mixin.py:137} INFO - [2022-12-22T01:49:49.964+0000] {dag.py:3427} INFO - Setting next_dagrun for example_branch_labels to 2022-12-21T00:00:00+00:00, run_after=2022-12-22T00:00:00+00:00
[2022-12-22T01:49:49.981+0000] {processor.py:175} INFO - Processing /home/airflow/.local/lib/python3.7/site-packages/airflow/example_dags/example_branch_labels.py took 0.095 seconds
[2022-12-22T01:50:20.218+0000] {processor.py:153} INFO - Started process (PID=5631) to work on /home/airflow/.local/lib/python3.7/site-packages/airflow/example_dags/example_branch_labels.py
[2022-12-22T01:50:20.219+0000] {processor.py:743} INFO - Processing file /home/airflow/.local/lib/python3.7/site-packages/airflow/example_dags/example_branch_labels.py for tasks to queue
[2022-12-22T01:50:20.221+0000] {logging_mixin.py:137} INFO - [2022-12-22T01:50:20.220+0000] {dagbag.py:538} INFO - Filling up the DagBag from /home/airflow/.local/lib/python3.7/site-packages/airflow/example_dags/example_branch_labels.py
[2022-12-22T01:50:20.305+0000] {processor.py:753} INFO - DAG(s) dict_keys(['example_branch_labels']) retrieved from /home/airflow/.local/lib/python3.7/site-packages/airflow/example_dags/example_branch_labels.py
[2022-12-22T01:50:20.424+0000] {logging_mixin.py:137} INFO - [2022-12-22T01:50:20.424+0000] {dag.py:2676} INFO - Sync 1 DAGs
[2022-12-22T01:50:20.613+0000] {logging_mixin.py:137} INFO - [2022-12-22T01:50:20.612+0000] {dag.py:3427} INFO - Setting next_dagrun for example_branch_labels to 2022-12-21T00:00:00+00:00, run_after=2022-12-22T00:00:00+00:00
[2022-12-22T01:50:20.707+0000] {processor.py:175} INFO - Processing /home/airflow/.local/lib/python3.7/site-packages/airflow/example_dags/example_branch_labels.py took 0.493 seconds
[2022-12-22T01:50:51.145+0000] {processor.py:153} INFO - Started process (PID=5732) to work on /home/airflow/.local/lib/python3.7/site-packages/airflow/example_dags/example_branch_labels.py
[2022-12-22T01:50:51.146+0000] {processor.py:743} INFO - Processing file /home/airflow/.local/lib/python3.7/site-packages/airflow/example_dags/example_branch_labels.py for tasks to queue
[2022-12-22T01:50:51.147+0000] {logging_mixin.py:137} INFO - [2022-12-22T01:50:51.147+0000] {dagbag.py:538} INFO - Filling up the DagBag from /home/airflow/.local/lib/python3.7/site-packages/airflow/example_dags/example_branch_labels.py
[2022-12-22T01:50:51.160+0000] {processor.py:753} INFO - DAG(s) dict_keys(['example_branch_labels']) retrieved from /home/airflow/.local/lib/python3.7/site-packages/airflow/example_dags/example_branch_labels.py
[2022-12-22T01:50:51.194+0000] {logging_mixin.py:137} INFO - [2022-12-22T01:50:51.194+0000] {dag.py:2676} INFO - Sync 1 DAGs
[2022-12-22T01:50:51.218+0000] {logging_mixin.py:137} INFO - [2022-12-22T01:50:51.218+0000] {dag.py:3427} INFO - Setting next_dagrun for example_branch_labels to 2022-12-21T00:00:00+00:00, run_after=2022-12-22T00:00:00+00:00
[2022-12-22T01:50:51.233+0000] {processor.py:175} INFO - Processing /home/airflow/.local/lib/python3.7/site-packages/airflow/example_dags/example_branch_labels.py took 0.090 seconds
