[2022-12-22T01:20:20.588+0000] {processor.py:153} INFO - Started process (PID=121) to work on /home/airflow/.local/lib/python3.7/site-packages/airflow/example_dags/example_external_task_marker_dag.py
[2022-12-22T01:20:20.589+0000] {processor.py:743} INFO - Processing file /home/airflow/.local/lib/python3.7/site-packages/airflow/example_dags/example_external_task_marker_dag.py for tasks to queue
[2022-12-22T01:20:20.590+0000] {logging_mixin.py:137} INFO - [2022-12-22T01:20:20.590+0000] {dagbag.py:538} INFO - Filling up the DagBag from /home/airflow/.local/lib/python3.7/site-packages/airflow/example_dags/example_external_task_marker_dag.py
[2022-12-22T01:20:20.606+0000] {processor.py:753} INFO - DAG(s) dict_keys(['example_external_task_marker_parent', 'example_external_task_marker_child']) retrieved from /home/airflow/.local/lib/python3.7/site-packages/airflow/example_dags/example_external_task_marker_dag.py
[2022-12-22T01:20:20.903+0000] {logging_mixin.py:137} INFO - [2022-12-22T01:20:20.902+0000] {dag.py:2676} INFO - Sync 2 DAGs
[2022-12-22T01:20:21.000+0000] {logging_mixin.py:137} INFO - [2022-12-22T01:20:21.000+0000] {dag.py:3427} INFO - Setting next_dagrun for example_external_task_marker_child to None, run_after=None
[2022-12-22T01:20:21.004+0000] {logging_mixin.py:137} INFO - [2022-12-22T01:20:21.004+0000] {dag.py:3427} INFO - Setting next_dagrun for example_external_task_marker_parent to None, run_after=None
[2022-12-22T01:20:21.093+0000] {processor.py:175} INFO - Processing /home/airflow/.local/lib/python3.7/site-packages/airflow/example_dags/example_external_task_marker_dag.py took 0.574 seconds
[2022-12-22T01:20:51.530+0000] {processor.py:153} INFO - Started process (PID=183) to work on /home/airflow/.local/lib/python3.7/site-packages/airflow/example_dags/example_external_task_marker_dag.py
[2022-12-22T01:20:51.531+0000] {processor.py:743} INFO - Processing file /home/airflow/.local/lib/python3.7/site-packages/airflow/example_dags/example_external_task_marker_dag.py for tasks to queue
[2022-12-22T01:20:51.532+0000] {logging_mixin.py:137} INFO - [2022-12-22T01:20:51.532+0000] {dagbag.py:538} INFO - Filling up the DagBag from /home/airflow/.local/lib/python3.7/site-packages/airflow/example_dags/example_external_task_marker_dag.py
[2022-12-22T01:20:51.544+0000] {processor.py:753} INFO - DAG(s) dict_keys(['example_external_task_marker_child', 'example_external_task_marker_parent']) retrieved from /home/airflow/.local/lib/python3.7/site-packages/airflow/example_dags/example_external_task_marker_dag.py
[2022-12-22T01:20:51.590+0000] {logging_mixin.py:137} INFO - [2022-12-22T01:20:51.589+0000] {dag.py:2676} INFO - Sync 2 DAGs
[2022-12-22T01:20:51.616+0000] {logging_mixin.py:137} INFO - [2022-12-22T01:20:51.615+0000] {dag.py:3427} INFO - Setting next_dagrun for example_external_task_marker_child to None, run_after=None
[2022-12-22T01:20:51.619+0000] {logging_mixin.py:137} INFO - [2022-12-22T01:20:51.619+0000] {dag.py:3427} INFO - Setting next_dagrun for example_external_task_marker_parent to None, run_after=None
[2022-12-22T01:20:51.634+0000] {processor.py:175} INFO - Processing /home/airflow/.local/lib/python3.7/site-packages/airflow/example_dags/example_external_task_marker_dag.py took 0.107 seconds
[2022-12-22T01:21:21.823+0000] {processor.py:153} INFO - Started process (PID=293) to work on /home/airflow/.local/lib/python3.7/site-packages/airflow/example_dags/example_external_task_marker_dag.py
[2022-12-22T01:21:21.824+0000] {processor.py:743} INFO - Processing file /home/airflow/.local/lib/python3.7/site-packages/airflow/example_dags/example_external_task_marker_dag.py for tasks to queue
[2022-12-22T01:21:21.825+0000] {logging_mixin.py:137} INFO - [2022-12-22T01:21:21.824+0000] {dagbag.py:538} INFO - Filling up the DagBag from /home/airflow/.local/lib/python3.7/site-packages/airflow/example_dags/example_external_task_marker_dag.py
[2022-12-22T01:21:21.836+0000] {processor.py:753} INFO - DAG(s) dict_keys(['example_external_task_marker_child', 'example_external_task_marker_parent']) retrieved from /home/airflow/.local/lib/python3.7/site-packages/airflow/example_dags/example_external_task_marker_dag.py
[2022-12-22T01:21:21.878+0000] {logging_mixin.py:137} INFO - [2022-12-22T01:21:21.878+0000] {dag.py:2676} INFO - Sync 2 DAGs
[2022-12-22T01:21:21.912+0000] {logging_mixin.py:137} INFO - [2022-12-22T01:21:21.912+0000] {dag.py:3427} INFO - Setting next_dagrun for example_external_task_marker_child to None, run_after=None
[2022-12-22T01:21:21.915+0000] {logging_mixin.py:137} INFO - [2022-12-22T01:21:21.914+0000] {dag.py:3427} INFO - Setting next_dagrun for example_external_task_marker_parent to None, run_after=None
[2022-12-22T01:21:21.929+0000] {processor.py:175} INFO - Processing /home/airflow/.local/lib/python3.7/site-packages/airflow/example_dags/example_external_task_marker_dag.py took 0.108 seconds
[2022-12-22T01:21:52.209+0000] {processor.py:153} INFO - Started process (PID=379) to work on /home/airflow/.local/lib/python3.7/site-packages/airflow/example_dags/example_external_task_marker_dag.py
[2022-12-22T01:21:52.210+0000] {processor.py:743} INFO - Processing file /home/airflow/.local/lib/python3.7/site-packages/airflow/example_dags/example_external_task_marker_dag.py for tasks to queue
[2022-12-22T01:21:52.210+0000] {logging_mixin.py:137} INFO - [2022-12-22T01:21:52.210+0000] {dagbag.py:538} INFO - Filling up the DagBag from /home/airflow/.local/lib/python3.7/site-packages/airflow/example_dags/example_external_task_marker_dag.py
[2022-12-22T01:21:52.222+0000] {processor.py:753} INFO - DAG(s) dict_keys(['example_external_task_marker_child', 'example_external_task_marker_parent']) retrieved from /home/airflow/.local/lib/python3.7/site-packages/airflow/example_dags/example_external_task_marker_dag.py
[2022-12-22T01:21:52.255+0000] {logging_mixin.py:137} INFO - [2022-12-22T01:21:52.255+0000] {dag.py:2676} INFO - Sync 2 DAGs
[2022-12-22T01:21:52.278+0000] {logging_mixin.py:137} INFO - [2022-12-22T01:21:52.278+0000] {dag.py:3427} INFO - Setting next_dagrun for example_external_task_marker_child to None, run_after=None
[2022-12-22T01:21:52.281+0000] {logging_mixin.py:137} INFO - [2022-12-22T01:21:52.281+0000] {dag.py:3427} INFO - Setting next_dagrun for example_external_task_marker_parent to None, run_after=None
[2022-12-22T01:21:52.294+0000] {processor.py:175} INFO - Processing /home/airflow/.local/lib/python3.7/site-packages/airflow/example_dags/example_external_task_marker_dag.py took 0.087 seconds
[2022-12-22T01:22:22.608+0000] {processor.py:153} INFO - Started process (PID=489) to work on /home/airflow/.local/lib/python3.7/site-packages/airflow/example_dags/example_external_task_marker_dag.py
[2022-12-22T01:22:22.609+0000] {processor.py:743} INFO - Processing file /home/airflow/.local/lib/python3.7/site-packages/airflow/example_dags/example_external_task_marker_dag.py for tasks to queue
[2022-12-22T01:22:22.610+0000] {logging_mixin.py:137} INFO - [2022-12-22T01:22:22.610+0000] {dagbag.py:538} INFO - Filling up the DagBag from /home/airflow/.local/lib/python3.7/site-packages/airflow/example_dags/example_external_task_marker_dag.py
[2022-12-22T01:22:22.622+0000] {processor.py:753} INFO - DAG(s) dict_keys(['example_external_task_marker_child', 'example_external_task_marker_parent']) retrieved from /home/airflow/.local/lib/python3.7/site-packages/airflow/example_dags/example_external_task_marker_dag.py
[2022-12-22T01:22:22.655+0000] {logging_mixin.py:137} INFO - [2022-12-22T01:22:22.655+0000] {dag.py:2676} INFO - Sync 2 DAGs
[2022-12-22T01:22:22.681+0000] {logging_mixin.py:137} INFO - [2022-12-22T01:22:22.681+0000] {dag.py:3427} INFO - Setting next_dagrun for example_external_task_marker_child to None, run_after=None
[2022-12-22T01:22:22.684+0000] {logging_mixin.py:137} INFO - [2022-12-22T01:22:22.684+0000] {dag.py:3427} INFO - Setting next_dagrun for example_external_task_marker_parent to None, run_after=None
[2022-12-22T01:22:22.698+0000] {processor.py:175} INFO - Processing /home/airflow/.local/lib/python3.7/site-packages/airflow/example_dags/example_external_task_marker_dag.py took 0.092 seconds
[2022-12-22T01:22:52.800+0000] {processor.py:153} INFO - Started process (PID=575) to work on /home/airflow/.local/lib/python3.7/site-packages/airflow/example_dags/example_external_task_marker_dag.py
[2022-12-22T01:22:52.801+0000] {processor.py:743} INFO - Processing file /home/airflow/.local/lib/python3.7/site-packages/airflow/example_dags/example_external_task_marker_dag.py for tasks to queue
[2022-12-22T01:22:52.801+0000] {logging_mixin.py:137} INFO - [2022-12-22T01:22:52.801+0000] {dagbag.py:538} INFO - Filling up the DagBag from /home/airflow/.local/lib/python3.7/site-packages/airflow/example_dags/example_external_task_marker_dag.py
[2022-12-22T01:22:52.813+0000] {processor.py:753} INFO - DAG(s) dict_keys(['example_external_task_marker_parent', 'example_external_task_marker_child']) retrieved from /home/airflow/.local/lib/python3.7/site-packages/airflow/example_dags/example_external_task_marker_dag.py
[2022-12-22T01:22:52.850+0000] {logging_mixin.py:137} INFO - [2022-12-22T01:22:52.850+0000] {dag.py:2676} INFO - Sync 2 DAGs
[2022-12-22T01:22:52.874+0000] {logging_mixin.py:137} INFO - [2022-12-22T01:22:52.873+0000] {dag.py:3427} INFO - Setting next_dagrun for example_external_task_marker_child to None, run_after=None
[2022-12-22T01:22:52.877+0000] {logging_mixin.py:137} INFO - [2022-12-22T01:22:52.876+0000] {dag.py:3427} INFO - Setting next_dagrun for example_external_task_marker_parent to None, run_after=None
[2022-12-22T01:22:52.893+0000] {processor.py:175} INFO - Processing /home/airflow/.local/lib/python3.7/site-packages/airflow/example_dags/example_external_task_marker_dag.py took 0.095 seconds
[2022-12-22T01:23:23.148+0000] {processor.py:153} INFO - Started process (PID=668) to work on /home/airflow/.local/lib/python3.7/site-packages/airflow/example_dags/example_external_task_marker_dag.py
[2022-12-22T01:23:23.148+0000] {processor.py:743} INFO - Processing file /home/airflow/.local/lib/python3.7/site-packages/airflow/example_dags/example_external_task_marker_dag.py for tasks to queue
[2022-12-22T01:23:23.149+0000] {logging_mixin.py:137} INFO - [2022-12-22T01:23:23.149+0000] {dagbag.py:538} INFO - Filling up the DagBag from /home/airflow/.local/lib/python3.7/site-packages/airflow/example_dags/example_external_task_marker_dag.py
[2022-12-22T01:23:23.161+0000] {processor.py:753} INFO - DAG(s) dict_keys(['example_external_task_marker_parent', 'example_external_task_marker_child']) retrieved from /home/airflow/.local/lib/python3.7/site-packages/airflow/example_dags/example_external_task_marker_dag.py
[2022-12-22T01:23:23.208+0000] {logging_mixin.py:137} INFO - [2022-12-22T01:23:23.207+0000] {dag.py:2676} INFO - Sync 2 DAGs
[2022-12-22T01:23:23.233+0000] {logging_mixin.py:137} INFO - [2022-12-22T01:23:23.233+0000] {dag.py:3427} INFO - Setting next_dagrun for example_external_task_marker_child to None, run_after=None
[2022-12-22T01:23:23.237+0000] {logging_mixin.py:137} INFO - [2022-12-22T01:23:23.237+0000] {dag.py:3427} INFO - Setting next_dagrun for example_external_task_marker_parent to None, run_after=None
[2022-12-22T01:23:23.252+0000] {processor.py:175} INFO - Processing /home/airflow/.local/lib/python3.7/site-packages/airflow/example_dags/example_external_task_marker_dag.py took 0.107 seconds
[2022-12-22T01:23:53.343+0000] {processor.py:153} INFO - Started process (PID=771) to work on /home/airflow/.local/lib/python3.7/site-packages/airflow/example_dags/example_external_task_marker_dag.py
[2022-12-22T01:23:53.344+0000] {processor.py:743} INFO - Processing file /home/airflow/.local/lib/python3.7/site-packages/airflow/example_dags/example_external_task_marker_dag.py for tasks to queue
[2022-12-22T01:23:53.345+0000] {logging_mixin.py:137} INFO - [2022-12-22T01:23:53.344+0000] {dagbag.py:538} INFO - Filling up the DagBag from /home/airflow/.local/lib/python3.7/site-packages/airflow/example_dags/example_external_task_marker_dag.py
[2022-12-22T01:23:53.356+0000] {processor.py:753} INFO - DAG(s) dict_keys(['example_external_task_marker_child', 'example_external_task_marker_parent']) retrieved from /home/airflow/.local/lib/python3.7/site-packages/airflow/example_dags/example_external_task_marker_dag.py
[2022-12-22T01:23:53.391+0000] {logging_mixin.py:137} INFO - [2022-12-22T01:23:53.391+0000] {dag.py:2676} INFO - Sync 2 DAGs
[2022-12-22T01:23:53.417+0000] {logging_mixin.py:137} INFO - [2022-12-22T01:23:53.416+0000] {dag.py:3427} INFO - Setting next_dagrun for example_external_task_marker_child to None, run_after=None
[2022-12-22T01:23:53.420+0000] {logging_mixin.py:137} INFO - [2022-12-22T01:23:53.420+0000] {dag.py:3427} INFO - Setting next_dagrun for example_external_task_marker_parent to None, run_after=None
[2022-12-22T01:23:53.437+0000] {processor.py:175} INFO - Processing /home/airflow/.local/lib/python3.7/site-packages/airflow/example_dags/example_external_task_marker_dag.py took 0.096 seconds
[2022-12-22T01:24:24.020+0000] {processor.py:153} INFO - Started process (PID=857) to work on /home/airflow/.local/lib/python3.7/site-packages/airflow/example_dags/example_external_task_marker_dag.py
[2022-12-22T01:24:24.021+0000] {processor.py:743} INFO - Processing file /home/airflow/.local/lib/python3.7/site-packages/airflow/example_dags/example_external_task_marker_dag.py for tasks to queue
[2022-12-22T01:24:24.021+0000] {logging_mixin.py:137} INFO - [2022-12-22T01:24:24.021+0000] {dagbag.py:538} INFO - Filling up the DagBag from /home/airflow/.local/lib/python3.7/site-packages/airflow/example_dags/example_external_task_marker_dag.py
[2022-12-22T01:24:24.034+0000] {processor.py:753} INFO - DAG(s) dict_keys(['example_external_task_marker_parent', 'example_external_task_marker_child']) retrieved from /home/airflow/.local/lib/python3.7/site-packages/airflow/example_dags/example_external_task_marker_dag.py
[2022-12-22T01:24:24.068+0000] {logging_mixin.py:137} INFO - [2022-12-22T01:24:24.068+0000] {dag.py:2676} INFO - Sync 2 DAGs
[2022-12-22T01:24:24.096+0000] {logging_mixin.py:137} INFO - [2022-12-22T01:24:24.096+0000] {dag.py:3427} INFO - Setting next_dagrun for example_external_task_marker_child to None, run_after=None
[2022-12-22T01:24:24.100+0000] {logging_mixin.py:137} INFO - [2022-12-22T01:24:24.100+0000] {dag.py:3427} INFO - Setting next_dagrun for example_external_task_marker_parent to None, run_after=None
[2022-12-22T01:24:24.119+0000] {processor.py:175} INFO - Processing /home/airflow/.local/lib/python3.7/site-packages/airflow/example_dags/example_external_task_marker_dag.py took 0.102 seconds
[2022-12-22T01:24:54.519+0000] {processor.py:153} INFO - Started process (PID=967) to work on /home/airflow/.local/lib/python3.7/site-packages/airflow/example_dags/example_external_task_marker_dag.py
[2022-12-22T01:24:54.520+0000] {processor.py:743} INFO - Processing file /home/airflow/.local/lib/python3.7/site-packages/airflow/example_dags/example_external_task_marker_dag.py for tasks to queue
[2022-12-22T01:24:54.520+0000] {logging_mixin.py:137} INFO - [2022-12-22T01:24:54.520+0000] {dagbag.py:538} INFO - Filling up the DagBag from /home/airflow/.local/lib/python3.7/site-packages/airflow/example_dags/example_external_task_marker_dag.py
[2022-12-22T01:24:54.535+0000] {processor.py:753} INFO - DAG(s) dict_keys(['example_external_task_marker_parent', 'example_external_task_marker_child']) retrieved from /home/airflow/.local/lib/python3.7/site-packages/airflow/example_dags/example_external_task_marker_dag.py
[2022-12-22T01:24:54.600+0000] {logging_mixin.py:137} INFO - [2022-12-22T01:24:54.600+0000] {dag.py:2676} INFO - Sync 2 DAGs
[2022-12-22T01:24:54.626+0000] {logging_mixin.py:137} INFO - [2022-12-22T01:24:54.626+0000] {dag.py:3427} INFO - Setting next_dagrun for example_external_task_marker_child to None, run_after=None
[2022-12-22T01:24:54.629+0000] {logging_mixin.py:137} INFO - [2022-12-22T01:24:54.629+0000] {dag.py:3427} INFO - Setting next_dagrun for example_external_task_marker_parent to None, run_after=None
[2022-12-22T01:24:54.644+0000] {processor.py:175} INFO - Processing /home/airflow/.local/lib/python3.7/site-packages/airflow/example_dags/example_external_task_marker_dag.py took 0.129 seconds
[2022-12-22T01:25:25.436+0000] {processor.py:153} INFO - Started process (PID=1053) to work on /home/airflow/.local/lib/python3.7/site-packages/airflow/example_dags/example_external_task_marker_dag.py
[2022-12-22T01:25:25.436+0000] {processor.py:743} INFO - Processing file /home/airflow/.local/lib/python3.7/site-packages/airflow/example_dags/example_external_task_marker_dag.py for tasks to queue
[2022-12-22T01:25:25.437+0000] {logging_mixin.py:137} INFO - [2022-12-22T01:25:25.437+0000] {dagbag.py:538} INFO - Filling up the DagBag from /home/airflow/.local/lib/python3.7/site-packages/airflow/example_dags/example_external_task_marker_dag.py
[2022-12-22T01:25:25.449+0000] {processor.py:753} INFO - DAG(s) dict_keys(['example_external_task_marker_parent', 'example_external_task_marker_child']) retrieved from /home/airflow/.local/lib/python3.7/site-packages/airflow/example_dags/example_external_task_marker_dag.py
[2022-12-22T01:25:25.485+0000] {logging_mixin.py:137} INFO - [2022-12-22T01:25:25.485+0000] {dag.py:2676} INFO - Sync 2 DAGs
[2022-12-22T01:25:25.509+0000] {logging_mixin.py:137} INFO - [2022-12-22T01:25:25.509+0000] {dag.py:3427} INFO - Setting next_dagrun for example_external_task_marker_child to None, run_after=None
[2022-12-22T01:25:25.513+0000] {logging_mixin.py:137} INFO - [2022-12-22T01:25:25.512+0000] {dag.py:3427} INFO - Setting next_dagrun for example_external_task_marker_parent to None, run_after=None
[2022-12-22T01:25:25.528+0000] {processor.py:175} INFO - Processing /home/airflow/.local/lib/python3.7/site-packages/airflow/example_dags/example_external_task_marker_dag.py took 0.095 seconds
[2022-12-22T01:25:55.733+0000] {processor.py:153} INFO - Started process (PID=1139) to work on /home/airflow/.local/lib/python3.7/site-packages/airflow/example_dags/example_external_task_marker_dag.py
[2022-12-22T01:25:55.734+0000] {processor.py:743} INFO - Processing file /home/airflow/.local/lib/python3.7/site-packages/airflow/example_dags/example_external_task_marker_dag.py for tasks to queue
[2022-12-22T01:25:55.734+0000] {logging_mixin.py:137} INFO - [2022-12-22T01:25:55.734+0000] {dagbag.py:538} INFO - Filling up the DagBag from /home/airflow/.local/lib/python3.7/site-packages/airflow/example_dags/example_external_task_marker_dag.py
[2022-12-22T01:25:55.747+0000] {processor.py:753} INFO - DAG(s) dict_keys(['example_external_task_marker_parent', 'example_external_task_marker_child']) retrieved from /home/airflow/.local/lib/python3.7/site-packages/airflow/example_dags/example_external_task_marker_dag.py
[2022-12-22T01:25:55.782+0000] {logging_mixin.py:137} INFO - [2022-12-22T01:25:55.782+0000] {dag.py:2676} INFO - Sync 2 DAGs
[2022-12-22T01:25:55.808+0000] {logging_mixin.py:137} INFO - [2022-12-22T01:25:55.808+0000] {dag.py:3427} INFO - Setting next_dagrun for example_external_task_marker_child to None, run_after=None
[2022-12-22T01:25:55.812+0000] {logging_mixin.py:137} INFO - [2022-12-22T01:25:55.811+0000] {dag.py:3427} INFO - Setting next_dagrun for example_external_task_marker_parent to None, run_after=None
[2022-12-22T01:25:55.827+0000] {processor.py:175} INFO - Processing /home/airflow/.local/lib/python3.7/site-packages/airflow/example_dags/example_external_task_marker_dag.py took 0.096 seconds
[2022-12-22T01:26:26.358+0000] {processor.py:153} INFO - Started process (PID=1248) to work on /home/airflow/.local/lib/python3.7/site-packages/airflow/example_dags/example_external_task_marker_dag.py
[2022-12-22T01:26:26.359+0000] {processor.py:743} INFO - Processing file /home/airflow/.local/lib/python3.7/site-packages/airflow/example_dags/example_external_task_marker_dag.py for tasks to queue
[2022-12-22T01:26:26.360+0000] {logging_mixin.py:137} INFO - [2022-12-22T01:26:26.360+0000] {dagbag.py:538} INFO - Filling up the DagBag from /home/airflow/.local/lib/python3.7/site-packages/airflow/example_dags/example_external_task_marker_dag.py
[2022-12-22T01:26:26.371+0000] {processor.py:753} INFO - DAG(s) dict_keys(['example_external_task_marker_child', 'example_external_task_marker_parent']) retrieved from /home/airflow/.local/lib/python3.7/site-packages/airflow/example_dags/example_external_task_marker_dag.py
[2022-12-22T01:26:26.421+0000] {logging_mixin.py:137} INFO - [2022-12-22T01:26:26.421+0000] {dag.py:2676} INFO - Sync 2 DAGs
[2022-12-22T01:26:26.449+0000] {logging_mixin.py:137} INFO - [2022-12-22T01:26:26.449+0000] {dag.py:3427} INFO - Setting next_dagrun for example_external_task_marker_child to None, run_after=None
[2022-12-22T01:26:26.452+0000] {logging_mixin.py:137} INFO - [2022-12-22T01:26:26.452+0000] {dag.py:3427} INFO - Setting next_dagrun for example_external_task_marker_parent to None, run_after=None
[2022-12-22T01:26:26.468+0000] {processor.py:175} INFO - Processing /home/airflow/.local/lib/python3.7/site-packages/airflow/example_dags/example_external_task_marker_dag.py took 0.111 seconds
[2022-12-22T01:26:56.744+0000] {processor.py:153} INFO - Started process (PID=1334) to work on /home/airflow/.local/lib/python3.7/site-packages/airflow/example_dags/example_external_task_marker_dag.py
[2022-12-22T01:26:56.745+0000] {processor.py:743} INFO - Processing file /home/airflow/.local/lib/python3.7/site-packages/airflow/example_dags/example_external_task_marker_dag.py for tasks to queue
[2022-12-22T01:26:56.745+0000] {logging_mixin.py:137} INFO - [2022-12-22T01:26:56.745+0000] {dagbag.py:538} INFO - Filling up the DagBag from /home/airflow/.local/lib/python3.7/site-packages/airflow/example_dags/example_external_task_marker_dag.py
[2022-12-22T01:26:56.758+0000] {processor.py:753} INFO - DAG(s) dict_keys(['example_external_task_marker_parent', 'example_external_task_marker_child']) retrieved from /home/airflow/.local/lib/python3.7/site-packages/airflow/example_dags/example_external_task_marker_dag.py
[2022-12-22T01:26:56.830+0000] {logging_mixin.py:137} INFO - [2022-12-22T01:26:56.830+0000] {dag.py:2676} INFO - Sync 2 DAGs
[2022-12-22T01:26:56.907+0000] {logging_mixin.py:137} INFO - [2022-12-22T01:26:56.906+0000] {dag.py:3427} INFO - Setting next_dagrun for example_external_task_marker_child to None, run_after=None
[2022-12-22T01:26:56.913+0000] {logging_mixin.py:137} INFO - [2022-12-22T01:26:56.913+0000] {dag.py:3427} INFO - Setting next_dagrun for example_external_task_marker_parent to None, run_after=None
[2022-12-22T01:26:56.938+0000] {processor.py:175} INFO - Processing /home/airflow/.local/lib/python3.7/site-packages/airflow/example_dags/example_external_task_marker_dag.py took 0.196 seconds
[2022-12-22T01:27:27.768+0000] {processor.py:153} INFO - Started process (PID=1420) to work on /home/airflow/.local/lib/python3.7/site-packages/airflow/example_dags/example_external_task_marker_dag.py
[2022-12-22T01:27:27.768+0000] {processor.py:743} INFO - Processing file /home/airflow/.local/lib/python3.7/site-packages/airflow/example_dags/example_external_task_marker_dag.py for tasks to queue
[2022-12-22T01:27:27.769+0000] {logging_mixin.py:137} INFO - [2022-12-22T01:27:27.769+0000] {dagbag.py:538} INFO - Filling up the DagBag from /home/airflow/.local/lib/python3.7/site-packages/airflow/example_dags/example_external_task_marker_dag.py
[2022-12-22T01:27:27.781+0000] {processor.py:753} INFO - DAG(s) dict_keys(['example_external_task_marker_child', 'example_external_task_marker_parent']) retrieved from /home/airflow/.local/lib/python3.7/site-packages/airflow/example_dags/example_external_task_marker_dag.py
[2022-12-22T01:27:27.830+0000] {logging_mixin.py:137} INFO - [2022-12-22T01:27:27.830+0000] {dag.py:2676} INFO - Sync 2 DAGs
[2022-12-22T01:27:27.857+0000] {logging_mixin.py:137} INFO - [2022-12-22T01:27:27.857+0000] {dag.py:3427} INFO - Setting next_dagrun for example_external_task_marker_child to None, run_after=None
[2022-12-22T01:27:27.861+0000] {logging_mixin.py:137} INFO - [2022-12-22T01:27:27.861+0000] {dag.py:3427} INFO - Setting next_dagrun for example_external_task_marker_parent to None, run_after=None
[2022-12-22T01:27:27.878+0000] {processor.py:175} INFO - Processing /home/airflow/.local/lib/python3.7/site-packages/airflow/example_dags/example_external_task_marker_dag.py took 0.113 seconds
[2022-12-22T01:27:58.184+0000] {processor.py:153} INFO - Started process (PID=1530) to work on /home/airflow/.local/lib/python3.7/site-packages/airflow/example_dags/example_external_task_marker_dag.py
[2022-12-22T01:27:58.185+0000] {processor.py:743} INFO - Processing file /home/airflow/.local/lib/python3.7/site-packages/airflow/example_dags/example_external_task_marker_dag.py for tasks to queue
[2022-12-22T01:27:58.185+0000] {logging_mixin.py:137} INFO - [2022-12-22T01:27:58.185+0000] {dagbag.py:538} INFO - Filling up the DagBag from /home/airflow/.local/lib/python3.7/site-packages/airflow/example_dags/example_external_task_marker_dag.py
[2022-12-22T01:27:58.198+0000] {processor.py:753} INFO - DAG(s) dict_keys(['example_external_task_marker_parent', 'example_external_task_marker_child']) retrieved from /home/airflow/.local/lib/python3.7/site-packages/airflow/example_dags/example_external_task_marker_dag.py
[2022-12-22T01:27:58.238+0000] {logging_mixin.py:137} INFO - [2022-12-22T01:27:58.238+0000] {dag.py:2676} INFO - Sync 2 DAGs
[2022-12-22T01:27:58.273+0000] {logging_mixin.py:137} INFO - [2022-12-22T01:27:58.273+0000] {dag.py:3427} INFO - Setting next_dagrun for example_external_task_marker_child to None, run_after=None
[2022-12-22T01:27:58.287+0000] {logging_mixin.py:137} INFO - [2022-12-22T01:27:58.287+0000] {dag.py:3427} INFO - Setting next_dagrun for example_external_task_marker_parent to None, run_after=None
[2022-12-22T01:27:58.307+0000] {processor.py:175} INFO - Processing /home/airflow/.local/lib/python3.7/site-packages/airflow/example_dags/example_external_task_marker_dag.py took 0.125 seconds
[2022-12-22T01:28:28.759+0000] {processor.py:153} INFO - Started process (PID=1616) to work on /home/airflow/.local/lib/python3.7/site-packages/airflow/example_dags/example_external_task_marker_dag.py
[2022-12-22T01:28:28.760+0000] {processor.py:743} INFO - Processing file /home/airflow/.local/lib/python3.7/site-packages/airflow/example_dags/example_external_task_marker_dag.py for tasks to queue
[2022-12-22T01:28:28.760+0000] {logging_mixin.py:137} INFO - [2022-12-22T01:28:28.760+0000] {dagbag.py:538} INFO - Filling up the DagBag from /home/airflow/.local/lib/python3.7/site-packages/airflow/example_dags/example_external_task_marker_dag.py
[2022-12-22T01:28:28.772+0000] {processor.py:753} INFO - DAG(s) dict_keys(['example_external_task_marker_parent', 'example_external_task_marker_child']) retrieved from /home/airflow/.local/lib/python3.7/site-packages/airflow/example_dags/example_external_task_marker_dag.py
[2022-12-22T01:28:28.808+0000] {logging_mixin.py:137} INFO - [2022-12-22T01:28:28.808+0000] {dag.py:2676} INFO - Sync 2 DAGs
[2022-12-22T01:28:28.832+0000] {logging_mixin.py:137} INFO - [2022-12-22T01:28:28.832+0000] {dag.py:3427} INFO - Setting next_dagrun for example_external_task_marker_child to None, run_after=None
[2022-12-22T01:28:28.836+0000] {logging_mixin.py:137} INFO - [2022-12-22T01:28:28.836+0000] {dag.py:3427} INFO - Setting next_dagrun for example_external_task_marker_parent to None, run_after=None
[2022-12-22T01:28:28.851+0000] {processor.py:175} INFO - Processing /home/airflow/.local/lib/python3.7/site-packages/airflow/example_dags/example_external_task_marker_dag.py took 0.094 seconds
[2022-12-22T01:28:59.186+0000] {processor.py:153} INFO - Started process (PID=1726) to work on /home/airflow/.local/lib/python3.7/site-packages/airflow/example_dags/example_external_task_marker_dag.py
[2022-12-22T01:28:59.187+0000] {processor.py:743} INFO - Processing file /home/airflow/.local/lib/python3.7/site-packages/airflow/example_dags/example_external_task_marker_dag.py for tasks to queue
[2022-12-22T01:28:59.187+0000] {logging_mixin.py:137} INFO - [2022-12-22T01:28:59.187+0000] {dagbag.py:538} INFO - Filling up the DagBag from /home/airflow/.local/lib/python3.7/site-packages/airflow/example_dags/example_external_task_marker_dag.py
[2022-12-22T01:28:59.201+0000] {processor.py:753} INFO - DAG(s) dict_keys(['example_external_task_marker_child', 'example_external_task_marker_parent']) retrieved from /home/airflow/.local/lib/python3.7/site-packages/airflow/example_dags/example_external_task_marker_dag.py
[2022-12-22T01:28:59.239+0000] {logging_mixin.py:137} INFO - [2022-12-22T01:28:59.239+0000] {dag.py:2676} INFO - Sync 2 DAGs
[2022-12-22T01:28:59.264+0000] {logging_mixin.py:137} INFO - [2022-12-22T01:28:59.264+0000] {dag.py:3427} INFO - Setting next_dagrun for example_external_task_marker_child to None, run_after=None
[2022-12-22T01:28:59.267+0000] {logging_mixin.py:137} INFO - [2022-12-22T01:28:59.267+0000] {dag.py:3427} INFO - Setting next_dagrun for example_external_task_marker_parent to None, run_after=None
[2022-12-22T01:28:59.289+0000] {processor.py:175} INFO - Processing /home/airflow/.local/lib/python3.7/site-packages/airflow/example_dags/example_external_task_marker_dag.py took 0.106 seconds
[2022-12-22T01:29:29.509+0000] {processor.py:153} INFO - Started process (PID=1813) to work on /home/airflow/.local/lib/python3.7/site-packages/airflow/example_dags/example_external_task_marker_dag.py
[2022-12-22T01:29:29.510+0000] {processor.py:743} INFO - Processing file /home/airflow/.local/lib/python3.7/site-packages/airflow/example_dags/example_external_task_marker_dag.py for tasks to queue
[2022-12-22T01:29:29.511+0000] {logging_mixin.py:137} INFO - [2022-12-22T01:29:29.511+0000] {dagbag.py:538} INFO - Filling up the DagBag from /home/airflow/.local/lib/python3.7/site-packages/airflow/example_dags/example_external_task_marker_dag.py
[2022-12-22T01:29:29.524+0000] {processor.py:753} INFO - DAG(s) dict_keys(['example_external_task_marker_child', 'example_external_task_marker_parent']) retrieved from /home/airflow/.local/lib/python3.7/site-packages/airflow/example_dags/example_external_task_marker_dag.py
[2022-12-22T01:29:29.561+0000] {logging_mixin.py:137} INFO - [2022-12-22T01:29:29.561+0000] {dag.py:2676} INFO - Sync 2 DAGs
[2022-12-22T01:29:29.585+0000] {logging_mixin.py:137} INFO - [2022-12-22T01:29:29.585+0000] {dag.py:3427} INFO - Setting next_dagrun for example_external_task_marker_child to None, run_after=None
[2022-12-22T01:29:29.593+0000] {logging_mixin.py:137} INFO - [2022-12-22T01:29:29.592+0000] {dag.py:3427} INFO - Setting next_dagrun for example_external_task_marker_parent to None, run_after=None
[2022-12-22T01:29:29.614+0000] {processor.py:175} INFO - Processing /home/airflow/.local/lib/python3.7/site-packages/airflow/example_dags/example_external_task_marker_dag.py took 0.107 seconds
[2022-12-22T01:30:00.420+0000] {processor.py:153} INFO - Started process (PID=1899) to work on /home/airflow/.local/lib/python3.7/site-packages/airflow/example_dags/example_external_task_marker_dag.py
[2022-12-22T01:30:00.421+0000] {processor.py:743} INFO - Processing file /home/airflow/.local/lib/python3.7/site-packages/airflow/example_dags/example_external_task_marker_dag.py for tasks to queue
[2022-12-22T01:30:00.422+0000] {logging_mixin.py:137} INFO - [2022-12-22T01:30:00.421+0000] {dagbag.py:538} INFO - Filling up the DagBag from /home/airflow/.local/lib/python3.7/site-packages/airflow/example_dags/example_external_task_marker_dag.py
[2022-12-22T01:30:00.437+0000] {processor.py:753} INFO - DAG(s) dict_keys(['example_external_task_marker_parent', 'example_external_task_marker_child']) retrieved from /home/airflow/.local/lib/python3.7/site-packages/airflow/example_dags/example_external_task_marker_dag.py
[2022-12-22T01:30:00.500+0000] {logging_mixin.py:137} INFO - [2022-12-22T01:30:00.500+0000] {dag.py:2676} INFO - Sync 2 DAGs
[2022-12-22T01:30:00.526+0000] {logging_mixin.py:137} INFO - [2022-12-22T01:30:00.526+0000] {dag.py:3427} INFO - Setting next_dagrun for example_external_task_marker_child to None, run_after=None
[2022-12-22T01:30:00.531+0000] {logging_mixin.py:137} INFO - [2022-12-22T01:30:00.531+0000] {dag.py:3427} INFO - Setting next_dagrun for example_external_task_marker_parent to None, run_after=None
[2022-12-22T01:30:00.547+0000] {processor.py:175} INFO - Processing /home/airflow/.local/lib/python3.7/site-packages/airflow/example_dags/example_external_task_marker_dag.py took 0.129 seconds
[2022-12-22T01:30:30.928+0000] {processor.py:153} INFO - Started process (PID=1986) to work on /home/airflow/.local/lib/python3.7/site-packages/airflow/example_dags/example_external_task_marker_dag.py
[2022-12-22T01:30:30.929+0000] {processor.py:743} INFO - Processing file /home/airflow/.local/lib/python3.7/site-packages/airflow/example_dags/example_external_task_marker_dag.py for tasks to queue
[2022-12-22T01:30:30.930+0000] {logging_mixin.py:137} INFO - [2022-12-22T01:30:30.929+0000] {dagbag.py:538} INFO - Filling up the DagBag from /home/airflow/.local/lib/python3.7/site-packages/airflow/example_dags/example_external_task_marker_dag.py
[2022-12-22T01:30:30.943+0000] {processor.py:753} INFO - DAG(s) dict_keys(['example_external_task_marker_parent', 'example_external_task_marker_child']) retrieved from /home/airflow/.local/lib/python3.7/site-packages/airflow/example_dags/example_external_task_marker_dag.py
[2022-12-22T01:30:31.006+0000] {logging_mixin.py:137} INFO - [2022-12-22T01:30:31.006+0000] {dag.py:2676} INFO - Sync 2 DAGs
[2022-12-22T01:30:31.035+0000] {logging_mixin.py:137} INFO - [2022-12-22T01:30:31.035+0000] {dag.py:3427} INFO - Setting next_dagrun for example_external_task_marker_child to None, run_after=None
[2022-12-22T01:30:31.038+0000] {logging_mixin.py:137} INFO - [2022-12-22T01:30:31.038+0000] {dag.py:3427} INFO - Setting next_dagrun for example_external_task_marker_parent to None, run_after=None
[2022-12-22T01:30:31.055+0000] {processor.py:175} INFO - Processing /home/airflow/.local/lib/python3.7/site-packages/airflow/example_dags/example_external_task_marker_dag.py took 0.130 seconds
[2022-12-22T01:31:01.224+0000] {processor.py:153} INFO - Started process (PID=2096) to work on /home/airflow/.local/lib/python3.7/site-packages/airflow/example_dags/example_external_task_marker_dag.py
[2022-12-22T01:31:01.224+0000] {processor.py:743} INFO - Processing file /home/airflow/.local/lib/python3.7/site-packages/airflow/example_dags/example_external_task_marker_dag.py for tasks to queue
[2022-12-22T01:31:01.225+0000] {logging_mixin.py:137} INFO - [2022-12-22T01:31:01.225+0000] {dagbag.py:538} INFO - Filling up the DagBag from /home/airflow/.local/lib/python3.7/site-packages/airflow/example_dags/example_external_task_marker_dag.py
[2022-12-22T01:31:01.239+0000] {processor.py:753} INFO - DAG(s) dict_keys(['example_external_task_marker_parent', 'example_external_task_marker_child']) retrieved from /home/airflow/.local/lib/python3.7/site-packages/airflow/example_dags/example_external_task_marker_dag.py
[2022-12-22T01:31:01.277+0000] {logging_mixin.py:137} INFO - [2022-12-22T01:31:01.277+0000] {dag.py:2676} INFO - Sync 2 DAGs
[2022-12-22T01:31:01.302+0000] {logging_mixin.py:137} INFO - [2022-12-22T01:31:01.301+0000] {dag.py:3427} INFO - Setting next_dagrun for example_external_task_marker_child to None, run_after=None
[2022-12-22T01:31:01.305+0000] {logging_mixin.py:137} INFO - [2022-12-22T01:31:01.304+0000] {dag.py:3427} INFO - Setting next_dagrun for example_external_task_marker_parent to None, run_after=None
[2022-12-22T01:31:01.319+0000] {processor.py:175} INFO - Processing /home/airflow/.local/lib/python3.7/site-packages/airflow/example_dags/example_external_task_marker_dag.py took 0.098 seconds
[2022-12-22T01:31:31.649+0000] {processor.py:153} INFO - Started process (PID=2181) to work on /home/airflow/.local/lib/python3.7/site-packages/airflow/example_dags/example_external_task_marker_dag.py
[2022-12-22T01:31:31.650+0000] {processor.py:743} INFO - Processing file /home/airflow/.local/lib/python3.7/site-packages/airflow/example_dags/example_external_task_marker_dag.py for tasks to queue
[2022-12-22T01:31:31.651+0000] {logging_mixin.py:137} INFO - [2022-12-22T01:31:31.651+0000] {dagbag.py:538} INFO - Filling up the DagBag from /home/airflow/.local/lib/python3.7/site-packages/airflow/example_dags/example_external_task_marker_dag.py
[2022-12-22T01:31:31.664+0000] {processor.py:753} INFO - DAG(s) dict_keys(['example_external_task_marker_parent', 'example_external_task_marker_child']) retrieved from /home/airflow/.local/lib/python3.7/site-packages/airflow/example_dags/example_external_task_marker_dag.py
[2022-12-22T01:31:31.700+0000] {logging_mixin.py:137} INFO - [2022-12-22T01:31:31.700+0000] {dag.py:2676} INFO - Sync 2 DAGs
[2022-12-22T01:31:31.724+0000] {logging_mixin.py:137} INFO - [2022-12-22T01:31:31.724+0000] {dag.py:3427} INFO - Setting next_dagrun for example_external_task_marker_child to None, run_after=None
[2022-12-22T01:31:31.727+0000] {logging_mixin.py:137} INFO - [2022-12-22T01:31:31.727+0000] {dag.py:3427} INFO - Setting next_dagrun for example_external_task_marker_parent to None, run_after=None
[2022-12-22T01:31:31.742+0000] {processor.py:175} INFO - Processing /home/airflow/.local/lib/python3.7/site-packages/airflow/example_dags/example_external_task_marker_dag.py took 0.096 seconds
[2022-12-22T01:32:02.484+0000] {processor.py:153} INFO - Started process (PID=2268) to work on /home/airflow/.local/lib/python3.7/site-packages/airflow/example_dags/example_external_task_marker_dag.py
[2022-12-22T01:32:02.484+0000] {processor.py:743} INFO - Processing file /home/airflow/.local/lib/python3.7/site-packages/airflow/example_dags/example_external_task_marker_dag.py for tasks to queue
[2022-12-22T01:32:02.485+0000] {logging_mixin.py:137} INFO - [2022-12-22T01:32:02.485+0000] {dagbag.py:538} INFO - Filling up the DagBag from /home/airflow/.local/lib/python3.7/site-packages/airflow/example_dags/example_external_task_marker_dag.py
[2022-12-22T01:32:02.498+0000] {processor.py:753} INFO - DAG(s) dict_keys(['example_external_task_marker_parent', 'example_external_task_marker_child']) retrieved from /home/airflow/.local/lib/python3.7/site-packages/airflow/example_dags/example_external_task_marker_dag.py
[2022-12-22T01:32:02.538+0000] {logging_mixin.py:137} INFO - [2022-12-22T01:32:02.537+0000] {dag.py:2676} INFO - Sync 2 DAGs
[2022-12-22T01:32:02.565+0000] {logging_mixin.py:137} INFO - [2022-12-22T01:32:02.565+0000] {dag.py:3427} INFO - Setting next_dagrun for example_external_task_marker_child to None, run_after=None
[2022-12-22T01:32:02.568+0000] {logging_mixin.py:137} INFO - [2022-12-22T01:32:02.568+0000] {dag.py:3427} INFO - Setting next_dagrun for example_external_task_marker_parent to None, run_after=None
[2022-12-22T01:32:02.593+0000] {processor.py:175} INFO - Processing /home/airflow/.local/lib/python3.7/site-packages/airflow/example_dags/example_external_task_marker_dag.py took 0.112 seconds
[2022-12-22T01:32:32.785+0000] {processor.py:153} INFO - Started process (PID=2378) to work on /home/airflow/.local/lib/python3.7/site-packages/airflow/example_dags/example_external_task_marker_dag.py
[2022-12-22T01:32:32.786+0000] {processor.py:743} INFO - Processing file /home/airflow/.local/lib/python3.7/site-packages/airflow/example_dags/example_external_task_marker_dag.py for tasks to queue
[2022-12-22T01:32:32.786+0000] {logging_mixin.py:137} INFO - [2022-12-22T01:32:32.786+0000] {dagbag.py:538} INFO - Filling up the DagBag from /home/airflow/.local/lib/python3.7/site-packages/airflow/example_dags/example_external_task_marker_dag.py
[2022-12-22T01:32:32.800+0000] {processor.py:753} INFO - DAG(s) dict_keys(['example_external_task_marker_parent', 'example_external_task_marker_child']) retrieved from /home/airflow/.local/lib/python3.7/site-packages/airflow/example_dags/example_external_task_marker_dag.py
[2022-12-22T01:32:32.839+0000] {logging_mixin.py:137} INFO - [2022-12-22T01:32:32.839+0000] {dag.py:2676} INFO - Sync 2 DAGs
[2022-12-22T01:32:32.870+0000] {logging_mixin.py:137} INFO - [2022-12-22T01:32:32.869+0000] {dag.py:3427} INFO - Setting next_dagrun for example_external_task_marker_child to None, run_after=None
[2022-12-22T01:32:32.874+0000] {logging_mixin.py:137} INFO - [2022-12-22T01:32:32.874+0000] {dag.py:3427} INFO - Setting next_dagrun for example_external_task_marker_parent to None, run_after=None
[2022-12-22T01:32:32.897+0000] {processor.py:175} INFO - Processing /home/airflow/.local/lib/python3.7/site-packages/airflow/example_dags/example_external_task_marker_dag.py took 0.115 seconds
[2022-12-22T01:33:07.993+0000] {processor.py:153} INFO - Started process (PID=2449) to work on /home/airflow/.local/lib/python3.7/site-packages/airflow/example_dags/example_external_task_marker_dag.py
[2022-12-22T01:33:07.994+0000] {processor.py:743} INFO - Processing file /home/airflow/.local/lib/python3.7/site-packages/airflow/example_dags/example_external_task_marker_dag.py for tasks to queue
[2022-12-22T01:33:07.995+0000] {logging_mixin.py:137} INFO - [2022-12-22T01:33:07.995+0000] {dagbag.py:538} INFO - Filling up the DagBag from /home/airflow/.local/lib/python3.7/site-packages/airflow/example_dags/example_external_task_marker_dag.py
[2022-12-22T01:33:08.090+0000] {processor.py:753} INFO - DAG(s) dict_keys(['example_external_task_marker_parent', 'example_external_task_marker_child']) retrieved from /home/airflow/.local/lib/python3.7/site-packages/airflow/example_dags/example_external_task_marker_dag.py
[2022-12-22T01:33:08.389+0000] {logging_mixin.py:137} INFO - [2022-12-22T01:33:08.389+0000] {dag.py:2676} INFO - Sync 2 DAGs
[2022-12-22T01:33:08.602+0000] {logging_mixin.py:137} INFO - [2022-12-22T01:33:08.602+0000] {dag.py:3427} INFO - Setting next_dagrun for example_external_task_marker_child to None, run_after=None
[2022-12-22T01:33:08.689+0000] {logging_mixin.py:137} INFO - [2022-12-22T01:33:08.689+0000] {dag.py:3427} INFO - Setting next_dagrun for example_external_task_marker_parent to None, run_after=None
[2022-12-22T01:33:08.791+0000] {processor.py:175} INFO - Processing /home/airflow/.local/lib/python3.7/site-packages/airflow/example_dags/example_external_task_marker_dag.py took 0.801 seconds
[2022-12-22T01:33:39.442+0000] {processor.py:153} INFO - Started process (PID=2550) to work on /home/airflow/.local/lib/python3.7/site-packages/airflow/example_dags/example_external_task_marker_dag.py
[2022-12-22T01:33:39.443+0000] {processor.py:743} INFO - Processing file /home/airflow/.local/lib/python3.7/site-packages/airflow/example_dags/example_external_task_marker_dag.py for tasks to queue
[2022-12-22T01:33:39.444+0000] {logging_mixin.py:137} INFO - [2022-12-22T01:33:39.443+0000] {dagbag.py:538} INFO - Filling up the DagBag from /home/airflow/.local/lib/python3.7/site-packages/airflow/example_dags/example_external_task_marker_dag.py
[2022-12-22T01:33:39.458+0000] {processor.py:753} INFO - DAG(s) dict_keys(['example_external_task_marker_parent', 'example_external_task_marker_child']) retrieved from /home/airflow/.local/lib/python3.7/site-packages/airflow/example_dags/example_external_task_marker_dag.py
[2022-12-22T01:33:39.499+0000] {logging_mixin.py:137} INFO - [2022-12-22T01:33:39.499+0000] {dag.py:2676} INFO - Sync 2 DAGs
[2022-12-22T01:33:39.530+0000] {logging_mixin.py:137} INFO - [2022-12-22T01:33:39.530+0000] {dag.py:3427} INFO - Setting next_dagrun for example_external_task_marker_child to None, run_after=None
[2022-12-22T01:33:39.536+0000] {logging_mixin.py:137} INFO - [2022-12-22T01:33:39.536+0000] {dag.py:3427} INFO - Setting next_dagrun for example_external_task_marker_parent to None, run_after=None
[2022-12-22T01:33:39.556+0000] {processor.py:175} INFO - Processing /home/airflow/.local/lib/python3.7/site-packages/airflow/example_dags/example_external_task_marker_dag.py took 0.117 seconds
[2022-12-22T01:34:10.453+0000] {processor.py:153} INFO - Started process (PID=2636) to work on /home/airflow/.local/lib/python3.7/site-packages/airflow/example_dags/example_external_task_marker_dag.py
[2022-12-22T01:34:10.454+0000] {processor.py:743} INFO - Processing file /home/airflow/.local/lib/python3.7/site-packages/airflow/example_dags/example_external_task_marker_dag.py for tasks to queue
[2022-12-22T01:34:10.455+0000] {logging_mixin.py:137} INFO - [2022-12-22T01:34:10.455+0000] {dagbag.py:538} INFO - Filling up the DagBag from /home/airflow/.local/lib/python3.7/site-packages/airflow/example_dags/example_external_task_marker_dag.py
[2022-12-22T01:34:10.468+0000] {processor.py:753} INFO - DAG(s) dict_keys(['example_external_task_marker_child', 'example_external_task_marker_parent']) retrieved from /home/airflow/.local/lib/python3.7/site-packages/airflow/example_dags/example_external_task_marker_dag.py
[2022-12-22T01:34:10.504+0000] {logging_mixin.py:137} INFO - [2022-12-22T01:34:10.504+0000] {dag.py:2676} INFO - Sync 2 DAGs
[2022-12-22T01:34:10.531+0000] {logging_mixin.py:137} INFO - [2022-12-22T01:34:10.531+0000] {dag.py:3427} INFO - Setting next_dagrun for example_external_task_marker_child to None, run_after=None
[2022-12-22T01:34:10.536+0000] {logging_mixin.py:137} INFO - [2022-12-22T01:34:10.536+0000] {dag.py:3427} INFO - Setting next_dagrun for example_external_task_marker_parent to None, run_after=None
[2022-12-22T01:34:10.552+0000] {processor.py:175} INFO - Processing /home/airflow/.local/lib/python3.7/site-packages/airflow/example_dags/example_external_task_marker_dag.py took 0.101 seconds
[2022-12-22T01:34:40.897+0000] {processor.py:153} INFO - Started process (PID=2722) to work on /home/airflow/.local/lib/python3.7/site-packages/airflow/example_dags/example_external_task_marker_dag.py
[2022-12-22T01:34:40.898+0000] {processor.py:743} INFO - Processing file /home/airflow/.local/lib/python3.7/site-packages/airflow/example_dags/example_external_task_marker_dag.py for tasks to queue
[2022-12-22T01:34:40.899+0000] {logging_mixin.py:137} INFO - [2022-12-22T01:34:40.899+0000] {dagbag.py:538} INFO - Filling up the DagBag from /home/airflow/.local/lib/python3.7/site-packages/airflow/example_dags/example_external_task_marker_dag.py
[2022-12-22T01:34:40.916+0000] {processor.py:753} INFO - DAG(s) dict_keys(['example_external_task_marker_child', 'example_external_task_marker_parent']) retrieved from /home/airflow/.local/lib/python3.7/site-packages/airflow/example_dags/example_external_task_marker_dag.py
[2022-12-22T01:34:40.965+0000] {logging_mixin.py:137} INFO - [2022-12-22T01:34:40.964+0000] {dag.py:2676} INFO - Sync 2 DAGs
[2022-12-22T01:34:40.999+0000] {logging_mixin.py:137} INFO - [2022-12-22T01:34:40.999+0000] {dag.py:3427} INFO - Setting next_dagrun for example_external_task_marker_child to None, run_after=None
[2022-12-22T01:34:41.003+0000] {logging_mixin.py:137} INFO - [2022-12-22T01:34:41.002+0000] {dag.py:3427} INFO - Setting next_dagrun for example_external_task_marker_parent to None, run_after=None
[2022-12-22T01:34:41.021+0000] {processor.py:175} INFO - Processing /home/airflow/.local/lib/python3.7/site-packages/airflow/example_dags/example_external_task_marker_dag.py took 0.127 seconds
[2022-12-22T01:35:11.535+0000] {processor.py:153} INFO - Started process (PID=2833) to work on /home/airflow/.local/lib/python3.7/site-packages/airflow/example_dags/example_external_task_marker_dag.py
[2022-12-22T01:35:11.536+0000] {processor.py:743} INFO - Processing file /home/airflow/.local/lib/python3.7/site-packages/airflow/example_dags/example_external_task_marker_dag.py for tasks to queue
[2022-12-22T01:35:11.536+0000] {logging_mixin.py:137} INFO - [2022-12-22T01:35:11.536+0000] {dagbag.py:538} INFO - Filling up the DagBag from /home/airflow/.local/lib/python3.7/site-packages/airflow/example_dags/example_external_task_marker_dag.py
[2022-12-22T01:35:11.550+0000] {processor.py:753} INFO - DAG(s) dict_keys(['example_external_task_marker_parent', 'example_external_task_marker_child']) retrieved from /home/airflow/.local/lib/python3.7/site-packages/airflow/example_dags/example_external_task_marker_dag.py
[2022-12-22T01:35:11.595+0000] {logging_mixin.py:137} INFO - [2022-12-22T01:35:11.595+0000] {dag.py:2676} INFO - Sync 2 DAGs
[2022-12-22T01:35:11.624+0000] {logging_mixin.py:137} INFO - [2022-12-22T01:35:11.624+0000] {dag.py:3427} INFO - Setting next_dagrun for example_external_task_marker_child to None, run_after=None
[2022-12-22T01:35:11.628+0000] {logging_mixin.py:137} INFO - [2022-12-22T01:35:11.628+0000] {dag.py:3427} INFO - Setting next_dagrun for example_external_task_marker_parent to None, run_after=None
[2022-12-22T01:35:11.644+0000] {processor.py:175} INFO - Processing /home/airflow/.local/lib/python3.7/site-packages/airflow/example_dags/example_external_task_marker_dag.py took 0.112 seconds
[2022-12-22T01:35:41.971+0000] {processor.py:153} INFO - Started process (PID=2919) to work on /home/airflow/.local/lib/python3.7/site-packages/airflow/example_dags/example_external_task_marker_dag.py
[2022-12-22T01:35:41.971+0000] {processor.py:743} INFO - Processing file /home/airflow/.local/lib/python3.7/site-packages/airflow/example_dags/example_external_task_marker_dag.py for tasks to queue
[2022-12-22T01:35:41.972+0000] {logging_mixin.py:137} INFO - [2022-12-22T01:35:41.972+0000] {dagbag.py:538} INFO - Filling up the DagBag from /home/airflow/.local/lib/python3.7/site-packages/airflow/example_dags/example_external_task_marker_dag.py
[2022-12-22T01:35:41.984+0000] {processor.py:753} INFO - DAG(s) dict_keys(['example_external_task_marker_child', 'example_external_task_marker_parent']) retrieved from /home/airflow/.local/lib/python3.7/site-packages/airflow/example_dags/example_external_task_marker_dag.py
[2022-12-22T01:35:42.021+0000] {logging_mixin.py:137} INFO - [2022-12-22T01:35:42.021+0000] {dag.py:2676} INFO - Sync 2 DAGs
[2022-12-22T01:35:42.047+0000] {logging_mixin.py:137} INFO - [2022-12-22T01:35:42.047+0000] {dag.py:3427} INFO - Setting next_dagrun for example_external_task_marker_child to None, run_after=None
[2022-12-22T01:35:42.050+0000] {logging_mixin.py:137} INFO - [2022-12-22T01:35:42.050+0000] {dag.py:3427} INFO - Setting next_dagrun for example_external_task_marker_parent to None, run_after=None
[2022-12-22T01:35:42.065+0000] {processor.py:175} INFO - Processing /home/airflow/.local/lib/python3.7/site-packages/airflow/example_dags/example_external_task_marker_dag.py took 0.097 seconds
[2022-12-22T01:36:12.402+0000] {processor.py:153} INFO - Started process (PID=3005) to work on /home/airflow/.local/lib/python3.7/site-packages/airflow/example_dags/example_external_task_marker_dag.py
[2022-12-22T01:36:12.403+0000] {processor.py:743} INFO - Processing file /home/airflow/.local/lib/python3.7/site-packages/airflow/example_dags/example_external_task_marker_dag.py for tasks to queue
[2022-12-22T01:36:12.404+0000] {logging_mixin.py:137} INFO - [2022-12-22T01:36:12.404+0000] {dagbag.py:538} INFO - Filling up the DagBag from /home/airflow/.local/lib/python3.7/site-packages/airflow/example_dags/example_external_task_marker_dag.py
[2022-12-22T01:36:12.417+0000] {processor.py:753} INFO - DAG(s) dict_keys(['example_external_task_marker_child', 'example_external_task_marker_parent']) retrieved from /home/airflow/.local/lib/python3.7/site-packages/airflow/example_dags/example_external_task_marker_dag.py
[2022-12-22T01:36:12.458+0000] {logging_mixin.py:137} INFO - [2022-12-22T01:36:12.458+0000] {dag.py:2676} INFO - Sync 2 DAGs
[2022-12-22T01:36:12.483+0000] {logging_mixin.py:137} INFO - [2022-12-22T01:36:12.482+0000] {dag.py:3427} INFO - Setting next_dagrun for example_external_task_marker_child to None, run_after=None
[2022-12-22T01:36:12.486+0000] {logging_mixin.py:137} INFO - [2022-12-22T01:36:12.486+0000] {dag.py:3427} INFO - Setting next_dagrun for example_external_task_marker_parent to None, run_after=None
[2022-12-22T01:36:12.501+0000] {processor.py:175} INFO - Processing /home/airflow/.local/lib/python3.7/site-packages/airflow/example_dags/example_external_task_marker_dag.py took 0.102 seconds
[2022-12-22T01:36:42.751+0000] {processor.py:153} INFO - Started process (PID=3115) to work on /home/airflow/.local/lib/python3.7/site-packages/airflow/example_dags/example_external_task_marker_dag.py
[2022-12-22T01:36:42.752+0000] {processor.py:743} INFO - Processing file /home/airflow/.local/lib/python3.7/site-packages/airflow/example_dags/example_external_task_marker_dag.py for tasks to queue
[2022-12-22T01:36:42.753+0000] {logging_mixin.py:137} INFO - [2022-12-22T01:36:42.752+0000] {dagbag.py:538} INFO - Filling up the DagBag from /home/airflow/.local/lib/python3.7/site-packages/airflow/example_dags/example_external_task_marker_dag.py
[2022-12-22T01:36:42.765+0000] {processor.py:753} INFO - DAG(s) dict_keys(['example_external_task_marker_child', 'example_external_task_marker_parent']) retrieved from /home/airflow/.local/lib/python3.7/site-packages/airflow/example_dags/example_external_task_marker_dag.py
[2022-12-22T01:36:42.800+0000] {logging_mixin.py:137} INFO - [2022-12-22T01:36:42.800+0000] {dag.py:2676} INFO - Sync 2 DAGs
[2022-12-22T01:36:42.824+0000] {logging_mixin.py:137} INFO - [2022-12-22T01:36:42.824+0000] {dag.py:3427} INFO - Setting next_dagrun for example_external_task_marker_child to None, run_after=None
[2022-12-22T01:36:42.827+0000] {logging_mixin.py:137} INFO - [2022-12-22T01:36:42.827+0000] {dag.py:3427} INFO - Setting next_dagrun for example_external_task_marker_parent to None, run_after=None
[2022-12-22T01:36:42.843+0000] {processor.py:175} INFO - Processing /home/airflow/.local/lib/python3.7/site-packages/airflow/example_dags/example_external_task_marker_dag.py took 0.094 seconds
[2022-12-22T01:37:13.042+0000] {processor.py:153} INFO - Started process (PID=3201) to work on /home/airflow/.local/lib/python3.7/site-packages/airflow/example_dags/example_external_task_marker_dag.py
[2022-12-22T01:37:13.043+0000] {processor.py:743} INFO - Processing file /home/airflow/.local/lib/python3.7/site-packages/airflow/example_dags/example_external_task_marker_dag.py for tasks to queue
[2022-12-22T01:37:13.044+0000] {logging_mixin.py:137} INFO - [2022-12-22T01:37:13.044+0000] {dagbag.py:538} INFO - Filling up the DagBag from /home/airflow/.local/lib/python3.7/site-packages/airflow/example_dags/example_external_task_marker_dag.py
[2022-12-22T01:37:13.058+0000] {processor.py:753} INFO - DAG(s) dict_keys(['example_external_task_marker_parent', 'example_external_task_marker_child']) retrieved from /home/airflow/.local/lib/python3.7/site-packages/airflow/example_dags/example_external_task_marker_dag.py
[2022-12-22T01:37:13.097+0000] {logging_mixin.py:137} INFO - [2022-12-22T01:37:13.097+0000] {dag.py:2676} INFO - Sync 2 DAGs
[2022-12-22T01:37:13.123+0000] {logging_mixin.py:137} INFO - [2022-12-22T01:37:13.122+0000] {dag.py:3427} INFO - Setting next_dagrun for example_external_task_marker_child to None, run_after=None
[2022-12-22T01:37:13.126+0000] {logging_mixin.py:137} INFO - [2022-12-22T01:37:13.126+0000] {dag.py:3427} INFO - Setting next_dagrun for example_external_task_marker_parent to None, run_after=None
[2022-12-22T01:37:13.144+0000] {processor.py:175} INFO - Processing /home/airflow/.local/lib/python3.7/site-packages/airflow/example_dags/example_external_task_marker_dag.py took 0.105 seconds
[2022-12-22T01:37:43.894+0000] {processor.py:153} INFO - Started process (PID=3296) to work on /home/airflow/.local/lib/python3.7/site-packages/airflow/example_dags/example_external_task_marker_dag.py
[2022-12-22T01:37:43.895+0000] {processor.py:743} INFO - Processing file /home/airflow/.local/lib/python3.7/site-packages/airflow/example_dags/example_external_task_marker_dag.py for tasks to queue
[2022-12-22T01:37:43.896+0000] {logging_mixin.py:137} INFO - [2022-12-22T01:37:43.896+0000] {dagbag.py:538} INFO - Filling up the DagBag from /home/airflow/.local/lib/python3.7/site-packages/airflow/example_dags/example_external_task_marker_dag.py
[2022-12-22T01:37:43.909+0000] {processor.py:753} INFO - DAG(s) dict_keys(['example_external_task_marker_parent', 'example_external_task_marker_child']) retrieved from /home/airflow/.local/lib/python3.7/site-packages/airflow/example_dags/example_external_task_marker_dag.py
[2022-12-22T01:37:43.950+0000] {logging_mixin.py:137} INFO - [2022-12-22T01:37:43.950+0000] {dag.py:2676} INFO - Sync 2 DAGs
[2022-12-22T01:37:43.977+0000] {logging_mixin.py:137} INFO - [2022-12-22T01:37:43.977+0000] {dag.py:3427} INFO - Setting next_dagrun for example_external_task_marker_child to None, run_after=None
[2022-12-22T01:37:43.981+0000] {logging_mixin.py:137} INFO - [2022-12-22T01:37:43.981+0000] {dag.py:3427} INFO - Setting next_dagrun for example_external_task_marker_parent to None, run_after=None
[2022-12-22T01:37:44.006+0000] {processor.py:175} INFO - Processing /home/airflow/.local/lib/python3.7/site-packages/airflow/example_dags/example_external_task_marker_dag.py took 0.115 seconds
[2022-12-22T01:38:14.304+0000] {processor.py:153} INFO - Started process (PID=3397) to work on /home/airflow/.local/lib/python3.7/site-packages/airflow/example_dags/example_external_task_marker_dag.py
[2022-12-22T01:38:14.304+0000] {processor.py:743} INFO - Processing file /home/airflow/.local/lib/python3.7/site-packages/airflow/example_dags/example_external_task_marker_dag.py for tasks to queue
[2022-12-22T01:38:14.305+0000] {logging_mixin.py:137} INFO - [2022-12-22T01:38:14.305+0000] {dagbag.py:538} INFO - Filling up the DagBag from /home/airflow/.local/lib/python3.7/site-packages/airflow/example_dags/example_external_task_marker_dag.py
[2022-12-22T01:38:14.317+0000] {processor.py:753} INFO - DAG(s) dict_keys(['example_external_task_marker_child', 'example_external_task_marker_parent']) retrieved from /home/airflow/.local/lib/python3.7/site-packages/airflow/example_dags/example_external_task_marker_dag.py
[2022-12-22T01:38:14.357+0000] {logging_mixin.py:137} INFO - [2022-12-22T01:38:14.356+0000] {dag.py:2676} INFO - Sync 2 DAGs
[2022-12-22T01:38:14.383+0000] {logging_mixin.py:137} INFO - [2022-12-22T01:38:14.383+0000] {dag.py:3427} INFO - Setting next_dagrun for example_external_task_marker_child to None, run_after=None
[2022-12-22T01:38:14.386+0000] {logging_mixin.py:137} INFO - [2022-12-22T01:38:14.386+0000] {dag.py:3427} INFO - Setting next_dagrun for example_external_task_marker_parent to None, run_after=None
[2022-12-22T01:38:14.403+0000] {processor.py:175} INFO - Processing /home/airflow/.local/lib/python3.7/site-packages/airflow/example_dags/example_external_task_marker_dag.py took 0.102 seconds
[2022-12-22T01:38:44.718+0000] {processor.py:153} INFO - Started process (PID=3483) to work on /home/airflow/.local/lib/python3.7/site-packages/airflow/example_dags/example_external_task_marker_dag.py
[2022-12-22T01:38:44.719+0000] {processor.py:743} INFO - Processing file /home/airflow/.local/lib/python3.7/site-packages/airflow/example_dags/example_external_task_marker_dag.py for tasks to queue
[2022-12-22T01:38:44.719+0000] {logging_mixin.py:137} INFO - [2022-12-22T01:38:44.719+0000] {dagbag.py:538} INFO - Filling up the DagBag from /home/airflow/.local/lib/python3.7/site-packages/airflow/example_dags/example_external_task_marker_dag.py
[2022-12-22T01:38:44.732+0000] {processor.py:753} INFO - DAG(s) dict_keys(['example_external_task_marker_child', 'example_external_task_marker_parent']) retrieved from /home/airflow/.local/lib/python3.7/site-packages/airflow/example_dags/example_external_task_marker_dag.py
[2022-12-22T01:38:44.776+0000] {logging_mixin.py:137} INFO - [2022-12-22T01:38:44.776+0000] {dag.py:2676} INFO - Sync 2 DAGs
[2022-12-22T01:38:44.813+0000] {logging_mixin.py:137} INFO - [2022-12-22T01:38:44.813+0000] {dag.py:3427} INFO - Setting next_dagrun for example_external_task_marker_child to None, run_after=None
[2022-12-22T01:38:44.817+0000] {logging_mixin.py:137} INFO - [2022-12-22T01:38:44.817+0000] {dag.py:3427} INFO - Setting next_dagrun for example_external_task_marker_parent to None, run_after=None
[2022-12-22T01:38:44.834+0000] {processor.py:175} INFO - Processing /home/airflow/.local/lib/python3.7/site-packages/airflow/example_dags/example_external_task_marker_dag.py took 0.119 seconds
[2022-12-22T01:39:15.104+0000] {processor.py:153} INFO - Started process (PID=3593) to work on /home/airflow/.local/lib/python3.7/site-packages/airflow/example_dags/example_external_task_marker_dag.py
[2022-12-22T01:39:15.105+0000] {processor.py:743} INFO - Processing file /home/airflow/.local/lib/python3.7/site-packages/airflow/example_dags/example_external_task_marker_dag.py for tasks to queue
[2022-12-22T01:39:15.106+0000] {logging_mixin.py:137} INFO - [2022-12-22T01:39:15.105+0000] {dagbag.py:538} INFO - Filling up the DagBag from /home/airflow/.local/lib/python3.7/site-packages/airflow/example_dags/example_external_task_marker_dag.py
[2022-12-22T01:39:15.118+0000] {processor.py:753} INFO - DAG(s) dict_keys(['example_external_task_marker_parent', 'example_external_task_marker_child']) retrieved from /home/airflow/.local/lib/python3.7/site-packages/airflow/example_dags/example_external_task_marker_dag.py
[2022-12-22T01:39:15.214+0000] {logging_mixin.py:137} INFO - [2022-12-22T01:39:15.214+0000] {dag.py:2676} INFO - Sync 2 DAGs
[2022-12-22T01:39:15.297+0000] {logging_mixin.py:137} INFO - [2022-12-22T01:39:15.296+0000] {dag.py:3427} INFO - Setting next_dagrun for example_external_task_marker_child to None, run_after=None
[2022-12-22T01:39:15.301+0000] {logging_mixin.py:137} INFO - [2022-12-22T01:39:15.300+0000] {dag.py:3427} INFO - Setting next_dagrun for example_external_task_marker_parent to None, run_after=None
[2022-12-22T01:39:15.320+0000] {processor.py:175} INFO - Processing /home/airflow/.local/lib/python3.7/site-packages/airflow/example_dags/example_external_task_marker_dag.py took 0.219 seconds
[2022-12-22T01:39:45.832+0000] {processor.py:153} INFO - Started process (PID=3679) to work on /home/airflow/.local/lib/python3.7/site-packages/airflow/example_dags/example_external_task_marker_dag.py
[2022-12-22T01:39:45.833+0000] {processor.py:743} INFO - Processing file /home/airflow/.local/lib/python3.7/site-packages/airflow/example_dags/example_external_task_marker_dag.py for tasks to queue
[2022-12-22T01:39:45.834+0000] {logging_mixin.py:137} INFO - [2022-12-22T01:39:45.834+0000] {dagbag.py:538} INFO - Filling up the DagBag from /home/airflow/.local/lib/python3.7/site-packages/airflow/example_dags/example_external_task_marker_dag.py
[2022-12-22T01:39:45.847+0000] {processor.py:753} INFO - DAG(s) dict_keys(['example_external_task_marker_parent', 'example_external_task_marker_child']) retrieved from /home/airflow/.local/lib/python3.7/site-packages/airflow/example_dags/example_external_task_marker_dag.py
[2022-12-22T01:39:45.906+0000] {logging_mixin.py:137} INFO - [2022-12-22T01:39:45.906+0000] {dag.py:2676} INFO - Sync 2 DAGs
[2022-12-22T01:39:45.935+0000] {logging_mixin.py:137} INFO - [2022-12-22T01:39:45.934+0000] {dag.py:3427} INFO - Setting next_dagrun for example_external_task_marker_child to None, run_after=None
[2022-12-22T01:39:45.938+0000] {logging_mixin.py:137} INFO - [2022-12-22T01:39:45.938+0000] {dag.py:3427} INFO - Setting next_dagrun for example_external_task_marker_parent to None, run_after=None
[2022-12-22T01:39:45.954+0000] {processor.py:175} INFO - Processing /home/airflow/.local/lib/python3.7/site-packages/airflow/example_dags/example_external_task_marker_dag.py took 0.125 seconds
[2022-12-22T01:40:16.762+0000] {processor.py:153} INFO - Started process (PID=3765) to work on /home/airflow/.local/lib/python3.7/site-packages/airflow/example_dags/example_external_task_marker_dag.py
[2022-12-22T01:40:16.763+0000] {processor.py:743} INFO - Processing file /home/airflow/.local/lib/python3.7/site-packages/airflow/example_dags/example_external_task_marker_dag.py for tasks to queue
[2022-12-22T01:40:16.764+0000] {logging_mixin.py:137} INFO - [2022-12-22T01:40:16.764+0000] {dagbag.py:538} INFO - Filling up the DagBag from /home/airflow/.local/lib/python3.7/site-packages/airflow/example_dags/example_external_task_marker_dag.py
[2022-12-22T01:40:16.777+0000] {processor.py:753} INFO - DAG(s) dict_keys(['example_external_task_marker_child', 'example_external_task_marker_parent']) retrieved from /home/airflow/.local/lib/python3.7/site-packages/airflow/example_dags/example_external_task_marker_dag.py
[2022-12-22T01:40:16.812+0000] {logging_mixin.py:137} INFO - [2022-12-22T01:40:16.812+0000] {dag.py:2676} INFO - Sync 2 DAGs
[2022-12-22T01:40:16.837+0000] {logging_mixin.py:137} INFO - [2022-12-22T01:40:16.837+0000] {dag.py:3427} INFO - Setting next_dagrun for example_external_task_marker_child to None, run_after=None
[2022-12-22T01:40:16.840+0000] {logging_mixin.py:137} INFO - [2022-12-22T01:40:16.840+0000] {dag.py:3427} INFO - Setting next_dagrun for example_external_task_marker_parent to None, run_after=None
[2022-12-22T01:40:16.855+0000] {processor.py:175} INFO - Processing /home/airflow/.local/lib/python3.7/site-packages/airflow/example_dags/example_external_task_marker_dag.py took 0.095 seconds
[2022-12-22T01:40:46.996+0000] {processor.py:153} INFO - Started process (PID=3851) to work on /home/airflow/.local/lib/python3.7/site-packages/airflow/example_dags/example_external_task_marker_dag.py
[2022-12-22T01:40:46.997+0000] {processor.py:743} INFO - Processing file /home/airflow/.local/lib/python3.7/site-packages/airflow/example_dags/example_external_task_marker_dag.py for tasks to queue
[2022-12-22T01:40:46.998+0000] {logging_mixin.py:137} INFO - [2022-12-22T01:40:46.997+0000] {dagbag.py:538} INFO - Filling up the DagBag from /home/airflow/.local/lib/python3.7/site-packages/airflow/example_dags/example_external_task_marker_dag.py
[2022-12-22T01:40:47.012+0000] {processor.py:753} INFO - DAG(s) dict_keys(['example_external_task_marker_child', 'example_external_task_marker_parent']) retrieved from /home/airflow/.local/lib/python3.7/site-packages/airflow/example_dags/example_external_task_marker_dag.py
[2022-12-22T01:40:47.050+0000] {logging_mixin.py:137} INFO - [2022-12-22T01:40:47.050+0000] {dag.py:2676} INFO - Sync 2 DAGs
[2022-12-22T01:40:47.075+0000] {logging_mixin.py:137} INFO - [2022-12-22T01:40:47.075+0000] {dag.py:3427} INFO - Setting next_dagrun for example_external_task_marker_child to None, run_after=None
[2022-12-22T01:40:47.078+0000] {logging_mixin.py:137} INFO - [2022-12-22T01:40:47.078+0000] {dag.py:3427} INFO - Setting next_dagrun for example_external_task_marker_parent to None, run_after=None
[2022-12-22T01:40:47.093+0000] {processor.py:175} INFO - Processing /home/airflow/.local/lib/python3.7/site-packages/airflow/example_dags/example_external_task_marker_dag.py took 0.100 seconds
[2022-12-22T01:41:17.617+0000] {processor.py:153} INFO - Started process (PID=3961) to work on /home/airflow/.local/lib/python3.7/site-packages/airflow/example_dags/example_external_task_marker_dag.py
[2022-12-22T01:41:17.618+0000] {processor.py:743} INFO - Processing file /home/airflow/.local/lib/python3.7/site-packages/airflow/example_dags/example_external_task_marker_dag.py for tasks to queue
[2022-12-22T01:41:17.618+0000] {logging_mixin.py:137} INFO - [2022-12-22T01:41:17.618+0000] {dagbag.py:538} INFO - Filling up the DagBag from /home/airflow/.local/lib/python3.7/site-packages/airflow/example_dags/example_external_task_marker_dag.py
[2022-12-22T01:41:17.633+0000] {processor.py:753} INFO - DAG(s) dict_keys(['example_external_task_marker_child', 'example_external_task_marker_parent']) retrieved from /home/airflow/.local/lib/python3.7/site-packages/airflow/example_dags/example_external_task_marker_dag.py
[2022-12-22T01:41:17.671+0000] {logging_mixin.py:137} INFO - [2022-12-22T01:41:17.671+0000] {dag.py:2676} INFO - Sync 2 DAGs
[2022-12-22T01:41:17.698+0000] {logging_mixin.py:137} INFO - [2022-12-22T01:41:17.698+0000] {dag.py:3427} INFO - Setting next_dagrun for example_external_task_marker_child to None, run_after=None
[2022-12-22T01:41:17.701+0000] {logging_mixin.py:137} INFO - [2022-12-22T01:41:17.701+0000] {dag.py:3427} INFO - Setting next_dagrun for example_external_task_marker_parent to None, run_after=None
[2022-12-22T01:41:17.718+0000] {processor.py:175} INFO - Processing /home/airflow/.local/lib/python3.7/site-packages/airflow/example_dags/example_external_task_marker_dag.py took 0.104 seconds
[2022-12-22T01:41:47.963+0000] {processor.py:153} INFO - Started process (PID=4047) to work on /home/airflow/.local/lib/python3.7/site-packages/airflow/example_dags/example_external_task_marker_dag.py
[2022-12-22T01:41:47.964+0000] {processor.py:743} INFO - Processing file /home/airflow/.local/lib/python3.7/site-packages/airflow/example_dags/example_external_task_marker_dag.py for tasks to queue
[2022-12-22T01:41:47.964+0000] {logging_mixin.py:137} INFO - [2022-12-22T01:41:47.964+0000] {dagbag.py:538} INFO - Filling up the DagBag from /home/airflow/.local/lib/python3.7/site-packages/airflow/example_dags/example_external_task_marker_dag.py
[2022-12-22T01:41:47.978+0000] {processor.py:753} INFO - DAG(s) dict_keys(['example_external_task_marker_child', 'example_external_task_marker_parent']) retrieved from /home/airflow/.local/lib/python3.7/site-packages/airflow/example_dags/example_external_task_marker_dag.py
[2022-12-22T01:41:48.019+0000] {logging_mixin.py:137} INFO - [2022-12-22T01:41:48.019+0000] {dag.py:2676} INFO - Sync 2 DAGs
[2022-12-22T01:41:48.043+0000] {logging_mixin.py:137} INFO - [2022-12-22T01:41:48.043+0000] {dag.py:3427} INFO - Setting next_dagrun for example_external_task_marker_child to None, run_after=None
[2022-12-22T01:41:48.046+0000] {logging_mixin.py:137} INFO - [2022-12-22T01:41:48.046+0000] {dag.py:3427} INFO - Setting next_dagrun for example_external_task_marker_parent to None, run_after=None
[2022-12-22T01:41:48.061+0000] {processor.py:175} INFO - Processing /home/airflow/.local/lib/python3.7/site-packages/airflow/example_dags/example_external_task_marker_dag.py took 0.100 seconds
[2022-12-22T01:42:18.650+0000] {processor.py:153} INFO - Started process (PID=4157) to work on /home/airflow/.local/lib/python3.7/site-packages/airflow/example_dags/example_external_task_marker_dag.py
[2022-12-22T01:42:18.651+0000] {processor.py:743} INFO - Processing file /home/airflow/.local/lib/python3.7/site-packages/airflow/example_dags/example_external_task_marker_dag.py for tasks to queue
[2022-12-22T01:42:18.652+0000] {logging_mixin.py:137} INFO - [2022-12-22T01:42:18.652+0000] {dagbag.py:538} INFO - Filling up the DagBag from /home/airflow/.local/lib/python3.7/site-packages/airflow/example_dags/example_external_task_marker_dag.py
[2022-12-22T01:42:18.664+0000] {processor.py:753} INFO - DAG(s) dict_keys(['example_external_task_marker_child', 'example_external_task_marker_parent']) retrieved from /home/airflow/.local/lib/python3.7/site-packages/airflow/example_dags/example_external_task_marker_dag.py
[2022-12-22T01:42:18.699+0000] {logging_mixin.py:137} INFO - [2022-12-22T01:42:18.699+0000] {dag.py:2676} INFO - Sync 2 DAGs
[2022-12-22T01:42:18.724+0000] {logging_mixin.py:137} INFO - [2022-12-22T01:42:18.724+0000] {dag.py:3427} INFO - Setting next_dagrun for example_external_task_marker_child to None, run_after=None
[2022-12-22T01:42:18.727+0000] {logging_mixin.py:137} INFO - [2022-12-22T01:42:18.727+0000] {dag.py:3427} INFO - Setting next_dagrun for example_external_task_marker_parent to None, run_after=None
[2022-12-22T01:42:18.741+0000] {processor.py:175} INFO - Processing /home/airflow/.local/lib/python3.7/site-packages/airflow/example_dags/example_external_task_marker_dag.py took 0.093 seconds
[2022-12-22T01:42:49.119+0000] {processor.py:153} INFO - Started process (PID=4243) to work on /home/airflow/.local/lib/python3.7/site-packages/airflow/example_dags/example_external_task_marker_dag.py
[2022-12-22T01:42:49.120+0000] {processor.py:743} INFO - Processing file /home/airflow/.local/lib/python3.7/site-packages/airflow/example_dags/example_external_task_marker_dag.py for tasks to queue
[2022-12-22T01:42:49.120+0000] {logging_mixin.py:137} INFO - [2022-12-22T01:42:49.120+0000] {dagbag.py:538} INFO - Filling up the DagBag from /home/airflow/.local/lib/python3.7/site-packages/airflow/example_dags/example_external_task_marker_dag.py
[2022-12-22T01:42:49.134+0000] {processor.py:753} INFO - DAG(s) dict_keys(['example_external_task_marker_parent', 'example_external_task_marker_child']) retrieved from /home/airflow/.local/lib/python3.7/site-packages/airflow/example_dags/example_external_task_marker_dag.py
[2022-12-22T01:42:49.195+0000] {logging_mixin.py:137} INFO - [2022-12-22T01:42:49.195+0000] {dag.py:2676} INFO - Sync 2 DAGs
[2022-12-22T01:42:49.220+0000] {logging_mixin.py:137} INFO - [2022-12-22T01:42:49.219+0000] {dag.py:3427} INFO - Setting next_dagrun for example_external_task_marker_child to None, run_after=None
[2022-12-22T01:42:49.223+0000] {logging_mixin.py:137} INFO - [2022-12-22T01:42:49.223+0000] {dag.py:3427} INFO - Setting next_dagrun for example_external_task_marker_parent to None, run_after=None
[2022-12-22T01:42:49.238+0000] {processor.py:175} INFO - Processing /home/airflow/.local/lib/python3.7/site-packages/airflow/example_dags/example_external_task_marker_dag.py took 0.122 seconds
[2022-12-22T01:43:19.960+0000] {processor.py:153} INFO - Started process (PID=4338) to work on /home/airflow/.local/lib/python3.7/site-packages/airflow/example_dags/example_external_task_marker_dag.py
[2022-12-22T01:43:19.961+0000] {processor.py:743} INFO - Processing file /home/airflow/.local/lib/python3.7/site-packages/airflow/example_dags/example_external_task_marker_dag.py for tasks to queue
[2022-12-22T01:43:19.962+0000] {logging_mixin.py:137} INFO - [2022-12-22T01:43:19.962+0000] {dagbag.py:538} INFO - Filling up the DagBag from /home/airflow/.local/lib/python3.7/site-packages/airflow/example_dags/example_external_task_marker_dag.py
[2022-12-22T01:43:19.975+0000] {processor.py:753} INFO - DAG(s) dict_keys(['example_external_task_marker_child', 'example_external_task_marker_parent']) retrieved from /home/airflow/.local/lib/python3.7/site-packages/airflow/example_dags/example_external_task_marker_dag.py
[2022-12-22T01:43:20.029+0000] {logging_mixin.py:137} INFO - [2022-12-22T01:43:20.028+0000] {dag.py:2676} INFO - Sync 2 DAGs
[2022-12-22T01:43:20.057+0000] {logging_mixin.py:137} INFO - [2022-12-22T01:43:20.057+0000] {dag.py:3427} INFO - Setting next_dagrun for example_external_task_marker_child to None, run_after=None
[2022-12-22T01:43:20.060+0000] {logging_mixin.py:137} INFO - [2022-12-22T01:43:20.060+0000] {dag.py:3427} INFO - Setting next_dagrun for example_external_task_marker_parent to None, run_after=None
[2022-12-22T01:43:20.077+0000] {processor.py:175} INFO - Processing /home/airflow/.local/lib/python3.7/site-packages/airflow/example_dags/example_external_task_marker_dag.py took 0.119 seconds
[2022-12-22T01:43:50.622+0000] {processor.py:153} INFO - Started process (PID=4439) to work on /home/airflow/.local/lib/python3.7/site-packages/airflow/example_dags/example_external_task_marker_dag.py
[2022-12-22T01:43:50.623+0000] {processor.py:743} INFO - Processing file /home/airflow/.local/lib/python3.7/site-packages/airflow/example_dags/example_external_task_marker_dag.py for tasks to queue
[2022-12-22T01:43:50.623+0000] {logging_mixin.py:137} INFO - [2022-12-22T01:43:50.623+0000] {dagbag.py:538} INFO - Filling up the DagBag from /home/airflow/.local/lib/python3.7/site-packages/airflow/example_dags/example_external_task_marker_dag.py
[2022-12-22T01:43:50.635+0000] {processor.py:753} INFO - DAG(s) dict_keys(['example_external_task_marker_parent', 'example_external_task_marker_child']) retrieved from /home/airflow/.local/lib/python3.7/site-packages/airflow/example_dags/example_external_task_marker_dag.py
[2022-12-22T01:43:50.672+0000] {logging_mixin.py:137} INFO - [2022-12-22T01:43:50.672+0000] {dag.py:2676} INFO - Sync 2 DAGs
[2022-12-22T01:43:50.696+0000] {logging_mixin.py:137} INFO - [2022-12-22T01:43:50.695+0000] {dag.py:3427} INFO - Setting next_dagrun for example_external_task_marker_child to None, run_after=None
[2022-12-22T01:43:50.699+0000] {logging_mixin.py:137} INFO - [2022-12-22T01:43:50.699+0000] {dag.py:3427} INFO - Setting next_dagrun for example_external_task_marker_parent to None, run_after=None
[2022-12-22T01:43:50.714+0000] {processor.py:175} INFO - Processing /home/airflow/.local/lib/python3.7/site-packages/airflow/example_dags/example_external_task_marker_dag.py took 0.094 seconds
[2022-12-22T01:44:21.146+0000] {processor.py:153} INFO - Started process (PID=4525) to work on /home/airflow/.local/lib/python3.7/site-packages/airflow/example_dags/example_external_task_marker_dag.py
[2022-12-22T01:44:21.147+0000] {processor.py:743} INFO - Processing file /home/airflow/.local/lib/python3.7/site-packages/airflow/example_dags/example_external_task_marker_dag.py for tasks to queue
[2022-12-22T01:44:21.148+0000] {logging_mixin.py:137} INFO - [2022-12-22T01:44:21.148+0000] {dagbag.py:538} INFO - Filling up the DagBag from /home/airflow/.local/lib/python3.7/site-packages/airflow/example_dags/example_external_task_marker_dag.py
[2022-12-22T01:44:21.162+0000] {processor.py:753} INFO - DAG(s) dict_keys(['example_external_task_marker_child', 'example_external_task_marker_parent']) retrieved from /home/airflow/.local/lib/python3.7/site-packages/airflow/example_dags/example_external_task_marker_dag.py
[2022-12-22T01:44:21.199+0000] {logging_mixin.py:137} INFO - [2022-12-22T01:44:21.199+0000] {dag.py:2676} INFO - Sync 2 DAGs
[2022-12-22T01:44:21.223+0000] {logging_mixin.py:137} INFO - [2022-12-22T01:44:21.223+0000] {dag.py:3427} INFO - Setting next_dagrun for example_external_task_marker_child to None, run_after=None
[2022-12-22T01:44:21.227+0000] {logging_mixin.py:137} INFO - [2022-12-22T01:44:21.227+0000] {dag.py:3427} INFO - Setting next_dagrun for example_external_task_marker_parent to None, run_after=None
[2022-12-22T01:44:21.243+0000] {processor.py:175} INFO - Processing /home/airflow/.local/lib/python3.7/site-packages/airflow/example_dags/example_external_task_marker_dag.py took 0.100 seconds
[2022-12-22T01:44:52.014+0000] {processor.py:153} INFO - Started process (PID=4635) to work on /home/airflow/.local/lib/python3.7/site-packages/airflow/example_dags/example_external_task_marker_dag.py
[2022-12-22T01:44:52.015+0000] {processor.py:743} INFO - Processing file /home/airflow/.local/lib/python3.7/site-packages/airflow/example_dags/example_external_task_marker_dag.py for tasks to queue
[2022-12-22T01:44:52.016+0000] {logging_mixin.py:137} INFO - [2022-12-22T01:44:52.016+0000] {dagbag.py:538} INFO - Filling up the DagBag from /home/airflow/.local/lib/python3.7/site-packages/airflow/example_dags/example_external_task_marker_dag.py
[2022-12-22T01:44:52.087+0000] {processor.py:753} INFO - DAG(s) dict_keys(['example_external_task_marker_child', 'example_external_task_marker_parent']) retrieved from /home/airflow/.local/lib/python3.7/site-packages/airflow/example_dags/example_external_task_marker_dag.py
[2022-12-22T01:44:52.127+0000] {logging_mixin.py:137} INFO - [2022-12-22T01:44:52.127+0000] {dag.py:2676} INFO - Sync 2 DAGs
[2022-12-22T01:44:52.207+0000] {logging_mixin.py:137} INFO - [2022-12-22T01:44:52.207+0000] {dag.py:3427} INFO - Setting next_dagrun for example_external_task_marker_child to None, run_after=None
[2022-12-22T01:44:52.212+0000] {logging_mixin.py:137} INFO - [2022-12-22T01:44:52.211+0000] {dag.py:3427} INFO - Setting next_dagrun for example_external_task_marker_parent to None, run_after=None
[2022-12-22T01:44:52.288+0000] {processor.py:175} INFO - Processing /home/airflow/.local/lib/python3.7/site-packages/airflow/example_dags/example_external_task_marker_dag.py took 0.277 seconds
[2022-12-22T01:45:22.600+0000] {processor.py:153} INFO - Started process (PID=4721) to work on /home/airflow/.local/lib/python3.7/site-packages/airflow/example_dags/example_external_task_marker_dag.py
[2022-12-22T01:45:22.600+0000] {processor.py:743} INFO - Processing file /home/airflow/.local/lib/python3.7/site-packages/airflow/example_dags/example_external_task_marker_dag.py for tasks to queue
[2022-12-22T01:45:22.601+0000] {logging_mixin.py:137} INFO - [2022-12-22T01:45:22.601+0000] {dagbag.py:538} INFO - Filling up the DagBag from /home/airflow/.local/lib/python3.7/site-packages/airflow/example_dags/example_external_task_marker_dag.py
[2022-12-22T01:45:22.614+0000] {processor.py:753} INFO - DAG(s) dict_keys(['example_external_task_marker_child', 'example_external_task_marker_parent']) retrieved from /home/airflow/.local/lib/python3.7/site-packages/airflow/example_dags/example_external_task_marker_dag.py
[2022-12-22T01:45:22.651+0000] {logging_mixin.py:137} INFO - [2022-12-22T01:45:22.650+0000] {dag.py:2676} INFO - Sync 2 DAGs
[2022-12-22T01:45:22.675+0000] {logging_mixin.py:137} INFO - [2022-12-22T01:45:22.675+0000] {dag.py:3427} INFO - Setting next_dagrun for example_external_task_marker_child to None, run_after=None
[2022-12-22T01:45:22.679+0000] {logging_mixin.py:137} INFO - [2022-12-22T01:45:22.679+0000] {dag.py:3427} INFO - Setting next_dagrun for example_external_task_marker_parent to None, run_after=None
[2022-12-22T01:45:22.695+0000] {processor.py:175} INFO - Processing /home/airflow/.local/lib/python3.7/site-packages/airflow/example_dags/example_external_task_marker_dag.py took 0.098 seconds
[2022-12-22T01:45:52.890+0000] {processor.py:153} INFO - Started process (PID=4807) to work on /home/airflow/.local/lib/python3.7/site-packages/airflow/example_dags/example_external_task_marker_dag.py
[2022-12-22T01:45:52.891+0000] {processor.py:743} INFO - Processing file /home/airflow/.local/lib/python3.7/site-packages/airflow/example_dags/example_external_task_marker_dag.py for tasks to queue
[2022-12-22T01:45:52.891+0000] {logging_mixin.py:137} INFO - [2022-12-22T01:45:52.891+0000] {dagbag.py:538} INFO - Filling up the DagBag from /home/airflow/.local/lib/python3.7/site-packages/airflow/example_dags/example_external_task_marker_dag.py
[2022-12-22T01:45:52.904+0000] {processor.py:753} INFO - DAG(s) dict_keys(['example_external_task_marker_child', 'example_external_task_marker_parent']) retrieved from /home/airflow/.local/lib/python3.7/site-packages/airflow/example_dags/example_external_task_marker_dag.py
[2022-12-22T01:45:52.942+0000] {logging_mixin.py:137} INFO - [2022-12-22T01:45:52.942+0000] {dag.py:2676} INFO - Sync 2 DAGs
[2022-12-22T01:45:52.967+0000] {logging_mixin.py:137} INFO - [2022-12-22T01:45:52.967+0000] {dag.py:3427} INFO - Setting next_dagrun for example_external_task_marker_child to None, run_after=None
[2022-12-22T01:45:52.988+0000] {logging_mixin.py:137} INFO - [2022-12-22T01:45:52.988+0000] {dag.py:3427} INFO - Setting next_dagrun for example_external_task_marker_parent to None, run_after=None
[2022-12-22T01:45:53.005+0000] {processor.py:175} INFO - Processing /home/airflow/.local/lib/python3.7/site-packages/airflow/example_dags/example_external_task_marker_dag.py took 0.118 seconds
[2022-12-22T01:46:24.053+0000] {processor.py:153} INFO - Started process (PID=4893) to work on /home/airflow/.local/lib/python3.7/site-packages/airflow/example_dags/example_external_task_marker_dag.py
[2022-12-22T01:46:24.054+0000] {processor.py:743} INFO - Processing file /home/airflow/.local/lib/python3.7/site-packages/airflow/example_dags/example_external_task_marker_dag.py for tasks to queue
[2022-12-22T01:46:24.054+0000] {logging_mixin.py:137} INFO - [2022-12-22T01:46:24.054+0000] {dagbag.py:538} INFO - Filling up the DagBag from /home/airflow/.local/lib/python3.7/site-packages/airflow/example_dags/example_external_task_marker_dag.py
[2022-12-22T01:46:24.067+0000] {processor.py:753} INFO - DAG(s) dict_keys(['example_external_task_marker_child', 'example_external_task_marker_parent']) retrieved from /home/airflow/.local/lib/python3.7/site-packages/airflow/example_dags/example_external_task_marker_dag.py
[2022-12-22T01:46:24.110+0000] {logging_mixin.py:137} INFO - [2022-12-22T01:46:24.110+0000] {dag.py:2676} INFO - Sync 2 DAGs
[2022-12-22T01:46:24.138+0000] {logging_mixin.py:137} INFO - [2022-12-22T01:46:24.137+0000] {dag.py:3427} INFO - Setting next_dagrun for example_external_task_marker_child to None, run_after=None
[2022-12-22T01:46:24.141+0000] {logging_mixin.py:137} INFO - [2022-12-22T01:46:24.141+0000] {dag.py:3427} INFO - Setting next_dagrun for example_external_task_marker_parent to None, run_after=None
[2022-12-22T01:46:24.158+0000] {processor.py:175} INFO - Processing /home/airflow/.local/lib/python3.7/site-packages/airflow/example_dags/example_external_task_marker_dag.py took 0.108 seconds
[2022-12-22T01:46:54.870+0000] {processor.py:153} INFO - Started process (PID=5003) to work on /home/airflow/.local/lib/python3.7/site-packages/airflow/example_dags/example_external_task_marker_dag.py
[2022-12-22T01:46:54.871+0000] {processor.py:743} INFO - Processing file /home/airflow/.local/lib/python3.7/site-packages/airflow/example_dags/example_external_task_marker_dag.py for tasks to queue
[2022-12-22T01:46:54.871+0000] {logging_mixin.py:137} INFO - [2022-12-22T01:46:54.871+0000] {dagbag.py:538} INFO - Filling up the DagBag from /home/airflow/.local/lib/python3.7/site-packages/airflow/example_dags/example_external_task_marker_dag.py
[2022-12-22T01:46:54.883+0000] {processor.py:753} INFO - DAG(s) dict_keys(['example_external_task_marker_parent', 'example_external_task_marker_child']) retrieved from /home/airflow/.local/lib/python3.7/site-packages/airflow/example_dags/example_external_task_marker_dag.py
[2022-12-22T01:46:54.920+0000] {logging_mixin.py:137} INFO - [2022-12-22T01:46:54.920+0000] {dag.py:2676} INFO - Sync 2 DAGs
[2022-12-22T01:46:54.944+0000] {logging_mixin.py:137} INFO - [2022-12-22T01:46:54.944+0000] {dag.py:3427} INFO - Setting next_dagrun for example_external_task_marker_child to None, run_after=None
[2022-12-22T01:46:54.947+0000] {logging_mixin.py:137} INFO - [2022-12-22T01:46:54.947+0000] {dag.py:3427} INFO - Setting next_dagrun for example_external_task_marker_parent to None, run_after=None
[2022-12-22T01:46:54.963+0000] {processor.py:175} INFO - Processing /home/airflow/.local/lib/python3.7/site-packages/airflow/example_dags/example_external_task_marker_dag.py took 0.096 seconds
[2022-12-22T01:47:25.931+0000] {processor.py:153} INFO - Started process (PID=5089) to work on /home/airflow/.local/lib/python3.7/site-packages/airflow/example_dags/example_external_task_marker_dag.py
[2022-12-22T01:47:25.931+0000] {processor.py:743} INFO - Processing file /home/airflow/.local/lib/python3.7/site-packages/airflow/example_dags/example_external_task_marker_dag.py for tasks to queue
[2022-12-22T01:47:25.932+0000] {logging_mixin.py:137} INFO - [2022-12-22T01:47:25.932+0000] {dagbag.py:538} INFO - Filling up the DagBag from /home/airflow/.local/lib/python3.7/site-packages/airflow/example_dags/example_external_task_marker_dag.py
[2022-12-22T01:47:25.944+0000] {processor.py:753} INFO - DAG(s) dict_keys(['example_external_task_marker_child', 'example_external_task_marker_parent']) retrieved from /home/airflow/.local/lib/python3.7/site-packages/airflow/example_dags/example_external_task_marker_dag.py
[2022-12-22T01:47:25.979+0000] {logging_mixin.py:137} INFO - [2022-12-22T01:47:25.979+0000] {dag.py:2676} INFO - Sync 2 DAGs
[2022-12-22T01:47:26.004+0000] {logging_mixin.py:137} INFO - [2022-12-22T01:47:26.004+0000] {dag.py:3427} INFO - Setting next_dagrun for example_external_task_marker_child to None, run_after=None
[2022-12-22T01:47:26.007+0000] {logging_mixin.py:137} INFO - [2022-12-22T01:47:26.007+0000] {dag.py:3427} INFO - Setting next_dagrun for example_external_task_marker_parent to None, run_after=None
[2022-12-22T01:47:26.023+0000] {processor.py:175} INFO - Processing /home/airflow/.local/lib/python3.7/site-packages/airflow/example_dags/example_external_task_marker_dag.py took 0.095 seconds
[2022-12-22T01:47:56.831+0000] {processor.py:153} INFO - Started process (PID=5199) to work on /home/airflow/.local/lib/python3.7/site-packages/airflow/example_dags/example_external_task_marker_dag.py
[2022-12-22T01:47:56.832+0000] {processor.py:743} INFO - Processing file /home/airflow/.local/lib/python3.7/site-packages/airflow/example_dags/example_external_task_marker_dag.py for tasks to queue
[2022-12-22T01:47:56.832+0000] {logging_mixin.py:137} INFO - [2022-12-22T01:47:56.832+0000] {dagbag.py:538} INFO - Filling up the DagBag from /home/airflow/.local/lib/python3.7/site-packages/airflow/example_dags/example_external_task_marker_dag.py
[2022-12-22T01:47:56.844+0000] {processor.py:753} INFO - DAG(s) dict_keys(['example_external_task_marker_child', 'example_external_task_marker_parent']) retrieved from /home/airflow/.local/lib/python3.7/site-packages/airflow/example_dags/example_external_task_marker_dag.py
[2022-12-22T01:47:56.879+0000] {logging_mixin.py:137} INFO - [2022-12-22T01:47:56.879+0000] {dag.py:2676} INFO - Sync 2 DAGs
[2022-12-22T01:47:56.901+0000] {logging_mixin.py:137} INFO - [2022-12-22T01:47:56.901+0000] {dag.py:3427} INFO - Setting next_dagrun for example_external_task_marker_child to None, run_after=None
[2022-12-22T01:47:56.905+0000] {logging_mixin.py:137} INFO - [2022-12-22T01:47:56.904+0000] {dag.py:3427} INFO - Setting next_dagrun for example_external_task_marker_parent to None, run_after=None
[2022-12-22T01:47:56.921+0000] {processor.py:175} INFO - Processing /home/airflow/.local/lib/python3.7/site-packages/airflow/example_dags/example_external_task_marker_dag.py took 0.092 seconds
[2022-12-22T01:48:27.721+0000] {processor.py:153} INFO - Started process (PID=5285) to work on /home/airflow/.local/lib/python3.7/site-packages/airflow/example_dags/example_external_task_marker_dag.py
[2022-12-22T01:48:27.722+0000] {processor.py:743} INFO - Processing file /home/airflow/.local/lib/python3.7/site-packages/airflow/example_dags/example_external_task_marker_dag.py for tasks to queue
[2022-12-22T01:48:27.722+0000] {logging_mixin.py:137} INFO - [2022-12-22T01:48:27.722+0000] {dagbag.py:538} INFO - Filling up the DagBag from /home/airflow/.local/lib/python3.7/site-packages/airflow/example_dags/example_external_task_marker_dag.py
[2022-12-22T01:48:27.735+0000] {processor.py:753} INFO - DAG(s) dict_keys(['example_external_task_marker_parent', 'example_external_task_marker_child']) retrieved from /home/airflow/.local/lib/python3.7/site-packages/airflow/example_dags/example_external_task_marker_dag.py
[2022-12-22T01:48:27.812+0000] {logging_mixin.py:137} INFO - [2022-12-22T01:48:27.812+0000] {dag.py:2676} INFO - Sync 2 DAGs
[2022-12-22T01:48:27.891+0000] {logging_mixin.py:137} INFO - [2022-12-22T01:48:27.891+0000] {dag.py:3427} INFO - Setting next_dagrun for example_external_task_marker_child to None, run_after=None
[2022-12-22T01:48:27.894+0000] {logging_mixin.py:137} INFO - [2022-12-22T01:48:27.894+0000] {dag.py:3427} INFO - Setting next_dagrun for example_external_task_marker_parent to None, run_after=None
[2022-12-22T01:48:27.911+0000] {processor.py:175} INFO - Processing /home/airflow/.local/lib/python3.7/site-packages/airflow/example_dags/example_external_task_marker_dag.py took 0.192 seconds
[2022-12-22T01:48:58.609+0000] {processor.py:153} INFO - Started process (PID=5371) to work on /home/airflow/.local/lib/python3.7/site-packages/airflow/example_dags/example_external_task_marker_dag.py
[2022-12-22T01:48:58.610+0000] {processor.py:743} INFO - Processing file /home/airflow/.local/lib/python3.7/site-packages/airflow/example_dags/example_external_task_marker_dag.py for tasks to queue
[2022-12-22T01:48:58.610+0000] {logging_mixin.py:137} INFO - [2022-12-22T01:48:58.610+0000] {dagbag.py:538} INFO - Filling up the DagBag from /home/airflow/.local/lib/python3.7/site-packages/airflow/example_dags/example_external_task_marker_dag.py
[2022-12-22T01:48:58.624+0000] {processor.py:753} INFO - DAG(s) dict_keys(['example_external_task_marker_parent', 'example_external_task_marker_child']) retrieved from /home/airflow/.local/lib/python3.7/site-packages/airflow/example_dags/example_external_task_marker_dag.py
[2022-12-22T01:48:58.662+0000] {logging_mixin.py:137} INFO - [2022-12-22T01:48:58.662+0000] {dag.py:2676} INFO - Sync 2 DAGs
[2022-12-22T01:48:58.686+0000] {logging_mixin.py:137} INFO - [2022-12-22T01:48:58.686+0000] {dag.py:3427} INFO - Setting next_dagrun for example_external_task_marker_child to None, run_after=None
[2022-12-22T01:48:58.690+0000] {logging_mixin.py:137} INFO - [2022-12-22T01:48:58.689+0000] {dag.py:3427} INFO - Setting next_dagrun for example_external_task_marker_parent to None, run_after=None
[2022-12-22T01:48:58.705+0000] {processor.py:175} INFO - Processing /home/airflow/.local/lib/python3.7/site-packages/airflow/example_dags/example_external_task_marker_dag.py took 0.099 seconds
[2022-12-22T01:49:28.854+0000] {processor.py:153} INFO - Started process (PID=5481) to work on /home/airflow/.local/lib/python3.7/site-packages/airflow/example_dags/example_external_task_marker_dag.py
[2022-12-22T01:49:28.855+0000] {processor.py:743} INFO - Processing file /home/airflow/.local/lib/python3.7/site-packages/airflow/example_dags/example_external_task_marker_dag.py for tasks to queue
[2022-12-22T01:49:28.856+0000] {logging_mixin.py:137} INFO - [2022-12-22T01:49:28.856+0000] {dagbag.py:538} INFO - Filling up the DagBag from /home/airflow/.local/lib/python3.7/site-packages/airflow/example_dags/example_external_task_marker_dag.py
[2022-12-22T01:49:28.870+0000] {processor.py:753} INFO - DAG(s) dict_keys(['example_external_task_marker_parent', 'example_external_task_marker_child']) retrieved from /home/airflow/.local/lib/python3.7/site-packages/airflow/example_dags/example_external_task_marker_dag.py
[2022-12-22T01:49:28.929+0000] {logging_mixin.py:137} INFO - [2022-12-22T01:49:28.929+0000] {dag.py:2676} INFO - Sync 2 DAGs
[2022-12-22T01:49:28.964+0000] {logging_mixin.py:137} INFO - [2022-12-22T01:49:28.964+0000] {dag.py:3427} INFO - Setting next_dagrun for example_external_task_marker_child to None, run_after=None
[2022-12-22T01:49:28.970+0000] {logging_mixin.py:137} INFO - [2022-12-22T01:49:28.969+0000] {dag.py:3427} INFO - Setting next_dagrun for example_external_task_marker_parent to None, run_after=None
[2022-12-22T01:49:29.000+0000] {processor.py:175} INFO - Processing /home/airflow/.local/lib/python3.7/site-packages/airflow/example_dags/example_external_task_marker_dag.py took 0.149 seconds
[2022-12-22T01:49:59.340+0000] {processor.py:153} INFO - Started process (PID=5567) to work on /home/airflow/.local/lib/python3.7/site-packages/airflow/example_dags/example_external_task_marker_dag.py
[2022-12-22T01:49:59.340+0000] {processor.py:743} INFO - Processing file /home/airflow/.local/lib/python3.7/site-packages/airflow/example_dags/example_external_task_marker_dag.py for tasks to queue
[2022-12-22T01:49:59.341+0000] {logging_mixin.py:137} INFO - [2022-12-22T01:49:59.341+0000] {dagbag.py:538} INFO - Filling up the DagBag from /home/airflow/.local/lib/python3.7/site-packages/airflow/example_dags/example_external_task_marker_dag.py
[2022-12-22T01:49:59.354+0000] {processor.py:753} INFO - DAG(s) dict_keys(['example_external_task_marker_child', 'example_external_task_marker_parent']) retrieved from /home/airflow/.local/lib/python3.7/site-packages/airflow/example_dags/example_external_task_marker_dag.py
[2022-12-22T01:49:59.393+0000] {logging_mixin.py:137} INFO - [2022-12-22T01:49:59.393+0000] {dag.py:2676} INFO - Sync 2 DAGs
[2022-12-22T01:49:59.418+0000] {logging_mixin.py:137} INFO - [2022-12-22T01:49:59.418+0000] {dag.py:3427} INFO - Setting next_dagrun for example_external_task_marker_child to None, run_after=None
[2022-12-22T01:49:59.421+0000] {logging_mixin.py:137} INFO - [2022-12-22T01:49:59.421+0000] {dag.py:3427} INFO - Setting next_dagrun for example_external_task_marker_parent to None, run_after=None
[2022-12-22T01:49:59.439+0000] {processor.py:175} INFO - Processing /home/airflow/.local/lib/python3.7/site-packages/airflow/example_dags/example_external_task_marker_dag.py took 0.101 seconds
[2022-12-22T01:50:30.196+0000] {processor.py:153} INFO - Started process (PID=5653) to work on /home/airflow/.local/lib/python3.7/site-packages/airflow/example_dags/example_external_task_marker_dag.py
[2022-12-22T01:50:30.197+0000] {processor.py:743} INFO - Processing file /home/airflow/.local/lib/python3.7/site-packages/airflow/example_dags/example_external_task_marker_dag.py for tasks to queue
[2022-12-22T01:50:30.197+0000] {logging_mixin.py:137} INFO - [2022-12-22T01:50:30.197+0000] {dagbag.py:538} INFO - Filling up the DagBag from /home/airflow/.local/lib/python3.7/site-packages/airflow/example_dags/example_external_task_marker_dag.py
[2022-12-22T01:50:30.209+0000] {processor.py:753} INFO - DAG(s) dict_keys(['example_external_task_marker_child', 'example_external_task_marker_parent']) retrieved from /home/airflow/.local/lib/python3.7/site-packages/airflow/example_dags/example_external_task_marker_dag.py
[2022-12-22T01:50:30.243+0000] {logging_mixin.py:137} INFO - [2022-12-22T01:50:30.243+0000] {dag.py:2676} INFO - Sync 2 DAGs
[2022-12-22T01:50:30.267+0000] {logging_mixin.py:137} INFO - [2022-12-22T01:50:30.267+0000] {dag.py:3427} INFO - Setting next_dagrun for example_external_task_marker_child to None, run_after=None
[2022-12-22T01:50:30.269+0000] {logging_mixin.py:137} INFO - [2022-12-22T01:50:30.269+0000] {dag.py:3427} INFO - Setting next_dagrun for example_external_task_marker_parent to None, run_after=None
[2022-12-22T01:50:30.283+0000] {processor.py:175} INFO - Processing /home/airflow/.local/lib/python3.7/site-packages/airflow/example_dags/example_external_task_marker_dag.py took 0.090 seconds
[2022-12-22T01:51:01.592+0000] {processor.py:153} INFO - Started process (PID=5748) to work on /home/airflow/.local/lib/python3.7/site-packages/airflow/example_dags/example_external_task_marker_dag.py
[2022-12-22T01:51:01.593+0000] {processor.py:743} INFO - Processing file /home/airflow/.local/lib/python3.7/site-packages/airflow/example_dags/example_external_task_marker_dag.py for tasks to queue
[2022-12-22T01:51:01.594+0000] {logging_mixin.py:137} INFO - [2022-12-22T01:51:01.594+0000] {dagbag.py:538} INFO - Filling up the DagBag from /home/airflow/.local/lib/python3.7/site-packages/airflow/example_dags/example_external_task_marker_dag.py
[2022-12-22T01:51:01.609+0000] {processor.py:753} INFO - DAG(s) dict_keys(['example_external_task_marker_child', 'example_external_task_marker_parent']) retrieved from /home/airflow/.local/lib/python3.7/site-packages/airflow/example_dags/example_external_task_marker_dag.py
[2022-12-22T01:51:01.812+0000] {logging_mixin.py:137} INFO - [2022-12-22T01:51:01.812+0000] {dag.py:2676} INFO - Sync 2 DAGs
[2022-12-22T01:51:01.850+0000] {logging_mixin.py:137} INFO - [2022-12-22T01:51:01.850+0000] {dag.py:3427} INFO - Setting next_dagrun for example_external_task_marker_child to None, run_after=None
[2022-12-22T01:51:01.888+0000] {logging_mixin.py:137} INFO - [2022-12-22T01:51:01.888+0000] {dag.py:3427} INFO - Setting next_dagrun for example_external_task_marker_parent to None, run_after=None
[2022-12-22T01:51:01.910+0000] {processor.py:175} INFO - Processing /home/airflow/.local/lib/python3.7/site-packages/airflow/example_dags/example_external_task_marker_dag.py took 0.322 seconds
