[2022-12-22T01:20:21.120+0000] {processor.py:153} INFO - Started process (PID=122) to work on /home/airflow/.local/lib/python3.7/site-packages/airflow/example_dags/example_kubernetes_executor.py
[2022-12-22T01:20:21.121+0000] {processor.py:743} INFO - Processing file /home/airflow/.local/lib/python3.7/site-packages/airflow/example_dags/example_kubernetes_executor.py for tasks to queue
[2022-12-22T01:20:21.122+0000] {logging_mixin.py:137} INFO - [2022-12-22T01:20:21.121+0000] {dagbag.py:538} INFO - Filling up the DagBag from /home/airflow/.local/lib/python3.7/site-packages/airflow/example_dags/example_kubernetes_executor.py
[2022-12-22T01:20:21.217+0000] {processor.py:753} INFO - DAG(s) dict_keys(['example_kubernetes_executor']) retrieved from /home/airflow/.local/lib/python3.7/site-packages/airflow/example_dags/example_kubernetes_executor.py
[2022-12-22T01:20:21.403+0000] {logging_mixin.py:137} INFO - [2022-12-22T01:20:21.403+0000] {dag.py:2676} INFO - Sync 1 DAGs
[2022-12-22T01:20:21.510+0000] {logging_mixin.py:137} INFO - [2022-12-22T01:20:21.510+0000] {dag.py:3427} INFO - Setting next_dagrun for example_kubernetes_executor to None, run_after=None
[2022-12-22T01:20:21.593+0000] {processor.py:175} INFO - Processing /home/airflow/.local/lib/python3.7/site-packages/airflow/example_dags/example_kubernetes_executor.py took 0.475 seconds
[2022-12-22T01:20:51.659+0000] {processor.py:153} INFO - Started process (PID=184) to work on /home/airflow/.local/lib/python3.7/site-packages/airflow/example_dags/example_kubernetes_executor.py
[2022-12-22T01:20:51.660+0000] {processor.py:743} INFO - Processing file /home/airflow/.local/lib/python3.7/site-packages/airflow/example_dags/example_kubernetes_executor.py for tasks to queue
[2022-12-22T01:20:51.661+0000] {logging_mixin.py:137} INFO - [2022-12-22T01:20:51.661+0000] {dagbag.py:538} INFO - Filling up the DagBag from /home/airflow/.local/lib/python3.7/site-packages/airflow/example_dags/example_kubernetes_executor.py
[2022-12-22T01:20:51.716+0000] {processor.py:753} INFO - DAG(s) dict_keys(['example_kubernetes_executor']) retrieved from /home/airflow/.local/lib/python3.7/site-packages/airflow/example_dags/example_kubernetes_executor.py
[2022-12-22T01:20:51.757+0000] {logging_mixin.py:137} INFO - [2022-12-22T01:20:51.757+0000] {dag.py:2676} INFO - Sync 1 DAGs
[2022-12-22T01:20:51.783+0000] {logging_mixin.py:137} INFO - [2022-12-22T01:20:51.783+0000] {dag.py:3427} INFO - Setting next_dagrun for example_kubernetes_executor to None, run_after=None
[2022-12-22T01:20:51.805+0000] {processor.py:175} INFO - Processing /home/airflow/.local/lib/python3.7/site-packages/airflow/example_dags/example_kubernetes_executor.py took 0.148 seconds
[2022-12-22T01:21:21.952+0000] {processor.py:153} INFO - Started process (PID=294) to work on /home/airflow/.local/lib/python3.7/site-packages/airflow/example_dags/example_kubernetes_executor.py
[2022-12-22T01:21:21.953+0000] {processor.py:743} INFO - Processing file /home/airflow/.local/lib/python3.7/site-packages/airflow/example_dags/example_kubernetes_executor.py for tasks to queue
[2022-12-22T01:21:21.953+0000] {logging_mixin.py:137} INFO - [2022-12-22T01:21:21.953+0000] {dagbag.py:538} INFO - Filling up the DagBag from /home/airflow/.local/lib/python3.7/site-packages/airflow/example_dags/example_kubernetes_executor.py
[2022-12-22T01:21:21.979+0000] {processor.py:753} INFO - DAG(s) dict_keys(['example_kubernetes_executor']) retrieved from /home/airflow/.local/lib/python3.7/site-packages/airflow/example_dags/example_kubernetes_executor.py
[2022-12-22T01:21:22.020+0000] {logging_mixin.py:137} INFO - [2022-12-22T01:21:22.020+0000] {dag.py:2676} INFO - Sync 1 DAGs
[2022-12-22T01:21:22.047+0000] {logging_mixin.py:137} INFO - [2022-12-22T01:21:22.046+0000] {dag.py:3427} INFO - Setting next_dagrun for example_kubernetes_executor to None, run_after=None
[2022-12-22T01:21:22.064+0000] {processor.py:175} INFO - Processing /home/airflow/.local/lib/python3.7/site-packages/airflow/example_dags/example_kubernetes_executor.py took 0.115 seconds
[2022-12-22T01:21:52.312+0000] {processor.py:153} INFO - Started process (PID=380) to work on /home/airflow/.local/lib/python3.7/site-packages/airflow/example_dags/example_kubernetes_executor.py
[2022-12-22T01:21:52.313+0000] {processor.py:743} INFO - Processing file /home/airflow/.local/lib/python3.7/site-packages/airflow/example_dags/example_kubernetes_executor.py for tasks to queue
[2022-12-22T01:21:52.314+0000] {logging_mixin.py:137} INFO - [2022-12-22T01:21:52.313+0000] {dagbag.py:538} INFO - Filling up the DagBag from /home/airflow/.local/lib/python3.7/site-packages/airflow/example_dags/example_kubernetes_executor.py
[2022-12-22T01:21:52.341+0000] {processor.py:753} INFO - DAG(s) dict_keys(['example_kubernetes_executor']) retrieved from /home/airflow/.local/lib/python3.7/site-packages/airflow/example_dags/example_kubernetes_executor.py
[2022-12-22T01:21:52.378+0000] {logging_mixin.py:137} INFO - [2022-12-22T01:21:52.378+0000] {dag.py:2676} INFO - Sync 1 DAGs
[2022-12-22T01:21:52.405+0000] {logging_mixin.py:137} INFO - [2022-12-22T01:21:52.405+0000] {dag.py:3427} INFO - Setting next_dagrun for example_kubernetes_executor to None, run_after=None
[2022-12-22T01:21:52.424+0000] {processor.py:175} INFO - Processing /home/airflow/.local/lib/python3.7/site-packages/airflow/example_dags/example_kubernetes_executor.py took 0.114 seconds
[2022-12-22T01:22:22.716+0000] {processor.py:153} INFO - Started process (PID=490) to work on /home/airflow/.local/lib/python3.7/site-packages/airflow/example_dags/example_kubernetes_executor.py
[2022-12-22T01:22:22.717+0000] {processor.py:743} INFO - Processing file /home/airflow/.local/lib/python3.7/site-packages/airflow/example_dags/example_kubernetes_executor.py for tasks to queue
[2022-12-22T01:22:22.717+0000] {logging_mixin.py:137} INFO - [2022-12-22T01:22:22.717+0000] {dagbag.py:538} INFO - Filling up the DagBag from /home/airflow/.local/lib/python3.7/site-packages/airflow/example_dags/example_kubernetes_executor.py
[2022-12-22T01:22:22.743+0000] {processor.py:753} INFO - DAG(s) dict_keys(['example_kubernetes_executor']) retrieved from /home/airflow/.local/lib/python3.7/site-packages/airflow/example_dags/example_kubernetes_executor.py
[2022-12-22T01:22:22.778+0000] {logging_mixin.py:137} INFO - [2022-12-22T01:22:22.778+0000] {dag.py:2676} INFO - Sync 1 DAGs
[2022-12-22T01:22:22.800+0000] {logging_mixin.py:137} INFO - [2022-12-22T01:22:22.800+0000] {dag.py:3427} INFO - Setting next_dagrun for example_kubernetes_executor to None, run_after=None
[2022-12-22T01:22:22.815+0000] {processor.py:175} INFO - Processing /home/airflow/.local/lib/python3.7/site-packages/airflow/example_dags/example_kubernetes_executor.py took 0.101 seconds
[2022-12-22T01:22:52.915+0000] {processor.py:153} INFO - Started process (PID=576) to work on /home/airflow/.local/lib/python3.7/site-packages/airflow/example_dags/example_kubernetes_executor.py
[2022-12-22T01:22:52.916+0000] {processor.py:743} INFO - Processing file /home/airflow/.local/lib/python3.7/site-packages/airflow/example_dags/example_kubernetes_executor.py for tasks to queue
[2022-12-22T01:22:52.916+0000] {logging_mixin.py:137} INFO - [2022-12-22T01:22:52.916+0000] {dagbag.py:538} INFO - Filling up the DagBag from /home/airflow/.local/lib/python3.7/site-packages/airflow/example_dags/example_kubernetes_executor.py
[2022-12-22T01:22:52.945+0000] {processor.py:753} INFO - DAG(s) dict_keys(['example_kubernetes_executor']) retrieved from /home/airflow/.local/lib/python3.7/site-packages/airflow/example_dags/example_kubernetes_executor.py
[2022-12-22T01:22:52.984+0000] {logging_mixin.py:137} INFO - [2022-12-22T01:22:52.984+0000] {dag.py:2676} INFO - Sync 1 DAGs
[2022-12-22T01:22:53.011+0000] {logging_mixin.py:137} INFO - [2022-12-22T01:22:53.011+0000] {dag.py:3427} INFO - Setting next_dagrun for example_kubernetes_executor to None, run_after=None
[2022-12-22T01:22:53.028+0000] {processor.py:175} INFO - Processing /home/airflow/.local/lib/python3.7/site-packages/airflow/example_dags/example_kubernetes_executor.py took 0.116 seconds
[2022-12-22T01:23:23.274+0000] {processor.py:153} INFO - Started process (PID=669) to work on /home/airflow/.local/lib/python3.7/site-packages/airflow/example_dags/example_kubernetes_executor.py
[2022-12-22T01:23:23.275+0000] {processor.py:743} INFO - Processing file /home/airflow/.local/lib/python3.7/site-packages/airflow/example_dags/example_kubernetes_executor.py for tasks to queue
[2022-12-22T01:23:23.275+0000] {logging_mixin.py:137} INFO - [2022-12-22T01:23:23.275+0000] {dagbag.py:538} INFO - Filling up the DagBag from /home/airflow/.local/lib/python3.7/site-packages/airflow/example_dags/example_kubernetes_executor.py
[2022-12-22T01:23:23.306+0000] {processor.py:753} INFO - DAG(s) dict_keys(['example_kubernetes_executor']) retrieved from /home/airflow/.local/lib/python3.7/site-packages/airflow/example_dags/example_kubernetes_executor.py
[2022-12-22T01:23:23.344+0000] {logging_mixin.py:137} INFO - [2022-12-22T01:23:23.344+0000] {dag.py:2676} INFO - Sync 1 DAGs
[2022-12-22T01:23:23.368+0000] {logging_mixin.py:137} INFO - [2022-12-22T01:23:23.368+0000] {dag.py:3427} INFO - Setting next_dagrun for example_kubernetes_executor to None, run_after=None
[2022-12-22T01:23:23.384+0000] {processor.py:175} INFO - Processing /home/airflow/.local/lib/python3.7/site-packages/airflow/example_dags/example_kubernetes_executor.py took 0.113 seconds
[2022-12-22T01:23:53.483+0000] {processor.py:153} INFO - Started process (PID=772) to work on /home/airflow/.local/lib/python3.7/site-packages/airflow/example_dags/example_kubernetes_executor.py
[2022-12-22T01:23:53.484+0000] {processor.py:743} INFO - Processing file /home/airflow/.local/lib/python3.7/site-packages/airflow/example_dags/example_kubernetes_executor.py for tasks to queue
[2022-12-22T01:23:53.484+0000] {logging_mixin.py:137} INFO - [2022-12-22T01:23:53.484+0000] {dagbag.py:538} INFO - Filling up the DagBag from /home/airflow/.local/lib/python3.7/site-packages/airflow/example_dags/example_kubernetes_executor.py
[2022-12-22T01:23:53.513+0000] {processor.py:753} INFO - DAG(s) dict_keys(['example_kubernetes_executor']) retrieved from /home/airflow/.local/lib/python3.7/site-packages/airflow/example_dags/example_kubernetes_executor.py
[2022-12-22T01:23:53.554+0000] {logging_mixin.py:137} INFO - [2022-12-22T01:23:53.554+0000] {dag.py:2676} INFO - Sync 1 DAGs
[2022-12-22T01:23:53.580+0000] {logging_mixin.py:137} INFO - [2022-12-22T01:23:53.580+0000] {dag.py:3427} INFO - Setting next_dagrun for example_kubernetes_executor to None, run_after=None
[2022-12-22T01:23:53.597+0000] {processor.py:175} INFO - Processing /home/airflow/.local/lib/python3.7/site-packages/airflow/example_dags/example_kubernetes_executor.py took 0.117 seconds
[2022-12-22T01:24:24.140+0000] {processor.py:153} INFO - Started process (PID=858) to work on /home/airflow/.local/lib/python3.7/site-packages/airflow/example_dags/example_kubernetes_executor.py
[2022-12-22T01:24:24.141+0000] {processor.py:743} INFO - Processing file /home/airflow/.local/lib/python3.7/site-packages/airflow/example_dags/example_kubernetes_executor.py for tasks to queue
[2022-12-22T01:24:24.142+0000] {logging_mixin.py:137} INFO - [2022-12-22T01:24:24.142+0000] {dagbag.py:538} INFO - Filling up the DagBag from /home/airflow/.local/lib/python3.7/site-packages/airflow/example_dags/example_kubernetes_executor.py
[2022-12-22T01:24:24.169+0000] {processor.py:753} INFO - DAG(s) dict_keys(['example_kubernetes_executor']) retrieved from /home/airflow/.local/lib/python3.7/site-packages/airflow/example_dags/example_kubernetes_executor.py
[2022-12-22T01:24:24.215+0000] {logging_mixin.py:137} INFO - [2022-12-22T01:24:24.214+0000] {dag.py:2676} INFO - Sync 1 DAGs
[2022-12-22T01:24:24.239+0000] {logging_mixin.py:137} INFO - [2022-12-22T01:24:24.239+0000] {dag.py:3427} INFO - Setting next_dagrun for example_kubernetes_executor to None, run_after=None
[2022-12-22T01:24:24.255+0000] {processor.py:175} INFO - Processing /home/airflow/.local/lib/python3.7/site-packages/airflow/example_dags/example_kubernetes_executor.py took 0.117 seconds
[2022-12-22T01:24:54.666+0000] {processor.py:153} INFO - Started process (PID=968) to work on /home/airflow/.local/lib/python3.7/site-packages/airflow/example_dags/example_kubernetes_executor.py
[2022-12-22T01:24:54.666+0000] {processor.py:743} INFO - Processing file /home/airflow/.local/lib/python3.7/site-packages/airflow/example_dags/example_kubernetes_executor.py for tasks to queue
[2022-12-22T01:24:54.667+0000] {logging_mixin.py:137} INFO - [2022-12-22T01:24:54.667+0000] {dagbag.py:538} INFO - Filling up the DagBag from /home/airflow/.local/lib/python3.7/site-packages/airflow/example_dags/example_kubernetes_executor.py
[2022-12-22T01:24:54.695+0000] {processor.py:753} INFO - DAG(s) dict_keys(['example_kubernetes_executor']) retrieved from /home/airflow/.local/lib/python3.7/site-packages/airflow/example_dags/example_kubernetes_executor.py
[2022-12-22T01:24:54.734+0000] {logging_mixin.py:137} INFO - [2022-12-22T01:24:54.734+0000] {dag.py:2676} INFO - Sync 1 DAGs
[2022-12-22T01:24:54.759+0000] {logging_mixin.py:137} INFO - [2022-12-22T01:24:54.759+0000] {dag.py:3427} INFO - Setting next_dagrun for example_kubernetes_executor to None, run_after=None
[2022-12-22T01:24:54.776+0000] {processor.py:175} INFO - Processing /home/airflow/.local/lib/python3.7/site-packages/airflow/example_dags/example_kubernetes_executor.py took 0.113 seconds
[2022-12-22T01:25:25.549+0000] {processor.py:153} INFO - Started process (PID=1054) to work on /home/airflow/.local/lib/python3.7/site-packages/airflow/example_dags/example_kubernetes_executor.py
[2022-12-22T01:25:25.550+0000] {processor.py:743} INFO - Processing file /home/airflow/.local/lib/python3.7/site-packages/airflow/example_dags/example_kubernetes_executor.py for tasks to queue
[2022-12-22T01:25:25.550+0000] {logging_mixin.py:137} INFO - [2022-12-22T01:25:25.550+0000] {dagbag.py:538} INFO - Filling up the DagBag from /home/airflow/.local/lib/python3.7/site-packages/airflow/example_dags/example_kubernetes_executor.py
[2022-12-22T01:25:25.579+0000] {processor.py:753} INFO - DAG(s) dict_keys(['example_kubernetes_executor']) retrieved from /home/airflow/.local/lib/python3.7/site-packages/airflow/example_dags/example_kubernetes_executor.py
[2022-12-22T01:25:25.618+0000] {logging_mixin.py:137} INFO - [2022-12-22T01:25:25.618+0000] {dag.py:2676} INFO - Sync 1 DAGs
[2022-12-22T01:25:25.642+0000] {logging_mixin.py:137} INFO - [2022-12-22T01:25:25.642+0000] {dag.py:3427} INFO - Setting next_dagrun for example_kubernetes_executor to None, run_after=None
[2022-12-22T01:25:25.658+0000] {processor.py:175} INFO - Processing /home/airflow/.local/lib/python3.7/site-packages/airflow/example_dags/example_kubernetes_executor.py took 0.112 seconds
[2022-12-22T01:25:55.851+0000] {processor.py:153} INFO - Started process (PID=1140) to work on /home/airflow/.local/lib/python3.7/site-packages/airflow/example_dags/example_kubernetes_executor.py
[2022-12-22T01:25:55.852+0000] {processor.py:743} INFO - Processing file /home/airflow/.local/lib/python3.7/site-packages/airflow/example_dags/example_kubernetes_executor.py for tasks to queue
[2022-12-22T01:25:55.852+0000] {logging_mixin.py:137} INFO - [2022-12-22T01:25:55.852+0000] {dagbag.py:538} INFO - Filling up the DagBag from /home/airflow/.local/lib/python3.7/site-packages/airflow/example_dags/example_kubernetes_executor.py
[2022-12-22T01:25:55.880+0000] {processor.py:753} INFO - DAG(s) dict_keys(['example_kubernetes_executor']) retrieved from /home/airflow/.local/lib/python3.7/site-packages/airflow/example_dags/example_kubernetes_executor.py
[2022-12-22T01:25:55.921+0000] {logging_mixin.py:137} INFO - [2022-12-22T01:25:55.920+0000] {dag.py:2676} INFO - Sync 1 DAGs
[2022-12-22T01:25:55.946+0000] {logging_mixin.py:137} INFO - [2022-12-22T01:25:55.946+0000] {dag.py:3427} INFO - Setting next_dagrun for example_kubernetes_executor to None, run_after=None
[2022-12-22T01:25:55.963+0000] {processor.py:175} INFO - Processing /home/airflow/.local/lib/python3.7/site-packages/airflow/example_dags/example_kubernetes_executor.py took 0.115 seconds
[2022-12-22T01:26:26.495+0000] {processor.py:153} INFO - Started process (PID=1249) to work on /home/airflow/.local/lib/python3.7/site-packages/airflow/example_dags/example_kubernetes_executor.py
[2022-12-22T01:26:26.496+0000] {processor.py:743} INFO - Processing file /home/airflow/.local/lib/python3.7/site-packages/airflow/example_dags/example_kubernetes_executor.py for tasks to queue
[2022-12-22T01:26:26.497+0000] {logging_mixin.py:137} INFO - [2022-12-22T01:26:26.497+0000] {dagbag.py:538} INFO - Filling up the DagBag from /home/airflow/.local/lib/python3.7/site-packages/airflow/example_dags/example_kubernetes_executor.py
[2022-12-22T01:26:26.534+0000] {processor.py:753} INFO - DAG(s) dict_keys(['example_kubernetes_executor']) retrieved from /home/airflow/.local/lib/python3.7/site-packages/airflow/example_dags/example_kubernetes_executor.py
[2022-12-22T01:26:26.571+0000] {logging_mixin.py:137} INFO - [2022-12-22T01:26:26.571+0000] {dag.py:2676} INFO - Sync 1 DAGs
[2022-12-22T01:26:26.600+0000] {logging_mixin.py:137} INFO - [2022-12-22T01:26:26.600+0000] {dag.py:3427} INFO - Setting next_dagrun for example_kubernetes_executor to None, run_after=None
[2022-12-22T01:26:26.626+0000] {processor.py:175} INFO - Processing /home/airflow/.local/lib/python3.7/site-packages/airflow/example_dags/example_kubernetes_executor.py took 0.135 seconds
[2022-12-22T01:26:57.005+0000] {processor.py:153} INFO - Started process (PID=1335) to work on /home/airflow/.local/lib/python3.7/site-packages/airflow/example_dags/example_kubernetes_executor.py
[2022-12-22T01:26:57.006+0000] {processor.py:743} INFO - Processing file /home/airflow/.local/lib/python3.7/site-packages/airflow/example_dags/example_kubernetes_executor.py for tasks to queue
[2022-12-22T01:26:57.007+0000] {logging_mixin.py:137} INFO - [2022-12-22T01:26:57.007+0000] {dagbag.py:538} INFO - Filling up the DagBag from /home/airflow/.local/lib/python3.7/site-packages/airflow/example_dags/example_kubernetes_executor.py
[2022-12-22T01:26:57.037+0000] {processor.py:753} INFO - DAG(s) dict_keys(['example_kubernetes_executor']) retrieved from /home/airflow/.local/lib/python3.7/site-packages/airflow/example_dags/example_kubernetes_executor.py
[2022-12-22T01:26:57.126+0000] {logging_mixin.py:137} INFO - [2022-12-22T01:26:57.125+0000] {dag.py:2676} INFO - Sync 1 DAGs
[2022-12-22T01:26:57.161+0000] {logging_mixin.py:137} INFO - [2022-12-22T01:26:57.161+0000] {dag.py:3427} INFO - Setting next_dagrun for example_kubernetes_executor to None, run_after=None
[2022-12-22T01:26:57.205+0000] {processor.py:175} INFO - Processing /home/airflow/.local/lib/python3.7/site-packages/airflow/example_dags/example_kubernetes_executor.py took 0.202 seconds
[2022-12-22T01:27:27.781+0000] {processor.py:153} INFO - Started process (PID=1421) to work on /home/airflow/.local/lib/python3.7/site-packages/airflow/example_dags/example_kubernetes_executor.py
[2022-12-22T01:27:27.782+0000] {processor.py:743} INFO - Processing file /home/airflow/.local/lib/python3.7/site-packages/airflow/example_dags/example_kubernetes_executor.py for tasks to queue
[2022-12-22T01:27:27.782+0000] {logging_mixin.py:137} INFO - [2022-12-22T01:27:27.782+0000] {dagbag.py:538} INFO - Filling up the DagBag from /home/airflow/.local/lib/python3.7/site-packages/airflow/example_dags/example_kubernetes_executor.py
[2022-12-22T01:27:27.820+0000] {processor.py:753} INFO - DAG(s) dict_keys(['example_kubernetes_executor']) retrieved from /home/airflow/.local/lib/python3.7/site-packages/airflow/example_dags/example_kubernetes_executor.py
[2022-12-22T01:27:27.865+0000] {logging_mixin.py:137} INFO - [2022-12-22T01:27:27.865+0000] {dag.py:2676} INFO - Sync 1 DAGs
[2022-12-22T01:27:27.897+0000] {logging_mixin.py:137} INFO - [2022-12-22T01:27:27.897+0000] {dag.py:3427} INFO - Setting next_dagrun for example_kubernetes_executor to None, run_after=None
[2022-12-22T01:27:27.924+0000] {processor.py:175} INFO - Processing /home/airflow/.local/lib/python3.7/site-packages/airflow/example_dags/example_kubernetes_executor.py took 0.146 seconds
[2022-12-22T01:27:58.189+0000] {processor.py:153} INFO - Started process (PID=1531) to work on /home/airflow/.local/lib/python3.7/site-packages/airflow/example_dags/example_kubernetes_executor.py
[2022-12-22T01:27:58.190+0000] {processor.py:743} INFO - Processing file /home/airflow/.local/lib/python3.7/site-packages/airflow/example_dags/example_kubernetes_executor.py for tasks to queue
[2022-12-22T01:27:58.191+0000] {logging_mixin.py:137} INFO - [2022-12-22T01:27:58.191+0000] {dagbag.py:538} INFO - Filling up the DagBag from /home/airflow/.local/lib/python3.7/site-packages/airflow/example_dags/example_kubernetes_executor.py
[2022-12-22T01:27:58.219+0000] {processor.py:753} INFO - DAG(s) dict_keys(['example_kubernetes_executor']) retrieved from /home/airflow/.local/lib/python3.7/site-packages/airflow/example_dags/example_kubernetes_executor.py
[2022-12-22T01:27:58.259+0000] {logging_mixin.py:137} INFO - [2022-12-22T01:27:58.259+0000] {dag.py:2676} INFO - Sync 1 DAGs
[2022-12-22T01:27:58.290+0000] {logging_mixin.py:137} INFO - [2022-12-22T01:27:58.290+0000] {dag.py:3427} INFO - Setting next_dagrun for example_kubernetes_executor to None, run_after=None
[2022-12-22T01:27:58.307+0000] {processor.py:175} INFO - Processing /home/airflow/.local/lib/python3.7/site-packages/airflow/example_dags/example_kubernetes_executor.py took 0.120 seconds
[2022-12-22T01:28:28.869+0000] {processor.py:153} INFO - Started process (PID=1617) to work on /home/airflow/.local/lib/python3.7/site-packages/airflow/example_dags/example_kubernetes_executor.py
[2022-12-22T01:28:28.870+0000] {processor.py:743} INFO - Processing file /home/airflow/.local/lib/python3.7/site-packages/airflow/example_dags/example_kubernetes_executor.py for tasks to queue
[2022-12-22T01:28:28.871+0000] {logging_mixin.py:137} INFO - [2022-12-22T01:28:28.870+0000] {dagbag.py:538} INFO - Filling up the DagBag from /home/airflow/.local/lib/python3.7/site-packages/airflow/example_dags/example_kubernetes_executor.py
[2022-12-22T01:28:28.901+0000] {processor.py:753} INFO - DAG(s) dict_keys(['example_kubernetes_executor']) retrieved from /home/airflow/.local/lib/python3.7/site-packages/airflow/example_dags/example_kubernetes_executor.py
[2022-12-22T01:28:28.939+0000] {logging_mixin.py:137} INFO - [2022-12-22T01:28:28.939+0000] {dag.py:2676} INFO - Sync 1 DAGs
[2022-12-22T01:28:28.962+0000] {logging_mixin.py:137} INFO - [2022-12-22T01:28:28.961+0000] {dag.py:3427} INFO - Setting next_dagrun for example_kubernetes_executor to None, run_after=None
[2022-12-22T01:28:28.978+0000] {processor.py:175} INFO - Processing /home/airflow/.local/lib/python3.7/site-packages/airflow/example_dags/example_kubernetes_executor.py took 0.111 seconds
[2022-12-22T01:28:59.319+0000] {processor.py:153} INFO - Started process (PID=1727) to work on /home/airflow/.local/lib/python3.7/site-packages/airflow/example_dags/example_kubernetes_executor.py
[2022-12-22T01:28:59.319+0000] {processor.py:743} INFO - Processing file /home/airflow/.local/lib/python3.7/site-packages/airflow/example_dags/example_kubernetes_executor.py for tasks to queue
[2022-12-22T01:28:59.320+0000] {logging_mixin.py:137} INFO - [2022-12-22T01:28:59.320+0000] {dagbag.py:538} INFO - Filling up the DagBag from /home/airflow/.local/lib/python3.7/site-packages/airflow/example_dags/example_kubernetes_executor.py
[2022-12-22T01:28:59.348+0000] {processor.py:753} INFO - DAG(s) dict_keys(['example_kubernetes_executor']) retrieved from /home/airflow/.local/lib/python3.7/site-packages/airflow/example_dags/example_kubernetes_executor.py
[2022-12-22T01:28:59.388+0000] {logging_mixin.py:137} INFO - [2022-12-22T01:28:59.388+0000] {dag.py:2676} INFO - Sync 1 DAGs
[2022-12-22T01:28:59.412+0000] {logging_mixin.py:137} INFO - [2022-12-22T01:28:59.412+0000] {dag.py:3427} INFO - Setting next_dagrun for example_kubernetes_executor to None, run_after=None
[2022-12-22T01:28:59.430+0000] {processor.py:175} INFO - Processing /home/airflow/.local/lib/python3.7/site-packages/airflow/example_dags/example_kubernetes_executor.py took 0.114 seconds
[2022-12-22T01:29:29.635+0000] {processor.py:153} INFO - Started process (PID=1814) to work on /home/airflow/.local/lib/python3.7/site-packages/airflow/example_dags/example_kubernetes_executor.py
[2022-12-22T01:29:29.636+0000] {processor.py:743} INFO - Processing file /home/airflow/.local/lib/python3.7/site-packages/airflow/example_dags/example_kubernetes_executor.py for tasks to queue
[2022-12-22T01:29:29.637+0000] {logging_mixin.py:137} INFO - [2022-12-22T01:29:29.637+0000] {dagbag.py:538} INFO - Filling up the DagBag from /home/airflow/.local/lib/python3.7/site-packages/airflow/example_dags/example_kubernetes_executor.py
[2022-12-22T01:29:29.664+0000] {processor.py:753} INFO - DAG(s) dict_keys(['example_kubernetes_executor']) retrieved from /home/airflow/.local/lib/python3.7/site-packages/airflow/example_dags/example_kubernetes_executor.py
[2022-12-22T01:29:29.704+0000] {logging_mixin.py:137} INFO - [2022-12-22T01:29:29.704+0000] {dag.py:2676} INFO - Sync 1 DAGs
[2022-12-22T01:29:29.729+0000] {logging_mixin.py:137} INFO - [2022-12-22T01:29:29.729+0000] {dag.py:3427} INFO - Setting next_dagrun for example_kubernetes_executor to None, run_after=None
[2022-12-22T01:29:29.747+0000] {processor.py:175} INFO - Processing /home/airflow/.local/lib/python3.7/site-packages/airflow/example_dags/example_kubernetes_executor.py took 0.114 seconds
[2022-12-22T01:30:00.570+0000] {processor.py:153} INFO - Started process (PID=1900) to work on /home/airflow/.local/lib/python3.7/site-packages/airflow/example_dags/example_kubernetes_executor.py
[2022-12-22T01:30:00.571+0000] {processor.py:743} INFO - Processing file /home/airflow/.local/lib/python3.7/site-packages/airflow/example_dags/example_kubernetes_executor.py for tasks to queue
[2022-12-22T01:30:00.572+0000] {logging_mixin.py:137} INFO - [2022-12-22T01:30:00.571+0000] {dagbag.py:538} INFO - Filling up the DagBag from /home/airflow/.local/lib/python3.7/site-packages/airflow/example_dags/example_kubernetes_executor.py
[2022-12-22T01:30:00.601+0000] {processor.py:753} INFO - DAG(s) dict_keys(['example_kubernetes_executor']) retrieved from /home/airflow/.local/lib/python3.7/site-packages/airflow/example_dags/example_kubernetes_executor.py
[2022-12-22T01:30:00.640+0000] {logging_mixin.py:137} INFO - [2022-12-22T01:30:00.640+0000] {dag.py:2676} INFO - Sync 1 DAGs
[2022-12-22T01:30:00.665+0000] {logging_mixin.py:137} INFO - [2022-12-22T01:30:00.664+0000] {dag.py:3427} INFO - Setting next_dagrun for example_kubernetes_executor to None, run_after=None
[2022-12-22T01:30:00.681+0000] {processor.py:175} INFO - Processing /home/airflow/.local/lib/python3.7/site-packages/airflow/example_dags/example_kubernetes_executor.py took 0.114 seconds
[2022-12-22T01:30:31.095+0000] {processor.py:153} INFO - Started process (PID=1987) to work on /home/airflow/.local/lib/python3.7/site-packages/airflow/example_dags/example_kubernetes_executor.py
[2022-12-22T01:30:31.096+0000] {processor.py:743} INFO - Processing file /home/airflow/.local/lib/python3.7/site-packages/airflow/example_dags/example_kubernetes_executor.py for tasks to queue
[2022-12-22T01:30:31.096+0000] {logging_mixin.py:137} INFO - [2022-12-22T01:30:31.096+0000] {dagbag.py:538} INFO - Filling up the DagBag from /home/airflow/.local/lib/python3.7/site-packages/airflow/example_dags/example_kubernetes_executor.py
[2022-12-22T01:30:31.124+0000] {processor.py:753} INFO - DAG(s) dict_keys(['example_kubernetes_executor']) retrieved from /home/airflow/.local/lib/python3.7/site-packages/airflow/example_dags/example_kubernetes_executor.py
[2022-12-22T01:30:31.208+0000] {logging_mixin.py:137} INFO - [2022-12-22T01:30:31.208+0000] {dag.py:2676} INFO - Sync 1 DAGs
[2022-12-22T01:30:31.307+0000] {logging_mixin.py:137} INFO - [2022-12-22T01:30:31.307+0000] {dag.py:3427} INFO - Setting next_dagrun for example_kubernetes_executor to None, run_after=None
[2022-12-22T01:30:31.323+0000] {processor.py:175} INFO - Processing /home/airflow/.local/lib/python3.7/site-packages/airflow/example_dags/example_kubernetes_executor.py took 0.231 seconds
[2022-12-22T01:31:01.343+0000] {processor.py:153} INFO - Started process (PID=2097) to work on /home/airflow/.local/lib/python3.7/site-packages/airflow/example_dags/example_kubernetes_executor.py
[2022-12-22T01:31:01.343+0000] {processor.py:743} INFO - Processing file /home/airflow/.local/lib/python3.7/site-packages/airflow/example_dags/example_kubernetes_executor.py for tasks to queue
[2022-12-22T01:31:01.344+0000] {logging_mixin.py:137} INFO - [2022-12-22T01:31:01.344+0000] {dagbag.py:538} INFO - Filling up the DagBag from /home/airflow/.local/lib/python3.7/site-packages/airflow/example_dags/example_kubernetes_executor.py
[2022-12-22T01:31:01.374+0000] {processor.py:753} INFO - DAG(s) dict_keys(['example_kubernetes_executor']) retrieved from /home/airflow/.local/lib/python3.7/site-packages/airflow/example_dags/example_kubernetes_executor.py
[2022-12-22T01:31:01.411+0000] {logging_mixin.py:137} INFO - [2022-12-22T01:31:01.411+0000] {dag.py:2676} INFO - Sync 1 DAGs
[2022-12-22T01:31:01.435+0000] {logging_mixin.py:137} INFO - [2022-12-22T01:31:01.435+0000] {dag.py:3427} INFO - Setting next_dagrun for example_kubernetes_executor to None, run_after=None
[2022-12-22T01:31:01.451+0000] {processor.py:175} INFO - Processing /home/airflow/.local/lib/python3.7/site-packages/airflow/example_dags/example_kubernetes_executor.py took 0.110 seconds
[2022-12-22T01:31:31.768+0000] {processor.py:153} INFO - Started process (PID=2183) to work on /home/airflow/.local/lib/python3.7/site-packages/airflow/example_dags/example_kubernetes_executor.py
[2022-12-22T01:31:31.769+0000] {processor.py:743} INFO - Processing file /home/airflow/.local/lib/python3.7/site-packages/airflow/example_dags/example_kubernetes_executor.py for tasks to queue
[2022-12-22T01:31:31.769+0000] {logging_mixin.py:137} INFO - [2022-12-22T01:31:31.769+0000] {dagbag.py:538} INFO - Filling up the DagBag from /home/airflow/.local/lib/python3.7/site-packages/airflow/example_dags/example_kubernetes_executor.py
[2022-12-22T01:31:31.798+0000] {processor.py:753} INFO - DAG(s) dict_keys(['example_kubernetes_executor']) retrieved from /home/airflow/.local/lib/python3.7/site-packages/airflow/example_dags/example_kubernetes_executor.py
[2022-12-22T01:31:31.840+0000] {logging_mixin.py:137} INFO - [2022-12-22T01:31:31.840+0000] {dag.py:2676} INFO - Sync 1 DAGs
[2022-12-22T01:31:31.865+0000] {logging_mixin.py:137} INFO - [2022-12-22T01:31:31.864+0000] {dag.py:3427} INFO - Setting next_dagrun for example_kubernetes_executor to None, run_after=None
[2022-12-22T01:31:31.881+0000] {processor.py:175} INFO - Processing /home/airflow/.local/lib/python3.7/site-packages/airflow/example_dags/example_kubernetes_executor.py took 0.115 seconds
[2022-12-22T01:32:02.615+0000] {processor.py:153} INFO - Started process (PID=2269) to work on /home/airflow/.local/lib/python3.7/site-packages/airflow/example_dags/example_kubernetes_executor.py
[2022-12-22T01:32:02.615+0000] {processor.py:743} INFO - Processing file /home/airflow/.local/lib/python3.7/site-packages/airflow/example_dags/example_kubernetes_executor.py for tasks to queue
[2022-12-22T01:32:02.616+0000] {logging_mixin.py:137} INFO - [2022-12-22T01:32:02.616+0000] {dagbag.py:538} INFO - Filling up the DagBag from /home/airflow/.local/lib/python3.7/site-packages/airflow/example_dags/example_kubernetes_executor.py
[2022-12-22T01:32:02.645+0000] {processor.py:753} INFO - DAG(s) dict_keys(['example_kubernetes_executor']) retrieved from /home/airflow/.local/lib/python3.7/site-packages/airflow/example_dags/example_kubernetes_executor.py
[2022-12-22T01:32:02.710+0000] {logging_mixin.py:137} INFO - [2022-12-22T01:32:02.710+0000] {dag.py:2676} INFO - Sync 1 DAGs
[2022-12-22T01:32:02.737+0000] {logging_mixin.py:137} INFO - [2022-12-22T01:32:02.737+0000] {dag.py:3427} INFO - Setting next_dagrun for example_kubernetes_executor to None, run_after=None
[2022-12-22T01:32:02.754+0000] {processor.py:175} INFO - Processing /home/airflow/.local/lib/python3.7/site-packages/airflow/example_dags/example_kubernetes_executor.py took 0.142 seconds
[2022-12-22T01:32:32.928+0000] {processor.py:153} INFO - Started process (PID=2379) to work on /home/airflow/.local/lib/python3.7/site-packages/airflow/example_dags/example_kubernetes_executor.py
[2022-12-22T01:32:32.928+0000] {processor.py:743} INFO - Processing file /home/airflow/.local/lib/python3.7/site-packages/airflow/example_dags/example_kubernetes_executor.py for tasks to queue
[2022-12-22T01:32:32.929+0000] {logging_mixin.py:137} INFO - [2022-12-22T01:32:32.929+0000] {dagbag.py:538} INFO - Filling up the DagBag from /home/airflow/.local/lib/python3.7/site-packages/airflow/example_dags/example_kubernetes_executor.py
[2022-12-22T01:32:32.958+0000] {processor.py:753} INFO - DAG(s) dict_keys(['example_kubernetes_executor']) retrieved from /home/airflow/.local/lib/python3.7/site-packages/airflow/example_dags/example_kubernetes_executor.py
[2022-12-22T01:32:32.997+0000] {logging_mixin.py:137} INFO - [2022-12-22T01:32:32.996+0000] {dag.py:2676} INFO - Sync 1 DAGs
[2022-12-22T01:32:33.020+0000] {logging_mixin.py:137} INFO - [2022-12-22T01:32:33.020+0000] {dag.py:3427} INFO - Setting next_dagrun for example_kubernetes_executor to None, run_after=None
[2022-12-22T01:32:33.037+0000] {processor.py:175} INFO - Processing /home/airflow/.local/lib/python3.7/site-packages/airflow/example_dags/example_kubernetes_executor.py took 0.112 seconds
[2022-12-22T01:33:08.590+0000] {processor.py:153} INFO - Started process (PID=2450) to work on /home/airflow/.local/lib/python3.7/site-packages/airflow/example_dags/example_kubernetes_executor.py
[2022-12-22T01:33:08.591+0000] {processor.py:743} INFO - Processing file /home/airflow/.local/lib/python3.7/site-packages/airflow/example_dags/example_kubernetes_executor.py for tasks to queue
[2022-12-22T01:33:08.592+0000] {logging_mixin.py:137} INFO - [2022-12-22T01:33:08.592+0000] {dagbag.py:538} INFO - Filling up the DagBag from /home/airflow/.local/lib/python3.7/site-packages/airflow/example_dags/example_kubernetes_executor.py
[2022-12-22T01:33:08.709+0000] {processor.py:753} INFO - DAG(s) dict_keys(['example_kubernetes_executor']) retrieved from /home/airflow/.local/lib/python3.7/site-packages/airflow/example_dags/example_kubernetes_executor.py
[2022-12-22T01:33:08.988+0000] {logging_mixin.py:137} INFO - [2022-12-22T01:33:08.988+0000] {dag.py:2676} INFO - Sync 1 DAGs
[2022-12-22T01:33:09.109+0000] {logging_mixin.py:137} INFO - [2022-12-22T01:33:09.109+0000] {dag.py:3427} INFO - Setting next_dagrun for example_kubernetes_executor to None, run_after=None
[2022-12-22T01:33:09.290+0000] {processor.py:175} INFO - Processing /home/airflow/.local/lib/python3.7/site-packages/airflow/example_dags/example_kubernetes_executor.py took 0.790 seconds
[2022-12-22T01:33:39.451+0000] {processor.py:153} INFO - Started process (PID=2551) to work on /home/airflow/.local/lib/python3.7/site-packages/airflow/example_dags/example_kubernetes_executor.py
[2022-12-22T01:33:39.452+0000] {processor.py:743} INFO - Processing file /home/airflow/.local/lib/python3.7/site-packages/airflow/example_dags/example_kubernetes_executor.py for tasks to queue
[2022-12-22T01:33:39.453+0000] {logging_mixin.py:137} INFO - [2022-12-22T01:33:39.452+0000] {dagbag.py:538} INFO - Filling up the DagBag from /home/airflow/.local/lib/python3.7/site-packages/airflow/example_dags/example_kubernetes_executor.py
[2022-12-22T01:33:39.491+0000] {processor.py:753} INFO - DAG(s) dict_keys(['example_kubernetes_executor']) retrieved from /home/airflow/.local/lib/python3.7/site-packages/airflow/example_dags/example_kubernetes_executor.py
[2022-12-22T01:33:39.537+0000] {logging_mixin.py:137} INFO - [2022-12-22T01:33:39.537+0000] {dag.py:2676} INFO - Sync 1 DAGs
[2022-12-22T01:33:39.571+0000] {logging_mixin.py:137} INFO - [2022-12-22T01:33:39.570+0000] {dag.py:3427} INFO - Setting next_dagrun for example_kubernetes_executor to None, run_after=None
[2022-12-22T01:33:39.604+0000] {processor.py:175} INFO - Processing /home/airflow/.local/lib/python3.7/site-packages/airflow/example_dags/example_kubernetes_executor.py took 0.156 seconds
[2022-12-22T01:34:10.458+0000] {processor.py:153} INFO - Started process (PID=2637) to work on /home/airflow/.local/lib/python3.7/site-packages/airflow/example_dags/example_kubernetes_executor.py
[2022-12-22T01:34:10.459+0000] {processor.py:743} INFO - Processing file /home/airflow/.local/lib/python3.7/site-packages/airflow/example_dags/example_kubernetes_executor.py for tasks to queue
[2022-12-22T01:34:10.460+0000] {logging_mixin.py:137} INFO - [2022-12-22T01:34:10.460+0000] {dagbag.py:538} INFO - Filling up the DagBag from /home/airflow/.local/lib/python3.7/site-packages/airflow/example_dags/example_kubernetes_executor.py
[2022-12-22T01:34:10.487+0000] {processor.py:753} INFO - DAG(s) dict_keys(['example_kubernetes_executor']) retrieved from /home/airflow/.local/lib/python3.7/site-packages/airflow/example_dags/example_kubernetes_executor.py
[2022-12-22T01:34:10.527+0000] {logging_mixin.py:137} INFO - [2022-12-22T01:34:10.527+0000] {dag.py:2676} INFO - Sync 1 DAGs
[2022-12-22T01:34:10.553+0000] {logging_mixin.py:137} INFO - [2022-12-22T01:34:10.553+0000] {dag.py:3427} INFO - Setting next_dagrun for example_kubernetes_executor to None, run_after=None
[2022-12-22T01:34:10.570+0000] {processor.py:175} INFO - Processing /home/airflow/.local/lib/python3.7/site-packages/airflow/example_dags/example_kubernetes_executor.py took 0.114 seconds
[2022-12-22T01:34:40.907+0000] {processor.py:153} INFO - Started process (PID=2723) to work on /home/airflow/.local/lib/python3.7/site-packages/airflow/example_dags/example_kubernetes_executor.py
[2022-12-22T01:34:40.908+0000] {processor.py:743} INFO - Processing file /home/airflow/.local/lib/python3.7/site-packages/airflow/example_dags/example_kubernetes_executor.py for tasks to queue
[2022-12-22T01:34:40.909+0000] {logging_mixin.py:137} INFO - [2022-12-22T01:34:40.909+0000] {dagbag.py:538} INFO - Filling up the DagBag from /home/airflow/.local/lib/python3.7/site-packages/airflow/example_dags/example_kubernetes_executor.py
[2022-12-22T01:34:40.942+0000] {processor.py:753} INFO - DAG(s) dict_keys(['example_kubernetes_executor']) retrieved from /home/airflow/.local/lib/python3.7/site-packages/airflow/example_dags/example_kubernetes_executor.py
[2022-12-22T01:34:40.984+0000] {logging_mixin.py:137} INFO - [2022-12-22T01:34:40.984+0000] {dag.py:2676} INFO - Sync 1 DAGs
[2022-12-22T01:34:41.009+0000] {logging_mixin.py:137} INFO - [2022-12-22T01:34:41.009+0000] {dag.py:3427} INFO - Setting next_dagrun for example_kubernetes_executor to None, run_after=None
[2022-12-22T01:34:41.029+0000] {processor.py:175} INFO - Processing /home/airflow/.local/lib/python3.7/site-packages/airflow/example_dags/example_kubernetes_executor.py took 0.125 seconds
[2022-12-22T01:35:11.543+0000] {processor.py:153} INFO - Started process (PID=2834) to work on /home/airflow/.local/lib/python3.7/site-packages/airflow/example_dags/example_kubernetes_executor.py
[2022-12-22T01:35:11.544+0000] {processor.py:743} INFO - Processing file /home/airflow/.local/lib/python3.7/site-packages/airflow/example_dags/example_kubernetes_executor.py for tasks to queue
[2022-12-22T01:35:11.545+0000] {logging_mixin.py:137} INFO - [2022-12-22T01:35:11.545+0000] {dagbag.py:538} INFO - Filling up the DagBag from /home/airflow/.local/lib/python3.7/site-packages/airflow/example_dags/example_kubernetes_executor.py
[2022-12-22T01:35:11.575+0000] {processor.py:753} INFO - DAG(s) dict_keys(['example_kubernetes_executor']) retrieved from /home/airflow/.local/lib/python3.7/site-packages/airflow/example_dags/example_kubernetes_executor.py
[2022-12-22T01:35:11.615+0000] {logging_mixin.py:137} INFO - [2022-12-22T01:35:11.615+0000] {dag.py:2676} INFO - Sync 1 DAGs
[2022-12-22T01:35:11.639+0000] {logging_mixin.py:137} INFO - [2022-12-22T01:35:11.639+0000] {dag.py:3427} INFO - Setting next_dagrun for example_kubernetes_executor to None, run_after=None
[2022-12-22T01:35:11.656+0000] {processor.py:175} INFO - Processing /home/airflow/.local/lib/python3.7/site-packages/airflow/example_dags/example_kubernetes_executor.py took 0.115 seconds
[2022-12-22T01:35:41.978+0000] {processor.py:153} INFO - Started process (PID=2920) to work on /home/airflow/.local/lib/python3.7/site-packages/airflow/example_dags/example_kubernetes_executor.py
[2022-12-22T01:35:41.979+0000] {processor.py:743} INFO - Processing file /home/airflow/.local/lib/python3.7/site-packages/airflow/example_dags/example_kubernetes_executor.py for tasks to queue
[2022-12-22T01:35:41.979+0000] {logging_mixin.py:137} INFO - [2022-12-22T01:35:41.979+0000] {dagbag.py:538} INFO - Filling up the DagBag from /home/airflow/.local/lib/python3.7/site-packages/airflow/example_dags/example_kubernetes_executor.py
[2022-12-22T01:35:42.010+0000] {processor.py:753} INFO - DAG(s) dict_keys(['example_kubernetes_executor']) retrieved from /home/airflow/.local/lib/python3.7/site-packages/airflow/example_dags/example_kubernetes_executor.py
[2022-12-22T01:35:42.049+0000] {logging_mixin.py:137} INFO - [2022-12-22T01:35:42.049+0000] {dag.py:2676} INFO - Sync 1 DAGs
[2022-12-22T01:35:42.074+0000] {logging_mixin.py:137} INFO - [2022-12-22T01:35:42.074+0000] {dag.py:3427} INFO - Setting next_dagrun for example_kubernetes_executor to None, run_after=None
[2022-12-22T01:35:42.090+0000] {processor.py:175} INFO - Processing /home/airflow/.local/lib/python3.7/site-packages/airflow/example_dags/example_kubernetes_executor.py took 0.115 seconds
[2022-12-22T01:36:12.407+0000] {processor.py:153} INFO - Started process (PID=3006) to work on /home/airflow/.local/lib/python3.7/site-packages/airflow/example_dags/example_kubernetes_executor.py
[2022-12-22T01:36:12.407+0000] {processor.py:743} INFO - Processing file /home/airflow/.local/lib/python3.7/site-packages/airflow/example_dags/example_kubernetes_executor.py for tasks to queue
[2022-12-22T01:36:12.408+0000] {logging_mixin.py:137} INFO - [2022-12-22T01:36:12.408+0000] {dagbag.py:538} INFO - Filling up the DagBag from /home/airflow/.local/lib/python3.7/site-packages/airflow/example_dags/example_kubernetes_executor.py
[2022-12-22T01:36:12.435+0000] {processor.py:753} INFO - DAG(s) dict_keys(['example_kubernetes_executor']) retrieved from /home/airflow/.local/lib/python3.7/site-packages/airflow/example_dags/example_kubernetes_executor.py
[2022-12-22T01:36:12.475+0000] {logging_mixin.py:137} INFO - [2022-12-22T01:36:12.474+0000] {dag.py:2676} INFO - Sync 1 DAGs
[2022-12-22T01:36:12.500+0000] {logging_mixin.py:137} INFO - [2022-12-22T01:36:12.500+0000] {dag.py:3427} INFO - Setting next_dagrun for example_kubernetes_executor to None, run_after=None
[2022-12-22T01:36:12.518+0000] {processor.py:175} INFO - Processing /home/airflow/.local/lib/python3.7/site-packages/airflow/example_dags/example_kubernetes_executor.py took 0.114 seconds
[2022-12-22T01:36:42.759+0000] {processor.py:153} INFO - Started process (PID=3116) to work on /home/airflow/.local/lib/python3.7/site-packages/airflow/example_dags/example_kubernetes_executor.py
[2022-12-22T01:36:42.760+0000] {processor.py:743} INFO - Processing file /home/airflow/.local/lib/python3.7/site-packages/airflow/example_dags/example_kubernetes_executor.py for tasks to queue
[2022-12-22T01:36:42.760+0000] {logging_mixin.py:137} INFO - [2022-12-22T01:36:42.760+0000] {dagbag.py:538} INFO - Filling up the DagBag from /home/airflow/.local/lib/python3.7/site-packages/airflow/example_dags/example_kubernetes_executor.py
[2022-12-22T01:36:42.787+0000] {processor.py:753} INFO - DAG(s) dict_keys(['example_kubernetes_executor']) retrieved from /home/airflow/.local/lib/python3.7/site-packages/airflow/example_dags/example_kubernetes_executor.py
[2022-12-22T01:36:42.825+0000] {logging_mixin.py:137} INFO - [2022-12-22T01:36:42.825+0000] {dag.py:2676} INFO - Sync 1 DAGs
[2022-12-22T01:36:42.850+0000] {logging_mixin.py:137} INFO - [2022-12-22T01:36:42.850+0000] {dag.py:3427} INFO - Setting next_dagrun for example_kubernetes_executor to None, run_after=None
[2022-12-22T01:36:42.867+0000] {processor.py:175} INFO - Processing /home/airflow/.local/lib/python3.7/site-packages/airflow/example_dags/example_kubernetes_executor.py took 0.110 seconds
[2022-12-22T01:37:13.051+0000] {processor.py:153} INFO - Started process (PID=3202) to work on /home/airflow/.local/lib/python3.7/site-packages/airflow/example_dags/example_kubernetes_executor.py
[2022-12-22T01:37:13.052+0000] {processor.py:743} INFO - Processing file /home/airflow/.local/lib/python3.7/site-packages/airflow/example_dags/example_kubernetes_executor.py for tasks to queue
[2022-12-22T01:37:13.052+0000] {logging_mixin.py:137} INFO - [2022-12-22T01:37:13.052+0000] {dagbag.py:538} INFO - Filling up the DagBag from /home/airflow/.local/lib/python3.7/site-packages/airflow/example_dags/example_kubernetes_executor.py
[2022-12-22T01:37:13.085+0000] {processor.py:753} INFO - DAG(s) dict_keys(['example_kubernetes_executor']) retrieved from /home/airflow/.local/lib/python3.7/site-packages/airflow/example_dags/example_kubernetes_executor.py
[2022-12-22T01:37:13.127+0000] {logging_mixin.py:137} INFO - [2022-12-22T01:37:13.127+0000] {dag.py:2676} INFO - Sync 1 DAGs
[2022-12-22T01:37:13.156+0000] {logging_mixin.py:137} INFO - [2022-12-22T01:37:13.156+0000] {dag.py:3427} INFO - Setting next_dagrun for example_kubernetes_executor to None, run_after=None
[2022-12-22T01:37:13.178+0000] {processor.py:175} INFO - Processing /home/airflow/.local/lib/python3.7/site-packages/airflow/example_dags/example_kubernetes_executor.py took 0.130 seconds
[2022-12-22T01:37:43.903+0000] {processor.py:153} INFO - Started process (PID=3297) to work on /home/airflow/.local/lib/python3.7/site-packages/airflow/example_dags/example_kubernetes_executor.py
[2022-12-22T01:37:43.904+0000] {processor.py:743} INFO - Processing file /home/airflow/.local/lib/python3.7/site-packages/airflow/example_dags/example_kubernetes_executor.py for tasks to queue
[2022-12-22T01:37:43.904+0000] {logging_mixin.py:137} INFO - [2022-12-22T01:37:43.904+0000] {dagbag.py:538} INFO - Filling up the DagBag from /home/airflow/.local/lib/python3.7/site-packages/airflow/example_dags/example_kubernetes_executor.py
[2022-12-22T01:37:43.934+0000] {processor.py:753} INFO - DAG(s) dict_keys(['example_kubernetes_executor']) retrieved from /home/airflow/.local/lib/python3.7/site-packages/airflow/example_dags/example_kubernetes_executor.py
[2022-12-22T01:37:43.977+0000] {logging_mixin.py:137} INFO - [2022-12-22T01:37:43.977+0000] {dag.py:2676} INFO - Sync 1 DAGs
[2022-12-22T01:37:44.003+0000] {logging_mixin.py:137} INFO - [2022-12-22T01:37:44.003+0000] {dag.py:3427} INFO - Setting next_dagrun for example_kubernetes_executor to None, run_after=None
[2022-12-22T01:37:44.026+0000] {processor.py:175} INFO - Processing /home/airflow/.local/lib/python3.7/site-packages/airflow/example_dags/example_kubernetes_executor.py took 0.126 seconds
[2022-12-22T01:38:14.311+0000] {processor.py:153} INFO - Started process (PID=3398) to work on /home/airflow/.local/lib/python3.7/site-packages/airflow/example_dags/example_kubernetes_executor.py
[2022-12-22T01:38:14.312+0000] {processor.py:743} INFO - Processing file /home/airflow/.local/lib/python3.7/site-packages/airflow/example_dags/example_kubernetes_executor.py for tasks to queue
[2022-12-22T01:38:14.312+0000] {logging_mixin.py:137} INFO - [2022-12-22T01:38:14.312+0000] {dagbag.py:538} INFO - Filling up the DagBag from /home/airflow/.local/lib/python3.7/site-packages/airflow/example_dags/example_kubernetes_executor.py
[2022-12-22T01:38:14.343+0000] {processor.py:753} INFO - DAG(s) dict_keys(['example_kubernetes_executor']) retrieved from /home/airflow/.local/lib/python3.7/site-packages/airflow/example_dags/example_kubernetes_executor.py
[2022-12-22T01:38:14.384+0000] {logging_mixin.py:137} INFO - [2022-12-22T01:38:14.384+0000] {dag.py:2676} INFO - Sync 1 DAGs
[2022-12-22T01:38:14.411+0000] {logging_mixin.py:137} INFO - [2022-12-22T01:38:14.411+0000] {dag.py:3427} INFO - Setting next_dagrun for example_kubernetes_executor to None, run_after=None
[2022-12-22T01:38:14.429+0000] {processor.py:175} INFO - Processing /home/airflow/.local/lib/python3.7/site-packages/airflow/example_dags/example_kubernetes_executor.py took 0.120 seconds
[2022-12-22T01:38:44.726+0000] {processor.py:153} INFO - Started process (PID=3484) to work on /home/airflow/.local/lib/python3.7/site-packages/airflow/example_dags/example_kubernetes_executor.py
[2022-12-22T01:38:44.727+0000] {processor.py:743} INFO - Processing file /home/airflow/.local/lib/python3.7/site-packages/airflow/example_dags/example_kubernetes_executor.py for tasks to queue
[2022-12-22T01:38:44.728+0000] {logging_mixin.py:137} INFO - [2022-12-22T01:38:44.728+0000] {dagbag.py:538} INFO - Filling up the DagBag from /home/airflow/.local/lib/python3.7/site-packages/airflow/example_dags/example_kubernetes_executor.py
[2022-12-22T01:38:44.760+0000] {processor.py:753} INFO - DAG(s) dict_keys(['example_kubernetes_executor']) retrieved from /home/airflow/.local/lib/python3.7/site-packages/airflow/example_dags/example_kubernetes_executor.py
[2022-12-22T01:38:44.810+0000] {logging_mixin.py:137} INFO - [2022-12-22T01:38:44.810+0000] {dag.py:2676} INFO - Sync 1 DAGs
[2022-12-22T01:38:44.838+0000] {logging_mixin.py:137} INFO - [2022-12-22T01:38:44.838+0000] {dag.py:3427} INFO - Setting next_dagrun for example_kubernetes_executor to None, run_after=None
[2022-12-22T01:38:44.856+0000] {processor.py:175} INFO - Processing /home/airflow/.local/lib/python3.7/site-packages/airflow/example_dags/example_kubernetes_executor.py took 0.132 seconds
[2022-12-22T01:39:15.124+0000] {processor.py:153} INFO - Started process (PID=3594) to work on /home/airflow/.local/lib/python3.7/site-packages/airflow/example_dags/example_kubernetes_executor.py
[2022-12-22T01:39:15.125+0000] {processor.py:743} INFO - Processing file /home/airflow/.local/lib/python3.7/site-packages/airflow/example_dags/example_kubernetes_executor.py for tasks to queue
[2022-12-22T01:39:15.125+0000] {logging_mixin.py:137} INFO - [2022-12-22T01:39:15.125+0000] {dagbag.py:538} INFO - Filling up the DagBag from /home/airflow/.local/lib/python3.7/site-packages/airflow/example_dags/example_kubernetes_executor.py
[2022-12-22T01:39:15.205+0000] {processor.py:753} INFO - DAG(s) dict_keys(['example_kubernetes_executor']) retrieved from /home/airflow/.local/lib/python3.7/site-packages/airflow/example_dags/example_kubernetes_executor.py
[2022-12-22T01:39:15.302+0000] {logging_mixin.py:137} INFO - [2022-12-22T01:39:15.302+0000] {dag.py:2676} INFO - Sync 1 DAGs
[2022-12-22T01:39:15.330+0000] {logging_mixin.py:137} INFO - [2022-12-22T01:39:15.330+0000] {dag.py:3427} INFO - Setting next_dagrun for example_kubernetes_executor to None, run_after=None
[2022-12-22T01:39:15.409+0000] {processor.py:175} INFO - Processing /home/airflow/.local/lib/python3.7/site-packages/airflow/example_dags/example_kubernetes_executor.py took 0.287 seconds
[2022-12-22T01:39:45.987+0000] {processor.py:153} INFO - Started process (PID=3680) to work on /home/airflow/.local/lib/python3.7/site-packages/airflow/example_dags/example_kubernetes_executor.py
[2022-12-22T01:39:45.988+0000] {processor.py:743} INFO - Processing file /home/airflow/.local/lib/python3.7/site-packages/airflow/example_dags/example_kubernetes_executor.py for tasks to queue
[2022-12-22T01:39:45.989+0000] {logging_mixin.py:137} INFO - [2022-12-22T01:39:45.989+0000] {dagbag.py:538} INFO - Filling up the DagBag from /home/airflow/.local/lib/python3.7/site-packages/airflow/example_dags/example_kubernetes_executor.py
[2022-12-22T01:39:46.028+0000] {processor.py:753} INFO - DAG(s) dict_keys(['example_kubernetes_executor']) retrieved from /home/airflow/.local/lib/python3.7/site-packages/airflow/example_dags/example_kubernetes_executor.py
[2022-12-22T01:39:46.189+0000] {logging_mixin.py:137} INFO - [2022-12-22T01:39:46.189+0000] {dag.py:2676} INFO - Sync 1 DAGs
[2022-12-22T01:39:46.220+0000] {logging_mixin.py:137} INFO - [2022-12-22T01:39:46.220+0000] {dag.py:3427} INFO - Setting next_dagrun for example_kubernetes_executor to None, run_after=None
[2022-12-22T01:39:46.240+0000] {processor.py:175} INFO - Processing /home/airflow/.local/lib/python3.7/site-packages/airflow/example_dags/example_kubernetes_executor.py took 0.265 seconds
[2022-12-22T01:40:16.877+0000] {processor.py:153} INFO - Started process (PID=3766) to work on /home/airflow/.local/lib/python3.7/site-packages/airflow/example_dags/example_kubernetes_executor.py
[2022-12-22T01:40:16.878+0000] {processor.py:743} INFO - Processing file /home/airflow/.local/lib/python3.7/site-packages/airflow/example_dags/example_kubernetes_executor.py for tasks to queue
[2022-12-22T01:40:16.878+0000] {logging_mixin.py:137} INFO - [2022-12-22T01:40:16.878+0000] {dagbag.py:538} INFO - Filling up the DagBag from /home/airflow/.local/lib/python3.7/site-packages/airflow/example_dags/example_kubernetes_executor.py
[2022-12-22T01:40:16.906+0000] {processor.py:753} INFO - DAG(s) dict_keys(['example_kubernetes_executor']) retrieved from /home/airflow/.local/lib/python3.7/site-packages/airflow/example_dags/example_kubernetes_executor.py
[2022-12-22T01:40:16.946+0000] {logging_mixin.py:137} INFO - [2022-12-22T01:40:16.945+0000] {dag.py:2676} INFO - Sync 1 DAGs
[2022-12-22T01:40:16.970+0000] {logging_mixin.py:137} INFO - [2022-12-22T01:40:16.970+0000] {dag.py:3427} INFO - Setting next_dagrun for example_kubernetes_executor to None, run_after=None
[2022-12-22T01:40:16.987+0000] {processor.py:175} INFO - Processing /home/airflow/.local/lib/python3.7/site-packages/airflow/example_dags/example_kubernetes_executor.py took 0.113 seconds
[2022-12-22T01:40:47.113+0000] {processor.py:153} INFO - Started process (PID=3852) to work on /home/airflow/.local/lib/python3.7/site-packages/airflow/example_dags/example_kubernetes_executor.py
[2022-12-22T01:40:47.114+0000] {processor.py:743} INFO - Processing file /home/airflow/.local/lib/python3.7/site-packages/airflow/example_dags/example_kubernetes_executor.py for tasks to queue
[2022-12-22T01:40:47.114+0000] {logging_mixin.py:137} INFO - [2022-12-22T01:40:47.114+0000] {dagbag.py:538} INFO - Filling up the DagBag from /home/airflow/.local/lib/python3.7/site-packages/airflow/example_dags/example_kubernetes_executor.py
[2022-12-22T01:40:47.145+0000] {processor.py:753} INFO - DAG(s) dict_keys(['example_kubernetes_executor']) retrieved from /home/airflow/.local/lib/python3.7/site-packages/airflow/example_dags/example_kubernetes_executor.py
[2022-12-22T01:40:47.188+0000] {logging_mixin.py:137} INFO - [2022-12-22T01:40:47.188+0000] {dag.py:2676} INFO - Sync 1 DAGs
[2022-12-22T01:40:47.212+0000] {logging_mixin.py:137} INFO - [2022-12-22T01:40:47.212+0000] {dag.py:3427} INFO - Setting next_dagrun for example_kubernetes_executor to None, run_after=None
[2022-12-22T01:40:47.230+0000] {processor.py:175} INFO - Processing /home/airflow/.local/lib/python3.7/site-packages/airflow/example_dags/example_kubernetes_executor.py took 0.120 seconds
[2022-12-22T01:41:17.737+0000] {processor.py:153} INFO - Started process (PID=3962) to work on /home/airflow/.local/lib/python3.7/site-packages/airflow/example_dags/example_kubernetes_executor.py
[2022-12-22T01:41:17.738+0000] {processor.py:743} INFO - Processing file /home/airflow/.local/lib/python3.7/site-packages/airflow/example_dags/example_kubernetes_executor.py for tasks to queue
[2022-12-22T01:41:17.739+0000] {logging_mixin.py:137} INFO - [2022-12-22T01:41:17.738+0000] {dagbag.py:538} INFO - Filling up the DagBag from /home/airflow/.local/lib/python3.7/site-packages/airflow/example_dags/example_kubernetes_executor.py
[2022-12-22T01:41:17.766+0000] {processor.py:753} INFO - DAG(s) dict_keys(['example_kubernetes_executor']) retrieved from /home/airflow/.local/lib/python3.7/site-packages/airflow/example_dags/example_kubernetes_executor.py
[2022-12-22T01:41:17.808+0000] {logging_mixin.py:137} INFO - [2022-12-22T01:41:17.808+0000] {dag.py:2676} INFO - Sync 1 DAGs
[2022-12-22T01:41:17.831+0000] {logging_mixin.py:137} INFO - [2022-12-22T01:41:17.831+0000] {dag.py:3427} INFO - Setting next_dagrun for example_kubernetes_executor to None, run_after=None
[2022-12-22T01:41:17.851+0000] {processor.py:175} INFO - Processing /home/airflow/.local/lib/python3.7/site-packages/airflow/example_dags/example_kubernetes_executor.py took 0.116 seconds
[2022-12-22T01:41:47.975+0000] {processor.py:153} INFO - Started process (PID=4048) to work on /home/airflow/.local/lib/python3.7/site-packages/airflow/example_dags/example_kubernetes_executor.py
[2022-12-22T01:41:47.976+0000] {processor.py:743} INFO - Processing file /home/airflow/.local/lib/python3.7/site-packages/airflow/example_dags/example_kubernetes_executor.py for tasks to queue
[2022-12-22T01:41:47.977+0000] {logging_mixin.py:137} INFO - [2022-12-22T01:41:47.977+0000] {dagbag.py:538} INFO - Filling up the DagBag from /home/airflow/.local/lib/python3.7/site-packages/airflow/example_dags/example_kubernetes_executor.py
[2022-12-22T01:41:48.007+0000] {processor.py:753} INFO - DAG(s) dict_keys(['example_kubernetes_executor']) retrieved from /home/airflow/.local/lib/python3.7/site-packages/airflow/example_dags/example_kubernetes_executor.py
[2022-12-22T01:41:48.048+0000] {logging_mixin.py:137} INFO - [2022-12-22T01:41:48.048+0000] {dag.py:2676} INFO - Sync 1 DAGs
[2022-12-22T01:41:48.075+0000] {logging_mixin.py:137} INFO - [2022-12-22T01:41:48.074+0000] {dag.py:3427} INFO - Setting next_dagrun for example_kubernetes_executor to None, run_after=None
[2022-12-22T01:41:48.092+0000] {processor.py:175} INFO - Processing /home/airflow/.local/lib/python3.7/site-packages/airflow/example_dags/example_kubernetes_executor.py took 0.120 seconds
[2022-12-22T01:42:18.661+0000] {processor.py:153} INFO - Started process (PID=4158) to work on /home/airflow/.local/lib/python3.7/site-packages/airflow/example_dags/example_kubernetes_executor.py
[2022-12-22T01:42:18.662+0000] {processor.py:743} INFO - Processing file /home/airflow/.local/lib/python3.7/site-packages/airflow/example_dags/example_kubernetes_executor.py for tasks to queue
[2022-12-22T01:42:18.663+0000] {logging_mixin.py:137} INFO - [2022-12-22T01:42:18.663+0000] {dagbag.py:538} INFO - Filling up the DagBag from /home/airflow/.local/lib/python3.7/site-packages/airflow/example_dags/example_kubernetes_executor.py
[2022-12-22T01:42:18.691+0000] {processor.py:753} INFO - DAG(s) dict_keys(['example_kubernetes_executor']) retrieved from /home/airflow/.local/lib/python3.7/site-packages/airflow/example_dags/example_kubernetes_executor.py
[2022-12-22T01:42:18.730+0000] {logging_mixin.py:137} INFO - [2022-12-22T01:42:18.729+0000] {dag.py:2676} INFO - Sync 1 DAGs
[2022-12-22T01:42:18.755+0000] {logging_mixin.py:137} INFO - [2022-12-22T01:42:18.754+0000] {dag.py:3427} INFO - Setting next_dagrun for example_kubernetes_executor to None, run_after=None
[2022-12-22T01:42:18.772+0000] {processor.py:175} INFO - Processing /home/airflow/.local/lib/python3.7/site-packages/airflow/example_dags/example_kubernetes_executor.py took 0.113 seconds
[2022-12-22T01:42:49.259+0000] {processor.py:153} INFO - Started process (PID=4244) to work on /home/airflow/.local/lib/python3.7/site-packages/airflow/example_dags/example_kubernetes_executor.py
[2022-12-22T01:42:49.260+0000] {processor.py:743} INFO - Processing file /home/airflow/.local/lib/python3.7/site-packages/airflow/example_dags/example_kubernetes_executor.py for tasks to queue
[2022-12-22T01:42:49.260+0000] {logging_mixin.py:137} INFO - [2022-12-22T01:42:49.260+0000] {dagbag.py:538} INFO - Filling up the DagBag from /home/airflow/.local/lib/python3.7/site-packages/airflow/example_dags/example_kubernetes_executor.py
[2022-12-22T01:42:49.307+0000] {processor.py:753} INFO - DAG(s) dict_keys(['example_kubernetes_executor']) retrieved from /home/airflow/.local/lib/python3.7/site-packages/airflow/example_dags/example_kubernetes_executor.py
[2022-12-22T01:42:49.349+0000] {logging_mixin.py:137} INFO - [2022-12-22T01:42:49.349+0000] {dag.py:2676} INFO - Sync 1 DAGs
[2022-12-22T01:42:49.407+0000] {logging_mixin.py:137} INFO - [2022-12-22T01:42:49.407+0000] {dag.py:3427} INFO - Setting next_dagrun for example_kubernetes_executor to None, run_after=None
[2022-12-22T01:42:49.425+0000] {processor.py:175} INFO - Processing /home/airflow/.local/lib/python3.7/site-packages/airflow/example_dags/example_kubernetes_executor.py took 0.169 seconds
[2022-12-22T01:43:20.104+0000] {processor.py:153} INFO - Started process (PID=4339) to work on /home/airflow/.local/lib/python3.7/site-packages/airflow/example_dags/example_kubernetes_executor.py
[2022-12-22T01:43:20.105+0000] {processor.py:743} INFO - Processing file /home/airflow/.local/lib/python3.7/site-packages/airflow/example_dags/example_kubernetes_executor.py for tasks to queue
[2022-12-22T01:43:20.107+0000] {logging_mixin.py:137} INFO - [2022-12-22T01:43:20.107+0000] {dagbag.py:538} INFO - Filling up the DagBag from /home/airflow/.local/lib/python3.7/site-packages/airflow/example_dags/example_kubernetes_executor.py
[2022-12-22T01:43:20.138+0000] {processor.py:753} INFO - DAG(s) dict_keys(['example_kubernetes_executor']) retrieved from /home/airflow/.local/lib/python3.7/site-packages/airflow/example_dags/example_kubernetes_executor.py
[2022-12-22T01:43:20.187+0000] {logging_mixin.py:137} INFO - [2022-12-22T01:43:20.186+0000] {dag.py:2676} INFO - Sync 1 DAGs
[2022-12-22T01:43:20.220+0000] {logging_mixin.py:137} INFO - [2022-12-22T01:43:20.220+0000] {dag.py:3427} INFO - Setting next_dagrun for example_kubernetes_executor to None, run_after=None
[2022-12-22T01:43:20.240+0000] {processor.py:175} INFO - Processing /home/airflow/.local/lib/python3.7/site-packages/airflow/example_dags/example_kubernetes_executor.py took 0.139 seconds
[2022-12-22T01:43:50.734+0000] {processor.py:153} INFO - Started process (PID=4440) to work on /home/airflow/.local/lib/python3.7/site-packages/airflow/example_dags/example_kubernetes_executor.py
[2022-12-22T01:43:50.735+0000] {processor.py:743} INFO - Processing file /home/airflow/.local/lib/python3.7/site-packages/airflow/example_dags/example_kubernetes_executor.py for tasks to queue
[2022-12-22T01:43:50.736+0000] {logging_mixin.py:137} INFO - [2022-12-22T01:43:50.736+0000] {dagbag.py:538} INFO - Filling up the DagBag from /home/airflow/.local/lib/python3.7/site-packages/airflow/example_dags/example_kubernetes_executor.py
[2022-12-22T01:43:50.763+0000] {processor.py:753} INFO - DAG(s) dict_keys(['example_kubernetes_executor']) retrieved from /home/airflow/.local/lib/python3.7/site-packages/airflow/example_dags/example_kubernetes_executor.py
[2022-12-22T01:43:50.801+0000] {logging_mixin.py:137} INFO - [2022-12-22T01:43:50.801+0000] {dag.py:2676} INFO - Sync 1 DAGs
[2022-12-22T01:43:50.825+0000] {logging_mixin.py:137} INFO - [2022-12-22T01:43:50.825+0000] {dag.py:3427} INFO - Setting next_dagrun for example_kubernetes_executor to None, run_after=None
[2022-12-22T01:43:50.843+0000] {processor.py:175} INFO - Processing /home/airflow/.local/lib/python3.7/site-packages/airflow/example_dags/example_kubernetes_executor.py took 0.112 seconds
[2022-12-22T01:44:21.155+0000] {processor.py:153} INFO - Started process (PID=4526) to work on /home/airflow/.local/lib/python3.7/site-packages/airflow/example_dags/example_kubernetes_executor.py
[2022-12-22T01:44:21.156+0000] {processor.py:743} INFO - Processing file /home/airflow/.local/lib/python3.7/site-packages/airflow/example_dags/example_kubernetes_executor.py for tasks to queue
[2022-12-22T01:44:21.156+0000] {logging_mixin.py:137} INFO - [2022-12-22T01:44:21.156+0000] {dagbag.py:538} INFO - Filling up the DagBag from /home/airflow/.local/lib/python3.7/site-packages/airflow/example_dags/example_kubernetes_executor.py
[2022-12-22T01:44:21.186+0000] {processor.py:753} INFO - DAG(s) dict_keys(['example_kubernetes_executor']) retrieved from /home/airflow/.local/lib/python3.7/site-packages/airflow/example_dags/example_kubernetes_executor.py
[2022-12-22T01:44:21.226+0000] {logging_mixin.py:137} INFO - [2022-12-22T01:44:21.226+0000] {dag.py:2676} INFO - Sync 1 DAGs
[2022-12-22T01:44:21.252+0000] {logging_mixin.py:137} INFO - [2022-12-22T01:44:21.252+0000] {dag.py:3427} INFO - Setting next_dagrun for example_kubernetes_executor to None, run_after=None
[2022-12-22T01:44:21.275+0000] {processor.py:175} INFO - Processing /home/airflow/.local/lib/python3.7/site-packages/airflow/example_dags/example_kubernetes_executor.py took 0.122 seconds
[2022-12-22T01:44:52.319+0000] {processor.py:153} INFO - Started process (PID=4636) to work on /home/airflow/.local/lib/python3.7/site-packages/airflow/example_dags/example_kubernetes_executor.py
[2022-12-22T01:44:52.320+0000] {processor.py:743} INFO - Processing file /home/airflow/.local/lib/python3.7/site-packages/airflow/example_dags/example_kubernetes_executor.py for tasks to queue
[2022-12-22T01:44:52.321+0000] {logging_mixin.py:137} INFO - [2022-12-22T01:44:52.321+0000] {dagbag.py:538} INFO - Filling up the DagBag from /home/airflow/.local/lib/python3.7/site-packages/airflow/example_dags/example_kubernetes_executor.py
[2022-12-22T01:44:52.412+0000] {processor.py:753} INFO - DAG(s) dict_keys(['example_kubernetes_executor']) retrieved from /home/airflow/.local/lib/python3.7/site-packages/airflow/example_dags/example_kubernetes_executor.py
[2022-12-22T01:44:52.515+0000] {logging_mixin.py:137} INFO - [2022-12-22T01:44:52.515+0000] {dag.py:2676} INFO - Sync 1 DAGs
[2022-12-22T01:44:52.607+0000] {logging_mixin.py:137} INFO - [2022-12-22T01:44:52.607+0000] {dag.py:3427} INFO - Setting next_dagrun for example_kubernetes_executor to None, run_after=None
[2022-12-22T01:44:52.692+0000] {processor.py:175} INFO - Processing /home/airflow/.local/lib/python3.7/site-packages/airflow/example_dags/example_kubernetes_executor.py took 0.377 seconds
[2022-12-22T01:45:22.718+0000] {processor.py:153} INFO - Started process (PID=4722) to work on /home/airflow/.local/lib/python3.7/site-packages/airflow/example_dags/example_kubernetes_executor.py
[2022-12-22T01:45:22.718+0000] {processor.py:743} INFO - Processing file /home/airflow/.local/lib/python3.7/site-packages/airflow/example_dags/example_kubernetes_executor.py for tasks to queue
[2022-12-22T01:45:22.719+0000] {logging_mixin.py:137} INFO - [2022-12-22T01:45:22.719+0000] {dagbag.py:538} INFO - Filling up the DagBag from /home/airflow/.local/lib/python3.7/site-packages/airflow/example_dags/example_kubernetes_executor.py
[2022-12-22T01:45:22.748+0000] {processor.py:753} INFO - DAG(s) dict_keys(['example_kubernetes_executor']) retrieved from /home/airflow/.local/lib/python3.7/site-packages/airflow/example_dags/example_kubernetes_executor.py
[2022-12-22T01:45:22.786+0000] {logging_mixin.py:137} INFO - [2022-12-22T01:45:22.786+0000] {dag.py:2676} INFO - Sync 1 DAGs
[2022-12-22T01:45:22.808+0000] {logging_mixin.py:137} INFO - [2022-12-22T01:45:22.808+0000] {dag.py:3427} INFO - Setting next_dagrun for example_kubernetes_executor to None, run_after=None
[2022-12-22T01:45:22.825+0000] {processor.py:175} INFO - Processing /home/airflow/.local/lib/python3.7/site-packages/airflow/example_dags/example_kubernetes_executor.py took 0.110 seconds
[2022-12-22T01:45:52.900+0000] {processor.py:153} INFO - Started process (PID=4808) to work on /home/airflow/.local/lib/python3.7/site-packages/airflow/example_dags/example_kubernetes_executor.py
[2022-12-22T01:45:52.901+0000] {processor.py:743} INFO - Processing file /home/airflow/.local/lib/python3.7/site-packages/airflow/example_dags/example_kubernetes_executor.py for tasks to queue
[2022-12-22T01:45:52.901+0000] {logging_mixin.py:137} INFO - [2022-12-22T01:45:52.901+0000] {dagbag.py:538} INFO - Filling up the DagBag from /home/airflow/.local/lib/python3.7/site-packages/airflow/example_dags/example_kubernetes_executor.py
[2022-12-22T01:45:52.928+0000] {processor.py:753} INFO - DAG(s) dict_keys(['example_kubernetes_executor']) retrieved from /home/airflow/.local/lib/python3.7/site-packages/airflow/example_dags/example_kubernetes_executor.py
[2022-12-22T01:45:52.987+0000] {logging_mixin.py:137} INFO - [2022-12-22T01:45:52.987+0000] {dag.py:2676} INFO - Sync 1 DAGs
[2022-12-22T01:45:53.012+0000] {logging_mixin.py:137} INFO - [2022-12-22T01:45:53.012+0000] {dag.py:3427} INFO - Setting next_dagrun for example_kubernetes_executor to None, run_after=None
[2022-12-22T01:45:53.030+0000] {processor.py:175} INFO - Processing /home/airflow/.local/lib/python3.7/site-packages/airflow/example_dags/example_kubernetes_executor.py took 0.132 seconds
[2022-12-22T01:46:24.183+0000] {processor.py:153} INFO - Started process (PID=4894) to work on /home/airflow/.local/lib/python3.7/site-packages/airflow/example_dags/example_kubernetes_executor.py
[2022-12-22T01:46:24.184+0000] {processor.py:743} INFO - Processing file /home/airflow/.local/lib/python3.7/site-packages/airflow/example_dags/example_kubernetes_executor.py for tasks to queue
[2022-12-22T01:46:24.185+0000] {logging_mixin.py:137} INFO - [2022-12-22T01:46:24.184+0000] {dagbag.py:538} INFO - Filling up the DagBag from /home/airflow/.local/lib/python3.7/site-packages/airflow/example_dags/example_kubernetes_executor.py
[2022-12-22T01:46:24.216+0000] {processor.py:753} INFO - DAG(s) dict_keys(['example_kubernetes_executor']) retrieved from /home/airflow/.local/lib/python3.7/site-packages/airflow/example_dags/example_kubernetes_executor.py
[2022-12-22T01:46:24.261+0000] {logging_mixin.py:137} INFO - [2022-12-22T01:46:24.261+0000] {dag.py:2676} INFO - Sync 1 DAGs
[2022-12-22T01:46:24.287+0000] {logging_mixin.py:137} INFO - [2022-12-22T01:46:24.287+0000] {dag.py:3427} INFO - Setting next_dagrun for example_kubernetes_executor to None, run_after=None
[2022-12-22T01:46:24.306+0000] {processor.py:175} INFO - Processing /home/airflow/.local/lib/python3.7/site-packages/airflow/example_dags/example_kubernetes_executor.py took 0.126 seconds
[2022-12-22T01:46:54.988+0000] {processor.py:153} INFO - Started process (PID=5004) to work on /home/airflow/.local/lib/python3.7/site-packages/airflow/example_dags/example_kubernetes_executor.py
[2022-12-22T01:46:54.989+0000] {processor.py:743} INFO - Processing file /home/airflow/.local/lib/python3.7/site-packages/airflow/example_dags/example_kubernetes_executor.py for tasks to queue
[2022-12-22T01:46:54.989+0000] {logging_mixin.py:137} INFO - [2022-12-22T01:46:54.989+0000] {dagbag.py:538} INFO - Filling up the DagBag from /home/airflow/.local/lib/python3.7/site-packages/airflow/example_dags/example_kubernetes_executor.py
[2022-12-22T01:46:55.017+0000] {processor.py:753} INFO - DAG(s) dict_keys(['example_kubernetes_executor']) retrieved from /home/airflow/.local/lib/python3.7/site-packages/airflow/example_dags/example_kubernetes_executor.py
[2022-12-22T01:46:55.057+0000] {logging_mixin.py:137} INFO - [2022-12-22T01:46:55.056+0000] {dag.py:2676} INFO - Sync 1 DAGs
[2022-12-22T01:46:55.080+0000] {logging_mixin.py:137} INFO - [2022-12-22T01:46:55.080+0000] {dag.py:3427} INFO - Setting next_dagrun for example_kubernetes_executor to None, run_after=None
[2022-12-22T01:46:55.096+0000] {processor.py:175} INFO - Processing /home/airflow/.local/lib/python3.7/site-packages/airflow/example_dags/example_kubernetes_executor.py took 0.111 seconds
[2022-12-22T01:47:26.043+0000] {processor.py:153} INFO - Started process (PID=5090) to work on /home/airflow/.local/lib/python3.7/site-packages/airflow/example_dags/example_kubernetes_executor.py
[2022-12-22T01:47:26.044+0000] {processor.py:743} INFO - Processing file /home/airflow/.local/lib/python3.7/site-packages/airflow/example_dags/example_kubernetes_executor.py for tasks to queue
[2022-12-22T01:47:26.045+0000] {logging_mixin.py:137} INFO - [2022-12-22T01:47:26.045+0000] {dagbag.py:538} INFO - Filling up the DagBag from /home/airflow/.local/lib/python3.7/site-packages/airflow/example_dags/example_kubernetes_executor.py
[2022-12-22T01:47:26.073+0000] {processor.py:753} INFO - DAG(s) dict_keys(['example_kubernetes_executor']) retrieved from /home/airflow/.local/lib/python3.7/site-packages/airflow/example_dags/example_kubernetes_executor.py
[2022-12-22T01:47:26.113+0000] {logging_mixin.py:137} INFO - [2022-12-22T01:47:26.113+0000] {dag.py:2676} INFO - Sync 1 DAGs
[2022-12-22T01:47:26.139+0000] {logging_mixin.py:137} INFO - [2022-12-22T01:47:26.139+0000] {dag.py:3427} INFO - Setting next_dagrun for example_kubernetes_executor to None, run_after=None
[2022-12-22T01:47:26.157+0000] {processor.py:175} INFO - Processing /home/airflow/.local/lib/python3.7/site-packages/airflow/example_dags/example_kubernetes_executor.py took 0.116 seconds
[2022-12-22T01:47:56.939+0000] {processor.py:153} INFO - Started process (PID=5200) to work on /home/airflow/.local/lib/python3.7/site-packages/airflow/example_dags/example_kubernetes_executor.py
[2022-12-22T01:47:56.940+0000] {processor.py:743} INFO - Processing file /home/airflow/.local/lib/python3.7/site-packages/airflow/example_dags/example_kubernetes_executor.py for tasks to queue
[2022-12-22T01:47:56.941+0000] {logging_mixin.py:137} INFO - [2022-12-22T01:47:56.941+0000] {dagbag.py:538} INFO - Filling up the DagBag from /home/airflow/.local/lib/python3.7/site-packages/airflow/example_dags/example_kubernetes_executor.py
[2022-12-22T01:47:56.972+0000] {processor.py:753} INFO - DAG(s) dict_keys(['example_kubernetes_executor']) retrieved from /home/airflow/.local/lib/python3.7/site-packages/airflow/example_dags/example_kubernetes_executor.py
[2022-12-22T01:47:57.015+0000] {logging_mixin.py:137} INFO - [2022-12-22T01:47:57.015+0000] {dag.py:2676} INFO - Sync 1 DAGs
[2022-12-22T01:47:57.045+0000] {logging_mixin.py:137} INFO - [2022-12-22T01:47:57.045+0000] {dag.py:3427} INFO - Setting next_dagrun for example_kubernetes_executor to None, run_after=None
[2022-12-22T01:47:57.063+0000] {processor.py:175} INFO - Processing /home/airflow/.local/lib/python3.7/site-packages/airflow/example_dags/example_kubernetes_executor.py took 0.126 seconds
[2022-12-22T01:48:27.796+0000] {processor.py:153} INFO - Started process (PID=5286) to work on /home/airflow/.local/lib/python3.7/site-packages/airflow/example_dags/example_kubernetes_executor.py
[2022-12-22T01:48:27.797+0000] {processor.py:743} INFO - Processing file /home/airflow/.local/lib/python3.7/site-packages/airflow/example_dags/example_kubernetes_executor.py for tasks to queue
[2022-12-22T01:48:27.798+0000] {logging_mixin.py:137} INFO - [2022-12-22T01:48:27.797+0000] {dagbag.py:538} INFO - Filling up the DagBag from /home/airflow/.local/lib/python3.7/site-packages/airflow/example_dags/example_kubernetes_executor.py
[2022-12-22T01:48:27.826+0000] {processor.py:753} INFO - DAG(s) dict_keys(['example_kubernetes_executor']) retrieved from /home/airflow/.local/lib/python3.7/site-packages/airflow/example_dags/example_kubernetes_executor.py
[2022-12-22T01:48:27.914+0000] {logging_mixin.py:137} INFO - [2022-12-22T01:48:27.914+0000] {dag.py:2676} INFO - Sync 1 DAGs
[2022-12-22T01:48:27.940+0000] {logging_mixin.py:137} INFO - [2022-12-22T01:48:27.940+0000] {dag.py:3427} INFO - Setting next_dagrun for example_kubernetes_executor to None, run_after=None
[2022-12-22T01:48:28.001+0000] {processor.py:175} INFO - Processing /home/airflow/.local/lib/python3.7/site-packages/airflow/example_dags/example_kubernetes_executor.py took 0.208 seconds
[2022-12-22T01:48:58.621+0000] {processor.py:153} INFO - Started process (PID=5372) to work on /home/airflow/.local/lib/python3.7/site-packages/airflow/example_dags/example_kubernetes_executor.py
[2022-12-22T01:48:58.622+0000] {processor.py:743} INFO - Processing file /home/airflow/.local/lib/python3.7/site-packages/airflow/example_dags/example_kubernetes_executor.py for tasks to queue
[2022-12-22T01:48:58.622+0000] {logging_mixin.py:137} INFO - [2022-12-22T01:48:58.622+0000] {dagbag.py:538} INFO - Filling up the DagBag from /home/airflow/.local/lib/python3.7/site-packages/airflow/example_dags/example_kubernetes_executor.py
[2022-12-22T01:48:58.651+0000] {processor.py:753} INFO - DAG(s) dict_keys(['example_kubernetes_executor']) retrieved from /home/airflow/.local/lib/python3.7/site-packages/airflow/example_dags/example_kubernetes_executor.py
[2022-12-22T01:48:58.693+0000] {logging_mixin.py:137} INFO - [2022-12-22T01:48:58.693+0000] {dag.py:2676} INFO - Sync 1 DAGs
[2022-12-22T01:48:58.718+0000] {logging_mixin.py:137} INFO - [2022-12-22T01:48:58.718+0000] {dag.py:3427} INFO - Setting next_dagrun for example_kubernetes_executor to None, run_after=None
[2022-12-22T01:48:58.734+0000] {processor.py:175} INFO - Processing /home/airflow/.local/lib/python3.7/site-packages/airflow/example_dags/example_kubernetes_executor.py took 0.116 seconds
[2022-12-22T01:49:28.908+0000] {processor.py:153} INFO - Started process (PID=5482) to work on /home/airflow/.local/lib/python3.7/site-packages/airflow/example_dags/example_kubernetes_executor.py
[2022-12-22T01:49:28.909+0000] {processor.py:743} INFO - Processing file /home/airflow/.local/lib/python3.7/site-packages/airflow/example_dags/example_kubernetes_executor.py for tasks to queue
[2022-12-22T01:49:28.910+0000] {logging_mixin.py:137} INFO - [2022-12-22T01:49:28.910+0000] {dagbag.py:538} INFO - Filling up the DagBag from /home/airflow/.local/lib/python3.7/site-packages/airflow/example_dags/example_kubernetes_executor.py
[2022-12-22T01:49:28.947+0000] {processor.py:753} INFO - DAG(s) dict_keys(['example_kubernetes_executor']) retrieved from /home/airflow/.local/lib/python3.7/site-packages/airflow/example_dags/example_kubernetes_executor.py
[2022-12-22T01:49:28.998+0000] {logging_mixin.py:137} INFO - [2022-12-22T01:49:28.998+0000] {dag.py:2676} INFO - Sync 1 DAGs
[2022-12-22T01:49:29.027+0000] {logging_mixin.py:137} INFO - [2022-12-22T01:49:29.027+0000] {dag.py:3427} INFO - Setting next_dagrun for example_kubernetes_executor to None, run_after=None
[2022-12-22T01:49:29.051+0000] {processor.py:175} INFO - Processing /home/airflow/.local/lib/python3.7/site-packages/airflow/example_dags/example_kubernetes_executor.py took 0.146 seconds
[2022-12-22T01:49:59.459+0000] {processor.py:153} INFO - Started process (PID=5568) to work on /home/airflow/.local/lib/python3.7/site-packages/airflow/example_dags/example_kubernetes_executor.py
[2022-12-22T01:49:59.460+0000] {processor.py:743} INFO - Processing file /home/airflow/.local/lib/python3.7/site-packages/airflow/example_dags/example_kubernetes_executor.py for tasks to queue
[2022-12-22T01:49:59.460+0000] {logging_mixin.py:137} INFO - [2022-12-22T01:49:59.460+0000] {dagbag.py:538} INFO - Filling up the DagBag from /home/airflow/.local/lib/python3.7/site-packages/airflow/example_dags/example_kubernetes_executor.py
[2022-12-22T01:49:59.488+0000] {processor.py:753} INFO - DAG(s) dict_keys(['example_kubernetes_executor']) retrieved from /home/airflow/.local/lib/python3.7/site-packages/airflow/example_dags/example_kubernetes_executor.py
[2022-12-22T01:49:59.528+0000] {logging_mixin.py:137} INFO - [2022-12-22T01:49:59.528+0000] {dag.py:2676} INFO - Sync 1 DAGs
[2022-12-22T01:49:59.553+0000] {logging_mixin.py:137} INFO - [2022-12-22T01:49:59.553+0000] {dag.py:3427} INFO - Setting next_dagrun for example_kubernetes_executor to None, run_after=None
[2022-12-22T01:49:59.572+0000] {processor.py:175} INFO - Processing /home/airflow/.local/lib/python3.7/site-packages/airflow/example_dags/example_kubernetes_executor.py took 0.115 seconds
[2022-12-22T01:50:30.301+0000] {processor.py:153} INFO - Started process (PID=5654) to work on /home/airflow/.local/lib/python3.7/site-packages/airflow/example_dags/example_kubernetes_executor.py
[2022-12-22T01:50:30.302+0000] {processor.py:743} INFO - Processing file /home/airflow/.local/lib/python3.7/site-packages/airflow/example_dags/example_kubernetes_executor.py for tasks to queue
[2022-12-22T01:50:30.302+0000] {logging_mixin.py:137} INFO - [2022-12-22T01:50:30.302+0000] {dagbag.py:538} INFO - Filling up the DagBag from /home/airflow/.local/lib/python3.7/site-packages/airflow/example_dags/example_kubernetes_executor.py
[2022-12-22T01:50:30.328+0000] {processor.py:753} INFO - DAG(s) dict_keys(['example_kubernetes_executor']) retrieved from /home/airflow/.local/lib/python3.7/site-packages/airflow/example_dags/example_kubernetes_executor.py
[2022-12-22T01:50:30.365+0000] {logging_mixin.py:137} INFO - [2022-12-22T01:50:30.365+0000] {dag.py:2676} INFO - Sync 1 DAGs
[2022-12-22T01:50:30.387+0000] {logging_mixin.py:137} INFO - [2022-12-22T01:50:30.386+0000] {dag.py:3427} INFO - Setting next_dagrun for example_kubernetes_executor to None, run_after=None
[2022-12-22T01:50:30.404+0000] {processor.py:175} INFO - Processing /home/airflow/.local/lib/python3.7/site-packages/airflow/example_dags/example_kubernetes_executor.py took 0.106 seconds
[2022-12-22T01:51:02.007+0000] {processor.py:153} INFO - Started process (PID=5764) to work on /home/airflow/.local/lib/python3.7/site-packages/airflow/example_dags/example_kubernetes_executor.py
[2022-12-22T01:51:02.008+0000] {processor.py:743} INFO - Processing file /home/airflow/.local/lib/python3.7/site-packages/airflow/example_dags/example_kubernetes_executor.py for tasks to queue
[2022-12-22T01:51:02.009+0000] {logging_mixin.py:137} INFO - [2022-12-22T01:51:02.009+0000] {dagbag.py:538} INFO - Filling up the DagBag from /home/airflow/.local/lib/python3.7/site-packages/airflow/example_dags/example_kubernetes_executor.py
[2022-12-22T01:51:02.039+0000] {processor.py:753} INFO - DAG(s) dict_keys(['example_kubernetes_executor']) retrieved from /home/airflow/.local/lib/python3.7/site-packages/airflow/example_dags/example_kubernetes_executor.py
[2022-12-22T01:51:02.102+0000] {logging_mixin.py:137} INFO - [2022-12-22T01:51:02.102+0000] {dag.py:2676} INFO - Sync 1 DAGs
[2022-12-22T01:51:02.130+0000] {logging_mixin.py:137} INFO - [2022-12-22T01:51:02.129+0000] {dag.py:3427} INFO - Setting next_dagrun for example_kubernetes_executor to None, run_after=None
[2022-12-22T01:51:02.151+0000] {processor.py:175} INFO - Processing /home/airflow/.local/lib/python3.7/site-packages/airflow/example_dags/example_kubernetes_executor.py took 0.146 seconds
