[2022-12-22T01:20:26.309+0000] {processor.py:153} INFO - Started process (PID=137) to work on /home/airflow/.local/lib/python3.7/site-packages/airflow/example_dags/example_task_group_decorator.py
[2022-12-22T01:20:26.310+0000] {processor.py:743} INFO - Processing file /home/airflow/.local/lib/python3.7/site-packages/airflow/example_dags/example_task_group_decorator.py for tasks to queue
[2022-12-22T01:20:26.310+0000] {logging_mixin.py:137} INFO - [2022-12-22T01:20:26.310+0000] {dagbag.py:538} INFO - Filling up the DagBag from /home/airflow/.local/lib/python3.7/site-packages/airflow/example_dags/example_task_group_decorator.py
[2022-12-22T01:20:26.497+0000] {processor.py:753} INFO - DAG(s) dict_keys(['example_task_group_decorator']) retrieved from /home/airflow/.local/lib/python3.7/site-packages/airflow/example_dags/example_task_group_decorator.py
[2022-12-22T01:20:26.691+0000] {logging_mixin.py:137} INFO - [2022-12-22T01:20:26.691+0000] {dag.py:2676} INFO - Sync 1 DAGs
[2022-12-22T01:20:26.794+0000] {logging_mixin.py:137} INFO - [2022-12-22T01:20:26.793+0000] {dag.py:3427} INFO - Setting next_dagrun for example_task_group_decorator to 2022-12-21T01:20:26.793482+00:00, run_after=2022-12-22T01:20:26.793482+00:00
[2022-12-22T01:20:26.819+0000] {processor.py:175} INFO - Processing /home/airflow/.local/lib/python3.7/site-packages/airflow/example_dags/example_task_group_decorator.py took 0.514 seconds
[2022-12-22T01:20:57.623+0000] {processor.py:153} INFO - Started process (PID=223) to work on /home/airflow/.local/lib/python3.7/site-packages/airflow/example_dags/example_task_group_decorator.py
[2022-12-22T01:20:57.624+0000] {processor.py:743} INFO - Processing file /home/airflow/.local/lib/python3.7/site-packages/airflow/example_dags/example_task_group_decorator.py for tasks to queue
[2022-12-22T01:20:57.624+0000] {logging_mixin.py:137} INFO - [2022-12-22T01:20:57.624+0000] {dagbag.py:538} INFO - Filling up the DagBag from /home/airflow/.local/lib/python3.7/site-packages/airflow/example_dags/example_task_group_decorator.py
[2022-12-22T01:20:57.652+0000] {processor.py:753} INFO - DAG(s) dict_keys(['example_task_group_decorator']) retrieved from /home/airflow/.local/lib/python3.7/site-packages/airflow/example_dags/example_task_group_decorator.py
[2022-12-22T01:20:57.690+0000] {logging_mixin.py:137} INFO - [2022-12-22T01:20:57.690+0000] {dag.py:2676} INFO - Sync 1 DAGs
[2022-12-22T01:20:57.714+0000] {logging_mixin.py:137} INFO - [2022-12-22T01:20:57.714+0000] {dag.py:3427} INFO - Setting next_dagrun for example_task_group_decorator to 2022-12-21T01:20:57.714065+00:00, run_after=2022-12-22T01:20:57.714065+00:00
[2022-12-22T01:20:57.732+0000] {processor.py:175} INFO - Processing /home/airflow/.local/lib/python3.7/site-packages/airflow/example_dags/example_task_group_decorator.py took 0.112 seconds
[2022-12-22T01:21:27.792+0000] {processor.py:153} INFO - Started process (PID=309) to work on /home/airflow/.local/lib/python3.7/site-packages/airflow/example_dags/example_task_group_decorator.py
[2022-12-22T01:21:27.793+0000] {processor.py:743} INFO - Processing file /home/airflow/.local/lib/python3.7/site-packages/airflow/example_dags/example_task_group_decorator.py for tasks to queue
[2022-12-22T01:21:27.793+0000] {logging_mixin.py:137} INFO - [2022-12-22T01:21:27.793+0000] {dagbag.py:538} INFO - Filling up the DagBag from /home/airflow/.local/lib/python3.7/site-packages/airflow/example_dags/example_task_group_decorator.py
[2022-12-22T01:21:27.821+0000] {processor.py:753} INFO - DAG(s) dict_keys(['example_task_group_decorator']) retrieved from /home/airflow/.local/lib/python3.7/site-packages/airflow/example_dags/example_task_group_decorator.py
[2022-12-22T01:21:27.857+0000] {logging_mixin.py:137} INFO - [2022-12-22T01:21:27.857+0000] {dag.py:2676} INFO - Sync 1 DAGs
[2022-12-22T01:21:27.882+0000] {logging_mixin.py:137} INFO - [2022-12-22T01:21:27.882+0000] {dag.py:3427} INFO - Setting next_dagrun for example_task_group_decorator to 2022-12-21T01:21:27.882458+00:00, run_after=2022-12-22T01:21:27.882458+00:00
[2022-12-22T01:21:27.900+0000] {processor.py:175} INFO - Processing /home/airflow/.local/lib/python3.7/site-packages/airflow/example_dags/example_task_group_decorator.py took 0.111 seconds
[2022-12-22T01:21:58.194+0000] {processor.py:153} INFO - Started process (PID=419) to work on /home/airflow/.local/lib/python3.7/site-packages/airflow/example_dags/example_task_group_decorator.py
[2022-12-22T01:21:58.195+0000] {processor.py:743} INFO - Processing file /home/airflow/.local/lib/python3.7/site-packages/airflow/example_dags/example_task_group_decorator.py for tasks to queue
[2022-12-22T01:21:58.195+0000] {logging_mixin.py:137} INFO - [2022-12-22T01:21:58.195+0000] {dagbag.py:538} INFO - Filling up the DagBag from /home/airflow/.local/lib/python3.7/site-packages/airflow/example_dags/example_task_group_decorator.py
[2022-12-22T01:21:58.223+0000] {processor.py:753} INFO - DAG(s) dict_keys(['example_task_group_decorator']) retrieved from /home/airflow/.local/lib/python3.7/site-packages/airflow/example_dags/example_task_group_decorator.py
[2022-12-22T01:21:58.256+0000] {logging_mixin.py:137} INFO - [2022-12-22T01:21:58.256+0000] {dag.py:2676} INFO - Sync 1 DAGs
[2022-12-22T01:21:58.279+0000] {logging_mixin.py:137} INFO - [2022-12-22T01:21:58.279+0000] {dag.py:3427} INFO - Setting next_dagrun for example_task_group_decorator to 2022-12-21T01:21:58.279030+00:00, run_after=2022-12-22T01:21:58.279030+00:00
[2022-12-22T01:21:58.294+0000] {processor.py:175} INFO - Processing /home/airflow/.local/lib/python3.7/site-packages/airflow/example_dags/example_task_group_decorator.py took 0.102 seconds
[2022-12-22T01:22:28.522+0000] {processor.py:153} INFO - Started process (PID=505) to work on /home/airflow/.local/lib/python3.7/site-packages/airflow/example_dags/example_task_group_decorator.py
[2022-12-22T01:22:28.523+0000] {processor.py:743} INFO - Processing file /home/airflow/.local/lib/python3.7/site-packages/airflow/example_dags/example_task_group_decorator.py for tasks to queue
[2022-12-22T01:22:28.523+0000] {logging_mixin.py:137} INFO - [2022-12-22T01:22:28.523+0000] {dagbag.py:538} INFO - Filling up the DagBag from /home/airflow/.local/lib/python3.7/site-packages/airflow/example_dags/example_task_group_decorator.py
[2022-12-22T01:22:28.550+0000] {processor.py:753} INFO - DAG(s) dict_keys(['example_task_group_decorator']) retrieved from /home/airflow/.local/lib/python3.7/site-packages/airflow/example_dags/example_task_group_decorator.py
[2022-12-22T01:22:28.586+0000] {logging_mixin.py:137} INFO - [2022-12-22T01:22:28.586+0000] {dag.py:2676} INFO - Sync 1 DAGs
[2022-12-22T01:22:28.610+0000] {logging_mixin.py:137} INFO - [2022-12-22T01:22:28.610+0000] {dag.py:3427} INFO - Setting next_dagrun for example_task_group_decorator to 2022-12-21T01:22:28.610592+00:00, run_after=2022-12-22T01:22:28.610592+00:00
[2022-12-22T01:22:28.628+0000] {processor.py:175} INFO - Processing /home/airflow/.local/lib/python3.7/site-packages/airflow/example_dags/example_task_group_decorator.py took 0.108 seconds
[2022-12-22T01:22:58.754+0000] {processor.py:153} INFO - Started process (PID=600) to work on /home/airflow/.local/lib/python3.7/site-packages/airflow/example_dags/example_task_group_decorator.py
[2022-12-22T01:22:58.755+0000] {processor.py:743} INFO - Processing file /home/airflow/.local/lib/python3.7/site-packages/airflow/example_dags/example_task_group_decorator.py for tasks to queue
[2022-12-22T01:22:58.755+0000] {logging_mixin.py:137} INFO - [2022-12-22T01:22:58.755+0000] {dagbag.py:538} INFO - Filling up the DagBag from /home/airflow/.local/lib/python3.7/site-packages/airflow/example_dags/example_task_group_decorator.py
[2022-12-22T01:22:58.785+0000] {processor.py:753} INFO - DAG(s) dict_keys(['example_task_group_decorator']) retrieved from /home/airflow/.local/lib/python3.7/site-packages/airflow/example_dags/example_task_group_decorator.py
[2022-12-22T01:22:58.827+0000] {logging_mixin.py:137} INFO - [2022-12-22T01:22:58.827+0000] {dag.py:2676} INFO - Sync 1 DAGs
[2022-12-22T01:22:58.991+0000] {logging_mixin.py:137} INFO - [2022-12-22T01:22:58.991+0000] {dag.py:3427} INFO - Setting next_dagrun for example_task_group_decorator to 2022-12-21T01:22:58.990783+00:00, run_after=2022-12-22T01:22:58.990783+00:00
[2022-12-22T01:22:59.015+0000] {processor.py:175} INFO - Processing /home/airflow/.local/lib/python3.7/site-packages/airflow/example_dags/example_task_group_decorator.py took 0.264 seconds
[2022-12-22T01:23:29.115+0000] {processor.py:153} INFO - Started process (PID=701) to work on /home/airflow/.local/lib/python3.7/site-packages/airflow/example_dags/example_task_group_decorator.py
[2022-12-22T01:23:29.116+0000] {processor.py:743} INFO - Processing file /home/airflow/.local/lib/python3.7/site-packages/airflow/example_dags/example_task_group_decorator.py for tasks to queue
[2022-12-22T01:23:29.116+0000] {logging_mixin.py:137} INFO - [2022-12-22T01:23:29.116+0000] {dagbag.py:538} INFO - Filling up the DagBag from /home/airflow/.local/lib/python3.7/site-packages/airflow/example_dags/example_task_group_decorator.py
[2022-12-22T01:23:29.147+0000] {processor.py:753} INFO - DAG(s) dict_keys(['example_task_group_decorator']) retrieved from /home/airflow/.local/lib/python3.7/site-packages/airflow/example_dags/example_task_group_decorator.py
[2022-12-22T01:23:29.182+0000] {logging_mixin.py:137} INFO - [2022-12-22T01:23:29.182+0000] {dag.py:2676} INFO - Sync 1 DAGs
[2022-12-22T01:23:29.205+0000] {logging_mixin.py:137} INFO - [2022-12-22T01:23:29.205+0000] {dag.py:3427} INFO - Setting next_dagrun for example_task_group_decorator to 2022-12-21T01:23:29.205404+00:00, run_after=2022-12-22T01:23:29.205404+00:00
[2022-12-22T01:23:29.221+0000] {processor.py:175} INFO - Processing /home/airflow/.local/lib/python3.7/site-packages/airflow/example_dags/example_task_group_decorator.py took 0.109 seconds
[2022-12-22T01:23:59.387+0000] {processor.py:153} INFO - Started process (PID=787) to work on /home/airflow/.local/lib/python3.7/site-packages/airflow/example_dags/example_task_group_decorator.py
[2022-12-22T01:23:59.387+0000] {processor.py:743} INFO - Processing file /home/airflow/.local/lib/python3.7/site-packages/airflow/example_dags/example_task_group_decorator.py for tasks to queue
[2022-12-22T01:23:59.388+0000] {logging_mixin.py:137} INFO - [2022-12-22T01:23:59.388+0000] {dagbag.py:538} INFO - Filling up the DagBag from /home/airflow/.local/lib/python3.7/site-packages/airflow/example_dags/example_task_group_decorator.py
[2022-12-22T01:23:59.421+0000] {processor.py:753} INFO - DAG(s) dict_keys(['example_task_group_decorator']) retrieved from /home/airflow/.local/lib/python3.7/site-packages/airflow/example_dags/example_task_group_decorator.py
[2022-12-22T01:23:59.467+0000] {logging_mixin.py:137} INFO - [2022-12-22T01:23:59.467+0000] {dag.py:2676} INFO - Sync 1 DAGs
[2022-12-22T01:23:59.501+0000] {logging_mixin.py:137} INFO - [2022-12-22T01:23:59.500+0000] {dag.py:3427} INFO - Setting next_dagrun for example_task_group_decorator to 2022-12-21T01:23:59.500561+00:00, run_after=2022-12-22T01:23:59.500561+00:00
[2022-12-22T01:23:59.521+0000] {processor.py:175} INFO - Processing /home/airflow/.local/lib/python3.7/site-packages/airflow/example_dags/example_task_group_decorator.py took 0.137 seconds
[2022-12-22T01:24:29.944+0000] {processor.py:153} INFO - Started process (PID=897) to work on /home/airflow/.local/lib/python3.7/site-packages/airflow/example_dags/example_task_group_decorator.py
[2022-12-22T01:24:29.944+0000] {processor.py:743} INFO - Processing file /home/airflow/.local/lib/python3.7/site-packages/airflow/example_dags/example_task_group_decorator.py for tasks to queue
[2022-12-22T01:24:29.945+0000] {logging_mixin.py:137} INFO - [2022-12-22T01:24:29.945+0000] {dagbag.py:538} INFO - Filling up the DagBag from /home/airflow/.local/lib/python3.7/site-packages/airflow/example_dags/example_task_group_decorator.py
[2022-12-22T01:24:29.971+0000] {processor.py:753} INFO - DAG(s) dict_keys(['example_task_group_decorator']) retrieved from /home/airflow/.local/lib/python3.7/site-packages/airflow/example_dags/example_task_group_decorator.py
[2022-12-22T01:24:30.016+0000] {logging_mixin.py:137} INFO - [2022-12-22T01:24:30.015+0000] {dag.py:2676} INFO - Sync 1 DAGs
[2022-12-22T01:24:30.038+0000] {logging_mixin.py:137} INFO - [2022-12-22T01:24:30.038+0000] {dag.py:3427} INFO - Setting next_dagrun for example_task_group_decorator to 2022-12-21T01:24:30.038103+00:00, run_after=2022-12-22T01:24:30.038103+00:00
[2022-12-22T01:24:30.053+0000] {processor.py:175} INFO - Processing /home/airflow/.local/lib/python3.7/site-packages/airflow/example_dags/example_task_group_decorator.py took 0.112 seconds
[2022-12-22T01:25:00.368+0000] {processor.py:153} INFO - Started process (PID=983) to work on /home/airflow/.local/lib/python3.7/site-packages/airflow/example_dags/example_task_group_decorator.py
[2022-12-22T01:25:00.369+0000] {processor.py:743} INFO - Processing file /home/airflow/.local/lib/python3.7/site-packages/airflow/example_dags/example_task_group_decorator.py for tasks to queue
[2022-12-22T01:25:00.369+0000] {logging_mixin.py:137} INFO - [2022-12-22T01:25:00.369+0000] {dagbag.py:538} INFO - Filling up the DagBag from /home/airflow/.local/lib/python3.7/site-packages/airflow/example_dags/example_task_group_decorator.py
[2022-12-22T01:25:00.396+0000] {processor.py:753} INFO - DAG(s) dict_keys(['example_task_group_decorator']) retrieved from /home/airflow/.local/lib/python3.7/site-packages/airflow/example_dags/example_task_group_decorator.py
[2022-12-22T01:25:00.432+0000] {logging_mixin.py:137} INFO - [2022-12-22T01:25:00.432+0000] {dag.py:2676} INFO - Sync 1 DAGs
[2022-12-22T01:25:00.455+0000] {logging_mixin.py:137} INFO - [2022-12-22T01:25:00.455+0000] {dag.py:3427} INFO - Setting next_dagrun for example_task_group_decorator to 2022-12-21T01:25:00.455466+00:00, run_after=2022-12-22T01:25:00.455466+00:00
[2022-12-22T01:25:00.472+0000] {processor.py:175} INFO - Processing /home/airflow/.local/lib/python3.7/site-packages/airflow/example_dags/example_task_group_decorator.py took 0.106 seconds
[2022-12-22T01:25:31.388+0000] {processor.py:153} INFO - Started process (PID=1078) to work on /home/airflow/.local/lib/python3.7/site-packages/airflow/example_dags/example_task_group_decorator.py
[2022-12-22T01:25:31.389+0000] {processor.py:743} INFO - Processing file /home/airflow/.local/lib/python3.7/site-packages/airflow/example_dags/example_task_group_decorator.py for tasks to queue
[2022-12-22T01:25:31.389+0000] {logging_mixin.py:137} INFO - [2022-12-22T01:25:31.389+0000] {dagbag.py:538} INFO - Filling up the DagBag from /home/airflow/.local/lib/python3.7/site-packages/airflow/example_dags/example_task_group_decorator.py
[2022-12-22T01:25:31.419+0000] {processor.py:753} INFO - DAG(s) dict_keys(['example_task_group_decorator']) retrieved from /home/airflow/.local/lib/python3.7/site-packages/airflow/example_dags/example_task_group_decorator.py
[2022-12-22T01:25:31.455+0000] {logging_mixin.py:137} INFO - [2022-12-22T01:25:31.455+0000] {dag.py:2676} INFO - Sync 1 DAGs
[2022-12-22T01:25:31.481+0000] {logging_mixin.py:137} INFO - [2022-12-22T01:25:31.481+0000] {dag.py:3427} INFO - Setting next_dagrun for example_task_group_decorator to 2022-12-21T01:25:31.480864+00:00, run_after=2022-12-22T01:25:31.480864+00:00
[2022-12-22T01:25:31.499+0000] {processor.py:175} INFO - Processing /home/airflow/.local/lib/python3.7/site-packages/airflow/example_dags/example_task_group_decorator.py took 0.113 seconds
[2022-12-22T01:26:01.807+0000] {processor.py:153} INFO - Started process (PID=1179) to work on /home/airflow/.local/lib/python3.7/site-packages/airflow/example_dags/example_task_group_decorator.py
[2022-12-22T01:26:01.807+0000] {processor.py:743} INFO - Processing file /home/airflow/.local/lib/python3.7/site-packages/airflow/example_dags/example_task_group_decorator.py for tasks to queue
[2022-12-22T01:26:01.808+0000] {logging_mixin.py:137} INFO - [2022-12-22T01:26:01.808+0000] {dagbag.py:538} INFO - Filling up the DagBag from /home/airflow/.local/lib/python3.7/site-packages/airflow/example_dags/example_task_group_decorator.py
[2022-12-22T01:26:01.836+0000] {processor.py:753} INFO - DAG(s) dict_keys(['example_task_group_decorator']) retrieved from /home/airflow/.local/lib/python3.7/site-packages/airflow/example_dags/example_task_group_decorator.py
[2022-12-22T01:26:01.870+0000] {logging_mixin.py:137} INFO - [2022-12-22T01:26:01.870+0000] {dag.py:2676} INFO - Sync 1 DAGs
[2022-12-22T01:26:01.896+0000] {logging_mixin.py:137} INFO - [2022-12-22T01:26:01.896+0000] {dag.py:3427} INFO - Setting next_dagrun for example_task_group_decorator to 2022-12-21T01:26:01.896551+00:00, run_after=2022-12-22T01:26:01.896551+00:00
[2022-12-22T01:26:01.914+0000] {processor.py:175} INFO - Processing /home/airflow/.local/lib/python3.7/site-packages/airflow/example_dags/example_task_group_decorator.py took 0.110 seconds
[2022-12-22T01:26:32.234+0000] {processor.py:153} INFO - Started process (PID=1264) to work on /home/airflow/.local/lib/python3.7/site-packages/airflow/example_dags/example_task_group_decorator.py
[2022-12-22T01:26:32.235+0000] {processor.py:743} INFO - Processing file /home/airflow/.local/lib/python3.7/site-packages/airflow/example_dags/example_task_group_decorator.py for tasks to queue
[2022-12-22T01:26:32.235+0000] {logging_mixin.py:137} INFO - [2022-12-22T01:26:32.235+0000] {dagbag.py:538} INFO - Filling up the DagBag from /home/airflow/.local/lib/python3.7/site-packages/airflow/example_dags/example_task_group_decorator.py
[2022-12-22T01:26:32.322+0000] {processor.py:753} INFO - DAG(s) dict_keys(['example_task_group_decorator']) retrieved from /home/airflow/.local/lib/python3.7/site-packages/airflow/example_dags/example_task_group_decorator.py
[2022-12-22T01:26:32.431+0000] {logging_mixin.py:137} INFO - [2022-12-22T01:26:32.431+0000] {dag.py:2676} INFO - Sync 1 DAGs
[2022-12-22T01:26:32.499+0000] {logging_mixin.py:137} INFO - [2022-12-22T01:26:32.498+0000] {dag.py:3427} INFO - Setting next_dagrun for example_task_group_decorator to 2022-12-21T01:26:32.498533+00:00, run_after=2022-12-22T01:26:32.498533+00:00
[2022-12-22T01:26:32.524+0000] {processor.py:175} INFO - Processing /home/airflow/.local/lib/python3.7/site-packages/airflow/example_dags/example_task_group_decorator.py took 0.293 seconds
[2022-12-22T01:27:03.161+0000] {processor.py:153} INFO - Started process (PID=1359) to work on /home/airflow/.local/lib/python3.7/site-packages/airflow/example_dags/example_task_group_decorator.py
[2022-12-22T01:27:03.162+0000] {processor.py:743} INFO - Processing file /home/airflow/.local/lib/python3.7/site-packages/airflow/example_dags/example_task_group_decorator.py for tasks to queue
[2022-12-22T01:27:03.163+0000] {logging_mixin.py:137} INFO - [2022-12-22T01:27:03.163+0000] {dagbag.py:538} INFO - Filling up the DagBag from /home/airflow/.local/lib/python3.7/site-packages/airflow/example_dags/example_task_group_decorator.py
[2022-12-22T01:27:03.193+0000] {processor.py:753} INFO - DAG(s) dict_keys(['example_task_group_decorator']) retrieved from /home/airflow/.local/lib/python3.7/site-packages/airflow/example_dags/example_task_group_decorator.py
[2022-12-22T01:27:03.235+0000] {logging_mixin.py:137} INFO - [2022-12-22T01:27:03.234+0000] {dag.py:2676} INFO - Sync 1 DAGs
[2022-12-22T01:27:03.263+0000] {logging_mixin.py:137} INFO - [2022-12-22T01:27:03.263+0000] {dag.py:3427} INFO - Setting next_dagrun for example_task_group_decorator to 2022-12-21T01:27:03.263153+00:00, run_after=2022-12-22T01:27:03.263153+00:00
[2022-12-22T01:27:03.285+0000] {processor.py:175} INFO - Processing /home/airflow/.local/lib/python3.7/site-packages/airflow/example_dags/example_task_group_decorator.py took 0.126 seconds
[2022-12-22T01:27:33.970+0000] {processor.py:153} INFO - Started process (PID=1460) to work on /home/airflow/.local/lib/python3.7/site-packages/airflow/example_dags/example_task_group_decorator.py
[2022-12-22T01:27:33.971+0000] {processor.py:743} INFO - Processing file /home/airflow/.local/lib/python3.7/site-packages/airflow/example_dags/example_task_group_decorator.py for tasks to queue
[2022-12-22T01:27:33.971+0000] {logging_mixin.py:137} INFO - [2022-12-22T01:27:33.971+0000] {dagbag.py:538} INFO - Filling up the DagBag from /home/airflow/.local/lib/python3.7/site-packages/airflow/example_dags/example_task_group_decorator.py
[2022-12-22T01:27:34.011+0000] {processor.py:753} INFO - DAG(s) dict_keys(['example_task_group_decorator']) retrieved from /home/airflow/.local/lib/python3.7/site-packages/airflow/example_dags/example_task_group_decorator.py
[2022-12-22T01:27:34.049+0000] {logging_mixin.py:137} INFO - [2022-12-22T01:27:34.049+0000] {dag.py:2676} INFO - Sync 1 DAGs
[2022-12-22T01:27:34.073+0000] {logging_mixin.py:137} INFO - [2022-12-22T01:27:34.073+0000] {dag.py:3427} INFO - Setting next_dagrun for example_task_group_decorator to 2022-12-21T01:27:34.073601+00:00, run_after=2022-12-22T01:27:34.073601+00:00
[2022-12-22T01:27:34.095+0000] {processor.py:175} INFO - Processing /home/airflow/.local/lib/python3.7/site-packages/airflow/example_dags/example_task_group_decorator.py took 0.127 seconds
[2022-12-22T01:28:04.212+0000] {processor.py:153} INFO - Started process (PID=1546) to work on /home/airflow/.local/lib/python3.7/site-packages/airflow/example_dags/example_task_group_decorator.py
[2022-12-22T01:28:04.213+0000] {processor.py:743} INFO - Processing file /home/airflow/.local/lib/python3.7/site-packages/airflow/example_dags/example_task_group_decorator.py for tasks to queue
[2022-12-22T01:28:04.214+0000] {logging_mixin.py:137} INFO - [2022-12-22T01:28:04.214+0000] {dagbag.py:538} INFO - Filling up the DagBag from /home/airflow/.local/lib/python3.7/site-packages/airflow/example_dags/example_task_group_decorator.py
[2022-12-22T01:28:04.242+0000] {processor.py:753} INFO - DAG(s) dict_keys(['example_task_group_decorator']) retrieved from /home/airflow/.local/lib/python3.7/site-packages/airflow/example_dags/example_task_group_decorator.py
[2022-12-22T01:28:04.277+0000] {logging_mixin.py:137} INFO - [2022-12-22T01:28:04.277+0000] {dag.py:2676} INFO - Sync 1 DAGs
[2022-12-22T01:28:04.299+0000] {logging_mixin.py:137} INFO - [2022-12-22T01:28:04.299+0000] {dag.py:3427} INFO - Setting next_dagrun for example_task_group_decorator to 2022-12-21T01:28:04.299687+00:00, run_after=2022-12-22T01:28:04.299687+00:00
[2022-12-22T01:28:04.315+0000] {processor.py:175} INFO - Processing /home/airflow/.local/lib/python3.7/site-packages/airflow/example_dags/example_task_group_decorator.py took 0.105 seconds
[2022-12-22T01:28:34.786+0000] {processor.py:153} INFO - Started process (PID=1656) to work on /home/airflow/.local/lib/python3.7/site-packages/airflow/example_dags/example_task_group_decorator.py
[2022-12-22T01:28:34.787+0000] {processor.py:743} INFO - Processing file /home/airflow/.local/lib/python3.7/site-packages/airflow/example_dags/example_task_group_decorator.py for tasks to queue
[2022-12-22T01:28:34.788+0000] {logging_mixin.py:137} INFO - [2022-12-22T01:28:34.788+0000] {dagbag.py:538} INFO - Filling up the DagBag from /home/airflow/.local/lib/python3.7/site-packages/airflow/example_dags/example_task_group_decorator.py
[2022-12-22T01:28:34.819+0000] {processor.py:753} INFO - DAG(s) dict_keys(['example_task_group_decorator']) retrieved from /home/airflow/.local/lib/python3.7/site-packages/airflow/example_dags/example_task_group_decorator.py
[2022-12-22T01:28:34.857+0000] {logging_mixin.py:137} INFO - [2022-12-22T01:28:34.857+0000] {dag.py:2676} INFO - Sync 1 DAGs
[2022-12-22T01:28:34.881+0000] {logging_mixin.py:137} INFO - [2022-12-22T01:28:34.881+0000] {dag.py:3427} INFO - Setting next_dagrun for example_task_group_decorator to 2022-12-21T01:28:34.881165+00:00, run_after=2022-12-22T01:28:34.881165+00:00
[2022-12-22T01:28:34.897+0000] {processor.py:175} INFO - Processing /home/airflow/.local/lib/python3.7/site-packages/airflow/example_dags/example_task_group_decorator.py took 0.114 seconds
[2022-12-22T01:29:05.133+0000] {processor.py:153} INFO - Started process (PID=1742) to work on /home/airflow/.local/lib/python3.7/site-packages/airflow/example_dags/example_task_group_decorator.py
[2022-12-22T01:29:05.134+0000] {processor.py:743} INFO - Processing file /home/airflow/.local/lib/python3.7/site-packages/airflow/example_dags/example_task_group_decorator.py for tasks to queue
[2022-12-22T01:29:05.134+0000] {logging_mixin.py:137} INFO - [2022-12-22T01:29:05.134+0000] {dagbag.py:538} INFO - Filling up the DagBag from /home/airflow/.local/lib/python3.7/site-packages/airflow/example_dags/example_task_group_decorator.py
[2022-12-22T01:29:05.161+0000] {processor.py:753} INFO - DAG(s) dict_keys(['example_task_group_decorator']) retrieved from /home/airflow/.local/lib/python3.7/site-packages/airflow/example_dags/example_task_group_decorator.py
[2022-12-22T01:29:05.196+0000] {logging_mixin.py:137} INFO - [2022-12-22T01:29:05.196+0000] {dag.py:2676} INFO - Sync 1 DAGs
[2022-12-22T01:29:05.219+0000] {logging_mixin.py:137} INFO - [2022-12-22T01:29:05.219+0000] {dag.py:3427} INFO - Setting next_dagrun for example_task_group_decorator to 2022-12-21T01:29:05.219208+00:00, run_after=2022-12-22T01:29:05.219208+00:00
[2022-12-22T01:29:05.235+0000] {processor.py:175} INFO - Processing /home/airflow/.local/lib/python3.7/site-packages/airflow/example_dags/example_task_group_decorator.py took 0.104 seconds
[2022-12-22T01:29:35.438+0000] {processor.py:153} INFO - Started process (PID=1829) to work on /home/airflow/.local/lib/python3.7/site-packages/airflow/example_dags/example_task_group_decorator.py
[2022-12-22T01:29:35.439+0000] {processor.py:743} INFO - Processing file /home/airflow/.local/lib/python3.7/site-packages/airflow/example_dags/example_task_group_decorator.py for tasks to queue
[2022-12-22T01:29:35.439+0000] {logging_mixin.py:137} INFO - [2022-12-22T01:29:35.439+0000] {dagbag.py:538} INFO - Filling up the DagBag from /home/airflow/.local/lib/python3.7/site-packages/airflow/example_dags/example_task_group_decorator.py
[2022-12-22T01:29:35.467+0000] {processor.py:753} INFO - DAG(s) dict_keys(['example_task_group_decorator']) retrieved from /home/airflow/.local/lib/python3.7/site-packages/airflow/example_dags/example_task_group_decorator.py
[2022-12-22T01:29:35.513+0000] {logging_mixin.py:137} INFO - [2022-12-22T01:29:35.512+0000] {dag.py:2676} INFO - Sync 1 DAGs
[2022-12-22T01:29:35.543+0000] {logging_mixin.py:137} INFO - [2022-12-22T01:29:35.543+0000] {dag.py:3427} INFO - Setting next_dagrun for example_task_group_decorator to 2022-12-21T01:29:35.543100+00:00, run_after=2022-12-22T01:29:35.543100+00:00
[2022-12-22T01:29:35.560+0000] {processor.py:175} INFO - Processing /home/airflow/.local/lib/python3.7/site-packages/airflow/example_dags/example_task_group_decorator.py took 0.125 seconds
[2022-12-22T01:30:06.380+0000] {processor.py:153} INFO - Started process (PID=1924) to work on /home/airflow/.local/lib/python3.7/site-packages/airflow/example_dags/example_task_group_decorator.py
[2022-12-22T01:30:06.381+0000] {processor.py:743} INFO - Processing file /home/airflow/.local/lib/python3.7/site-packages/airflow/example_dags/example_task_group_decorator.py for tasks to queue
[2022-12-22T01:30:06.381+0000] {logging_mixin.py:137} INFO - [2022-12-22T01:30:06.381+0000] {dagbag.py:538} INFO - Filling up the DagBag from /home/airflow/.local/lib/python3.7/site-packages/airflow/example_dags/example_task_group_decorator.py
[2022-12-22T01:30:06.408+0000] {processor.py:753} INFO - DAG(s) dict_keys(['example_task_group_decorator']) retrieved from /home/airflow/.local/lib/python3.7/site-packages/airflow/example_dags/example_task_group_decorator.py
[2022-12-22T01:30:06.445+0000] {logging_mixin.py:137} INFO - [2022-12-22T01:30:06.445+0000] {dag.py:2676} INFO - Sync 1 DAGs
[2022-12-22T01:30:06.490+0000] {logging_mixin.py:137} INFO - [2022-12-22T01:30:06.490+0000] {dag.py:3427} INFO - Setting next_dagrun for example_task_group_decorator to 2022-12-21T01:30:06.490595+00:00, run_after=2022-12-22T01:30:06.490595+00:00
[2022-12-22T01:30:06.510+0000] {processor.py:175} INFO - Processing /home/airflow/.local/lib/python3.7/site-packages/airflow/example_dags/example_task_group_decorator.py took 0.133 seconds
[2022-12-22T01:30:37.018+0000] {processor.py:153} INFO - Started process (PID=2026) to work on /home/airflow/.local/lib/python3.7/site-packages/airflow/example_dags/example_task_group_decorator.py
[2022-12-22T01:30:37.019+0000] {processor.py:743} INFO - Processing file /home/airflow/.local/lib/python3.7/site-packages/airflow/example_dags/example_task_group_decorator.py for tasks to queue
[2022-12-22T01:30:37.019+0000] {logging_mixin.py:137} INFO - [2022-12-22T01:30:37.019+0000] {dagbag.py:538} INFO - Filling up the DagBag from /home/airflow/.local/lib/python3.7/site-packages/airflow/example_dags/example_task_group_decorator.py
[2022-12-22T01:30:37.046+0000] {processor.py:753} INFO - DAG(s) dict_keys(['example_task_group_decorator']) retrieved from /home/airflow/.local/lib/python3.7/site-packages/airflow/example_dags/example_task_group_decorator.py
[2022-12-22T01:30:37.082+0000] {logging_mixin.py:137} INFO - [2022-12-22T01:30:37.082+0000] {dag.py:2676} INFO - Sync 1 DAGs
[2022-12-22T01:30:37.107+0000] {logging_mixin.py:137} INFO - [2022-12-22T01:30:37.107+0000] {dag.py:3427} INFO - Setting next_dagrun for example_task_group_decorator to 2022-12-21T01:30:37.107556+00:00, run_after=2022-12-22T01:30:37.107556+00:00
[2022-12-22T01:30:37.124+0000] {processor.py:175} INFO - Processing /home/airflow/.local/lib/python3.7/site-packages/airflow/example_dags/example_task_group_decorator.py took 0.109 seconds
[2022-12-22T01:31:07.180+0000] {processor.py:153} INFO - Started process (PID=2112) to work on /home/airflow/.local/lib/python3.7/site-packages/airflow/example_dags/example_task_group_decorator.py
[2022-12-22T01:31:07.180+0000] {processor.py:743} INFO - Processing file /home/airflow/.local/lib/python3.7/site-packages/airflow/example_dags/example_task_group_decorator.py for tasks to queue
[2022-12-22T01:31:07.181+0000] {logging_mixin.py:137} INFO - [2022-12-22T01:31:07.181+0000] {dagbag.py:538} INFO - Filling up the DagBag from /home/airflow/.local/lib/python3.7/site-packages/airflow/example_dags/example_task_group_decorator.py
[2022-12-22T01:31:07.209+0000] {processor.py:753} INFO - DAG(s) dict_keys(['example_task_group_decorator']) retrieved from /home/airflow/.local/lib/python3.7/site-packages/airflow/example_dags/example_task_group_decorator.py
[2022-12-22T01:31:07.245+0000] {logging_mixin.py:137} INFO - [2022-12-22T01:31:07.245+0000] {dag.py:2676} INFO - Sync 1 DAGs
[2022-12-22T01:31:07.269+0000] {logging_mixin.py:137} INFO - [2022-12-22T01:31:07.269+0000] {dag.py:3427} INFO - Setting next_dagrun for example_task_group_decorator to 2022-12-21T01:31:07.268894+00:00, run_after=2022-12-22T01:31:07.268894+00:00
[2022-12-22T01:31:07.287+0000] {processor.py:175} INFO - Processing /home/airflow/.local/lib/python3.7/site-packages/airflow/example_dags/example_task_group_decorator.py took 0.110 seconds
[2022-12-22T01:31:37.751+0000] {processor.py:153} INFO - Started process (PID=2222) to work on /home/airflow/.local/lib/python3.7/site-packages/airflow/example_dags/example_task_group_decorator.py
[2022-12-22T01:31:37.751+0000] {processor.py:743} INFO - Processing file /home/airflow/.local/lib/python3.7/site-packages/airflow/example_dags/example_task_group_decorator.py for tasks to queue
[2022-12-22T01:31:37.752+0000] {logging_mixin.py:137} INFO - [2022-12-22T01:31:37.752+0000] {dagbag.py:538} INFO - Filling up the DagBag from /home/airflow/.local/lib/python3.7/site-packages/airflow/example_dags/example_task_group_decorator.py
[2022-12-22T01:31:37.780+0000] {processor.py:753} INFO - DAG(s) dict_keys(['example_task_group_decorator']) retrieved from /home/airflow/.local/lib/python3.7/site-packages/airflow/example_dags/example_task_group_decorator.py
[2022-12-22T01:31:37.816+0000] {logging_mixin.py:137} INFO - [2022-12-22T01:31:37.815+0000] {dag.py:2676} INFO - Sync 1 DAGs
[2022-12-22T01:31:37.841+0000] {logging_mixin.py:137} INFO - [2022-12-22T01:31:37.841+0000] {dag.py:3427} INFO - Setting next_dagrun for example_task_group_decorator to 2022-12-21T01:31:37.841041+00:00, run_after=2022-12-22T01:31:37.841041+00:00
[2022-12-22T01:31:37.858+0000] {processor.py:175} INFO - Processing /home/airflow/.local/lib/python3.7/site-packages/airflow/example_dags/example_task_group_decorator.py took 0.110 seconds
[2022-12-22T01:32:08.142+0000] {processor.py:153} INFO - Started process (PID=2308) to work on /home/airflow/.local/lib/python3.7/site-packages/airflow/example_dags/example_task_group_decorator.py
[2022-12-22T01:32:08.143+0000] {processor.py:743} INFO - Processing file /home/airflow/.local/lib/python3.7/site-packages/airflow/example_dags/example_task_group_decorator.py for tasks to queue
[2022-12-22T01:32:08.144+0000] {logging_mixin.py:137} INFO - [2022-12-22T01:32:08.144+0000] {dagbag.py:538} INFO - Filling up the DagBag from /home/airflow/.local/lib/python3.7/site-packages/airflow/example_dags/example_task_group_decorator.py
[2022-12-22T01:32:08.190+0000] {processor.py:753} INFO - DAG(s) dict_keys(['example_task_group_decorator']) retrieved from /home/airflow/.local/lib/python3.7/site-packages/airflow/example_dags/example_task_group_decorator.py
[2022-12-22T01:32:08.235+0000] {logging_mixin.py:137} INFO - [2022-12-22T01:32:08.235+0000] {dag.py:2676} INFO - Sync 1 DAGs
[2022-12-22T01:32:08.261+0000] {logging_mixin.py:137} INFO - [2022-12-22T01:32:08.261+0000] {dag.py:3427} INFO - Setting next_dagrun for example_task_group_decorator to 2022-12-21T01:32:08.261456+00:00, run_after=2022-12-22T01:32:08.261456+00:00
[2022-12-22T01:32:08.306+0000] {processor.py:175} INFO - Processing /home/airflow/.local/lib/python3.7/site-packages/airflow/example_dags/example_task_group_decorator.py took 0.166 seconds
[2022-12-22T01:32:38.849+0000] {processor.py:153} INFO - Started process (PID=2394) to work on /home/airflow/.local/lib/python3.7/site-packages/airflow/example_dags/example_task_group_decorator.py
[2022-12-22T01:32:38.850+0000] {processor.py:743} INFO - Processing file /home/airflow/.local/lib/python3.7/site-packages/airflow/example_dags/example_task_group_decorator.py for tasks to queue
[2022-12-22T01:32:38.850+0000] {logging_mixin.py:137} INFO - [2022-12-22T01:32:38.850+0000] {dagbag.py:538} INFO - Filling up the DagBag from /home/airflow/.local/lib/python3.7/site-packages/airflow/example_dags/example_task_group_decorator.py
[2022-12-22T01:32:38.880+0000] {processor.py:753} INFO - DAG(s) dict_keys(['example_task_group_decorator']) retrieved from /home/airflow/.local/lib/python3.7/site-packages/airflow/example_dags/example_task_group_decorator.py
[2022-12-22T01:32:38.926+0000] {logging_mixin.py:137} INFO - [2022-12-22T01:32:38.926+0000] {dag.py:2676} INFO - Sync 1 DAGs
[2022-12-22T01:32:38.952+0000] {logging_mixin.py:137} INFO - [2022-12-22T01:32:38.952+0000] {dag.py:3427} INFO - Setting next_dagrun for example_task_group_decorator to 2022-12-21T01:32:38.951820+00:00, run_after=2022-12-22T01:32:38.951820+00:00
[2022-12-22T01:32:38.975+0000] {processor.py:175} INFO - Processing /home/airflow/.local/lib/python3.7/site-packages/airflow/example_dags/example_task_group_decorator.py took 0.129 seconds
[2022-12-22T01:33:14.195+0000] {processor.py:153} INFO - Started process (PID=2480) to work on /home/airflow/.local/lib/python3.7/site-packages/airflow/example_dags/example_task_group_decorator.py
[2022-12-22T01:33:14.195+0000] {processor.py:743} INFO - Processing file /home/airflow/.local/lib/python3.7/site-packages/airflow/example_dags/example_task_group_decorator.py for tasks to queue
[2022-12-22T01:33:14.196+0000] {logging_mixin.py:137} INFO - [2022-12-22T01:33:14.196+0000] {dagbag.py:538} INFO - Filling up the DagBag from /home/airflow/.local/lib/python3.7/site-packages/airflow/example_dags/example_task_group_decorator.py
[2022-12-22T01:33:14.302+0000] {processor.py:753} INFO - DAG(s) dict_keys(['example_task_group_decorator']) retrieved from /home/airflow/.local/lib/python3.7/site-packages/airflow/example_dags/example_task_group_decorator.py
[2022-12-22T01:33:14.507+0000] {logging_mixin.py:137} INFO - [2022-12-22T01:33:14.506+0000] {dag.py:2676} INFO - Sync 1 DAGs
[2022-12-22T01:33:14.612+0000] {logging_mixin.py:137} INFO - [2022-12-22T01:33:14.611+0000] {dag.py:3427} INFO - Setting next_dagrun for example_task_group_decorator to 2022-12-21T01:33:14.611672+00:00, run_after=2022-12-22T01:33:14.611672+00:00
[2022-12-22T01:33:14.711+0000] {processor.py:175} INFO - Processing /home/airflow/.local/lib/python3.7/site-packages/airflow/example_dags/example_task_group_decorator.py took 0.521 seconds
[2022-12-22T01:33:45.537+0000] {processor.py:153} INFO - Started process (PID=2566) to work on /home/airflow/.local/lib/python3.7/site-packages/airflow/example_dags/example_task_group_decorator.py
[2022-12-22T01:33:45.538+0000] {processor.py:743} INFO - Processing file /home/airflow/.local/lib/python3.7/site-packages/airflow/example_dags/example_task_group_decorator.py for tasks to queue
[2022-12-22T01:33:45.539+0000] {logging_mixin.py:137} INFO - [2022-12-22T01:33:45.539+0000] {dagbag.py:538} INFO - Filling up the DagBag from /home/airflow/.local/lib/python3.7/site-packages/airflow/example_dags/example_task_group_decorator.py
[2022-12-22T01:33:45.577+0000] {processor.py:753} INFO - DAG(s) dict_keys(['example_task_group_decorator']) retrieved from /home/airflow/.local/lib/python3.7/site-packages/airflow/example_dags/example_task_group_decorator.py
[2022-12-22T01:33:45.621+0000] {logging_mixin.py:137} INFO - [2022-12-22T01:33:45.621+0000] {dag.py:2676} INFO - Sync 1 DAGs
[2022-12-22T01:33:45.688+0000] {logging_mixin.py:137} INFO - [2022-12-22T01:33:45.688+0000] {dag.py:3427} INFO - Setting next_dagrun for example_task_group_decorator to 2022-12-21T01:33:45.687783+00:00, run_after=2022-12-22T01:33:45.687783+00:00
[2022-12-22T01:33:45.707+0000] {processor.py:175} INFO - Processing /home/airflow/.local/lib/python3.7/site-packages/airflow/example_dags/example_task_group_decorator.py took 0.174 seconds
[2022-12-22T01:34:16.401+0000] {processor.py:153} INFO - Started process (PID=2652) to work on /home/airflow/.local/lib/python3.7/site-packages/airflow/example_dags/example_task_group_decorator.py
[2022-12-22T01:34:16.402+0000] {processor.py:743} INFO - Processing file /home/airflow/.local/lib/python3.7/site-packages/airflow/example_dags/example_task_group_decorator.py for tasks to queue
[2022-12-22T01:34:16.403+0000] {logging_mixin.py:137} INFO - [2022-12-22T01:34:16.403+0000] {dagbag.py:538} INFO - Filling up the DagBag from /home/airflow/.local/lib/python3.7/site-packages/airflow/example_dags/example_task_group_decorator.py
[2022-12-22T01:34:16.434+0000] {processor.py:753} INFO - DAG(s) dict_keys(['example_task_group_decorator']) retrieved from /home/airflow/.local/lib/python3.7/site-packages/airflow/example_dags/example_task_group_decorator.py
[2022-12-22T01:34:16.473+0000] {logging_mixin.py:137} INFO - [2022-12-22T01:34:16.472+0000] {dag.py:2676} INFO - Sync 1 DAGs
[2022-12-22T01:34:16.499+0000] {logging_mixin.py:137} INFO - [2022-12-22T01:34:16.499+0000] {dag.py:3427} INFO - Setting next_dagrun for example_task_group_decorator to 2022-12-21T01:34:16.498958+00:00, run_after=2022-12-22T01:34:16.498958+00:00
[2022-12-22T01:34:16.517+0000] {processor.py:175} INFO - Processing /home/airflow/.local/lib/python3.7/site-packages/airflow/example_dags/example_task_group_decorator.py took 0.119 seconds
[2022-12-22T01:34:47.188+0000] {processor.py:153} INFO - Started process (PID=2762) to work on /home/airflow/.local/lib/python3.7/site-packages/airflow/example_dags/example_task_group_decorator.py
[2022-12-22T01:34:47.189+0000] {processor.py:743} INFO - Processing file /home/airflow/.local/lib/python3.7/site-packages/airflow/example_dags/example_task_group_decorator.py for tasks to queue
[2022-12-22T01:34:47.189+0000] {logging_mixin.py:137} INFO - [2022-12-22T01:34:47.189+0000] {dagbag.py:538} INFO - Filling up the DagBag from /home/airflow/.local/lib/python3.7/site-packages/airflow/example_dags/example_task_group_decorator.py
[2022-12-22T01:34:47.218+0000] {processor.py:753} INFO - DAG(s) dict_keys(['example_task_group_decorator']) retrieved from /home/airflow/.local/lib/python3.7/site-packages/airflow/example_dags/example_task_group_decorator.py
[2022-12-22T01:34:47.255+0000] {logging_mixin.py:137} INFO - [2022-12-22T01:34:47.255+0000] {dag.py:2676} INFO - Sync 1 DAGs
[2022-12-22T01:34:47.280+0000] {logging_mixin.py:137} INFO - [2022-12-22T01:34:47.279+0000] {dag.py:3427} INFO - Setting next_dagrun for example_task_group_decorator to 2022-12-21T01:34:47.279626+00:00, run_after=2022-12-22T01:34:47.279626+00:00
[2022-12-22T01:34:47.305+0000] {processor.py:175} INFO - Processing /home/airflow/.local/lib/python3.7/site-packages/airflow/example_dags/example_task_group_decorator.py took 0.120 seconds
[2022-12-22T01:35:17.544+0000] {processor.py:153} INFO - Started process (PID=2849) to work on /home/airflow/.local/lib/python3.7/site-packages/airflow/example_dags/example_task_group_decorator.py
[2022-12-22T01:35:17.545+0000] {processor.py:743} INFO - Processing file /home/airflow/.local/lib/python3.7/site-packages/airflow/example_dags/example_task_group_decorator.py for tasks to queue
[2022-12-22T01:35:17.546+0000] {logging_mixin.py:137} INFO - [2022-12-22T01:35:17.546+0000] {dagbag.py:538} INFO - Filling up the DagBag from /home/airflow/.local/lib/python3.7/site-packages/airflow/example_dags/example_task_group_decorator.py
[2022-12-22T01:35:17.574+0000] {processor.py:753} INFO - DAG(s) dict_keys(['example_task_group_decorator']) retrieved from /home/airflow/.local/lib/python3.7/site-packages/airflow/example_dags/example_task_group_decorator.py
[2022-12-22T01:35:17.612+0000] {logging_mixin.py:137} INFO - [2022-12-22T01:35:17.612+0000] {dag.py:2676} INFO - Sync 1 DAGs
[2022-12-22T01:35:17.636+0000] {logging_mixin.py:137} INFO - [2022-12-22T01:35:17.636+0000] {dag.py:3427} INFO - Setting next_dagrun for example_task_group_decorator to 2022-12-21T01:35:17.636357+00:00, run_after=2022-12-22T01:35:17.636357+00:00
[2022-12-22T01:35:17.652+0000] {processor.py:175} INFO - Processing /home/airflow/.local/lib/python3.7/site-packages/airflow/example_dags/example_task_group_decorator.py took 0.111 seconds
[2022-12-22T01:35:47.890+0000] {processor.py:153} INFO - Started process (PID=2935) to work on /home/airflow/.local/lib/python3.7/site-packages/airflow/example_dags/example_task_group_decorator.py
[2022-12-22T01:35:47.893+0000] {processor.py:743} INFO - Processing file /home/airflow/.local/lib/python3.7/site-packages/airflow/example_dags/example_task_group_decorator.py for tasks to queue
[2022-12-22T01:35:47.894+0000] {logging_mixin.py:137} INFO - [2022-12-22T01:35:47.893+0000] {dagbag.py:538} INFO - Filling up the DagBag from /home/airflow/.local/lib/python3.7/site-packages/airflow/example_dags/example_task_group_decorator.py
[2022-12-22T01:35:47.925+0000] {processor.py:753} INFO - DAG(s) dict_keys(['example_task_group_decorator']) retrieved from /home/airflow/.local/lib/python3.7/site-packages/airflow/example_dags/example_task_group_decorator.py
[2022-12-22T01:35:47.987+0000] {logging_mixin.py:137} INFO - [2022-12-22T01:35:47.987+0000] {dag.py:2676} INFO - Sync 1 DAGs
[2022-12-22T01:35:48.019+0000] {logging_mixin.py:137} INFO - [2022-12-22T01:35:48.018+0000] {dag.py:3427} INFO - Setting next_dagrun for example_task_group_decorator to 2022-12-21T01:35:48.018547+00:00, run_after=2022-12-22T01:35:48.018547+00:00
[2022-12-22T01:35:48.037+0000] {processor.py:175} INFO - Processing /home/airflow/.local/lib/python3.7/site-packages/airflow/example_dags/example_task_group_decorator.py took 0.227 seconds
[2022-12-22T01:36:18.498+0000] {processor.py:153} INFO - Started process (PID=3045) to work on /home/airflow/.local/lib/python3.7/site-packages/airflow/example_dags/example_task_group_decorator.py
[2022-12-22T01:36:18.499+0000] {processor.py:743} INFO - Processing file /home/airflow/.local/lib/python3.7/site-packages/airflow/example_dags/example_task_group_decorator.py for tasks to queue
[2022-12-22T01:36:18.499+0000] {logging_mixin.py:137} INFO - [2022-12-22T01:36:18.499+0000] {dagbag.py:538} INFO - Filling up the DagBag from /home/airflow/.local/lib/python3.7/site-packages/airflow/example_dags/example_task_group_decorator.py
[2022-12-22T01:36:18.527+0000] {processor.py:753} INFO - DAG(s) dict_keys(['example_task_group_decorator']) retrieved from /home/airflow/.local/lib/python3.7/site-packages/airflow/example_dags/example_task_group_decorator.py
[2022-12-22T01:36:18.563+0000] {logging_mixin.py:137} INFO - [2022-12-22T01:36:18.563+0000] {dag.py:2676} INFO - Sync 1 DAGs
[2022-12-22T01:36:18.588+0000] {logging_mixin.py:137} INFO - [2022-12-22T01:36:18.587+0000] {dag.py:3427} INFO - Setting next_dagrun for example_task_group_decorator to 2022-12-21T01:36:18.587676+00:00, run_after=2022-12-22T01:36:18.587676+00:00
[2022-12-22T01:36:18.606+0000] {processor.py:175} INFO - Processing /home/airflow/.local/lib/python3.7/site-packages/airflow/example_dags/example_task_group_decorator.py took 0.110 seconds
[2022-12-22T01:36:48.723+0000] {processor.py:153} INFO - Started process (PID=3131) to work on /home/airflow/.local/lib/python3.7/site-packages/airflow/example_dags/example_task_group_decorator.py
[2022-12-22T01:36:48.724+0000] {processor.py:743} INFO - Processing file /home/airflow/.local/lib/python3.7/site-packages/airflow/example_dags/example_task_group_decorator.py for tasks to queue
[2022-12-22T01:36:48.724+0000] {logging_mixin.py:137} INFO - [2022-12-22T01:36:48.724+0000] {dagbag.py:538} INFO - Filling up the DagBag from /home/airflow/.local/lib/python3.7/site-packages/airflow/example_dags/example_task_group_decorator.py
[2022-12-22T01:36:48.752+0000] {processor.py:753} INFO - DAG(s) dict_keys(['example_task_group_decorator']) retrieved from /home/airflow/.local/lib/python3.7/site-packages/airflow/example_dags/example_task_group_decorator.py
[2022-12-22T01:36:48.791+0000] {logging_mixin.py:137} INFO - [2022-12-22T01:36:48.791+0000] {dag.py:2676} INFO - Sync 1 DAGs
[2022-12-22T01:36:48.818+0000] {logging_mixin.py:137} INFO - [2022-12-22T01:36:48.817+0000] {dag.py:3427} INFO - Setting next_dagrun for example_task_group_decorator to 2022-12-21T01:36:48.817564+00:00, run_after=2022-12-22T01:36:48.817564+00:00
[2022-12-22T01:36:48.837+0000] {processor.py:175} INFO - Processing /home/airflow/.local/lib/python3.7/site-packages/airflow/example_dags/example_task_group_decorator.py took 0.116 seconds
[2022-12-22T01:37:19.143+0000] {processor.py:153} INFO - Started process (PID=3241) to work on /home/airflow/.local/lib/python3.7/site-packages/airflow/example_dags/example_task_group_decorator.py
[2022-12-22T01:37:19.144+0000] {processor.py:743} INFO - Processing file /home/airflow/.local/lib/python3.7/site-packages/airflow/example_dags/example_task_group_decorator.py for tasks to queue
[2022-12-22T01:37:19.145+0000] {logging_mixin.py:137} INFO - [2022-12-22T01:37:19.144+0000] {dagbag.py:538} INFO - Filling up the DagBag from /home/airflow/.local/lib/python3.7/site-packages/airflow/example_dags/example_task_group_decorator.py
[2022-12-22T01:37:19.182+0000] {processor.py:753} INFO - DAG(s) dict_keys(['example_task_group_decorator']) retrieved from /home/airflow/.local/lib/python3.7/site-packages/airflow/example_dags/example_task_group_decorator.py
[2022-12-22T01:37:19.235+0000] {logging_mixin.py:137} INFO - [2022-12-22T01:37:19.234+0000] {dag.py:2676} INFO - Sync 1 DAGs
[2022-12-22T01:37:19.271+0000] {logging_mixin.py:137} INFO - [2022-12-22T01:37:19.271+0000] {dag.py:3427} INFO - Setting next_dagrun for example_task_group_decorator to 2022-12-21T01:37:19.271336+00:00, run_after=2022-12-22T01:37:19.271336+00:00
[2022-12-22T01:37:19.298+0000] {processor.py:175} INFO - Processing /home/airflow/.local/lib/python3.7/site-packages/airflow/example_dags/example_task_group_decorator.py took 0.159 seconds
[2022-12-22T01:37:49.929+0000] {processor.py:153} INFO - Started process (PID=3327) to work on /home/airflow/.local/lib/python3.7/site-packages/airflow/example_dags/example_task_group_decorator.py
[2022-12-22T01:37:49.930+0000] {processor.py:743} INFO - Processing file /home/airflow/.local/lib/python3.7/site-packages/airflow/example_dags/example_task_group_decorator.py for tasks to queue
[2022-12-22T01:37:49.930+0000] {logging_mixin.py:137} INFO - [2022-12-22T01:37:49.930+0000] {dagbag.py:538} INFO - Filling up the DagBag from /home/airflow/.local/lib/python3.7/site-packages/airflow/example_dags/example_task_group_decorator.py
[2022-12-22T01:37:49.958+0000] {processor.py:753} INFO - DAG(s) dict_keys(['example_task_group_decorator']) retrieved from /home/airflow/.local/lib/python3.7/site-packages/airflow/example_dags/example_task_group_decorator.py
[2022-12-22T01:37:49.995+0000] {logging_mixin.py:137} INFO - [2022-12-22T01:37:49.995+0000] {dag.py:2676} INFO - Sync 1 DAGs
[2022-12-22T01:37:50.019+0000] {logging_mixin.py:137} INFO - [2022-12-22T01:37:50.019+0000] {dag.py:3427} INFO - Setting next_dagrun for example_task_group_decorator to 2022-12-21T01:37:50.019618+00:00, run_after=2022-12-22T01:37:50.019618+00:00
[2022-12-22T01:37:50.036+0000] {processor.py:175} INFO - Processing /home/airflow/.local/lib/python3.7/site-packages/airflow/example_dags/example_task_group_decorator.py took 0.110 seconds
[2022-12-22T01:38:20.174+0000] {processor.py:153} INFO - Started process (PID=3413) to work on /home/airflow/.local/lib/python3.7/site-packages/airflow/example_dags/example_task_group_decorator.py
[2022-12-22T01:38:20.175+0000] {processor.py:743} INFO - Processing file /home/airflow/.local/lib/python3.7/site-packages/airflow/example_dags/example_task_group_decorator.py for tasks to queue
[2022-12-22T01:38:20.175+0000] {logging_mixin.py:137} INFO - [2022-12-22T01:38:20.175+0000] {dagbag.py:538} INFO - Filling up the DagBag from /home/airflow/.local/lib/python3.7/site-packages/airflow/example_dags/example_task_group_decorator.py
[2022-12-22T01:38:20.206+0000] {processor.py:753} INFO - DAG(s) dict_keys(['example_task_group_decorator']) retrieved from /home/airflow/.local/lib/python3.7/site-packages/airflow/example_dags/example_task_group_decorator.py
[2022-12-22T01:38:20.243+0000] {logging_mixin.py:137} INFO - [2022-12-22T01:38:20.243+0000] {dag.py:2676} INFO - Sync 1 DAGs
[2022-12-22T01:38:20.268+0000] {logging_mixin.py:137} INFO - [2022-12-22T01:38:20.268+0000] {dag.py:3427} INFO - Setting next_dagrun for example_task_group_decorator to 2022-12-21T01:38:20.267976+00:00, run_after=2022-12-22T01:38:20.267976+00:00
[2022-12-22T01:38:20.284+0000] {processor.py:175} INFO - Processing /home/airflow/.local/lib/python3.7/site-packages/airflow/example_dags/example_task_group_decorator.py took 0.113 seconds
[2022-12-22T01:38:50.742+0000] {processor.py:153} INFO - Started process (PID=3523) to work on /home/airflow/.local/lib/python3.7/site-packages/airflow/example_dags/example_task_group_decorator.py
[2022-12-22T01:38:50.743+0000] {processor.py:743} INFO - Processing file /home/airflow/.local/lib/python3.7/site-packages/airflow/example_dags/example_task_group_decorator.py for tasks to queue
[2022-12-22T01:38:50.743+0000] {logging_mixin.py:137} INFO - [2022-12-22T01:38:50.743+0000] {dagbag.py:538} INFO - Filling up the DagBag from /home/airflow/.local/lib/python3.7/site-packages/airflow/example_dags/example_task_group_decorator.py
[2022-12-22T01:38:50.791+0000] {processor.py:753} INFO - DAG(s) dict_keys(['example_task_group_decorator']) retrieved from /home/airflow/.local/lib/python3.7/site-packages/airflow/example_dags/example_task_group_decorator.py
[2022-12-22T01:38:50.832+0000] {logging_mixin.py:137} INFO - [2022-12-22T01:38:50.832+0000] {dag.py:2676} INFO - Sync 1 DAGs
[2022-12-22T01:38:50.901+0000] {logging_mixin.py:137} INFO - [2022-12-22T01:38:50.901+0000] {dag.py:3427} INFO - Setting next_dagrun for example_task_group_decorator to 2022-12-21T01:38:50.901065+00:00, run_after=2022-12-22T01:38:50.901065+00:00
[2022-12-22T01:38:50.921+0000] {processor.py:175} INFO - Processing /home/airflow/.local/lib/python3.7/site-packages/airflow/example_dags/example_task_group_decorator.py took 0.183 seconds
[2022-12-22T01:39:21.024+0000] {processor.py:153} INFO - Started process (PID=3609) to work on /home/airflow/.local/lib/python3.7/site-packages/airflow/example_dags/example_task_group_decorator.py
[2022-12-22T01:39:21.025+0000] {processor.py:743} INFO - Processing file /home/airflow/.local/lib/python3.7/site-packages/airflow/example_dags/example_task_group_decorator.py for tasks to queue
[2022-12-22T01:39:21.026+0000] {logging_mixin.py:137} INFO - [2022-12-22T01:39:21.026+0000] {dagbag.py:538} INFO - Filling up the DagBag from /home/airflow/.local/lib/python3.7/site-packages/airflow/example_dags/example_task_group_decorator.py
[2022-12-22T01:39:21.054+0000] {processor.py:753} INFO - DAG(s) dict_keys(['example_task_group_decorator']) retrieved from /home/airflow/.local/lib/python3.7/site-packages/airflow/example_dags/example_task_group_decorator.py
[2022-12-22T01:39:21.093+0000] {logging_mixin.py:137} INFO - [2022-12-22T01:39:21.093+0000] {dag.py:2676} INFO - Sync 1 DAGs
[2022-12-22T01:39:21.118+0000] {logging_mixin.py:137} INFO - [2022-12-22T01:39:21.117+0000] {dag.py:3427} INFO - Setting next_dagrun for example_task_group_decorator to 2022-12-21T01:39:21.117573+00:00, run_after=2022-12-22T01:39:21.117573+00:00
[2022-12-22T01:39:21.135+0000] {processor.py:175} INFO - Processing /home/airflow/.local/lib/python3.7/site-packages/airflow/example_dags/example_task_group_decorator.py took 0.113 seconds
[2022-12-22T01:39:51.248+0000] {processor.py:153} INFO - Started process (PID=3695) to work on /home/airflow/.local/lib/python3.7/site-packages/airflow/example_dags/example_task_group_decorator.py
[2022-12-22T01:39:51.249+0000] {processor.py:743} INFO - Processing file /home/airflow/.local/lib/python3.7/site-packages/airflow/example_dags/example_task_group_decorator.py for tasks to queue
[2022-12-22T01:39:51.249+0000] {logging_mixin.py:137} INFO - [2022-12-22T01:39:51.249+0000] {dagbag.py:538} INFO - Filling up the DagBag from /home/airflow/.local/lib/python3.7/site-packages/airflow/example_dags/example_task_group_decorator.py
[2022-12-22T01:39:51.276+0000] {processor.py:753} INFO - DAG(s) dict_keys(['example_task_group_decorator']) retrieved from /home/airflow/.local/lib/python3.7/site-packages/airflow/example_dags/example_task_group_decorator.py
[2022-12-22T01:39:51.312+0000] {logging_mixin.py:137} INFO - [2022-12-22T01:39:51.311+0000] {dag.py:2676} INFO - Sync 1 DAGs
[2022-12-22T01:39:51.336+0000] {logging_mixin.py:137} INFO - [2022-12-22T01:39:51.336+0000] {dag.py:3427} INFO - Setting next_dagrun for example_task_group_decorator to 2022-12-21T01:39:51.335899+00:00, run_after=2022-12-22T01:39:51.335899+00:00
[2022-12-22T01:39:51.352+0000] {processor.py:175} INFO - Processing /home/airflow/.local/lib/python3.7/site-packages/airflow/example_dags/example_task_group_decorator.py took 0.107 seconds
[2022-12-22T01:40:21.881+0000] {processor.py:153} INFO - Started process (PID=3781) to work on /home/airflow/.local/lib/python3.7/site-packages/airflow/example_dags/example_task_group_decorator.py
[2022-12-22T01:40:21.882+0000] {processor.py:743} INFO - Processing file /home/airflow/.local/lib/python3.7/site-packages/airflow/example_dags/example_task_group_decorator.py for tasks to queue
[2022-12-22T01:40:21.882+0000] {logging_mixin.py:137} INFO - [2022-12-22T01:40:21.882+0000] {dagbag.py:538} INFO - Filling up the DagBag from /home/airflow/.local/lib/python3.7/site-packages/airflow/example_dags/example_task_group_decorator.py
[2022-12-22T01:40:21.912+0000] {processor.py:753} INFO - DAG(s) dict_keys(['example_task_group_decorator']) retrieved from /home/airflow/.local/lib/python3.7/site-packages/airflow/example_dags/example_task_group_decorator.py
[2022-12-22T01:40:21.950+0000] {logging_mixin.py:137} INFO - [2022-12-22T01:40:21.950+0000] {dag.py:2676} INFO - Sync 1 DAGs
[2022-12-22T01:40:21.974+0000] {logging_mixin.py:137} INFO - [2022-12-22T01:40:21.974+0000] {dag.py:3427} INFO - Setting next_dagrun for example_task_group_decorator to 2022-12-21T01:40:21.974233+00:00, run_after=2022-12-22T01:40:21.974233+00:00
[2022-12-22T01:40:21.992+0000] {processor.py:175} INFO - Processing /home/airflow/.local/lib/python3.7/site-packages/airflow/example_dags/example_task_group_decorator.py took 0.113 seconds
[2022-12-22T01:40:52.171+0000] {processor.py:153} INFO - Started process (PID=3891) to work on /home/airflow/.local/lib/python3.7/site-packages/airflow/example_dags/example_task_group_decorator.py
[2022-12-22T01:40:52.172+0000] {processor.py:743} INFO - Processing file /home/airflow/.local/lib/python3.7/site-packages/airflow/example_dags/example_task_group_decorator.py for tasks to queue
[2022-12-22T01:40:52.172+0000] {logging_mixin.py:137} INFO - [2022-12-22T01:40:52.172+0000] {dagbag.py:538} INFO - Filling up the DagBag from /home/airflow/.local/lib/python3.7/site-packages/airflow/example_dags/example_task_group_decorator.py
[2022-12-22T01:40:52.200+0000] {processor.py:753} INFO - DAG(s) dict_keys(['example_task_group_decorator']) retrieved from /home/airflow/.local/lib/python3.7/site-packages/airflow/example_dags/example_task_group_decorator.py
[2022-12-22T01:40:52.238+0000] {logging_mixin.py:137} INFO - [2022-12-22T01:40:52.238+0000] {dag.py:2676} INFO - Sync 1 DAGs
[2022-12-22T01:40:52.262+0000] {logging_mixin.py:137} INFO - [2022-12-22T01:40:52.262+0000] {dag.py:3427} INFO - Setting next_dagrun for example_task_group_decorator to 2022-12-21T01:40:52.262304+00:00, run_after=2022-12-22T01:40:52.262304+00:00
[2022-12-22T01:40:52.279+0000] {processor.py:175} INFO - Processing /home/airflow/.local/lib/python3.7/site-packages/airflow/example_dags/example_task_group_decorator.py took 0.111 seconds
[2022-12-22T01:41:22.695+0000] {processor.py:153} INFO - Started process (PID=3977) to work on /home/airflow/.local/lib/python3.7/site-packages/airflow/example_dags/example_task_group_decorator.py
[2022-12-22T01:41:22.696+0000] {processor.py:743} INFO - Processing file /home/airflow/.local/lib/python3.7/site-packages/airflow/example_dags/example_task_group_decorator.py for tasks to queue
[2022-12-22T01:41:22.697+0000] {logging_mixin.py:137} INFO - [2022-12-22T01:41:22.697+0000] {dagbag.py:538} INFO - Filling up the DagBag from /home/airflow/.local/lib/python3.7/site-packages/airflow/example_dags/example_task_group_decorator.py
[2022-12-22T01:41:22.730+0000] {processor.py:753} INFO - DAG(s) dict_keys(['example_task_group_decorator']) retrieved from /home/airflow/.local/lib/python3.7/site-packages/airflow/example_dags/example_task_group_decorator.py
[2022-12-22T01:41:22.764+0000] {logging_mixin.py:137} INFO - [2022-12-22T01:41:22.764+0000] {dag.py:2676} INFO - Sync 1 DAGs
[2022-12-22T01:41:22.786+0000] {logging_mixin.py:137} INFO - [2022-12-22T01:41:22.786+0000] {dag.py:3427} INFO - Setting next_dagrun for example_task_group_decorator to 2022-12-21T01:41:22.786080+00:00, run_after=2022-12-22T01:41:22.786080+00:00
[2022-12-22T01:41:22.803+0000] {processor.py:175} INFO - Processing /home/airflow/.local/lib/python3.7/site-packages/airflow/example_dags/example_task_group_decorator.py took 0.111 seconds
[2022-12-22T01:41:53.349+0000] {processor.py:153} INFO - Started process (PID=4087) to work on /home/airflow/.local/lib/python3.7/site-packages/airflow/example_dags/example_task_group_decorator.py
[2022-12-22T01:41:53.350+0000] {processor.py:743} INFO - Processing file /home/airflow/.local/lib/python3.7/site-packages/airflow/example_dags/example_task_group_decorator.py for tasks to queue
[2022-12-22T01:41:53.350+0000] {logging_mixin.py:137} INFO - [2022-12-22T01:41:53.350+0000] {dagbag.py:538} INFO - Filling up the DagBag from /home/airflow/.local/lib/python3.7/site-packages/airflow/example_dags/example_task_group_decorator.py
[2022-12-22T01:41:53.378+0000] {processor.py:753} INFO - DAG(s) dict_keys(['example_task_group_decorator']) retrieved from /home/airflow/.local/lib/python3.7/site-packages/airflow/example_dags/example_task_group_decorator.py
[2022-12-22T01:41:53.415+0000] {logging_mixin.py:137} INFO - [2022-12-22T01:41:53.415+0000] {dag.py:2676} INFO - Sync 1 DAGs
[2022-12-22T01:41:53.439+0000] {logging_mixin.py:137} INFO - [2022-12-22T01:41:53.439+0000] {dag.py:3427} INFO - Setting next_dagrun for example_task_group_decorator to 2022-12-21T01:41:53.439366+00:00, run_after=2022-12-22T01:41:53.439366+00:00
[2022-12-22T01:41:53.457+0000] {processor.py:175} INFO - Processing /home/airflow/.local/lib/python3.7/site-packages/airflow/example_dags/example_task_group_decorator.py took 0.111 seconds
[2022-12-22T01:42:23.682+0000] {processor.py:153} INFO - Started process (PID=4173) to work on /home/airflow/.local/lib/python3.7/site-packages/airflow/example_dags/example_task_group_decorator.py
[2022-12-22T01:42:23.682+0000] {processor.py:743} INFO - Processing file /home/airflow/.local/lib/python3.7/site-packages/airflow/example_dags/example_task_group_decorator.py for tasks to queue
[2022-12-22T01:42:23.683+0000] {logging_mixin.py:137} INFO - [2022-12-22T01:42:23.683+0000] {dagbag.py:538} INFO - Filling up the DagBag from /home/airflow/.local/lib/python3.7/site-packages/airflow/example_dags/example_task_group_decorator.py
[2022-12-22T01:42:23.714+0000] {processor.py:753} INFO - DAG(s) dict_keys(['example_task_group_decorator']) retrieved from /home/airflow/.local/lib/python3.7/site-packages/airflow/example_dags/example_task_group_decorator.py
[2022-12-22T01:42:23.753+0000] {logging_mixin.py:137} INFO - [2022-12-22T01:42:23.753+0000] {dag.py:2676} INFO - Sync 1 DAGs
[2022-12-22T01:42:23.779+0000] {logging_mixin.py:137} INFO - [2022-12-22T01:42:23.779+0000] {dag.py:3427} INFO - Setting next_dagrun for example_task_group_decorator to 2022-12-21T01:42:23.778943+00:00, run_after=2022-12-22T01:42:23.778943+00:00
[2022-12-22T01:42:23.798+0000] {processor.py:175} INFO - Processing /home/airflow/.local/lib/python3.7/site-packages/airflow/example_dags/example_task_group_decorator.py took 0.119 seconds
[2022-12-22T01:42:54.259+0000] {processor.py:153} INFO - Started process (PID=4268) to work on /home/airflow/.local/lib/python3.7/site-packages/airflow/example_dags/example_task_group_decorator.py
[2022-12-22T01:42:54.260+0000] {processor.py:743} INFO - Processing file /home/airflow/.local/lib/python3.7/site-packages/airflow/example_dags/example_task_group_decorator.py for tasks to queue
[2022-12-22T01:42:54.261+0000] {logging_mixin.py:137} INFO - [2022-12-22T01:42:54.261+0000] {dagbag.py:538} INFO - Filling up the DagBag from /home/airflow/.local/lib/python3.7/site-packages/airflow/example_dags/example_task_group_decorator.py
[2022-12-22T01:42:54.311+0000] {processor.py:753} INFO - DAG(s) dict_keys(['example_task_group_decorator']) retrieved from /home/airflow/.local/lib/python3.7/site-packages/airflow/example_dags/example_task_group_decorator.py
[2022-12-22T01:42:54.406+0000] {logging_mixin.py:137} INFO - [2022-12-22T01:42:54.406+0000] {dag.py:2676} INFO - Sync 1 DAGs
[2022-12-22T01:42:54.431+0000] {logging_mixin.py:137} INFO - [2022-12-22T01:42:54.431+0000] {dag.py:3427} INFO - Setting next_dagrun for example_task_group_decorator to 2022-12-21T01:42:54.430914+00:00, run_after=2022-12-22T01:42:54.430914+00:00
[2022-12-22T01:42:54.504+0000] {processor.py:175} INFO - Processing /home/airflow/.local/lib/python3.7/site-packages/airflow/example_dags/example_task_group_decorator.py took 0.247 seconds
[2022-12-22T01:43:25.163+0000] {processor.py:153} INFO - Started process (PID=4369) to work on /home/airflow/.local/lib/python3.7/site-packages/airflow/example_dags/example_task_group_decorator.py
[2022-12-22T01:43:25.164+0000] {processor.py:743} INFO - Processing file /home/airflow/.local/lib/python3.7/site-packages/airflow/example_dags/example_task_group_decorator.py for tasks to queue
[2022-12-22T01:43:25.165+0000] {logging_mixin.py:137} INFO - [2022-12-22T01:43:25.165+0000] {dagbag.py:538} INFO - Filling up the DagBag from /home/airflow/.local/lib/python3.7/site-packages/airflow/example_dags/example_task_group_decorator.py
[2022-12-22T01:43:25.197+0000] {processor.py:753} INFO - DAG(s) dict_keys(['example_task_group_decorator']) retrieved from /home/airflow/.local/lib/python3.7/site-packages/airflow/example_dags/example_task_group_decorator.py
[2022-12-22T01:43:25.249+0000] {logging_mixin.py:137} INFO - [2022-12-22T01:43:25.249+0000] {dag.py:2676} INFO - Sync 1 DAGs
[2022-12-22T01:43:25.278+0000] {logging_mixin.py:137} INFO - [2022-12-22T01:43:25.277+0000] {dag.py:3427} INFO - Setting next_dagrun for example_task_group_decorator to 2022-12-21T01:43:25.277716+00:00, run_after=2022-12-22T01:43:25.277716+00:00
[2022-12-22T01:43:25.301+0000] {processor.py:175} INFO - Processing /home/airflow/.local/lib/python3.7/site-packages/airflow/example_dags/example_task_group_decorator.py took 0.140 seconds
[2022-12-22T01:43:55.739+0000] {processor.py:153} INFO - Started process (PID=4455) to work on /home/airflow/.local/lib/python3.7/site-packages/airflow/example_dags/example_task_group_decorator.py
[2022-12-22T01:43:55.740+0000] {processor.py:743} INFO - Processing file /home/airflow/.local/lib/python3.7/site-packages/airflow/example_dags/example_task_group_decorator.py for tasks to queue
[2022-12-22T01:43:55.740+0000] {logging_mixin.py:137} INFO - [2022-12-22T01:43:55.740+0000] {dagbag.py:538} INFO - Filling up the DagBag from /home/airflow/.local/lib/python3.7/site-packages/airflow/example_dags/example_task_group_decorator.py
[2022-12-22T01:43:55.771+0000] {processor.py:753} INFO - DAG(s) dict_keys(['example_task_group_decorator']) retrieved from /home/airflow/.local/lib/python3.7/site-packages/airflow/example_dags/example_task_group_decorator.py
[2022-12-22T01:43:55.808+0000] {logging_mixin.py:137} INFO - [2022-12-22T01:43:55.808+0000] {dag.py:2676} INFO - Sync 1 DAGs
[2022-12-22T01:43:55.833+0000] {logging_mixin.py:137} INFO - [2022-12-22T01:43:55.833+0000] {dag.py:3427} INFO - Setting next_dagrun for example_task_group_decorator to 2022-12-21T01:43:55.833068+00:00, run_after=2022-12-22T01:43:55.833068+00:00
[2022-12-22T01:43:55.850+0000] {processor.py:175} INFO - Processing /home/airflow/.local/lib/python3.7/site-packages/airflow/example_dags/example_task_group_decorator.py took 0.114 seconds
[2022-12-22T01:44:26.106+0000] {processor.py:153} INFO - Started process (PID=4565) to work on /home/airflow/.local/lib/python3.7/site-packages/airflow/example_dags/example_task_group_decorator.py
[2022-12-22T01:44:26.107+0000] {processor.py:743} INFO - Processing file /home/airflow/.local/lib/python3.7/site-packages/airflow/example_dags/example_task_group_decorator.py for tasks to queue
[2022-12-22T01:44:26.107+0000] {logging_mixin.py:137} INFO - [2022-12-22T01:44:26.107+0000] {dagbag.py:538} INFO - Filling up the DagBag from /home/airflow/.local/lib/python3.7/site-packages/airflow/example_dags/example_task_group_decorator.py
[2022-12-22T01:44:26.138+0000] {processor.py:753} INFO - DAG(s) dict_keys(['example_task_group_decorator']) retrieved from /home/airflow/.local/lib/python3.7/site-packages/airflow/example_dags/example_task_group_decorator.py
[2022-12-22T01:44:26.183+0000] {logging_mixin.py:137} INFO - [2022-12-22T01:44:26.182+0000] {dag.py:2676} INFO - Sync 1 DAGs
[2022-12-22T01:44:26.215+0000] {logging_mixin.py:137} INFO - [2022-12-22T01:44:26.215+0000] {dag.py:3427} INFO - Setting next_dagrun for example_task_group_decorator to 2022-12-21T01:44:26.214673+00:00, run_after=2022-12-22T01:44:26.214673+00:00
[2022-12-22T01:44:26.238+0000] {processor.py:175} INFO - Processing /home/airflow/.local/lib/python3.7/site-packages/airflow/example_dags/example_task_group_decorator.py took 0.135 seconds
[2022-12-22T01:44:56.933+0000] {processor.py:153} INFO - Started process (PID=4651) to work on /home/airflow/.local/lib/python3.7/site-packages/airflow/example_dags/example_task_group_decorator.py
[2022-12-22T01:44:56.934+0000] {processor.py:743} INFO - Processing file /home/airflow/.local/lib/python3.7/site-packages/airflow/example_dags/example_task_group_decorator.py for tasks to queue
[2022-12-22T01:44:56.935+0000] {logging_mixin.py:137} INFO - [2022-12-22T01:44:56.935+0000] {dagbag.py:538} INFO - Filling up the DagBag from /home/airflow/.local/lib/python3.7/site-packages/airflow/example_dags/example_task_group_decorator.py
[2022-12-22T01:44:56.962+0000] {processor.py:753} INFO - DAG(s) dict_keys(['example_task_group_decorator']) retrieved from /home/airflow/.local/lib/python3.7/site-packages/airflow/example_dags/example_task_group_decorator.py
[2022-12-22T01:44:56.999+0000] {logging_mixin.py:137} INFO - [2022-12-22T01:44:56.999+0000] {dag.py:2676} INFO - Sync 1 DAGs
[2022-12-22T01:44:57.025+0000] {logging_mixin.py:137} INFO - [2022-12-22T01:44:57.025+0000] {dag.py:3427} INFO - Setting next_dagrun for example_task_group_decorator to 2022-12-21T01:44:57.025319+00:00, run_after=2022-12-22T01:44:57.025319+00:00
[2022-12-22T01:44:57.042+0000] {processor.py:175} INFO - Processing /home/airflow/.local/lib/python3.7/site-packages/airflow/example_dags/example_task_group_decorator.py took 0.111 seconds
[2022-12-22T01:45:27.347+0000] {processor.py:153} INFO - Started process (PID=4737) to work on /home/airflow/.local/lib/python3.7/site-packages/airflow/example_dags/example_task_group_decorator.py
[2022-12-22T01:45:27.347+0000] {processor.py:743} INFO - Processing file /home/airflow/.local/lib/python3.7/site-packages/airflow/example_dags/example_task_group_decorator.py for tasks to queue
[2022-12-22T01:45:27.348+0000] {logging_mixin.py:137} INFO - [2022-12-22T01:45:27.348+0000] {dagbag.py:538} INFO - Filling up the DagBag from /home/airflow/.local/lib/python3.7/site-packages/airflow/example_dags/example_task_group_decorator.py
[2022-12-22T01:45:27.418+0000] {processor.py:753} INFO - DAG(s) dict_keys(['example_task_group_decorator']) retrieved from /home/airflow/.local/lib/python3.7/site-packages/airflow/example_dags/example_task_group_decorator.py
[2022-12-22T01:45:27.497+0000] {logging_mixin.py:137} INFO - [2022-12-22T01:45:27.497+0000] {dag.py:2676} INFO - Sync 1 DAGs
[2022-12-22T01:45:27.524+0000] {logging_mixin.py:137} INFO - [2022-12-22T01:45:27.524+0000] {dag.py:3427} INFO - Setting next_dagrun for example_task_group_decorator to 2022-12-21T01:45:27.523998+00:00, run_after=2022-12-22T01:45:27.523998+00:00
[2022-12-22T01:45:27.595+0000] {processor.py:175} INFO - Processing /home/airflow/.local/lib/python3.7/site-packages/airflow/example_dags/example_task_group_decorator.py took 0.252 seconds
[2022-12-22T01:45:58.289+0000] {processor.py:153} INFO - Started process (PID=4832) to work on /home/airflow/.local/lib/python3.7/site-packages/airflow/example_dags/example_task_group_decorator.py
[2022-12-22T01:45:58.290+0000] {processor.py:743} INFO - Processing file /home/airflow/.local/lib/python3.7/site-packages/airflow/example_dags/example_task_group_decorator.py for tasks to queue
[2022-12-22T01:45:58.291+0000] {logging_mixin.py:137} INFO - [2022-12-22T01:45:58.290+0000] {dagbag.py:538} INFO - Filling up the DagBag from /home/airflow/.local/lib/python3.7/site-packages/airflow/example_dags/example_task_group_decorator.py
[2022-12-22T01:45:58.323+0000] {processor.py:753} INFO - DAG(s) dict_keys(['example_task_group_decorator']) retrieved from /home/airflow/.local/lib/python3.7/site-packages/airflow/example_dags/example_task_group_decorator.py
[2022-12-22T01:45:58.420+0000] {logging_mixin.py:137} INFO - [2022-12-22T01:45:58.420+0000] {dag.py:2676} INFO - Sync 1 DAGs
[2022-12-22T01:45:58.515+0000] {logging_mixin.py:137} INFO - [2022-12-22T01:45:58.514+0000] {dag.py:3427} INFO - Setting next_dagrun for example_task_group_decorator to 2022-12-21T01:45:58.514687+00:00, run_after=2022-12-22T01:45:58.514687+00:00
[2022-12-22T01:45:58.607+0000] {processor.py:175} INFO - Processing /home/airflow/.local/lib/python3.7/site-packages/airflow/example_dags/example_task_group_decorator.py took 0.380 seconds
[2022-12-22T01:46:29.120+0000] {processor.py:153} INFO - Started process (PID=4933) to work on /home/airflow/.local/lib/python3.7/site-packages/airflow/example_dags/example_task_group_decorator.py
[2022-12-22T01:46:29.121+0000] {processor.py:743} INFO - Processing file /home/airflow/.local/lib/python3.7/site-packages/airflow/example_dags/example_task_group_decorator.py for tasks to queue
[2022-12-22T01:46:29.121+0000] {logging_mixin.py:137} INFO - [2022-12-22T01:46:29.121+0000] {dagbag.py:538} INFO - Filling up the DagBag from /home/airflow/.local/lib/python3.7/site-packages/airflow/example_dags/example_task_group_decorator.py
[2022-12-22T01:46:29.150+0000] {processor.py:753} INFO - DAG(s) dict_keys(['example_task_group_decorator']) retrieved from /home/airflow/.local/lib/python3.7/site-packages/airflow/example_dags/example_task_group_decorator.py
[2022-12-22T01:46:29.184+0000] {logging_mixin.py:137} INFO - [2022-12-22T01:46:29.184+0000] {dag.py:2676} INFO - Sync 1 DAGs
[2022-12-22T01:46:29.206+0000] {logging_mixin.py:137} INFO - [2022-12-22T01:46:29.206+0000] {dag.py:3427} INFO - Setting next_dagrun for example_task_group_decorator to 2022-12-21T01:46:29.206203+00:00, run_after=2022-12-22T01:46:29.206203+00:00
[2022-12-22T01:46:29.222+0000] {processor.py:175} INFO - Processing /home/airflow/.local/lib/python3.7/site-packages/airflow/example_dags/example_task_group_decorator.py took 0.104 seconds
[2022-12-22T01:46:59.948+0000] {processor.py:153} INFO - Started process (PID=5019) to work on /home/airflow/.local/lib/python3.7/site-packages/airflow/example_dags/example_task_group_decorator.py
[2022-12-22T01:46:59.948+0000] {processor.py:743} INFO - Processing file /home/airflow/.local/lib/python3.7/site-packages/airflow/example_dags/example_task_group_decorator.py for tasks to queue
[2022-12-22T01:46:59.949+0000] {logging_mixin.py:137} INFO - [2022-12-22T01:46:59.949+0000] {dagbag.py:538} INFO - Filling up the DagBag from /home/airflow/.local/lib/python3.7/site-packages/airflow/example_dags/example_task_group_decorator.py
[2022-12-22T01:46:59.987+0000] {processor.py:753} INFO - DAG(s) dict_keys(['example_task_group_decorator']) retrieved from /home/airflow/.local/lib/python3.7/site-packages/airflow/example_dags/example_task_group_decorator.py
[2022-12-22T01:47:00.023+0000] {logging_mixin.py:137} INFO - [2022-12-22T01:47:00.023+0000] {dag.py:2676} INFO - Sync 1 DAGs
[2022-12-22T01:47:00.047+0000] {logging_mixin.py:137} INFO - [2022-12-22T01:47:00.047+0000] {dag.py:3427} INFO - Setting next_dagrun for example_task_group_decorator to 2022-12-21T01:47:00.047410+00:00, run_after=2022-12-22T01:47:00.047410+00:00
[2022-12-22T01:47:00.065+0000] {processor.py:175} INFO - Processing /home/airflow/.local/lib/python3.7/site-packages/airflow/example_dags/example_task_group_decorator.py took 0.120 seconds
[2022-12-22T01:47:30.874+0000] {processor.py:153} INFO - Started process (PID=5114) to work on /home/airflow/.local/lib/python3.7/site-packages/airflow/example_dags/example_task_group_decorator.py
[2022-12-22T01:47:30.875+0000] {processor.py:743} INFO - Processing file /home/airflow/.local/lib/python3.7/site-packages/airflow/example_dags/example_task_group_decorator.py for tasks to queue
[2022-12-22T01:47:30.875+0000] {logging_mixin.py:137} INFO - [2022-12-22T01:47:30.875+0000] {dagbag.py:538} INFO - Filling up the DagBag from /home/airflow/.local/lib/python3.7/site-packages/airflow/example_dags/example_task_group_decorator.py
[2022-12-22T01:47:30.915+0000] {processor.py:753} INFO - DAG(s) dict_keys(['example_task_group_decorator']) retrieved from /home/airflow/.local/lib/python3.7/site-packages/airflow/example_dags/example_task_group_decorator.py
[2022-12-22T01:47:30.958+0000] {logging_mixin.py:137} INFO - [2022-12-22T01:47:30.958+0000] {dag.py:2676} INFO - Sync 1 DAGs
[2022-12-22T01:47:31.089+0000] {logging_mixin.py:137} INFO - [2022-12-22T01:47:31.088+0000] {dag.py:3427} INFO - Setting next_dagrun for example_task_group_decorator to 2022-12-21T01:47:31.088569+00:00, run_after=2022-12-22T01:47:31.088569+00:00
[2022-12-22T01:47:31.119+0000] {processor.py:175} INFO - Processing /home/airflow/.local/lib/python3.7/site-packages/airflow/example_dags/example_task_group_decorator.py took 0.248 seconds
[2022-12-22T01:48:01.765+0000] {processor.py:153} INFO - Started process (PID=5215) to work on /home/airflow/.local/lib/python3.7/site-packages/airflow/example_dags/example_task_group_decorator.py
[2022-12-22T01:48:01.766+0000] {processor.py:743} INFO - Processing file /home/airflow/.local/lib/python3.7/site-packages/airflow/example_dags/example_task_group_decorator.py for tasks to queue
[2022-12-22T01:48:01.766+0000] {logging_mixin.py:137} INFO - [2022-12-22T01:48:01.766+0000] {dagbag.py:538} INFO - Filling up the DagBag from /home/airflow/.local/lib/python3.7/site-packages/airflow/example_dags/example_task_group_decorator.py
[2022-12-22T01:48:01.795+0000] {processor.py:753} INFO - DAG(s) dict_keys(['example_task_group_decorator']) retrieved from /home/airflow/.local/lib/python3.7/site-packages/airflow/example_dags/example_task_group_decorator.py
[2022-12-22T01:48:01.831+0000] {logging_mixin.py:137} INFO - [2022-12-22T01:48:01.831+0000] {dag.py:2676} INFO - Sync 1 DAGs
[2022-12-22T01:48:01.856+0000] {logging_mixin.py:137} INFO - [2022-12-22T01:48:01.856+0000] {dag.py:3427} INFO - Setting next_dagrun for example_task_group_decorator to 2022-12-21T01:48:01.855929+00:00, run_after=2022-12-22T01:48:01.855929+00:00
[2022-12-22T01:48:01.872+0000] {processor.py:175} INFO - Processing /home/airflow/.local/lib/python3.7/site-packages/airflow/example_dags/example_task_group_decorator.py took 0.109 seconds
[2022-12-22T01:48:32.168+0000] {processor.py:153} INFO - Started process (PID=5301) to work on /home/airflow/.local/lib/python3.7/site-packages/airflow/example_dags/example_task_group_decorator.py
[2022-12-22T01:48:32.169+0000] {processor.py:743} INFO - Processing file /home/airflow/.local/lib/python3.7/site-packages/airflow/example_dags/example_task_group_decorator.py for tasks to queue
[2022-12-22T01:48:32.169+0000] {logging_mixin.py:137} INFO - [2022-12-22T01:48:32.169+0000] {dagbag.py:538} INFO - Filling up the DagBag from /home/airflow/.local/lib/python3.7/site-packages/airflow/example_dags/example_task_group_decorator.py
[2022-12-22T01:48:32.198+0000] {processor.py:753} INFO - DAG(s) dict_keys(['example_task_group_decorator']) retrieved from /home/airflow/.local/lib/python3.7/site-packages/airflow/example_dags/example_task_group_decorator.py
[2022-12-22T01:48:32.237+0000] {logging_mixin.py:137} INFO - [2022-12-22T01:48:32.237+0000] {dag.py:2676} INFO - Sync 1 DAGs
[2022-12-22T01:48:32.261+0000] {logging_mixin.py:137} INFO - [2022-12-22T01:48:32.261+0000] {dag.py:3427} INFO - Setting next_dagrun for example_task_group_decorator to 2022-12-21T01:48:32.261068+00:00, run_after=2022-12-22T01:48:32.261068+00:00
[2022-12-22T01:48:32.277+0000] {processor.py:175} INFO - Processing /home/airflow/.local/lib/python3.7/site-packages/airflow/example_dags/example_task_group_decorator.py took 0.112 seconds
[2022-12-22T01:49:02.790+0000] {processor.py:153} INFO - Started process (PID=5411) to work on /home/airflow/.local/lib/python3.7/site-packages/airflow/example_dags/example_task_group_decorator.py
[2022-12-22T01:49:02.791+0000] {processor.py:743} INFO - Processing file /home/airflow/.local/lib/python3.7/site-packages/airflow/example_dags/example_task_group_decorator.py for tasks to queue
[2022-12-22T01:49:02.792+0000] {logging_mixin.py:137} INFO - [2022-12-22T01:49:02.792+0000] {dagbag.py:538} INFO - Filling up the DagBag from /home/airflow/.local/lib/python3.7/site-packages/airflow/example_dags/example_task_group_decorator.py
[2022-12-22T01:49:02.819+0000] {processor.py:753} INFO - DAG(s) dict_keys(['example_task_group_decorator']) retrieved from /home/airflow/.local/lib/python3.7/site-packages/airflow/example_dags/example_task_group_decorator.py
[2022-12-22T01:49:02.854+0000] {logging_mixin.py:137} INFO - [2022-12-22T01:49:02.854+0000] {dag.py:2676} INFO - Sync 1 DAGs
[2022-12-22T01:49:02.878+0000] {logging_mixin.py:137} INFO - [2022-12-22T01:49:02.878+0000] {dag.py:3427} INFO - Setting next_dagrun for example_task_group_decorator to 2022-12-21T01:49:02.877938+00:00, run_after=2022-12-22T01:49:02.877938+00:00
[2022-12-22T01:49:02.898+0000] {processor.py:175} INFO - Processing /home/airflow/.local/lib/python3.7/site-packages/airflow/example_dags/example_task_group_decorator.py took 0.110 seconds
[2022-12-22T01:49:33.034+0000] {processor.py:153} INFO - Started process (PID=5497) to work on /home/airflow/.local/lib/python3.7/site-packages/airflow/example_dags/example_task_group_decorator.py
[2022-12-22T01:49:33.035+0000] {processor.py:743} INFO - Processing file /home/airflow/.local/lib/python3.7/site-packages/airflow/example_dags/example_task_group_decorator.py for tasks to queue
[2022-12-22T01:49:33.035+0000] {logging_mixin.py:137} INFO - [2022-12-22T01:49:33.035+0000] {dagbag.py:538} INFO - Filling up the DagBag from /home/airflow/.local/lib/python3.7/site-packages/airflow/example_dags/example_task_group_decorator.py
[2022-12-22T01:49:33.067+0000] {processor.py:753} INFO - DAG(s) dict_keys(['example_task_group_decorator']) retrieved from /home/airflow/.local/lib/python3.7/site-packages/airflow/example_dags/example_task_group_decorator.py
[2022-12-22T01:49:33.112+0000] {logging_mixin.py:137} INFO - [2022-12-22T01:49:33.112+0000] {dag.py:2676} INFO - Sync 1 DAGs
[2022-12-22T01:49:33.143+0000] {logging_mixin.py:137} INFO - [2022-12-22T01:49:33.143+0000] {dag.py:3427} INFO - Setting next_dagrun for example_task_group_decorator to 2022-12-21T01:49:33.142751+00:00, run_after=2022-12-22T01:49:33.142751+00:00
[2022-12-22T01:49:33.166+0000] {processor.py:175} INFO - Processing /home/airflow/.local/lib/python3.7/site-packages/airflow/example_dags/example_task_group_decorator.py took 0.135 seconds
[2022-12-22T01:50:03.619+0000] {processor.py:153} INFO - Started process (PID=5583) to work on /home/airflow/.local/lib/python3.7/site-packages/airflow/example_dags/example_task_group_decorator.py
[2022-12-22T01:50:03.620+0000] {processor.py:743} INFO - Processing file /home/airflow/.local/lib/python3.7/site-packages/airflow/example_dags/example_task_group_decorator.py for tasks to queue
[2022-12-22T01:50:03.620+0000] {logging_mixin.py:137} INFO - [2022-12-22T01:50:03.620+0000] {dagbag.py:538} INFO - Filling up the DagBag from /home/airflow/.local/lib/python3.7/site-packages/airflow/example_dags/example_task_group_decorator.py
[2022-12-22T01:50:03.648+0000] {processor.py:753} INFO - DAG(s) dict_keys(['example_task_group_decorator']) retrieved from /home/airflow/.local/lib/python3.7/site-packages/airflow/example_dags/example_task_group_decorator.py
[2022-12-22T01:50:03.695+0000] {logging_mixin.py:137} INFO - [2022-12-22T01:50:03.695+0000] {dag.py:2676} INFO - Sync 1 DAGs
[2022-12-22T01:50:03.724+0000] {logging_mixin.py:137} INFO - [2022-12-22T01:50:03.724+0000] {dag.py:3427} INFO - Setting next_dagrun for example_task_group_decorator to 2022-12-21T01:50:03.723950+00:00, run_after=2022-12-22T01:50:03.723950+00:00
[2022-12-22T01:50:03.742+0000] {processor.py:175} INFO - Processing /home/airflow/.local/lib/python3.7/site-packages/airflow/example_dags/example_task_group_decorator.py took 0.126 seconds
[2022-12-22T01:50:34.104+0000] {processor.py:153} INFO - Started process (PID=5669) to work on /home/airflow/.local/lib/python3.7/site-packages/airflow/example_dags/example_task_group_decorator.py
[2022-12-22T01:50:34.105+0000] {processor.py:743} INFO - Processing file /home/airflow/.local/lib/python3.7/site-packages/airflow/example_dags/example_task_group_decorator.py for tasks to queue
[2022-12-22T01:50:34.106+0000] {logging_mixin.py:137} INFO - [2022-12-22T01:50:34.106+0000] {dagbag.py:538} INFO - Filling up the DagBag from /home/airflow/.local/lib/python3.7/site-packages/airflow/example_dags/example_task_group_decorator.py
[2022-12-22T01:50:34.139+0000] {processor.py:753} INFO - DAG(s) dict_keys(['example_task_group_decorator']) retrieved from /home/airflow/.local/lib/python3.7/site-packages/airflow/example_dags/example_task_group_decorator.py
[2022-12-22T01:50:34.179+0000] {logging_mixin.py:137} INFO - [2022-12-22T01:50:34.179+0000] {dag.py:2676} INFO - Sync 1 DAGs
[2022-12-22T01:50:34.212+0000] {logging_mixin.py:137} INFO - [2022-12-22T01:50:34.212+0000] {dag.py:3427} INFO - Setting next_dagrun for example_task_group_decorator to 2022-12-21T01:50:34.212106+00:00, run_after=2022-12-22T01:50:34.212106+00:00
[2022-12-22T01:50:34.236+0000] {processor.py:175} INFO - Processing /home/airflow/.local/lib/python3.7/site-packages/airflow/example_dags/example_task_group_decorator.py took 0.135 seconds
[2022-12-22T01:51:04.668+0000] {processor.py:153} INFO - Started process (PID=5779) to work on /home/airflow/.local/lib/python3.7/site-packages/airflow/example_dags/example_task_group_decorator.py
[2022-12-22T01:51:04.673+0000] {processor.py:743} INFO - Processing file /home/airflow/.local/lib/python3.7/site-packages/airflow/example_dags/example_task_group_decorator.py for tasks to queue
[2022-12-22T01:51:04.679+0000] {logging_mixin.py:137} INFO - [2022-12-22T01:51:04.679+0000] {dagbag.py:538} INFO - Filling up the DagBag from /home/airflow/.local/lib/python3.7/site-packages/airflow/example_dags/example_task_group_decorator.py
[2022-12-22T01:51:04.708+0000] {processor.py:753} INFO - DAG(s) dict_keys(['example_task_group_decorator']) retrieved from /home/airflow/.local/lib/python3.7/site-packages/airflow/example_dags/example_task_group_decorator.py
[2022-12-22T01:51:04.750+0000] {logging_mixin.py:137} INFO - [2022-12-22T01:51:04.750+0000] {dag.py:2676} INFO - Sync 1 DAGs
[2022-12-22T01:51:04.775+0000] {logging_mixin.py:137} INFO - [2022-12-22T01:51:04.774+0000] {dag.py:3427} INFO - Setting next_dagrun for example_task_group_decorator to 2022-12-21T01:51:04.774745+00:00, run_after=2022-12-22T01:51:04.774745+00:00
[2022-12-22T01:51:04.793+0000] {processor.py:175} INFO - Processing /home/airflow/.local/lib/python3.7/site-packages/airflow/example_dags/example_task_group_decorator.py took 0.127 seconds
