[2022-12-22T01:20:19.090+0000] {processor.py:153} INFO - Started process (PID=102) to work on /home/airflow/.local/lib/python3.7/site-packages/airflow/example_dags/example_branch_python_dop_operator_3.py
[2022-12-22T01:20:19.091+0000] {processor.py:743} INFO - Processing file /home/airflow/.local/lib/python3.7/site-packages/airflow/example_dags/example_branch_python_dop_operator_3.py for tasks to queue
[2022-12-22T01:20:19.092+0000] {logging_mixin.py:137} INFO - [2022-12-22T01:20:19.091+0000] {dagbag.py:538} INFO - Filling up the DagBag from /home/airflow/.local/lib/python3.7/site-packages/airflow/example_dags/example_branch_python_dop_operator_3.py
[2022-12-22T01:20:19.198+0000] {processor.py:753} INFO - DAG(s) dict_keys(['example_branch_dop_operator_v3']) retrieved from /home/airflow/.local/lib/python3.7/site-packages/airflow/example_dags/example_branch_python_dop_operator_3.py
[2022-12-22T01:20:19.393+0000] {logging_mixin.py:137} INFO - [2022-12-22T01:20:19.393+0000] {dag.py:2676} INFO - Sync 1 DAGs
[2022-12-22T01:20:19.495+0000] {logging_mixin.py:137} INFO - [2022-12-22T01:20:19.495+0000] {dag.py:3427} INFO - Setting next_dagrun for example_branch_dop_operator_v3 to 2022-12-22T01:19:00+00:00, run_after=2022-12-22T01:20:00+00:00
[2022-12-22T01:20:19.520+0000] {processor.py:175} INFO - Processing /home/airflow/.local/lib/python3.7/site-packages/airflow/example_dags/example_branch_python_dop_operator_3.py took 0.500 seconds
[2022-12-22T01:20:50.278+0000] {processor.py:153} INFO - Started process (PID=179) to work on /home/airflow/.local/lib/python3.7/site-packages/airflow/example_dags/example_branch_python_dop_operator_3.py
[2022-12-22T01:20:50.279+0000] {processor.py:743} INFO - Processing file /home/airflow/.local/lib/python3.7/site-packages/airflow/example_dags/example_branch_python_dop_operator_3.py for tasks to queue
[2022-12-22T01:20:50.280+0000] {logging_mixin.py:137} INFO - [2022-12-22T01:20:50.279+0000] {dagbag.py:538} INFO - Filling up the DagBag from /home/airflow/.local/lib/python3.7/site-packages/airflow/example_dags/example_branch_python_dop_operator_3.py
[2022-12-22T01:20:50.302+0000] {processor.py:753} INFO - DAG(s) dict_keys(['example_branch_dop_operator_v3']) retrieved from /home/airflow/.local/lib/python3.7/site-packages/airflow/example_dags/example_branch_python_dop_operator_3.py
[2022-12-22T01:20:50.336+0000] {logging_mixin.py:137} INFO - [2022-12-22T01:20:50.336+0000] {dag.py:2676} INFO - Sync 1 DAGs
[2022-12-22T01:20:50.363+0000] {logging_mixin.py:137} INFO - [2022-12-22T01:20:50.363+0000] {dag.py:3427} INFO - Setting next_dagrun for example_branch_dop_operator_v3 to 2022-12-22T01:19:00+00:00, run_after=2022-12-22T01:20:00+00:00
[2022-12-22T01:20:50.382+0000] {processor.py:175} INFO - Processing /home/airflow/.local/lib/python3.7/site-packages/airflow/example_dags/example_branch_python_dop_operator_3.py took 0.106 seconds
[2022-12-22T01:21:20.567+0000] {processor.py:153} INFO - Started process (PID=289) to work on /home/airflow/.local/lib/python3.7/site-packages/airflow/example_dags/example_branch_python_dop_operator_3.py
[2022-12-22T01:21:20.568+0000] {processor.py:743} INFO - Processing file /home/airflow/.local/lib/python3.7/site-packages/airflow/example_dags/example_branch_python_dop_operator_3.py for tasks to queue
[2022-12-22T01:21:20.568+0000] {logging_mixin.py:137} INFO - [2022-12-22T01:21:20.568+0000] {dagbag.py:538} INFO - Filling up the DagBag from /home/airflow/.local/lib/python3.7/site-packages/airflow/example_dags/example_branch_python_dop_operator_3.py
[2022-12-22T01:21:20.592+0000] {processor.py:753} INFO - DAG(s) dict_keys(['example_branch_dop_operator_v3']) retrieved from /home/airflow/.local/lib/python3.7/site-packages/airflow/example_dags/example_branch_python_dop_operator_3.py
[2022-12-22T01:21:20.624+0000] {logging_mixin.py:137} INFO - [2022-12-22T01:21:20.624+0000] {dag.py:2676} INFO - Sync 1 DAGs
[2022-12-22T01:21:20.652+0000] {logging_mixin.py:137} INFO - [2022-12-22T01:21:20.651+0000] {dag.py:3427} INFO - Setting next_dagrun for example_branch_dop_operator_v3 to 2022-12-22T01:20:00+00:00, run_after=2022-12-22T01:21:00+00:00
[2022-12-22T01:21:20.669+0000] {processor.py:175} INFO - Processing /home/airflow/.local/lib/python3.7/site-packages/airflow/example_dags/example_branch_python_dop_operator_3.py took 0.104 seconds
[2022-12-22T01:21:50.929+0000] {processor.py:153} INFO - Started process (PID=375) to work on /home/airflow/.local/lib/python3.7/site-packages/airflow/example_dags/example_branch_python_dop_operator_3.py
[2022-12-22T01:21:50.930+0000] {processor.py:743} INFO - Processing file /home/airflow/.local/lib/python3.7/site-packages/airflow/example_dags/example_branch_python_dop_operator_3.py for tasks to queue
[2022-12-22T01:21:50.930+0000] {logging_mixin.py:137} INFO - [2022-12-22T01:21:50.930+0000] {dagbag.py:538} INFO - Filling up the DagBag from /home/airflow/.local/lib/python3.7/site-packages/airflow/example_dags/example_branch_python_dop_operator_3.py
[2022-12-22T01:21:50.953+0000] {processor.py:753} INFO - DAG(s) dict_keys(['example_branch_dop_operator_v3']) retrieved from /home/airflow/.local/lib/python3.7/site-packages/airflow/example_dags/example_branch_python_dop_operator_3.py
[2022-12-22T01:21:50.984+0000] {logging_mixin.py:137} INFO - [2022-12-22T01:21:50.984+0000] {dag.py:2676} INFO - Sync 1 DAGs
[2022-12-22T01:21:51.012+0000] {logging_mixin.py:137} INFO - [2022-12-22T01:21:51.012+0000] {dag.py:3427} INFO - Setting next_dagrun for example_branch_dop_operator_v3 to 2022-12-22T01:20:00+00:00, run_after=2022-12-22T01:21:00+00:00
[2022-12-22T01:21:51.028+0000] {processor.py:175} INFO - Processing /home/airflow/.local/lib/python3.7/site-packages/airflow/example_dags/example_branch_python_dop_operator_3.py took 0.102 seconds
[2022-12-22T01:22:21.330+0000] {processor.py:153} INFO - Started process (PID=485) to work on /home/airflow/.local/lib/python3.7/site-packages/airflow/example_dags/example_branch_python_dop_operator_3.py
[2022-12-22T01:22:21.330+0000] {processor.py:743} INFO - Processing file /home/airflow/.local/lib/python3.7/site-packages/airflow/example_dags/example_branch_python_dop_operator_3.py for tasks to queue
[2022-12-22T01:22:21.331+0000] {logging_mixin.py:137} INFO - [2022-12-22T01:22:21.331+0000] {dagbag.py:538} INFO - Filling up the DagBag from /home/airflow/.local/lib/python3.7/site-packages/airflow/example_dags/example_branch_python_dop_operator_3.py
[2022-12-22T01:22:21.353+0000] {processor.py:753} INFO - DAG(s) dict_keys(['example_branch_dop_operator_v3']) retrieved from /home/airflow/.local/lib/python3.7/site-packages/airflow/example_dags/example_branch_python_dop_operator_3.py
[2022-12-22T01:22:21.390+0000] {logging_mixin.py:137} INFO - [2022-12-22T01:22:21.390+0000] {dag.py:2676} INFO - Sync 1 DAGs
[2022-12-22T01:22:21.419+0000] {logging_mixin.py:137} INFO - [2022-12-22T01:22:21.419+0000] {dag.py:3427} INFO - Setting next_dagrun for example_branch_dop_operator_v3 to 2022-12-22T01:21:00+00:00, run_after=2022-12-22T01:22:00+00:00
[2022-12-22T01:22:21.436+0000] {processor.py:175} INFO - Processing /home/airflow/.local/lib/python3.7/site-packages/airflow/example_dags/example_branch_python_dop_operator_3.py took 0.109 seconds
[2022-12-22T01:22:51.526+0000] {processor.py:153} INFO - Started process (PID=571) to work on /home/airflow/.local/lib/python3.7/site-packages/airflow/example_dags/example_branch_python_dop_operator_3.py
[2022-12-22T01:22:51.527+0000] {processor.py:743} INFO - Processing file /home/airflow/.local/lib/python3.7/site-packages/airflow/example_dags/example_branch_python_dop_operator_3.py for tasks to queue
[2022-12-22T01:22:51.528+0000] {logging_mixin.py:137} INFO - [2022-12-22T01:22:51.527+0000] {dagbag.py:538} INFO - Filling up the DagBag from /home/airflow/.local/lib/python3.7/site-packages/airflow/example_dags/example_branch_python_dop_operator_3.py
[2022-12-22T01:22:51.553+0000] {processor.py:753} INFO - DAG(s) dict_keys(['example_branch_dop_operator_v3']) retrieved from /home/airflow/.local/lib/python3.7/site-packages/airflow/example_dags/example_branch_python_dop_operator_3.py
[2022-12-22T01:22:51.587+0000] {logging_mixin.py:137} INFO - [2022-12-22T01:22:51.587+0000] {dag.py:2676} INFO - Sync 1 DAGs
[2022-12-22T01:22:51.615+0000] {logging_mixin.py:137} INFO - [2022-12-22T01:22:51.615+0000] {dag.py:3427} INFO - Setting next_dagrun for example_branch_dop_operator_v3 to 2022-12-22T01:21:00+00:00, run_after=2022-12-22T01:22:00+00:00
[2022-12-22T01:22:51.632+0000] {processor.py:175} INFO - Processing /home/airflow/.local/lib/python3.7/site-packages/airflow/example_dags/example_branch_python_dop_operator_3.py took 0.108 seconds
[2022-12-22T01:23:21.982+0000] {processor.py:153} INFO - Started process (PID=657) to work on /home/airflow/.local/lib/python3.7/site-packages/airflow/example_dags/example_branch_python_dop_operator_3.py
[2022-12-22T01:23:21.983+0000] {processor.py:743} INFO - Processing file /home/airflow/.local/lib/python3.7/site-packages/airflow/example_dags/example_branch_python_dop_operator_3.py for tasks to queue
[2022-12-22T01:23:21.984+0000] {logging_mixin.py:137} INFO - [2022-12-22T01:23:21.983+0000] {dagbag.py:538} INFO - Filling up the DagBag from /home/airflow/.local/lib/python3.7/site-packages/airflow/example_dags/example_branch_python_dop_operator_3.py
[2022-12-22T01:23:22.007+0000] {processor.py:753} INFO - DAG(s) dict_keys(['example_branch_dop_operator_v3']) retrieved from /home/airflow/.local/lib/python3.7/site-packages/airflow/example_dags/example_branch_python_dop_operator_3.py
[2022-12-22T01:23:22.041+0000] {logging_mixin.py:137} INFO - [2022-12-22T01:23:22.041+0000] {dag.py:2676} INFO - Sync 1 DAGs
[2022-12-22T01:23:22.071+0000] {logging_mixin.py:137} INFO - [2022-12-22T01:23:22.071+0000] {dag.py:3427} INFO - Setting next_dagrun for example_branch_dop_operator_v3 to 2022-12-22T01:22:00+00:00, run_after=2022-12-22T01:23:00+00:00
[2022-12-22T01:23:22.090+0000] {processor.py:175} INFO - Processing /home/airflow/.local/lib/python3.7/site-packages/airflow/example_dags/example_branch_python_dop_operator_3.py took 0.110 seconds
[2022-12-22T01:23:52.173+0000] {processor.py:153} INFO - Started process (PID=767) to work on /home/airflow/.local/lib/python3.7/site-packages/airflow/example_dags/example_branch_python_dop_operator_3.py
[2022-12-22T01:23:52.174+0000] {processor.py:743} INFO - Processing file /home/airflow/.local/lib/python3.7/site-packages/airflow/example_dags/example_branch_python_dop_operator_3.py for tasks to queue
[2022-12-22T01:23:52.174+0000] {logging_mixin.py:137} INFO - [2022-12-22T01:23:52.174+0000] {dagbag.py:538} INFO - Filling up the DagBag from /home/airflow/.local/lib/python3.7/site-packages/airflow/example_dags/example_branch_python_dop_operator_3.py
[2022-12-22T01:23:52.197+0000] {processor.py:753} INFO - DAG(s) dict_keys(['example_branch_dop_operator_v3']) retrieved from /home/airflow/.local/lib/python3.7/site-packages/airflow/example_dags/example_branch_python_dop_operator_3.py
[2022-12-22T01:23:52.230+0000] {logging_mixin.py:137} INFO - [2022-12-22T01:23:52.230+0000] {dag.py:2676} INFO - Sync 1 DAGs
[2022-12-22T01:23:52.259+0000] {logging_mixin.py:137} INFO - [2022-12-22T01:23:52.259+0000] {dag.py:3427} INFO - Setting next_dagrun for example_branch_dop_operator_v3 to 2022-12-22T01:22:00+00:00, run_after=2022-12-22T01:23:00+00:00
[2022-12-22T01:23:52.276+0000] {processor.py:175} INFO - Processing /home/airflow/.local/lib/python3.7/site-packages/airflow/example_dags/example_branch_python_dop_operator_3.py took 0.106 seconds
[2022-12-22T01:24:22.826+0000] {processor.py:153} INFO - Started process (PID=853) to work on /home/airflow/.local/lib/python3.7/site-packages/airflow/example_dags/example_branch_python_dop_operator_3.py
[2022-12-22T01:24:22.827+0000] {processor.py:743} INFO - Processing file /home/airflow/.local/lib/python3.7/site-packages/airflow/example_dags/example_branch_python_dop_operator_3.py for tasks to queue
[2022-12-22T01:24:22.827+0000] {logging_mixin.py:137} INFO - [2022-12-22T01:24:22.827+0000] {dagbag.py:538} INFO - Filling up the DagBag from /home/airflow/.local/lib/python3.7/site-packages/airflow/example_dags/example_branch_python_dop_operator_3.py
[2022-12-22T01:24:22.851+0000] {processor.py:753} INFO - DAG(s) dict_keys(['example_branch_dop_operator_v3']) retrieved from /home/airflow/.local/lib/python3.7/site-packages/airflow/example_dags/example_branch_python_dop_operator_3.py
[2022-12-22T01:24:22.884+0000] {logging_mixin.py:137} INFO - [2022-12-22T01:24:22.884+0000] {dag.py:2676} INFO - Sync 1 DAGs
[2022-12-22T01:24:22.921+0000] {logging_mixin.py:137} INFO - [2022-12-22T01:24:22.921+0000] {dag.py:3427} INFO - Setting next_dagrun for example_branch_dop_operator_v3 to 2022-12-22T01:23:00+00:00, run_after=2022-12-22T01:24:00+00:00
[2022-12-22T01:24:22.938+0000] {processor.py:175} INFO - Processing /home/airflow/.local/lib/python3.7/site-packages/airflow/example_dags/example_branch_python_dop_operator_3.py took 0.115 seconds
[2022-12-22T01:24:53.036+0000] {processor.py:153} INFO - Started process (PID=946) to work on /home/airflow/.local/lib/python3.7/site-packages/airflow/example_dags/example_branch_python_dop_operator_3.py
[2022-12-22T01:24:53.036+0000] {processor.py:743} INFO - Processing file /home/airflow/.local/lib/python3.7/site-packages/airflow/example_dags/example_branch_python_dop_operator_3.py for tasks to queue
[2022-12-22T01:24:53.037+0000] {logging_mixin.py:137} INFO - [2022-12-22T01:24:53.037+0000] {dagbag.py:538} INFO - Filling up the DagBag from /home/airflow/.local/lib/python3.7/site-packages/airflow/example_dags/example_branch_python_dop_operator_3.py
[2022-12-22T01:24:53.061+0000] {processor.py:753} INFO - DAG(s) dict_keys(['example_branch_dop_operator_v3']) retrieved from /home/airflow/.local/lib/python3.7/site-packages/airflow/example_dags/example_branch_python_dop_operator_3.py
[2022-12-22T01:24:53.191+0000] {logging_mixin.py:137} INFO - [2022-12-22T01:24:53.191+0000] {dag.py:2676} INFO - Sync 1 DAGs
[2022-12-22T01:24:53.294+0000] {logging_mixin.py:137} INFO - [2022-12-22T01:24:53.293+0000] {dag.py:3427} INFO - Setting next_dagrun for example_branch_dop_operator_v3 to 2022-12-22T01:23:00+00:00, run_after=2022-12-22T01:24:00+00:00
[2022-12-22T01:24:53.315+0000] {processor.py:175} INFO - Processing /home/airflow/.local/lib/python3.7/site-packages/airflow/example_dags/example_branch_python_dop_operator_3.py took 0.282 seconds
[2022-12-22T01:25:24.295+0000] {processor.py:153} INFO - Started process (PID=1049) to work on /home/airflow/.local/lib/python3.7/site-packages/airflow/example_dags/example_branch_python_dop_operator_3.py
[2022-12-22T01:25:24.296+0000] {processor.py:743} INFO - Processing file /home/airflow/.local/lib/python3.7/site-packages/airflow/example_dags/example_branch_python_dop_operator_3.py for tasks to queue
[2022-12-22T01:25:24.297+0000] {logging_mixin.py:137} INFO - [2022-12-22T01:25:24.297+0000] {dagbag.py:538} INFO - Filling up the DagBag from /home/airflow/.local/lib/python3.7/site-packages/airflow/example_dags/example_branch_python_dop_operator_3.py
[2022-12-22T01:25:24.319+0000] {processor.py:753} INFO - DAG(s) dict_keys(['example_branch_dop_operator_v3']) retrieved from /home/airflow/.local/lib/python3.7/site-packages/airflow/example_dags/example_branch_python_dop_operator_3.py
[2022-12-22T01:25:24.352+0000] {logging_mixin.py:137} INFO - [2022-12-22T01:25:24.352+0000] {dag.py:2676} INFO - Sync 1 DAGs
[2022-12-22T01:25:24.379+0000] {logging_mixin.py:137} INFO - [2022-12-22T01:25:24.379+0000] {dag.py:3427} INFO - Setting next_dagrun for example_branch_dop_operator_v3 to 2022-12-22T01:24:00+00:00, run_after=2022-12-22T01:25:00+00:00
[2022-12-22T01:25:24.397+0000] {processor.py:175} INFO - Processing /home/airflow/.local/lib/python3.7/site-packages/airflow/example_dags/example_branch_python_dop_operator_3.py took 0.104 seconds
[2022-12-22T01:25:55.415+0000] {processor.py:153} INFO - Started process (PID=1135) to work on /home/airflow/.local/lib/python3.7/site-packages/airflow/example_dags/example_branch_python_dop_operator_3.py
[2022-12-22T01:25:55.416+0000] {processor.py:743} INFO - Processing file /home/airflow/.local/lib/python3.7/site-packages/airflow/example_dags/example_branch_python_dop_operator_3.py for tasks to queue
[2022-12-22T01:25:55.417+0000] {logging_mixin.py:137} INFO - [2022-12-22T01:25:55.416+0000] {dagbag.py:538} INFO - Filling up the DagBag from /home/airflow/.local/lib/python3.7/site-packages/airflow/example_dags/example_branch_python_dop_operator_3.py
[2022-12-22T01:25:55.440+0000] {processor.py:753} INFO - DAG(s) dict_keys(['example_branch_dop_operator_v3']) retrieved from /home/airflow/.local/lib/python3.7/site-packages/airflow/example_dags/example_branch_python_dop_operator_3.py
[2022-12-22T01:25:55.474+0000] {logging_mixin.py:137} INFO - [2022-12-22T01:25:55.473+0000] {dag.py:2676} INFO - Sync 1 DAGs
[2022-12-22T01:25:55.507+0000] {logging_mixin.py:137} INFO - [2022-12-22T01:25:55.507+0000] {dag.py:3427} INFO - Setting next_dagrun for example_branch_dop_operator_v3 to 2022-12-22T01:24:00+00:00, run_after=2022-12-22T01:25:00+00:00
[2022-12-22T01:25:55.525+0000] {processor.py:175} INFO - Processing /home/airflow/.local/lib/python3.7/site-packages/airflow/example_dags/example_branch_python_dop_operator_3.py took 0.113 seconds
[2022-12-22T01:26:26.018+0000] {processor.py:153} INFO - Started process (PID=1244) to work on /home/airflow/.local/lib/python3.7/site-packages/airflow/example_dags/example_branch_python_dop_operator_3.py
[2022-12-22T01:26:26.019+0000] {processor.py:743} INFO - Processing file /home/airflow/.local/lib/python3.7/site-packages/airflow/example_dags/example_branch_python_dop_operator_3.py for tasks to queue
[2022-12-22T01:26:26.020+0000] {logging_mixin.py:137} INFO - [2022-12-22T01:26:26.019+0000] {dagbag.py:538} INFO - Filling up the DagBag from /home/airflow/.local/lib/python3.7/site-packages/airflow/example_dags/example_branch_python_dop_operator_3.py
[2022-12-22T01:26:26.050+0000] {processor.py:753} INFO - DAG(s) dict_keys(['example_branch_dop_operator_v3']) retrieved from /home/airflow/.local/lib/python3.7/site-packages/airflow/example_dags/example_branch_python_dop_operator_3.py
[2022-12-22T01:26:26.095+0000] {logging_mixin.py:137} INFO - [2022-12-22T01:26:26.095+0000] {dag.py:2676} INFO - Sync 1 DAGs
[2022-12-22T01:26:26.135+0000] {logging_mixin.py:137} INFO - [2022-12-22T01:26:26.135+0000] {dag.py:3427} INFO - Setting next_dagrun for example_branch_dop_operator_v3 to 2022-12-22T01:25:00+00:00, run_after=2022-12-22T01:26:00+00:00
[2022-12-22T01:26:26.152+0000] {processor.py:175} INFO - Processing /home/airflow/.local/lib/python3.7/site-packages/airflow/example_dags/example_branch_python_dop_operator_3.py took 0.137 seconds
[2022-12-22T01:26:56.263+0000] {processor.py:153} INFO - Started process (PID=1330) to work on /home/airflow/.local/lib/python3.7/site-packages/airflow/example_dags/example_branch_python_dop_operator_3.py
[2022-12-22T01:26:56.264+0000] {processor.py:743} INFO - Processing file /home/airflow/.local/lib/python3.7/site-packages/airflow/example_dags/example_branch_python_dop_operator_3.py for tasks to queue
[2022-12-22T01:26:56.264+0000] {logging_mixin.py:137} INFO - [2022-12-22T01:26:56.264+0000] {dagbag.py:538} INFO - Filling up the DagBag from /home/airflow/.local/lib/python3.7/site-packages/airflow/example_dags/example_branch_python_dop_operator_3.py
[2022-12-22T01:26:56.287+0000] {processor.py:753} INFO - DAG(s) dict_keys(['example_branch_dop_operator_v3']) retrieved from /home/airflow/.local/lib/python3.7/site-packages/airflow/example_dags/example_branch_python_dop_operator_3.py
[2022-12-22T01:26:56.341+0000] {logging_mixin.py:137} INFO - [2022-12-22T01:26:56.340+0000] {dag.py:2676} INFO - Sync 1 DAGs
[2022-12-22T01:26:56.381+0000] {logging_mixin.py:137} INFO - [2022-12-22T01:26:56.381+0000] {dag.py:3427} INFO - Setting next_dagrun for example_branch_dop_operator_v3 to 2022-12-22T01:25:00+00:00, run_after=2022-12-22T01:26:00+00:00
[2022-12-22T01:26:56.413+0000] {processor.py:175} INFO - Processing /home/airflow/.local/lib/python3.7/site-packages/airflow/example_dags/example_branch_python_dop_operator_3.py took 0.152 seconds
[2022-12-22T01:27:26.528+0000] {processor.py:153} INFO - Started process (PID=1416) to work on /home/airflow/.local/lib/python3.7/site-packages/airflow/example_dags/example_branch_python_dop_operator_3.py
[2022-12-22T01:27:26.529+0000] {processor.py:743} INFO - Processing file /home/airflow/.local/lib/python3.7/site-packages/airflow/example_dags/example_branch_python_dop_operator_3.py for tasks to queue
[2022-12-22T01:27:26.530+0000] {logging_mixin.py:137} INFO - [2022-12-22T01:27:26.530+0000] {dagbag.py:538} INFO - Filling up the DagBag from /home/airflow/.local/lib/python3.7/site-packages/airflow/example_dags/example_branch_python_dop_operator_3.py
[2022-12-22T01:27:26.553+0000] {processor.py:753} INFO - DAG(s) dict_keys(['example_branch_dop_operator_v3']) retrieved from /home/airflow/.local/lib/python3.7/site-packages/airflow/example_dags/example_branch_python_dop_operator_3.py
[2022-12-22T01:27:26.585+0000] {logging_mixin.py:137} INFO - [2022-12-22T01:27:26.585+0000] {dag.py:2676} INFO - Sync 1 DAGs
[2022-12-22T01:27:26.624+0000] {logging_mixin.py:137} INFO - [2022-12-22T01:27:26.623+0000] {dag.py:3427} INFO - Setting next_dagrun for example_branch_dop_operator_v3 to 2022-12-22T01:26:00+00:00, run_after=2022-12-22T01:27:00+00:00
[2022-12-22T01:27:26.643+0000] {processor.py:175} INFO - Processing /home/airflow/.local/lib/python3.7/site-packages/airflow/example_dags/example_branch_python_dop_operator_3.py took 0.116 seconds
[2022-12-22T01:27:57.655+0000] {processor.py:153} INFO - Started process (PID=1526) to work on /home/airflow/.local/lib/python3.7/site-packages/airflow/example_dags/example_branch_python_dop_operator_3.py
[2022-12-22T01:27:57.656+0000] {processor.py:743} INFO - Processing file /home/airflow/.local/lib/python3.7/site-packages/airflow/example_dags/example_branch_python_dop_operator_3.py for tasks to queue
[2022-12-22T01:27:57.657+0000] {logging_mixin.py:137} INFO - [2022-12-22T01:27:57.657+0000] {dagbag.py:538} INFO - Filling up the DagBag from /home/airflow/.local/lib/python3.7/site-packages/airflow/example_dags/example_branch_python_dop_operator_3.py
[2022-12-22T01:27:57.690+0000] {processor.py:753} INFO - DAG(s) dict_keys(['example_branch_dop_operator_v3']) retrieved from /home/airflow/.local/lib/python3.7/site-packages/airflow/example_dags/example_branch_python_dop_operator_3.py
[2022-12-22T01:27:57.731+0000] {logging_mixin.py:137} INFO - [2022-12-22T01:27:57.731+0000] {dag.py:2676} INFO - Sync 1 DAGs
[2022-12-22T01:27:57.796+0000] {logging_mixin.py:137} INFO - [2022-12-22T01:27:57.796+0000] {dag.py:3427} INFO - Setting next_dagrun for example_branch_dop_operator_v3 to 2022-12-22T01:26:00+00:00, run_after=2022-12-22T01:27:00+00:00
[2022-12-22T01:27:57.816+0000] {processor.py:175} INFO - Processing /home/airflow/.local/lib/python3.7/site-packages/airflow/example_dags/example_branch_python_dop_operator_3.py took 0.164 seconds
[2022-12-22T01:28:28.462+0000] {processor.py:153} INFO - Started process (PID=1612) to work on /home/airflow/.local/lib/python3.7/site-packages/airflow/example_dags/example_branch_python_dop_operator_3.py
[2022-12-22T01:28:28.463+0000] {processor.py:743} INFO - Processing file /home/airflow/.local/lib/python3.7/site-packages/airflow/example_dags/example_branch_python_dop_operator_3.py for tasks to queue
[2022-12-22T01:28:28.464+0000] {logging_mixin.py:137} INFO - [2022-12-22T01:28:28.464+0000] {dagbag.py:538} INFO - Filling up the DagBag from /home/airflow/.local/lib/python3.7/site-packages/airflow/example_dags/example_branch_python_dop_operator_3.py
[2022-12-22T01:28:28.486+0000] {processor.py:753} INFO - DAG(s) dict_keys(['example_branch_dop_operator_v3']) retrieved from /home/airflow/.local/lib/python3.7/site-packages/airflow/example_dags/example_branch_python_dop_operator_3.py
[2022-12-22T01:28:28.524+0000] {logging_mixin.py:137} INFO - [2022-12-22T01:28:28.524+0000] {dag.py:2676} INFO - Sync 1 DAGs
[2022-12-22T01:28:28.554+0000] {logging_mixin.py:137} INFO - [2022-12-22T01:28:28.554+0000] {dag.py:3427} INFO - Setting next_dagrun for example_branch_dop_operator_v3 to 2022-12-22T01:27:00+00:00, run_after=2022-12-22T01:28:00+00:00
[2022-12-22T01:28:28.571+0000] {processor.py:175} INFO - Processing /home/airflow/.local/lib/python3.7/site-packages/airflow/example_dags/example_branch_python_dop_operator_3.py took 0.111 seconds
[2022-12-22T01:28:58.838+0000] {processor.py:153} INFO - Started process (PID=1722) to work on /home/airflow/.local/lib/python3.7/site-packages/airflow/example_dags/example_branch_python_dop_operator_3.py
[2022-12-22T01:28:58.839+0000] {processor.py:743} INFO - Processing file /home/airflow/.local/lib/python3.7/site-packages/airflow/example_dags/example_branch_python_dop_operator_3.py for tasks to queue
[2022-12-22T01:28:58.840+0000] {logging_mixin.py:137} INFO - [2022-12-22T01:28:58.839+0000] {dagbag.py:538} INFO - Filling up the DagBag from /home/airflow/.local/lib/python3.7/site-packages/airflow/example_dags/example_branch_python_dop_operator_3.py
[2022-12-22T01:28:58.863+0000] {processor.py:753} INFO - DAG(s) dict_keys(['example_branch_dop_operator_v3']) retrieved from /home/airflow/.local/lib/python3.7/site-packages/airflow/example_dags/example_branch_python_dop_operator_3.py
[2022-12-22T01:28:58.908+0000] {logging_mixin.py:137} INFO - [2022-12-22T01:28:58.908+0000] {dag.py:2676} INFO - Sync 1 DAGs
[2022-12-22T01:28:58.939+0000] {logging_mixin.py:137} INFO - [2022-12-22T01:28:58.938+0000] {dag.py:3427} INFO - Setting next_dagrun for example_branch_dop_operator_v3 to 2022-12-22T01:27:00+00:00, run_after=2022-12-22T01:28:00+00:00
[2022-12-22T01:28:58.956+0000] {processor.py:175} INFO - Processing /home/airflow/.local/lib/python3.7/site-packages/airflow/example_dags/example_branch_python_dop_operator_3.py took 0.120 seconds
[2022-12-22T01:29:29.174+0000] {processor.py:153} INFO - Started process (PID=1809) to work on /home/airflow/.local/lib/python3.7/site-packages/airflow/example_dags/example_branch_python_dop_operator_3.py
[2022-12-22T01:29:29.175+0000] {processor.py:743} INFO - Processing file /home/airflow/.local/lib/python3.7/site-packages/airflow/example_dags/example_branch_python_dop_operator_3.py for tasks to queue
[2022-12-22T01:29:29.175+0000] {logging_mixin.py:137} INFO - [2022-12-22T01:29:29.175+0000] {dagbag.py:538} INFO - Filling up the DagBag from /home/airflow/.local/lib/python3.7/site-packages/airflow/example_dags/example_branch_python_dop_operator_3.py
[2022-12-22T01:29:29.205+0000] {processor.py:753} INFO - DAG(s) dict_keys(['example_branch_dop_operator_v3']) retrieved from /home/airflow/.local/lib/python3.7/site-packages/airflow/example_dags/example_branch_python_dop_operator_3.py
[2022-12-22T01:29:29.239+0000] {logging_mixin.py:137} INFO - [2022-12-22T01:29:29.239+0000] {dag.py:2676} INFO - Sync 1 DAGs
[2022-12-22T01:29:29.267+0000] {logging_mixin.py:137} INFO - [2022-12-22T01:29:29.267+0000] {dag.py:3427} INFO - Setting next_dagrun for example_branch_dop_operator_v3 to 2022-12-22T01:28:00+00:00, run_after=2022-12-22T01:29:00+00:00
[2022-12-22T01:29:29.285+0000] {processor.py:175} INFO - Processing /home/airflow/.local/lib/python3.7/site-packages/airflow/example_dags/example_branch_python_dop_operator_3.py took 0.114 seconds
[2022-12-22T01:30:00.093+0000] {processor.py:153} INFO - Started process (PID=1895) to work on /home/airflow/.local/lib/python3.7/site-packages/airflow/example_dags/example_branch_python_dop_operator_3.py
[2022-12-22T01:30:00.094+0000] {processor.py:743} INFO - Processing file /home/airflow/.local/lib/python3.7/site-packages/airflow/example_dags/example_branch_python_dop_operator_3.py for tasks to queue
[2022-12-22T01:30:00.094+0000] {logging_mixin.py:137} INFO - [2022-12-22T01:30:00.094+0000] {dagbag.py:538} INFO - Filling up the DagBag from /home/airflow/.local/lib/python3.7/site-packages/airflow/example_dags/example_branch_python_dop_operator_3.py
[2022-12-22T01:30:00.119+0000] {processor.py:753} INFO - DAG(s) dict_keys(['example_branch_dop_operator_v3']) retrieved from /home/airflow/.local/lib/python3.7/site-packages/airflow/example_dags/example_branch_python_dop_operator_3.py
[2022-12-22T01:30:00.162+0000] {logging_mixin.py:137} INFO - [2022-12-22T01:30:00.162+0000] {dag.py:2676} INFO - Sync 1 DAGs
[2022-12-22T01:30:00.208+0000] {logging_mixin.py:137} INFO - [2022-12-22T01:30:00.208+0000] {dag.py:3427} INFO - Setting next_dagrun for example_branch_dop_operator_v3 to 2022-12-22T01:29:00+00:00, run_after=2022-12-22T01:30:00+00:00
[2022-12-22T01:30:00.226+0000] {processor.py:175} INFO - Processing /home/airflow/.local/lib/python3.7/site-packages/airflow/example_dags/example_branch_python_dop_operator_3.py took 0.135 seconds
[2022-12-22T01:30:30.631+0000] {processor.py:153} INFO - Started process (PID=1982) to work on /home/airflow/.local/lib/python3.7/site-packages/airflow/example_dags/example_branch_python_dop_operator_3.py
[2022-12-22T01:30:30.632+0000] {processor.py:743} INFO - Processing file /home/airflow/.local/lib/python3.7/site-packages/airflow/example_dags/example_branch_python_dop_operator_3.py for tasks to queue
[2022-12-22T01:30:30.633+0000] {logging_mixin.py:137} INFO - [2022-12-22T01:30:30.633+0000] {dagbag.py:538} INFO - Filling up the DagBag from /home/airflow/.local/lib/python3.7/site-packages/airflow/example_dags/example_branch_python_dop_operator_3.py
[2022-12-22T01:30:30.656+0000] {processor.py:753} INFO - DAG(s) dict_keys(['example_branch_dop_operator_v3']) retrieved from /home/airflow/.local/lib/python3.7/site-packages/airflow/example_dags/example_branch_python_dop_operator_3.py
[2022-12-22T01:30:30.693+0000] {logging_mixin.py:137} INFO - [2022-12-22T01:30:30.693+0000] {dag.py:2676} INFO - Sync 1 DAGs
[2022-12-22T01:30:30.723+0000] {logging_mixin.py:137} INFO - [2022-12-22T01:30:30.722+0000] {dag.py:3427} INFO - Setting next_dagrun for example_branch_dop_operator_v3 to 2022-12-22T01:29:00+00:00, run_after=2022-12-22T01:30:00+00:00
[2022-12-22T01:30:30.740+0000] {processor.py:175} INFO - Processing /home/airflow/.local/lib/python3.7/site-packages/airflow/example_dags/example_branch_python_dop_operator_3.py took 0.111 seconds
[2022-12-22T01:31:00.936+0000] {processor.py:153} INFO - Started process (PID=2092) to work on /home/airflow/.local/lib/python3.7/site-packages/airflow/example_dags/example_branch_python_dop_operator_3.py
[2022-12-22T01:31:00.937+0000] {processor.py:743} INFO - Processing file /home/airflow/.local/lib/python3.7/site-packages/airflow/example_dags/example_branch_python_dop_operator_3.py for tasks to queue
[2022-12-22T01:31:00.937+0000] {logging_mixin.py:137} INFO - [2022-12-22T01:31:00.937+0000] {dagbag.py:538} INFO - Filling up the DagBag from /home/airflow/.local/lib/python3.7/site-packages/airflow/example_dags/example_branch_python_dop_operator_3.py
[2022-12-22T01:31:00.960+0000] {processor.py:753} INFO - DAG(s) dict_keys(['example_branch_dop_operator_v3']) retrieved from /home/airflow/.local/lib/python3.7/site-packages/airflow/example_dags/example_branch_python_dop_operator_3.py
[2022-12-22T01:31:00.994+0000] {logging_mixin.py:137} INFO - [2022-12-22T01:31:00.994+0000] {dag.py:2676} INFO - Sync 1 DAGs
[2022-12-22T01:31:01.024+0000] {logging_mixin.py:137} INFO - [2022-12-22T01:31:01.024+0000] {dag.py:3427} INFO - Setting next_dagrun for example_branch_dop_operator_v3 to 2022-12-22T01:30:00+00:00, run_after=2022-12-22T01:31:00+00:00
[2022-12-22T01:31:01.041+0000] {processor.py:175} INFO - Processing /home/airflow/.local/lib/python3.7/site-packages/airflow/example_dags/example_branch_python_dop_operator_3.py took 0.108 seconds
[2022-12-22T01:31:31.350+0000] {processor.py:153} INFO - Started process (PID=2178) to work on /home/airflow/.local/lib/python3.7/site-packages/airflow/example_dags/example_branch_python_dop_operator_3.py
[2022-12-22T01:31:31.351+0000] {processor.py:743} INFO - Processing file /home/airflow/.local/lib/python3.7/site-packages/airflow/example_dags/example_branch_python_dop_operator_3.py for tasks to queue
[2022-12-22T01:31:31.352+0000] {logging_mixin.py:137} INFO - [2022-12-22T01:31:31.352+0000] {dagbag.py:538} INFO - Filling up the DagBag from /home/airflow/.local/lib/python3.7/site-packages/airflow/example_dags/example_branch_python_dop_operator_3.py
[2022-12-22T01:31:31.376+0000] {processor.py:753} INFO - DAG(s) dict_keys(['example_branch_dop_operator_v3']) retrieved from /home/airflow/.local/lib/python3.7/site-packages/airflow/example_dags/example_branch_python_dop_operator_3.py
[2022-12-22T01:31:31.413+0000] {logging_mixin.py:137} INFO - [2022-12-22T01:31:31.413+0000] {dag.py:2676} INFO - Sync 1 DAGs
[2022-12-22T01:31:31.444+0000] {logging_mixin.py:137} INFO - [2022-12-22T01:31:31.444+0000] {dag.py:3427} INFO - Setting next_dagrun for example_branch_dop_operator_v3 to 2022-12-22T01:30:00+00:00, run_after=2022-12-22T01:31:00+00:00
[2022-12-22T01:31:31.464+0000] {processor.py:175} INFO - Processing /home/airflow/.local/lib/python3.7/site-packages/airflow/example_dags/example_branch_python_dop_operator_3.py took 0.116 seconds
[2022-12-22T01:32:02.140+0000] {processor.py:153} INFO - Started process (PID=2264) to work on /home/airflow/.local/lib/python3.7/site-packages/airflow/example_dags/example_branch_python_dop_operator_3.py
[2022-12-22T01:32:02.141+0000] {processor.py:743} INFO - Processing file /home/airflow/.local/lib/python3.7/site-packages/airflow/example_dags/example_branch_python_dop_operator_3.py for tasks to queue
[2022-12-22T01:32:02.142+0000] {logging_mixin.py:137} INFO - [2022-12-22T01:32:02.142+0000] {dagbag.py:538} INFO - Filling up the DagBag from /home/airflow/.local/lib/python3.7/site-packages/airflow/example_dags/example_branch_python_dop_operator_3.py
[2022-12-22T01:32:02.170+0000] {processor.py:753} INFO - DAG(s) dict_keys(['example_branch_dop_operator_v3']) retrieved from /home/airflow/.local/lib/python3.7/site-packages/airflow/example_dags/example_branch_python_dop_operator_3.py
[2022-12-22T01:32:02.211+0000] {logging_mixin.py:137} INFO - [2022-12-22T01:32:02.210+0000] {dag.py:2676} INFO - Sync 1 DAGs
[2022-12-22T01:32:02.256+0000] {logging_mixin.py:137} INFO - [2022-12-22T01:32:02.256+0000] {dag.py:3427} INFO - Setting next_dagrun for example_branch_dop_operator_v3 to 2022-12-22T01:31:00+00:00, run_after=2022-12-22T01:32:00+00:00
[2022-12-22T01:32:02.278+0000] {processor.py:175} INFO - Processing /home/airflow/.local/lib/python3.7/site-packages/airflow/example_dags/example_branch_python_dop_operator_3.py took 0.141 seconds
[2022-12-22T01:32:32.439+0000] {processor.py:153} INFO - Started process (PID=2374) to work on /home/airflow/.local/lib/python3.7/site-packages/airflow/example_dags/example_branch_python_dop_operator_3.py
[2022-12-22T01:32:32.440+0000] {processor.py:743} INFO - Processing file /home/airflow/.local/lib/python3.7/site-packages/airflow/example_dags/example_branch_python_dop_operator_3.py for tasks to queue
[2022-12-22T01:32:32.440+0000] {logging_mixin.py:137} INFO - [2022-12-22T01:32:32.440+0000] {dagbag.py:538} INFO - Filling up the DagBag from /home/airflow/.local/lib/python3.7/site-packages/airflow/example_dags/example_branch_python_dop_operator_3.py
[2022-12-22T01:32:32.465+0000] {processor.py:753} INFO - DAG(s) dict_keys(['example_branch_dop_operator_v3']) retrieved from /home/airflow/.local/lib/python3.7/site-packages/airflow/example_dags/example_branch_python_dop_operator_3.py
[2022-12-22T01:32:32.509+0000] {logging_mixin.py:137} INFO - [2022-12-22T01:32:32.508+0000] {dag.py:2676} INFO - Sync 1 DAGs
[2022-12-22T01:32:32.547+0000] {logging_mixin.py:137} INFO - [2022-12-22T01:32:32.547+0000] {dag.py:3427} INFO - Setting next_dagrun for example_branch_dop_operator_v3 to 2022-12-22T01:31:00+00:00, run_after=2022-12-22T01:32:00+00:00
[2022-12-22T01:32:32.565+0000] {processor.py:175} INFO - Processing /home/airflow/.local/lib/python3.7/site-packages/airflow/example_dags/example_branch_python_dop_operator_3.py took 0.129 seconds
[2022-12-22T01:33:04.693+0000] {processor.py:153} INFO - Started process (PID=2443) to work on /home/airflow/.local/lib/python3.7/site-packages/airflow/example_dags/example_branch_python_dop_operator_3.py
[2022-12-22T01:33:04.695+0000] {processor.py:743} INFO - Processing file /home/airflow/.local/lib/python3.7/site-packages/airflow/example_dags/example_branch_python_dop_operator_3.py for tasks to queue
[2022-12-22T01:33:04.696+0000] {logging_mixin.py:137} INFO - [2022-12-22T01:33:04.695+0000] {dagbag.py:538} INFO - Filling up the DagBag from /home/airflow/.local/lib/python3.7/site-packages/airflow/example_dags/example_branch_python_dop_operator_3.py
[2022-12-22T01:33:04.996+0000] {processor.py:753} INFO - DAG(s) dict_keys(['example_branch_dop_operator_v3']) retrieved from /home/airflow/.local/lib/python3.7/site-packages/airflow/example_dags/example_branch_python_dop_operator_3.py
[2022-12-22T01:33:05.394+0000] {logging_mixin.py:137} INFO - [2022-12-22T01:33:05.394+0000] {dag.py:2676} INFO - Sync 1 DAGs
[2022-12-22T01:33:05.788+0000] {logging_mixin.py:137} INFO - [2022-12-22T01:33:05.788+0000] {dag.py:3427} INFO - Setting next_dagrun for example_branch_dop_operator_v3 to 2022-12-22T01:32:00+00:00, run_after=2022-12-22T01:33:00+00:00
[2022-12-22T01:33:05.997+0000] {processor.py:175} INFO - Processing /home/airflow/.local/lib/python3.7/site-packages/airflow/example_dags/example_branch_python_dop_operator_3.py took 1.308 seconds
[2022-12-22T01:33:36.807+0000] {processor.py:153} INFO - Started process (PID=2531) to work on /home/airflow/.local/lib/python3.7/site-packages/airflow/example_dags/example_branch_python_dop_operator_3.py
[2022-12-22T01:33:36.810+0000] {processor.py:743} INFO - Processing file /home/airflow/.local/lib/python3.7/site-packages/airflow/example_dags/example_branch_python_dop_operator_3.py for tasks to queue
[2022-12-22T01:33:36.810+0000] {logging_mixin.py:137} INFO - [2022-12-22T01:33:36.810+0000] {dagbag.py:538} INFO - Filling up the DagBag from /home/airflow/.local/lib/python3.7/site-packages/airflow/example_dags/example_branch_python_dop_operator_3.py
[2022-12-22T01:33:36.893+0000] {processor.py:753} INFO - DAG(s) dict_keys(['example_branch_dop_operator_v3']) retrieved from /home/airflow/.local/lib/python3.7/site-packages/airflow/example_dags/example_branch_python_dop_operator_3.py
[2022-12-22T01:33:37.009+0000] {logging_mixin.py:137} INFO - [2022-12-22T01:33:37.009+0000] {dag.py:2676} INFO - Sync 1 DAGs
[2022-12-22T01:33:37.038+0000] {logging_mixin.py:137} INFO - [2022-12-22T01:33:37.038+0000] {dag.py:3427} INFO - Setting next_dagrun for example_branch_dop_operator_v3 to 2022-12-22T01:32:00+00:00, run_after=2022-12-22T01:33:00+00:00
[2022-12-22T01:33:37.093+0000] {processor.py:175} INFO - Processing /home/airflow/.local/lib/python3.7/site-packages/airflow/example_dags/example_branch_python_dop_operator_3.py took 0.289 seconds
[2022-12-22T01:34:07.246+0000] {processor.py:153} INFO - Started process (PID=2632) to work on /home/airflow/.local/lib/python3.7/site-packages/airflow/example_dags/example_branch_python_dop_operator_3.py
[2022-12-22T01:34:07.247+0000] {processor.py:743} INFO - Processing file /home/airflow/.local/lib/python3.7/site-packages/airflow/example_dags/example_branch_python_dop_operator_3.py for tasks to queue
[2022-12-22T01:34:07.248+0000] {logging_mixin.py:137} INFO - [2022-12-22T01:34:07.248+0000] {dagbag.py:538} INFO - Filling up the DagBag from /home/airflow/.local/lib/python3.7/site-packages/airflow/example_dags/example_branch_python_dop_operator_3.py
[2022-12-22T01:34:07.272+0000] {processor.py:753} INFO - DAG(s) dict_keys(['example_branch_dop_operator_v3']) retrieved from /home/airflow/.local/lib/python3.7/site-packages/airflow/example_dags/example_branch_python_dop_operator_3.py
[2022-12-22T01:34:07.310+0000] {logging_mixin.py:137} INFO - [2022-12-22T01:34:07.310+0000] {dag.py:2676} INFO - Sync 1 DAGs
[2022-12-22T01:34:07.342+0000] {logging_mixin.py:137} INFO - [2022-12-22T01:34:07.342+0000] {dag.py:3427} INFO - Setting next_dagrun for example_branch_dop_operator_v3 to 2022-12-22T01:33:00+00:00, run_after=2022-12-22T01:34:00+00:00
[2022-12-22T01:34:07.366+0000] {processor.py:175} INFO - Processing /home/airflow/.local/lib/python3.7/site-packages/airflow/example_dags/example_branch_python_dop_operator_3.py took 0.122 seconds
[2022-12-22T01:34:37.572+0000] {processor.py:153} INFO - Started process (PID=2718) to work on /home/airflow/.local/lib/python3.7/site-packages/airflow/example_dags/example_branch_python_dop_operator_3.py
[2022-12-22T01:34:37.573+0000] {processor.py:743} INFO - Processing file /home/airflow/.local/lib/python3.7/site-packages/airflow/example_dags/example_branch_python_dop_operator_3.py for tasks to queue
[2022-12-22T01:34:37.574+0000] {logging_mixin.py:137} INFO - [2022-12-22T01:34:37.574+0000] {dagbag.py:538} INFO - Filling up the DagBag from /home/airflow/.local/lib/python3.7/site-packages/airflow/example_dags/example_branch_python_dop_operator_3.py
[2022-12-22T01:34:37.597+0000] {processor.py:753} INFO - DAG(s) dict_keys(['example_branch_dop_operator_v3']) retrieved from /home/airflow/.local/lib/python3.7/site-packages/airflow/example_dags/example_branch_python_dop_operator_3.py
[2022-12-22T01:34:37.633+0000] {logging_mixin.py:137} INFO - [2022-12-22T01:34:37.633+0000] {dag.py:2676} INFO - Sync 1 DAGs
[2022-12-22T01:34:37.662+0000] {logging_mixin.py:137} INFO - [2022-12-22T01:34:37.662+0000] {dag.py:3427} INFO - Setting next_dagrun for example_branch_dop_operator_v3 to 2022-12-22T01:33:00+00:00, run_after=2022-12-22T01:34:00+00:00
[2022-12-22T01:34:37.679+0000] {processor.py:175} INFO - Processing /home/airflow/.local/lib/python3.7/site-packages/airflow/example_dags/example_branch_python_dop_operator_3.py took 0.110 seconds
[2022-12-22T01:35:08.229+0000] {processor.py:153} INFO - Started process (PID=2804) to work on /home/airflow/.local/lib/python3.7/site-packages/airflow/example_dags/example_branch_python_dop_operator_3.py
[2022-12-22T01:35:08.230+0000] {processor.py:743} INFO - Processing file /home/airflow/.local/lib/python3.7/site-packages/airflow/example_dags/example_branch_python_dop_operator_3.py for tasks to queue
[2022-12-22T01:35:08.230+0000] {logging_mixin.py:137} INFO - [2022-12-22T01:35:08.230+0000] {dagbag.py:538} INFO - Filling up the DagBag from /home/airflow/.local/lib/python3.7/site-packages/airflow/example_dags/example_branch_python_dop_operator_3.py
[2022-12-22T01:35:08.255+0000] {processor.py:753} INFO - DAG(s) dict_keys(['example_branch_dop_operator_v3']) retrieved from /home/airflow/.local/lib/python3.7/site-packages/airflow/example_dags/example_branch_python_dop_operator_3.py
[2022-12-22T01:35:08.290+0000] {logging_mixin.py:137} INFO - [2022-12-22T01:35:08.290+0000] {dag.py:2676} INFO - Sync 1 DAGs
[2022-12-22T01:35:08.319+0000] {logging_mixin.py:137} INFO - [2022-12-22T01:35:08.318+0000] {dag.py:3427} INFO - Setting next_dagrun for example_branch_dop_operator_v3 to 2022-12-22T01:34:00+00:00, run_after=2022-12-22T01:35:00+00:00
[2022-12-22T01:35:08.336+0000] {processor.py:175} INFO - Processing /home/airflow/.local/lib/python3.7/site-packages/airflow/example_dags/example_branch_python_dop_operator_3.py took 0.110 seconds
[2022-12-22T01:35:38.729+0000] {processor.py:153} INFO - Started process (PID=2915) to work on /home/airflow/.local/lib/python3.7/site-packages/airflow/example_dags/example_branch_python_dop_operator_3.py
[2022-12-22T01:35:38.731+0000] {processor.py:743} INFO - Processing file /home/airflow/.local/lib/python3.7/site-packages/airflow/example_dags/example_branch_python_dop_operator_3.py for tasks to queue
[2022-12-22T01:35:38.731+0000] {logging_mixin.py:137} INFO - [2022-12-22T01:35:38.731+0000] {dagbag.py:538} INFO - Filling up the DagBag from /home/airflow/.local/lib/python3.7/site-packages/airflow/example_dags/example_branch_python_dop_operator_3.py
[2022-12-22T01:35:38.755+0000] {processor.py:753} INFO - DAG(s) dict_keys(['example_branch_dop_operator_v3']) retrieved from /home/airflow/.local/lib/python3.7/site-packages/airflow/example_dags/example_branch_python_dop_operator_3.py
[2022-12-22T01:35:38.788+0000] {logging_mixin.py:137} INFO - [2022-12-22T01:35:38.788+0000] {dag.py:2676} INFO - Sync 1 DAGs
[2022-12-22T01:35:38.817+0000] {logging_mixin.py:137} INFO - [2022-12-22T01:35:38.817+0000] {dag.py:3427} INFO - Setting next_dagrun for example_branch_dop_operator_v3 to 2022-12-22T01:34:00+00:00, run_after=2022-12-22T01:35:00+00:00
[2022-12-22T01:35:38.836+0000] {processor.py:175} INFO - Processing /home/airflow/.local/lib/python3.7/site-packages/airflow/example_dags/example_branch_python_dop_operator_3.py took 0.110 seconds
[2022-12-22T01:36:09.035+0000] {processor.py:153} INFO - Started process (PID=3001) to work on /home/airflow/.local/lib/python3.7/site-packages/airflow/example_dags/example_branch_python_dop_operator_3.py
[2022-12-22T01:36:09.036+0000] {processor.py:743} INFO - Processing file /home/airflow/.local/lib/python3.7/site-packages/airflow/example_dags/example_branch_python_dop_operator_3.py for tasks to queue
[2022-12-22T01:36:09.037+0000] {logging_mixin.py:137} INFO - [2022-12-22T01:36:09.037+0000] {dagbag.py:538} INFO - Filling up the DagBag from /home/airflow/.local/lib/python3.7/site-packages/airflow/example_dags/example_branch_python_dop_operator_3.py
[2022-12-22T01:36:09.060+0000] {processor.py:753} INFO - DAG(s) dict_keys(['example_branch_dop_operator_v3']) retrieved from /home/airflow/.local/lib/python3.7/site-packages/airflow/example_dags/example_branch_python_dop_operator_3.py
[2022-12-22T01:36:09.094+0000] {logging_mixin.py:137} INFO - [2022-12-22T01:36:09.094+0000] {dag.py:2676} INFO - Sync 1 DAGs
[2022-12-22T01:36:09.125+0000] {logging_mixin.py:137} INFO - [2022-12-22T01:36:09.125+0000] {dag.py:3427} INFO - Setting next_dagrun for example_branch_dop_operator_v3 to 2022-12-22T01:35:00+00:00, run_after=2022-12-22T01:36:00+00:00
[2022-12-22T01:36:09.147+0000] {processor.py:175} INFO - Processing /home/airflow/.local/lib/python3.7/site-packages/airflow/example_dags/example_branch_python_dop_operator_3.py took 0.115 seconds
[2022-12-22T01:36:39.447+0000] {processor.py:153} INFO - Started process (PID=3096) to work on /home/airflow/.local/lib/python3.7/site-packages/airflow/example_dags/example_branch_python_dop_operator_3.py
[2022-12-22T01:36:39.448+0000] {processor.py:743} INFO - Processing file /home/airflow/.local/lib/python3.7/site-packages/airflow/example_dags/example_branch_python_dop_operator_3.py for tasks to queue
[2022-12-22T01:36:39.449+0000] {logging_mixin.py:137} INFO - [2022-12-22T01:36:39.449+0000] {dagbag.py:538} INFO - Filling up the DagBag from /home/airflow/.local/lib/python3.7/site-packages/airflow/example_dags/example_branch_python_dop_operator_3.py
[2022-12-22T01:36:39.475+0000] {processor.py:753} INFO - DAG(s) dict_keys(['example_branch_dop_operator_v3']) retrieved from /home/airflow/.local/lib/python3.7/site-packages/airflow/example_dags/example_branch_python_dop_operator_3.py
[2022-12-22T01:36:39.526+0000] {logging_mixin.py:137} INFO - [2022-12-22T01:36:39.526+0000] {dag.py:2676} INFO - Sync 1 DAGs
[2022-12-22T01:36:39.555+0000] {logging_mixin.py:137} INFO - [2022-12-22T01:36:39.555+0000] {dag.py:3427} INFO - Setting next_dagrun for example_branch_dop_operator_v3 to 2022-12-22T01:35:00+00:00, run_after=2022-12-22T01:36:00+00:00
[2022-12-22T01:36:39.573+0000] {processor.py:175} INFO - Processing /home/airflow/.local/lib/python3.7/site-packages/airflow/example_dags/example_branch_python_dop_operator_3.py took 0.128 seconds
[2022-12-22T01:37:09.779+0000] {processor.py:153} INFO - Started process (PID=3197) to work on /home/airflow/.local/lib/python3.7/site-packages/airflow/example_dags/example_branch_python_dop_operator_3.py
[2022-12-22T01:37:09.780+0000] {processor.py:743} INFO - Processing file /home/airflow/.local/lib/python3.7/site-packages/airflow/example_dags/example_branch_python_dop_operator_3.py for tasks to queue
[2022-12-22T01:37:09.780+0000] {logging_mixin.py:137} INFO - [2022-12-22T01:37:09.780+0000] {dagbag.py:538} INFO - Filling up the DagBag from /home/airflow/.local/lib/python3.7/site-packages/airflow/example_dags/example_branch_python_dop_operator_3.py
[2022-12-22T01:37:09.803+0000] {processor.py:753} INFO - DAG(s) dict_keys(['example_branch_dop_operator_v3']) retrieved from /home/airflow/.local/lib/python3.7/site-packages/airflow/example_dags/example_branch_python_dop_operator_3.py
[2022-12-22T01:37:09.838+0000] {logging_mixin.py:137} INFO - [2022-12-22T01:37:09.838+0000] {dag.py:2676} INFO - Sync 1 DAGs
[2022-12-22T01:37:09.868+0000] {logging_mixin.py:137} INFO - [2022-12-22T01:37:09.868+0000] {dag.py:3427} INFO - Setting next_dagrun for example_branch_dop_operator_v3 to 2022-12-22T01:36:00+00:00, run_after=2022-12-22T01:37:00+00:00
[2022-12-22T01:37:09.888+0000] {processor.py:175} INFO - Processing /home/airflow/.local/lib/python3.7/site-packages/airflow/example_dags/example_branch_python_dop_operator_3.py took 0.112 seconds
[2022-12-22T01:37:40.552+0000] {processor.py:153} INFO - Started process (PID=3283) to work on /home/airflow/.local/lib/python3.7/site-packages/airflow/example_dags/example_branch_python_dop_operator_3.py
[2022-12-22T01:37:40.553+0000] {processor.py:743} INFO - Processing file /home/airflow/.local/lib/python3.7/site-packages/airflow/example_dags/example_branch_python_dop_operator_3.py for tasks to queue
[2022-12-22T01:37:40.554+0000] {logging_mixin.py:137} INFO - [2022-12-22T01:37:40.553+0000] {dagbag.py:538} INFO - Filling up the DagBag from /home/airflow/.local/lib/python3.7/site-packages/airflow/example_dags/example_branch_python_dop_operator_3.py
[2022-12-22T01:37:40.579+0000] {processor.py:753} INFO - DAG(s) dict_keys(['example_branch_dop_operator_v3']) retrieved from /home/airflow/.local/lib/python3.7/site-packages/airflow/example_dags/example_branch_python_dop_operator_3.py
[2022-12-22T01:37:40.619+0000] {logging_mixin.py:137} INFO - [2022-12-22T01:37:40.619+0000] {dag.py:2676} INFO - Sync 1 DAGs
[2022-12-22T01:37:40.648+0000] {logging_mixin.py:137} INFO - [2022-12-22T01:37:40.648+0000] {dag.py:3427} INFO - Setting next_dagrun for example_branch_dop_operator_v3 to 2022-12-22T01:36:00+00:00, run_after=2022-12-22T01:37:00+00:00
[2022-12-22T01:37:40.668+0000] {processor.py:175} INFO - Processing /home/airflow/.local/lib/python3.7/site-packages/airflow/example_dags/example_branch_python_dop_operator_3.py took 0.118 seconds
[2022-12-22T01:38:11.165+0000] {processor.py:153} INFO - Started process (PID=3393) to work on /home/airflow/.local/lib/python3.7/site-packages/airflow/example_dags/example_branch_python_dop_operator_3.py
[2022-12-22T01:38:11.166+0000] {processor.py:743} INFO - Processing file /home/airflow/.local/lib/python3.7/site-packages/airflow/example_dags/example_branch_python_dop_operator_3.py for tasks to queue
[2022-12-22T01:38:11.167+0000] {logging_mixin.py:137} INFO - [2022-12-22T01:38:11.167+0000] {dagbag.py:538} INFO - Filling up the DagBag from /home/airflow/.local/lib/python3.7/site-packages/airflow/example_dags/example_branch_python_dop_operator_3.py
[2022-12-22T01:38:11.190+0000] {processor.py:753} INFO - DAG(s) dict_keys(['example_branch_dop_operator_v3']) retrieved from /home/airflow/.local/lib/python3.7/site-packages/airflow/example_dags/example_branch_python_dop_operator_3.py
[2022-12-22T01:38:11.223+0000] {logging_mixin.py:137} INFO - [2022-12-22T01:38:11.223+0000] {dag.py:2676} INFO - Sync 1 DAGs
[2022-12-22T01:38:11.251+0000] {logging_mixin.py:137} INFO - [2022-12-22T01:38:11.251+0000] {dag.py:3427} INFO - Setting next_dagrun for example_branch_dop_operator_v3 to 2022-12-22T01:37:00+00:00, run_after=2022-12-22T01:38:00+00:00
[2022-12-22T01:38:11.268+0000] {processor.py:175} INFO - Processing /home/airflow/.local/lib/python3.7/site-packages/airflow/example_dags/example_branch_python_dop_operator_3.py took 0.105 seconds
[2022-12-22T01:38:41.355+0000] {processor.py:153} INFO - Started process (PID=3479) to work on /home/airflow/.local/lib/python3.7/site-packages/airflow/example_dags/example_branch_python_dop_operator_3.py
[2022-12-22T01:38:41.356+0000] {processor.py:743} INFO - Processing file /home/airflow/.local/lib/python3.7/site-packages/airflow/example_dags/example_branch_python_dop_operator_3.py for tasks to queue
[2022-12-22T01:38:41.356+0000] {logging_mixin.py:137} INFO - [2022-12-22T01:38:41.356+0000] {dagbag.py:538} INFO - Filling up the DagBag from /home/airflow/.local/lib/python3.7/site-packages/airflow/example_dags/example_branch_python_dop_operator_3.py
[2022-12-22T01:38:41.378+0000] {processor.py:753} INFO - DAG(s) dict_keys(['example_branch_dop_operator_v3']) retrieved from /home/airflow/.local/lib/python3.7/site-packages/airflow/example_dags/example_branch_python_dop_operator_3.py
[2022-12-22T01:38:41.415+0000] {logging_mixin.py:137} INFO - [2022-12-22T01:38:41.415+0000] {dag.py:2676} INFO - Sync 1 DAGs
[2022-12-22T01:38:41.450+0000] {logging_mixin.py:137} INFO - [2022-12-22T01:38:41.450+0000] {dag.py:3427} INFO - Setting next_dagrun for example_branch_dop_operator_v3 to 2022-12-22T01:37:00+00:00, run_after=2022-12-22T01:38:00+00:00
[2022-12-22T01:38:41.469+0000] {processor.py:175} INFO - Processing /home/airflow/.local/lib/python3.7/site-packages/airflow/example_dags/example_branch_python_dop_operator_3.py took 0.117 seconds
[2022-12-22T01:39:11.498+0000] {processor.py:153} INFO - Started process (PID=3565) to work on /home/airflow/.local/lib/python3.7/site-packages/airflow/example_dags/example_branch_python_dop_operator_3.py
[2022-12-22T01:39:11.499+0000] {processor.py:743} INFO - Processing file /home/airflow/.local/lib/python3.7/site-packages/airflow/example_dags/example_branch_python_dop_operator_3.py for tasks to queue
[2022-12-22T01:39:11.499+0000] {logging_mixin.py:137} INFO - [2022-12-22T01:39:11.499+0000] {dagbag.py:538} INFO - Filling up the DagBag from /home/airflow/.local/lib/python3.7/site-packages/airflow/example_dags/example_branch_python_dop_operator_3.py
[2022-12-22T01:39:11.521+0000] {processor.py:753} INFO - DAG(s) dict_keys(['example_branch_dop_operator_v3']) retrieved from /home/airflow/.local/lib/python3.7/site-packages/airflow/example_dags/example_branch_python_dop_operator_3.py
[2022-12-22T01:39:11.556+0000] {logging_mixin.py:137} INFO - [2022-12-22T01:39:11.556+0000] {dag.py:2676} INFO - Sync 1 DAGs
[2022-12-22T01:39:11.585+0000] {logging_mixin.py:137} INFO - [2022-12-22T01:39:11.585+0000] {dag.py:3427} INFO - Setting next_dagrun for example_branch_dop_operator_v3 to 2022-12-22T01:38:00+00:00, run_after=2022-12-22T01:39:00+00:00
[2022-12-22T01:39:11.603+0000] {processor.py:175} INFO - Processing /home/airflow/.local/lib/python3.7/site-packages/airflow/example_dags/example_branch_python_dop_operator_3.py took 0.108 seconds
[2022-12-22T01:39:42.276+0000] {processor.py:153} INFO - Started process (PID=3651) to work on /home/airflow/.local/lib/python3.7/site-packages/airflow/example_dags/example_branch_python_dop_operator_3.py
[2022-12-22T01:39:42.283+0000] {processor.py:743} INFO - Processing file /home/airflow/.local/lib/python3.7/site-packages/airflow/example_dags/example_branch_python_dop_operator_3.py for tasks to queue
[2022-12-22T01:39:42.284+0000] {logging_mixin.py:137} INFO - [2022-12-22T01:39:42.284+0000] {dagbag.py:538} INFO - Filling up the DagBag from /home/airflow/.local/lib/python3.7/site-packages/airflow/example_dags/example_branch_python_dop_operator_3.py
[2022-12-22T01:39:42.316+0000] {processor.py:753} INFO - DAG(s) dict_keys(['example_branch_dop_operator_v3']) retrieved from /home/airflow/.local/lib/python3.7/site-packages/airflow/example_dags/example_branch_python_dop_operator_3.py
[2022-12-22T01:39:42.411+0000] {logging_mixin.py:137} INFO - [2022-12-22T01:39:42.410+0000] {dag.py:2676} INFO - Sync 1 DAGs
[2022-12-22T01:39:42.456+0000] {logging_mixin.py:137} INFO - [2022-12-22T01:39:42.456+0000] {dag.py:3427} INFO - Setting next_dagrun for example_branch_dop_operator_v3 to 2022-12-22T01:38:00+00:00, run_after=2022-12-22T01:39:00+00:00
[2022-12-22T01:39:42.523+0000] {processor.py:175} INFO - Processing /home/airflow/.local/lib/python3.7/site-packages/airflow/example_dags/example_branch_python_dop_operator_3.py took 0.250 seconds
[2022-12-22T01:40:13.450+0000] {processor.py:153} INFO - Started process (PID=3761) to work on /home/airflow/.local/lib/python3.7/site-packages/airflow/example_dags/example_branch_python_dop_operator_3.py
[2022-12-22T01:40:13.451+0000] {processor.py:743} INFO - Processing file /home/airflow/.local/lib/python3.7/site-packages/airflow/example_dags/example_branch_python_dop_operator_3.py for tasks to queue
[2022-12-22T01:40:13.451+0000] {logging_mixin.py:137} INFO - [2022-12-22T01:40:13.451+0000] {dagbag.py:538} INFO - Filling up the DagBag from /home/airflow/.local/lib/python3.7/site-packages/airflow/example_dags/example_branch_python_dop_operator_3.py
[2022-12-22T01:40:13.475+0000] {processor.py:753} INFO - DAG(s) dict_keys(['example_branch_dop_operator_v3']) retrieved from /home/airflow/.local/lib/python3.7/site-packages/airflow/example_dags/example_branch_python_dop_operator_3.py
[2022-12-22T01:40:13.510+0000] {logging_mixin.py:137} INFO - [2022-12-22T01:40:13.510+0000] {dag.py:2676} INFO - Sync 1 DAGs
[2022-12-22T01:40:13.542+0000] {logging_mixin.py:137} INFO - [2022-12-22T01:40:13.542+0000] {dag.py:3427} INFO - Setting next_dagrun for example_branch_dop_operator_v3 to 2022-12-22T01:39:00+00:00, run_after=2022-12-22T01:40:00+00:00
[2022-12-22T01:40:13.562+0000] {processor.py:175} INFO - Processing /home/airflow/.local/lib/python3.7/site-packages/airflow/example_dags/example_branch_python_dop_operator_3.py took 0.114 seconds
[2022-12-22T01:40:43.778+0000] {processor.py:153} INFO - Started process (PID=3847) to work on /home/airflow/.local/lib/python3.7/site-packages/airflow/example_dags/example_branch_python_dop_operator_3.py
[2022-12-22T01:40:43.779+0000] {processor.py:743} INFO - Processing file /home/airflow/.local/lib/python3.7/site-packages/airflow/example_dags/example_branch_python_dop_operator_3.py for tasks to queue
[2022-12-22T01:40:43.780+0000] {logging_mixin.py:137} INFO - [2022-12-22T01:40:43.780+0000] {dagbag.py:538} INFO - Filling up the DagBag from /home/airflow/.local/lib/python3.7/site-packages/airflow/example_dags/example_branch_python_dop_operator_3.py
[2022-12-22T01:40:43.804+0000] {processor.py:753} INFO - DAG(s) dict_keys(['example_branch_dop_operator_v3']) retrieved from /home/airflow/.local/lib/python3.7/site-packages/airflow/example_dags/example_branch_python_dop_operator_3.py
[2022-12-22T01:40:43.841+0000] {logging_mixin.py:137} INFO - [2022-12-22T01:40:43.841+0000] {dag.py:2676} INFO - Sync 1 DAGs
[2022-12-22T01:40:43.872+0000] {logging_mixin.py:137} INFO - [2022-12-22T01:40:43.872+0000] {dag.py:3427} INFO - Setting next_dagrun for example_branch_dop_operator_v3 to 2022-12-22T01:39:00+00:00, run_after=2022-12-22T01:40:00+00:00
[2022-12-22T01:40:43.891+0000] {processor.py:175} INFO - Processing /home/airflow/.local/lib/python3.7/site-packages/airflow/example_dags/example_branch_python_dop_operator_3.py took 0.115 seconds
[2022-12-22T01:41:14.128+0000] {processor.py:153} INFO - Started process (PID=3942) to work on /home/airflow/.local/lib/python3.7/site-packages/airflow/example_dags/example_branch_python_dop_operator_3.py
[2022-12-22T01:41:14.129+0000] {processor.py:743} INFO - Processing file /home/airflow/.local/lib/python3.7/site-packages/airflow/example_dags/example_branch_python_dop_operator_3.py for tasks to queue
[2022-12-22T01:41:14.130+0000] {logging_mixin.py:137} INFO - [2022-12-22T01:41:14.130+0000] {dagbag.py:538} INFO - Filling up the DagBag from /home/airflow/.local/lib/python3.7/site-packages/airflow/example_dags/example_branch_python_dop_operator_3.py
[2022-12-22T01:41:14.155+0000] {processor.py:753} INFO - DAG(s) dict_keys(['example_branch_dop_operator_v3']) retrieved from /home/airflow/.local/lib/python3.7/site-packages/airflow/example_dags/example_branch_python_dop_operator_3.py
[2022-12-22T01:41:14.309+0000] {logging_mixin.py:137} INFO - [2022-12-22T01:41:14.309+0000] {dag.py:2676} INFO - Sync 1 DAGs
[2022-12-22T01:41:14.340+0000] {logging_mixin.py:137} INFO - [2022-12-22T01:41:14.339+0000] {dag.py:3427} INFO - Setting next_dagrun for example_branch_dop_operator_v3 to 2022-12-22T01:40:00+00:00, run_after=2022-12-22T01:41:00+00:00
[2022-12-22T01:41:14.391+0000] {processor.py:175} INFO - Processing /home/airflow/.local/lib/python3.7/site-packages/airflow/example_dags/example_branch_python_dop_operator_3.py took 0.265 seconds
[2022-12-22T01:41:44.661+0000] {processor.py:153} INFO - Started process (PID=4043) to work on /home/airflow/.local/lib/python3.7/site-packages/airflow/example_dags/example_branch_python_dop_operator_3.py
[2022-12-22T01:41:44.662+0000] {processor.py:743} INFO - Processing file /home/airflow/.local/lib/python3.7/site-packages/airflow/example_dags/example_branch_python_dop_operator_3.py for tasks to queue
[2022-12-22T01:41:44.663+0000] {logging_mixin.py:137} INFO - [2022-12-22T01:41:44.662+0000] {dagbag.py:538} INFO - Filling up the DagBag from /home/airflow/.local/lib/python3.7/site-packages/airflow/example_dags/example_branch_python_dop_operator_3.py
[2022-12-22T01:41:44.686+0000] {processor.py:753} INFO - DAG(s) dict_keys(['example_branch_dop_operator_v3']) retrieved from /home/airflow/.local/lib/python3.7/site-packages/airflow/example_dags/example_branch_python_dop_operator_3.py
[2022-12-22T01:41:44.721+0000] {logging_mixin.py:137} INFO - [2022-12-22T01:41:44.721+0000] {dag.py:2676} INFO - Sync 1 DAGs
[2022-12-22T01:41:44.750+0000] {logging_mixin.py:137} INFO - [2022-12-22T01:41:44.750+0000] {dag.py:3427} INFO - Setting next_dagrun for example_branch_dop_operator_v3 to 2022-12-22T01:40:00+00:00, run_after=2022-12-22T01:41:00+00:00
[2022-12-22T01:41:44.768+0000] {processor.py:175} INFO - Processing /home/airflow/.local/lib/python3.7/site-packages/airflow/example_dags/example_branch_python_dop_operator_3.py took 0.109 seconds
[2022-12-22T01:42:15.326+0000] {processor.py:153} INFO - Started process (PID=4129) to work on /home/airflow/.local/lib/python3.7/site-packages/airflow/example_dags/example_branch_python_dop_operator_3.py
[2022-12-22T01:42:15.327+0000] {processor.py:743} INFO - Processing file /home/airflow/.local/lib/python3.7/site-packages/airflow/example_dags/example_branch_python_dop_operator_3.py for tasks to queue
[2022-12-22T01:42:15.328+0000] {logging_mixin.py:137} INFO - [2022-12-22T01:42:15.328+0000] {dagbag.py:538} INFO - Filling up the DagBag from /home/airflow/.local/lib/python3.7/site-packages/airflow/example_dags/example_branch_python_dop_operator_3.py
[2022-12-22T01:42:15.350+0000] {processor.py:753} INFO - DAG(s) dict_keys(['example_branch_dop_operator_v3']) retrieved from /home/airflow/.local/lib/python3.7/site-packages/airflow/example_dags/example_branch_python_dop_operator_3.py
[2022-12-22T01:42:15.387+0000] {logging_mixin.py:137} INFO - [2022-12-22T01:42:15.387+0000] {dag.py:2676} INFO - Sync 1 DAGs
[2022-12-22T01:42:15.419+0000] {logging_mixin.py:137} INFO - [2022-12-22T01:42:15.418+0000] {dag.py:3427} INFO - Setting next_dagrun for example_branch_dop_operator_v3 to 2022-12-22T01:41:00+00:00, run_after=2022-12-22T01:42:00+00:00
[2022-12-22T01:42:15.438+0000] {processor.py:175} INFO - Processing /home/airflow/.local/lib/python3.7/site-packages/airflow/example_dags/example_branch_python_dop_operator_3.py took 0.114 seconds
[2022-12-22T01:42:45.737+0000] {processor.py:153} INFO - Started process (PID=4239) to work on /home/airflow/.local/lib/python3.7/site-packages/airflow/example_dags/example_branch_python_dop_operator_3.py
[2022-12-22T01:42:45.738+0000] {processor.py:743} INFO - Processing file /home/airflow/.local/lib/python3.7/site-packages/airflow/example_dags/example_branch_python_dop_operator_3.py for tasks to queue
[2022-12-22T01:42:45.738+0000] {logging_mixin.py:137} INFO - [2022-12-22T01:42:45.738+0000] {dagbag.py:538} INFO - Filling up the DagBag from /home/airflow/.local/lib/python3.7/site-packages/airflow/example_dags/example_branch_python_dop_operator_3.py
[2022-12-22T01:42:45.762+0000] {processor.py:753} INFO - DAG(s) dict_keys(['example_branch_dop_operator_v3']) retrieved from /home/airflow/.local/lib/python3.7/site-packages/airflow/example_dags/example_branch_python_dop_operator_3.py
[2022-12-22T01:42:45.798+0000] {logging_mixin.py:137} INFO - [2022-12-22T01:42:45.798+0000] {dag.py:2676} INFO - Sync 1 DAGs
[2022-12-22T01:42:45.825+0000] {logging_mixin.py:137} INFO - [2022-12-22T01:42:45.825+0000] {dag.py:3427} INFO - Setting next_dagrun for example_branch_dop_operator_v3 to 2022-12-22T01:41:00+00:00, run_after=2022-12-22T01:42:00+00:00
[2022-12-22T01:42:45.841+0000] {processor.py:175} INFO - Processing /home/airflow/.local/lib/python3.7/site-packages/airflow/example_dags/example_branch_python_dop_operator_3.py took 0.107 seconds
[2022-12-22T01:43:16.724+0000] {processor.py:153} INFO - Started process (PID=4325) to work on /home/airflow/.local/lib/python3.7/site-packages/airflow/example_dags/example_branch_python_dop_operator_3.py
[2022-12-22T01:43:16.725+0000] {processor.py:743} INFO - Processing file /home/airflow/.local/lib/python3.7/site-packages/airflow/example_dags/example_branch_python_dop_operator_3.py for tasks to queue
[2022-12-22T01:43:16.725+0000] {logging_mixin.py:137} INFO - [2022-12-22T01:43:16.725+0000] {dagbag.py:538} INFO - Filling up the DagBag from /home/airflow/.local/lib/python3.7/site-packages/airflow/example_dags/example_branch_python_dop_operator_3.py
[2022-12-22T01:43:16.750+0000] {processor.py:753} INFO - DAG(s) dict_keys(['example_branch_dop_operator_v3']) retrieved from /home/airflow/.local/lib/python3.7/site-packages/airflow/example_dags/example_branch_python_dop_operator_3.py
[2022-12-22T01:43:16.789+0000] {logging_mixin.py:137} INFO - [2022-12-22T01:43:16.788+0000] {dag.py:2676} INFO - Sync 1 DAGs
[2022-12-22T01:43:16.821+0000] {logging_mixin.py:137} INFO - [2022-12-22T01:43:16.820+0000] {dag.py:3427} INFO - Setting next_dagrun for example_branch_dop_operator_v3 to 2022-12-22T01:42:00+00:00, run_after=2022-12-22T01:43:00+00:00
[2022-12-22T01:43:16.840+0000] {processor.py:175} INFO - Processing /home/airflow/.local/lib/python3.7/site-packages/airflow/example_dags/example_branch_python_dop_operator_3.py took 0.118 seconds
[2022-12-22T01:43:47.293+0000] {processor.py:153} INFO - Started process (PID=4435) to work on /home/airflow/.local/lib/python3.7/site-packages/airflow/example_dags/example_branch_python_dop_operator_3.py
[2022-12-22T01:43:47.294+0000] {processor.py:743} INFO - Processing file /home/airflow/.local/lib/python3.7/site-packages/airflow/example_dags/example_branch_python_dop_operator_3.py for tasks to queue
[2022-12-22T01:43:47.295+0000] {logging_mixin.py:137} INFO - [2022-12-22T01:43:47.295+0000] {dagbag.py:538} INFO - Filling up the DagBag from /home/airflow/.local/lib/python3.7/site-packages/airflow/example_dags/example_branch_python_dop_operator_3.py
[2022-12-22T01:43:47.318+0000] {processor.py:753} INFO - DAG(s) dict_keys(['example_branch_dop_operator_v3']) retrieved from /home/airflow/.local/lib/python3.7/site-packages/airflow/example_dags/example_branch_python_dop_operator_3.py
[2022-12-22T01:43:47.358+0000] {logging_mixin.py:137} INFO - [2022-12-22T01:43:47.358+0000] {dag.py:2676} INFO - Sync 1 DAGs
[2022-12-22T01:43:47.388+0000] {logging_mixin.py:137} INFO - [2022-12-22T01:43:47.388+0000] {dag.py:3427} INFO - Setting next_dagrun for example_branch_dop_operator_v3 to 2022-12-22T01:42:00+00:00, run_after=2022-12-22T01:43:00+00:00
[2022-12-22T01:43:47.408+0000] {processor.py:175} INFO - Processing /home/airflow/.local/lib/python3.7/site-packages/airflow/example_dags/example_branch_python_dop_operator_3.py took 0.117 seconds
[2022-12-22T01:44:17.821+0000] {processor.py:153} INFO - Started process (PID=4521) to work on /home/airflow/.local/lib/python3.7/site-packages/airflow/example_dags/example_branch_python_dop_operator_3.py
[2022-12-22T01:44:17.822+0000] {processor.py:743} INFO - Processing file /home/airflow/.local/lib/python3.7/site-packages/airflow/example_dags/example_branch_python_dop_operator_3.py for tasks to queue
[2022-12-22T01:44:17.823+0000] {logging_mixin.py:137} INFO - [2022-12-22T01:44:17.823+0000] {dagbag.py:538} INFO - Filling up the DagBag from /home/airflow/.local/lib/python3.7/site-packages/airflow/example_dags/example_branch_python_dop_operator_3.py
[2022-12-22T01:44:17.848+0000] {processor.py:753} INFO - DAG(s) dict_keys(['example_branch_dop_operator_v3']) retrieved from /home/airflow/.local/lib/python3.7/site-packages/airflow/example_dags/example_branch_python_dop_operator_3.py
[2022-12-22T01:44:17.884+0000] {logging_mixin.py:137} INFO - [2022-12-22T01:44:17.884+0000] {dag.py:2676} INFO - Sync 1 DAGs
[2022-12-22T01:44:17.917+0000] {logging_mixin.py:137} INFO - [2022-12-22T01:44:17.917+0000] {dag.py:3427} INFO - Setting next_dagrun for example_branch_dop_operator_v3 to 2022-12-22T01:43:00+00:00, run_after=2022-12-22T01:44:00+00:00
[2022-12-22T01:44:17.937+0000] {processor.py:175} INFO - Processing /home/airflow/.local/lib/python3.7/site-packages/airflow/example_dags/example_branch_python_dop_operator_3.py took 0.119 seconds
[2022-12-22T01:44:48.340+0000] {processor.py:153} INFO - Started process (PID=4607) to work on /home/airflow/.local/lib/python3.7/site-packages/airflow/example_dags/example_branch_python_dop_operator_3.py
[2022-12-22T01:44:48.341+0000] {processor.py:743} INFO - Processing file /home/airflow/.local/lib/python3.7/site-packages/airflow/example_dags/example_branch_python_dop_operator_3.py for tasks to queue
[2022-12-22T01:44:48.341+0000] {logging_mixin.py:137} INFO - [2022-12-22T01:44:48.341+0000] {dagbag.py:538} INFO - Filling up the DagBag from /home/airflow/.local/lib/python3.7/site-packages/airflow/example_dags/example_branch_python_dop_operator_3.py
[2022-12-22T01:44:48.363+0000] {processor.py:753} INFO - DAG(s) dict_keys(['example_branch_dop_operator_v3']) retrieved from /home/airflow/.local/lib/python3.7/site-packages/airflow/example_dags/example_branch_python_dop_operator_3.py
[2022-12-22T01:44:48.399+0000] {logging_mixin.py:137} INFO - [2022-12-22T01:44:48.398+0000] {dag.py:2676} INFO - Sync 1 DAGs
[2022-12-22T01:44:48.430+0000] {logging_mixin.py:137} INFO - [2022-12-22T01:44:48.430+0000] {dag.py:3427} INFO - Setting next_dagrun for example_branch_dop_operator_v3 to 2022-12-22T01:43:00+00:00, run_after=2022-12-22T01:44:00+00:00
[2022-12-22T01:44:48.452+0000] {processor.py:175} INFO - Processing /home/airflow/.local/lib/python3.7/site-packages/airflow/example_dags/example_branch_python_dop_operator_3.py took 0.114 seconds
[2022-12-22T01:45:18.923+0000] {processor.py:153} INFO - Started process (PID=4717) to work on /home/airflow/.local/lib/python3.7/site-packages/airflow/example_dags/example_branch_python_dop_operator_3.py
[2022-12-22T01:45:18.925+0000] {processor.py:743} INFO - Processing file /home/airflow/.local/lib/python3.7/site-packages/airflow/example_dags/example_branch_python_dop_operator_3.py for tasks to queue
[2022-12-22T01:45:18.925+0000] {logging_mixin.py:137} INFO - [2022-12-22T01:45:18.925+0000] {dagbag.py:538} INFO - Filling up the DagBag from /home/airflow/.local/lib/python3.7/site-packages/airflow/example_dags/example_branch_python_dop_operator_3.py
[2022-12-22T01:45:19.006+0000] {processor.py:753} INFO - DAG(s) dict_keys(['example_branch_dop_operator_v3']) retrieved from /home/airflow/.local/lib/python3.7/site-packages/airflow/example_dags/example_branch_python_dop_operator_3.py
[2022-12-22T01:45:19.191+0000] {logging_mixin.py:137} INFO - [2022-12-22T01:45:19.191+0000] {dag.py:2676} INFO - Sync 1 DAGs
[2022-12-22T01:45:19.307+0000] {logging_mixin.py:137} INFO - [2022-12-22T01:45:19.307+0000] {dag.py:3427} INFO - Setting next_dagrun for example_branch_dop_operator_v3 to 2022-12-22T01:44:00+00:00, run_after=2022-12-22T01:45:00+00:00
[2022-12-22T01:45:19.400+0000] {processor.py:175} INFO - Processing /home/airflow/.local/lib/python3.7/site-packages/airflow/example_dags/example_branch_python_dop_operator_3.py took 0.480 seconds
[2022-12-22T01:45:49.558+0000] {processor.py:153} INFO - Started process (PID=4803) to work on /home/airflow/.local/lib/python3.7/site-packages/airflow/example_dags/example_branch_python_dop_operator_3.py
[2022-12-22T01:45:49.559+0000] {processor.py:743} INFO - Processing file /home/airflow/.local/lib/python3.7/site-packages/airflow/example_dags/example_branch_python_dop_operator_3.py for tasks to queue
[2022-12-22T01:45:49.560+0000] {logging_mixin.py:137} INFO - [2022-12-22T01:45:49.559+0000] {dagbag.py:538} INFO - Filling up the DagBag from /home/airflow/.local/lib/python3.7/site-packages/airflow/example_dags/example_branch_python_dop_operator_3.py
[2022-12-22T01:45:49.584+0000] {processor.py:753} INFO - DAG(s) dict_keys(['example_branch_dop_operator_v3']) retrieved from /home/airflow/.local/lib/python3.7/site-packages/airflow/example_dags/example_branch_python_dop_operator_3.py
[2022-12-22T01:45:49.621+0000] {logging_mixin.py:137} INFO - [2022-12-22T01:45:49.621+0000] {dag.py:2676} INFO - Sync 1 DAGs
[2022-12-22T01:45:49.651+0000] {logging_mixin.py:137} INFO - [2022-12-22T01:45:49.651+0000] {dag.py:3427} INFO - Setting next_dagrun for example_branch_dop_operator_v3 to 2022-12-22T01:44:00+00:00, run_after=2022-12-22T01:45:00+00:00
[2022-12-22T01:45:49.669+0000] {processor.py:175} INFO - Processing /home/airflow/.local/lib/python3.7/site-packages/airflow/example_dags/example_branch_python_dop_operator_3.py took 0.113 seconds
[2022-12-22T01:46:19.704+0000] {processor.py:153} INFO - Started process (PID=4889) to work on /home/airflow/.local/lib/python3.7/site-packages/airflow/example_dags/example_branch_python_dop_operator_3.py
[2022-12-22T01:46:19.705+0000] {processor.py:743} INFO - Processing file /home/airflow/.local/lib/python3.7/site-packages/airflow/example_dags/example_branch_python_dop_operator_3.py for tasks to queue
[2022-12-22T01:46:19.706+0000] {logging_mixin.py:137} INFO - [2022-12-22T01:46:19.706+0000] {dagbag.py:538} INFO - Filling up the DagBag from /home/airflow/.local/lib/python3.7/site-packages/airflow/example_dags/example_branch_python_dop_operator_3.py
[2022-12-22T01:46:19.728+0000] {processor.py:753} INFO - DAG(s) dict_keys(['example_branch_dop_operator_v3']) retrieved from /home/airflow/.local/lib/python3.7/site-packages/airflow/example_dags/example_branch_python_dop_operator_3.py
[2022-12-22T01:46:19.760+0000] {logging_mixin.py:137} INFO - [2022-12-22T01:46:19.760+0000] {dag.py:2676} INFO - Sync 1 DAGs
[2022-12-22T01:46:19.790+0000] {logging_mixin.py:137} INFO - [2022-12-22T01:46:19.789+0000] {dag.py:3427} INFO - Setting next_dagrun for example_branch_dop_operator_v3 to 2022-12-22T01:45:00+00:00, run_after=2022-12-22T01:46:00+00:00
[2022-12-22T01:46:19.807+0000] {processor.py:175} INFO - Processing /home/airflow/.local/lib/python3.7/site-packages/airflow/example_dags/example_branch_python_dop_operator_3.py took 0.105 seconds
[2022-12-22T01:46:50.275+0000] {processor.py:153} INFO - Started process (PID=4975) to work on /home/airflow/.local/lib/python3.7/site-packages/airflow/example_dags/example_branch_python_dop_operator_3.py
[2022-12-22T01:46:50.276+0000] {processor.py:743} INFO - Processing file /home/airflow/.local/lib/python3.7/site-packages/airflow/example_dags/example_branch_python_dop_operator_3.py for tasks to queue
[2022-12-22T01:46:50.276+0000] {logging_mixin.py:137} INFO - [2022-12-22T01:46:50.276+0000] {dagbag.py:538} INFO - Filling up the DagBag from /home/airflow/.local/lib/python3.7/site-packages/airflow/example_dags/example_branch_python_dop_operator_3.py
[2022-12-22T01:46:50.300+0000] {processor.py:753} INFO - DAG(s) dict_keys(['example_branch_dop_operator_v3']) retrieved from /home/airflow/.local/lib/python3.7/site-packages/airflow/example_dags/example_branch_python_dop_operator_3.py
[2022-12-22T01:46:50.387+0000] {logging_mixin.py:137} INFO - [2022-12-22T01:46:50.387+0000] {dag.py:2676} INFO - Sync 1 DAGs
[2022-12-22T01:46:50.420+0000] {logging_mixin.py:137} INFO - [2022-12-22T01:46:50.419+0000] {dag.py:3427} INFO - Setting next_dagrun for example_branch_dop_operator_v3 to 2022-12-22T01:45:00+00:00, run_after=2022-12-22T01:46:00+00:00
[2022-12-22T01:46:50.503+0000] {processor.py:175} INFO - Processing /home/airflow/.local/lib/python3.7/site-packages/airflow/example_dags/example_branch_python_dop_operator_3.py took 0.231 seconds
[2022-12-22T01:47:20.622+0000] {processor.py:153} INFO - Started process (PID=5085) to work on /home/airflow/.local/lib/python3.7/site-packages/airflow/example_dags/example_branch_python_dop_operator_3.py
[2022-12-22T01:47:20.623+0000] {processor.py:743} INFO - Processing file /home/airflow/.local/lib/python3.7/site-packages/airflow/example_dags/example_branch_python_dop_operator_3.py for tasks to queue
[2022-12-22T01:47:20.624+0000] {logging_mixin.py:137} INFO - [2022-12-22T01:47:20.624+0000] {dagbag.py:538} INFO - Filling up the DagBag from /home/airflow/.local/lib/python3.7/site-packages/airflow/example_dags/example_branch_python_dop_operator_3.py
[2022-12-22T01:47:20.645+0000] {processor.py:753} INFO - DAG(s) dict_keys(['example_branch_dop_operator_v3']) retrieved from /home/airflow/.local/lib/python3.7/site-packages/airflow/example_dags/example_branch_python_dop_operator_3.py
[2022-12-22T01:47:20.679+0000] {logging_mixin.py:137} INFO - [2022-12-22T01:47:20.679+0000] {dag.py:2676} INFO - Sync 1 DAGs
[2022-12-22T01:47:20.708+0000] {logging_mixin.py:137} INFO - [2022-12-22T01:47:20.708+0000] {dag.py:3427} INFO - Setting next_dagrun for example_branch_dop_operator_v3 to 2022-12-22T01:46:00+00:00, run_after=2022-12-22T01:47:00+00:00
[2022-12-22T01:47:20.725+0000] {processor.py:175} INFO - Processing /home/airflow/.local/lib/python3.7/site-packages/airflow/example_dags/example_branch_python_dop_operator_3.py took 0.105 seconds
[2022-12-22T01:47:51.394+0000] {processor.py:153} INFO - Started process (PID=5171) to work on /home/airflow/.local/lib/python3.7/site-packages/airflow/example_dags/example_branch_python_dop_operator_3.py
[2022-12-22T01:47:51.395+0000] {processor.py:743} INFO - Processing file /home/airflow/.local/lib/python3.7/site-packages/airflow/example_dags/example_branch_python_dop_operator_3.py for tasks to queue
[2022-12-22T01:47:51.396+0000] {logging_mixin.py:137} INFO - [2022-12-22T01:47:51.396+0000] {dagbag.py:538} INFO - Filling up the DagBag from /home/airflow/.local/lib/python3.7/site-packages/airflow/example_dags/example_branch_python_dop_operator_3.py
[2022-12-22T01:47:51.419+0000] {processor.py:753} INFO - DAG(s) dict_keys(['example_branch_dop_operator_v3']) retrieved from /home/airflow/.local/lib/python3.7/site-packages/airflow/example_dags/example_branch_python_dop_operator_3.py
[2022-12-22T01:47:51.454+0000] {logging_mixin.py:137} INFO - [2022-12-22T01:47:51.453+0000] {dag.py:2676} INFO - Sync 1 DAGs
[2022-12-22T01:47:51.485+0000] {logging_mixin.py:137} INFO - [2022-12-22T01:47:51.485+0000] {dag.py:3427} INFO - Setting next_dagrun for example_branch_dop_operator_v3 to 2022-12-22T01:46:00+00:00, run_after=2022-12-22T01:47:00+00:00
[2022-12-22T01:47:51.505+0000] {processor.py:175} INFO - Processing /home/airflow/.local/lib/python3.7/site-packages/airflow/example_dags/example_branch_python_dop_operator_3.py took 0.113 seconds
[2022-12-22T01:48:22.095+0000] {processor.py:153} INFO - Started process (PID=5281) to work on /home/airflow/.local/lib/python3.7/site-packages/airflow/example_dags/example_branch_python_dop_operator_3.py
[2022-12-22T01:48:22.095+0000] {processor.py:743} INFO - Processing file /home/airflow/.local/lib/python3.7/site-packages/airflow/example_dags/example_branch_python_dop_operator_3.py for tasks to queue
[2022-12-22T01:48:22.096+0000] {logging_mixin.py:137} INFO - [2022-12-22T01:48:22.096+0000] {dagbag.py:538} INFO - Filling up the DagBag from /home/airflow/.local/lib/python3.7/site-packages/airflow/example_dags/example_branch_python_dop_operator_3.py
[2022-12-22T01:48:22.120+0000] {processor.py:753} INFO - DAG(s) dict_keys(['example_branch_dop_operator_v3']) retrieved from /home/airflow/.local/lib/python3.7/site-packages/airflow/example_dags/example_branch_python_dop_operator_3.py
[2022-12-22T01:48:22.225+0000] {logging_mixin.py:137} INFO - [2022-12-22T01:48:22.224+0000] {dag.py:2676} INFO - Sync 1 DAGs
[2022-12-22T01:48:22.308+0000] {logging_mixin.py:137} INFO - [2022-12-22T01:48:22.308+0000] {dag.py:3427} INFO - Setting next_dagrun for example_branch_dop_operator_v3 to 2022-12-22T01:47:00+00:00, run_after=2022-12-22T01:48:00+00:00
[2022-12-22T01:48:22.390+0000] {processor.py:175} INFO - Processing /home/airflow/.local/lib/python3.7/site-packages/airflow/example_dags/example_branch_python_dop_operator_3.py took 0.298 seconds
[2022-12-22T01:48:53.376+0000] {processor.py:153} INFO - Started process (PID=5367) to work on /home/airflow/.local/lib/python3.7/site-packages/airflow/example_dags/example_branch_python_dop_operator_3.py
[2022-12-22T01:48:53.377+0000] {processor.py:743} INFO - Processing file /home/airflow/.local/lib/python3.7/site-packages/airflow/example_dags/example_branch_python_dop_operator_3.py for tasks to queue
[2022-12-22T01:48:53.377+0000] {logging_mixin.py:137} INFO - [2022-12-22T01:48:53.377+0000] {dagbag.py:538} INFO - Filling up the DagBag from /home/airflow/.local/lib/python3.7/site-packages/airflow/example_dags/example_branch_python_dop_operator_3.py
[2022-12-22T01:48:53.400+0000] {processor.py:753} INFO - DAG(s) dict_keys(['example_branch_dop_operator_v3']) retrieved from /home/airflow/.local/lib/python3.7/site-packages/airflow/example_dags/example_branch_python_dop_operator_3.py
[2022-12-22T01:48:53.437+0000] {logging_mixin.py:137} INFO - [2022-12-22T01:48:53.437+0000] {dag.py:2676} INFO - Sync 1 DAGs
[2022-12-22T01:48:53.466+0000] {logging_mixin.py:137} INFO - [2022-12-22T01:48:53.466+0000] {dag.py:3427} INFO - Setting next_dagrun for example_branch_dop_operator_v3 to 2022-12-22T01:47:00+00:00, run_after=2022-12-22T01:48:00+00:00
[2022-12-22T01:48:53.483+0000] {processor.py:175} INFO - Processing /home/airflow/.local/lib/python3.7/site-packages/airflow/example_dags/example_branch_python_dop_operator_3.py took 0.110 seconds
[2022-12-22T01:49:24.277+0000] {processor.py:153} INFO - Started process (PID=5459) to work on /home/airflow/.local/lib/python3.7/site-packages/airflow/example_dags/example_branch_python_dop_operator_3.py
[2022-12-22T01:49:24.278+0000] {processor.py:743} INFO - Processing file /home/airflow/.local/lib/python3.7/site-packages/airflow/example_dags/example_branch_python_dop_operator_3.py for tasks to queue
[2022-12-22T01:49:24.278+0000] {logging_mixin.py:137} INFO - [2022-12-22T01:49:24.278+0000] {dagbag.py:538} INFO - Filling up the DagBag from /home/airflow/.local/lib/python3.7/site-packages/airflow/example_dags/example_branch_python_dop_operator_3.py
[2022-12-22T01:49:24.304+0000] {processor.py:753} INFO - DAG(s) dict_keys(['example_branch_dop_operator_v3']) retrieved from /home/airflow/.local/lib/python3.7/site-packages/airflow/example_dags/example_branch_python_dop_operator_3.py
[2022-12-22T01:49:24.391+0000] {logging_mixin.py:137} INFO - [2022-12-22T01:49:24.391+0000] {dag.py:2676} INFO - Sync 1 DAGs
[2022-12-22T01:49:24.421+0000] {logging_mixin.py:137} INFO - [2022-12-22T01:49:24.421+0000] {dag.py:3427} INFO - Setting next_dagrun for example_branch_dop_operator_v3 to 2022-12-22T01:48:00+00:00, run_after=2022-12-22T01:49:00+00:00
[2022-12-22T01:49:24.502+0000] {processor.py:175} INFO - Processing /home/airflow/.local/lib/python3.7/site-packages/airflow/example_dags/example_branch_python_dop_operator_3.py took 0.228 seconds
[2022-12-22T01:49:55.140+0000] {processor.py:153} INFO - Started process (PID=5563) to work on /home/airflow/.local/lib/python3.7/site-packages/airflow/example_dags/example_branch_python_dop_operator_3.py
[2022-12-22T01:49:55.141+0000] {processor.py:743} INFO - Processing file /home/airflow/.local/lib/python3.7/site-packages/airflow/example_dags/example_branch_python_dop_operator_3.py for tasks to queue
[2022-12-22T01:49:55.141+0000] {logging_mixin.py:137} INFO - [2022-12-22T01:49:55.141+0000] {dagbag.py:538} INFO - Filling up the DagBag from /home/airflow/.local/lib/python3.7/site-packages/airflow/example_dags/example_branch_python_dop_operator_3.py
[2022-12-22T01:49:55.166+0000] {processor.py:753} INFO - DAG(s) dict_keys(['example_branch_dop_operator_v3']) retrieved from /home/airflow/.local/lib/python3.7/site-packages/airflow/example_dags/example_branch_python_dop_operator_3.py
[2022-12-22T01:49:55.206+0000] {logging_mixin.py:137} INFO - [2022-12-22T01:49:55.206+0000] {dag.py:2676} INFO - Sync 1 DAGs
[2022-12-22T01:49:55.240+0000] {logging_mixin.py:137} INFO - [2022-12-22T01:49:55.240+0000] {dag.py:3427} INFO - Setting next_dagrun for example_branch_dop_operator_v3 to 2022-12-22T01:48:00+00:00, run_after=2022-12-22T01:49:00+00:00
[2022-12-22T01:49:55.297+0000] {processor.py:175} INFO - Processing /home/airflow/.local/lib/python3.7/site-packages/airflow/example_dags/example_branch_python_dop_operator_3.py took 0.160 seconds
[2022-12-22T01:50:25.916+0000] {processor.py:153} INFO - Started process (PID=5649) to work on /home/airflow/.local/lib/python3.7/site-packages/airflow/example_dags/example_branch_python_dop_operator_3.py
[2022-12-22T01:50:25.917+0000] {processor.py:743} INFO - Processing file /home/airflow/.local/lib/python3.7/site-packages/airflow/example_dags/example_branch_python_dop_operator_3.py for tasks to queue
[2022-12-22T01:50:25.917+0000] {logging_mixin.py:137} INFO - [2022-12-22T01:50:25.917+0000] {dagbag.py:538} INFO - Filling up the DagBag from /home/airflow/.local/lib/python3.7/site-packages/airflow/example_dags/example_branch_python_dop_operator_3.py
[2022-12-22T01:50:25.942+0000] {processor.py:753} INFO - DAG(s) dict_keys(['example_branch_dop_operator_v3']) retrieved from /home/airflow/.local/lib/python3.7/site-packages/airflow/example_dags/example_branch_python_dop_operator_3.py
[2022-12-22T01:50:25.980+0000] {logging_mixin.py:137} INFO - [2022-12-22T01:50:25.980+0000] {dag.py:2676} INFO - Sync 1 DAGs
[2022-12-22T01:50:26.013+0000] {logging_mixin.py:137} INFO - [2022-12-22T01:50:26.013+0000] {dag.py:3427} INFO - Setting next_dagrun for example_branch_dop_operator_v3 to 2022-12-22T01:49:00+00:00, run_after=2022-12-22T01:50:00+00:00
[2022-12-22T01:50:26.030+0000] {processor.py:175} INFO - Processing /home/airflow/.local/lib/python3.7/site-packages/airflow/example_dags/example_branch_python_dop_operator_3.py took 0.116 seconds
[2022-12-22T01:50:56.300+0000] {processor.py:153} INFO - Started process (PID=5735) to work on /home/airflow/.local/lib/python3.7/site-packages/airflow/example_dags/example_branch_python_dop_operator_3.py
[2022-12-22T01:50:56.301+0000] {processor.py:743} INFO - Processing file /home/airflow/.local/lib/python3.7/site-packages/airflow/example_dags/example_branch_python_dop_operator_3.py for tasks to queue
[2022-12-22T01:50:56.301+0000] {logging_mixin.py:137} INFO - [2022-12-22T01:50:56.301+0000] {dagbag.py:538} INFO - Filling up the DagBag from /home/airflow/.local/lib/python3.7/site-packages/airflow/example_dags/example_branch_python_dop_operator_3.py
[2022-12-22T01:50:56.326+0000] {processor.py:753} INFO - DAG(s) dict_keys(['example_branch_dop_operator_v3']) retrieved from /home/airflow/.local/lib/python3.7/site-packages/airflow/example_dags/example_branch_python_dop_operator_3.py
[2022-12-22T01:50:56.362+0000] {logging_mixin.py:137} INFO - [2022-12-22T01:50:56.362+0000] {dag.py:2676} INFO - Sync 1 DAGs
[2022-12-22T01:50:56.393+0000] {logging_mixin.py:137} INFO - [2022-12-22T01:50:56.393+0000] {dag.py:3427} INFO - Setting next_dagrun for example_branch_dop_operator_v3 to 2022-12-22T01:49:00+00:00, run_after=2022-12-22T01:50:00+00:00
[2022-12-22T01:50:56.411+0000] {processor.py:175} INFO - Processing /home/airflow/.local/lib/python3.7/site-packages/airflow/example_dags/example_branch_python_dop_operator_3.py took 0.113 seconds
