[2022-12-22T01:20:21.590+0000] {processor.py:153} INFO - Started process (PID=123) to work on /home/airflow/.local/lib/python3.7/site-packages/airflow/example_dags/example_latest_only.py
[2022-12-22T01:20:21.591+0000] {processor.py:743} INFO - Processing file /home/airflow/.local/lib/python3.7/site-packages/airflow/example_dags/example_latest_only.py for tasks to queue
[2022-12-22T01:20:21.592+0000] {logging_mixin.py:137} INFO - [2022-12-22T01:20:21.592+0000] {dagbag.py:538} INFO - Filling up the DagBag from /home/airflow/.local/lib/python3.7/site-packages/airflow/example_dags/example_latest_only.py
[2022-12-22T01:20:21.608+0000] {processor.py:753} INFO - DAG(s) dict_keys(['latest_only']) retrieved from /home/airflow/.local/lib/python3.7/site-packages/airflow/example_dags/example_latest_only.py
[2022-12-22T01:20:21.791+0000] {logging_mixin.py:137} INFO - [2022-12-22T01:20:21.791+0000] {dag.py:2676} INFO - Sync 1 DAGs
[2022-12-22T01:20:21.894+0000] {logging_mixin.py:137} INFO - [2022-12-22T01:20:21.894+0000] {dag.py:3427} INFO - Setting next_dagrun for latest_only to 2022-12-21T21:20:21.893962+00:00, run_after=2022-12-22T01:20:21.893962+00:00
[2022-12-22T01:20:21.990+0000] {processor.py:175} INFO - Processing /home/airflow/.local/lib/python3.7/site-packages/airflow/example_dags/example_latest_only.py took 0.459 seconds
[2022-12-22T01:20:52.719+0000] {processor.py:153} INFO - Started process (PID=185) to work on /home/airflow/.local/lib/python3.7/site-packages/airflow/example_dags/example_latest_only.py
[2022-12-22T01:20:52.720+0000] {processor.py:743} INFO - Processing file /home/airflow/.local/lib/python3.7/site-packages/airflow/example_dags/example_latest_only.py for tasks to queue
[2022-12-22T01:20:52.720+0000] {logging_mixin.py:137} INFO - [2022-12-22T01:20:52.720+0000] {dagbag.py:538} INFO - Filling up the DagBag from /home/airflow/.local/lib/python3.7/site-packages/airflow/example_dags/example_latest_only.py
[2022-12-22T01:20:52.732+0000] {processor.py:753} INFO - DAG(s) dict_keys(['latest_only']) retrieved from /home/airflow/.local/lib/python3.7/site-packages/airflow/example_dags/example_latest_only.py
[2022-12-22T01:20:52.768+0000] {logging_mixin.py:137} INFO - [2022-12-22T01:20:52.768+0000] {dag.py:2676} INFO - Sync 1 DAGs
[2022-12-22T01:20:52.795+0000] {logging_mixin.py:137} INFO - [2022-12-22T01:20:52.794+0000] {dag.py:3427} INFO - Setting next_dagrun for latest_only to 2022-12-21T21:20:52.794644+00:00, run_after=2022-12-22T01:20:52.794644+00:00
[2022-12-22T01:20:52.812+0000] {processor.py:175} INFO - Processing /home/airflow/.local/lib/python3.7/site-packages/airflow/example_dags/example_latest_only.py took 0.095 seconds
[2022-12-22T01:21:22.990+0000] {processor.py:153} INFO - Started process (PID=295) to work on /home/airflow/.local/lib/python3.7/site-packages/airflow/example_dags/example_latest_only.py
[2022-12-22T01:21:22.993+0000] {processor.py:743} INFO - Processing file /home/airflow/.local/lib/python3.7/site-packages/airflow/example_dags/example_latest_only.py for tasks to queue
[2022-12-22T01:21:22.994+0000] {logging_mixin.py:137} INFO - [2022-12-22T01:21:22.994+0000] {dagbag.py:538} INFO - Filling up the DagBag from /home/airflow/.local/lib/python3.7/site-packages/airflow/example_dags/example_latest_only.py
[2022-12-22T01:21:23.006+0000] {processor.py:753} INFO - DAG(s) dict_keys(['latest_only']) retrieved from /home/airflow/.local/lib/python3.7/site-packages/airflow/example_dags/example_latest_only.py
[2022-12-22T01:21:23.040+0000] {logging_mixin.py:137} INFO - [2022-12-22T01:21:23.039+0000] {dag.py:2676} INFO - Sync 1 DAGs
[2022-12-22T01:21:23.063+0000] {logging_mixin.py:137} INFO - [2022-12-22T01:21:23.063+0000] {dag.py:3427} INFO - Setting next_dagrun for latest_only to 2022-12-21T21:21:23.063604+00:00, run_after=2022-12-22T01:21:23.063604+00:00
[2022-12-22T01:21:23.080+0000] {processor.py:175} INFO - Processing /home/airflow/.local/lib/python3.7/site-packages/airflow/example_dags/example_latest_only.py took 0.092 seconds
[2022-12-22T01:21:53.355+0000] {processor.py:153} INFO - Started process (PID=381) to work on /home/airflow/.local/lib/python3.7/site-packages/airflow/example_dags/example_latest_only.py
[2022-12-22T01:21:53.356+0000] {processor.py:743} INFO - Processing file /home/airflow/.local/lib/python3.7/site-packages/airflow/example_dags/example_latest_only.py for tasks to queue
[2022-12-22T01:21:53.356+0000] {logging_mixin.py:137} INFO - [2022-12-22T01:21:53.356+0000] {dagbag.py:538} INFO - Filling up the DagBag from /home/airflow/.local/lib/python3.7/site-packages/airflow/example_dags/example_latest_only.py
[2022-12-22T01:21:53.369+0000] {processor.py:753} INFO - DAG(s) dict_keys(['latest_only']) retrieved from /home/airflow/.local/lib/python3.7/site-packages/airflow/example_dags/example_latest_only.py
[2022-12-22T01:21:53.402+0000] {logging_mixin.py:137} INFO - [2022-12-22T01:21:53.401+0000] {dag.py:2676} INFO - Sync 1 DAGs
[2022-12-22T01:21:53.426+0000] {logging_mixin.py:137} INFO - [2022-12-22T01:21:53.426+0000] {dag.py:3427} INFO - Setting next_dagrun for latest_only to 2022-12-21T21:21:53.426449+00:00, run_after=2022-12-22T01:21:53.426449+00:00
[2022-12-22T01:21:53.443+0000] {processor.py:175} INFO - Processing /home/airflow/.local/lib/python3.7/site-packages/airflow/example_dags/example_latest_only.py took 0.090 seconds
[2022-12-22T01:22:23.752+0000] {processor.py:153} INFO - Started process (PID=491) to work on /home/airflow/.local/lib/python3.7/site-packages/airflow/example_dags/example_latest_only.py
[2022-12-22T01:22:23.752+0000] {processor.py:743} INFO - Processing file /home/airflow/.local/lib/python3.7/site-packages/airflow/example_dags/example_latest_only.py for tasks to queue
[2022-12-22T01:22:23.753+0000] {logging_mixin.py:137} INFO - [2022-12-22T01:22:23.753+0000] {dagbag.py:538} INFO - Filling up the DagBag from /home/airflow/.local/lib/python3.7/site-packages/airflow/example_dags/example_latest_only.py
[2022-12-22T01:22:23.764+0000] {processor.py:753} INFO - DAG(s) dict_keys(['latest_only']) retrieved from /home/airflow/.local/lib/python3.7/site-packages/airflow/example_dags/example_latest_only.py
[2022-12-22T01:22:23.799+0000] {logging_mixin.py:137} INFO - [2022-12-22T01:22:23.799+0000] {dag.py:2676} INFO - Sync 1 DAGs
[2022-12-22T01:22:23.827+0000] {logging_mixin.py:137} INFO - [2022-12-22T01:22:23.827+0000] {dag.py:3427} INFO - Setting next_dagrun for latest_only to 2022-12-21T21:22:23.827252+00:00, run_after=2022-12-22T01:22:23.827252+00:00
[2022-12-22T01:22:23.846+0000] {processor.py:175} INFO - Processing /home/airflow/.local/lib/python3.7/site-packages/airflow/example_dags/example_latest_only.py took 0.096 seconds
[2022-12-22T01:22:53.953+0000] {processor.py:153} INFO - Started process (PID=577) to work on /home/airflow/.local/lib/python3.7/site-packages/airflow/example_dags/example_latest_only.py
[2022-12-22T01:22:53.953+0000] {processor.py:743} INFO - Processing file /home/airflow/.local/lib/python3.7/site-packages/airflow/example_dags/example_latest_only.py for tasks to queue
[2022-12-22T01:22:53.954+0000] {logging_mixin.py:137} INFO - [2022-12-22T01:22:53.954+0000] {dagbag.py:538} INFO - Filling up the DagBag from /home/airflow/.local/lib/python3.7/site-packages/airflow/example_dags/example_latest_only.py
[2022-12-22T01:22:53.966+0000] {processor.py:753} INFO - DAG(s) dict_keys(['latest_only']) retrieved from /home/airflow/.local/lib/python3.7/site-packages/airflow/example_dags/example_latest_only.py
[2022-12-22T01:22:54.002+0000] {logging_mixin.py:137} INFO - [2022-12-22T01:22:54.002+0000] {dag.py:2676} INFO - Sync 1 DAGs
[2022-12-22T01:22:54.028+0000] {logging_mixin.py:137} INFO - [2022-12-22T01:22:54.028+0000] {dag.py:3427} INFO - Setting next_dagrun for latest_only to 2022-12-21T21:22:54.028352+00:00, run_after=2022-12-22T01:22:54.028352+00:00
[2022-12-22T01:22:54.045+0000] {processor.py:175} INFO - Processing /home/airflow/.local/lib/python3.7/site-packages/airflow/example_dags/example_latest_only.py took 0.095 seconds
[2022-12-22T01:23:24.328+0000] {processor.py:153} INFO - Started process (PID=687) to work on /home/airflow/.local/lib/python3.7/site-packages/airflow/example_dags/example_latest_only.py
[2022-12-22T01:23:24.329+0000] {processor.py:743} INFO - Processing file /home/airflow/.local/lib/python3.7/site-packages/airflow/example_dags/example_latest_only.py for tasks to queue
[2022-12-22T01:23:24.329+0000] {logging_mixin.py:137} INFO - [2022-12-22T01:23:24.329+0000] {dagbag.py:538} INFO - Filling up the DagBag from /home/airflow/.local/lib/python3.7/site-packages/airflow/example_dags/example_latest_only.py
[2022-12-22T01:23:24.343+0000] {processor.py:753} INFO - DAG(s) dict_keys(['latest_only']) retrieved from /home/airflow/.local/lib/python3.7/site-packages/airflow/example_dags/example_latest_only.py
[2022-12-22T01:23:24.379+0000] {logging_mixin.py:137} INFO - [2022-12-22T01:23:24.379+0000] {dag.py:2676} INFO - Sync 1 DAGs
[2022-12-22T01:23:24.405+0000] {logging_mixin.py:137} INFO - [2022-12-22T01:23:24.405+0000] {dag.py:3427} INFO - Setting next_dagrun for latest_only to 2022-12-21T21:23:24.405183+00:00, run_after=2022-12-22T01:23:24.405183+00:00
[2022-12-22T01:23:24.423+0000] {processor.py:175} INFO - Processing /home/airflow/.local/lib/python3.7/site-packages/airflow/example_dags/example_latest_only.py took 0.097 seconds
[2022-12-22T01:23:54.494+0000] {processor.py:153} INFO - Started process (PID=773) to work on /home/airflow/.local/lib/python3.7/site-packages/airflow/example_dags/example_latest_only.py
[2022-12-22T01:23:54.495+0000] {processor.py:743} INFO - Processing file /home/airflow/.local/lib/python3.7/site-packages/airflow/example_dags/example_latest_only.py for tasks to queue
[2022-12-22T01:23:54.496+0000] {logging_mixin.py:137} INFO - [2022-12-22T01:23:54.495+0000] {dagbag.py:538} INFO - Filling up the DagBag from /home/airflow/.local/lib/python3.7/site-packages/airflow/example_dags/example_latest_only.py
[2022-12-22T01:23:54.508+0000] {processor.py:753} INFO - DAG(s) dict_keys(['latest_only']) retrieved from /home/airflow/.local/lib/python3.7/site-packages/airflow/example_dags/example_latest_only.py
[2022-12-22T01:23:54.542+0000] {logging_mixin.py:137} INFO - [2022-12-22T01:23:54.541+0000] {dag.py:2676} INFO - Sync 1 DAGs
[2022-12-22T01:23:54.567+0000] {logging_mixin.py:137} INFO - [2022-12-22T01:23:54.567+0000] {dag.py:3427} INFO - Setting next_dagrun for latest_only to 2022-12-21T21:23:54.566895+00:00, run_after=2022-12-22T01:23:54.566895+00:00
[2022-12-22T01:23:54.584+0000] {processor.py:175} INFO - Processing /home/airflow/.local/lib/python3.7/site-packages/airflow/example_dags/example_latest_only.py took 0.093 seconds
[2022-12-22T01:24:25.179+0000] {processor.py:153} INFO - Started process (PID=859) to work on /home/airflow/.local/lib/python3.7/site-packages/airflow/example_dags/example_latest_only.py
[2022-12-22T01:24:25.180+0000] {processor.py:743} INFO - Processing file /home/airflow/.local/lib/python3.7/site-packages/airflow/example_dags/example_latest_only.py for tasks to queue
[2022-12-22T01:24:25.181+0000] {logging_mixin.py:137} INFO - [2022-12-22T01:24:25.181+0000] {dagbag.py:538} INFO - Filling up the DagBag from /home/airflow/.local/lib/python3.7/site-packages/airflow/example_dags/example_latest_only.py
[2022-12-22T01:24:25.194+0000] {processor.py:753} INFO - DAG(s) dict_keys(['latest_only']) retrieved from /home/airflow/.local/lib/python3.7/site-packages/airflow/example_dags/example_latest_only.py
[2022-12-22T01:24:25.230+0000] {logging_mixin.py:137} INFO - [2022-12-22T01:24:25.230+0000] {dag.py:2676} INFO - Sync 1 DAGs
[2022-12-22T01:24:25.253+0000] {logging_mixin.py:137} INFO - [2022-12-22T01:24:25.253+0000] {dag.py:3427} INFO - Setting next_dagrun for latest_only to 2022-12-21T21:24:25.252854+00:00, run_after=2022-12-22T01:24:25.252854+00:00
[2022-12-22T01:24:25.268+0000] {processor.py:175} INFO - Processing /home/airflow/.local/lib/python3.7/site-packages/airflow/example_dags/example_latest_only.py took 0.091 seconds
[2022-12-22T01:24:55.697+0000] {processor.py:153} INFO - Started process (PID=969) to work on /home/airflow/.local/lib/python3.7/site-packages/airflow/example_dags/example_latest_only.py
[2022-12-22T01:24:55.698+0000] {processor.py:743} INFO - Processing file /home/airflow/.local/lib/python3.7/site-packages/airflow/example_dags/example_latest_only.py for tasks to queue
[2022-12-22T01:24:55.699+0000] {logging_mixin.py:137} INFO - [2022-12-22T01:24:55.699+0000] {dagbag.py:538} INFO - Filling up the DagBag from /home/airflow/.local/lib/python3.7/site-packages/airflow/example_dags/example_latest_only.py
[2022-12-22T01:24:55.711+0000] {processor.py:753} INFO - DAG(s) dict_keys(['latest_only']) retrieved from /home/airflow/.local/lib/python3.7/site-packages/airflow/example_dags/example_latest_only.py
[2022-12-22T01:24:55.746+0000] {logging_mixin.py:137} INFO - [2022-12-22T01:24:55.746+0000] {dag.py:2676} INFO - Sync 1 DAGs
[2022-12-22T01:24:55.772+0000] {logging_mixin.py:137} INFO - [2022-12-22T01:24:55.772+0000] {dag.py:3427} INFO - Setting next_dagrun for latest_only to 2022-12-21T21:24:55.772143+00:00, run_after=2022-12-22T01:24:55.772143+00:00
[2022-12-22T01:24:55.788+0000] {processor.py:175} INFO - Processing /home/airflow/.local/lib/python3.7/site-packages/airflow/example_dags/example_latest_only.py took 0.093 seconds
[2022-12-22T01:25:26.592+0000] {processor.py:153} INFO - Started process (PID=1055) to work on /home/airflow/.local/lib/python3.7/site-packages/airflow/example_dags/example_latest_only.py
[2022-12-22T01:25:26.593+0000] {processor.py:743} INFO - Processing file /home/airflow/.local/lib/python3.7/site-packages/airflow/example_dags/example_latest_only.py for tasks to queue
[2022-12-22T01:25:26.593+0000] {logging_mixin.py:137} INFO - [2022-12-22T01:25:26.593+0000] {dagbag.py:538} INFO - Filling up the DagBag from /home/airflow/.local/lib/python3.7/site-packages/airflow/example_dags/example_latest_only.py
[2022-12-22T01:25:26.605+0000] {processor.py:753} INFO - DAG(s) dict_keys(['latest_only']) retrieved from /home/airflow/.local/lib/python3.7/site-packages/airflow/example_dags/example_latest_only.py
[2022-12-22T01:25:26.640+0000] {logging_mixin.py:137} INFO - [2022-12-22T01:25:26.640+0000] {dag.py:2676} INFO - Sync 1 DAGs
[2022-12-22T01:25:26.663+0000] {logging_mixin.py:137} INFO - [2022-12-22T01:25:26.663+0000] {dag.py:3427} INFO - Setting next_dagrun for latest_only to 2022-12-21T21:25:26.663518+00:00, run_after=2022-12-22T01:25:26.663518+00:00
[2022-12-22T01:25:26.680+0000] {processor.py:175} INFO - Processing /home/airflow/.local/lib/python3.7/site-packages/airflow/example_dags/example_latest_only.py took 0.091 seconds
[2022-12-22T01:25:56.894+0000] {processor.py:153} INFO - Started process (PID=1150) to work on /home/airflow/.local/lib/python3.7/site-packages/airflow/example_dags/example_latest_only.py
[2022-12-22T01:25:56.895+0000] {processor.py:743} INFO - Processing file /home/airflow/.local/lib/python3.7/site-packages/airflow/example_dags/example_latest_only.py for tasks to queue
[2022-12-22T01:25:56.895+0000] {logging_mixin.py:137} INFO - [2022-12-22T01:25:56.895+0000] {dagbag.py:538} INFO - Filling up the DagBag from /home/airflow/.local/lib/python3.7/site-packages/airflow/example_dags/example_latest_only.py
[2022-12-22T01:25:56.907+0000] {processor.py:753} INFO - DAG(s) dict_keys(['latest_only']) retrieved from /home/airflow/.local/lib/python3.7/site-packages/airflow/example_dags/example_latest_only.py
[2022-12-22T01:25:56.939+0000] {logging_mixin.py:137} INFO - [2022-12-22T01:25:56.938+0000] {dag.py:2676} INFO - Sync 1 DAGs
[2022-12-22T01:25:56.965+0000] {logging_mixin.py:137} INFO - [2022-12-22T01:25:56.964+0000] {dag.py:3427} INFO - Setting next_dagrun for latest_only to 2022-12-21T21:25:56.964601+00:00, run_after=2022-12-22T01:25:56.964601+00:00
[2022-12-22T01:25:56.984+0000] {processor.py:175} INFO - Processing /home/airflow/.local/lib/python3.7/site-packages/airflow/example_dags/example_latest_only.py took 0.093 seconds
[2022-12-22T01:26:27.543+0000] {processor.py:153} INFO - Started process (PID=1250) to work on /home/airflow/.local/lib/python3.7/site-packages/airflow/example_dags/example_latest_only.py
[2022-12-22T01:26:27.544+0000] {processor.py:743} INFO - Processing file /home/airflow/.local/lib/python3.7/site-packages/airflow/example_dags/example_latest_only.py for tasks to queue
[2022-12-22T01:26:27.544+0000] {logging_mixin.py:137} INFO - [2022-12-22T01:26:27.544+0000] {dagbag.py:538} INFO - Filling up the DagBag from /home/airflow/.local/lib/python3.7/site-packages/airflow/example_dags/example_latest_only.py
[2022-12-22T01:26:27.556+0000] {processor.py:753} INFO - DAG(s) dict_keys(['latest_only']) retrieved from /home/airflow/.local/lib/python3.7/site-packages/airflow/example_dags/example_latest_only.py
[2022-12-22T01:26:27.597+0000] {logging_mixin.py:137} INFO - [2022-12-22T01:26:27.597+0000] {dag.py:2676} INFO - Sync 1 DAGs
[2022-12-22T01:26:27.632+0000] {logging_mixin.py:137} INFO - [2022-12-22T01:26:27.632+0000] {dag.py:3427} INFO - Setting next_dagrun for latest_only to 2022-12-21T21:26:27.631888+00:00, run_after=2022-12-22T01:26:27.631888+00:00
[2022-12-22T01:26:27.648+0000] {processor.py:175} INFO - Processing /home/airflow/.local/lib/python3.7/site-packages/airflow/example_dags/example_latest_only.py took 0.108 seconds
[2022-12-22T01:26:58.056+0000] {processor.py:153} INFO - Started process (PID=1336) to work on /home/airflow/.local/lib/python3.7/site-packages/airflow/example_dags/example_latest_only.py
[2022-12-22T01:26:58.057+0000] {processor.py:743} INFO - Processing file /home/airflow/.local/lib/python3.7/site-packages/airflow/example_dags/example_latest_only.py for tasks to queue
[2022-12-22T01:26:58.058+0000] {logging_mixin.py:137} INFO - [2022-12-22T01:26:58.058+0000] {dagbag.py:538} INFO - Filling up the DagBag from /home/airflow/.local/lib/python3.7/site-packages/airflow/example_dags/example_latest_only.py
[2022-12-22T01:26:58.070+0000] {processor.py:753} INFO - DAG(s) dict_keys(['latest_only']) retrieved from /home/airflow/.local/lib/python3.7/site-packages/airflow/example_dags/example_latest_only.py
[2022-12-22T01:26:58.187+0000] {logging_mixin.py:137} INFO - [2022-12-22T01:26:58.187+0000] {dag.py:2676} INFO - Sync 1 DAGs
[2022-12-22T01:26:58.302+0000] {logging_mixin.py:137} INFO - [2022-12-22T01:26:58.302+0000] {dag.py:3427} INFO - Setting next_dagrun for latest_only to 2022-12-21T21:26:58.302377+00:00, run_after=2022-12-22T01:26:58.302377+00:00
[2022-12-22T01:26:58.320+0000] {processor.py:175} INFO - Processing /home/airflow/.local/lib/python3.7/site-packages/airflow/example_dags/example_latest_only.py took 0.266 seconds
[2022-12-22T01:27:28.934+0000] {processor.py:153} INFO - Started process (PID=1431) to work on /home/airflow/.local/lib/python3.7/site-packages/airflow/example_dags/example_latest_only.py
[2022-12-22T01:27:28.935+0000] {processor.py:743} INFO - Processing file /home/airflow/.local/lib/python3.7/site-packages/airflow/example_dags/example_latest_only.py for tasks to queue
[2022-12-22T01:27:28.936+0000] {logging_mixin.py:137} INFO - [2022-12-22T01:27:28.936+0000] {dagbag.py:538} INFO - Filling up the DagBag from /home/airflow/.local/lib/python3.7/site-packages/airflow/example_dags/example_latest_only.py
[2022-12-22T01:27:28.948+0000] {processor.py:753} INFO - DAG(s) dict_keys(['latest_only']) retrieved from /home/airflow/.local/lib/python3.7/site-packages/airflow/example_dags/example_latest_only.py
[2022-12-22T01:27:28.982+0000] {logging_mixin.py:137} INFO - [2022-12-22T01:27:28.982+0000] {dag.py:2676} INFO - Sync 1 DAGs
[2022-12-22T01:27:29.014+0000] {logging_mixin.py:137} INFO - [2022-12-22T01:27:29.014+0000] {dag.py:3427} INFO - Setting next_dagrun for latest_only to 2022-12-21T21:27:29.014124+00:00, run_after=2022-12-22T01:27:29.014124+00:00
[2022-12-22T01:27:29.034+0000] {processor.py:175} INFO - Processing /home/airflow/.local/lib/python3.7/site-packages/airflow/example_dags/example_latest_only.py took 0.103 seconds
[2022-12-22T01:27:59.201+0000] {processor.py:153} INFO - Started process (PID=1532) to work on /home/airflow/.local/lib/python3.7/site-packages/airflow/example_dags/example_latest_only.py
[2022-12-22T01:27:59.202+0000] {processor.py:743} INFO - Processing file /home/airflow/.local/lib/python3.7/site-packages/airflow/example_dags/example_latest_only.py for tasks to queue
[2022-12-22T01:27:59.203+0000] {logging_mixin.py:137} INFO - [2022-12-22T01:27:59.203+0000] {dagbag.py:538} INFO - Filling up the DagBag from /home/airflow/.local/lib/python3.7/site-packages/airflow/example_dags/example_latest_only.py
[2022-12-22T01:27:59.215+0000] {processor.py:753} INFO - DAG(s) dict_keys(['latest_only']) retrieved from /home/airflow/.local/lib/python3.7/site-packages/airflow/example_dags/example_latest_only.py
[2022-12-22T01:27:59.249+0000] {logging_mixin.py:137} INFO - [2022-12-22T01:27:59.249+0000] {dag.py:2676} INFO - Sync 1 DAGs
[2022-12-22T01:27:59.305+0000] {logging_mixin.py:137} INFO - [2022-12-22T01:27:59.305+0000] {dag.py:3427} INFO - Setting next_dagrun for latest_only to 2022-12-21T21:27:59.304825+00:00, run_after=2022-12-22T01:27:59.304825+00:00
[2022-12-22T01:27:59.326+0000] {processor.py:175} INFO - Processing /home/airflow/.local/lib/python3.7/site-packages/airflow/example_dags/example_latest_only.py took 0.127 seconds
[2022-12-22T01:28:29.915+0000] {processor.py:153} INFO - Started process (PID=1618) to work on /home/airflow/.local/lib/python3.7/site-packages/airflow/example_dags/example_latest_only.py
[2022-12-22T01:28:29.916+0000] {processor.py:743} INFO - Processing file /home/airflow/.local/lib/python3.7/site-packages/airflow/example_dags/example_latest_only.py for tasks to queue
[2022-12-22T01:28:29.916+0000] {logging_mixin.py:137} INFO - [2022-12-22T01:28:29.916+0000] {dagbag.py:538} INFO - Filling up the DagBag from /home/airflow/.local/lib/python3.7/site-packages/airflow/example_dags/example_latest_only.py
[2022-12-22T01:28:29.929+0000] {processor.py:753} INFO - DAG(s) dict_keys(['latest_only']) retrieved from /home/airflow/.local/lib/python3.7/site-packages/airflow/example_dags/example_latest_only.py
[2022-12-22T01:28:29.961+0000] {logging_mixin.py:137} INFO - [2022-12-22T01:28:29.961+0000] {dag.py:2676} INFO - Sync 1 DAGs
[2022-12-22T01:28:29.985+0000] {logging_mixin.py:137} INFO - [2022-12-22T01:28:29.985+0000] {dag.py:3427} INFO - Setting next_dagrun for latest_only to 2022-12-21T21:28:29.985434+00:00, run_after=2022-12-22T01:28:29.985434+00:00
[2022-12-22T01:28:30.002+0000] {processor.py:175} INFO - Processing /home/airflow/.local/lib/python3.7/site-packages/airflow/example_dags/example_latest_only.py took 0.090 seconds
[2022-12-22T01:29:00.351+0000] {processor.py:153} INFO - Started process (PID=1728) to work on /home/airflow/.local/lib/python3.7/site-packages/airflow/example_dags/example_latest_only.py
[2022-12-22T01:29:00.352+0000] {processor.py:743} INFO - Processing file /home/airflow/.local/lib/python3.7/site-packages/airflow/example_dags/example_latest_only.py for tasks to queue
[2022-12-22T01:29:00.352+0000] {logging_mixin.py:137} INFO - [2022-12-22T01:29:00.352+0000] {dagbag.py:538} INFO - Filling up the DagBag from /home/airflow/.local/lib/python3.7/site-packages/airflow/example_dags/example_latest_only.py
[2022-12-22T01:29:00.364+0000] {processor.py:753} INFO - DAG(s) dict_keys(['latest_only']) retrieved from /home/airflow/.local/lib/python3.7/site-packages/airflow/example_dags/example_latest_only.py
[2022-12-22T01:29:00.398+0000] {logging_mixin.py:137} INFO - [2022-12-22T01:29:00.398+0000] {dag.py:2676} INFO - Sync 1 DAGs
[2022-12-22T01:29:00.422+0000] {logging_mixin.py:137} INFO - [2022-12-22T01:29:00.422+0000] {dag.py:3427} INFO - Setting next_dagrun for latest_only to 2022-12-21T21:29:00.422324+00:00, run_after=2022-12-22T01:29:00.422324+00:00
[2022-12-22T01:29:00.440+0000] {processor.py:175} INFO - Processing /home/airflow/.local/lib/python3.7/site-packages/airflow/example_dags/example_latest_only.py took 0.091 seconds
[2022-12-22T01:29:30.676+0000] {processor.py:153} INFO - Started process (PID=1815) to work on /home/airflow/.local/lib/python3.7/site-packages/airflow/example_dags/example_latest_only.py
[2022-12-22T01:29:30.677+0000] {processor.py:743} INFO - Processing file /home/airflow/.local/lib/python3.7/site-packages/airflow/example_dags/example_latest_only.py for tasks to queue
[2022-12-22T01:29:30.678+0000] {logging_mixin.py:137} INFO - [2022-12-22T01:29:30.678+0000] {dagbag.py:538} INFO - Filling up the DagBag from /home/airflow/.local/lib/python3.7/site-packages/airflow/example_dags/example_latest_only.py
[2022-12-22T01:29:30.690+0000] {processor.py:753} INFO - DAG(s) dict_keys(['latest_only']) retrieved from /home/airflow/.local/lib/python3.7/site-packages/airflow/example_dags/example_latest_only.py
[2022-12-22T01:29:30.733+0000] {logging_mixin.py:137} INFO - [2022-12-22T01:29:30.733+0000] {dag.py:2676} INFO - Sync 1 DAGs
[2022-12-22T01:29:30.755+0000] {logging_mixin.py:137} INFO - [2022-12-22T01:29:30.755+0000] {dag.py:3427} INFO - Setting next_dagrun for latest_only to 2022-12-21T21:29:30.755236+00:00, run_after=2022-12-22T01:29:30.755236+00:00
[2022-12-22T01:29:30.771+0000] {processor.py:175} INFO - Processing /home/airflow/.local/lib/python3.7/site-packages/airflow/example_dags/example_latest_only.py took 0.097 seconds
[2022-12-22T01:30:01.598+0000] {processor.py:153} INFO - Started process (PID=1901) to work on /home/airflow/.local/lib/python3.7/site-packages/airflow/example_dags/example_latest_only.py
[2022-12-22T01:30:01.599+0000] {processor.py:743} INFO - Processing file /home/airflow/.local/lib/python3.7/site-packages/airflow/example_dags/example_latest_only.py for tasks to queue
[2022-12-22T01:30:01.599+0000] {logging_mixin.py:137} INFO - [2022-12-22T01:30:01.599+0000] {dagbag.py:538} INFO - Filling up the DagBag from /home/airflow/.local/lib/python3.7/site-packages/airflow/example_dags/example_latest_only.py
[2022-12-22T01:30:01.612+0000] {processor.py:753} INFO - DAG(s) dict_keys(['latest_only']) retrieved from /home/airflow/.local/lib/python3.7/site-packages/airflow/example_dags/example_latest_only.py
[2022-12-22T01:30:01.646+0000] {logging_mixin.py:137} INFO - [2022-12-22T01:30:01.646+0000] {dag.py:2676} INFO - Sync 1 DAGs
[2022-12-22T01:30:01.671+0000] {logging_mixin.py:137} INFO - [2022-12-22T01:30:01.671+0000] {dag.py:3427} INFO - Setting next_dagrun for latest_only to 2022-12-21T21:30:01.671241+00:00, run_after=2022-12-22T01:30:01.671241+00:00
[2022-12-22T01:30:01.688+0000] {processor.py:175} INFO - Processing /home/airflow/.local/lib/python3.7/site-packages/airflow/example_dags/example_latest_only.py took 0.093 seconds
[2022-12-22T01:30:32.108+0000] {processor.py:153} INFO - Started process (PID=1997) to work on /home/airflow/.local/lib/python3.7/site-packages/airflow/example_dags/example_latest_only.py
[2022-12-22T01:30:32.109+0000] {processor.py:743} INFO - Processing file /home/airflow/.local/lib/python3.7/site-packages/airflow/example_dags/example_latest_only.py for tasks to queue
[2022-12-22T01:30:32.109+0000] {logging_mixin.py:137} INFO - [2022-12-22T01:30:32.109+0000] {dagbag.py:538} INFO - Filling up the DagBag from /home/airflow/.local/lib/python3.7/site-packages/airflow/example_dags/example_latest_only.py
[2022-12-22T01:30:32.127+0000] {processor.py:753} INFO - DAG(s) dict_keys(['latest_only']) retrieved from /home/airflow/.local/lib/python3.7/site-packages/airflow/example_dags/example_latest_only.py
[2022-12-22T01:30:32.187+0000] {logging_mixin.py:137} INFO - [2022-12-22T01:30:32.187+0000] {dag.py:2676} INFO - Sync 1 DAGs
[2022-12-22T01:30:32.217+0000] {logging_mixin.py:137} INFO - [2022-12-22T01:30:32.217+0000] {dag.py:3427} INFO - Setting next_dagrun for latest_only to 2022-12-21T21:30:32.216948+00:00, run_after=2022-12-22T01:30:32.216948+00:00
[2022-12-22T01:30:32.236+0000] {processor.py:175} INFO - Processing /home/airflow/.local/lib/python3.7/site-packages/airflow/example_dags/example_latest_only.py took 0.131 seconds
[2022-12-22T01:31:02.402+0000] {processor.py:153} INFO - Started process (PID=2098) to work on /home/airflow/.local/lib/python3.7/site-packages/airflow/example_dags/example_latest_only.py
[2022-12-22T01:31:02.403+0000] {processor.py:743} INFO - Processing file /home/airflow/.local/lib/python3.7/site-packages/airflow/example_dags/example_latest_only.py for tasks to queue
[2022-12-22T01:31:02.404+0000] {logging_mixin.py:137} INFO - [2022-12-22T01:31:02.404+0000] {dagbag.py:538} INFO - Filling up the DagBag from /home/airflow/.local/lib/python3.7/site-packages/airflow/example_dags/example_latest_only.py
[2022-12-22T01:31:02.416+0000] {processor.py:753} INFO - DAG(s) dict_keys(['latest_only']) retrieved from /home/airflow/.local/lib/python3.7/site-packages/airflow/example_dags/example_latest_only.py
[2022-12-22T01:31:02.450+0000] {logging_mixin.py:137} INFO - [2022-12-22T01:31:02.449+0000] {dag.py:2676} INFO - Sync 1 DAGs
[2022-12-22T01:31:02.473+0000] {logging_mixin.py:137} INFO - [2022-12-22T01:31:02.473+0000] {dag.py:3427} INFO - Setting next_dagrun for latest_only to 2022-12-21T21:31:02.472930+00:00, run_after=2022-12-22T01:31:02.472930+00:00
[2022-12-22T01:31:02.489+0000] {processor.py:175} INFO - Processing /home/airflow/.local/lib/python3.7/site-packages/airflow/example_dags/example_latest_only.py took 0.089 seconds
[2022-12-22T01:31:32.910+0000] {processor.py:153} INFO - Started process (PID=2184) to work on /home/airflow/.local/lib/python3.7/site-packages/airflow/example_dags/example_latest_only.py
[2022-12-22T01:31:32.910+0000] {processor.py:743} INFO - Processing file /home/airflow/.local/lib/python3.7/site-packages/airflow/example_dags/example_latest_only.py for tasks to queue
[2022-12-22T01:31:32.911+0000] {logging_mixin.py:137} INFO - [2022-12-22T01:31:32.911+0000] {dagbag.py:538} INFO - Filling up the DagBag from /home/airflow/.local/lib/python3.7/site-packages/airflow/example_dags/example_latest_only.py
[2022-12-22T01:31:32.923+0000] {processor.py:753} INFO - DAG(s) dict_keys(['latest_only']) retrieved from /home/airflow/.local/lib/python3.7/site-packages/airflow/example_dags/example_latest_only.py
[2022-12-22T01:31:32.960+0000] {logging_mixin.py:137} INFO - [2022-12-22T01:31:32.960+0000] {dag.py:2676} INFO - Sync 1 DAGs
[2022-12-22T01:31:32.986+0000] {logging_mixin.py:137} INFO - [2022-12-22T01:31:32.986+0000] {dag.py:3427} INFO - Setting next_dagrun for latest_only to 2022-12-21T21:31:32.985973+00:00, run_after=2022-12-22T01:31:32.985973+00:00
[2022-12-22T01:31:33.004+0000] {processor.py:175} INFO - Processing /home/airflow/.local/lib/python3.7/site-packages/airflow/example_dags/example_latest_only.py took 0.096 seconds
[2022-12-22T01:32:03.703+0000] {processor.py:153} INFO - Started process (PID=2277) to work on /home/airflow/.local/lib/python3.7/site-packages/airflow/example_dags/example_latest_only.py
[2022-12-22T01:32:03.704+0000] {processor.py:743} INFO - Processing file /home/airflow/.local/lib/python3.7/site-packages/airflow/example_dags/example_latest_only.py for tasks to queue
[2022-12-22T01:32:03.704+0000] {logging_mixin.py:137} INFO - [2022-12-22T01:32:03.704+0000] {dagbag.py:538} INFO - Filling up the DagBag from /home/airflow/.local/lib/python3.7/site-packages/airflow/example_dags/example_latest_only.py
[2022-12-22T01:32:03.720+0000] {processor.py:753} INFO - DAG(s) dict_keys(['latest_only']) retrieved from /home/airflow/.local/lib/python3.7/site-packages/airflow/example_dags/example_latest_only.py
[2022-12-22T01:32:03.813+0000] {logging_mixin.py:137} INFO - [2022-12-22T01:32:03.813+0000] {dag.py:2676} INFO - Sync 1 DAGs
[2022-12-22T01:32:03.905+0000] {logging_mixin.py:137} INFO - [2022-12-22T01:32:03.905+0000] {dag.py:3427} INFO - Setting next_dagrun for latest_only to 2022-12-21T21:32:03.904998+00:00, run_after=2022-12-22T01:32:03.904998+00:00
[2022-12-22T01:32:03.993+0000] {processor.py:175} INFO - Processing /home/airflow/.local/lib/python3.7/site-packages/airflow/example_dags/example_latest_only.py took 0.293 seconds
[2022-12-22T01:32:34.064+0000] {processor.py:153} INFO - Started process (PID=2380) to work on /home/airflow/.local/lib/python3.7/site-packages/airflow/example_dags/example_latest_only.py
[2022-12-22T01:32:34.065+0000] {processor.py:743} INFO - Processing file /home/airflow/.local/lib/python3.7/site-packages/airflow/example_dags/example_latest_only.py for tasks to queue
[2022-12-22T01:32:34.066+0000] {logging_mixin.py:137} INFO - [2022-12-22T01:32:34.065+0000] {dagbag.py:538} INFO - Filling up the DagBag from /home/airflow/.local/lib/python3.7/site-packages/airflow/example_dags/example_latest_only.py
[2022-12-22T01:32:34.079+0000] {processor.py:753} INFO - DAG(s) dict_keys(['latest_only']) retrieved from /home/airflow/.local/lib/python3.7/site-packages/airflow/example_dags/example_latest_only.py
[2022-12-22T01:32:34.117+0000] {logging_mixin.py:137} INFO - [2022-12-22T01:32:34.116+0000] {dag.py:2676} INFO - Sync 1 DAGs
[2022-12-22T01:32:34.147+0000] {logging_mixin.py:137} INFO - [2022-12-22T01:32:34.146+0000] {dag.py:3427} INFO - Setting next_dagrun for latest_only to 2022-12-21T21:32:34.146707+00:00, run_after=2022-12-22T01:32:34.146707+00:00
[2022-12-22T01:32:34.165+0000] {processor.py:175} INFO - Processing /home/airflow/.local/lib/python3.7/site-packages/airflow/example_dags/example_latest_only.py took 0.104 seconds
[2022-12-22T01:33:08.990+0000] {processor.py:153} INFO - Started process (PID=2451) to work on /home/airflow/.local/lib/python3.7/site-packages/airflow/example_dags/example_latest_only.py
[2022-12-22T01:33:08.991+0000] {processor.py:743} INFO - Processing file /home/airflow/.local/lib/python3.7/site-packages/airflow/example_dags/example_latest_only.py for tasks to queue
[2022-12-22T01:33:08.991+0000] {logging_mixin.py:137} INFO - [2022-12-22T01:33:08.991+0000] {dagbag.py:538} INFO - Filling up the DagBag from /home/airflow/.local/lib/python3.7/site-packages/airflow/example_dags/example_latest_only.py
[2022-12-22T01:33:09.089+0000] {processor.py:753} INFO - DAG(s) dict_keys(['latest_only']) retrieved from /home/airflow/.local/lib/python3.7/site-packages/airflow/example_dags/example_latest_only.py
[2022-12-22T01:33:09.290+0000] {logging_mixin.py:137} INFO - [2022-12-22T01:33:09.290+0000] {dag.py:2676} INFO - Sync 1 DAGs
[2022-12-22T01:33:09.395+0000] {logging_mixin.py:137} INFO - [2022-12-22T01:33:09.395+0000] {dag.py:3427} INFO - Setting next_dagrun for latest_only to 2022-12-21T21:33:09.395541+00:00, run_after=2022-12-22T01:33:09.395541+00:00
[2022-12-22T01:33:09.497+0000] {processor.py:175} INFO - Processing /home/airflow/.local/lib/python3.7/site-packages/airflow/example_dags/example_latest_only.py took 0.586 seconds
[2022-12-22T01:33:39.628+0000] {processor.py:153} INFO - Started process (PID=2552) to work on /home/airflow/.local/lib/python3.7/site-packages/airflow/example_dags/example_latest_only.py
[2022-12-22T01:33:39.629+0000] {processor.py:743} INFO - Processing file /home/airflow/.local/lib/python3.7/site-packages/airflow/example_dags/example_latest_only.py for tasks to queue
[2022-12-22T01:33:39.630+0000] {logging_mixin.py:137} INFO - [2022-12-22T01:33:39.630+0000] {dagbag.py:538} INFO - Filling up the DagBag from /home/airflow/.local/lib/python3.7/site-packages/airflow/example_dags/example_latest_only.py
[2022-12-22T01:33:39.643+0000] {processor.py:753} INFO - DAG(s) dict_keys(['latest_only']) retrieved from /home/airflow/.local/lib/python3.7/site-packages/airflow/example_dags/example_latest_only.py
[2022-12-22T01:33:39.690+0000] {logging_mixin.py:137} INFO - [2022-12-22T01:33:39.690+0000] {dag.py:2676} INFO - Sync 1 DAGs
[2022-12-22T01:33:39.728+0000] {logging_mixin.py:137} INFO - [2022-12-22T01:33:39.728+0000] {dag.py:3427} INFO - Setting next_dagrun for latest_only to 2022-12-21T21:33:39.727929+00:00, run_after=2022-12-22T01:33:39.727929+00:00
[2022-12-22T01:33:39.751+0000] {processor.py:175} INFO - Processing /home/airflow/.local/lib/python3.7/site-packages/airflow/example_dags/example_latest_only.py took 0.126 seconds
[2022-12-22T01:34:10.571+0000] {processor.py:153} INFO - Started process (PID=2638) to work on /home/airflow/.local/lib/python3.7/site-packages/airflow/example_dags/example_latest_only.py
[2022-12-22T01:34:10.572+0000] {processor.py:743} INFO - Processing file /home/airflow/.local/lib/python3.7/site-packages/airflow/example_dags/example_latest_only.py for tasks to queue
[2022-12-22T01:34:10.572+0000] {logging_mixin.py:137} INFO - [2022-12-22T01:34:10.572+0000] {dagbag.py:538} INFO - Filling up the DagBag from /home/airflow/.local/lib/python3.7/site-packages/airflow/example_dags/example_latest_only.py
[2022-12-22T01:34:10.584+0000] {processor.py:753} INFO - DAG(s) dict_keys(['latest_only']) retrieved from /home/airflow/.local/lib/python3.7/site-packages/airflow/example_dags/example_latest_only.py
[2022-12-22T01:34:10.616+0000] {logging_mixin.py:137} INFO - [2022-12-22T01:34:10.616+0000] {dag.py:2676} INFO - Sync 1 DAGs
[2022-12-22T01:34:10.640+0000] {logging_mixin.py:137} INFO - [2022-12-22T01:34:10.640+0000] {dag.py:3427} INFO - Setting next_dagrun for latest_only to 2022-12-21T21:34:10.639900+00:00, run_after=2022-12-22T01:34:10.639900+00:00
[2022-12-22T01:34:10.656+0000] {processor.py:175} INFO - Processing /home/airflow/.local/lib/python3.7/site-packages/airflow/example_dags/example_latest_only.py took 0.088 seconds
[2022-12-22T01:34:41.045+0000] {processor.py:153} INFO - Started process (PID=2724) to work on /home/airflow/.local/lib/python3.7/site-packages/airflow/example_dags/example_latest_only.py
[2022-12-22T01:34:41.046+0000] {processor.py:743} INFO - Processing file /home/airflow/.local/lib/python3.7/site-packages/airflow/example_dags/example_latest_only.py for tasks to queue
[2022-12-22T01:34:41.047+0000] {logging_mixin.py:137} INFO - [2022-12-22T01:34:41.047+0000] {dagbag.py:538} INFO - Filling up the DagBag from /home/airflow/.local/lib/python3.7/site-packages/airflow/example_dags/example_latest_only.py
[2022-12-22T01:34:41.064+0000] {processor.py:753} INFO - DAG(s) dict_keys(['latest_only']) retrieved from /home/airflow/.local/lib/python3.7/site-packages/airflow/example_dags/example_latest_only.py
[2022-12-22T01:34:41.103+0000] {logging_mixin.py:137} INFO - [2022-12-22T01:34:41.103+0000] {dag.py:2676} INFO - Sync 1 DAGs
[2022-12-22T01:34:41.133+0000] {logging_mixin.py:137} INFO - [2022-12-22T01:34:41.133+0000] {dag.py:3427} INFO - Setting next_dagrun for latest_only to 2022-12-21T21:34:41.133057+00:00, run_after=2022-12-22T01:34:41.133057+00:00
[2022-12-22T01:34:41.153+0000] {processor.py:175} INFO - Processing /home/airflow/.local/lib/python3.7/site-packages/airflow/example_dags/example_latest_only.py took 0.111 seconds
[2022-12-22T01:35:11.689+0000] {processor.py:153} INFO - Started process (PID=2835) to work on /home/airflow/.local/lib/python3.7/site-packages/airflow/example_dags/example_latest_only.py
[2022-12-22T01:35:11.690+0000] {processor.py:743} INFO - Processing file /home/airflow/.local/lib/python3.7/site-packages/airflow/example_dags/example_latest_only.py for tasks to queue
[2022-12-22T01:35:11.691+0000] {logging_mixin.py:137} INFO - [2022-12-22T01:35:11.690+0000] {dagbag.py:538} INFO - Filling up the DagBag from /home/airflow/.local/lib/python3.7/site-packages/airflow/example_dags/example_latest_only.py
[2022-12-22T01:35:11.702+0000] {processor.py:753} INFO - DAG(s) dict_keys(['latest_only']) retrieved from /home/airflow/.local/lib/python3.7/site-packages/airflow/example_dags/example_latest_only.py
[2022-12-22T01:35:11.739+0000] {logging_mixin.py:137} INFO - [2022-12-22T01:35:11.739+0000] {dag.py:2676} INFO - Sync 1 DAGs
[2022-12-22T01:35:11.764+0000] {logging_mixin.py:137} INFO - [2022-12-22T01:35:11.764+0000] {dag.py:3427} INFO - Setting next_dagrun for latest_only to 2022-12-21T21:35:11.764383+00:00, run_after=2022-12-22T01:35:11.764383+00:00
[2022-12-22T01:35:11.782+0000] {processor.py:175} INFO - Processing /home/airflow/.local/lib/python3.7/site-packages/airflow/example_dags/example_latest_only.py took 0.095 seconds
[2022-12-22T01:35:42.091+0000] {processor.py:153} INFO - Started process (PID=2921) to work on /home/airflow/.local/lib/python3.7/site-packages/airflow/example_dags/example_latest_only.py
[2022-12-22T01:35:42.092+0000] {processor.py:743} INFO - Processing file /home/airflow/.local/lib/python3.7/site-packages/airflow/example_dags/example_latest_only.py for tasks to queue
[2022-12-22T01:35:42.092+0000] {logging_mixin.py:137} INFO - [2022-12-22T01:35:42.092+0000] {dagbag.py:538} INFO - Filling up the DagBag from /home/airflow/.local/lib/python3.7/site-packages/airflow/example_dags/example_latest_only.py
[2022-12-22T01:35:42.105+0000] {processor.py:753} INFO - DAG(s) dict_keys(['latest_only']) retrieved from /home/airflow/.local/lib/python3.7/site-packages/airflow/example_dags/example_latest_only.py
[2022-12-22T01:35:42.140+0000] {logging_mixin.py:137} INFO - [2022-12-22T01:35:42.140+0000] {dag.py:2676} INFO - Sync 1 DAGs
[2022-12-22T01:35:42.166+0000] {logging_mixin.py:137} INFO - [2022-12-22T01:35:42.166+0000] {dag.py:3427} INFO - Setting next_dagrun for latest_only to 2022-12-21T21:35:42.166167+00:00, run_after=2022-12-22T01:35:42.166167+00:00
[2022-12-22T01:35:42.186+0000] {processor.py:175} INFO - Processing /home/airflow/.local/lib/python3.7/site-packages/airflow/example_dags/example_latest_only.py took 0.098 seconds
[2022-12-22T01:36:12.523+0000] {processor.py:153} INFO - Started process (PID=3007) to work on /home/airflow/.local/lib/python3.7/site-packages/airflow/example_dags/example_latest_only.py
[2022-12-22T01:36:12.524+0000] {processor.py:743} INFO - Processing file /home/airflow/.local/lib/python3.7/site-packages/airflow/example_dags/example_latest_only.py for tasks to queue
[2022-12-22T01:36:12.525+0000] {logging_mixin.py:137} INFO - [2022-12-22T01:36:12.525+0000] {dagbag.py:538} INFO - Filling up the DagBag from /home/airflow/.local/lib/python3.7/site-packages/airflow/example_dags/example_latest_only.py
[2022-12-22T01:36:12.538+0000] {processor.py:753} INFO - DAG(s) dict_keys(['latest_only']) retrieved from /home/airflow/.local/lib/python3.7/site-packages/airflow/example_dags/example_latest_only.py
[2022-12-22T01:36:12.570+0000] {logging_mixin.py:137} INFO - [2022-12-22T01:36:12.569+0000] {dag.py:2676} INFO - Sync 1 DAGs
[2022-12-22T01:36:12.595+0000] {logging_mixin.py:137} INFO - [2022-12-22T01:36:12.594+0000] {dag.py:3427} INFO - Setting next_dagrun for latest_only to 2022-12-21T21:36:12.594770+00:00, run_after=2022-12-22T01:36:12.594770+00:00
[2022-12-22T01:36:12.611+0000] {processor.py:175} INFO - Processing /home/airflow/.local/lib/python3.7/site-packages/airflow/example_dags/example_latest_only.py took 0.090 seconds
[2022-12-22T01:36:42.866+0000] {processor.py:153} INFO - Started process (PID=3117) to work on /home/airflow/.local/lib/python3.7/site-packages/airflow/example_dags/example_latest_only.py
[2022-12-22T01:36:42.867+0000] {processor.py:743} INFO - Processing file /home/airflow/.local/lib/python3.7/site-packages/airflow/example_dags/example_latest_only.py for tasks to queue
[2022-12-22T01:36:42.868+0000] {logging_mixin.py:137} INFO - [2022-12-22T01:36:42.867+0000] {dagbag.py:538} INFO - Filling up the DagBag from /home/airflow/.local/lib/python3.7/site-packages/airflow/example_dags/example_latest_only.py
[2022-12-22T01:36:42.880+0000] {processor.py:753} INFO - DAG(s) dict_keys(['latest_only']) retrieved from /home/airflow/.local/lib/python3.7/site-packages/airflow/example_dags/example_latest_only.py
[2022-12-22T01:36:42.916+0000] {logging_mixin.py:137} INFO - [2022-12-22T01:36:42.916+0000] {dag.py:2676} INFO - Sync 1 DAGs
[2022-12-22T01:36:42.941+0000] {logging_mixin.py:137} INFO - [2022-12-22T01:36:42.940+0000] {dag.py:3427} INFO - Setting next_dagrun for latest_only to 2022-12-21T21:36:42.940676+00:00, run_after=2022-12-22T01:36:42.940676+00:00
[2022-12-22T01:36:42.957+0000] {processor.py:175} INFO - Processing /home/airflow/.local/lib/python3.7/site-packages/airflow/example_dags/example_latest_only.py took 0.093 seconds
[2022-12-22T01:37:13.165+0000] {processor.py:153} INFO - Started process (PID=3203) to work on /home/airflow/.local/lib/python3.7/site-packages/airflow/example_dags/example_latest_only.py
[2022-12-22T01:37:13.166+0000] {processor.py:743} INFO - Processing file /home/airflow/.local/lib/python3.7/site-packages/airflow/example_dags/example_latest_only.py for tasks to queue
[2022-12-22T01:37:13.167+0000] {logging_mixin.py:137} INFO - [2022-12-22T01:37:13.167+0000] {dagbag.py:538} INFO - Filling up the DagBag from /home/airflow/.local/lib/python3.7/site-packages/airflow/example_dags/example_latest_only.py
[2022-12-22T01:37:13.181+0000] {processor.py:753} INFO - DAG(s) dict_keys(['latest_only']) retrieved from /home/airflow/.local/lib/python3.7/site-packages/airflow/example_dags/example_latest_only.py
[2022-12-22T01:37:13.220+0000] {logging_mixin.py:137} INFO - [2022-12-22T01:37:13.220+0000] {dag.py:2676} INFO - Sync 1 DAGs
[2022-12-22T01:37:13.248+0000] {logging_mixin.py:137} INFO - [2022-12-22T01:37:13.248+0000] {dag.py:3427} INFO - Setting next_dagrun for latest_only to 2022-12-21T21:37:13.247888+00:00, run_after=2022-12-22T01:37:13.247888+00:00
[2022-12-22T01:37:13.266+0000] {processor.py:175} INFO - Processing /home/airflow/.local/lib/python3.7/site-packages/airflow/example_dags/example_latest_only.py took 0.104 seconds
[2022-12-22T01:37:44.088+0000] {processor.py:153} INFO - Started process (PID=3313) to work on /home/airflow/.local/lib/python3.7/site-packages/airflow/example_dags/example_latest_only.py
[2022-12-22T01:37:44.090+0000] {processor.py:743} INFO - Processing file /home/airflow/.local/lib/python3.7/site-packages/airflow/example_dags/example_latest_only.py for tasks to queue
[2022-12-22T01:37:44.097+0000] {logging_mixin.py:137} INFO - [2022-12-22T01:37:44.096+0000] {dagbag.py:538} INFO - Filling up the DagBag from /home/airflow/.local/lib/python3.7/site-packages/airflow/example_dags/example_latest_only.py
[2022-12-22T01:37:44.114+0000] {processor.py:753} INFO - DAG(s) dict_keys(['latest_only']) retrieved from /home/airflow/.local/lib/python3.7/site-packages/airflow/example_dags/example_latest_only.py
[2022-12-22T01:37:44.218+0000] {logging_mixin.py:137} INFO - [2022-12-22T01:37:44.218+0000] {dag.py:2676} INFO - Sync 1 DAGs
[2022-12-22T01:37:44.241+0000] {logging_mixin.py:137} INFO - [2022-12-22T01:37:44.241+0000] {dag.py:3427} INFO - Setting next_dagrun for latest_only to 2022-12-21T21:37:44.241272+00:00, run_after=2022-12-22T01:37:44.241272+00:00
[2022-12-22T01:37:44.258+0000] {processor.py:175} INFO - Processing /home/airflow/.local/lib/python3.7/site-packages/airflow/example_dags/example_latest_only.py took 0.223 seconds
[2022-12-22T01:38:14.424+0000] {processor.py:153} INFO - Started process (PID=3399) to work on /home/airflow/.local/lib/python3.7/site-packages/airflow/example_dags/example_latest_only.py
[2022-12-22T01:38:14.425+0000] {processor.py:743} INFO - Processing file /home/airflow/.local/lib/python3.7/site-packages/airflow/example_dags/example_latest_only.py for tasks to queue
[2022-12-22T01:38:14.425+0000] {logging_mixin.py:137} INFO - [2022-12-22T01:38:14.425+0000] {dagbag.py:538} INFO - Filling up the DagBag from /home/airflow/.local/lib/python3.7/site-packages/airflow/example_dags/example_latest_only.py
[2022-12-22T01:38:14.438+0000] {processor.py:753} INFO - DAG(s) dict_keys(['latest_only']) retrieved from /home/airflow/.local/lib/python3.7/site-packages/airflow/example_dags/example_latest_only.py
[2022-12-22T01:38:14.471+0000] {logging_mixin.py:137} INFO - [2022-12-22T01:38:14.471+0000] {dag.py:2676} INFO - Sync 1 DAGs
[2022-12-22T01:38:14.496+0000] {logging_mixin.py:137} INFO - [2022-12-22T01:38:14.496+0000] {dag.py:3427} INFO - Setting next_dagrun for latest_only to 2022-12-21T21:38:14.496362+00:00, run_after=2022-12-22T01:38:14.496362+00:00
[2022-12-22T01:38:14.513+0000] {processor.py:175} INFO - Processing /home/airflow/.local/lib/python3.7/site-packages/airflow/example_dags/example_latest_only.py took 0.091 seconds
[2022-12-22T01:38:44.861+0000] {processor.py:153} INFO - Started process (PID=3485) to work on /home/airflow/.local/lib/python3.7/site-packages/airflow/example_dags/example_latest_only.py
[2022-12-22T01:38:44.862+0000] {processor.py:743} INFO - Processing file /home/airflow/.local/lib/python3.7/site-packages/airflow/example_dags/example_latest_only.py for tasks to queue
[2022-12-22T01:38:44.862+0000] {logging_mixin.py:137} INFO - [2022-12-22T01:38:44.862+0000] {dagbag.py:538} INFO - Filling up the DagBag from /home/airflow/.local/lib/python3.7/site-packages/airflow/example_dags/example_latest_only.py
[2022-12-22T01:38:44.877+0000] {processor.py:753} INFO - DAG(s) dict_keys(['latest_only']) retrieved from /home/airflow/.local/lib/python3.7/site-packages/airflow/example_dags/example_latest_only.py
[2022-12-22T01:38:44.912+0000] {logging_mixin.py:137} INFO - [2022-12-22T01:38:44.912+0000] {dag.py:2676} INFO - Sync 1 DAGs
[2022-12-22T01:38:44.939+0000] {logging_mixin.py:137} INFO - [2022-12-22T01:38:44.939+0000] {dag.py:3427} INFO - Setting next_dagrun for latest_only to 2022-12-21T21:38:44.939088+00:00, run_after=2022-12-22T01:38:44.939088+00:00
[2022-12-22T01:38:44.957+0000] {processor.py:175} INFO - Processing /home/airflow/.local/lib/python3.7/site-packages/airflow/example_dags/example_latest_only.py took 0.099 seconds
[2022-12-22T01:39:15.402+0000] {processor.py:153} INFO - Started process (PID=3595) to work on /home/airflow/.local/lib/python3.7/site-packages/airflow/example_dags/example_latest_only.py
[2022-12-22T01:39:15.402+0000] {processor.py:743} INFO - Processing file /home/airflow/.local/lib/python3.7/site-packages/airflow/example_dags/example_latest_only.py for tasks to queue
[2022-12-22T01:39:15.403+0000] {logging_mixin.py:137} INFO - [2022-12-22T01:39:15.403+0000] {dagbag.py:538} INFO - Filling up the DagBag from /home/airflow/.local/lib/python3.7/site-packages/airflow/example_dags/example_latest_only.py
[2022-12-22T01:39:15.418+0000] {processor.py:753} INFO - DAG(s) dict_keys(['latest_only']) retrieved from /home/airflow/.local/lib/python3.7/site-packages/airflow/example_dags/example_latest_only.py
[2022-12-22T01:39:15.507+0000] {logging_mixin.py:137} INFO - [2022-12-22T01:39:15.507+0000] {dag.py:2676} INFO - Sync 1 DAGs
[2022-12-22T01:39:15.535+0000] {logging_mixin.py:137} INFO - [2022-12-22T01:39:15.535+0000] {dag.py:3427} INFO - Setting next_dagrun for latest_only to 2022-12-21T21:39:15.535219+00:00, run_after=2022-12-22T01:39:15.535219+00:00
[2022-12-22T01:39:15.594+0000] {processor.py:175} INFO - Processing /home/airflow/.local/lib/python3.7/site-packages/airflow/example_dags/example_latest_only.py took 0.195 seconds
[2022-12-22T01:39:45.991+0000] {processor.py:153} INFO - Started process (PID=3681) to work on /home/airflow/.local/lib/python3.7/site-packages/airflow/example_dags/example_latest_only.py
[2022-12-22T01:39:45.992+0000] {processor.py:743} INFO - Processing file /home/airflow/.local/lib/python3.7/site-packages/airflow/example_dags/example_latest_only.py for tasks to queue
[2022-12-22T01:39:45.992+0000] {logging_mixin.py:137} INFO - [2022-12-22T01:39:45.992+0000] {dagbag.py:538} INFO - Filling up the DagBag from /home/airflow/.local/lib/python3.7/site-packages/airflow/example_dags/example_latest_only.py
[2022-12-22T01:39:46.006+0000] {processor.py:753} INFO - DAG(s) dict_keys(['latest_only']) retrieved from /home/airflow/.local/lib/python3.7/site-packages/airflow/example_dags/example_latest_only.py
[2022-12-22T01:39:46.041+0000] {logging_mixin.py:137} INFO - [2022-12-22T01:39:46.041+0000] {dag.py:2676} INFO - Sync 1 DAGs
[2022-12-22T01:39:46.116+0000] {logging_mixin.py:137} INFO - [2022-12-22T01:39:46.116+0000] {dag.py:3427} INFO - Setting next_dagrun for latest_only to 2022-12-21T21:39:46.116347+00:00, run_after=2022-12-22T01:39:46.116347+00:00
[2022-12-22T01:39:46.204+0000] {processor.py:175} INFO - Processing /home/airflow/.local/lib/python3.7/site-packages/airflow/example_dags/example_latest_only.py took 0.216 seconds
[2022-12-22T01:40:16.883+0000] {processor.py:153} INFO - Started process (PID=3767) to work on /home/airflow/.local/lib/python3.7/site-packages/airflow/example_dags/example_latest_only.py
[2022-12-22T01:40:16.884+0000] {processor.py:743} INFO - Processing file /home/airflow/.local/lib/python3.7/site-packages/airflow/example_dags/example_latest_only.py for tasks to queue
[2022-12-22T01:40:16.885+0000] {logging_mixin.py:137} INFO - [2022-12-22T01:40:16.885+0000] {dagbag.py:538} INFO - Filling up the DagBag from /home/airflow/.local/lib/python3.7/site-packages/airflow/example_dags/example_latest_only.py
[2022-12-22T01:40:16.897+0000] {processor.py:753} INFO - DAG(s) dict_keys(['latest_only']) retrieved from /home/airflow/.local/lib/python3.7/site-packages/airflow/example_dags/example_latest_only.py
[2022-12-22T01:40:16.931+0000] {logging_mixin.py:137} INFO - [2022-12-22T01:40:16.931+0000] {dag.py:2676} INFO - Sync 1 DAGs
[2022-12-22T01:40:16.957+0000] {logging_mixin.py:137} INFO - [2022-12-22T01:40:16.957+0000] {dag.py:3427} INFO - Setting next_dagrun for latest_only to 2022-12-21T21:40:16.956796+00:00, run_after=2022-12-22T01:40:16.956796+00:00
[2022-12-22T01:40:16.973+0000] {processor.py:175} INFO - Processing /home/airflow/.local/lib/python3.7/site-packages/airflow/example_dags/example_latest_only.py took 0.093 seconds
[2022-12-22T01:40:47.118+0000] {processor.py:153} INFO - Started process (PID=3853) to work on /home/airflow/.local/lib/python3.7/site-packages/airflow/example_dags/example_latest_only.py
[2022-12-22T01:40:47.119+0000] {processor.py:743} INFO - Processing file /home/airflow/.local/lib/python3.7/site-packages/airflow/example_dags/example_latest_only.py for tasks to queue
[2022-12-22T01:40:47.119+0000] {logging_mixin.py:137} INFO - [2022-12-22T01:40:47.119+0000] {dagbag.py:538} INFO - Filling up the DagBag from /home/airflow/.local/lib/python3.7/site-packages/airflow/example_dags/example_latest_only.py
[2022-12-22T01:40:47.132+0000] {processor.py:753} INFO - DAG(s) dict_keys(['latest_only']) retrieved from /home/airflow/.local/lib/python3.7/site-packages/airflow/example_dags/example_latest_only.py
[2022-12-22T01:40:47.172+0000] {logging_mixin.py:137} INFO - [2022-12-22T01:40:47.172+0000] {dag.py:2676} INFO - Sync 1 DAGs
[2022-12-22T01:40:47.197+0000] {logging_mixin.py:137} INFO - [2022-12-22T01:40:47.197+0000] {dag.py:3427} INFO - Setting next_dagrun for latest_only to 2022-12-21T21:40:47.196871+00:00, run_after=2022-12-22T01:40:47.196871+00:00
[2022-12-22T01:40:47.215+0000] {processor.py:175} INFO - Processing /home/airflow/.local/lib/python3.7/site-packages/airflow/example_dags/example_latest_only.py took 0.100 seconds
[2022-12-22T01:41:17.742+0000] {processor.py:153} INFO - Started process (PID=3963) to work on /home/airflow/.local/lib/python3.7/site-packages/airflow/example_dags/example_latest_only.py
[2022-12-22T01:41:17.742+0000] {processor.py:743} INFO - Processing file /home/airflow/.local/lib/python3.7/site-packages/airflow/example_dags/example_latest_only.py for tasks to queue
[2022-12-22T01:41:17.743+0000] {logging_mixin.py:137} INFO - [2022-12-22T01:41:17.743+0000] {dagbag.py:538} INFO - Filling up the DagBag from /home/airflow/.local/lib/python3.7/site-packages/airflow/example_dags/example_latest_only.py
[2022-12-22T01:41:17.756+0000] {processor.py:753} INFO - DAG(s) dict_keys(['latest_only']) retrieved from /home/airflow/.local/lib/python3.7/site-packages/airflow/example_dags/example_latest_only.py
[2022-12-22T01:41:17.793+0000] {logging_mixin.py:137} INFO - [2022-12-22T01:41:17.792+0000] {dag.py:2676} INFO - Sync 1 DAGs
[2022-12-22T01:41:17.816+0000] {logging_mixin.py:137} INFO - [2022-12-22T01:41:17.816+0000] {dag.py:3427} INFO - Setting next_dagrun for latest_only to 2022-12-21T21:41:17.816290+00:00, run_after=2022-12-22T01:41:17.816290+00:00
[2022-12-22T01:41:17.834+0000] {processor.py:175} INFO - Processing /home/airflow/.local/lib/python3.7/site-packages/airflow/example_dags/example_latest_only.py took 0.095 seconds
[2022-12-22T01:41:48.086+0000] {processor.py:153} INFO - Started process (PID=4049) to work on /home/airflow/.local/lib/python3.7/site-packages/airflow/example_dags/example_latest_only.py
[2022-12-22T01:41:48.088+0000] {processor.py:743} INFO - Processing file /home/airflow/.local/lib/python3.7/site-packages/airflow/example_dags/example_latest_only.py for tasks to queue
[2022-12-22T01:41:48.088+0000] {logging_mixin.py:137} INFO - [2022-12-22T01:41:48.088+0000] {dagbag.py:538} INFO - Filling up the DagBag from /home/airflow/.local/lib/python3.7/site-packages/airflow/example_dags/example_latest_only.py
[2022-12-22T01:41:48.102+0000] {processor.py:753} INFO - DAG(s) dict_keys(['latest_only']) retrieved from /home/airflow/.local/lib/python3.7/site-packages/airflow/example_dags/example_latest_only.py
[2022-12-22T01:41:48.137+0000] {logging_mixin.py:137} INFO - [2022-12-22T01:41:48.136+0000] {dag.py:2676} INFO - Sync 1 DAGs
[2022-12-22T01:41:48.159+0000] {logging_mixin.py:137} INFO - [2022-12-22T01:41:48.159+0000] {dag.py:3427} INFO - Setting next_dagrun for latest_only to 2022-12-21T21:41:48.159546+00:00, run_after=2022-12-22T01:41:48.159546+00:00
[2022-12-22T01:41:48.175+0000] {processor.py:175} INFO - Processing /home/airflow/.local/lib/python3.7/site-packages/airflow/example_dags/example_latest_only.py took 0.093 seconds
[2022-12-22T01:42:18.759+0000] {processor.py:153} INFO - Started process (PID=4159) to work on /home/airflow/.local/lib/python3.7/site-packages/airflow/example_dags/example_latest_only.py
[2022-12-22T01:42:18.760+0000] {processor.py:743} INFO - Processing file /home/airflow/.local/lib/python3.7/site-packages/airflow/example_dags/example_latest_only.py for tasks to queue
[2022-12-22T01:42:18.761+0000] {logging_mixin.py:137} INFO - [2022-12-22T01:42:18.760+0000] {dagbag.py:538} INFO - Filling up the DagBag from /home/airflow/.local/lib/python3.7/site-packages/airflow/example_dags/example_latest_only.py
[2022-12-22T01:42:18.773+0000] {processor.py:753} INFO - DAG(s) dict_keys(['latest_only']) retrieved from /home/airflow/.local/lib/python3.7/site-packages/airflow/example_dags/example_latest_only.py
[2022-12-22T01:42:18.808+0000] {logging_mixin.py:137} INFO - [2022-12-22T01:42:18.807+0000] {dag.py:2676} INFO - Sync 1 DAGs
[2022-12-22T01:42:18.834+0000] {logging_mixin.py:137} INFO - [2022-12-22T01:42:18.834+0000] {dag.py:3427} INFO - Setting next_dagrun for latest_only to 2022-12-21T21:42:18.833692+00:00, run_after=2022-12-22T01:42:18.833692+00:00
[2022-12-22T01:42:18.851+0000] {processor.py:175} INFO - Processing /home/airflow/.local/lib/python3.7/site-packages/airflow/example_dags/example_latest_only.py took 0.093 seconds
[2022-12-22T01:42:49.263+0000] {processor.py:153} INFO - Started process (PID=4245) to work on /home/airflow/.local/lib/python3.7/site-packages/airflow/example_dags/example_latest_only.py
[2022-12-22T01:42:49.263+0000] {processor.py:743} INFO - Processing file /home/airflow/.local/lib/python3.7/site-packages/airflow/example_dags/example_latest_only.py for tasks to queue
[2022-12-22T01:42:49.264+0000] {logging_mixin.py:137} INFO - [2022-12-22T01:42:49.264+0000] {dagbag.py:538} INFO - Filling up the DagBag from /home/airflow/.local/lib/python3.7/site-packages/airflow/example_dags/example_latest_only.py
[2022-12-22T01:42:49.290+0000] {processor.py:753} INFO - DAG(s) dict_keys(['latest_only']) retrieved from /home/airflow/.local/lib/python3.7/site-packages/airflow/example_dags/example_latest_only.py
[2022-12-22T01:42:49.324+0000] {logging_mixin.py:137} INFO - [2022-12-22T01:42:49.324+0000] {dag.py:2676} INFO - Sync 1 DAGs
[2022-12-22T01:42:49.348+0000] {logging_mixin.py:137} INFO - [2022-12-22T01:42:49.348+0000] {dag.py:3427} INFO - Setting next_dagrun for latest_only to 2022-12-21T21:42:49.348107+00:00, run_after=2022-12-22T01:42:49.348107+00:00
[2022-12-22T01:42:49.403+0000] {processor.py:175} INFO - Processing /home/airflow/.local/lib/python3.7/site-packages/airflow/example_dags/example_latest_only.py took 0.143 seconds
[2022-12-22T01:43:20.115+0000] {processor.py:153} INFO - Started process (PID=4340) to work on /home/airflow/.local/lib/python3.7/site-packages/airflow/example_dags/example_latest_only.py
[2022-12-22T01:43:20.116+0000] {processor.py:743} INFO - Processing file /home/airflow/.local/lib/python3.7/site-packages/airflow/example_dags/example_latest_only.py for tasks to queue
[2022-12-22T01:43:20.117+0000] {logging_mixin.py:137} INFO - [2022-12-22T01:43:20.117+0000] {dagbag.py:538} INFO - Filling up the DagBag from /home/airflow/.local/lib/python3.7/site-packages/airflow/example_dags/example_latest_only.py
[2022-12-22T01:43:20.130+0000] {processor.py:753} INFO - DAG(s) dict_keys(['latest_only']) retrieved from /home/airflow/.local/lib/python3.7/site-packages/airflow/example_dags/example_latest_only.py
[2022-12-22T01:43:20.166+0000] {logging_mixin.py:137} INFO - [2022-12-22T01:43:20.166+0000] {dag.py:2676} INFO - Sync 1 DAGs
[2022-12-22T01:43:20.193+0000] {logging_mixin.py:137} INFO - [2022-12-22T01:43:20.193+0000] {dag.py:3427} INFO - Setting next_dagrun for latest_only to 2022-12-21T21:43:20.193351+00:00, run_after=2022-12-22T01:43:20.193351+00:00
[2022-12-22T01:43:20.218+0000] {processor.py:175} INFO - Processing /home/airflow/.local/lib/python3.7/site-packages/airflow/example_dags/example_latest_only.py took 0.107 seconds
[2022-12-22T01:43:50.740+0000] {processor.py:153} INFO - Started process (PID=4441) to work on /home/airflow/.local/lib/python3.7/site-packages/airflow/example_dags/example_latest_only.py
[2022-12-22T01:43:50.740+0000] {processor.py:743} INFO - Processing file /home/airflow/.local/lib/python3.7/site-packages/airflow/example_dags/example_latest_only.py for tasks to queue
[2022-12-22T01:43:50.741+0000] {logging_mixin.py:137} INFO - [2022-12-22T01:43:50.741+0000] {dagbag.py:538} INFO - Filling up the DagBag from /home/airflow/.local/lib/python3.7/site-packages/airflow/example_dags/example_latest_only.py
[2022-12-22T01:43:50.754+0000] {processor.py:753} INFO - DAG(s) dict_keys(['latest_only']) retrieved from /home/airflow/.local/lib/python3.7/site-packages/airflow/example_dags/example_latest_only.py
[2022-12-22T01:43:50.787+0000] {logging_mixin.py:137} INFO - [2022-12-22T01:43:50.787+0000] {dag.py:2676} INFO - Sync 1 DAGs
[2022-12-22T01:43:50.811+0000] {logging_mixin.py:137} INFO - [2022-12-22T01:43:50.811+0000] {dag.py:3427} INFO - Setting next_dagrun for latest_only to 2022-12-21T21:43:50.811228+00:00, run_after=2022-12-22T01:43:50.811228+00:00
[2022-12-22T01:43:50.829+0000] {processor.py:175} INFO - Processing /home/airflow/.local/lib/python3.7/site-packages/airflow/example_dags/example_latest_only.py took 0.093 seconds
[2022-12-22T01:44:21.270+0000] {processor.py:153} INFO - Started process (PID=4527) to work on /home/airflow/.local/lib/python3.7/site-packages/airflow/example_dags/example_latest_only.py
[2022-12-22T01:44:21.271+0000] {processor.py:743} INFO - Processing file /home/airflow/.local/lib/python3.7/site-packages/airflow/example_dags/example_latest_only.py for tasks to queue
[2022-12-22T01:44:21.272+0000] {logging_mixin.py:137} INFO - [2022-12-22T01:44:21.272+0000] {dagbag.py:538} INFO - Filling up the DagBag from /home/airflow/.local/lib/python3.7/site-packages/airflow/example_dags/example_latest_only.py
[2022-12-22T01:44:21.287+0000] {processor.py:753} INFO - DAG(s) dict_keys(['latest_only']) retrieved from /home/airflow/.local/lib/python3.7/site-packages/airflow/example_dags/example_latest_only.py
[2022-12-22T01:44:21.327+0000] {logging_mixin.py:137} INFO - [2022-12-22T01:44:21.327+0000] {dag.py:2676} INFO - Sync 1 DAGs
[2022-12-22T01:44:21.363+0000] {logging_mixin.py:137} INFO - [2022-12-22T01:44:21.363+0000] {dag.py:3427} INFO - Setting next_dagrun for latest_only to 2022-12-21T21:44:21.363024+00:00, run_after=2022-12-22T01:44:21.363024+00:00
[2022-12-22T01:44:21.382+0000] {processor.py:175} INFO - Processing /home/airflow/.local/lib/python3.7/site-packages/airflow/example_dags/example_latest_only.py took 0.115 seconds
[2022-12-22T01:44:52.329+0000] {processor.py:153} INFO - Started process (PID=4637) to work on /home/airflow/.local/lib/python3.7/site-packages/airflow/example_dags/example_latest_only.py
[2022-12-22T01:44:52.330+0000] {processor.py:743} INFO - Processing file /home/airflow/.local/lib/python3.7/site-packages/airflow/example_dags/example_latest_only.py for tasks to queue
[2022-12-22T01:44:52.330+0000] {logging_mixin.py:137} INFO - [2022-12-22T01:44:52.330+0000] {dagbag.py:538} INFO - Filling up the DagBag from /home/airflow/.local/lib/python3.7/site-packages/airflow/example_dags/example_latest_only.py
[2022-12-22T01:44:52.398+0000] {processor.py:753} INFO - DAG(s) dict_keys(['latest_only']) retrieved from /home/airflow/.local/lib/python3.7/site-packages/airflow/example_dags/example_latest_only.py
[2022-12-22T01:44:52.503+0000] {logging_mixin.py:137} INFO - [2022-12-22T01:44:52.502+0000] {dag.py:2676} INFO - Sync 1 DAGs
[2022-12-22T01:44:52.594+0000] {logging_mixin.py:137} INFO - [2022-12-22T01:44:52.594+0000] {dag.py:3427} INFO - Setting next_dagrun for latest_only to 2022-12-21T21:44:52.593748+00:00, run_after=2022-12-22T01:44:52.593748+00:00
[2022-12-22T01:44:52.616+0000] {processor.py:175} INFO - Processing /home/airflow/.local/lib/python3.7/site-packages/airflow/example_dags/example_latest_only.py took 0.290 seconds
[2022-12-22T01:45:22.724+0000] {processor.py:153} INFO - Started process (PID=4723) to work on /home/airflow/.local/lib/python3.7/site-packages/airflow/example_dags/example_latest_only.py
[2022-12-22T01:45:22.725+0000] {processor.py:743} INFO - Processing file /home/airflow/.local/lib/python3.7/site-packages/airflow/example_dags/example_latest_only.py for tasks to queue
[2022-12-22T01:45:22.726+0000] {logging_mixin.py:137} INFO - [2022-12-22T01:45:22.725+0000] {dagbag.py:538} INFO - Filling up the DagBag from /home/airflow/.local/lib/python3.7/site-packages/airflow/example_dags/example_latest_only.py
[2022-12-22T01:45:22.739+0000] {processor.py:753} INFO - DAG(s) dict_keys(['latest_only']) retrieved from /home/airflow/.local/lib/python3.7/site-packages/airflow/example_dags/example_latest_only.py
[2022-12-22T01:45:22.772+0000] {logging_mixin.py:137} INFO - [2022-12-22T01:45:22.772+0000] {dag.py:2676} INFO - Sync 1 DAGs
[2022-12-22T01:45:22.795+0000] {logging_mixin.py:137} INFO - [2022-12-22T01:45:22.795+0000] {dag.py:3427} INFO - Setting next_dagrun for latest_only to 2022-12-21T21:45:22.795383+00:00, run_after=2022-12-22T01:45:22.795383+00:00
[2022-12-22T01:45:22.811+0000] {processor.py:175} INFO - Processing /home/airflow/.local/lib/python3.7/site-packages/airflow/example_dags/example_latest_only.py took 0.090 seconds
[2022-12-22T01:45:53.027+0000] {processor.py:153} INFO - Started process (PID=4809) to work on /home/airflow/.local/lib/python3.7/site-packages/airflow/example_dags/example_latest_only.py
[2022-12-22T01:45:53.028+0000] {processor.py:743} INFO - Processing file /home/airflow/.local/lib/python3.7/site-packages/airflow/example_dags/example_latest_only.py for tasks to queue
[2022-12-22T01:45:53.028+0000] {logging_mixin.py:137} INFO - [2022-12-22T01:45:53.028+0000] {dagbag.py:538} INFO - Filling up the DagBag from /home/airflow/.local/lib/python3.7/site-packages/airflow/example_dags/example_latest_only.py
[2022-12-22T01:45:53.040+0000] {processor.py:753} INFO - DAG(s) dict_keys(['latest_only']) retrieved from /home/airflow/.local/lib/python3.7/site-packages/airflow/example_dags/example_latest_only.py
[2022-12-22T01:45:53.072+0000] {logging_mixin.py:137} INFO - [2022-12-22T01:45:53.072+0000] {dag.py:2676} INFO - Sync 1 DAGs
[2022-12-22T01:45:53.096+0000] {logging_mixin.py:137} INFO - [2022-12-22T01:45:53.096+0000] {dag.py:3427} INFO - Setting next_dagrun for latest_only to 2022-12-21T21:45:53.096231+00:00, run_after=2022-12-22T01:45:53.096231+00:00
[2022-12-22T01:45:53.114+0000] {processor.py:175} INFO - Processing /home/airflow/.local/lib/python3.7/site-packages/airflow/example_dags/example_latest_only.py took 0.089 seconds
[2022-12-22T01:46:24.192+0000] {processor.py:153} INFO - Started process (PID=4895) to work on /home/airflow/.local/lib/python3.7/site-packages/airflow/example_dags/example_latest_only.py
[2022-12-22T01:46:24.193+0000] {processor.py:743} INFO - Processing file /home/airflow/.local/lib/python3.7/site-packages/airflow/example_dags/example_latest_only.py for tasks to queue
[2022-12-22T01:46:24.193+0000] {logging_mixin.py:137} INFO - [2022-12-22T01:46:24.193+0000] {dagbag.py:538} INFO - Filling up the DagBag from /home/airflow/.local/lib/python3.7/site-packages/airflow/example_dags/example_latest_only.py
[2022-12-22T01:46:24.206+0000] {processor.py:753} INFO - DAG(s) dict_keys(['latest_only']) retrieved from /home/airflow/.local/lib/python3.7/site-packages/airflow/example_dags/example_latest_only.py
[2022-12-22T01:46:24.246+0000] {logging_mixin.py:137} INFO - [2022-12-22T01:46:24.245+0000] {dag.py:2676} INFO - Sync 1 DAGs
[2022-12-22T01:46:24.280+0000] {logging_mixin.py:137} INFO - [2022-12-22T01:46:24.280+0000] {dag.py:3427} INFO - Setting next_dagrun for latest_only to 2022-12-21T21:46:24.280346+00:00, run_after=2022-12-22T01:46:24.280346+00:00
[2022-12-22T01:46:24.300+0000] {processor.py:175} INFO - Processing /home/airflow/.local/lib/python3.7/site-packages/airflow/example_dags/example_latest_only.py took 0.111 seconds
[2022-12-22T01:46:54.993+0000] {processor.py:153} INFO - Started process (PID=5005) to work on /home/airflow/.local/lib/python3.7/site-packages/airflow/example_dags/example_latest_only.py
[2022-12-22T01:46:54.994+0000] {processor.py:743} INFO - Processing file /home/airflow/.local/lib/python3.7/site-packages/airflow/example_dags/example_latest_only.py for tasks to queue
[2022-12-22T01:46:54.994+0000] {logging_mixin.py:137} INFO - [2022-12-22T01:46:54.994+0000] {dagbag.py:538} INFO - Filling up the DagBag from /home/airflow/.local/lib/python3.7/site-packages/airflow/example_dags/example_latest_only.py
[2022-12-22T01:46:55.006+0000] {processor.py:753} INFO - DAG(s) dict_keys(['latest_only']) retrieved from /home/airflow/.local/lib/python3.7/site-packages/airflow/example_dags/example_latest_only.py
[2022-12-22T01:46:55.040+0000] {logging_mixin.py:137} INFO - [2022-12-22T01:46:55.040+0000] {dag.py:2676} INFO - Sync 1 DAGs
[2022-12-22T01:46:55.063+0000] {logging_mixin.py:137} INFO - [2022-12-22T01:46:55.063+0000] {dag.py:3427} INFO - Setting next_dagrun for latest_only to 2022-12-21T21:46:55.063519+00:00, run_after=2022-12-22T01:46:55.063519+00:00
[2022-12-22T01:46:55.080+0000] {processor.py:175} INFO - Processing /home/airflow/.local/lib/python3.7/site-packages/airflow/example_dags/example_latest_only.py took 0.090 seconds
[2022-12-22T01:47:26.048+0000] {processor.py:153} INFO - Started process (PID=5091) to work on /home/airflow/.local/lib/python3.7/site-packages/airflow/example_dags/example_latest_only.py
[2022-12-22T01:47:26.049+0000] {processor.py:743} INFO - Processing file /home/airflow/.local/lib/python3.7/site-packages/airflow/example_dags/example_latest_only.py for tasks to queue
[2022-12-22T01:47:26.049+0000] {logging_mixin.py:137} INFO - [2022-12-22T01:47:26.049+0000] {dagbag.py:538} INFO - Filling up the DagBag from /home/airflow/.local/lib/python3.7/site-packages/airflow/example_dags/example_latest_only.py
[2022-12-22T01:47:26.061+0000] {processor.py:753} INFO - DAG(s) dict_keys(['latest_only']) retrieved from /home/airflow/.local/lib/python3.7/site-packages/airflow/example_dags/example_latest_only.py
[2022-12-22T01:47:26.094+0000] {logging_mixin.py:137} INFO - [2022-12-22T01:47:26.094+0000] {dag.py:2676} INFO - Sync 1 DAGs
[2022-12-22T01:47:26.118+0000] {logging_mixin.py:137} INFO - [2022-12-22T01:47:26.118+0000] {dag.py:3427} INFO - Setting next_dagrun for latest_only to 2022-12-21T21:47:26.118031+00:00, run_after=2022-12-22T01:47:26.118031+00:00
[2022-12-22T01:47:26.135+0000] {processor.py:175} INFO - Processing /home/airflow/.local/lib/python3.7/site-packages/airflow/example_dags/example_latest_only.py took 0.089 seconds
[2022-12-22T01:47:56.943+0000] {processor.py:153} INFO - Started process (PID=5201) to work on /home/airflow/.local/lib/python3.7/site-packages/airflow/example_dags/example_latest_only.py
[2022-12-22T01:47:56.943+0000] {processor.py:743} INFO - Processing file /home/airflow/.local/lib/python3.7/site-packages/airflow/example_dags/example_latest_only.py for tasks to queue
[2022-12-22T01:47:56.944+0000] {logging_mixin.py:137} INFO - [2022-12-22T01:47:56.944+0000] {dagbag.py:538} INFO - Filling up the DagBag from /home/airflow/.local/lib/python3.7/site-packages/airflow/example_dags/example_latest_only.py
[2022-12-22T01:47:56.956+0000] {processor.py:753} INFO - DAG(s) dict_keys(['latest_only']) retrieved from /home/airflow/.local/lib/python3.7/site-packages/airflow/example_dags/example_latest_only.py
[2022-12-22T01:47:56.992+0000] {logging_mixin.py:137} INFO - [2022-12-22T01:47:56.991+0000] {dag.py:2676} INFO - Sync 1 DAGs
[2022-12-22T01:47:57.017+0000] {logging_mixin.py:137} INFO - [2022-12-22T01:47:57.016+0000] {dag.py:3427} INFO - Setting next_dagrun for latest_only to 2022-12-21T21:47:57.016673+00:00, run_after=2022-12-22T01:47:57.016673+00:00
[2022-12-22T01:47:57.037+0000] {processor.py:175} INFO - Processing /home/airflow/.local/lib/python3.7/site-packages/airflow/example_dags/example_latest_only.py took 0.097 seconds
[2022-12-22T01:48:27.931+0000] {processor.py:153} INFO - Started process (PID=5287) to work on /home/airflow/.local/lib/python3.7/site-packages/airflow/example_dags/example_latest_only.py
[2022-12-22T01:48:27.932+0000] {processor.py:743} INFO - Processing file /home/airflow/.local/lib/python3.7/site-packages/airflow/example_dags/example_latest_only.py for tasks to queue
[2022-12-22T01:48:27.933+0000] {logging_mixin.py:137} INFO - [2022-12-22T01:48:27.933+0000] {dagbag.py:538} INFO - Filling up the DagBag from /home/airflow/.local/lib/python3.7/site-packages/airflow/example_dags/example_latest_only.py
[2022-12-22T01:48:27.946+0000] {processor.py:753} INFO - DAG(s) dict_keys(['latest_only']) retrieved from /home/airflow/.local/lib/python3.7/site-packages/airflow/example_dags/example_latest_only.py
[2022-12-22T01:48:28.023+0000] {logging_mixin.py:137} INFO - [2022-12-22T01:48:28.022+0000] {dag.py:2676} INFO - Sync 1 DAGs
[2022-12-22T01:48:28.093+0000] {logging_mixin.py:137} INFO - [2022-12-22T01:48:28.093+0000] {dag.py:3427} INFO - Setting next_dagrun for latest_only to 2022-12-21T21:48:28.092866+00:00, run_after=2022-12-22T01:48:28.092866+00:00
[2022-12-22T01:48:28.112+0000] {processor.py:175} INFO - Processing /home/airflow/.local/lib/python3.7/site-packages/airflow/example_dags/example_latest_only.py took 0.183 seconds
[2022-12-22T01:48:58.726+0000] {processor.py:153} INFO - Started process (PID=5373) to work on /home/airflow/.local/lib/python3.7/site-packages/airflow/example_dags/example_latest_only.py
[2022-12-22T01:48:58.727+0000] {processor.py:743} INFO - Processing file /home/airflow/.local/lib/python3.7/site-packages/airflow/example_dags/example_latest_only.py for tasks to queue
[2022-12-22T01:48:58.727+0000] {logging_mixin.py:137} INFO - [2022-12-22T01:48:58.727+0000] {dagbag.py:538} INFO - Filling up the DagBag from /home/airflow/.local/lib/python3.7/site-packages/airflow/example_dags/example_latest_only.py
[2022-12-22T01:48:58.740+0000] {processor.py:753} INFO - DAG(s) dict_keys(['latest_only']) retrieved from /home/airflow/.local/lib/python3.7/site-packages/airflow/example_dags/example_latest_only.py
[2022-12-22T01:48:58.774+0000] {logging_mixin.py:137} INFO - [2022-12-22T01:48:58.774+0000] {dag.py:2676} INFO - Sync 1 DAGs
[2022-12-22T01:48:58.798+0000] {logging_mixin.py:137} INFO - [2022-12-22T01:48:58.798+0000] {dag.py:3427} INFO - Setting next_dagrun for latest_only to 2022-12-21T21:48:58.798590+00:00, run_after=2022-12-22T01:48:58.798590+00:00
[2022-12-22T01:48:58.816+0000] {processor.py:175} INFO - Processing /home/airflow/.local/lib/python3.7/site-packages/airflow/example_dags/example_latest_only.py took 0.092 seconds
[2022-12-22T01:49:29.029+0000] {processor.py:153} INFO - Started process (PID=5483) to work on /home/airflow/.local/lib/python3.7/site-packages/airflow/example_dags/example_latest_only.py
[2022-12-22T01:49:29.030+0000] {processor.py:743} INFO - Processing file /home/airflow/.local/lib/python3.7/site-packages/airflow/example_dags/example_latest_only.py for tasks to queue
[2022-12-22T01:49:29.031+0000] {logging_mixin.py:137} INFO - [2022-12-22T01:49:29.031+0000] {dagbag.py:538} INFO - Filling up the DagBag from /home/airflow/.local/lib/python3.7/site-packages/airflow/example_dags/example_latest_only.py
[2022-12-22T01:49:29.045+0000] {processor.py:753} INFO - DAG(s) dict_keys(['latest_only']) retrieved from /home/airflow/.local/lib/python3.7/site-packages/airflow/example_dags/example_latest_only.py
[2022-12-22T01:49:29.089+0000] {logging_mixin.py:137} INFO - [2022-12-22T01:49:29.089+0000] {dag.py:2676} INFO - Sync 1 DAGs
[2022-12-22T01:49:29.118+0000] {logging_mixin.py:137} INFO - [2022-12-22T01:49:29.117+0000] {dag.py:3427} INFO - Setting next_dagrun for latest_only to 2022-12-21T21:49:29.117651+00:00, run_after=2022-12-22T01:49:29.117651+00:00
[2022-12-22T01:49:29.138+0000] {processor.py:175} INFO - Processing /home/airflow/.local/lib/python3.7/site-packages/airflow/example_dags/example_latest_only.py took 0.112 seconds
[2022-12-22T01:49:59.465+0000] {processor.py:153} INFO - Started process (PID=5569) to work on /home/airflow/.local/lib/python3.7/site-packages/airflow/example_dags/example_latest_only.py
[2022-12-22T01:49:59.465+0000] {processor.py:743} INFO - Processing file /home/airflow/.local/lib/python3.7/site-packages/airflow/example_dags/example_latest_only.py for tasks to queue
[2022-12-22T01:49:59.466+0000] {logging_mixin.py:137} INFO - [2022-12-22T01:49:59.466+0000] {dagbag.py:538} INFO - Filling up the DagBag from /home/airflow/.local/lib/python3.7/site-packages/airflow/example_dags/example_latest_only.py
[2022-12-22T01:49:59.479+0000] {processor.py:753} INFO - DAG(s) dict_keys(['latest_only']) retrieved from /home/airflow/.local/lib/python3.7/site-packages/airflow/example_dags/example_latest_only.py
[2022-12-22T01:49:59.515+0000] {logging_mixin.py:137} INFO - [2022-12-22T01:49:59.515+0000] {dag.py:2676} INFO - Sync 1 DAGs
[2022-12-22T01:49:59.540+0000] {logging_mixin.py:137} INFO - [2022-12-22T01:49:59.540+0000] {dag.py:3427} INFO - Setting next_dagrun for latest_only to 2022-12-21T21:49:59.539982+00:00, run_after=2022-12-22T01:49:59.539982+00:00
[2022-12-22T01:49:59.559+0000] {processor.py:175} INFO - Processing /home/airflow/.local/lib/python3.7/site-packages/airflow/example_dags/example_latest_only.py took 0.096 seconds
[2022-12-22T01:50:30.305+0000] {processor.py:153} INFO - Started process (PID=5655) to work on /home/airflow/.local/lib/python3.7/site-packages/airflow/example_dags/example_latest_only.py
[2022-12-22T01:50:30.306+0000] {processor.py:743} INFO - Processing file /home/airflow/.local/lib/python3.7/site-packages/airflow/example_dags/example_latest_only.py for tasks to queue
[2022-12-22T01:50:30.306+0000] {logging_mixin.py:137} INFO - [2022-12-22T01:50:30.306+0000] {dagbag.py:538} INFO - Filling up the DagBag from /home/airflow/.local/lib/python3.7/site-packages/airflow/example_dags/example_latest_only.py
[2022-12-22T01:50:30.318+0000] {processor.py:753} INFO - DAG(s) dict_keys(['latest_only']) retrieved from /home/airflow/.local/lib/python3.7/site-packages/airflow/example_dags/example_latest_only.py
[2022-12-22T01:50:30.350+0000] {logging_mixin.py:137} INFO - [2022-12-22T01:50:30.350+0000] {dag.py:2676} INFO - Sync 1 DAGs
[2022-12-22T01:50:30.374+0000] {logging_mixin.py:137} INFO - [2022-12-22T01:50:30.374+0000] {dag.py:3427} INFO - Setting next_dagrun for latest_only to 2022-12-21T21:50:30.374063+00:00, run_after=2022-12-22T01:50:30.374063+00:00
[2022-12-22T01:50:30.390+0000] {processor.py:175} INFO - Processing /home/airflow/.local/lib/python3.7/site-packages/airflow/example_dags/example_latest_only.py took 0.087 seconds
[2022-12-22T01:51:02.181+0000] {processor.py:153} INFO - Started process (PID=5765) to work on /home/airflow/.local/lib/python3.7/site-packages/airflow/example_dags/example_latest_only.py
[2022-12-22T01:51:02.182+0000] {processor.py:743} INFO - Processing file /home/airflow/.local/lib/python3.7/site-packages/airflow/example_dags/example_latest_only.py for tasks to queue
[2022-12-22T01:51:02.183+0000] {logging_mixin.py:137} INFO - [2022-12-22T01:51:02.183+0000] {dagbag.py:538} INFO - Filling up the DagBag from /home/airflow/.local/lib/python3.7/site-packages/airflow/example_dags/example_latest_only.py
[2022-12-22T01:51:02.198+0000] {processor.py:753} INFO - DAG(s) dict_keys(['latest_only']) retrieved from /home/airflow/.local/lib/python3.7/site-packages/airflow/example_dags/example_latest_only.py
[2022-12-22T01:51:02.238+0000] {logging_mixin.py:137} INFO - [2022-12-22T01:51:02.237+0000] {dag.py:2676} INFO - Sync 1 DAGs
[2022-12-22T01:51:02.263+0000] {logging_mixin.py:137} INFO - [2022-12-22T01:51:02.263+0000] {dag.py:3427} INFO - Setting next_dagrun for latest_only to 2022-12-21T21:51:02.263574+00:00, run_after=2022-12-22T01:51:02.263574+00:00
[2022-12-22T01:51:02.290+0000] {processor.py:175} INFO - Processing /home/airflow/.local/lib/python3.7/site-packages/airflow/example_dags/example_latest_only.py took 0.111 seconds
