[2022-12-22T01:20:25.910+0000] {processor.py:153} INFO - Started process (PID=136) to work on /home/airflow/.local/lib/python3.7/site-packages/airflow/example_dags/example_task_group.py
[2022-12-22T01:20:25.911+0000] {processor.py:743} INFO - Processing file /home/airflow/.local/lib/python3.7/site-packages/airflow/example_dags/example_task_group.py for tasks to queue
[2022-12-22T01:20:25.912+0000] {logging_mixin.py:137} INFO - [2022-12-22T01:20:25.912+0000] {dagbag.py:538} INFO - Filling up the DagBag from /home/airflow/.local/lib/python3.7/site-packages/airflow/example_dags/example_task_group.py
[2022-12-22T01:20:26.006+0000] {processor.py:753} INFO - DAG(s) dict_keys(['example_task_group']) retrieved from /home/airflow/.local/lib/python3.7/site-packages/airflow/example_dags/example_task_group.py
[2022-12-22T01:20:26.195+0000] {logging_mixin.py:137} INFO - [2022-12-22T01:20:26.195+0000] {dag.py:2676} INFO - Sync 1 DAGs
[2022-12-22T01:20:26.311+0000] {logging_mixin.py:137} INFO - [2022-12-22T01:20:26.311+0000] {dag.py:3427} INFO - Setting next_dagrun for example_task_group to 2022-12-21T01:20:26.310727+00:00, run_after=2022-12-22T01:20:26.310727+00:00
[2022-12-22T01:20:26.489+0000] {processor.py:175} INFO - Processing /home/airflow/.local/lib/python3.7/site-packages/airflow/example_dags/example_task_group.py took 0.582 seconds
[2022-12-22T01:20:56.605+0000] {processor.py:153} INFO - Started process (PID=222) to work on /home/airflow/.local/lib/python3.7/site-packages/airflow/example_dags/example_task_group.py
[2022-12-22T01:20:56.606+0000] {processor.py:743} INFO - Processing file /home/airflow/.local/lib/python3.7/site-packages/airflow/example_dags/example_task_group.py for tasks to queue
[2022-12-22T01:20:56.606+0000] {logging_mixin.py:137} INFO - [2022-12-22T01:20:56.606+0000] {dagbag.py:538} INFO - Filling up the DagBag from /home/airflow/.local/lib/python3.7/site-packages/airflow/example_dags/example_task_group.py
[2022-12-22T01:20:56.620+0000] {processor.py:753} INFO - DAG(s) dict_keys(['example_task_group']) retrieved from /home/airflow/.local/lib/python3.7/site-packages/airflow/example_dags/example_task_group.py
[2022-12-22T01:20:56.653+0000] {logging_mixin.py:137} INFO - [2022-12-22T01:20:56.652+0000] {dag.py:2676} INFO - Sync 1 DAGs
[2022-12-22T01:20:56.675+0000] {logging_mixin.py:137} INFO - [2022-12-22T01:20:56.675+0000] {dag.py:3427} INFO - Setting next_dagrun for example_task_group to 2022-12-21T01:20:56.675266+00:00, run_after=2022-12-22T01:20:56.675266+00:00
[2022-12-22T01:20:56.691+0000] {processor.py:175} INFO - Processing /home/airflow/.local/lib/python3.7/site-packages/airflow/example_dags/example_task_group.py took 0.089 seconds
[2022-12-22T01:21:26.771+0000] {processor.py:153} INFO - Started process (PID=308) to work on /home/airflow/.local/lib/python3.7/site-packages/airflow/example_dags/example_task_group.py
[2022-12-22T01:21:26.771+0000] {processor.py:743} INFO - Processing file /home/airflow/.local/lib/python3.7/site-packages/airflow/example_dags/example_task_group.py for tasks to queue
[2022-12-22T01:21:26.772+0000] {logging_mixin.py:137} INFO - [2022-12-22T01:21:26.772+0000] {dagbag.py:538} INFO - Filling up the DagBag from /home/airflow/.local/lib/python3.7/site-packages/airflow/example_dags/example_task_group.py
[2022-12-22T01:21:26.787+0000] {processor.py:753} INFO - DAG(s) dict_keys(['example_task_group']) retrieved from /home/airflow/.local/lib/python3.7/site-packages/airflow/example_dags/example_task_group.py
[2022-12-22T01:21:26.823+0000] {logging_mixin.py:137} INFO - [2022-12-22T01:21:26.823+0000] {dag.py:2676} INFO - Sync 1 DAGs
[2022-12-22T01:21:26.848+0000] {logging_mixin.py:137} INFO - [2022-12-22T01:21:26.848+0000] {dag.py:3427} INFO - Setting next_dagrun for example_task_group to 2022-12-21T01:21:26.848137+00:00, run_after=2022-12-22T01:21:26.848137+00:00
[2022-12-22T01:21:26.867+0000] {processor.py:175} INFO - Processing /home/airflow/.local/lib/python3.7/site-packages/airflow/example_dags/example_task_group.py took 0.099 seconds
[2022-12-22T01:21:57.171+0000] {processor.py:153} INFO - Started process (PID=418) to work on /home/airflow/.local/lib/python3.7/site-packages/airflow/example_dags/example_task_group.py
[2022-12-22T01:21:57.172+0000] {processor.py:743} INFO - Processing file /home/airflow/.local/lib/python3.7/site-packages/airflow/example_dags/example_task_group.py for tasks to queue
[2022-12-22T01:21:57.172+0000] {logging_mixin.py:137} INFO - [2022-12-22T01:21:57.172+0000] {dagbag.py:538} INFO - Filling up the DagBag from /home/airflow/.local/lib/python3.7/site-packages/airflow/example_dags/example_task_group.py
[2022-12-22T01:21:57.188+0000] {processor.py:753} INFO - DAG(s) dict_keys(['example_task_group']) retrieved from /home/airflow/.local/lib/python3.7/site-packages/airflow/example_dags/example_task_group.py
[2022-12-22T01:21:57.228+0000] {logging_mixin.py:137} INFO - [2022-12-22T01:21:57.228+0000] {dag.py:2676} INFO - Sync 1 DAGs
[2022-12-22T01:21:57.251+0000] {logging_mixin.py:137} INFO - [2022-12-22T01:21:57.251+0000] {dag.py:3427} INFO - Setting next_dagrun for example_task_group to 2022-12-21T01:21:57.251293+00:00, run_after=2022-12-22T01:21:57.251293+00:00
[2022-12-22T01:21:57.267+0000] {processor.py:175} INFO - Processing /home/airflow/.local/lib/python3.7/site-packages/airflow/example_dags/example_task_group.py took 0.099 seconds
[2022-12-22T01:22:27.500+0000] {processor.py:153} INFO - Started process (PID=504) to work on /home/airflow/.local/lib/python3.7/site-packages/airflow/example_dags/example_task_group.py
[2022-12-22T01:22:27.501+0000] {processor.py:743} INFO - Processing file /home/airflow/.local/lib/python3.7/site-packages/airflow/example_dags/example_task_group.py for tasks to queue
[2022-12-22T01:22:27.502+0000] {logging_mixin.py:137} INFO - [2022-12-22T01:22:27.501+0000] {dagbag.py:538} INFO - Filling up the DagBag from /home/airflow/.local/lib/python3.7/site-packages/airflow/example_dags/example_task_group.py
[2022-12-22T01:22:27.515+0000] {processor.py:753} INFO - DAG(s) dict_keys(['example_task_group']) retrieved from /home/airflow/.local/lib/python3.7/site-packages/airflow/example_dags/example_task_group.py
[2022-12-22T01:22:27.548+0000] {logging_mixin.py:137} INFO - [2022-12-22T01:22:27.548+0000] {dag.py:2676} INFO - Sync 1 DAGs
[2022-12-22T01:22:27.573+0000] {logging_mixin.py:137} INFO - [2022-12-22T01:22:27.572+0000] {dag.py:3427} INFO - Setting next_dagrun for example_task_group to 2022-12-21T01:22:27.572731+00:00, run_after=2022-12-22T01:22:27.572731+00:00
[2022-12-22T01:22:27.589+0000] {processor.py:175} INFO - Processing /home/airflow/.local/lib/python3.7/site-packages/airflow/example_dags/example_task_group.py took 0.092 seconds
[2022-12-22T01:22:57.743+0000] {processor.py:153} INFO - Started process (PID=597) to work on /home/airflow/.local/lib/python3.7/site-packages/airflow/example_dags/example_task_group.py
[2022-12-22T01:22:57.787+0000] {processor.py:743} INFO - Processing file /home/airflow/.local/lib/python3.7/site-packages/airflow/example_dags/example_task_group.py for tasks to queue
[2022-12-22T01:22:57.787+0000] {logging_mixin.py:137} INFO - [2022-12-22T01:22:57.787+0000] {dagbag.py:538} INFO - Filling up the DagBag from /home/airflow/.local/lib/python3.7/site-packages/airflow/example_dags/example_task_group.py
[2022-12-22T01:22:57.807+0000] {processor.py:753} INFO - DAG(s) dict_keys(['example_task_group']) retrieved from /home/airflow/.local/lib/python3.7/site-packages/airflow/example_dags/example_task_group.py
[2022-12-22T01:22:57.920+0000] {logging_mixin.py:137} INFO - [2022-12-22T01:22:57.920+0000] {dag.py:2676} INFO - Sync 1 DAGs
[2022-12-22T01:22:57.945+0000] {logging_mixin.py:137} INFO - [2022-12-22T01:22:57.945+0000] {dag.py:3427} INFO - Setting next_dagrun for example_task_group to 2022-12-21T01:22:57.945303+00:00, run_after=2022-12-22T01:22:57.945303+00:00
[2022-12-22T01:22:57.962+0000] {processor.py:175} INFO - Processing /home/airflow/.local/lib/python3.7/site-packages/airflow/example_dags/example_task_group.py took 0.222 seconds
[2022-12-22T01:23:28.095+0000] {processor.py:153} INFO - Started process (PID=700) to work on /home/airflow/.local/lib/python3.7/site-packages/airflow/example_dags/example_task_group.py
[2022-12-22T01:23:28.096+0000] {processor.py:743} INFO - Processing file /home/airflow/.local/lib/python3.7/site-packages/airflow/example_dags/example_task_group.py for tasks to queue
[2022-12-22T01:23:28.097+0000] {logging_mixin.py:137} INFO - [2022-12-22T01:23:28.097+0000] {dagbag.py:538} INFO - Filling up the DagBag from /home/airflow/.local/lib/python3.7/site-packages/airflow/example_dags/example_task_group.py
[2022-12-22T01:23:28.111+0000] {processor.py:753} INFO - DAG(s) dict_keys(['example_task_group']) retrieved from /home/airflow/.local/lib/python3.7/site-packages/airflow/example_dags/example_task_group.py
[2022-12-22T01:23:28.161+0000] {logging_mixin.py:137} INFO - [2022-12-22T01:23:28.161+0000] {dag.py:2676} INFO - Sync 1 DAGs
[2022-12-22T01:23:28.184+0000] {logging_mixin.py:137} INFO - [2022-12-22T01:23:28.184+0000] {dag.py:3427} INFO - Setting next_dagrun for example_task_group to 2022-12-21T01:23:28.184248+00:00, run_after=2022-12-22T01:23:28.184248+00:00
[2022-12-22T01:23:28.201+0000] {processor.py:175} INFO - Processing /home/airflow/.local/lib/python3.7/site-packages/airflow/example_dags/example_task_group.py took 0.108 seconds
[2022-12-22T01:23:58.241+0000] {processor.py:153} INFO - Started process (PID=786) to work on /home/airflow/.local/lib/python3.7/site-packages/airflow/example_dags/example_task_group.py
[2022-12-22T01:23:58.242+0000] {processor.py:743} INFO - Processing file /home/airflow/.local/lib/python3.7/site-packages/airflow/example_dags/example_task_group.py for tasks to queue
[2022-12-22T01:23:58.243+0000] {logging_mixin.py:137} INFO - [2022-12-22T01:23:58.243+0000] {dagbag.py:538} INFO - Filling up the DagBag from /home/airflow/.local/lib/python3.7/site-packages/airflow/example_dags/example_task_group.py
[2022-12-22T01:23:58.263+0000] {processor.py:753} INFO - DAG(s) dict_keys(['example_task_group']) retrieved from /home/airflow/.local/lib/python3.7/site-packages/airflow/example_dags/example_task_group.py
[2022-12-22T01:23:58.313+0000] {logging_mixin.py:137} INFO - [2022-12-22T01:23:58.313+0000] {dag.py:2676} INFO - Sync 1 DAGs
[2022-12-22T01:23:58.345+0000] {logging_mixin.py:137} INFO - [2022-12-22T01:23:58.345+0000] {dag.py:3427} INFO - Setting next_dagrun for example_task_group to 2022-12-21T01:23:58.344788+00:00, run_after=2022-12-22T01:23:58.344788+00:00
[2022-12-22T01:23:58.364+0000] {processor.py:175} INFO - Processing /home/airflow/.local/lib/python3.7/site-packages/airflow/example_dags/example_task_group.py took 0.126 seconds
[2022-12-22T01:24:28.917+0000] {processor.py:153} INFO - Started process (PID=896) to work on /home/airflow/.local/lib/python3.7/site-packages/airflow/example_dags/example_task_group.py
[2022-12-22T01:24:28.918+0000] {processor.py:743} INFO - Processing file /home/airflow/.local/lib/python3.7/site-packages/airflow/example_dags/example_task_group.py for tasks to queue
[2022-12-22T01:24:28.918+0000] {logging_mixin.py:137} INFO - [2022-12-22T01:24:28.918+0000] {dagbag.py:538} INFO - Filling up the DagBag from /home/airflow/.local/lib/python3.7/site-packages/airflow/example_dags/example_task_group.py
[2022-12-22T01:24:28.933+0000] {processor.py:753} INFO - DAG(s) dict_keys(['example_task_group']) retrieved from /home/airflow/.local/lib/python3.7/site-packages/airflow/example_dags/example_task_group.py
[2022-12-22T01:24:28.969+0000] {logging_mixin.py:137} INFO - [2022-12-22T01:24:28.969+0000] {dag.py:2676} INFO - Sync 1 DAGs
[2022-12-22T01:24:28.996+0000] {logging_mixin.py:137} INFO - [2022-12-22T01:24:28.996+0000] {dag.py:3427} INFO - Setting next_dagrun for example_task_group to 2022-12-21T01:24:28.996573+00:00, run_after=2022-12-22T01:24:28.996573+00:00
[2022-12-22T01:24:29.020+0000] {processor.py:175} INFO - Processing /home/airflow/.local/lib/python3.7/site-packages/airflow/example_dags/example_task_group.py took 0.105 seconds
[2022-12-22T01:24:59.345+0000] {processor.py:153} INFO - Started process (PID=982) to work on /home/airflow/.local/lib/python3.7/site-packages/airflow/example_dags/example_task_group.py
[2022-12-22T01:24:59.346+0000] {processor.py:743} INFO - Processing file /home/airflow/.local/lib/python3.7/site-packages/airflow/example_dags/example_task_group.py for tasks to queue
[2022-12-22T01:24:59.346+0000] {logging_mixin.py:137} INFO - [2022-12-22T01:24:59.346+0000] {dagbag.py:538} INFO - Filling up the DagBag from /home/airflow/.local/lib/python3.7/site-packages/airflow/example_dags/example_task_group.py
[2022-12-22T01:24:59.360+0000] {processor.py:753} INFO - DAG(s) dict_keys(['example_task_group']) retrieved from /home/airflow/.local/lib/python3.7/site-packages/airflow/example_dags/example_task_group.py
[2022-12-22T01:24:59.393+0000] {logging_mixin.py:137} INFO - [2022-12-22T01:24:59.393+0000] {dag.py:2676} INFO - Sync 1 DAGs
[2022-12-22T01:24:59.416+0000] {logging_mixin.py:137} INFO - [2022-12-22T01:24:59.416+0000] {dag.py:3427} INFO - Setting next_dagrun for example_task_group to 2022-12-21T01:24:59.415918+00:00, run_after=2022-12-22T01:24:59.415918+00:00
[2022-12-22T01:24:59.433+0000] {processor.py:175} INFO - Processing /home/airflow/.local/lib/python3.7/site-packages/airflow/example_dags/example_task_group.py took 0.090 seconds
[2022-12-22T01:25:30.365+0000] {processor.py:153} INFO - Started process (PID=1068) to work on /home/airflow/.local/lib/python3.7/site-packages/airflow/example_dags/example_task_group.py
[2022-12-22T01:25:30.366+0000] {processor.py:743} INFO - Processing file /home/airflow/.local/lib/python3.7/site-packages/airflow/example_dags/example_task_group.py for tasks to queue
[2022-12-22T01:25:30.366+0000] {logging_mixin.py:137} INFO - [2022-12-22T01:25:30.366+0000] {dagbag.py:538} INFO - Filling up the DagBag from /home/airflow/.local/lib/python3.7/site-packages/airflow/example_dags/example_task_group.py
[2022-12-22T01:25:30.382+0000] {processor.py:753} INFO - DAG(s) dict_keys(['example_task_group']) retrieved from /home/airflow/.local/lib/python3.7/site-packages/airflow/example_dags/example_task_group.py
[2022-12-22T01:25:30.415+0000] {logging_mixin.py:137} INFO - [2022-12-22T01:25:30.415+0000] {dag.py:2676} INFO - Sync 1 DAGs
[2022-12-22T01:25:30.439+0000] {logging_mixin.py:137} INFO - [2022-12-22T01:25:30.439+0000] {dag.py:3427} INFO - Setting next_dagrun for example_task_group to 2022-12-21T01:25:30.438938+00:00, run_after=2022-12-22T01:25:30.438938+00:00
[2022-12-22T01:25:30.456+0000] {processor.py:175} INFO - Processing /home/airflow/.local/lib/python3.7/site-packages/airflow/example_dags/example_task_group.py took 0.094 seconds
[2022-12-22T01:26:00.784+0000] {processor.py:153} INFO - Started process (PID=1178) to work on /home/airflow/.local/lib/python3.7/site-packages/airflow/example_dags/example_task_group.py
[2022-12-22T01:26:00.784+0000] {processor.py:743} INFO - Processing file /home/airflow/.local/lib/python3.7/site-packages/airflow/example_dags/example_task_group.py for tasks to queue
[2022-12-22T01:26:00.785+0000] {logging_mixin.py:137} INFO - [2022-12-22T01:26:00.785+0000] {dagbag.py:538} INFO - Filling up the DagBag from /home/airflow/.local/lib/python3.7/site-packages/airflow/example_dags/example_task_group.py
[2022-12-22T01:26:00.799+0000] {processor.py:753} INFO - DAG(s) dict_keys(['example_task_group']) retrieved from /home/airflow/.local/lib/python3.7/site-packages/airflow/example_dags/example_task_group.py
[2022-12-22T01:26:00.830+0000] {logging_mixin.py:137} INFO - [2022-12-22T01:26:00.830+0000] {dag.py:2676} INFO - Sync 1 DAGs
[2022-12-22T01:26:00.854+0000] {logging_mixin.py:137} INFO - [2022-12-22T01:26:00.854+0000] {dag.py:3427} INFO - Setting next_dagrun for example_task_group to 2022-12-21T01:26:00.854037+00:00, run_after=2022-12-22T01:26:00.854037+00:00
[2022-12-22T01:26:00.870+0000] {processor.py:175} INFO - Processing /home/airflow/.local/lib/python3.7/site-packages/airflow/example_dags/example_task_group.py took 0.088 seconds
[2022-12-22T01:26:31.991+0000] {processor.py:153} INFO - Started process (PID=1263) to work on /home/airflow/.local/lib/python3.7/site-packages/airflow/example_dags/example_task_group.py
[2022-12-22T01:26:31.992+0000] {processor.py:743} INFO - Processing file /home/airflow/.local/lib/python3.7/site-packages/airflow/example_dags/example_task_group.py for tasks to queue
[2022-12-22T01:26:31.993+0000] {logging_mixin.py:137} INFO - [2022-12-22T01:26:31.993+0000] {dagbag.py:538} INFO - Filling up the DagBag from /home/airflow/.local/lib/python3.7/site-packages/airflow/example_dags/example_task_group.py
[2022-12-22T01:26:32.012+0000] {processor.py:753} INFO - DAG(s) dict_keys(['example_task_group']) retrieved from /home/airflow/.local/lib/python3.7/site-packages/airflow/example_dags/example_task_group.py
[2022-12-22T01:26:32.099+0000] {logging_mixin.py:137} INFO - [2022-12-22T01:26:32.099+0000] {dag.py:2676} INFO - Sync 1 DAGs
[2022-12-22T01:26:32.134+0000] {logging_mixin.py:137} INFO - [2022-12-22T01:26:32.133+0000] {dag.py:3427} INFO - Setting next_dagrun for example_task_group to 2022-12-21T01:26:32.133587+00:00, run_after=2022-12-22T01:26:32.133587+00:00
[2022-12-22T01:26:32.197+0000] {processor.py:175} INFO - Processing /home/airflow/.local/lib/python3.7/site-packages/airflow/example_dags/example_task_group.py took 0.249 seconds
[2022-12-22T01:27:03.152+0000] {processor.py:153} INFO - Started process (PID=1358) to work on /home/airflow/.local/lib/python3.7/site-packages/airflow/example_dags/example_task_group.py
[2022-12-22T01:27:03.153+0000] {processor.py:743} INFO - Processing file /home/airflow/.local/lib/python3.7/site-packages/airflow/example_dags/example_task_group.py for tasks to queue
[2022-12-22T01:27:03.153+0000] {logging_mixin.py:137} INFO - [2022-12-22T01:27:03.153+0000] {dagbag.py:538} INFO - Filling up the DagBag from /home/airflow/.local/lib/python3.7/site-packages/airflow/example_dags/example_task_group.py
[2022-12-22T01:27:03.168+0000] {processor.py:753} INFO - DAG(s) dict_keys(['example_task_group']) retrieved from /home/airflow/.local/lib/python3.7/site-packages/airflow/example_dags/example_task_group.py
[2022-12-22T01:27:03.207+0000] {logging_mixin.py:137} INFO - [2022-12-22T01:27:03.207+0000] {dag.py:2676} INFO - Sync 1 DAGs
[2022-12-22T01:27:03.234+0000] {logging_mixin.py:137} INFO - [2022-12-22T01:27:03.233+0000] {dag.py:3427} INFO - Setting next_dagrun for example_task_group to 2022-12-21T01:27:03.233577+00:00, run_after=2022-12-22T01:27:03.233577+00:00
[2022-12-22T01:27:03.255+0000] {processor.py:175} INFO - Processing /home/airflow/.local/lib/python3.7/site-packages/airflow/example_dags/example_task_group.py took 0.106 seconds
[2022-12-22T01:27:33.963+0000] {processor.py:153} INFO - Started process (PID=1459) to work on /home/airflow/.local/lib/python3.7/site-packages/airflow/example_dags/example_task_group.py
[2022-12-22T01:27:33.964+0000] {processor.py:743} INFO - Processing file /home/airflow/.local/lib/python3.7/site-packages/airflow/example_dags/example_task_group.py for tasks to queue
[2022-12-22T01:27:33.964+0000] {logging_mixin.py:137} INFO - [2022-12-22T01:27:33.964+0000] {dagbag.py:538} INFO - Filling up the DagBag from /home/airflow/.local/lib/python3.7/site-packages/airflow/example_dags/example_task_group.py
[2022-12-22T01:27:33.979+0000] {processor.py:753} INFO - DAG(s) dict_keys(['example_task_group']) retrieved from /home/airflow/.local/lib/python3.7/site-packages/airflow/example_dags/example_task_group.py
[2022-12-22T01:27:34.027+0000] {logging_mixin.py:137} INFO - [2022-12-22T01:27:34.027+0000] {dag.py:2676} INFO - Sync 1 DAGs
[2022-12-22T01:27:34.050+0000] {logging_mixin.py:137} INFO - [2022-12-22T01:27:34.050+0000] {dag.py:3427} INFO - Setting next_dagrun for example_task_group to 2022-12-21T01:27:34.050200+00:00, run_after=2022-12-22T01:27:34.050200+00:00
[2022-12-22T01:27:34.066+0000] {processor.py:175} INFO - Processing /home/airflow/.local/lib/python3.7/site-packages/airflow/example_dags/example_task_group.py took 0.105 seconds
[2022-12-22T01:28:04.096+0000] {processor.py:153} INFO - Started process (PID=1545) to work on /home/airflow/.local/lib/python3.7/site-packages/airflow/example_dags/example_task_group.py
[2022-12-22T01:28:04.097+0000] {processor.py:743} INFO - Processing file /home/airflow/.local/lib/python3.7/site-packages/airflow/example_dags/example_task_group.py for tasks to queue
[2022-12-22T01:28:04.097+0000] {logging_mixin.py:137} INFO - [2022-12-22T01:28:04.097+0000] {dagbag.py:538} INFO - Filling up the DagBag from /home/airflow/.local/lib/python3.7/site-packages/airflow/example_dags/example_task_group.py
[2022-12-22T01:28:04.111+0000] {processor.py:753} INFO - DAG(s) dict_keys(['example_task_group']) retrieved from /home/airflow/.local/lib/python3.7/site-packages/airflow/example_dags/example_task_group.py
[2022-12-22T01:28:04.147+0000] {logging_mixin.py:137} INFO - [2022-12-22T01:28:04.147+0000] {dag.py:2676} INFO - Sync 1 DAGs
[2022-12-22T01:28:04.172+0000] {logging_mixin.py:137} INFO - [2022-12-22T01:28:04.172+0000] {dag.py:3427} INFO - Setting next_dagrun for example_task_group to 2022-12-21T01:28:04.172323+00:00, run_after=2022-12-22T01:28:04.172323+00:00
[2022-12-22T01:28:04.190+0000] {processor.py:175} INFO - Processing /home/airflow/.local/lib/python3.7/site-packages/airflow/example_dags/example_task_group.py took 0.096 seconds
[2022-12-22T01:28:34.778+0000] {processor.py:153} INFO - Started process (PID=1655) to work on /home/airflow/.local/lib/python3.7/site-packages/airflow/example_dags/example_task_group.py
[2022-12-22T01:28:34.779+0000] {processor.py:743} INFO - Processing file /home/airflow/.local/lib/python3.7/site-packages/airflow/example_dags/example_task_group.py for tasks to queue
[2022-12-22T01:28:34.780+0000] {logging_mixin.py:137} INFO - [2022-12-22T01:28:34.780+0000] {dagbag.py:538} INFO - Filling up the DagBag from /home/airflow/.local/lib/python3.7/site-packages/airflow/example_dags/example_task_group.py
[2022-12-22T01:28:34.796+0000] {processor.py:753} INFO - DAG(s) dict_keys(['example_task_group']) retrieved from /home/airflow/.local/lib/python3.7/site-packages/airflow/example_dags/example_task_group.py
[2022-12-22T01:28:34.832+0000] {logging_mixin.py:137} INFO - [2022-12-22T01:28:34.832+0000] {dag.py:2676} INFO - Sync 1 DAGs
[2022-12-22T01:28:34.859+0000] {logging_mixin.py:137} INFO - [2022-12-22T01:28:34.858+0000] {dag.py:3427} INFO - Setting next_dagrun for example_task_group to 2022-12-21T01:28:34.858670+00:00, run_after=2022-12-22T01:28:34.858670+00:00
[2022-12-22T01:28:34.876+0000] {processor.py:175} INFO - Processing /home/airflow/.local/lib/python3.7/site-packages/airflow/example_dags/example_task_group.py took 0.100 seconds
[2022-12-22T01:29:05.126+0000] {processor.py:153} INFO - Started process (PID=1741) to work on /home/airflow/.local/lib/python3.7/site-packages/airflow/example_dags/example_task_group.py
[2022-12-22T01:29:05.127+0000] {processor.py:743} INFO - Processing file /home/airflow/.local/lib/python3.7/site-packages/airflow/example_dags/example_task_group.py for tasks to queue
[2022-12-22T01:29:05.128+0000] {logging_mixin.py:137} INFO - [2022-12-22T01:29:05.128+0000] {dagbag.py:538} INFO - Filling up the DagBag from /home/airflow/.local/lib/python3.7/site-packages/airflow/example_dags/example_task_group.py
[2022-12-22T01:29:05.144+0000] {processor.py:753} INFO - DAG(s) dict_keys(['example_task_group']) retrieved from /home/airflow/.local/lib/python3.7/site-packages/airflow/example_dags/example_task_group.py
[2022-12-22T01:29:05.178+0000] {logging_mixin.py:137} INFO - [2022-12-22T01:29:05.178+0000] {dag.py:2676} INFO - Sync 1 DAGs
[2022-12-22T01:29:05.200+0000] {logging_mixin.py:137} INFO - [2022-12-22T01:29:05.200+0000] {dag.py:3427} INFO - Setting next_dagrun for example_task_group to 2022-12-21T01:29:05.200011+00:00, run_after=2022-12-22T01:29:05.200011+00:00
[2022-12-22T01:29:05.216+0000] {processor.py:175} INFO - Processing /home/airflow/.local/lib/python3.7/site-packages/airflow/example_dags/example_task_group.py took 0.093 seconds
[2022-12-22T01:29:35.431+0000] {processor.py:153} INFO - Started process (PID=1828) to work on /home/airflow/.local/lib/python3.7/site-packages/airflow/example_dags/example_task_group.py
[2022-12-22T01:29:35.432+0000] {processor.py:743} INFO - Processing file /home/airflow/.local/lib/python3.7/site-packages/airflow/example_dags/example_task_group.py for tasks to queue
[2022-12-22T01:29:35.432+0000] {logging_mixin.py:137} INFO - [2022-12-22T01:29:35.432+0000] {dagbag.py:538} INFO - Filling up the DagBag from /home/airflow/.local/lib/python3.7/site-packages/airflow/example_dags/example_task_group.py
[2022-12-22T01:29:35.447+0000] {processor.py:753} INFO - DAG(s) dict_keys(['example_task_group']) retrieved from /home/airflow/.local/lib/python3.7/site-packages/airflow/example_dags/example_task_group.py
[2022-12-22T01:29:35.480+0000] {logging_mixin.py:137} INFO - [2022-12-22T01:29:35.480+0000] {dag.py:2676} INFO - Sync 1 DAGs
[2022-12-22T01:29:35.518+0000] {logging_mixin.py:137} INFO - [2022-12-22T01:29:35.518+0000] {dag.py:3427} INFO - Setting next_dagrun for example_task_group to 2022-12-21T01:29:35.518028+00:00, run_after=2022-12-22T01:29:35.518028+00:00
[2022-12-22T01:29:35.539+0000] {processor.py:175} INFO - Processing /home/airflow/.local/lib/python3.7/site-packages/airflow/example_dags/example_task_group.py took 0.111 seconds
[2022-12-22T01:30:06.371+0000] {processor.py:153} INFO - Started process (PID=1923) to work on /home/airflow/.local/lib/python3.7/site-packages/airflow/example_dags/example_task_group.py
[2022-12-22T01:30:06.372+0000] {processor.py:743} INFO - Processing file /home/airflow/.local/lib/python3.7/site-packages/airflow/example_dags/example_task_group.py for tasks to queue
[2022-12-22T01:30:06.372+0000] {logging_mixin.py:137} INFO - [2022-12-22T01:30:06.372+0000] {dagbag.py:538} INFO - Filling up the DagBag from /home/airflow/.local/lib/python3.7/site-packages/airflow/example_dags/example_task_group.py
[2022-12-22T01:30:06.387+0000] {processor.py:753} INFO - DAG(s) dict_keys(['example_task_group']) retrieved from /home/airflow/.local/lib/python3.7/site-packages/airflow/example_dags/example_task_group.py
[2022-12-22T01:30:06.422+0000] {logging_mixin.py:137} INFO - [2022-12-22T01:30:06.422+0000] {dag.py:2676} INFO - Sync 1 DAGs
[2022-12-22T01:30:06.448+0000] {logging_mixin.py:137} INFO - [2022-12-22T01:30:06.448+0000] {dag.py:3427} INFO - Setting next_dagrun for example_task_group to 2022-12-21T01:30:06.447982+00:00, run_after=2022-12-22T01:30:06.447982+00:00
[2022-12-22T01:30:06.465+0000] {processor.py:175} INFO - Processing /home/airflow/.local/lib/python3.7/site-packages/airflow/example_dags/example_task_group.py took 0.096 seconds
[2022-12-22T01:30:37.010+0000] {processor.py:153} INFO - Started process (PID=2025) to work on /home/airflow/.local/lib/python3.7/site-packages/airflow/example_dags/example_task_group.py
[2022-12-22T01:30:37.011+0000] {processor.py:743} INFO - Processing file /home/airflow/.local/lib/python3.7/site-packages/airflow/example_dags/example_task_group.py for tasks to queue
[2022-12-22T01:30:37.011+0000] {logging_mixin.py:137} INFO - [2022-12-22T01:30:37.011+0000] {dagbag.py:538} INFO - Filling up the DagBag from /home/airflow/.local/lib/python3.7/site-packages/airflow/example_dags/example_task_group.py
[2022-12-22T01:30:37.026+0000] {processor.py:753} INFO - DAG(s) dict_keys(['example_task_group']) retrieved from /home/airflow/.local/lib/python3.7/site-packages/airflow/example_dags/example_task_group.py
[2022-12-22T01:30:37.062+0000] {logging_mixin.py:137} INFO - [2022-12-22T01:30:37.062+0000] {dag.py:2676} INFO - Sync 1 DAGs
[2022-12-22T01:30:37.087+0000] {logging_mixin.py:137} INFO - [2022-12-22T01:30:37.087+0000] {dag.py:3427} INFO - Setting next_dagrun for example_task_group to 2022-12-21T01:30:37.087421+00:00, run_after=2022-12-22T01:30:37.087421+00:00
[2022-12-22T01:30:37.109+0000] {processor.py:175} INFO - Processing /home/airflow/.local/lib/python3.7/site-packages/airflow/example_dags/example_task_group.py took 0.102 seconds
[2022-12-22T01:31:07.172+0000] {processor.py:153} INFO - Started process (PID=2111) to work on /home/airflow/.local/lib/python3.7/site-packages/airflow/example_dags/example_task_group.py
[2022-12-22T01:31:07.173+0000] {processor.py:743} INFO - Processing file /home/airflow/.local/lib/python3.7/site-packages/airflow/example_dags/example_task_group.py for tasks to queue
[2022-12-22T01:31:07.173+0000] {logging_mixin.py:137} INFO - [2022-12-22T01:31:07.173+0000] {dagbag.py:538} INFO - Filling up the DagBag from /home/airflow/.local/lib/python3.7/site-packages/airflow/example_dags/example_task_group.py
[2022-12-22T01:31:07.188+0000] {processor.py:753} INFO - DAG(s) dict_keys(['example_task_group']) retrieved from /home/airflow/.local/lib/python3.7/site-packages/airflow/example_dags/example_task_group.py
[2022-12-22T01:31:07.224+0000] {logging_mixin.py:137} INFO - [2022-12-22T01:31:07.224+0000] {dag.py:2676} INFO - Sync 1 DAGs
[2022-12-22T01:31:07.248+0000] {logging_mixin.py:137} INFO - [2022-12-22T01:31:07.248+0000] {dag.py:3427} INFO - Setting next_dagrun for example_task_group to 2022-12-21T01:31:07.248220+00:00, run_after=2022-12-22T01:31:07.248220+00:00
[2022-12-22T01:31:07.265+0000] {processor.py:175} INFO - Processing /home/airflow/.local/lib/python3.7/site-packages/airflow/example_dags/example_task_group.py took 0.096 seconds
[2022-12-22T01:31:37.743+0000] {processor.py:153} INFO - Started process (PID=2221) to work on /home/airflow/.local/lib/python3.7/site-packages/airflow/example_dags/example_task_group.py
[2022-12-22T01:31:37.744+0000] {processor.py:743} INFO - Processing file /home/airflow/.local/lib/python3.7/site-packages/airflow/example_dags/example_task_group.py for tasks to queue
[2022-12-22T01:31:37.744+0000] {logging_mixin.py:137} INFO - [2022-12-22T01:31:37.744+0000] {dagbag.py:538} INFO - Filling up the DagBag from /home/airflow/.local/lib/python3.7/site-packages/airflow/example_dags/example_task_group.py
[2022-12-22T01:31:37.759+0000] {processor.py:753} INFO - DAG(s) dict_keys(['example_task_group']) retrieved from /home/airflow/.local/lib/python3.7/site-packages/airflow/example_dags/example_task_group.py
[2022-12-22T01:31:37.794+0000] {logging_mixin.py:137} INFO - [2022-12-22T01:31:37.794+0000] {dag.py:2676} INFO - Sync 1 DAGs
[2022-12-22T01:31:37.818+0000] {logging_mixin.py:137} INFO - [2022-12-22T01:31:37.818+0000] {dag.py:3427} INFO - Setting next_dagrun for example_task_group to 2022-12-21T01:31:37.818222+00:00, run_after=2022-12-22T01:31:37.818222+00:00
[2022-12-22T01:31:37.836+0000] {processor.py:175} INFO - Processing /home/airflow/.local/lib/python3.7/site-packages/airflow/example_dags/example_task_group.py took 0.096 seconds
[2022-12-22T01:32:08.134+0000] {processor.py:153} INFO - Started process (PID=2307) to work on /home/airflow/.local/lib/python3.7/site-packages/airflow/example_dags/example_task_group.py
[2022-12-22T01:32:08.135+0000] {processor.py:743} INFO - Processing file /home/airflow/.local/lib/python3.7/site-packages/airflow/example_dags/example_task_group.py for tasks to queue
[2022-12-22T01:32:08.135+0000] {logging_mixin.py:137} INFO - [2022-12-22T01:32:08.135+0000] {dagbag.py:538} INFO - Filling up the DagBag from /home/airflow/.local/lib/python3.7/site-packages/airflow/example_dags/example_task_group.py
[2022-12-22T01:32:08.151+0000] {processor.py:753} INFO - DAG(s) dict_keys(['example_task_group']) retrieved from /home/airflow/.local/lib/python3.7/site-packages/airflow/example_dags/example_task_group.py
[2022-12-22T01:32:08.206+0000] {logging_mixin.py:137} INFO - [2022-12-22T01:32:08.205+0000] {dag.py:2676} INFO - Sync 1 DAGs
[2022-12-22T01:32:08.237+0000] {logging_mixin.py:137} INFO - [2022-12-22T01:32:08.237+0000] {dag.py:3427} INFO - Setting next_dagrun for example_task_group to 2022-12-21T01:32:08.237010+00:00, run_after=2022-12-22T01:32:08.237010+00:00
[2022-12-22T01:32:08.255+0000] {processor.py:175} INFO - Processing /home/airflow/.local/lib/python3.7/site-packages/airflow/example_dags/example_task_group.py took 0.124 seconds
[2022-12-22T01:32:38.840+0000] {processor.py:153} INFO - Started process (PID=2393) to work on /home/airflow/.local/lib/python3.7/site-packages/airflow/example_dags/example_task_group.py
[2022-12-22T01:32:38.841+0000] {processor.py:743} INFO - Processing file /home/airflow/.local/lib/python3.7/site-packages/airflow/example_dags/example_task_group.py for tasks to queue
[2022-12-22T01:32:38.842+0000] {logging_mixin.py:137} INFO - [2022-12-22T01:32:38.842+0000] {dagbag.py:538} INFO - Filling up the DagBag from /home/airflow/.local/lib/python3.7/site-packages/airflow/example_dags/example_task_group.py
[2022-12-22T01:32:38.857+0000] {processor.py:753} INFO - DAG(s) dict_keys(['example_task_group']) retrieved from /home/airflow/.local/lib/python3.7/site-packages/airflow/example_dags/example_task_group.py
[2022-12-22T01:32:38.896+0000] {logging_mixin.py:137} INFO - [2022-12-22T01:32:38.895+0000] {dag.py:2676} INFO - Sync 1 DAGs
[2022-12-22T01:32:38.930+0000] {logging_mixin.py:137} INFO - [2022-12-22T01:32:38.930+0000] {dag.py:3427} INFO - Setting next_dagrun for example_task_group to 2022-12-21T01:32:38.930372+00:00, run_after=2022-12-22T01:32:38.930372+00:00
[2022-12-22T01:32:38.951+0000] {processor.py:175} INFO - Processing /home/airflow/.local/lib/python3.7/site-packages/airflow/example_dags/example_task_group.py took 0.113 seconds
[2022-12-22T01:33:13.891+0000] {processor.py:153} INFO - Started process (PID=2479) to work on /home/airflow/.local/lib/python3.7/site-packages/airflow/example_dags/example_task_group.py
[2022-12-22T01:33:13.892+0000] {processor.py:743} INFO - Processing file /home/airflow/.local/lib/python3.7/site-packages/airflow/example_dags/example_task_group.py for tasks to queue
[2022-12-22T01:33:13.893+0000] {logging_mixin.py:137} INFO - [2022-12-22T01:33:13.893+0000] {dagbag.py:538} INFO - Filling up the DagBag from /home/airflow/.local/lib/python3.7/site-packages/airflow/example_dags/example_task_group.py
[2022-12-22T01:33:13.989+0000] {processor.py:753} INFO - DAG(s) dict_keys(['example_task_group']) retrieved from /home/airflow/.local/lib/python3.7/site-packages/airflow/example_dags/example_task_group.py
[2022-12-22T01:33:14.192+0000] {logging_mixin.py:137} INFO - [2022-12-22T01:33:14.191+0000] {dag.py:2676} INFO - Sync 1 DAGs
[2022-12-22T01:33:14.304+0000] {logging_mixin.py:137} INFO - [2022-12-22T01:33:14.304+0000] {dag.py:3427} INFO - Setting next_dagrun for example_task_group to 2022-12-21T01:33:14.303689+00:00, run_after=2022-12-22T01:33:14.303689+00:00
[2022-12-22T01:33:14.404+0000] {processor.py:175} INFO - Processing /home/airflow/.local/lib/python3.7/site-packages/airflow/example_dags/example_task_group.py took 0.516 seconds
[2022-12-22T01:33:44.510+0000] {processor.py:153} INFO - Started process (PID=2565) to work on /home/airflow/.local/lib/python3.7/site-packages/airflow/example_dags/example_task_group.py
[2022-12-22T01:33:44.511+0000] {processor.py:743} INFO - Processing file /home/airflow/.local/lib/python3.7/site-packages/airflow/example_dags/example_task_group.py for tasks to queue
[2022-12-22T01:33:44.512+0000] {logging_mixin.py:137} INFO - [2022-12-22T01:33:44.512+0000] {dagbag.py:538} INFO - Filling up the DagBag from /home/airflow/.local/lib/python3.7/site-packages/airflow/example_dags/example_task_group.py
[2022-12-22T01:33:44.529+0000] {processor.py:753} INFO - DAG(s) dict_keys(['example_task_group']) retrieved from /home/airflow/.local/lib/python3.7/site-packages/airflow/example_dags/example_task_group.py
[2022-12-22T01:33:44.567+0000] {logging_mixin.py:137} INFO - [2022-12-22T01:33:44.567+0000] {dag.py:2676} INFO - Sync 1 DAGs
[2022-12-22T01:33:44.593+0000] {logging_mixin.py:137} INFO - [2022-12-22T01:33:44.593+0000] {dag.py:3427} INFO - Setting next_dagrun for example_task_group to 2022-12-21T01:33:44.593055+00:00, run_after=2022-12-22T01:33:44.593055+00:00
[2022-12-22T01:33:44.612+0000] {processor.py:175} INFO - Processing /home/airflow/.local/lib/python3.7/site-packages/airflow/example_dags/example_task_group.py took 0.104 seconds
[2022-12-22T01:34:15.376+0000] {processor.py:153} INFO - Started process (PID=2651) to work on /home/airflow/.local/lib/python3.7/site-packages/airflow/example_dags/example_task_group.py
[2022-12-22T01:34:15.377+0000] {processor.py:743} INFO - Processing file /home/airflow/.local/lib/python3.7/site-packages/airflow/example_dags/example_task_group.py for tasks to queue
[2022-12-22T01:34:15.378+0000] {logging_mixin.py:137} INFO - [2022-12-22T01:34:15.377+0000] {dagbag.py:538} INFO - Filling up the DagBag from /home/airflow/.local/lib/python3.7/site-packages/airflow/example_dags/example_task_group.py
[2022-12-22T01:34:15.392+0000] {processor.py:753} INFO - DAG(s) dict_keys(['example_task_group']) retrieved from /home/airflow/.local/lib/python3.7/site-packages/airflow/example_dags/example_task_group.py
[2022-12-22T01:34:15.425+0000] {logging_mixin.py:137} INFO - [2022-12-22T01:34:15.425+0000] {dag.py:2676} INFO - Sync 1 DAGs
[2022-12-22T01:34:15.449+0000] {logging_mixin.py:137} INFO - [2022-12-22T01:34:15.449+0000] {dag.py:3427} INFO - Setting next_dagrun for example_task_group to 2022-12-21T01:34:15.449251+00:00, run_after=2022-12-22T01:34:15.449251+00:00
[2022-12-22T01:34:15.467+0000] {processor.py:175} INFO - Processing /home/airflow/.local/lib/python3.7/site-packages/airflow/example_dags/example_task_group.py took 0.093 seconds
[2022-12-22T01:34:46.158+0000] {processor.py:153} INFO - Started process (PID=2761) to work on /home/airflow/.local/lib/python3.7/site-packages/airflow/example_dags/example_task_group.py
[2022-12-22T01:34:46.159+0000] {processor.py:743} INFO - Processing file /home/airflow/.local/lib/python3.7/site-packages/airflow/example_dags/example_task_group.py for tasks to queue
[2022-12-22T01:34:46.159+0000] {logging_mixin.py:137} INFO - [2022-12-22T01:34:46.159+0000] {dagbag.py:538} INFO - Filling up the DagBag from /home/airflow/.local/lib/python3.7/site-packages/airflow/example_dags/example_task_group.py
[2022-12-22T01:34:46.174+0000] {processor.py:753} INFO - DAG(s) dict_keys(['example_task_group']) retrieved from /home/airflow/.local/lib/python3.7/site-packages/airflow/example_dags/example_task_group.py
[2022-12-22T01:34:46.217+0000] {logging_mixin.py:137} INFO - [2022-12-22T01:34:46.217+0000] {dag.py:2676} INFO - Sync 1 DAGs
[2022-12-22T01:34:46.240+0000] {logging_mixin.py:137} INFO - [2022-12-22T01:34:46.240+0000] {dag.py:3427} INFO - Setting next_dagrun for example_task_group to 2022-12-21T01:34:46.240522+00:00, run_after=2022-12-22T01:34:46.240522+00:00
[2022-12-22T01:34:46.257+0000] {processor.py:175} INFO - Processing /home/airflow/.local/lib/python3.7/site-packages/airflow/example_dags/example_task_group.py took 0.101 seconds
[2022-12-22T01:35:16.497+0000] {processor.py:153} INFO - Started process (PID=2848) to work on /home/airflow/.local/lib/python3.7/site-packages/airflow/example_dags/example_task_group.py
[2022-12-22T01:35:16.498+0000] {processor.py:743} INFO - Processing file /home/airflow/.local/lib/python3.7/site-packages/airflow/example_dags/example_task_group.py for tasks to queue
[2022-12-22T01:35:16.499+0000] {logging_mixin.py:137} INFO - [2022-12-22T01:35:16.499+0000] {dagbag.py:538} INFO - Filling up the DagBag from /home/airflow/.local/lib/python3.7/site-packages/airflow/example_dags/example_task_group.py
[2022-12-22T01:35:16.514+0000] {processor.py:753} INFO - DAG(s) dict_keys(['example_task_group']) retrieved from /home/airflow/.local/lib/python3.7/site-packages/airflow/example_dags/example_task_group.py
[2022-12-22T01:35:16.547+0000] {logging_mixin.py:137} INFO - [2022-12-22T01:35:16.547+0000] {dag.py:2676} INFO - Sync 1 DAGs
[2022-12-22T01:35:16.571+0000] {logging_mixin.py:137} INFO - [2022-12-22T01:35:16.571+0000] {dag.py:3427} INFO - Setting next_dagrun for example_task_group to 2022-12-21T01:35:16.570766+00:00, run_after=2022-12-22T01:35:16.570766+00:00
[2022-12-22T01:35:16.588+0000] {processor.py:175} INFO - Processing /home/airflow/.local/lib/python3.7/site-packages/airflow/example_dags/example_task_group.py took 0.093 seconds
[2022-12-22T01:35:46.772+0000] {processor.py:153} INFO - Started process (PID=2934) to work on /home/airflow/.local/lib/python3.7/site-packages/airflow/example_dags/example_task_group.py
[2022-12-22T01:35:46.773+0000] {processor.py:743} INFO - Processing file /home/airflow/.local/lib/python3.7/site-packages/airflow/example_dags/example_task_group.py for tasks to queue
[2022-12-22T01:35:46.774+0000] {logging_mixin.py:137} INFO - [2022-12-22T01:35:46.774+0000] {dagbag.py:538} INFO - Filling up the DagBag from /home/airflow/.local/lib/python3.7/site-packages/airflow/example_dags/example_task_group.py
[2022-12-22T01:35:46.788+0000] {processor.py:753} INFO - DAG(s) dict_keys(['example_task_group']) retrieved from /home/airflow/.local/lib/python3.7/site-packages/airflow/example_dags/example_task_group.py
[2022-12-22T01:35:46.824+0000] {logging_mixin.py:137} INFO - [2022-12-22T01:35:46.824+0000] {dag.py:2676} INFO - Sync 1 DAGs
[2022-12-22T01:35:46.852+0000] {logging_mixin.py:137} INFO - [2022-12-22T01:35:46.852+0000] {dag.py:3427} INFO - Setting next_dagrun for example_task_group to 2022-12-21T01:35:46.852377+00:00, run_after=2022-12-22T01:35:46.852377+00:00
[2022-12-22T01:35:46.872+0000] {processor.py:175} INFO - Processing /home/airflow/.local/lib/python3.7/site-packages/airflow/example_dags/example_task_group.py took 0.102 seconds
[2022-12-22T01:36:17.475+0000] {processor.py:153} INFO - Started process (PID=3044) to work on /home/airflow/.local/lib/python3.7/site-packages/airflow/example_dags/example_task_group.py
[2022-12-22T01:36:17.476+0000] {processor.py:743} INFO - Processing file /home/airflow/.local/lib/python3.7/site-packages/airflow/example_dags/example_task_group.py for tasks to queue
[2022-12-22T01:36:17.477+0000] {logging_mixin.py:137} INFO - [2022-12-22T01:36:17.476+0000] {dagbag.py:538} INFO - Filling up the DagBag from /home/airflow/.local/lib/python3.7/site-packages/airflow/example_dags/example_task_group.py
[2022-12-22T01:36:17.493+0000] {processor.py:753} INFO - DAG(s) dict_keys(['example_task_group']) retrieved from /home/airflow/.local/lib/python3.7/site-packages/airflow/example_dags/example_task_group.py
[2022-12-22T01:36:17.529+0000] {logging_mixin.py:137} INFO - [2022-12-22T01:36:17.529+0000] {dag.py:2676} INFO - Sync 1 DAGs
[2022-12-22T01:36:17.555+0000] {logging_mixin.py:137} INFO - [2022-12-22T01:36:17.555+0000] {dag.py:3427} INFO - Setting next_dagrun for example_task_group to 2022-12-21T01:36:17.554954+00:00, run_after=2022-12-22T01:36:17.554954+00:00
[2022-12-22T01:36:17.573+0000] {processor.py:175} INFO - Processing /home/airflow/.local/lib/python3.7/site-packages/airflow/example_dags/example_task_group.py took 0.100 seconds
[2022-12-22T01:36:47.680+0000] {processor.py:153} INFO - Started process (PID=3130) to work on /home/airflow/.local/lib/python3.7/site-packages/airflow/example_dags/example_task_group.py
[2022-12-22T01:36:47.681+0000] {processor.py:743} INFO - Processing file /home/airflow/.local/lib/python3.7/site-packages/airflow/example_dags/example_task_group.py for tasks to queue
[2022-12-22T01:36:47.681+0000] {logging_mixin.py:137} INFO - [2022-12-22T01:36:47.681+0000] {dagbag.py:538} INFO - Filling up the DagBag from /home/airflow/.local/lib/python3.7/site-packages/airflow/example_dags/example_task_group.py
[2022-12-22T01:36:47.696+0000] {processor.py:753} INFO - DAG(s) dict_keys(['example_task_group']) retrieved from /home/airflow/.local/lib/python3.7/site-packages/airflow/example_dags/example_task_group.py
[2022-12-22T01:36:47.731+0000] {logging_mixin.py:137} INFO - [2022-12-22T01:36:47.731+0000] {dag.py:2676} INFO - Sync 1 DAGs
[2022-12-22T01:36:47.755+0000] {logging_mixin.py:137} INFO - [2022-12-22T01:36:47.755+0000] {dag.py:3427} INFO - Setting next_dagrun for example_task_group to 2022-12-21T01:36:47.755165+00:00, run_after=2022-12-22T01:36:47.755165+00:00
[2022-12-22T01:36:47.772+0000] {processor.py:175} INFO - Processing /home/airflow/.local/lib/python3.7/site-packages/airflow/example_dags/example_task_group.py took 0.095 seconds
[2022-12-22T01:37:18.108+0000] {processor.py:153} INFO - Started process (PID=3225) to work on /home/airflow/.local/lib/python3.7/site-packages/airflow/example_dags/example_task_group.py
[2022-12-22T01:37:18.109+0000] {processor.py:743} INFO - Processing file /home/airflow/.local/lib/python3.7/site-packages/airflow/example_dags/example_task_group.py for tasks to queue
[2022-12-22T01:37:18.110+0000] {logging_mixin.py:137} INFO - [2022-12-22T01:37:18.110+0000] {dagbag.py:538} INFO - Filling up the DagBag from /home/airflow/.local/lib/python3.7/site-packages/airflow/example_dags/example_task_group.py
[2022-12-22T01:37:18.132+0000] {processor.py:753} INFO - DAG(s) dict_keys(['example_task_group']) retrieved from /home/airflow/.local/lib/python3.7/site-packages/airflow/example_dags/example_task_group.py
[2022-12-22T01:37:18.183+0000] {logging_mixin.py:137} INFO - [2022-12-22T01:37:18.183+0000] {dag.py:2676} INFO - Sync 1 DAGs
[2022-12-22T01:37:18.222+0000] {logging_mixin.py:137} INFO - [2022-12-22T01:37:18.222+0000] {dag.py:3427} INFO - Setting next_dagrun for example_task_group to 2022-12-21T01:37:18.222412+00:00, run_after=2022-12-22T01:37:18.222412+00:00
[2022-12-22T01:37:18.316+0000] {processor.py:175} INFO - Processing /home/airflow/.local/lib/python3.7/site-packages/airflow/example_dags/example_task_group.py took 0.211 seconds
[2022-12-22T01:37:48.905+0000] {processor.py:153} INFO - Started process (PID=3326) to work on /home/airflow/.local/lib/python3.7/site-packages/airflow/example_dags/example_task_group.py
[2022-12-22T01:37:48.906+0000] {processor.py:743} INFO - Processing file /home/airflow/.local/lib/python3.7/site-packages/airflow/example_dags/example_task_group.py for tasks to queue
[2022-12-22T01:37:48.907+0000] {logging_mixin.py:137} INFO - [2022-12-22T01:37:48.907+0000] {dagbag.py:538} INFO - Filling up the DagBag from /home/airflow/.local/lib/python3.7/site-packages/airflow/example_dags/example_task_group.py
[2022-12-22T01:37:48.922+0000] {processor.py:753} INFO - DAG(s) dict_keys(['example_task_group']) retrieved from /home/airflow/.local/lib/python3.7/site-packages/airflow/example_dags/example_task_group.py
[2022-12-22T01:37:48.959+0000] {logging_mixin.py:137} INFO - [2022-12-22T01:37:48.959+0000] {dag.py:2676} INFO - Sync 1 DAGs
[2022-12-22T01:37:48.984+0000] {logging_mixin.py:137} INFO - [2022-12-22T01:37:48.984+0000] {dag.py:3427} INFO - Setting next_dagrun for example_task_group to 2022-12-21T01:37:48.984148+00:00, run_after=2022-12-22T01:37:48.984148+00:00
[2022-12-22T01:37:49.004+0000] {processor.py:175} INFO - Processing /home/airflow/.local/lib/python3.7/site-packages/airflow/example_dags/example_task_group.py took 0.101 seconds
[2022-12-22T01:38:19.146+0000] {processor.py:153} INFO - Started process (PID=3412) to work on /home/airflow/.local/lib/python3.7/site-packages/airflow/example_dags/example_task_group.py
[2022-12-22T01:38:19.147+0000] {processor.py:743} INFO - Processing file /home/airflow/.local/lib/python3.7/site-packages/airflow/example_dags/example_task_group.py for tasks to queue
[2022-12-22T01:38:19.148+0000] {logging_mixin.py:137} INFO - [2022-12-22T01:38:19.147+0000] {dagbag.py:538} INFO - Filling up the DagBag from /home/airflow/.local/lib/python3.7/site-packages/airflow/example_dags/example_task_group.py
[2022-12-22T01:38:19.162+0000] {processor.py:753} INFO - DAG(s) dict_keys(['example_task_group']) retrieved from /home/airflow/.local/lib/python3.7/site-packages/airflow/example_dags/example_task_group.py
[2022-12-22T01:38:19.196+0000] {logging_mixin.py:137} INFO - [2022-12-22T01:38:19.196+0000] {dag.py:2676} INFO - Sync 1 DAGs
[2022-12-22T01:38:19.223+0000] {logging_mixin.py:137} INFO - [2022-12-22T01:38:19.222+0000] {dag.py:3427} INFO - Setting next_dagrun for example_task_group to 2022-12-21T01:38:19.222710+00:00, run_after=2022-12-22T01:38:19.222710+00:00
[2022-12-22T01:38:19.239+0000] {processor.py:175} INFO - Processing /home/airflow/.local/lib/python3.7/site-packages/airflow/example_dags/example_task_group.py took 0.096 seconds
[2022-12-22T01:38:49.710+0000] {processor.py:153} INFO - Started process (PID=3522) to work on /home/airflow/.local/lib/python3.7/site-packages/airflow/example_dags/example_task_group.py
[2022-12-22T01:38:49.711+0000] {processor.py:743} INFO - Processing file /home/airflow/.local/lib/python3.7/site-packages/airflow/example_dags/example_task_group.py for tasks to queue
[2022-12-22T01:38:49.711+0000] {logging_mixin.py:137} INFO - [2022-12-22T01:38:49.711+0000] {dagbag.py:538} INFO - Filling up the DagBag from /home/airflow/.local/lib/python3.7/site-packages/airflow/example_dags/example_task_group.py
[2022-12-22T01:38:49.730+0000] {processor.py:753} INFO - DAG(s) dict_keys(['example_task_group']) retrieved from /home/airflow/.local/lib/python3.7/site-packages/airflow/example_dags/example_task_group.py
[2022-12-22T01:38:49.826+0000] {logging_mixin.py:137} INFO - [2022-12-22T01:38:49.826+0000] {dag.py:2676} INFO - Sync 1 DAGs
[2022-12-22T01:38:49.890+0000] {logging_mixin.py:137} INFO - [2022-12-22T01:38:49.889+0000] {dag.py:3427} INFO - Setting next_dagrun for example_task_group to 2022-12-21T01:38:49.889404+00:00, run_after=2022-12-22T01:38:49.889404+00:00
[2022-12-22T01:38:49.913+0000] {processor.py:175} INFO - Processing /home/airflow/.local/lib/python3.7/site-packages/airflow/example_dags/example_task_group.py took 0.206 seconds
[2022-12-22T01:39:19.959+0000] {processor.py:153} INFO - Started process (PID=3608) to work on /home/airflow/.local/lib/python3.7/site-packages/airflow/example_dags/example_task_group.py
[2022-12-22T01:39:19.960+0000] {processor.py:743} INFO - Processing file /home/airflow/.local/lib/python3.7/site-packages/airflow/example_dags/example_task_group.py for tasks to queue
[2022-12-22T01:39:19.960+0000] {logging_mixin.py:137} INFO - [2022-12-22T01:39:19.960+0000] {dagbag.py:538} INFO - Filling up the DagBag from /home/airflow/.local/lib/python3.7/site-packages/airflow/example_dags/example_task_group.py
[2022-12-22T01:39:19.977+0000] {processor.py:753} INFO - DAG(s) dict_keys(['example_task_group']) retrieved from /home/airflow/.local/lib/python3.7/site-packages/airflow/example_dags/example_task_group.py
[2022-12-22T01:39:20.033+0000] {logging_mixin.py:137} INFO - [2022-12-22T01:39:20.033+0000] {dag.py:2676} INFO - Sync 1 DAGs
[2022-12-22T01:39:20.057+0000] {logging_mixin.py:137} INFO - [2022-12-22T01:39:20.057+0000] {dag.py:3427} INFO - Setting next_dagrun for example_task_group to 2022-12-21T01:39:20.056823+00:00, run_after=2022-12-22T01:39:20.056823+00:00
[2022-12-22T01:39:20.074+0000] {processor.py:175} INFO - Processing /home/airflow/.local/lib/python3.7/site-packages/airflow/example_dags/example_task_group.py took 0.118 seconds
[2022-12-22T01:39:50.122+0000] {processor.py:153} INFO - Started process (PID=3694) to work on /home/airflow/.local/lib/python3.7/site-packages/airflow/example_dags/example_task_group.py
[2022-12-22T01:39:50.123+0000] {processor.py:743} INFO - Processing file /home/airflow/.local/lib/python3.7/site-packages/airflow/example_dags/example_task_group.py for tasks to queue
[2022-12-22T01:39:50.123+0000] {logging_mixin.py:137} INFO - [2022-12-22T01:39:50.123+0000] {dagbag.py:538} INFO - Filling up the DagBag from /home/airflow/.local/lib/python3.7/site-packages/airflow/example_dags/example_task_group.py
[2022-12-22T01:39:50.138+0000] {processor.py:753} INFO - DAG(s) dict_keys(['example_task_group']) retrieved from /home/airflow/.local/lib/python3.7/site-packages/airflow/example_dags/example_task_group.py
[2022-12-22T01:39:50.174+0000] {logging_mixin.py:137} INFO - [2022-12-22T01:39:50.173+0000] {dag.py:2676} INFO - Sync 1 DAGs
[2022-12-22T01:39:50.200+0000] {logging_mixin.py:137} INFO - [2022-12-22T01:39:50.199+0000] {dag.py:3427} INFO - Setting next_dagrun for example_task_group to 2022-12-21T01:39:50.199655+00:00, run_after=2022-12-22T01:39:50.199655+00:00
[2022-12-22T01:39:50.219+0000] {processor.py:175} INFO - Processing /home/airflow/.local/lib/python3.7/site-packages/airflow/example_dags/example_task_group.py took 0.100 seconds
[2022-12-22T01:40:20.753+0000] {processor.py:153} INFO - Started process (PID=3780) to work on /home/airflow/.local/lib/python3.7/site-packages/airflow/example_dags/example_task_group.py
[2022-12-22T01:40:20.754+0000] {processor.py:743} INFO - Processing file /home/airflow/.local/lib/python3.7/site-packages/airflow/example_dags/example_task_group.py for tasks to queue
[2022-12-22T01:40:20.754+0000] {logging_mixin.py:137} INFO - [2022-12-22T01:40:20.754+0000] {dagbag.py:538} INFO - Filling up the DagBag from /home/airflow/.local/lib/python3.7/site-packages/airflow/example_dags/example_task_group.py
[2022-12-22T01:40:20.769+0000] {processor.py:753} INFO - DAG(s) dict_keys(['example_task_group']) retrieved from /home/airflow/.local/lib/python3.7/site-packages/airflow/example_dags/example_task_group.py
[2022-12-22T01:40:20.806+0000] {logging_mixin.py:137} INFO - [2022-12-22T01:40:20.806+0000] {dag.py:2676} INFO - Sync 1 DAGs
[2022-12-22T01:40:20.832+0000] {logging_mixin.py:137} INFO - [2022-12-22T01:40:20.832+0000] {dag.py:3427} INFO - Setting next_dagrun for example_task_group to 2022-12-21T01:40:20.831843+00:00, run_after=2022-12-22T01:40:20.831843+00:00
[2022-12-22T01:40:20.851+0000] {processor.py:175} INFO - Processing /home/airflow/.local/lib/python3.7/site-packages/airflow/example_dags/example_task_group.py took 0.101 seconds
[2022-12-22T01:40:51.161+0000] {processor.py:153} INFO - Started process (PID=3890) to work on /home/airflow/.local/lib/python3.7/site-packages/airflow/example_dags/example_task_group.py
[2022-12-22T01:40:51.161+0000] {processor.py:743} INFO - Processing file /home/airflow/.local/lib/python3.7/site-packages/airflow/example_dags/example_task_group.py for tasks to queue
[2022-12-22T01:40:51.162+0000] {logging_mixin.py:137} INFO - [2022-12-22T01:40:51.162+0000] {dagbag.py:538} INFO - Filling up the DagBag from /home/airflow/.local/lib/python3.7/site-packages/airflow/example_dags/example_task_group.py
[2022-12-22T01:40:51.177+0000] {processor.py:753} INFO - DAG(s) dict_keys(['example_task_group']) retrieved from /home/airflow/.local/lib/python3.7/site-packages/airflow/example_dags/example_task_group.py
[2022-12-22T01:40:51.214+0000] {logging_mixin.py:137} INFO - [2022-12-22T01:40:51.214+0000] {dag.py:2676} INFO - Sync 1 DAGs
[2022-12-22T01:40:51.239+0000] {logging_mixin.py:137} INFO - [2022-12-22T01:40:51.238+0000] {dag.py:3427} INFO - Setting next_dagrun for example_task_group to 2022-12-21T01:40:51.238707+00:00, run_after=2022-12-22T01:40:51.238707+00:00
[2022-12-22T01:40:51.256+0000] {processor.py:175} INFO - Processing /home/airflow/.local/lib/python3.7/site-packages/airflow/example_dags/example_task_group.py took 0.099 seconds
[2022-12-22T01:41:21.682+0000] {processor.py:153} INFO - Started process (PID=3976) to work on /home/airflow/.local/lib/python3.7/site-packages/airflow/example_dags/example_task_group.py
[2022-12-22T01:41:21.683+0000] {processor.py:743} INFO - Processing file /home/airflow/.local/lib/python3.7/site-packages/airflow/example_dags/example_task_group.py for tasks to queue
[2022-12-22T01:41:21.683+0000] {logging_mixin.py:137} INFO - [2022-12-22T01:41:21.683+0000] {dagbag.py:538} INFO - Filling up the DagBag from /home/airflow/.local/lib/python3.7/site-packages/airflow/example_dags/example_task_group.py
[2022-12-22T01:41:21.697+0000] {processor.py:753} INFO - DAG(s) dict_keys(['example_task_group']) retrieved from /home/airflow/.local/lib/python3.7/site-packages/airflow/example_dags/example_task_group.py
[2022-12-22T01:41:21.731+0000] {logging_mixin.py:137} INFO - [2022-12-22T01:41:21.731+0000] {dag.py:2676} INFO - Sync 1 DAGs
[2022-12-22T01:41:21.755+0000] {logging_mixin.py:137} INFO - [2022-12-22T01:41:21.755+0000] {dag.py:3427} INFO - Setting next_dagrun for example_task_group to 2022-12-21T01:41:21.754923+00:00, run_after=2022-12-22T01:41:21.754923+00:00
[2022-12-22T01:41:21.772+0000] {processor.py:175} INFO - Processing /home/airflow/.local/lib/python3.7/site-packages/airflow/example_dags/example_task_group.py took 0.093 seconds
[2022-12-22T01:41:52.207+0000] {processor.py:153} INFO - Started process (PID=4086) to work on /home/airflow/.local/lib/python3.7/site-packages/airflow/example_dags/example_task_group.py
[2022-12-22T01:41:52.208+0000] {processor.py:743} INFO - Processing file /home/airflow/.local/lib/python3.7/site-packages/airflow/example_dags/example_task_group.py for tasks to queue
[2022-12-22T01:41:52.209+0000] {logging_mixin.py:137} INFO - [2022-12-22T01:41:52.209+0000] {dagbag.py:538} INFO - Filling up the DagBag from /home/airflow/.local/lib/python3.7/site-packages/airflow/example_dags/example_task_group.py
[2022-12-22T01:41:52.223+0000] {processor.py:753} INFO - DAG(s) dict_keys(['example_task_group']) retrieved from /home/airflow/.local/lib/python3.7/site-packages/airflow/example_dags/example_task_group.py
[2022-12-22T01:41:52.259+0000] {logging_mixin.py:137} INFO - [2022-12-22T01:41:52.259+0000] {dag.py:2676} INFO - Sync 1 DAGs
[2022-12-22T01:41:52.300+0000] {logging_mixin.py:137} INFO - [2022-12-22T01:41:52.300+0000] {dag.py:3427} INFO - Setting next_dagrun for example_task_group to 2022-12-21T01:41:52.299761+00:00, run_after=2022-12-22T01:41:52.299761+00:00
[2022-12-22T01:41:52.320+0000] {processor.py:175} INFO - Processing /home/airflow/.local/lib/python3.7/site-packages/airflow/example_dags/example_task_group.py took 0.115 seconds
[2022-12-22T01:42:22.663+0000] {processor.py:153} INFO - Started process (PID=4172) to work on /home/airflow/.local/lib/python3.7/site-packages/airflow/example_dags/example_task_group.py
[2022-12-22T01:42:22.663+0000] {processor.py:743} INFO - Processing file /home/airflow/.local/lib/python3.7/site-packages/airflow/example_dags/example_task_group.py for tasks to queue
[2022-12-22T01:42:22.664+0000] {logging_mixin.py:137} INFO - [2022-12-22T01:42:22.664+0000] {dagbag.py:538} INFO - Filling up the DagBag from /home/airflow/.local/lib/python3.7/site-packages/airflow/example_dags/example_task_group.py
[2022-12-22T01:42:22.678+0000] {processor.py:753} INFO - DAG(s) dict_keys(['example_task_group']) retrieved from /home/airflow/.local/lib/python3.7/site-packages/airflow/example_dags/example_task_group.py
[2022-12-22T01:42:22.713+0000] {logging_mixin.py:137} INFO - [2022-12-22T01:42:22.712+0000] {dag.py:2676} INFO - Sync 1 DAGs
[2022-12-22T01:42:22.737+0000] {logging_mixin.py:137} INFO - [2022-12-22T01:42:22.737+0000] {dag.py:3427} INFO - Setting next_dagrun for example_task_group to 2022-12-21T01:42:22.736889+00:00, run_after=2022-12-22T01:42:22.736889+00:00
[2022-12-22T01:42:22.753+0000] {processor.py:175} INFO - Processing /home/airflow/.local/lib/python3.7/site-packages/airflow/example_dags/example_task_group.py took 0.093 seconds
[2022-12-22T01:42:53.246+0000] {processor.py:153} INFO - Started process (PID=4258) to work on /home/airflow/.local/lib/python3.7/site-packages/airflow/example_dags/example_task_group.py
[2022-12-22T01:42:53.247+0000] {processor.py:743} INFO - Processing file /home/airflow/.local/lib/python3.7/site-packages/airflow/example_dags/example_task_group.py for tasks to queue
[2022-12-22T01:42:53.248+0000] {logging_mixin.py:137} INFO - [2022-12-22T01:42:53.248+0000] {dagbag.py:538} INFO - Filling up the DagBag from /home/airflow/.local/lib/python3.7/site-packages/airflow/example_dags/example_task_group.py
[2022-12-22T01:42:53.265+0000] {processor.py:753} INFO - DAG(s) dict_keys(['example_task_group']) retrieved from /home/airflow/.local/lib/python3.7/site-packages/airflow/example_dags/example_task_group.py
[2022-12-22T01:42:53.323+0000] {logging_mixin.py:137} INFO - [2022-12-22T01:42:53.323+0000] {dag.py:2676} INFO - Sync 1 DAGs
[2022-12-22T01:42:53.351+0000] {logging_mixin.py:137} INFO - [2022-12-22T01:42:53.351+0000] {dag.py:3427} INFO - Setting next_dagrun for example_task_group to 2022-12-21T01:42:53.350948+00:00, run_after=2022-12-22T01:42:53.350948+00:00
[2022-12-22T01:42:53.367+0000] {processor.py:175} INFO - Processing /home/airflow/.local/lib/python3.7/site-packages/airflow/example_dags/example_task_group.py took 0.123 seconds
[2022-12-22T01:43:24.151+0000] {processor.py:153} INFO - Started process (PID=4368) to work on /home/airflow/.local/lib/python3.7/site-packages/airflow/example_dags/example_task_group.py
[2022-12-22T01:43:24.152+0000] {processor.py:743} INFO - Processing file /home/airflow/.local/lib/python3.7/site-packages/airflow/example_dags/example_task_group.py for tasks to queue
[2022-12-22T01:43:24.153+0000] {logging_mixin.py:137} INFO - [2022-12-22T01:43:24.153+0000] {dagbag.py:538} INFO - Filling up the DagBag from /home/airflow/.local/lib/python3.7/site-packages/airflow/example_dags/example_task_group.py
[2022-12-22T01:43:24.169+0000] {processor.py:753} INFO - DAG(s) dict_keys(['example_task_group']) retrieved from /home/airflow/.local/lib/python3.7/site-packages/airflow/example_dags/example_task_group.py
[2022-12-22T01:43:24.208+0000] {logging_mixin.py:137} INFO - [2022-12-22T01:43:24.208+0000] {dag.py:2676} INFO - Sync 1 DAGs
[2022-12-22T01:43:24.237+0000] {logging_mixin.py:137} INFO - [2022-12-22T01:43:24.237+0000] {dag.py:3427} INFO - Setting next_dagrun for example_task_group to 2022-12-21T01:43:24.237141+00:00, run_after=2022-12-22T01:43:24.237141+00:00
[2022-12-22T01:43:24.257+0000] {processor.py:175} INFO - Processing /home/airflow/.local/lib/python3.7/site-packages/airflow/example_dags/example_task_group.py took 0.109 seconds
[2022-12-22T01:43:54.623+0000] {processor.py:153} INFO - Started process (PID=4454) to work on /home/airflow/.local/lib/python3.7/site-packages/airflow/example_dags/example_task_group.py
[2022-12-22T01:43:54.623+0000] {processor.py:743} INFO - Processing file /home/airflow/.local/lib/python3.7/site-packages/airflow/example_dags/example_task_group.py for tasks to queue
[2022-12-22T01:43:54.624+0000] {logging_mixin.py:137} INFO - [2022-12-22T01:43:54.624+0000] {dagbag.py:538} INFO - Filling up the DagBag from /home/airflow/.local/lib/python3.7/site-packages/airflow/example_dags/example_task_group.py
[2022-12-22T01:43:54.638+0000] {processor.py:753} INFO - DAG(s) dict_keys(['example_task_group']) retrieved from /home/airflow/.local/lib/python3.7/site-packages/airflow/example_dags/example_task_group.py
[2022-12-22T01:43:54.672+0000] {logging_mixin.py:137} INFO - [2022-12-22T01:43:54.671+0000] {dag.py:2676} INFO - Sync 1 DAGs
[2022-12-22T01:43:54.694+0000] {logging_mixin.py:137} INFO - [2022-12-22T01:43:54.694+0000] {dag.py:3427} INFO - Setting next_dagrun for example_task_group to 2022-12-21T01:43:54.694509+00:00, run_after=2022-12-22T01:43:54.694509+00:00
[2022-12-22T01:43:54.711+0000] {processor.py:175} INFO - Processing /home/airflow/.local/lib/python3.7/site-packages/airflow/example_dags/example_task_group.py took 0.091 seconds
[2022-12-22T01:44:25.063+0000] {processor.py:153} INFO - Started process (PID=4564) to work on /home/airflow/.local/lib/python3.7/site-packages/airflow/example_dags/example_task_group.py
[2022-12-22T01:44:25.064+0000] {processor.py:743} INFO - Processing file /home/airflow/.local/lib/python3.7/site-packages/airflow/example_dags/example_task_group.py for tasks to queue
[2022-12-22T01:44:25.065+0000] {logging_mixin.py:137} INFO - [2022-12-22T01:44:25.065+0000] {dagbag.py:538} INFO - Filling up the DagBag from /home/airflow/.local/lib/python3.7/site-packages/airflow/example_dags/example_task_group.py
[2022-12-22T01:44:25.090+0000] {processor.py:753} INFO - DAG(s) dict_keys(['example_task_group']) retrieved from /home/airflow/.local/lib/python3.7/site-packages/airflow/example_dags/example_task_group.py
[2022-12-22T01:44:25.125+0000] {logging_mixin.py:137} INFO - [2022-12-22T01:44:25.124+0000] {dag.py:2676} INFO - Sync 1 DAGs
[2022-12-22T01:44:25.152+0000] {logging_mixin.py:137} INFO - [2022-12-22T01:44:25.151+0000] {dag.py:3427} INFO - Setting next_dagrun for example_task_group to 2022-12-21T01:44:25.151634+00:00, run_after=2022-12-22T01:44:25.151634+00:00
[2022-12-22T01:44:25.169+0000] {processor.py:175} INFO - Processing /home/airflow/.local/lib/python3.7/site-packages/airflow/example_dags/example_task_group.py took 0.108 seconds
[2022-12-22T01:44:55.807+0000] {processor.py:153} INFO - Started process (PID=4650) to work on /home/airflow/.local/lib/python3.7/site-packages/airflow/example_dags/example_task_group.py
[2022-12-22T01:44:55.808+0000] {processor.py:743} INFO - Processing file /home/airflow/.local/lib/python3.7/site-packages/airflow/example_dags/example_task_group.py for tasks to queue
[2022-12-22T01:44:55.808+0000] {logging_mixin.py:137} INFO - [2022-12-22T01:44:55.808+0000] {dagbag.py:538} INFO - Filling up the DagBag from /home/airflow/.local/lib/python3.7/site-packages/airflow/example_dags/example_task_group.py
[2022-12-22T01:44:55.823+0000] {processor.py:753} INFO - DAG(s) dict_keys(['example_task_group']) retrieved from /home/airflow/.local/lib/python3.7/site-packages/airflow/example_dags/example_task_group.py
[2022-12-22T01:44:55.860+0000] {logging_mixin.py:137} INFO - [2022-12-22T01:44:55.860+0000] {dag.py:2676} INFO - Sync 1 DAGs
[2022-12-22T01:44:55.884+0000] {logging_mixin.py:137} INFO - [2022-12-22T01:44:55.884+0000] {dag.py:3427} INFO - Setting next_dagrun for example_task_group to 2022-12-21T01:44:55.884230+00:00, run_after=2022-12-22T01:44:55.884230+00:00
[2022-12-22T01:44:55.904+0000] {processor.py:175} INFO - Processing /home/airflow/.local/lib/python3.7/site-packages/airflow/example_dags/example_task_group.py took 0.100 seconds
[2022-12-22T01:45:27.291+0000] {processor.py:153} INFO - Started process (PID=4736) to work on /home/airflow/.local/lib/python3.7/site-packages/airflow/example_dags/example_task_group.py
[2022-12-22T01:45:27.292+0000] {processor.py:743} INFO - Processing file /home/airflow/.local/lib/python3.7/site-packages/airflow/example_dags/example_task_group.py for tasks to queue
[2022-12-22T01:45:27.293+0000] {logging_mixin.py:137} INFO - [2022-12-22T01:45:27.293+0000] {dagbag.py:538} INFO - Filling up the DagBag from /home/airflow/.local/lib/python3.7/site-packages/airflow/example_dags/example_task_group.py
[2022-12-22T01:45:27.310+0000] {processor.py:753} INFO - DAG(s) dict_keys(['example_task_group']) retrieved from /home/airflow/.local/lib/python3.7/site-packages/airflow/example_dags/example_task_group.py
[2022-12-22T01:45:27.400+0000] {logging_mixin.py:137} INFO - [2022-12-22T01:45:27.400+0000] {dag.py:2676} INFO - Sync 1 DAGs
[2022-12-22T01:45:27.425+0000] {logging_mixin.py:137} INFO - [2022-12-22T01:45:27.425+0000] {dag.py:3427} INFO - Setting next_dagrun for example_task_group to 2022-12-21T01:45:27.424988+00:00, run_after=2022-12-22T01:45:27.424988+00:00
[2022-12-22T01:45:27.442+0000] {processor.py:175} INFO - Processing /home/airflow/.local/lib/python3.7/site-packages/airflow/example_dags/example_task_group.py took 0.154 seconds
[2022-12-22T01:45:58.204+0000] {processor.py:153} INFO - Started process (PID=4831) to work on /home/airflow/.local/lib/python3.7/site-packages/airflow/example_dags/example_task_group.py
[2022-12-22T01:45:58.204+0000] {processor.py:743} INFO - Processing file /home/airflow/.local/lib/python3.7/site-packages/airflow/example_dags/example_task_group.py for tasks to queue
[2022-12-22T01:45:58.205+0000] {logging_mixin.py:137} INFO - [2022-12-22T01:45:58.205+0000] {dagbag.py:538} INFO - Filling up the DagBag from /home/airflow/.local/lib/python3.7/site-packages/airflow/example_dags/example_task_group.py
[2022-12-22T01:45:58.220+0000] {processor.py:753} INFO - DAG(s) dict_keys(['example_task_group']) retrieved from /home/airflow/.local/lib/python3.7/site-packages/airflow/example_dags/example_task_group.py
[2022-12-22T01:45:58.314+0000] {logging_mixin.py:137} INFO - [2022-12-22T01:45:58.314+0000] {dag.py:2676} INFO - Sync 1 DAGs
[2022-12-22T01:45:58.400+0000] {logging_mixin.py:137} INFO - [2022-12-22T01:45:58.400+0000] {dag.py:3427} INFO - Setting next_dagrun for example_task_group to 2022-12-21T01:45:58.400247+00:00, run_after=2022-12-22T01:45:58.400247+00:00
[2022-12-22T01:45:58.494+0000] {processor.py:175} INFO - Processing /home/airflow/.local/lib/python3.7/site-packages/airflow/example_dags/example_task_group.py took 0.294 seconds
[2022-12-22T01:46:29.111+0000] {processor.py:153} INFO - Started process (PID=4932) to work on /home/airflow/.local/lib/python3.7/site-packages/airflow/example_dags/example_task_group.py
[2022-12-22T01:46:29.112+0000] {processor.py:743} INFO - Processing file /home/airflow/.local/lib/python3.7/site-packages/airflow/example_dags/example_task_group.py for tasks to queue
[2022-12-22T01:46:29.113+0000] {logging_mixin.py:137} INFO - [2022-12-22T01:46:29.113+0000] {dagbag.py:538} INFO - Filling up the DagBag from /home/airflow/.local/lib/python3.7/site-packages/airflow/example_dags/example_task_group.py
[2022-12-22T01:46:29.126+0000] {processor.py:753} INFO - DAG(s) dict_keys(['example_task_group']) retrieved from /home/airflow/.local/lib/python3.7/site-packages/airflow/example_dags/example_task_group.py
[2022-12-22T01:46:29.162+0000] {logging_mixin.py:137} INFO - [2022-12-22T01:46:29.162+0000] {dag.py:2676} INFO - Sync 1 DAGs
[2022-12-22T01:46:29.186+0000] {logging_mixin.py:137} INFO - [2022-12-22T01:46:29.185+0000] {dag.py:3427} INFO - Setting next_dagrun for example_task_group to 2022-12-21T01:46:29.185773+00:00, run_after=2022-12-22T01:46:29.185773+00:00
[2022-12-22T01:46:29.202+0000] {processor.py:175} INFO - Processing /home/airflow/.local/lib/python3.7/site-packages/airflow/example_dags/example_task_group.py took 0.093 seconds
[2022-12-22T01:46:59.927+0000] {processor.py:153} INFO - Started process (PID=5018) to work on /home/airflow/.local/lib/python3.7/site-packages/airflow/example_dags/example_task_group.py
[2022-12-22T01:46:59.928+0000] {processor.py:743} INFO - Processing file /home/airflow/.local/lib/python3.7/site-packages/airflow/example_dags/example_task_group.py for tasks to queue
[2022-12-22T01:46:59.929+0000] {logging_mixin.py:137} INFO - [2022-12-22T01:46:59.929+0000] {dagbag.py:538} INFO - Filling up the DagBag from /home/airflow/.local/lib/python3.7/site-packages/airflow/example_dags/example_task_group.py
[2022-12-22T01:46:59.943+0000] {processor.py:753} INFO - DAG(s) dict_keys(['example_task_group']) retrieved from /home/airflow/.local/lib/python3.7/site-packages/airflow/example_dags/example_task_group.py
[2022-12-22T01:46:59.980+0000] {logging_mixin.py:137} INFO - [2022-12-22T01:46:59.979+0000] {dag.py:2676} INFO - Sync 1 DAGs
[2022-12-22T01:47:00.005+0000] {logging_mixin.py:137} INFO - [2022-12-22T01:47:00.005+0000] {dag.py:3427} INFO - Setting next_dagrun for example_task_group to 2022-12-21T01:47:00.005453+00:00, run_after=2022-12-22T01:47:00.005453+00:00
[2022-12-22T01:47:00.022+0000] {processor.py:175} INFO - Processing /home/airflow/.local/lib/python3.7/site-packages/airflow/example_dags/example_task_group.py took 0.098 seconds
[2022-12-22T01:47:30.827+0000] {processor.py:153} INFO - Started process (PID=5113) to work on /home/airflow/.local/lib/python3.7/site-packages/airflow/example_dags/example_task_group.py
[2022-12-22T01:47:30.828+0000] {processor.py:743} INFO - Processing file /home/airflow/.local/lib/python3.7/site-packages/airflow/example_dags/example_task_group.py for tasks to queue
[2022-12-22T01:47:30.829+0000] {logging_mixin.py:137} INFO - [2022-12-22T01:47:30.829+0000] {dagbag.py:538} INFO - Filling up the DagBag from /home/airflow/.local/lib/python3.7/site-packages/airflow/example_dags/example_task_group.py
[2022-12-22T01:47:30.844+0000] {processor.py:753} INFO - DAG(s) dict_keys(['example_task_group']) retrieved from /home/airflow/.local/lib/python3.7/site-packages/airflow/example_dags/example_task_group.py
[2022-12-22T01:47:30.883+0000] {logging_mixin.py:137} INFO - [2022-12-22T01:47:30.883+0000] {dag.py:2676} INFO - Sync 1 DAGs
[2022-12-22T01:47:30.915+0000] {logging_mixin.py:137} INFO - [2022-12-22T01:47:30.914+0000] {dag.py:3427} INFO - Setting next_dagrun for example_task_group to 2022-12-21T01:47:30.914620+00:00, run_after=2022-12-22T01:47:30.914620+00:00
[2022-12-22T01:47:30.939+0000] {processor.py:175} INFO - Processing /home/airflow/.local/lib/python3.7/site-packages/airflow/example_dags/example_task_group.py took 0.114 seconds
[2022-12-22T01:48:01.748+0000] {processor.py:153} INFO - Started process (PID=5214) to work on /home/airflow/.local/lib/python3.7/site-packages/airflow/example_dags/example_task_group.py
[2022-12-22T01:48:01.749+0000] {processor.py:743} INFO - Processing file /home/airflow/.local/lib/python3.7/site-packages/airflow/example_dags/example_task_group.py for tasks to queue
[2022-12-22T01:48:01.750+0000] {logging_mixin.py:137} INFO - [2022-12-22T01:48:01.750+0000] {dagbag.py:538} INFO - Filling up the DagBag from /home/airflow/.local/lib/python3.7/site-packages/airflow/example_dags/example_task_group.py
[2022-12-22T01:48:01.764+0000] {processor.py:753} INFO - DAG(s) dict_keys(['example_task_group']) retrieved from /home/airflow/.local/lib/python3.7/site-packages/airflow/example_dags/example_task_group.py
[2022-12-22T01:48:01.804+0000] {logging_mixin.py:137} INFO - [2022-12-22T01:48:01.804+0000] {dag.py:2676} INFO - Sync 1 DAGs
[2022-12-22T01:48:01.828+0000] {logging_mixin.py:137} INFO - [2022-12-22T01:48:01.828+0000] {dag.py:3427} INFO - Setting next_dagrun for example_task_group to 2022-12-21T01:48:01.827822+00:00, run_after=2022-12-22T01:48:01.827822+00:00
[2022-12-22T01:48:01.845+0000] {processor.py:175} INFO - Processing /home/airflow/.local/lib/python3.7/site-packages/airflow/example_dags/example_task_group.py took 0.099 seconds
[2022-12-22T01:48:32.119+0000] {processor.py:153} INFO - Started process (PID=5300) to work on /home/airflow/.local/lib/python3.7/site-packages/airflow/example_dags/example_task_group.py
[2022-12-22T01:48:32.120+0000] {processor.py:743} INFO - Processing file /home/airflow/.local/lib/python3.7/site-packages/airflow/example_dags/example_task_group.py for tasks to queue
[2022-12-22T01:48:32.120+0000] {logging_mixin.py:137} INFO - [2022-12-22T01:48:32.120+0000] {dagbag.py:538} INFO - Filling up the DagBag from /home/airflow/.local/lib/python3.7/site-packages/airflow/example_dags/example_task_group.py
[2022-12-22T01:48:32.134+0000] {processor.py:753} INFO - DAG(s) dict_keys(['example_task_group']) retrieved from /home/airflow/.local/lib/python3.7/site-packages/airflow/example_dags/example_task_group.py
[2022-12-22T01:48:32.169+0000] {logging_mixin.py:137} INFO - [2022-12-22T01:48:32.168+0000] {dag.py:2676} INFO - Sync 1 DAGs
[2022-12-22T01:48:32.195+0000] {logging_mixin.py:137} INFO - [2022-12-22T01:48:32.195+0000] {dag.py:3427} INFO - Setting next_dagrun for example_task_group to 2022-12-21T01:48:32.195099+00:00, run_after=2022-12-22T01:48:32.195099+00:00
[2022-12-22T01:48:32.213+0000] {processor.py:175} INFO - Processing /home/airflow/.local/lib/python3.7/site-packages/airflow/example_dags/example_task_group.py took 0.097 seconds
[2022-12-22T01:49:02.779+0000] {processor.py:153} INFO - Started process (PID=5410) to work on /home/airflow/.local/lib/python3.7/site-packages/airflow/example_dags/example_task_group.py
[2022-12-22T01:49:02.780+0000] {processor.py:743} INFO - Processing file /home/airflow/.local/lib/python3.7/site-packages/airflow/example_dags/example_task_group.py for tasks to queue
[2022-12-22T01:49:02.780+0000] {logging_mixin.py:137} INFO - [2022-12-22T01:49:02.780+0000] {dagbag.py:538} INFO - Filling up the DagBag from /home/airflow/.local/lib/python3.7/site-packages/airflow/example_dags/example_task_group.py
[2022-12-22T01:49:02.794+0000] {processor.py:753} INFO - DAG(s) dict_keys(['example_task_group']) retrieved from /home/airflow/.local/lib/python3.7/site-packages/airflow/example_dags/example_task_group.py
[2022-12-22T01:49:02.829+0000] {logging_mixin.py:137} INFO - [2022-12-22T01:49:02.829+0000] {dag.py:2676} INFO - Sync 1 DAGs
[2022-12-22T01:49:02.852+0000] {logging_mixin.py:137} INFO - [2022-12-22T01:49:02.852+0000] {dag.py:3427} INFO - Setting next_dagrun for example_task_group to 2022-12-21T01:49:02.852419+00:00, run_after=2022-12-22T01:49:02.852419+00:00
[2022-12-22T01:49:02.869+0000] {processor.py:175} INFO - Processing /home/airflow/.local/lib/python3.7/site-packages/airflow/example_dags/example_task_group.py took 0.093 seconds
[2022-12-22T01:49:33.016+0000] {processor.py:153} INFO - Started process (PID=5496) to work on /home/airflow/.local/lib/python3.7/site-packages/airflow/example_dags/example_task_group.py
[2022-12-22T01:49:33.017+0000] {processor.py:743} INFO - Processing file /home/airflow/.local/lib/python3.7/site-packages/airflow/example_dags/example_task_group.py for tasks to queue
[2022-12-22T01:49:33.018+0000] {logging_mixin.py:137} INFO - [2022-12-22T01:49:33.017+0000] {dagbag.py:538} INFO - Filling up the DagBag from /home/airflow/.local/lib/python3.7/site-packages/airflow/example_dags/example_task_group.py
[2022-12-22T01:49:33.037+0000] {processor.py:753} INFO - DAG(s) dict_keys(['example_task_group']) retrieved from /home/airflow/.local/lib/python3.7/site-packages/airflow/example_dags/example_task_group.py
[2022-12-22T01:49:33.078+0000] {logging_mixin.py:137} INFO - [2022-12-22T01:49:33.078+0000] {dag.py:2676} INFO - Sync 1 DAGs
[2022-12-22T01:49:33.110+0000] {logging_mixin.py:137} INFO - [2022-12-22T01:49:33.109+0000] {dag.py:3427} INFO - Setting next_dagrun for example_task_group to 2022-12-21T01:49:33.109566+00:00, run_after=2022-12-22T01:49:33.109566+00:00
[2022-12-22T01:49:33.133+0000] {processor.py:175} INFO - Processing /home/airflow/.local/lib/python3.7/site-packages/airflow/example_dags/example_task_group.py took 0.120 seconds
[2022-12-22T01:50:03.435+0000] {processor.py:153} INFO - Started process (PID=5582) to work on /home/airflow/.local/lib/python3.7/site-packages/airflow/example_dags/example_task_group.py
[2022-12-22T01:50:03.436+0000] {processor.py:743} INFO - Processing file /home/airflow/.local/lib/python3.7/site-packages/airflow/example_dags/example_task_group.py for tasks to queue
[2022-12-22T01:50:03.436+0000] {logging_mixin.py:137} INFO - [2022-12-22T01:50:03.436+0000] {dagbag.py:538} INFO - Filling up the DagBag from /home/airflow/.local/lib/python3.7/site-packages/airflow/example_dags/example_task_group.py
[2022-12-22T01:50:03.496+0000] {processor.py:753} INFO - DAG(s) dict_keys(['example_task_group']) retrieved from /home/airflow/.local/lib/python3.7/site-packages/airflow/example_dags/example_task_group.py
[2022-12-22T01:50:03.534+0000] {logging_mixin.py:137} INFO - [2022-12-22T01:50:03.533+0000] {dag.py:2676} INFO - Sync 1 DAGs
[2022-12-22T01:50:03.559+0000] {logging_mixin.py:137} INFO - [2022-12-22T01:50:03.559+0000] {dag.py:3427} INFO - Setting next_dagrun for example_task_group to 2022-12-21T01:50:03.559339+00:00, run_after=2022-12-22T01:50:03.559339+00:00
[2022-12-22T01:50:03.596+0000] {processor.py:175} INFO - Processing /home/airflow/.local/lib/python3.7/site-packages/airflow/example_dags/example_task_group.py took 0.164 seconds
[2022-12-22T01:50:34.089+0000] {processor.py:153} INFO - Started process (PID=5668) to work on /home/airflow/.local/lib/python3.7/site-packages/airflow/example_dags/example_task_group.py
[2022-12-22T01:50:34.090+0000] {processor.py:743} INFO - Processing file /home/airflow/.local/lib/python3.7/site-packages/airflow/example_dags/example_task_group.py for tasks to queue
[2022-12-22T01:50:34.091+0000] {logging_mixin.py:137} INFO - [2022-12-22T01:50:34.090+0000] {dagbag.py:538} INFO - Filling up the DagBag from /home/airflow/.local/lib/python3.7/site-packages/airflow/example_dags/example_task_group.py
[2022-12-22T01:50:34.107+0000] {processor.py:753} INFO - DAG(s) dict_keys(['example_task_group']) retrieved from /home/airflow/.local/lib/python3.7/site-packages/airflow/example_dags/example_task_group.py
[2022-12-22T01:50:34.144+0000] {logging_mixin.py:137} INFO - [2022-12-22T01:50:34.144+0000] {dag.py:2676} INFO - Sync 1 DAGs
[2022-12-22T01:50:34.169+0000] {logging_mixin.py:137} INFO - [2022-12-22T01:50:34.169+0000] {dag.py:3427} INFO - Setting next_dagrun for example_task_group to 2022-12-21T01:50:34.169187+00:00, run_after=2022-12-22T01:50:34.169187+00:00
[2022-12-22T01:50:34.186+0000] {processor.py:175} INFO - Processing /home/airflow/.local/lib/python3.7/site-packages/airflow/example_dags/example_task_group.py took 0.100 seconds
[2022-12-22T01:51:04.650+0000] {processor.py:153} INFO - Started process (PID=5778) to work on /home/airflow/.local/lib/python3.7/site-packages/airflow/example_dags/example_task_group.py
[2022-12-22T01:51:04.673+0000] {processor.py:743} INFO - Processing file /home/airflow/.local/lib/python3.7/site-packages/airflow/example_dags/example_task_group.py for tasks to queue
[2022-12-22T01:51:04.679+0000] {logging_mixin.py:137} INFO - [2022-12-22T01:51:04.679+0000] {dagbag.py:538} INFO - Filling up the DagBag from /home/airflow/.local/lib/python3.7/site-packages/airflow/example_dags/example_task_group.py
[2022-12-22T01:51:04.696+0000] {processor.py:753} INFO - DAG(s) dict_keys(['example_task_group']) retrieved from /home/airflow/.local/lib/python3.7/site-packages/airflow/example_dags/example_task_group.py
[2022-12-22T01:51:04.735+0000] {logging_mixin.py:137} INFO - [2022-12-22T01:51:04.735+0000] {dag.py:2676} INFO - Sync 1 DAGs
[2022-12-22T01:51:04.763+0000] {logging_mixin.py:137} INFO - [2022-12-22T01:51:04.763+0000] {dag.py:3427} INFO - Setting next_dagrun for example_task_group to 2022-12-21T01:51:04.763281+00:00, run_after=2022-12-22T01:51:04.763281+00:00
[2022-12-22T01:51:04.782+0000] {processor.py:175} INFO - Processing /home/airflow/.local/lib/python3.7/site-packages/airflow/example_dags/example_task_group.py took 0.135 seconds
