[2022-12-22T01:20:25.109+0000] {processor.py:153} INFO - Started process (PID=134) to work on /home/airflow/.local/lib/python3.7/site-packages/airflow/example_dags/example_sla_dag.py
[2022-12-22T01:20:25.109+0000] {processor.py:743} INFO - Processing file /home/airflow/.local/lib/python3.7/site-packages/airflow/example_dags/example_sla_dag.py for tasks to queue
[2022-12-22T01:20:25.110+0000] {logging_mixin.py:137} INFO - [2022-12-22T01:20:25.110+0000] {dagbag.py:538} INFO - Filling up the DagBag from /home/airflow/.local/lib/python3.7/site-packages/airflow/example_dags/example_sla_dag.py
[2022-12-22T01:20:25.287+0000] {processor.py:753} INFO - DAG(s) dict_keys(['example_sla_dag']) retrieved from /home/airflow/.local/lib/python3.7/site-packages/airflow/example_dags/example_sla_dag.py
[2022-12-22T01:20:25.489+0000] {logging_mixin.py:137} INFO - [2022-12-22T01:20:25.489+0000] {dag.py:2676} INFO - Sync 1 DAGs
[2022-12-22T01:20:25.611+0000] {logging_mixin.py:137} INFO - [2022-12-22T01:20:25.611+0000] {dag.py:3427} INFO - Setting next_dagrun for example_sla_dag to 2022-12-22T01:18:00+00:00, run_after=2022-12-22T01:20:00+00:00
[2022-12-22T01:20:25.791+0000] {processor.py:175} INFO - Processing /home/airflow/.local/lib/python3.7/site-packages/airflow/example_dags/example_sla_dag.py took 0.686 seconds
[2022-12-22T01:20:56.483+0000] {processor.py:153} INFO - Started process (PID=220) to work on /home/airflow/.local/lib/python3.7/site-packages/airflow/example_dags/example_sla_dag.py
[2022-12-22T01:20:56.484+0000] {processor.py:743} INFO - Processing file /home/airflow/.local/lib/python3.7/site-packages/airflow/example_dags/example_sla_dag.py for tasks to queue
[2022-12-22T01:20:56.485+0000] {logging_mixin.py:137} INFO - [2022-12-22T01:20:56.485+0000] {dagbag.py:538} INFO - Filling up the DagBag from /home/airflow/.local/lib/python3.7/site-packages/airflow/example_dags/example_sla_dag.py
[2022-12-22T01:20:56.506+0000] {processor.py:753} INFO - DAG(s) dict_keys(['example_sla_dag']) retrieved from /home/airflow/.local/lib/python3.7/site-packages/airflow/example_dags/example_sla_dag.py
[2022-12-22T01:20:56.540+0000] {logging_mixin.py:137} INFO - [2022-12-22T01:20:56.540+0000] {dag.py:2676} INFO - Sync 1 DAGs
[2022-12-22T01:20:56.568+0000] {logging_mixin.py:137} INFO - [2022-12-22T01:20:56.568+0000] {dag.py:3427} INFO - Setting next_dagrun for example_sla_dag to 2022-12-22T01:18:00+00:00, run_after=2022-12-22T01:20:00+00:00
[2022-12-22T01:20:56.584+0000] {processor.py:175} INFO - Processing /home/airflow/.local/lib/python3.7/site-packages/airflow/example_dags/example_sla_dag.py took 0.103 seconds
[2022-12-22T01:21:26.648+0000] {processor.py:153} INFO - Started process (PID=306) to work on /home/airflow/.local/lib/python3.7/site-packages/airflow/example_dags/example_sla_dag.py
[2022-12-22T01:21:26.648+0000] {processor.py:743} INFO - Processing file /home/airflow/.local/lib/python3.7/site-packages/airflow/example_dags/example_sla_dag.py for tasks to queue
[2022-12-22T01:21:26.649+0000] {logging_mixin.py:137} INFO - [2022-12-22T01:21:26.649+0000] {dagbag.py:538} INFO - Filling up the DagBag from /home/airflow/.local/lib/python3.7/site-packages/airflow/example_dags/example_sla_dag.py
[2022-12-22T01:21:26.671+0000] {processor.py:753} INFO - DAG(s) dict_keys(['example_sla_dag']) retrieved from /home/airflow/.local/lib/python3.7/site-packages/airflow/example_dags/example_sla_dag.py
[2022-12-22T01:21:26.705+0000] {logging_mixin.py:137} INFO - [2022-12-22T01:21:26.705+0000] {dag.py:2676} INFO - Sync 1 DAGs
[2022-12-22T01:21:26.734+0000] {logging_mixin.py:137} INFO - [2022-12-22T01:21:26.734+0000] {dag.py:3427} INFO - Setting next_dagrun for example_sla_dag to 2022-12-22T01:18:00+00:00, run_after=2022-12-22T01:20:00+00:00
[2022-12-22T01:21:26.750+0000] {processor.py:175} INFO - Processing /home/airflow/.local/lib/python3.7/site-packages/airflow/example_dags/example_sla_dag.py took 0.105 seconds
[2022-12-22T01:21:57.035+0000] {processor.py:153} INFO - Started process (PID=416) to work on /home/airflow/.local/lib/python3.7/site-packages/airflow/example_dags/example_sla_dag.py
[2022-12-22T01:21:57.035+0000] {processor.py:743} INFO - Processing file /home/airflow/.local/lib/python3.7/site-packages/airflow/example_dags/example_sla_dag.py for tasks to queue
[2022-12-22T01:21:57.036+0000] {logging_mixin.py:137} INFO - [2022-12-22T01:21:57.036+0000] {dagbag.py:538} INFO - Filling up the DagBag from /home/airflow/.local/lib/python3.7/site-packages/airflow/example_dags/example_sla_dag.py
[2022-12-22T01:21:57.058+0000] {processor.py:753} INFO - DAG(s) dict_keys(['example_sla_dag']) retrieved from /home/airflow/.local/lib/python3.7/site-packages/airflow/example_dags/example_sla_dag.py
[2022-12-22T01:21:57.093+0000] {logging_mixin.py:137} INFO - [2022-12-22T01:21:57.092+0000] {dag.py:2676} INFO - Sync 1 DAGs
[2022-12-22T01:21:57.123+0000] {logging_mixin.py:137} INFO - [2022-12-22T01:21:57.123+0000] {dag.py:3427} INFO - Setting next_dagrun for example_sla_dag to 2022-12-22T01:18:00+00:00, run_after=2022-12-22T01:20:00+00:00
[2022-12-22T01:21:57.147+0000] {processor.py:175} INFO - Processing /home/airflow/.local/lib/python3.7/site-packages/airflow/example_dags/example_sla_dag.py took 0.115 seconds
[2022-12-22T01:22:27.382+0000] {processor.py:153} INFO - Started process (PID=502) to work on /home/airflow/.local/lib/python3.7/site-packages/airflow/example_dags/example_sla_dag.py
[2022-12-22T01:22:27.383+0000] {processor.py:743} INFO - Processing file /home/airflow/.local/lib/python3.7/site-packages/airflow/example_dags/example_sla_dag.py for tasks to queue
[2022-12-22T01:22:27.384+0000] {logging_mixin.py:137} INFO - [2022-12-22T01:22:27.384+0000] {dagbag.py:538} INFO - Filling up the DagBag from /home/airflow/.local/lib/python3.7/site-packages/airflow/example_dags/example_sla_dag.py
[2022-12-22T01:22:27.405+0000] {processor.py:753} INFO - DAG(s) dict_keys(['example_sla_dag']) retrieved from /home/airflow/.local/lib/python3.7/site-packages/airflow/example_dags/example_sla_dag.py
[2022-12-22T01:22:27.438+0000] {logging_mixin.py:137} INFO - [2022-12-22T01:22:27.438+0000] {dag.py:2676} INFO - Sync 1 DAGs
[2022-12-22T01:22:27.464+0000] {logging_mixin.py:137} INFO - [2022-12-22T01:22:27.464+0000] {dag.py:3427} INFO - Setting next_dagrun for example_sla_dag to 2022-12-22T01:20:00+00:00, run_after=2022-12-22T01:22:00+00:00
[2022-12-22T01:22:27.480+0000] {processor.py:175} INFO - Processing /home/airflow/.local/lib/python3.7/site-packages/airflow/example_dags/example_sla_dag.py took 0.099 seconds
[2022-12-22T01:22:57.585+0000] {processor.py:153} INFO - Started process (PID=588) to work on /home/airflow/.local/lib/python3.7/site-packages/airflow/example_dags/example_sla_dag.py
[2022-12-22T01:22:57.586+0000] {processor.py:743} INFO - Processing file /home/airflow/.local/lib/python3.7/site-packages/airflow/example_dags/example_sla_dag.py for tasks to queue
[2022-12-22T01:22:57.586+0000] {logging_mixin.py:137} INFO - [2022-12-22T01:22:57.586+0000] {dagbag.py:538} INFO - Filling up the DagBag from /home/airflow/.local/lib/python3.7/site-packages/airflow/example_dags/example_sla_dag.py
[2022-12-22T01:22:57.609+0000] {processor.py:753} INFO - DAG(s) dict_keys(['example_sla_dag']) retrieved from /home/airflow/.local/lib/python3.7/site-packages/airflow/example_dags/example_sla_dag.py
[2022-12-22T01:22:57.645+0000] {logging_mixin.py:137} INFO - [2022-12-22T01:22:57.645+0000] {dag.py:2676} INFO - Sync 1 DAGs
[2022-12-22T01:22:57.688+0000] {logging_mixin.py:137} INFO - [2022-12-22T01:22:57.688+0000] {dag.py:3427} INFO - Setting next_dagrun for example_sla_dag to 2022-12-22T01:20:00+00:00, run_after=2022-12-22T01:22:00+00:00
[2022-12-22T01:22:57.711+0000] {processor.py:175} INFO - Processing /home/airflow/.local/lib/python3.7/site-packages/airflow/example_dags/example_sla_dag.py took 0.129 seconds
[2022-12-22T01:23:27.970+0000] {processor.py:153} INFO - Started process (PID=698) to work on /home/airflow/.local/lib/python3.7/site-packages/airflow/example_dags/example_sla_dag.py
[2022-12-22T01:23:27.971+0000] {processor.py:743} INFO - Processing file /home/airflow/.local/lib/python3.7/site-packages/airflow/example_dags/example_sla_dag.py for tasks to queue
[2022-12-22T01:23:27.972+0000] {logging_mixin.py:137} INFO - [2022-12-22T01:23:27.972+0000] {dagbag.py:538} INFO - Filling up the DagBag from /home/airflow/.local/lib/python3.7/site-packages/airflow/example_dags/example_sla_dag.py
[2022-12-22T01:23:27.995+0000] {processor.py:753} INFO - DAG(s) dict_keys(['example_sla_dag']) retrieved from /home/airflow/.local/lib/python3.7/site-packages/airflow/example_dags/example_sla_dag.py
[2022-12-22T01:23:28.031+0000] {logging_mixin.py:137} INFO - [2022-12-22T01:23:28.031+0000] {dag.py:2676} INFO - Sync 1 DAGs
[2022-12-22T01:23:28.059+0000] {logging_mixin.py:137} INFO - [2022-12-22T01:23:28.059+0000] {dag.py:3427} INFO - Setting next_dagrun for example_sla_dag to 2022-12-22T01:20:00+00:00, run_after=2022-12-22T01:22:00+00:00
[2022-12-22T01:23:28.075+0000] {processor.py:175} INFO - Processing /home/airflow/.local/lib/python3.7/site-packages/airflow/example_dags/example_sla_dag.py took 0.107 seconds
[2022-12-22T01:23:58.102+0000] {processor.py:153} INFO - Started process (PID=784) to work on /home/airflow/.local/lib/python3.7/site-packages/airflow/example_dags/example_sla_dag.py
[2022-12-22T01:23:58.103+0000] {processor.py:743} INFO - Processing file /home/airflow/.local/lib/python3.7/site-packages/airflow/example_dags/example_sla_dag.py for tasks to queue
[2022-12-22T01:23:58.103+0000] {logging_mixin.py:137} INFO - [2022-12-22T01:23:58.103+0000] {dagbag.py:538} INFO - Filling up the DagBag from /home/airflow/.local/lib/python3.7/site-packages/airflow/example_dags/example_sla_dag.py
[2022-12-22T01:23:58.125+0000] {processor.py:753} INFO - DAG(s) dict_keys(['example_sla_dag']) retrieved from /home/airflow/.local/lib/python3.7/site-packages/airflow/example_dags/example_sla_dag.py
[2022-12-22T01:23:58.166+0000] {logging_mixin.py:137} INFO - [2022-12-22T01:23:58.166+0000] {dag.py:2676} INFO - Sync 1 DAGs
[2022-12-22T01:23:58.196+0000] {logging_mixin.py:137} INFO - [2022-12-22T01:23:58.196+0000] {dag.py:3427} INFO - Setting next_dagrun for example_sla_dag to 2022-12-22T01:20:00+00:00, run_after=2022-12-22T01:22:00+00:00
[2022-12-22T01:23:58.216+0000] {processor.py:175} INFO - Processing /home/airflow/.local/lib/python3.7/site-packages/airflow/example_dags/example_sla_dag.py took 0.116 seconds
[2022-12-22T01:24:28.775+0000] {processor.py:153} INFO - Started process (PID=894) to work on /home/airflow/.local/lib/python3.7/site-packages/airflow/example_dags/example_sla_dag.py
[2022-12-22T01:24:28.776+0000] {processor.py:743} INFO - Processing file /home/airflow/.local/lib/python3.7/site-packages/airflow/example_dags/example_sla_dag.py for tasks to queue
[2022-12-22T01:24:28.777+0000] {logging_mixin.py:137} INFO - [2022-12-22T01:24:28.777+0000] {dagbag.py:538} INFO - Filling up the DagBag from /home/airflow/.local/lib/python3.7/site-packages/airflow/example_dags/example_sla_dag.py
[2022-12-22T01:24:28.801+0000] {processor.py:753} INFO - DAG(s) dict_keys(['example_sla_dag']) retrieved from /home/airflow/.local/lib/python3.7/site-packages/airflow/example_dags/example_sla_dag.py
[2022-12-22T01:24:28.839+0000] {logging_mixin.py:137} INFO - [2022-12-22T01:24:28.838+0000] {dag.py:2676} INFO - Sync 1 DAGs
[2022-12-22T01:24:28.867+0000] {logging_mixin.py:137} INFO - [2022-12-22T01:24:28.866+0000] {dag.py:3427} INFO - Setting next_dagrun for example_sla_dag to 2022-12-22T01:22:00+00:00, run_after=2022-12-22T01:24:00+00:00
[2022-12-22T01:24:28.888+0000] {processor.py:175} INFO - Processing /home/airflow/.local/lib/python3.7/site-packages/airflow/example_dags/example_sla_dag.py took 0.115 seconds
[2022-12-22T01:24:59.226+0000] {processor.py:153} INFO - Started process (PID=980) to work on /home/airflow/.local/lib/python3.7/site-packages/airflow/example_dags/example_sla_dag.py
[2022-12-22T01:24:59.227+0000] {processor.py:743} INFO - Processing file /home/airflow/.local/lib/python3.7/site-packages/airflow/example_dags/example_sla_dag.py for tasks to queue
[2022-12-22T01:24:59.227+0000] {logging_mixin.py:137} INFO - [2022-12-22T01:24:59.227+0000] {dagbag.py:538} INFO - Filling up the DagBag from /home/airflow/.local/lib/python3.7/site-packages/airflow/example_dags/example_sla_dag.py
[2022-12-22T01:24:59.248+0000] {processor.py:753} INFO - DAG(s) dict_keys(['example_sla_dag']) retrieved from /home/airflow/.local/lib/python3.7/site-packages/airflow/example_dags/example_sla_dag.py
[2022-12-22T01:24:59.282+0000] {logging_mixin.py:137} INFO - [2022-12-22T01:24:59.282+0000] {dag.py:2676} INFO - Sync 1 DAGs
[2022-12-22T01:24:59.309+0000] {logging_mixin.py:137} INFO - [2022-12-22T01:24:59.308+0000] {dag.py:3427} INFO - Setting next_dagrun for example_sla_dag to 2022-12-22T01:22:00+00:00, run_after=2022-12-22T01:24:00+00:00
[2022-12-22T01:24:59.325+0000] {processor.py:175} INFO - Processing /home/airflow/.local/lib/python3.7/site-packages/airflow/example_dags/example_sla_dag.py took 0.101 seconds
[2022-12-22T01:25:30.238+0000] {processor.py:153} INFO - Started process (PID=1066) to work on /home/airflow/.local/lib/python3.7/site-packages/airflow/example_dags/example_sla_dag.py
[2022-12-22T01:25:30.238+0000] {processor.py:743} INFO - Processing file /home/airflow/.local/lib/python3.7/site-packages/airflow/example_dags/example_sla_dag.py for tasks to queue
[2022-12-22T01:25:30.239+0000] {logging_mixin.py:137} INFO - [2022-12-22T01:25:30.239+0000] {dagbag.py:538} INFO - Filling up the DagBag from /home/airflow/.local/lib/python3.7/site-packages/airflow/example_dags/example_sla_dag.py
[2022-12-22T01:25:30.260+0000] {processor.py:753} INFO - DAG(s) dict_keys(['example_sla_dag']) retrieved from /home/airflow/.local/lib/python3.7/site-packages/airflow/example_dags/example_sla_dag.py
[2022-12-22T01:25:30.296+0000] {logging_mixin.py:137} INFO - [2022-12-22T01:25:30.296+0000] {dag.py:2676} INFO - Sync 1 DAGs
[2022-12-22T01:25:30.325+0000] {logging_mixin.py:137} INFO - [2022-12-22T01:25:30.325+0000] {dag.py:3427} INFO - Setting next_dagrun for example_sla_dag to 2022-12-22T01:22:00+00:00, run_after=2022-12-22T01:24:00+00:00
[2022-12-22T01:25:30.342+0000] {processor.py:175} INFO - Processing /home/airflow/.local/lib/python3.7/site-packages/airflow/example_dags/example_sla_dag.py took 0.106 seconds
[2022-12-22T01:26:00.668+0000] {processor.py:153} INFO - Started process (PID=1176) to work on /home/airflow/.local/lib/python3.7/site-packages/airflow/example_dags/example_sla_dag.py
[2022-12-22T01:26:00.669+0000] {processor.py:743} INFO - Processing file /home/airflow/.local/lib/python3.7/site-packages/airflow/example_dags/example_sla_dag.py for tasks to queue
[2022-12-22T01:26:00.669+0000] {logging_mixin.py:137} INFO - [2022-12-22T01:26:00.669+0000] {dagbag.py:538} INFO - Filling up the DagBag from /home/airflow/.local/lib/python3.7/site-packages/airflow/example_dags/example_sla_dag.py
[2022-12-22T01:26:00.691+0000] {processor.py:753} INFO - DAG(s) dict_keys(['example_sla_dag']) retrieved from /home/airflow/.local/lib/python3.7/site-packages/airflow/example_dags/example_sla_dag.py
[2022-12-22T01:26:00.722+0000] {logging_mixin.py:137} INFO - [2022-12-22T01:26:00.722+0000] {dag.py:2676} INFO - Sync 1 DAGs
[2022-12-22T01:26:00.749+0000] {logging_mixin.py:137} INFO - [2022-12-22T01:26:00.749+0000] {dag.py:3427} INFO - Setting next_dagrun for example_sla_dag to 2022-12-22T01:24:00+00:00, run_after=2022-12-22T01:26:00+00:00
[2022-12-22T01:26:00.764+0000] {processor.py:175} INFO - Processing /home/airflow/.local/lib/python3.7/site-packages/airflow/example_dags/example_sla_dag.py took 0.098 seconds
[2022-12-22T01:26:31.524+0000] {processor.py:153} INFO - Started process (PID=1261) to work on /home/airflow/.local/lib/python3.7/site-packages/airflow/example_dags/example_sla_dag.py
[2022-12-22T01:26:31.526+0000] {processor.py:743} INFO - Processing file /home/airflow/.local/lib/python3.7/site-packages/airflow/example_dags/example_sla_dag.py for tasks to queue
[2022-12-22T01:26:31.526+0000] {logging_mixin.py:137} INFO - [2022-12-22T01:26:31.526+0000] {dagbag.py:538} INFO - Filling up the DagBag from /home/airflow/.local/lib/python3.7/site-packages/airflow/example_dags/example_sla_dag.py
[2022-12-22T01:26:31.600+0000] {processor.py:753} INFO - DAG(s) dict_keys(['example_sla_dag']) retrieved from /home/airflow/.local/lib/python3.7/site-packages/airflow/example_dags/example_sla_dag.py
[2022-12-22T01:26:31.716+0000] {logging_mixin.py:137} INFO - [2022-12-22T01:26:31.716+0000] {dag.py:2676} INFO - Sync 1 DAGs
[2022-12-22T01:26:31.819+0000] {logging_mixin.py:137} INFO - [2022-12-22T01:26:31.819+0000] {dag.py:3427} INFO - Setting next_dagrun for example_sla_dag to 2022-12-22T01:24:00+00:00, run_after=2022-12-22T01:26:00+00:00
[2022-12-22T01:26:31.931+0000] {processor.py:175} INFO - Processing /home/airflow/.local/lib/python3.7/site-packages/airflow/example_dags/example_sla_dag.py took 0.410 seconds
[2022-12-22T01:27:02.018+0000] {processor.py:153} INFO - Started process (PID=1347) to work on /home/airflow/.local/lib/python3.7/site-packages/airflow/example_dags/example_sla_dag.py
[2022-12-22T01:27:02.018+0000] {processor.py:743} INFO - Processing file /home/airflow/.local/lib/python3.7/site-packages/airflow/example_dags/example_sla_dag.py for tasks to queue
[2022-12-22T01:27:02.019+0000] {logging_mixin.py:137} INFO - [2022-12-22T01:27:02.019+0000] {dagbag.py:538} INFO - Filling up the DagBag from /home/airflow/.local/lib/python3.7/site-packages/airflow/example_dags/example_sla_dag.py
[2022-12-22T01:27:02.041+0000] {processor.py:753} INFO - DAG(s) dict_keys(['example_sla_dag']) retrieved from /home/airflow/.local/lib/python3.7/site-packages/airflow/example_dags/example_sla_dag.py
[2022-12-22T01:27:02.073+0000] {logging_mixin.py:137} INFO - [2022-12-22T01:27:02.073+0000] {dag.py:2676} INFO - Sync 1 DAGs
[2022-12-22T01:27:02.104+0000] {logging_mixin.py:137} INFO - [2022-12-22T01:27:02.104+0000] {dag.py:3427} INFO - Setting next_dagrun for example_sla_dag to 2022-12-22T01:24:00+00:00, run_after=2022-12-22T01:26:00+00:00
[2022-12-22T01:27:02.122+0000] {processor.py:175} INFO - Processing /home/airflow/.local/lib/python3.7/site-packages/airflow/example_dags/example_sla_dag.py took 0.107 seconds
[2022-12-22T01:27:32.810+0000] {processor.py:153} INFO - Started process (PID=1457) to work on /home/airflow/.local/lib/python3.7/site-packages/airflow/example_dags/example_sla_dag.py
[2022-12-22T01:27:32.813+0000] {processor.py:743} INFO - Processing file /home/airflow/.local/lib/python3.7/site-packages/airflow/example_dags/example_sla_dag.py for tasks to queue
[2022-12-22T01:27:32.814+0000] {logging_mixin.py:137} INFO - [2022-12-22T01:27:32.814+0000] {dagbag.py:538} INFO - Filling up the DagBag from /home/airflow/.local/lib/python3.7/site-packages/airflow/example_dags/example_sla_dag.py
[2022-12-22T01:27:32.837+0000] {processor.py:753} INFO - DAG(s) dict_keys(['example_sla_dag']) retrieved from /home/airflow/.local/lib/python3.7/site-packages/airflow/example_dags/example_sla_dag.py
[2022-12-22T01:27:32.868+0000] {logging_mixin.py:137} INFO - [2022-12-22T01:27:32.867+0000] {dag.py:2676} INFO - Sync 1 DAGs
[2022-12-22T01:27:32.909+0000] {logging_mixin.py:137} INFO - [2022-12-22T01:27:32.909+0000] {dag.py:3427} INFO - Setting next_dagrun for example_sla_dag to 2022-12-22T01:24:00+00:00, run_after=2022-12-22T01:26:00+00:00
[2022-12-22T01:27:32.934+0000] {processor.py:175} INFO - Processing /home/airflow/.local/lib/python3.7/site-packages/airflow/example_dags/example_sla_dag.py took 0.127 seconds
[2022-12-22T01:28:02.967+0000] {processor.py:153} INFO - Started process (PID=1543) to work on /home/airflow/.local/lib/python3.7/site-packages/airflow/example_dags/example_sla_dag.py
[2022-12-22T01:28:02.968+0000] {processor.py:743} INFO - Processing file /home/airflow/.local/lib/python3.7/site-packages/airflow/example_dags/example_sla_dag.py for tasks to queue
[2022-12-22T01:28:02.969+0000] {logging_mixin.py:137} INFO - [2022-12-22T01:28:02.969+0000] {dagbag.py:538} INFO - Filling up the DagBag from /home/airflow/.local/lib/python3.7/site-packages/airflow/example_dags/example_sla_dag.py
[2022-12-22T01:28:02.989+0000] {processor.py:753} INFO - DAG(s) dict_keys(['example_sla_dag']) retrieved from /home/airflow/.local/lib/python3.7/site-packages/airflow/example_dags/example_sla_dag.py
[2022-12-22T01:28:03.023+0000] {logging_mixin.py:137} INFO - [2022-12-22T01:28:03.023+0000] {dag.py:2676} INFO - Sync 1 DAGs
[2022-12-22T01:28:03.052+0000] {logging_mixin.py:137} INFO - [2022-12-22T01:28:03.052+0000] {dag.py:3427} INFO - Setting next_dagrun for example_sla_dag to 2022-12-22T01:26:00+00:00, run_after=2022-12-22T01:28:00+00:00
[2022-12-22T01:28:03.068+0000] {processor.py:175} INFO - Processing /home/airflow/.local/lib/python3.7/site-packages/airflow/example_dags/example_sla_dag.py took 0.103 seconds
[2022-12-22T01:28:33.635+0000] {processor.py:153} INFO - Started process (PID=1653) to work on /home/airflow/.local/lib/python3.7/site-packages/airflow/example_dags/example_sla_dag.py
[2022-12-22T01:28:33.636+0000] {processor.py:743} INFO - Processing file /home/airflow/.local/lib/python3.7/site-packages/airflow/example_dags/example_sla_dag.py for tasks to queue
[2022-12-22T01:28:33.636+0000] {logging_mixin.py:137} INFO - [2022-12-22T01:28:33.636+0000] {dagbag.py:538} INFO - Filling up the DagBag from /home/airflow/.local/lib/python3.7/site-packages/airflow/example_dags/example_sla_dag.py
[2022-12-22T01:28:33.659+0000] {processor.py:753} INFO - DAG(s) dict_keys(['example_sla_dag']) retrieved from /home/airflow/.local/lib/python3.7/site-packages/airflow/example_dags/example_sla_dag.py
[2022-12-22T01:28:33.697+0000] {logging_mixin.py:137} INFO - [2022-12-22T01:28:33.697+0000] {dag.py:2676} INFO - Sync 1 DAGs
[2022-12-22T01:28:33.728+0000] {logging_mixin.py:137} INFO - [2022-12-22T01:28:33.728+0000] {dag.py:3427} INFO - Setting next_dagrun for example_sla_dag to 2022-12-22T01:26:00+00:00, run_after=2022-12-22T01:28:00+00:00
[2022-12-22T01:28:33.747+0000] {processor.py:175} INFO - Processing /home/airflow/.local/lib/python3.7/site-packages/airflow/example_dags/example_sla_dag.py took 0.115 seconds
[2022-12-22T01:29:03.996+0000] {processor.py:153} INFO - Started process (PID=1739) to work on /home/airflow/.local/lib/python3.7/site-packages/airflow/example_dags/example_sla_dag.py
[2022-12-22T01:29:03.997+0000] {processor.py:743} INFO - Processing file /home/airflow/.local/lib/python3.7/site-packages/airflow/example_dags/example_sla_dag.py for tasks to queue
[2022-12-22T01:29:03.998+0000] {logging_mixin.py:137} INFO - [2022-12-22T01:29:03.998+0000] {dagbag.py:538} INFO - Filling up the DagBag from /home/airflow/.local/lib/python3.7/site-packages/airflow/example_dags/example_sla_dag.py
[2022-12-22T01:29:04.021+0000] {processor.py:753} INFO - DAG(s) dict_keys(['example_sla_dag']) retrieved from /home/airflow/.local/lib/python3.7/site-packages/airflow/example_dags/example_sla_dag.py
[2022-12-22T01:29:04.055+0000] {logging_mixin.py:137} INFO - [2022-12-22T01:29:04.055+0000] {dag.py:2676} INFO - Sync 1 DAGs
[2022-12-22T01:29:04.081+0000] {logging_mixin.py:137} INFO - [2022-12-22T01:29:04.081+0000] {dag.py:3427} INFO - Setting next_dagrun for example_sla_dag to 2022-12-22T01:26:00+00:00, run_after=2022-12-22T01:28:00+00:00
[2022-12-22T01:29:04.097+0000] {processor.py:175} INFO - Processing /home/airflow/.local/lib/python3.7/site-packages/airflow/example_dags/example_sla_dag.py took 0.104 seconds
[2022-12-22T01:29:34.272+0000] {processor.py:153} INFO - Started process (PID=1826) to work on /home/airflow/.local/lib/python3.7/site-packages/airflow/example_dags/example_sla_dag.py
[2022-12-22T01:29:34.273+0000] {processor.py:743} INFO - Processing file /home/airflow/.local/lib/python3.7/site-packages/airflow/example_dags/example_sla_dag.py for tasks to queue
[2022-12-22T01:29:34.274+0000] {logging_mixin.py:137} INFO - [2022-12-22T01:29:34.274+0000] {dagbag.py:538} INFO - Filling up the DagBag from /home/airflow/.local/lib/python3.7/site-packages/airflow/example_dags/example_sla_dag.py
[2022-12-22T01:29:34.303+0000] {processor.py:753} INFO - DAG(s) dict_keys(['example_sla_dag']) retrieved from /home/airflow/.local/lib/python3.7/site-packages/airflow/example_dags/example_sla_dag.py
[2022-12-22T01:29:34.342+0000] {logging_mixin.py:137} INFO - [2022-12-22T01:29:34.342+0000] {dag.py:2676} INFO - Sync 1 DAGs
[2022-12-22T01:29:34.372+0000] {logging_mixin.py:137} INFO - [2022-12-22T01:29:34.372+0000] {dag.py:3427} INFO - Setting next_dagrun for example_sla_dag to 2022-12-22T01:26:00+00:00, run_after=2022-12-22T01:28:00+00:00
[2022-12-22T01:29:34.393+0000] {processor.py:175} INFO - Processing /home/airflow/.local/lib/python3.7/site-packages/airflow/example_dags/example_sla_dag.py took 0.123 seconds
[2022-12-22T01:30:05.241+0000] {processor.py:153} INFO - Started process (PID=1912) to work on /home/airflow/.local/lib/python3.7/site-packages/airflow/example_dags/example_sla_dag.py
[2022-12-22T01:30:05.242+0000] {processor.py:743} INFO - Processing file /home/airflow/.local/lib/python3.7/site-packages/airflow/example_dags/example_sla_dag.py for tasks to queue
[2022-12-22T01:30:05.243+0000] {logging_mixin.py:137} INFO - [2022-12-22T01:30:05.242+0000] {dagbag.py:538} INFO - Filling up the DagBag from /home/airflow/.local/lib/python3.7/site-packages/airflow/example_dags/example_sla_dag.py
[2022-12-22T01:30:05.266+0000] {processor.py:753} INFO - DAG(s) dict_keys(['example_sla_dag']) retrieved from /home/airflow/.local/lib/python3.7/site-packages/airflow/example_dags/example_sla_dag.py
[2022-12-22T01:30:05.298+0000] {logging_mixin.py:137} INFO - [2022-12-22T01:30:05.298+0000] {dag.py:2676} INFO - Sync 1 DAGs
[2022-12-22T01:30:05.327+0000] {logging_mixin.py:137} INFO - [2022-12-22T01:30:05.327+0000] {dag.py:3427} INFO - Setting next_dagrun for example_sla_dag to 2022-12-22T01:28:00+00:00, run_after=2022-12-22T01:30:00+00:00
[2022-12-22T01:30:05.344+0000] {processor.py:175} INFO - Processing /home/airflow/.local/lib/python3.7/site-packages/airflow/example_dags/example_sla_dag.py took 0.106 seconds
[2022-12-22T01:30:35.881+0000] {processor.py:153} INFO - Started process (PID=2023) to work on /home/airflow/.local/lib/python3.7/site-packages/airflow/example_dags/example_sla_dag.py
[2022-12-22T01:30:35.882+0000] {processor.py:743} INFO - Processing file /home/airflow/.local/lib/python3.7/site-packages/airflow/example_dags/example_sla_dag.py for tasks to queue
[2022-12-22T01:30:35.882+0000] {logging_mixin.py:137} INFO - [2022-12-22T01:30:35.882+0000] {dagbag.py:538} INFO - Filling up the DagBag from /home/airflow/.local/lib/python3.7/site-packages/airflow/example_dags/example_sla_dag.py
[2022-12-22T01:30:35.905+0000] {processor.py:753} INFO - DAG(s) dict_keys(['example_sla_dag']) retrieved from /home/airflow/.local/lib/python3.7/site-packages/airflow/example_dags/example_sla_dag.py
[2022-12-22T01:30:35.939+0000] {logging_mixin.py:137} INFO - [2022-12-22T01:30:35.939+0000] {dag.py:2676} INFO - Sync 1 DAGs
[2022-12-22T01:30:35.965+0000] {logging_mixin.py:137} INFO - [2022-12-22T01:30:35.965+0000] {dag.py:3427} INFO - Setting next_dagrun for example_sla_dag to 2022-12-22T01:28:00+00:00, run_after=2022-12-22T01:30:00+00:00
[2022-12-22T01:30:35.982+0000] {processor.py:175} INFO - Processing /home/airflow/.local/lib/python3.7/site-packages/airflow/example_dags/example_sla_dag.py took 0.104 seconds
[2022-12-22T01:31:06.043+0000] {processor.py:153} INFO - Started process (PID=2109) to work on /home/airflow/.local/lib/python3.7/site-packages/airflow/example_dags/example_sla_dag.py
[2022-12-22T01:31:06.044+0000] {processor.py:743} INFO - Processing file /home/airflow/.local/lib/python3.7/site-packages/airflow/example_dags/example_sla_dag.py for tasks to queue
[2022-12-22T01:31:06.044+0000] {logging_mixin.py:137} INFO - [2022-12-22T01:31:06.044+0000] {dagbag.py:538} INFO - Filling up the DagBag from /home/airflow/.local/lib/python3.7/site-packages/airflow/example_dags/example_sla_dag.py
[2022-12-22T01:31:06.066+0000] {processor.py:753} INFO - DAG(s) dict_keys(['example_sla_dag']) retrieved from /home/airflow/.local/lib/python3.7/site-packages/airflow/example_dags/example_sla_dag.py
[2022-12-22T01:31:06.099+0000] {logging_mixin.py:137} INFO - [2022-12-22T01:31:06.099+0000] {dag.py:2676} INFO - Sync 1 DAGs
[2022-12-22T01:31:06.128+0000] {logging_mixin.py:137} INFO - [2022-12-22T01:31:06.128+0000] {dag.py:3427} INFO - Setting next_dagrun for example_sla_dag to 2022-12-22T01:28:00+00:00, run_after=2022-12-22T01:30:00+00:00
[2022-12-22T01:31:06.144+0000] {processor.py:175} INFO - Processing /home/airflow/.local/lib/python3.7/site-packages/airflow/example_dags/example_sla_dag.py took 0.103 seconds
[2022-12-22T01:31:36.575+0000] {processor.py:153} INFO - Started process (PID=2219) to work on /home/airflow/.local/lib/python3.7/site-packages/airflow/example_dags/example_sla_dag.py
[2022-12-22T01:31:36.576+0000] {processor.py:743} INFO - Processing file /home/airflow/.local/lib/python3.7/site-packages/airflow/example_dags/example_sla_dag.py for tasks to queue
[2022-12-22T01:31:36.576+0000] {logging_mixin.py:137} INFO - [2022-12-22T01:31:36.576+0000] {dagbag.py:538} INFO - Filling up the DagBag from /home/airflow/.local/lib/python3.7/site-packages/airflow/example_dags/example_sla_dag.py
[2022-12-22T01:31:36.603+0000] {processor.py:753} INFO - DAG(s) dict_keys(['example_sla_dag']) retrieved from /home/airflow/.local/lib/python3.7/site-packages/airflow/example_dags/example_sla_dag.py
[2022-12-22T01:31:36.643+0000] {logging_mixin.py:137} INFO - [2022-12-22T01:31:36.642+0000] {dag.py:2676} INFO - Sync 1 DAGs
[2022-12-22T01:31:36.676+0000] {logging_mixin.py:137} INFO - [2022-12-22T01:31:36.675+0000] {dag.py:3427} INFO - Setting next_dagrun for example_sla_dag to 2022-12-22T01:28:00+00:00, run_after=2022-12-22T01:30:00+00:00
[2022-12-22T01:31:36.709+0000] {processor.py:175} INFO - Processing /home/airflow/.local/lib/python3.7/site-packages/airflow/example_dags/example_sla_dag.py took 0.137 seconds
[2022-12-22T01:32:06.806+0000] {processor.py:153} INFO - Started process (PID=2305) to work on /home/airflow/.local/lib/python3.7/site-packages/airflow/example_dags/example_sla_dag.py
[2022-12-22T01:32:06.807+0000] {processor.py:743} INFO - Processing file /home/airflow/.local/lib/python3.7/site-packages/airflow/example_dags/example_sla_dag.py for tasks to queue
[2022-12-22T01:32:06.808+0000] {logging_mixin.py:137} INFO - [2022-12-22T01:32:06.807+0000] {dagbag.py:538} INFO - Filling up the DagBag from /home/airflow/.local/lib/python3.7/site-packages/airflow/example_dags/example_sla_dag.py
[2022-12-22T01:32:06.833+0000] {processor.py:753} INFO - DAG(s) dict_keys(['example_sla_dag']) retrieved from /home/airflow/.local/lib/python3.7/site-packages/airflow/example_dags/example_sla_dag.py
[2022-12-22T01:32:06.927+0000] {logging_mixin.py:137} INFO - [2022-12-22T01:32:06.926+0000] {dag.py:2676} INFO - Sync 1 DAGs
[2022-12-22T01:32:07.018+0000] {logging_mixin.py:137} INFO - [2022-12-22T01:32:07.018+0000] {dag.py:3427} INFO - Setting next_dagrun for example_sla_dag to 2022-12-22T01:30:00+00:00, run_after=2022-12-22T01:32:00+00:00
[2022-12-22T01:32:07.094+0000] {processor.py:175} INFO - Processing /home/airflow/.local/lib/python3.7/site-packages/airflow/example_dags/example_sla_dag.py took 0.291 seconds
[2022-12-22T01:32:37.624+0000] {processor.py:153} INFO - Started process (PID=2391) to work on /home/airflow/.local/lib/python3.7/site-packages/airflow/example_dags/example_sla_dag.py
[2022-12-22T01:32:37.625+0000] {processor.py:743} INFO - Processing file /home/airflow/.local/lib/python3.7/site-packages/airflow/example_dags/example_sla_dag.py for tasks to queue
[2022-12-22T01:32:37.626+0000] {logging_mixin.py:137} INFO - [2022-12-22T01:32:37.626+0000] {dagbag.py:538} INFO - Filling up the DagBag from /home/airflow/.local/lib/python3.7/site-packages/airflow/example_dags/example_sla_dag.py
[2022-12-22T01:32:37.651+0000] {processor.py:753} INFO - DAG(s) dict_keys(['example_sla_dag']) retrieved from /home/airflow/.local/lib/python3.7/site-packages/airflow/example_dags/example_sla_dag.py
[2022-12-22T01:32:37.691+0000] {logging_mixin.py:137} INFO - [2022-12-22T01:32:37.690+0000] {dag.py:2676} INFO - Sync 1 DAGs
[2022-12-22T01:32:37.728+0000] {logging_mixin.py:137} INFO - [2022-12-22T01:32:37.728+0000] {dag.py:3427} INFO - Setting next_dagrun for example_sla_dag to 2022-12-22T01:30:00+00:00, run_after=2022-12-22T01:32:00+00:00
[2022-12-22T01:32:37.809+0000] {processor.py:175} INFO - Processing /home/airflow/.local/lib/python3.7/site-packages/airflow/example_dags/example_sla_dag.py took 0.187 seconds
[2022-12-22T01:33:13.104+0000] {processor.py:153} INFO - Started process (PID=2477) to work on /home/airflow/.local/lib/python3.7/site-packages/airflow/example_dags/example_sla_dag.py
[2022-12-22T01:33:13.105+0000] {processor.py:743} INFO - Processing file /home/airflow/.local/lib/python3.7/site-packages/airflow/example_dags/example_sla_dag.py for tasks to queue
[2022-12-22T01:33:13.106+0000] {logging_mixin.py:137} INFO - [2022-12-22T01:33:13.106+0000] {dagbag.py:538} INFO - Filling up the DagBag from /home/airflow/.local/lib/python3.7/site-packages/airflow/example_dags/example_sla_dag.py
[2022-12-22T01:33:13.289+0000] {processor.py:753} INFO - DAG(s) dict_keys(['example_sla_dag']) retrieved from /home/airflow/.local/lib/python3.7/site-packages/airflow/example_dags/example_sla_dag.py
[2022-12-22T01:33:13.490+0000] {logging_mixin.py:137} INFO - [2022-12-22T01:33:13.490+0000] {dag.py:2676} INFO - Sync 1 DAGs
[2022-12-22T01:33:13.688+0000] {logging_mixin.py:137} INFO - [2022-12-22T01:33:13.687+0000] {dag.py:3427} INFO - Setting next_dagrun for example_sla_dag to 2022-12-22T01:30:00+00:00, run_after=2022-12-22T01:32:00+00:00
[2022-12-22T01:33:13.791+0000] {processor.py:175} INFO - Processing /home/airflow/.local/lib/python3.7/site-packages/airflow/example_dags/example_sla_dag.py took 0.690 seconds
[2022-12-22T01:33:44.376+0000] {processor.py:153} INFO - Started process (PID=2563) to work on /home/airflow/.local/lib/python3.7/site-packages/airflow/example_dags/example_sla_dag.py
[2022-12-22T01:33:44.377+0000] {processor.py:743} INFO - Processing file /home/airflow/.local/lib/python3.7/site-packages/airflow/example_dags/example_sla_dag.py for tasks to queue
[2022-12-22T01:33:44.378+0000] {logging_mixin.py:137} INFO - [2022-12-22T01:33:44.378+0000] {dagbag.py:538} INFO - Filling up the DagBag from /home/airflow/.local/lib/python3.7/site-packages/airflow/example_dags/example_sla_dag.py
[2022-12-22T01:33:44.402+0000] {processor.py:753} INFO - DAG(s) dict_keys(['example_sla_dag']) retrieved from /home/airflow/.local/lib/python3.7/site-packages/airflow/example_dags/example_sla_dag.py
[2022-12-22T01:33:44.438+0000] {logging_mixin.py:137} INFO - [2022-12-22T01:33:44.438+0000] {dag.py:2676} INFO - Sync 1 DAGs
[2022-12-22T01:33:44.469+0000] {logging_mixin.py:137} INFO - [2022-12-22T01:33:44.468+0000] {dag.py:3427} INFO - Setting next_dagrun for example_sla_dag to 2022-12-22T01:30:00+00:00, run_after=2022-12-22T01:32:00+00:00
[2022-12-22T01:33:44.488+0000] {processor.py:175} INFO - Processing /home/airflow/.local/lib/python3.7/site-packages/airflow/example_dags/example_sla_dag.py took 0.114 seconds
[2022-12-22T01:34:15.260+0000] {processor.py:153} INFO - Started process (PID=2649) to work on /home/airflow/.local/lib/python3.7/site-packages/airflow/example_dags/example_sla_dag.py
[2022-12-22T01:34:15.260+0000] {processor.py:743} INFO - Processing file /home/airflow/.local/lib/python3.7/site-packages/airflow/example_dags/example_sla_dag.py for tasks to queue
[2022-12-22T01:34:15.261+0000] {logging_mixin.py:137} INFO - [2022-12-22T01:34:15.261+0000] {dagbag.py:538} INFO - Filling up the DagBag from /home/airflow/.local/lib/python3.7/site-packages/airflow/example_dags/example_sla_dag.py
[2022-12-22T01:34:15.283+0000] {processor.py:753} INFO - DAG(s) dict_keys(['example_sla_dag']) retrieved from /home/airflow/.local/lib/python3.7/site-packages/airflow/example_dags/example_sla_dag.py
[2022-12-22T01:34:15.313+0000] {logging_mixin.py:137} INFO - [2022-12-22T01:34:15.313+0000] {dag.py:2676} INFO - Sync 1 DAGs
[2022-12-22T01:34:15.339+0000] {logging_mixin.py:137} INFO - [2022-12-22T01:34:15.339+0000] {dag.py:3427} INFO - Setting next_dagrun for example_sla_dag to 2022-12-22T01:32:00+00:00, run_after=2022-12-22T01:34:00+00:00
[2022-12-22T01:34:15.355+0000] {processor.py:175} INFO - Processing /home/airflow/.local/lib/python3.7/site-packages/airflow/example_dags/example_sla_dag.py took 0.098 seconds
[2022-12-22T01:34:46.036+0000] {processor.py:153} INFO - Started process (PID=2759) to work on /home/airflow/.local/lib/python3.7/site-packages/airflow/example_dags/example_sla_dag.py
[2022-12-22T01:34:46.037+0000] {processor.py:743} INFO - Processing file /home/airflow/.local/lib/python3.7/site-packages/airflow/example_dags/example_sla_dag.py for tasks to queue
[2022-12-22T01:34:46.037+0000] {logging_mixin.py:137} INFO - [2022-12-22T01:34:46.037+0000] {dagbag.py:538} INFO - Filling up the DagBag from /home/airflow/.local/lib/python3.7/site-packages/airflow/example_dags/example_sla_dag.py
[2022-12-22T01:34:46.059+0000] {processor.py:753} INFO - DAG(s) dict_keys(['example_sla_dag']) retrieved from /home/airflow/.local/lib/python3.7/site-packages/airflow/example_dags/example_sla_dag.py
[2022-12-22T01:34:46.094+0000] {logging_mixin.py:137} INFO - [2022-12-22T01:34:46.094+0000] {dag.py:2676} INFO - Sync 1 DAGs
[2022-12-22T01:34:46.121+0000] {logging_mixin.py:137} INFO - [2022-12-22T01:34:46.121+0000] {dag.py:3427} INFO - Setting next_dagrun for example_sla_dag to 2022-12-22T01:32:00+00:00, run_after=2022-12-22T01:34:00+00:00
[2022-12-22T01:34:46.137+0000] {processor.py:175} INFO - Processing /home/airflow/.local/lib/python3.7/site-packages/airflow/example_dags/example_sla_dag.py took 0.104 seconds
[2022-12-22T01:35:16.377+0000] {processor.py:153} INFO - Started process (PID=2846) to work on /home/airflow/.local/lib/python3.7/site-packages/airflow/example_dags/example_sla_dag.py
[2022-12-22T01:35:16.378+0000] {processor.py:743} INFO - Processing file /home/airflow/.local/lib/python3.7/site-packages/airflow/example_dags/example_sla_dag.py for tasks to queue
[2022-12-22T01:35:16.379+0000] {logging_mixin.py:137} INFO - [2022-12-22T01:35:16.379+0000] {dagbag.py:538} INFO - Filling up the DagBag from /home/airflow/.local/lib/python3.7/site-packages/airflow/example_dags/example_sla_dag.py
[2022-12-22T01:35:16.401+0000] {processor.py:753} INFO - DAG(s) dict_keys(['example_sla_dag']) retrieved from /home/airflow/.local/lib/python3.7/site-packages/airflow/example_dags/example_sla_dag.py
[2022-12-22T01:35:16.435+0000] {logging_mixin.py:137} INFO - [2022-12-22T01:35:16.434+0000] {dag.py:2676} INFO - Sync 1 DAGs
[2022-12-22T01:35:16.461+0000] {logging_mixin.py:137} INFO - [2022-12-22T01:35:16.461+0000] {dag.py:3427} INFO - Setting next_dagrun for example_sla_dag to 2022-12-22T01:32:00+00:00, run_after=2022-12-22T01:34:00+00:00
[2022-12-22T01:35:16.477+0000] {processor.py:175} INFO - Processing /home/airflow/.local/lib/python3.7/site-packages/airflow/example_dags/example_sla_dag.py took 0.102 seconds
[2022-12-22T01:35:46.645+0000] {processor.py:153} INFO - Started process (PID=2932) to work on /home/airflow/.local/lib/python3.7/site-packages/airflow/example_dags/example_sla_dag.py
[2022-12-22T01:35:46.646+0000] {processor.py:743} INFO - Processing file /home/airflow/.local/lib/python3.7/site-packages/airflow/example_dags/example_sla_dag.py for tasks to queue
[2022-12-22T01:35:46.647+0000] {logging_mixin.py:137} INFO - [2022-12-22T01:35:46.647+0000] {dagbag.py:538} INFO - Filling up the DagBag from /home/airflow/.local/lib/python3.7/site-packages/airflow/example_dags/example_sla_dag.py
[2022-12-22T01:35:46.670+0000] {processor.py:753} INFO - DAG(s) dict_keys(['example_sla_dag']) retrieved from /home/airflow/.local/lib/python3.7/site-packages/airflow/example_dags/example_sla_dag.py
[2022-12-22T01:35:46.705+0000] {logging_mixin.py:137} INFO - [2022-12-22T01:35:46.704+0000] {dag.py:2676} INFO - Sync 1 DAGs
[2022-12-22T01:35:46.734+0000] {logging_mixin.py:137} INFO - [2022-12-22T01:35:46.734+0000] {dag.py:3427} INFO - Setting next_dagrun for example_sla_dag to 2022-12-22T01:32:00+00:00, run_after=2022-12-22T01:34:00+00:00
[2022-12-22T01:35:46.751+0000] {processor.py:175} INFO - Processing /home/airflow/.local/lib/python3.7/site-packages/airflow/example_dags/example_sla_dag.py took 0.109 seconds
[2022-12-22T01:36:17.343+0000] {processor.py:153} INFO - Started process (PID=3042) to work on /home/airflow/.local/lib/python3.7/site-packages/airflow/example_dags/example_sla_dag.py
[2022-12-22T01:36:17.344+0000] {processor.py:743} INFO - Processing file /home/airflow/.local/lib/python3.7/site-packages/airflow/example_dags/example_sla_dag.py for tasks to queue
[2022-12-22T01:36:17.345+0000] {logging_mixin.py:137} INFO - [2022-12-22T01:36:17.345+0000] {dagbag.py:538} INFO - Filling up the DagBag from /home/airflow/.local/lib/python3.7/site-packages/airflow/example_dags/example_sla_dag.py
[2022-12-22T01:36:17.369+0000] {processor.py:753} INFO - DAG(s) dict_keys(['example_sla_dag']) retrieved from /home/airflow/.local/lib/python3.7/site-packages/airflow/example_dags/example_sla_dag.py
[2022-12-22T01:36:17.404+0000] {logging_mixin.py:137} INFO - [2022-12-22T01:36:17.404+0000] {dag.py:2676} INFO - Sync 1 DAGs
[2022-12-22T01:36:17.435+0000] {logging_mixin.py:137} INFO - [2022-12-22T01:36:17.435+0000] {dag.py:3427} INFO - Setting next_dagrun for example_sla_dag to 2022-12-22T01:34:00+00:00, run_after=2022-12-22T01:36:00+00:00
[2022-12-22T01:36:17.453+0000] {processor.py:175} INFO - Processing /home/airflow/.local/lib/python3.7/site-packages/airflow/example_dags/example_sla_dag.py took 0.112 seconds
[2022-12-22T01:36:47.543+0000] {processor.py:153} INFO - Started process (PID=3128) to work on /home/airflow/.local/lib/python3.7/site-packages/airflow/example_dags/example_sla_dag.py
[2022-12-22T01:36:47.544+0000] {processor.py:743} INFO - Processing file /home/airflow/.local/lib/python3.7/site-packages/airflow/example_dags/example_sla_dag.py for tasks to queue
[2022-12-22T01:36:47.545+0000] {logging_mixin.py:137} INFO - [2022-12-22T01:36:47.545+0000] {dagbag.py:538} INFO - Filling up the DagBag from /home/airflow/.local/lib/python3.7/site-packages/airflow/example_dags/example_sla_dag.py
[2022-12-22T01:36:47.570+0000] {processor.py:753} INFO - DAG(s) dict_keys(['example_sla_dag']) retrieved from /home/airflow/.local/lib/python3.7/site-packages/airflow/example_dags/example_sla_dag.py
[2022-12-22T01:36:47.610+0000] {logging_mixin.py:137} INFO - [2022-12-22T01:36:47.609+0000] {dag.py:2676} INFO - Sync 1 DAGs
[2022-12-22T01:36:47.640+0000] {logging_mixin.py:137} INFO - [2022-12-22T01:36:47.639+0000] {dag.py:3427} INFO - Setting next_dagrun for example_sla_dag to 2022-12-22T01:34:00+00:00, run_after=2022-12-22T01:36:00+00:00
[2022-12-22T01:36:47.657+0000] {processor.py:175} INFO - Processing /home/airflow/.local/lib/python3.7/site-packages/airflow/example_dags/example_sla_dag.py took 0.117 seconds
[2022-12-22T01:37:17.917+0000] {processor.py:153} INFO - Started process (PID=3223) to work on /home/airflow/.local/lib/python3.7/site-packages/airflow/example_dags/example_sla_dag.py
[2022-12-22T01:37:17.918+0000] {processor.py:743} INFO - Processing file /home/airflow/.local/lib/python3.7/site-packages/airflow/example_dags/example_sla_dag.py for tasks to queue
[2022-12-22T01:37:17.918+0000] {logging_mixin.py:137} INFO - [2022-12-22T01:37:17.918+0000] {dagbag.py:538} INFO - Filling up the DagBag from /home/airflow/.local/lib/python3.7/site-packages/airflow/example_dags/example_sla_dag.py
[2022-12-22T01:37:17.946+0000] {processor.py:753} INFO - DAG(s) dict_keys(['example_sla_dag']) retrieved from /home/airflow/.local/lib/python3.7/site-packages/airflow/example_dags/example_sla_dag.py
[2022-12-22T01:37:17.999+0000] {logging_mixin.py:137} INFO - [2022-12-22T01:37:17.999+0000] {dag.py:2676} INFO - Sync 1 DAGs
[2022-12-22T01:37:18.044+0000] {logging_mixin.py:137} INFO - [2022-12-22T01:37:18.044+0000] {dag.py:3427} INFO - Setting next_dagrun for example_sla_dag to 2022-12-22T01:34:00+00:00, run_after=2022-12-22T01:36:00+00:00
[2022-12-22T01:37:18.069+0000] {processor.py:175} INFO - Processing /home/airflow/.local/lib/python3.7/site-packages/airflow/example_dags/example_sla_dag.py took 0.156 seconds
[2022-12-22T01:37:48.774+0000] {processor.py:153} INFO - Started process (PID=3324) to work on /home/airflow/.local/lib/python3.7/site-packages/airflow/example_dags/example_sla_dag.py
[2022-12-22T01:37:48.775+0000] {processor.py:743} INFO - Processing file /home/airflow/.local/lib/python3.7/site-packages/airflow/example_dags/example_sla_dag.py for tasks to queue
[2022-12-22T01:37:48.776+0000] {logging_mixin.py:137} INFO - [2022-12-22T01:37:48.776+0000] {dagbag.py:538} INFO - Filling up the DagBag from /home/airflow/.local/lib/python3.7/site-packages/airflow/example_dags/example_sla_dag.py
[2022-12-22T01:37:48.801+0000] {processor.py:753} INFO - DAG(s) dict_keys(['example_sla_dag']) retrieved from /home/airflow/.local/lib/python3.7/site-packages/airflow/example_dags/example_sla_dag.py
[2022-12-22T01:37:48.837+0000] {logging_mixin.py:137} INFO - [2022-12-22T01:37:48.837+0000] {dag.py:2676} INFO - Sync 1 DAGs
[2022-12-22T01:37:48.865+0000] {logging_mixin.py:137} INFO - [2022-12-22T01:37:48.865+0000] {dag.py:3427} INFO - Setting next_dagrun for example_sla_dag to 2022-12-22T01:34:00+00:00, run_after=2022-12-22T01:36:00+00:00
[2022-12-22T01:37:48.883+0000] {processor.py:175} INFO - Processing /home/airflow/.local/lib/python3.7/site-packages/airflow/example_dags/example_sla_dag.py took 0.112 seconds
[2022-12-22T01:38:19.013+0000] {processor.py:153} INFO - Started process (PID=3410) to work on /home/airflow/.local/lib/python3.7/site-packages/airflow/example_dags/example_sla_dag.py
[2022-12-22T01:38:19.014+0000] {processor.py:743} INFO - Processing file /home/airflow/.local/lib/python3.7/site-packages/airflow/example_dags/example_sla_dag.py for tasks to queue
[2022-12-22T01:38:19.014+0000] {logging_mixin.py:137} INFO - [2022-12-22T01:38:19.014+0000] {dagbag.py:538} INFO - Filling up the DagBag from /home/airflow/.local/lib/python3.7/site-packages/airflow/example_dags/example_sla_dag.py
[2022-12-22T01:38:19.038+0000] {processor.py:753} INFO - DAG(s) dict_keys(['example_sla_dag']) retrieved from /home/airflow/.local/lib/python3.7/site-packages/airflow/example_dags/example_sla_dag.py
[2022-12-22T01:38:19.072+0000] {logging_mixin.py:137} INFO - [2022-12-22T01:38:19.072+0000] {dag.py:2676} INFO - Sync 1 DAGs
[2022-12-22T01:38:19.100+0000] {logging_mixin.py:137} INFO - [2022-12-22T01:38:19.100+0000] {dag.py:3427} INFO - Setting next_dagrun for example_sla_dag to 2022-12-22T01:36:00+00:00, run_after=2022-12-22T01:38:00+00:00
[2022-12-22T01:38:19.122+0000] {processor.py:175} INFO - Processing /home/airflow/.local/lib/python3.7/site-packages/airflow/example_dags/example_sla_dag.py took 0.111 seconds
[2022-12-22T01:38:49.388+0000] {processor.py:153} INFO - Started process (PID=3520) to work on /home/airflow/.local/lib/python3.7/site-packages/airflow/example_dags/example_sla_dag.py
[2022-12-22T01:38:49.389+0000] {processor.py:743} INFO - Processing file /home/airflow/.local/lib/python3.7/site-packages/airflow/example_dags/example_sla_dag.py for tasks to queue
[2022-12-22T01:38:49.389+0000] {logging_mixin.py:137} INFO - [2022-12-22T01:38:49.389+0000] {dagbag.py:538} INFO - Filling up the DagBag from /home/airflow/.local/lib/python3.7/site-packages/airflow/example_dags/example_sla_dag.py
[2022-12-22T01:38:49.415+0000] {processor.py:753} INFO - DAG(s) dict_keys(['example_sla_dag']) retrieved from /home/airflow/.local/lib/python3.7/site-packages/airflow/example_dags/example_sla_dag.py
[2022-12-22T01:38:49.512+0000] {logging_mixin.py:137} INFO - [2022-12-22T01:38:49.511+0000] {dag.py:2676} INFO - Sync 1 DAGs
[2022-12-22T01:38:49.606+0000] {logging_mixin.py:137} INFO - [2022-12-22T01:38:49.606+0000] {dag.py:3427} INFO - Setting next_dagrun for example_sla_dag to 2022-12-22T01:36:00+00:00, run_after=2022-12-22T01:38:00+00:00
[2022-12-22T01:38:49.628+0000] {processor.py:175} INFO - Processing /home/airflow/.local/lib/python3.7/site-packages/airflow/example_dags/example_sla_dag.py took 0.277 seconds
[2022-12-22T01:39:19.758+0000] {processor.py:153} INFO - Started process (PID=3606) to work on /home/airflow/.local/lib/python3.7/site-packages/airflow/example_dags/example_sla_dag.py
[2022-12-22T01:39:19.759+0000] {processor.py:743} INFO - Processing file /home/airflow/.local/lib/python3.7/site-packages/airflow/example_dags/example_sla_dag.py for tasks to queue
[2022-12-22T01:39:19.760+0000] {logging_mixin.py:137} INFO - [2022-12-22T01:39:19.760+0000] {dagbag.py:538} INFO - Filling up the DagBag from /home/airflow/.local/lib/python3.7/site-packages/airflow/example_dags/example_sla_dag.py
[2022-12-22T01:39:19.804+0000] {processor.py:753} INFO - DAG(s) dict_keys(['example_sla_dag']) retrieved from /home/airflow/.local/lib/python3.7/site-packages/airflow/example_dags/example_sla_dag.py
[2022-12-22T01:39:19.848+0000] {logging_mixin.py:137} INFO - [2022-12-22T01:39:19.848+0000] {dag.py:2676} INFO - Sync 1 DAGs
[2022-12-22T01:39:19.911+0000] {logging_mixin.py:137} INFO - [2022-12-22T01:39:19.911+0000] {dag.py:3427} INFO - Setting next_dagrun for example_sla_dag to 2022-12-22T01:36:00+00:00, run_after=2022-12-22T01:38:00+00:00
[2022-12-22T01:39:19.930+0000] {processor.py:175} INFO - Processing /home/airflow/.local/lib/python3.7/site-packages/airflow/example_dags/example_sla_dag.py took 0.174 seconds
[2022-12-22T01:39:49.986+0000] {processor.py:153} INFO - Started process (PID=3692) to work on /home/airflow/.local/lib/python3.7/site-packages/airflow/example_dags/example_sla_dag.py
[2022-12-22T01:39:49.987+0000] {processor.py:743} INFO - Processing file /home/airflow/.local/lib/python3.7/site-packages/airflow/example_dags/example_sla_dag.py for tasks to queue
[2022-12-22T01:39:49.987+0000] {logging_mixin.py:137} INFO - [2022-12-22T01:39:49.987+0000] {dagbag.py:538} INFO - Filling up the DagBag from /home/airflow/.local/lib/python3.7/site-packages/airflow/example_dags/example_sla_dag.py
[2022-12-22T01:39:50.010+0000] {processor.py:753} INFO - DAG(s) dict_keys(['example_sla_dag']) retrieved from /home/airflow/.local/lib/python3.7/site-packages/airflow/example_dags/example_sla_dag.py
[2022-12-22T01:39:50.046+0000] {logging_mixin.py:137} INFO - [2022-12-22T01:39:50.046+0000] {dag.py:2676} INFO - Sync 1 DAGs
[2022-12-22T01:39:50.075+0000] {logging_mixin.py:137} INFO - [2022-12-22T01:39:50.075+0000] {dag.py:3427} INFO - Setting next_dagrun for example_sla_dag to 2022-12-22T01:36:00+00:00, run_after=2022-12-22T01:38:00+00:00
[2022-12-22T01:39:50.093+0000] {processor.py:175} INFO - Processing /home/airflow/.local/lib/python3.7/site-packages/airflow/example_dags/example_sla_dag.py took 0.111 seconds
[2022-12-22T01:40:20.620+0000] {processor.py:153} INFO - Started process (PID=3778) to work on /home/airflow/.local/lib/python3.7/site-packages/airflow/example_dags/example_sla_dag.py
[2022-12-22T01:40:20.621+0000] {processor.py:743} INFO - Processing file /home/airflow/.local/lib/python3.7/site-packages/airflow/example_dags/example_sla_dag.py for tasks to queue
[2022-12-22T01:40:20.622+0000] {logging_mixin.py:137} INFO - [2022-12-22T01:40:20.622+0000] {dagbag.py:538} INFO - Filling up the DagBag from /home/airflow/.local/lib/python3.7/site-packages/airflow/example_dags/example_sla_dag.py
[2022-12-22T01:40:20.643+0000] {processor.py:753} INFO - DAG(s) dict_keys(['example_sla_dag']) retrieved from /home/airflow/.local/lib/python3.7/site-packages/airflow/example_dags/example_sla_dag.py
[2022-12-22T01:40:20.676+0000] {logging_mixin.py:137} INFO - [2022-12-22T01:40:20.676+0000] {dag.py:2676} INFO - Sync 1 DAGs
[2022-12-22T01:40:20.707+0000] {logging_mixin.py:137} INFO - [2022-12-22T01:40:20.707+0000] {dag.py:3427} INFO - Setting next_dagrun for example_sla_dag to 2022-12-22T01:38:00+00:00, run_after=2022-12-22T01:40:00+00:00
[2022-12-22T01:40:20.724+0000] {processor.py:175} INFO - Processing /home/airflow/.local/lib/python3.7/site-packages/airflow/example_dags/example_sla_dag.py took 0.106 seconds
[2022-12-22T01:40:50.874+0000] {processor.py:153} INFO - Started process (PID=3888) to work on /home/airflow/.local/lib/python3.7/site-packages/airflow/example_dags/example_sla_dag.py
[2022-12-22T01:40:50.874+0000] {processor.py:743} INFO - Processing file /home/airflow/.local/lib/python3.7/site-packages/airflow/example_dags/example_sla_dag.py for tasks to queue
[2022-12-22T01:40:50.875+0000] {logging_mixin.py:137} INFO - [2022-12-22T01:40:50.875+0000] {dagbag.py:538} INFO - Filling up the DagBag from /home/airflow/.local/lib/python3.7/site-packages/airflow/example_dags/example_sla_dag.py
[2022-12-22T01:40:50.898+0000] {processor.py:753} INFO - DAG(s) dict_keys(['example_sla_dag']) retrieved from /home/airflow/.local/lib/python3.7/site-packages/airflow/example_dags/example_sla_dag.py
[2022-12-22T01:40:50.933+0000] {logging_mixin.py:137} INFO - [2022-12-22T01:40:50.933+0000] {dag.py:2676} INFO - Sync 1 DAGs
[2022-12-22T01:40:50.960+0000] {logging_mixin.py:137} INFO - [2022-12-22T01:40:50.960+0000] {dag.py:3427} INFO - Setting next_dagrun for example_sla_dag to 2022-12-22T01:38:00+00:00, run_after=2022-12-22T01:40:00+00:00
[2022-12-22T01:40:50.977+0000] {processor.py:175} INFO - Processing /home/airflow/.local/lib/python3.7/site-packages/airflow/example_dags/example_sla_dag.py took 0.106 seconds
[2022-12-22T01:41:21.558+0000] {processor.py:153} INFO - Started process (PID=3974) to work on /home/airflow/.local/lib/python3.7/site-packages/airflow/example_dags/example_sla_dag.py
[2022-12-22T01:41:21.559+0000] {processor.py:743} INFO - Processing file /home/airflow/.local/lib/python3.7/site-packages/airflow/example_dags/example_sla_dag.py for tasks to queue
[2022-12-22T01:41:21.560+0000] {logging_mixin.py:137} INFO - [2022-12-22T01:41:21.560+0000] {dagbag.py:538} INFO - Filling up the DagBag from /home/airflow/.local/lib/python3.7/site-packages/airflow/example_dags/example_sla_dag.py
[2022-12-22T01:41:21.583+0000] {processor.py:753} INFO - DAG(s) dict_keys(['example_sla_dag']) retrieved from /home/airflow/.local/lib/python3.7/site-packages/airflow/example_dags/example_sla_dag.py
[2022-12-22T01:41:21.615+0000] {logging_mixin.py:137} INFO - [2022-12-22T01:41:21.615+0000] {dag.py:2676} INFO - Sync 1 DAGs
[2022-12-22T01:41:21.642+0000] {logging_mixin.py:137} INFO - [2022-12-22T01:41:21.642+0000] {dag.py:3427} INFO - Setting next_dagrun for example_sla_dag to 2022-12-22T01:38:00+00:00, run_after=2022-12-22T01:40:00+00:00
[2022-12-22T01:41:21.657+0000] {processor.py:175} INFO - Processing /home/airflow/.local/lib/python3.7/site-packages/airflow/example_dags/example_sla_dag.py took 0.101 seconds
[2022-12-22T01:41:51.784+0000] {processor.py:153} INFO - Started process (PID=4069) to work on /home/airflow/.local/lib/python3.7/site-packages/airflow/example_dags/example_sla_dag.py
[2022-12-22T01:41:51.785+0000] {processor.py:743} INFO - Processing file /home/airflow/.local/lib/python3.7/site-packages/airflow/example_dags/example_sla_dag.py for tasks to queue
[2022-12-22T01:41:51.785+0000] {logging_mixin.py:137} INFO - [2022-12-22T01:41:51.785+0000] {dagbag.py:538} INFO - Filling up the DagBag from /home/airflow/.local/lib/python3.7/site-packages/airflow/example_dags/example_sla_dag.py
[2022-12-22T01:41:51.809+0000] {processor.py:753} INFO - DAG(s) dict_keys(['example_sla_dag']) retrieved from /home/airflow/.local/lib/python3.7/site-packages/airflow/example_dags/example_sla_dag.py
[2022-12-22T01:41:51.914+0000] {logging_mixin.py:137} INFO - [2022-12-22T01:41:51.914+0000] {dag.py:2676} INFO - Sync 1 DAGs
[2022-12-22T01:41:52.020+0000] {logging_mixin.py:137} INFO - [2022-12-22T01:41:52.020+0000] {dag.py:3427} INFO - Setting next_dagrun for example_sla_dag to 2022-12-22T01:38:00+00:00, run_after=2022-12-22T01:40:00+00:00
[2022-12-22T01:41:52.103+0000] {processor.py:175} INFO - Processing /home/airflow/.local/lib/python3.7/site-packages/airflow/example_dags/example_sla_dag.py took 0.322 seconds
[2022-12-22T01:42:22.538+0000] {processor.py:153} INFO - Started process (PID=4170) to work on /home/airflow/.local/lib/python3.7/site-packages/airflow/example_dags/example_sla_dag.py
[2022-12-22T01:42:22.539+0000] {processor.py:743} INFO - Processing file /home/airflow/.local/lib/python3.7/site-packages/airflow/example_dags/example_sla_dag.py for tasks to queue
[2022-12-22T01:42:22.539+0000] {logging_mixin.py:137} INFO - [2022-12-22T01:42:22.539+0000] {dagbag.py:538} INFO - Filling up the DagBag from /home/airflow/.local/lib/python3.7/site-packages/airflow/example_dags/example_sla_dag.py
[2022-12-22T01:42:22.561+0000] {processor.py:753} INFO - DAG(s) dict_keys(['example_sla_dag']) retrieved from /home/airflow/.local/lib/python3.7/site-packages/airflow/example_dags/example_sla_dag.py
[2022-12-22T01:42:22.596+0000] {logging_mixin.py:137} INFO - [2022-12-22T01:42:22.596+0000] {dag.py:2676} INFO - Sync 1 DAGs
[2022-12-22T01:42:22.624+0000] {logging_mixin.py:137} INFO - [2022-12-22T01:42:22.624+0000] {dag.py:3427} INFO - Setting next_dagrun for example_sla_dag to 2022-12-22T01:40:00+00:00, run_after=2022-12-22T01:42:00+00:00
[2022-12-22T01:42:22.641+0000] {processor.py:175} INFO - Processing /home/airflow/.local/lib/python3.7/site-packages/airflow/example_dags/example_sla_dag.py took 0.106 seconds
[2022-12-22T01:42:53.125+0000] {processor.py:153} INFO - Started process (PID=4256) to work on /home/airflow/.local/lib/python3.7/site-packages/airflow/example_dags/example_sla_dag.py
[2022-12-22T01:42:53.126+0000] {processor.py:743} INFO - Processing file /home/airflow/.local/lib/python3.7/site-packages/airflow/example_dags/example_sla_dag.py for tasks to queue
[2022-12-22T01:42:53.127+0000] {logging_mixin.py:137} INFO - [2022-12-22T01:42:53.126+0000] {dagbag.py:538} INFO - Filling up the DagBag from /home/airflow/.local/lib/python3.7/site-packages/airflow/example_dags/example_sla_dag.py
[2022-12-22T01:42:53.150+0000] {processor.py:753} INFO - DAG(s) dict_keys(['example_sla_dag']) retrieved from /home/airflow/.local/lib/python3.7/site-packages/airflow/example_dags/example_sla_dag.py
[2022-12-22T01:42:53.184+0000] {logging_mixin.py:137} INFO - [2022-12-22T01:42:53.184+0000] {dag.py:2676} INFO - Sync 1 DAGs
[2022-12-22T01:42:53.210+0000] {logging_mixin.py:137} INFO - [2022-12-22T01:42:53.210+0000] {dag.py:3427} INFO - Setting next_dagrun for example_sla_dag to 2022-12-22T01:40:00+00:00, run_after=2022-12-22T01:42:00+00:00
[2022-12-22T01:42:53.226+0000] {processor.py:175} INFO - Processing /home/airflow/.local/lib/python3.7/site-packages/airflow/example_dags/example_sla_dag.py took 0.103 seconds
[2022-12-22T01:43:23.980+0000] {processor.py:153} INFO - Started process (PID=4366) to work on /home/airflow/.local/lib/python3.7/site-packages/airflow/example_dags/example_sla_dag.py
[2022-12-22T01:43:23.981+0000] {processor.py:743} INFO - Processing file /home/airflow/.local/lib/python3.7/site-packages/airflow/example_dags/example_sla_dag.py for tasks to queue
[2022-12-22T01:43:23.982+0000] {logging_mixin.py:137} INFO - [2022-12-22T01:43:23.982+0000] {dagbag.py:538} INFO - Filling up the DagBag from /home/airflow/.local/lib/python3.7/site-packages/airflow/example_dags/example_sla_dag.py
[2022-12-22T01:43:24.012+0000] {processor.py:753} INFO - DAG(s) dict_keys(['example_sla_dag']) retrieved from /home/airflow/.local/lib/python3.7/site-packages/airflow/example_dags/example_sla_dag.py
[2022-12-22T01:43:24.053+0000] {logging_mixin.py:137} INFO - [2022-12-22T01:43:24.052+0000] {dag.py:2676} INFO - Sync 1 DAGs
[2022-12-22T01:43:24.094+0000] {logging_mixin.py:137} INFO - [2022-12-22T01:43:24.094+0000] {dag.py:3427} INFO - Setting next_dagrun for example_sla_dag to 2022-12-22T01:40:00+00:00, run_after=2022-12-22T01:42:00+00:00
[2022-12-22T01:43:24.117+0000] {processor.py:175} INFO - Processing /home/airflow/.local/lib/python3.7/site-packages/airflow/example_dags/example_sla_dag.py took 0.140 seconds
[2022-12-22T01:43:54.501+0000] {processor.py:153} INFO - Started process (PID=4452) to work on /home/airflow/.local/lib/python3.7/site-packages/airflow/example_dags/example_sla_dag.py
[2022-12-22T01:43:54.502+0000] {processor.py:743} INFO - Processing file /home/airflow/.local/lib/python3.7/site-packages/airflow/example_dags/example_sla_dag.py for tasks to queue
[2022-12-22T01:43:54.502+0000] {logging_mixin.py:137} INFO - [2022-12-22T01:43:54.502+0000] {dagbag.py:538} INFO - Filling up the DagBag from /home/airflow/.local/lib/python3.7/site-packages/airflow/example_dags/example_sla_dag.py
[2022-12-22T01:43:54.525+0000] {processor.py:753} INFO - DAG(s) dict_keys(['example_sla_dag']) retrieved from /home/airflow/.local/lib/python3.7/site-packages/airflow/example_dags/example_sla_dag.py
[2022-12-22T01:43:54.560+0000] {logging_mixin.py:137} INFO - [2022-12-22T01:43:54.560+0000] {dag.py:2676} INFO - Sync 1 DAGs
[2022-12-22T01:43:54.589+0000] {logging_mixin.py:137} INFO - [2022-12-22T01:43:54.588+0000] {dag.py:3427} INFO - Setting next_dagrun for example_sla_dag to 2022-12-22T01:40:00+00:00, run_after=2022-12-22T01:42:00+00:00
[2022-12-22T01:43:54.605+0000] {processor.py:175} INFO - Processing /home/airflow/.local/lib/python3.7/site-packages/airflow/example_dags/example_sla_dag.py took 0.106 seconds
[2022-12-22T01:44:24.920+0000] {processor.py:153} INFO - Started process (PID=4562) to work on /home/airflow/.local/lib/python3.7/site-packages/airflow/example_dags/example_sla_dag.py
[2022-12-22T01:44:24.921+0000] {processor.py:743} INFO - Processing file /home/airflow/.local/lib/python3.7/site-packages/airflow/example_dags/example_sla_dag.py for tasks to queue
[2022-12-22T01:44:24.922+0000] {logging_mixin.py:137} INFO - [2022-12-22T01:44:24.922+0000] {dagbag.py:538} INFO - Filling up the DagBag from /home/airflow/.local/lib/python3.7/site-packages/airflow/example_dags/example_sla_dag.py
[2022-12-22T01:44:24.947+0000] {processor.py:753} INFO - DAG(s) dict_keys(['example_sla_dag']) retrieved from /home/airflow/.local/lib/python3.7/site-packages/airflow/example_dags/example_sla_dag.py
[2022-12-22T01:44:24.991+0000] {logging_mixin.py:137} INFO - [2022-12-22T01:44:24.990+0000] {dag.py:2676} INFO - Sync 1 DAGs
[2022-12-22T01:44:25.022+0000] {logging_mixin.py:137} INFO - [2022-12-22T01:44:25.022+0000] {dag.py:3427} INFO - Setting next_dagrun for example_sla_dag to 2022-12-22T01:42:00+00:00, run_after=2022-12-22T01:44:00+00:00
[2022-12-22T01:44:25.041+0000] {processor.py:175} INFO - Processing /home/airflow/.local/lib/python3.7/site-packages/airflow/example_dags/example_sla_dag.py took 0.123 seconds
[2022-12-22T01:44:55.682+0000] {processor.py:153} INFO - Started process (PID=4648) to work on /home/airflow/.local/lib/python3.7/site-packages/airflow/example_dags/example_sla_dag.py
[2022-12-22T01:44:55.683+0000] {processor.py:743} INFO - Processing file /home/airflow/.local/lib/python3.7/site-packages/airflow/example_dags/example_sla_dag.py for tasks to queue
[2022-12-22T01:44:55.684+0000] {logging_mixin.py:137} INFO - [2022-12-22T01:44:55.683+0000] {dagbag.py:538} INFO - Filling up the DagBag from /home/airflow/.local/lib/python3.7/site-packages/airflow/example_dags/example_sla_dag.py
[2022-12-22T01:44:55.707+0000] {processor.py:753} INFO - DAG(s) dict_keys(['example_sla_dag']) retrieved from /home/airflow/.local/lib/python3.7/site-packages/airflow/example_dags/example_sla_dag.py
[2022-12-22T01:44:55.740+0000] {logging_mixin.py:137} INFO - [2022-12-22T01:44:55.740+0000] {dag.py:2676} INFO - Sync 1 DAGs
[2022-12-22T01:44:55.766+0000] {logging_mixin.py:137} INFO - [2022-12-22T01:44:55.766+0000] {dag.py:3427} INFO - Setting next_dagrun for example_sla_dag to 2022-12-22T01:42:00+00:00, run_after=2022-12-22T01:44:00+00:00
[2022-12-22T01:44:55.781+0000] {processor.py:175} INFO - Processing /home/airflow/.local/lib/python3.7/site-packages/airflow/example_dags/example_sla_dag.py took 0.101 seconds
[2022-12-22T01:45:26.922+0000] {processor.py:153} INFO - Started process (PID=4734) to work on /home/airflow/.local/lib/python3.7/site-packages/airflow/example_dags/example_sla_dag.py
[2022-12-22T01:45:26.923+0000] {processor.py:743} INFO - Processing file /home/airflow/.local/lib/python3.7/site-packages/airflow/example_dags/example_sla_dag.py for tasks to queue
[2022-12-22T01:45:26.924+0000] {logging_mixin.py:137} INFO - [2022-12-22T01:45:26.923+0000] {dagbag.py:538} INFO - Filling up the DagBag from /home/airflow/.local/lib/python3.7/site-packages/airflow/example_dags/example_sla_dag.py
[2022-12-22T01:45:27.006+0000] {processor.py:753} INFO - DAG(s) dict_keys(['example_sla_dag']) retrieved from /home/airflow/.local/lib/python3.7/site-packages/airflow/example_dags/example_sla_dag.py
[2022-12-22T01:45:27.110+0000] {logging_mixin.py:137} INFO - [2022-12-22T01:45:27.110+0000] {dag.py:2676} INFO - Sync 1 DAGs
[2022-12-22T01:45:27.195+0000] {logging_mixin.py:137} INFO - [2022-12-22T01:45:27.195+0000] {dag.py:3427} INFO - Setting next_dagrun for example_sla_dag to 2022-12-22T01:42:00+00:00, run_after=2022-12-22T01:44:00+00:00
[2022-12-22T01:45:27.215+0000] {processor.py:175} INFO - Processing /home/airflow/.local/lib/python3.7/site-packages/airflow/example_dags/example_sla_dag.py took 0.296 seconds
[2022-12-22T01:45:57.809+0000] {processor.py:153} INFO - Started process (PID=4827) to work on /home/airflow/.local/lib/python3.7/site-packages/airflow/example_dags/example_sla_dag.py
[2022-12-22T01:45:57.810+0000] {processor.py:743} INFO - Processing file /home/airflow/.local/lib/python3.7/site-packages/airflow/example_dags/example_sla_dag.py for tasks to queue
[2022-12-22T01:45:57.811+0000] {logging_mixin.py:137} INFO - [2022-12-22T01:45:57.811+0000] {dagbag.py:538} INFO - Filling up the DagBag from /home/airflow/.local/lib/python3.7/site-packages/airflow/example_dags/example_sla_dag.py
[2022-12-22T01:45:57.904+0000] {processor.py:753} INFO - DAG(s) dict_keys(['example_sla_dag']) retrieved from /home/airflow/.local/lib/python3.7/site-packages/airflow/example_dags/example_sla_dag.py
[2022-12-22T01:45:58.016+0000] {logging_mixin.py:137} INFO - [2022-12-22T01:45:58.016+0000] {dag.py:2676} INFO - Sync 1 DAGs
[2022-12-22T01:45:58.114+0000] {logging_mixin.py:137} INFO - [2022-12-22T01:45:58.114+0000] {dag.py:3427} INFO - Setting next_dagrun for example_sla_dag to 2022-12-22T01:42:00+00:00, run_after=2022-12-22T01:44:00+00:00
[2022-12-22T01:45:58.132+0000] {processor.py:175} INFO - Processing /home/airflow/.local/lib/python3.7/site-packages/airflow/example_dags/example_sla_dag.py took 0.326 seconds
[2022-12-22T01:46:28.987+0000] {processor.py:153} INFO - Started process (PID=4930) to work on /home/airflow/.local/lib/python3.7/site-packages/airflow/example_dags/example_sla_dag.py
[2022-12-22T01:46:28.988+0000] {processor.py:743} INFO - Processing file /home/airflow/.local/lib/python3.7/site-packages/airflow/example_dags/example_sla_dag.py for tasks to queue
[2022-12-22T01:46:28.989+0000] {logging_mixin.py:137} INFO - [2022-12-22T01:46:28.988+0000] {dagbag.py:538} INFO - Filling up the DagBag from /home/airflow/.local/lib/python3.7/site-packages/airflow/example_dags/example_sla_dag.py
[2022-12-22T01:46:29.013+0000] {processor.py:753} INFO - DAG(s) dict_keys(['example_sla_dag']) retrieved from /home/airflow/.local/lib/python3.7/site-packages/airflow/example_dags/example_sla_dag.py
[2022-12-22T01:46:29.048+0000] {logging_mixin.py:137} INFO - [2022-12-22T01:46:29.048+0000] {dag.py:2676} INFO - Sync 1 DAGs
[2022-12-22T01:46:29.075+0000] {logging_mixin.py:137} INFO - [2022-12-22T01:46:29.075+0000] {dag.py:3427} INFO - Setting next_dagrun for example_sla_dag to 2022-12-22T01:44:00+00:00, run_after=2022-12-22T01:46:00+00:00
[2022-12-22T01:46:29.091+0000] {processor.py:175} INFO - Processing /home/airflow/.local/lib/python3.7/site-packages/airflow/example_dags/example_sla_dag.py took 0.106 seconds
[2022-12-22T01:46:59.786+0000] {processor.py:153} INFO - Started process (PID=5016) to work on /home/airflow/.local/lib/python3.7/site-packages/airflow/example_dags/example_sla_dag.py
[2022-12-22T01:46:59.787+0000] {processor.py:743} INFO - Processing file /home/airflow/.local/lib/python3.7/site-packages/airflow/example_dags/example_sla_dag.py for tasks to queue
[2022-12-22T01:46:59.787+0000] {logging_mixin.py:137} INFO - [2022-12-22T01:46:59.787+0000] {dagbag.py:538} INFO - Filling up the DagBag from /home/airflow/.local/lib/python3.7/site-packages/airflow/example_dags/example_sla_dag.py
[2022-12-22T01:46:59.810+0000] {processor.py:753} INFO - DAG(s) dict_keys(['example_sla_dag']) retrieved from /home/airflow/.local/lib/python3.7/site-packages/airflow/example_dags/example_sla_dag.py
[2022-12-22T01:46:59.845+0000] {logging_mixin.py:137} INFO - [2022-12-22T01:46:59.845+0000] {dag.py:2676} INFO - Sync 1 DAGs
[2022-12-22T01:46:59.875+0000] {logging_mixin.py:137} INFO - [2022-12-22T01:46:59.875+0000] {dag.py:3427} INFO - Setting next_dagrun for example_sla_dag to 2022-12-22T01:44:00+00:00, run_after=2022-12-22T01:46:00+00:00
[2022-12-22T01:46:59.901+0000] {processor.py:175} INFO - Processing /home/airflow/.local/lib/python3.7/site-packages/airflow/example_dags/example_sla_dag.py took 0.118 seconds
[2022-12-22T01:47:30.697+0000] {processor.py:153} INFO - Started process (PID=5111) to work on /home/airflow/.local/lib/python3.7/site-packages/airflow/example_dags/example_sla_dag.py
[2022-12-22T01:47:30.698+0000] {processor.py:743} INFO - Processing file /home/airflow/.local/lib/python3.7/site-packages/airflow/example_dags/example_sla_dag.py for tasks to queue
[2022-12-22T01:47:30.699+0000] {logging_mixin.py:137} INFO - [2022-12-22T01:47:30.699+0000] {dagbag.py:538} INFO - Filling up the DagBag from /home/airflow/.local/lib/python3.7/site-packages/airflow/example_dags/example_sla_dag.py
[2022-12-22T01:47:30.721+0000] {processor.py:753} INFO - DAG(s) dict_keys(['example_sla_dag']) retrieved from /home/airflow/.local/lib/python3.7/site-packages/airflow/example_dags/example_sla_dag.py
[2022-12-22T01:47:30.757+0000] {logging_mixin.py:137} INFO - [2022-12-22T01:47:30.757+0000] {dag.py:2676} INFO - Sync 1 DAGs
[2022-12-22T01:47:30.782+0000] {logging_mixin.py:137} INFO - [2022-12-22T01:47:30.782+0000] {dag.py:3427} INFO - Setting next_dagrun for example_sla_dag to 2022-12-22T01:44:00+00:00, run_after=2022-12-22T01:46:00+00:00
[2022-12-22T01:47:30.801+0000] {processor.py:175} INFO - Processing /home/airflow/.local/lib/python3.7/site-packages/airflow/example_dags/example_sla_dag.py took 0.106 seconds
[2022-12-22T01:48:01.626+0000] {processor.py:153} INFO - Started process (PID=5212) to work on /home/airflow/.local/lib/python3.7/site-packages/airflow/example_dags/example_sla_dag.py
[2022-12-22T01:48:01.627+0000] {processor.py:743} INFO - Processing file /home/airflow/.local/lib/python3.7/site-packages/airflow/example_dags/example_sla_dag.py for tasks to queue
[2022-12-22T01:48:01.627+0000] {logging_mixin.py:137} INFO - [2022-12-22T01:48:01.627+0000] {dagbag.py:538} INFO - Filling up the DagBag from /home/airflow/.local/lib/python3.7/site-packages/airflow/example_dags/example_sla_dag.py
[2022-12-22T01:48:01.650+0000] {processor.py:753} INFO - DAG(s) dict_keys(['example_sla_dag']) retrieved from /home/airflow/.local/lib/python3.7/site-packages/airflow/example_dags/example_sla_dag.py
[2022-12-22T01:48:01.684+0000] {logging_mixin.py:137} INFO - [2022-12-22T01:48:01.684+0000] {dag.py:2676} INFO - Sync 1 DAGs
[2022-12-22T01:48:01.711+0000] {logging_mixin.py:137} INFO - [2022-12-22T01:48:01.711+0000] {dag.py:3427} INFO - Setting next_dagrun for example_sla_dag to 2022-12-22T01:46:00+00:00, run_after=2022-12-22T01:48:00+00:00
[2022-12-22T01:48:01.727+0000] {processor.py:175} INFO - Processing /home/airflow/.local/lib/python3.7/site-packages/airflow/example_dags/example_sla_dag.py took 0.104 seconds
[2022-12-22T01:48:31.996+0000] {processor.py:153} INFO - Started process (PID=5298) to work on /home/airflow/.local/lib/python3.7/site-packages/airflow/example_dags/example_sla_dag.py
[2022-12-22T01:48:31.997+0000] {processor.py:743} INFO - Processing file /home/airflow/.local/lib/python3.7/site-packages/airflow/example_dags/example_sla_dag.py for tasks to queue
[2022-12-22T01:48:31.998+0000] {logging_mixin.py:137} INFO - [2022-12-22T01:48:31.998+0000] {dagbag.py:538} INFO - Filling up the DagBag from /home/airflow/.local/lib/python3.7/site-packages/airflow/example_dags/example_sla_dag.py
[2022-12-22T01:48:32.020+0000] {processor.py:753} INFO - DAG(s) dict_keys(['example_sla_dag']) retrieved from /home/airflow/.local/lib/python3.7/site-packages/airflow/example_dags/example_sla_dag.py
[2022-12-22T01:48:32.056+0000] {logging_mixin.py:137} INFO - [2022-12-22T01:48:32.056+0000] {dag.py:2676} INFO - Sync 1 DAGs
[2022-12-22T01:48:32.083+0000] {logging_mixin.py:137} INFO - [2022-12-22T01:48:32.083+0000] {dag.py:3427} INFO - Setting next_dagrun for example_sla_dag to 2022-12-22T01:46:00+00:00, run_after=2022-12-22T01:48:00+00:00
[2022-12-22T01:48:32.100+0000] {processor.py:175} INFO - Processing /home/airflow/.local/lib/python3.7/site-packages/airflow/example_dags/example_sla_dag.py took 0.107 seconds
[2022-12-22T01:49:02.654+0000] {processor.py:153} INFO - Started process (PID=5408) to work on /home/airflow/.local/lib/python3.7/site-packages/airflow/example_dags/example_sla_dag.py
[2022-12-22T01:49:02.655+0000] {processor.py:743} INFO - Processing file /home/airflow/.local/lib/python3.7/site-packages/airflow/example_dags/example_sla_dag.py for tasks to queue
[2022-12-22T01:49:02.655+0000] {logging_mixin.py:137} INFO - [2022-12-22T01:49:02.655+0000] {dagbag.py:538} INFO - Filling up the DagBag from /home/airflow/.local/lib/python3.7/site-packages/airflow/example_dags/example_sla_dag.py
[2022-12-22T01:49:02.679+0000] {processor.py:753} INFO - DAG(s) dict_keys(['example_sla_dag']) retrieved from /home/airflow/.local/lib/python3.7/site-packages/airflow/example_dags/example_sla_dag.py
[2022-12-22T01:49:02.714+0000] {logging_mixin.py:137} INFO - [2022-12-22T01:49:02.713+0000] {dag.py:2676} INFO - Sync 1 DAGs
[2022-12-22T01:49:02.741+0000] {logging_mixin.py:137} INFO - [2022-12-22T01:49:02.741+0000] {dag.py:3427} INFO - Setting next_dagrun for example_sla_dag to 2022-12-22T01:46:00+00:00, run_after=2022-12-22T01:48:00+00:00
[2022-12-22T01:49:02.758+0000] {processor.py:175} INFO - Processing /home/airflow/.local/lib/python3.7/site-packages/airflow/example_dags/example_sla_dag.py took 0.107 seconds
[2022-12-22T01:49:32.854+0000] {processor.py:153} INFO - Started process (PID=5494) to work on /home/airflow/.local/lib/python3.7/site-packages/airflow/example_dags/example_sla_dag.py
[2022-12-22T01:49:32.855+0000] {processor.py:743} INFO - Processing file /home/airflow/.local/lib/python3.7/site-packages/airflow/example_dags/example_sla_dag.py for tasks to queue
[2022-12-22T01:49:32.856+0000] {logging_mixin.py:137} INFO - [2022-12-22T01:49:32.856+0000] {dagbag.py:538} INFO - Filling up the DagBag from /home/airflow/.local/lib/python3.7/site-packages/airflow/example_dags/example_sla_dag.py
[2022-12-22T01:49:32.878+0000] {processor.py:753} INFO - DAG(s) dict_keys(['example_sla_dag']) retrieved from /home/airflow/.local/lib/python3.7/site-packages/airflow/example_dags/example_sla_dag.py
[2022-12-22T01:49:32.923+0000] {logging_mixin.py:137} INFO - [2022-12-22T01:49:32.923+0000] {dag.py:2676} INFO - Sync 1 DAGs
[2022-12-22T01:49:32.964+0000] {logging_mixin.py:137} INFO - [2022-12-22T01:49:32.964+0000] {dag.py:3427} INFO - Setting next_dagrun for example_sla_dag to 2022-12-22T01:46:00+00:00, run_after=2022-12-22T01:48:00+00:00
[2022-12-22T01:49:32.987+0000] {processor.py:175} INFO - Processing /home/airflow/.local/lib/python3.7/site-packages/airflow/example_dags/example_sla_dag.py took 0.135 seconds
[2022-12-22T01:50:03.209+0000] {processor.py:153} INFO - Started process (PID=5580) to work on /home/airflow/.local/lib/python3.7/site-packages/airflow/example_dags/example_sla_dag.py
[2022-12-22T01:50:03.210+0000] {processor.py:743} INFO - Processing file /home/airflow/.local/lib/python3.7/site-packages/airflow/example_dags/example_sla_dag.py for tasks to queue
[2022-12-22T01:50:03.211+0000] {logging_mixin.py:137} INFO - [2022-12-22T01:50:03.211+0000] {dagbag.py:538} INFO - Filling up the DagBag from /home/airflow/.local/lib/python3.7/site-packages/airflow/example_dags/example_sla_dag.py
[2022-12-22T01:50:03.234+0000] {processor.py:753} INFO - DAG(s) dict_keys(['example_sla_dag']) retrieved from /home/airflow/.local/lib/python3.7/site-packages/airflow/example_dags/example_sla_dag.py
[2022-12-22T01:50:03.307+0000] {logging_mixin.py:137} INFO - [2022-12-22T01:50:03.307+0000] {dag.py:2676} INFO - Sync 1 DAGs
[2022-12-22T01:50:03.392+0000] {logging_mixin.py:137} INFO - [2022-12-22T01:50:03.392+0000] {dag.py:3427} INFO - Setting next_dagrun for example_sla_dag to 2022-12-22T01:48:00+00:00, run_after=2022-12-22T01:50:00+00:00
[2022-12-22T01:50:03.413+0000] {processor.py:175} INFO - Processing /home/airflow/.local/lib/python3.7/site-packages/airflow/example_dags/example_sla_dag.py took 0.206 seconds
[2022-12-22T01:50:33.956+0000] {processor.py:153} INFO - Started process (PID=5666) to work on /home/airflow/.local/lib/python3.7/site-packages/airflow/example_dags/example_sla_dag.py
[2022-12-22T01:50:33.957+0000] {processor.py:743} INFO - Processing file /home/airflow/.local/lib/python3.7/site-packages/airflow/example_dags/example_sla_dag.py for tasks to queue
[2022-12-22T01:50:33.957+0000] {logging_mixin.py:137} INFO - [2022-12-22T01:50:33.957+0000] {dagbag.py:538} INFO - Filling up the DagBag from /home/airflow/.local/lib/python3.7/site-packages/airflow/example_dags/example_sla_dag.py
[2022-12-22T01:50:33.981+0000] {processor.py:753} INFO - DAG(s) dict_keys(['example_sla_dag']) retrieved from /home/airflow/.local/lib/python3.7/site-packages/airflow/example_dags/example_sla_dag.py
[2022-12-22T01:50:34.019+0000] {logging_mixin.py:137} INFO - [2022-12-22T01:50:34.018+0000] {dag.py:2676} INFO - Sync 1 DAGs
[2022-12-22T01:50:34.048+0000] {logging_mixin.py:137} INFO - [2022-12-22T01:50:34.048+0000] {dag.py:3427} INFO - Setting next_dagrun for example_sla_dag to 2022-12-22T01:48:00+00:00, run_after=2022-12-22T01:50:00+00:00
[2022-12-22T01:50:34.066+0000] {processor.py:175} INFO - Processing /home/airflow/.local/lib/python3.7/site-packages/airflow/example_dags/example_sla_dag.py took 0.113 seconds
[2022-12-22T01:51:04.515+0000] {processor.py:153} INFO - Started process (PID=5776) to work on /home/airflow/.local/lib/python3.7/site-packages/airflow/example_dags/example_sla_dag.py
[2022-12-22T01:51:04.516+0000] {processor.py:743} INFO - Processing file /home/airflow/.local/lib/python3.7/site-packages/airflow/example_dags/example_sla_dag.py for tasks to queue
[2022-12-22T01:51:04.517+0000] {logging_mixin.py:137} INFO - [2022-12-22T01:51:04.517+0000] {dagbag.py:538} INFO - Filling up the DagBag from /home/airflow/.local/lib/python3.7/site-packages/airflow/example_dags/example_sla_dag.py
[2022-12-22T01:51:04.540+0000] {processor.py:753} INFO - DAG(s) dict_keys(['example_sla_dag']) retrieved from /home/airflow/.local/lib/python3.7/site-packages/airflow/example_dags/example_sla_dag.py
[2022-12-22T01:51:04.578+0000] {logging_mixin.py:137} INFO - [2022-12-22T01:51:04.578+0000] {dag.py:2676} INFO - Sync 1 DAGs
[2022-12-22T01:51:04.609+0000] {logging_mixin.py:137} INFO - [2022-12-22T01:51:04.609+0000] {dag.py:3427} INFO - Setting next_dagrun for example_sla_dag to 2022-12-22T01:48:00+00:00, run_after=2022-12-22T01:50:00+00:00
[2022-12-22T01:51:04.626+0000] {processor.py:175} INFO - Processing /home/airflow/.local/lib/python3.7/site-packages/airflow/example_dags/example_sla_dag.py took 0.113 seconds
