[2022-12-22T01:20:28.005+0000] {processor.py:153} INFO - Started process (PID=145) to work on /home/airflow/.local/lib/python3.7/site-packages/airflow/example_dags/tutorial_taskflow_api.py
[2022-12-22T01:20:28.006+0000] {processor.py:743} INFO - Processing file /home/airflow/.local/lib/python3.7/site-packages/airflow/example_dags/tutorial_taskflow_api.py for tasks to queue
[2022-12-22T01:20:28.006+0000] {logging_mixin.py:137} INFO - [2022-12-22T01:20:28.006+0000] {dagbag.py:538} INFO - Filling up the DagBag from /home/airflow/.local/lib/python3.7/site-packages/airflow/example_dags/tutorial_taskflow_api.py
[2022-12-22T01:20:28.106+0000] {processor.py:753} INFO - DAG(s) dict_keys(['tutorial_taskflow_api']) retrieved from /home/airflow/.local/lib/python3.7/site-packages/airflow/example_dags/tutorial_taskflow_api.py
[2022-12-22T01:20:28.288+0000] {logging_mixin.py:137} INFO - [2022-12-22T01:20:28.287+0000] {dag.py:2676} INFO - Sync 1 DAGs
[2022-12-22T01:20:28.397+0000] {logging_mixin.py:137} INFO - [2022-12-22T01:20:28.397+0000] {dag.py:3427} INFO - Setting next_dagrun for tutorial_taskflow_api to None, run_after=None
[2022-12-22T01:20:28.493+0000] {processor.py:175} INFO - Processing /home/airflow/.local/lib/python3.7/site-packages/airflow/example_dags/tutorial_taskflow_api.py took 0.490 seconds
[2022-12-22T01:20:59.069+0000] {processor.py:153} INFO - Started process (PID=231) to work on /home/airflow/.local/lib/python3.7/site-packages/airflow/example_dags/tutorial_taskflow_api.py
[2022-12-22T01:20:59.070+0000] {processor.py:743} INFO - Processing file /home/airflow/.local/lib/python3.7/site-packages/airflow/example_dags/tutorial_taskflow_api.py for tasks to queue
[2022-12-22T01:20:59.070+0000] {logging_mixin.py:137} INFO - [2022-12-22T01:20:59.070+0000] {dagbag.py:538} INFO - Filling up the DagBag from /home/airflow/.local/lib/python3.7/site-packages/airflow/example_dags/tutorial_taskflow_api.py
[2022-12-22T01:20:59.089+0000] {processor.py:753} INFO - DAG(s) dict_keys(['tutorial_taskflow_api']) retrieved from /home/airflow/.local/lib/python3.7/site-packages/airflow/example_dags/tutorial_taskflow_api.py
[2022-12-22T01:20:59.123+0000] {logging_mixin.py:137} INFO - [2022-12-22T01:20:59.123+0000] {dag.py:2676} INFO - Sync 1 DAGs
[2022-12-22T01:20:59.149+0000] {logging_mixin.py:137} INFO - [2022-12-22T01:20:59.149+0000] {dag.py:3427} INFO - Setting next_dagrun for tutorial_taskflow_api to None, run_after=None
[2022-12-22T01:20:59.166+0000] {processor.py:175} INFO - Processing /home/airflow/.local/lib/python3.7/site-packages/airflow/example_dags/tutorial_taskflow_api.py took 0.100 seconds
[2022-12-22T01:21:29.264+0000] {processor.py:153} INFO - Started process (PID=317) to work on /home/airflow/.local/lib/python3.7/site-packages/airflow/example_dags/tutorial_taskflow_api.py
[2022-12-22T01:21:29.265+0000] {processor.py:743} INFO - Processing file /home/airflow/.local/lib/python3.7/site-packages/airflow/example_dags/tutorial_taskflow_api.py for tasks to queue
[2022-12-22T01:21:29.265+0000] {logging_mixin.py:137} INFO - [2022-12-22T01:21:29.265+0000] {dagbag.py:538} INFO - Filling up the DagBag from /home/airflow/.local/lib/python3.7/site-packages/airflow/example_dags/tutorial_taskflow_api.py
[2022-12-22T01:21:29.285+0000] {processor.py:753} INFO - DAG(s) dict_keys(['tutorial_taskflow_api']) retrieved from /home/airflow/.local/lib/python3.7/site-packages/airflow/example_dags/tutorial_taskflow_api.py
[2022-12-22T01:21:29.319+0000] {logging_mixin.py:137} INFO - [2022-12-22T01:21:29.319+0000] {dag.py:2676} INFO - Sync 1 DAGs
[2022-12-22T01:21:29.344+0000] {logging_mixin.py:137} INFO - [2022-12-22T01:21:29.344+0000] {dag.py:3427} INFO - Setting next_dagrun for tutorial_taskflow_api to None, run_after=None
[2022-12-22T01:21:29.361+0000] {processor.py:175} INFO - Processing /home/airflow/.local/lib/python3.7/site-packages/airflow/example_dags/tutorial_taskflow_api.py took 0.100 seconds
[2022-12-22T01:21:59.643+0000] {processor.py:153} INFO - Started process (PID=427) to work on /home/airflow/.local/lib/python3.7/site-packages/airflow/example_dags/tutorial_taskflow_api.py
[2022-12-22T01:21:59.644+0000] {processor.py:743} INFO - Processing file /home/airflow/.local/lib/python3.7/site-packages/airflow/example_dags/tutorial_taskflow_api.py for tasks to queue
[2022-12-22T01:21:59.644+0000] {logging_mixin.py:137} INFO - [2022-12-22T01:21:59.644+0000] {dagbag.py:538} INFO - Filling up the DagBag from /home/airflow/.local/lib/python3.7/site-packages/airflow/example_dags/tutorial_taskflow_api.py
[2022-12-22T01:21:59.664+0000] {processor.py:753} INFO - DAG(s) dict_keys(['tutorial_taskflow_api']) retrieved from /home/airflow/.local/lib/python3.7/site-packages/airflow/example_dags/tutorial_taskflow_api.py
[2022-12-22T01:21:59.697+0000] {logging_mixin.py:137} INFO - [2022-12-22T01:21:59.696+0000] {dag.py:2676} INFO - Sync 1 DAGs
[2022-12-22T01:21:59.720+0000] {logging_mixin.py:137} INFO - [2022-12-22T01:21:59.720+0000] {dag.py:3427} INFO - Setting next_dagrun for tutorial_taskflow_api to None, run_after=None
[2022-12-22T01:21:59.736+0000] {processor.py:175} INFO - Processing /home/airflow/.local/lib/python3.7/site-packages/airflow/example_dags/tutorial_taskflow_api.py took 0.095 seconds
[2022-12-22T01:22:29.953+0000] {processor.py:153} INFO - Started process (PID=513) to work on /home/airflow/.local/lib/python3.7/site-packages/airflow/example_dags/tutorial_taskflow_api.py
[2022-12-22T01:22:29.954+0000] {processor.py:743} INFO - Processing file /home/airflow/.local/lib/python3.7/site-packages/airflow/example_dags/tutorial_taskflow_api.py for tasks to queue
[2022-12-22T01:22:29.954+0000] {logging_mixin.py:137} INFO - [2022-12-22T01:22:29.954+0000] {dagbag.py:538} INFO - Filling up the DagBag from /home/airflow/.local/lib/python3.7/site-packages/airflow/example_dags/tutorial_taskflow_api.py
[2022-12-22T01:22:29.973+0000] {processor.py:753} INFO - DAG(s) dict_keys(['tutorial_taskflow_api']) retrieved from /home/airflow/.local/lib/python3.7/site-packages/airflow/example_dags/tutorial_taskflow_api.py
[2022-12-22T01:22:30.006+0000] {logging_mixin.py:137} INFO - [2022-12-22T01:22:30.005+0000] {dag.py:2676} INFO - Sync 1 DAGs
[2022-12-22T01:22:30.028+0000] {logging_mixin.py:137} INFO - [2022-12-22T01:22:30.028+0000] {dag.py:3427} INFO - Setting next_dagrun for tutorial_taskflow_api to None, run_after=None
[2022-12-22T01:22:30.043+0000] {processor.py:175} INFO - Processing /home/airflow/.local/lib/python3.7/site-packages/airflow/example_dags/tutorial_taskflow_api.py took 0.092 seconds
[2022-12-22T01:23:00.399+0000] {processor.py:153} INFO - Started process (PID=623) to work on /home/airflow/.local/lib/python3.7/site-packages/airflow/example_dags/tutorial_taskflow_api.py
[2022-12-22T01:23:00.400+0000] {processor.py:743} INFO - Processing file /home/airflow/.local/lib/python3.7/site-packages/airflow/example_dags/tutorial_taskflow_api.py for tasks to queue
[2022-12-22T01:23:00.400+0000] {logging_mixin.py:137} INFO - [2022-12-22T01:23:00.400+0000] {dagbag.py:538} INFO - Filling up the DagBag from /home/airflow/.local/lib/python3.7/site-packages/airflow/example_dags/tutorial_taskflow_api.py
[2022-12-22T01:23:00.420+0000] {processor.py:753} INFO - DAG(s) dict_keys(['tutorial_taskflow_api']) retrieved from /home/airflow/.local/lib/python3.7/site-packages/airflow/example_dags/tutorial_taskflow_api.py
[2022-12-22T01:23:00.453+0000] {logging_mixin.py:137} INFO - [2022-12-22T01:23:00.453+0000] {dag.py:2676} INFO - Sync 1 DAGs
[2022-12-22T01:23:00.476+0000] {logging_mixin.py:137} INFO - [2022-12-22T01:23:00.476+0000] {dag.py:3427} INFO - Setting next_dagrun for tutorial_taskflow_api to None, run_after=None
[2022-12-22T01:23:00.493+0000] {processor.py:175} INFO - Processing /home/airflow/.local/lib/python3.7/site-packages/airflow/example_dags/tutorial_taskflow_api.py took 0.096 seconds
[2022-12-22T01:23:30.577+0000] {processor.py:153} INFO - Started process (PID=709) to work on /home/airflow/.local/lib/python3.7/site-packages/airflow/example_dags/tutorial_taskflow_api.py
[2022-12-22T01:23:30.578+0000] {processor.py:743} INFO - Processing file /home/airflow/.local/lib/python3.7/site-packages/airflow/example_dags/tutorial_taskflow_api.py for tasks to queue
[2022-12-22T01:23:30.579+0000] {logging_mixin.py:137} INFO - [2022-12-22T01:23:30.578+0000] {dagbag.py:538} INFO - Filling up the DagBag from /home/airflow/.local/lib/python3.7/site-packages/airflow/example_dags/tutorial_taskflow_api.py
[2022-12-22T01:23:30.599+0000] {processor.py:753} INFO - DAG(s) dict_keys(['tutorial_taskflow_api']) retrieved from /home/airflow/.local/lib/python3.7/site-packages/airflow/example_dags/tutorial_taskflow_api.py
[2022-12-22T01:23:30.633+0000] {logging_mixin.py:137} INFO - [2022-12-22T01:23:30.633+0000] {dag.py:2676} INFO - Sync 1 DAGs
[2022-12-22T01:23:30.656+0000] {logging_mixin.py:137} INFO - [2022-12-22T01:23:30.656+0000] {dag.py:3427} INFO - Setting next_dagrun for tutorial_taskflow_api to None, run_after=None
[2022-12-22T01:23:30.671+0000] {processor.py:175} INFO - Processing /home/airflow/.local/lib/python3.7/site-packages/airflow/example_dags/tutorial_taskflow_api.py took 0.096 seconds
[2022-12-22T01:24:01.115+0000] {processor.py:153} INFO - Started process (PID=802) to work on /home/airflow/.local/lib/python3.7/site-packages/airflow/example_dags/tutorial_taskflow_api.py
[2022-12-22T01:24:01.116+0000] {processor.py:743} INFO - Processing file /home/airflow/.local/lib/python3.7/site-packages/airflow/example_dags/tutorial_taskflow_api.py for tasks to queue
[2022-12-22T01:24:01.117+0000] {logging_mixin.py:137} INFO - [2022-12-22T01:24:01.117+0000] {dagbag.py:538} INFO - Filling up the DagBag from /home/airflow/.local/lib/python3.7/site-packages/airflow/example_dags/tutorial_taskflow_api.py
[2022-12-22T01:24:01.141+0000] {processor.py:753} INFO - DAG(s) dict_keys(['tutorial_taskflow_api']) retrieved from /home/airflow/.local/lib/python3.7/site-packages/airflow/example_dags/tutorial_taskflow_api.py
[2022-12-22T01:24:01.184+0000] {logging_mixin.py:137} INFO - [2022-12-22T01:24:01.184+0000] {dag.py:2676} INFO - Sync 1 DAGs
[2022-12-22T01:24:01.217+0000] {logging_mixin.py:137} INFO - [2022-12-22T01:24:01.217+0000] {dag.py:3427} INFO - Setting next_dagrun for tutorial_taskflow_api to None, run_after=None
[2022-12-22T01:24:01.238+0000] {processor.py:175} INFO - Processing /home/airflow/.local/lib/python3.7/site-packages/airflow/example_dags/tutorial_taskflow_api.py took 0.127 seconds
[2022-12-22T01:24:31.443+0000] {processor.py:153} INFO - Started process (PID=905) to work on /home/airflow/.local/lib/python3.7/site-packages/airflow/example_dags/tutorial_taskflow_api.py
[2022-12-22T01:24:31.444+0000] {processor.py:743} INFO - Processing file /home/airflow/.local/lib/python3.7/site-packages/airflow/example_dags/tutorial_taskflow_api.py for tasks to queue
[2022-12-22T01:24:31.444+0000] {logging_mixin.py:137} INFO - [2022-12-22T01:24:31.444+0000] {dagbag.py:538} INFO - Filling up the DagBag from /home/airflow/.local/lib/python3.7/site-packages/airflow/example_dags/tutorial_taskflow_api.py
[2022-12-22T01:24:31.466+0000] {processor.py:753} INFO - DAG(s) dict_keys(['tutorial_taskflow_api']) retrieved from /home/airflow/.local/lib/python3.7/site-packages/airflow/example_dags/tutorial_taskflow_api.py
[2022-12-22T01:24:31.505+0000] {logging_mixin.py:137} INFO - [2022-12-22T01:24:31.505+0000] {dag.py:2676} INFO - Sync 1 DAGs
[2022-12-22T01:24:31.537+0000] {logging_mixin.py:137} INFO - [2022-12-22T01:24:31.537+0000] {dag.py:3427} INFO - Setting next_dagrun for tutorial_taskflow_api to None, run_after=None
[2022-12-22T01:24:31.560+0000] {processor.py:175} INFO - Processing /home/airflow/.local/lib/python3.7/site-packages/airflow/example_dags/tutorial_taskflow_api.py took 0.120 seconds
[2022-12-22T01:25:01.844+0000] {processor.py:153} INFO - Started process (PID=991) to work on /home/airflow/.local/lib/python3.7/site-packages/airflow/example_dags/tutorial_taskflow_api.py
[2022-12-22T01:25:01.845+0000] {processor.py:743} INFO - Processing file /home/airflow/.local/lib/python3.7/site-packages/airflow/example_dags/tutorial_taskflow_api.py for tasks to queue
[2022-12-22T01:25:01.845+0000] {logging_mixin.py:137} INFO - [2022-12-22T01:25:01.845+0000] {dagbag.py:538} INFO - Filling up the DagBag from /home/airflow/.local/lib/python3.7/site-packages/airflow/example_dags/tutorial_taskflow_api.py
[2022-12-22T01:25:01.865+0000] {processor.py:753} INFO - DAG(s) dict_keys(['tutorial_taskflow_api']) retrieved from /home/airflow/.local/lib/python3.7/site-packages/airflow/example_dags/tutorial_taskflow_api.py
[2022-12-22T01:25:01.898+0000] {logging_mixin.py:137} INFO - [2022-12-22T01:25:01.898+0000] {dag.py:2676} INFO - Sync 1 DAGs
[2022-12-22T01:25:01.922+0000] {logging_mixin.py:137} INFO - [2022-12-22T01:25:01.922+0000] {dag.py:3427} INFO - Setting next_dagrun for tutorial_taskflow_api to None, run_after=None
[2022-12-22T01:25:01.938+0000] {processor.py:175} INFO - Processing /home/airflow/.local/lib/python3.7/site-packages/airflow/example_dags/tutorial_taskflow_api.py took 0.097 seconds
[2022-12-22T01:25:32.864+0000] {processor.py:153} INFO - Started process (PID=1101) to work on /home/airflow/.local/lib/python3.7/site-packages/airflow/example_dags/tutorial_taskflow_api.py
[2022-12-22T01:25:32.865+0000] {processor.py:743} INFO - Processing file /home/airflow/.local/lib/python3.7/site-packages/airflow/example_dags/tutorial_taskflow_api.py for tasks to queue
[2022-12-22T01:25:32.865+0000] {logging_mixin.py:137} INFO - [2022-12-22T01:25:32.865+0000] {dagbag.py:538} INFO - Filling up the DagBag from /home/airflow/.local/lib/python3.7/site-packages/airflow/example_dags/tutorial_taskflow_api.py
[2022-12-22T01:25:32.885+0000] {processor.py:753} INFO - DAG(s) dict_keys(['tutorial_taskflow_api']) retrieved from /home/airflow/.local/lib/python3.7/site-packages/airflow/example_dags/tutorial_taskflow_api.py
[2022-12-22T01:25:32.918+0000] {logging_mixin.py:137} INFO - [2022-12-22T01:25:32.918+0000] {dag.py:2676} INFO - Sync 1 DAGs
[2022-12-22T01:25:32.941+0000] {logging_mixin.py:137} INFO - [2022-12-22T01:25:32.940+0000] {dag.py:3427} INFO - Setting next_dagrun for tutorial_taskflow_api to None, run_after=None
[2022-12-22T01:25:32.957+0000] {processor.py:175} INFO - Processing /home/airflow/.local/lib/python3.7/site-packages/airflow/example_dags/tutorial_taskflow_api.py took 0.096 seconds
[2022-12-22T01:26:03.254+0000] {processor.py:153} INFO - Started process (PID=1187) to work on /home/airflow/.local/lib/python3.7/site-packages/airflow/example_dags/tutorial_taskflow_api.py
[2022-12-22T01:26:03.255+0000] {processor.py:743} INFO - Processing file /home/airflow/.local/lib/python3.7/site-packages/airflow/example_dags/tutorial_taskflow_api.py for tasks to queue
[2022-12-22T01:26:03.255+0000] {logging_mixin.py:137} INFO - [2022-12-22T01:26:03.255+0000] {dagbag.py:538} INFO - Filling up the DagBag from /home/airflow/.local/lib/python3.7/site-packages/airflow/example_dags/tutorial_taskflow_api.py
[2022-12-22T01:26:03.275+0000] {processor.py:753} INFO - DAG(s) dict_keys(['tutorial_taskflow_api']) retrieved from /home/airflow/.local/lib/python3.7/site-packages/airflow/example_dags/tutorial_taskflow_api.py
[2022-12-22T01:26:03.308+0000] {logging_mixin.py:137} INFO - [2022-12-22T01:26:03.307+0000] {dag.py:2676} INFO - Sync 1 DAGs
[2022-12-22T01:26:03.332+0000] {logging_mixin.py:137} INFO - [2022-12-22T01:26:03.332+0000] {dag.py:3427} INFO - Setting next_dagrun for tutorial_taskflow_api to None, run_after=None
[2022-12-22T01:26:03.348+0000] {processor.py:175} INFO - Processing /home/airflow/.local/lib/python3.7/site-packages/airflow/example_dags/tutorial_taskflow_api.py took 0.096 seconds
[2022-12-22T01:26:34.101+0000] {processor.py:153} INFO - Started process (PID=1278) to work on /home/airflow/.local/lib/python3.7/site-packages/airflow/example_dags/tutorial_taskflow_api.py
[2022-12-22T01:26:34.109+0000] {processor.py:743} INFO - Processing file /home/airflow/.local/lib/python3.7/site-packages/airflow/example_dags/tutorial_taskflow_api.py for tasks to queue
[2022-12-22T01:26:34.110+0000] {logging_mixin.py:137} INFO - [2022-12-22T01:26:34.110+0000] {dagbag.py:538} INFO - Filling up the DagBag from /home/airflow/.local/lib/python3.7/site-packages/airflow/example_dags/tutorial_taskflow_api.py
[2022-12-22T01:26:34.194+0000] {processor.py:753} INFO - DAG(s) dict_keys(['tutorial_taskflow_api']) retrieved from /home/airflow/.local/lib/python3.7/site-packages/airflow/example_dags/tutorial_taskflow_api.py
[2022-12-22T01:26:34.402+0000] {logging_mixin.py:137} INFO - [2022-12-22T01:26:34.401+0000] {dag.py:2676} INFO - Sync 1 DAGs
[2022-12-22T01:26:34.511+0000] {logging_mixin.py:137} INFO - [2022-12-22T01:26:34.511+0000] {dag.py:3427} INFO - Setting next_dagrun for tutorial_taskflow_api to None, run_after=None
[2022-12-22T01:26:34.597+0000] {processor.py:175} INFO - Processing /home/airflow/.local/lib/python3.7/site-packages/airflow/example_dags/tutorial_taskflow_api.py took 0.569 seconds
[2022-12-22T01:27:04.827+0000] {processor.py:153} INFO - Started process (PID=1382) to work on /home/airflow/.local/lib/python3.7/site-packages/airflow/example_dags/tutorial_taskflow_api.py
[2022-12-22T01:27:04.828+0000] {processor.py:743} INFO - Processing file /home/airflow/.local/lib/python3.7/site-packages/airflow/example_dags/tutorial_taskflow_api.py for tasks to queue
[2022-12-22T01:27:04.828+0000] {logging_mixin.py:137} INFO - [2022-12-22T01:27:04.828+0000] {dagbag.py:538} INFO - Filling up the DagBag from /home/airflow/.local/lib/python3.7/site-packages/airflow/example_dags/tutorial_taskflow_api.py
[2022-12-22T01:27:04.848+0000] {processor.py:753} INFO - DAG(s) dict_keys(['tutorial_taskflow_api']) retrieved from /home/airflow/.local/lib/python3.7/site-packages/airflow/example_dags/tutorial_taskflow_api.py
[2022-12-22T01:27:04.890+0000] {logging_mixin.py:137} INFO - [2022-12-22T01:27:04.890+0000] {dag.py:2676} INFO - Sync 1 DAGs
[2022-12-22T01:27:04.925+0000] {logging_mixin.py:137} INFO - [2022-12-22T01:27:04.924+0000] {dag.py:3427} INFO - Setting next_dagrun for tutorial_taskflow_api to None, run_after=None
[2022-12-22T01:27:04.950+0000] {processor.py:175} INFO - Processing /home/airflow/.local/lib/python3.7/site-packages/airflow/example_dags/tutorial_taskflow_api.py took 0.125 seconds
[2022-12-22T01:27:35.522+0000] {processor.py:153} INFO - Started process (PID=1468) to work on /home/airflow/.local/lib/python3.7/site-packages/airflow/example_dags/tutorial_taskflow_api.py
[2022-12-22T01:27:35.523+0000] {processor.py:743} INFO - Processing file /home/airflow/.local/lib/python3.7/site-packages/airflow/example_dags/tutorial_taskflow_api.py for tasks to queue
[2022-12-22T01:27:35.524+0000] {logging_mixin.py:137} INFO - [2022-12-22T01:27:35.524+0000] {dagbag.py:538} INFO - Filling up the DagBag from /home/airflow/.local/lib/python3.7/site-packages/airflow/example_dags/tutorial_taskflow_api.py
[2022-12-22T01:27:35.547+0000] {processor.py:753} INFO - DAG(s) dict_keys(['tutorial_taskflow_api']) retrieved from /home/airflow/.local/lib/python3.7/site-packages/airflow/example_dags/tutorial_taskflow_api.py
[2022-12-22T01:27:35.584+0000] {logging_mixin.py:137} INFO - [2022-12-22T01:27:35.584+0000] {dag.py:2676} INFO - Sync 1 DAGs
[2022-12-22T01:27:35.621+0000] {logging_mixin.py:137} INFO - [2022-12-22T01:27:35.620+0000] {dag.py:3427} INFO - Setting next_dagrun for tutorial_taskflow_api to None, run_after=None
[2022-12-22T01:27:35.642+0000] {processor.py:175} INFO - Processing /home/airflow/.local/lib/python3.7/site-packages/airflow/example_dags/tutorial_taskflow_api.py took 0.122 seconds
[2022-12-22T01:28:05.801+0000] {processor.py:153} INFO - Started process (PID=1554) to work on /home/airflow/.local/lib/python3.7/site-packages/airflow/example_dags/tutorial_taskflow_api.py
[2022-12-22T01:28:05.802+0000] {processor.py:743} INFO - Processing file /home/airflow/.local/lib/python3.7/site-packages/airflow/example_dags/tutorial_taskflow_api.py for tasks to queue
[2022-12-22T01:28:05.803+0000] {logging_mixin.py:137} INFO - [2022-12-22T01:28:05.803+0000] {dagbag.py:538} INFO - Filling up the DagBag from /home/airflow/.local/lib/python3.7/site-packages/airflow/example_dags/tutorial_taskflow_api.py
[2022-12-22T01:28:05.822+0000] {processor.py:753} INFO - DAG(s) dict_keys(['tutorial_taskflow_api']) retrieved from /home/airflow/.local/lib/python3.7/site-packages/airflow/example_dags/tutorial_taskflow_api.py
[2022-12-22T01:28:05.855+0000] {logging_mixin.py:137} INFO - [2022-12-22T01:28:05.855+0000] {dag.py:2676} INFO - Sync 1 DAGs
[2022-12-22T01:28:05.879+0000] {logging_mixin.py:137} INFO - [2022-12-22T01:28:05.879+0000] {dag.py:3427} INFO - Setting next_dagrun for tutorial_taskflow_api to None, run_after=None
[2022-12-22T01:28:05.895+0000] {processor.py:175} INFO - Processing /home/airflow/.local/lib/python3.7/site-packages/airflow/example_dags/tutorial_taskflow_api.py took 0.097 seconds
[2022-12-22T01:28:36.272+0000] {processor.py:153} INFO - Started process (PID=1664) to work on /home/airflow/.local/lib/python3.7/site-packages/airflow/example_dags/tutorial_taskflow_api.py
[2022-12-22T01:28:36.273+0000] {processor.py:743} INFO - Processing file /home/airflow/.local/lib/python3.7/site-packages/airflow/example_dags/tutorial_taskflow_api.py for tasks to queue
[2022-12-22T01:28:36.273+0000] {logging_mixin.py:137} INFO - [2022-12-22T01:28:36.273+0000] {dagbag.py:538} INFO - Filling up the DagBag from /home/airflow/.local/lib/python3.7/site-packages/airflow/example_dags/tutorial_taskflow_api.py
[2022-12-22T01:28:36.293+0000] {processor.py:753} INFO - DAG(s) dict_keys(['tutorial_taskflow_api']) retrieved from /home/airflow/.local/lib/python3.7/site-packages/airflow/example_dags/tutorial_taskflow_api.py
[2022-12-22T01:28:36.327+0000] {logging_mixin.py:137} INFO - [2022-12-22T01:28:36.327+0000] {dag.py:2676} INFO - Sync 1 DAGs
[2022-12-22T01:28:36.350+0000] {logging_mixin.py:137} INFO - [2022-12-22T01:28:36.350+0000] {dag.py:3427} INFO - Setting next_dagrun for tutorial_taskflow_api to None, run_after=None
[2022-12-22T01:28:36.366+0000] {processor.py:175} INFO - Processing /home/airflow/.local/lib/python3.7/site-packages/airflow/example_dags/tutorial_taskflow_api.py took 0.096 seconds
[2022-12-22T01:29:06.586+0000] {processor.py:153} INFO - Started process (PID=1750) to work on /home/airflow/.local/lib/python3.7/site-packages/airflow/example_dags/tutorial_taskflow_api.py
[2022-12-22T01:29:06.587+0000] {processor.py:743} INFO - Processing file /home/airflow/.local/lib/python3.7/site-packages/airflow/example_dags/tutorial_taskflow_api.py for tasks to queue
[2022-12-22T01:29:06.587+0000] {logging_mixin.py:137} INFO - [2022-12-22T01:29:06.587+0000] {dagbag.py:538} INFO - Filling up the DagBag from /home/airflow/.local/lib/python3.7/site-packages/airflow/example_dags/tutorial_taskflow_api.py
[2022-12-22T01:29:06.608+0000] {processor.py:753} INFO - DAG(s) dict_keys(['tutorial_taskflow_api']) retrieved from /home/airflow/.local/lib/python3.7/site-packages/airflow/example_dags/tutorial_taskflow_api.py
[2022-12-22T01:29:06.643+0000] {logging_mixin.py:137} INFO - [2022-12-22T01:29:06.642+0000] {dag.py:2676} INFO - Sync 1 DAGs
[2022-12-22T01:29:06.665+0000] {logging_mixin.py:137} INFO - [2022-12-22T01:29:06.665+0000] {dag.py:3427} INFO - Setting next_dagrun for tutorial_taskflow_api to None, run_after=None
[2022-12-22T01:29:06.681+0000] {processor.py:175} INFO - Processing /home/airflow/.local/lib/python3.7/site-packages/airflow/example_dags/tutorial_taskflow_api.py took 0.098 seconds
[2022-12-22T01:29:37.124+0000] {processor.py:153} INFO - Started process (PID=1861) to work on /home/airflow/.local/lib/python3.7/site-packages/airflow/example_dags/tutorial_taskflow_api.py
[2022-12-22T01:29:37.125+0000] {processor.py:743} INFO - Processing file /home/airflow/.local/lib/python3.7/site-packages/airflow/example_dags/tutorial_taskflow_api.py for tasks to queue
[2022-12-22T01:29:37.126+0000] {logging_mixin.py:137} INFO - [2022-12-22T01:29:37.126+0000] {dagbag.py:538} INFO - Filling up the DagBag from /home/airflow/.local/lib/python3.7/site-packages/airflow/example_dags/tutorial_taskflow_api.py
[2022-12-22T01:29:37.148+0000] {processor.py:753} INFO - DAG(s) dict_keys(['tutorial_taskflow_api']) retrieved from /home/airflow/.local/lib/python3.7/site-packages/airflow/example_dags/tutorial_taskflow_api.py
[2022-12-22T01:29:37.225+0000] {logging_mixin.py:137} INFO - [2022-12-22T01:29:37.225+0000] {dag.py:2676} INFO - Sync 1 DAGs
[2022-12-22T01:29:37.250+0000] {logging_mixin.py:137} INFO - [2022-12-22T01:29:37.250+0000] {dag.py:3427} INFO - Setting next_dagrun for tutorial_taskflow_api to None, run_after=None
[2022-12-22T01:29:37.288+0000] {processor.py:175} INFO - Processing /home/airflow/.local/lib/python3.7/site-packages/airflow/example_dags/tutorial_taskflow_api.py took 0.166 seconds
[2022-12-22T01:30:08.025+0000] {processor.py:153} INFO - Started process (PID=1947) to work on /home/airflow/.local/lib/python3.7/site-packages/airflow/example_dags/tutorial_taskflow_api.py
[2022-12-22T01:30:08.026+0000] {processor.py:743} INFO - Processing file /home/airflow/.local/lib/python3.7/site-packages/airflow/example_dags/tutorial_taskflow_api.py for tasks to queue
[2022-12-22T01:30:08.027+0000] {logging_mixin.py:137} INFO - [2022-12-22T01:30:08.026+0000] {dagbag.py:538} INFO - Filling up the DagBag from /home/airflow/.local/lib/python3.7/site-packages/airflow/example_dags/tutorial_taskflow_api.py
[2022-12-22T01:30:08.049+0000] {processor.py:753} INFO - DAG(s) dict_keys(['tutorial_taskflow_api']) retrieved from /home/airflow/.local/lib/python3.7/site-packages/airflow/example_dags/tutorial_taskflow_api.py
[2022-12-22T01:30:08.084+0000] {logging_mixin.py:137} INFO - [2022-12-22T01:30:08.084+0000] {dag.py:2676} INFO - Sync 1 DAGs
[2022-12-22T01:30:08.109+0000] {logging_mixin.py:137} INFO - [2022-12-22T01:30:08.109+0000] {dag.py:3427} INFO - Setting next_dagrun for tutorial_taskflow_api to None, run_after=None
[2022-12-22T01:30:08.129+0000] {processor.py:175} INFO - Processing /home/airflow/.local/lib/python3.7/site-packages/airflow/example_dags/tutorial_taskflow_api.py took 0.106 seconds
[2022-12-22T01:30:38.494+0000] {processor.py:153} INFO - Started process (PID=2034) to work on /home/airflow/.local/lib/python3.7/site-packages/airflow/example_dags/tutorial_taskflow_api.py
[2022-12-22T01:30:38.495+0000] {processor.py:743} INFO - Processing file /home/airflow/.local/lib/python3.7/site-packages/airflow/example_dags/tutorial_taskflow_api.py for tasks to queue
[2022-12-22T01:30:38.495+0000] {logging_mixin.py:137} INFO - [2022-12-22T01:30:38.495+0000] {dagbag.py:538} INFO - Filling up the DagBag from /home/airflow/.local/lib/python3.7/site-packages/airflow/example_dags/tutorial_taskflow_api.py
[2022-12-22T01:30:38.515+0000] {processor.py:753} INFO - DAG(s) dict_keys(['tutorial_taskflow_api']) retrieved from /home/airflow/.local/lib/python3.7/site-packages/airflow/example_dags/tutorial_taskflow_api.py
[2022-12-22T01:30:38.549+0000] {logging_mixin.py:137} INFO - [2022-12-22T01:30:38.548+0000] {dag.py:2676} INFO - Sync 1 DAGs
[2022-12-22T01:30:38.571+0000] {logging_mixin.py:137} INFO - [2022-12-22T01:30:38.571+0000] {dag.py:3427} INFO - Setting next_dagrun for tutorial_taskflow_api to None, run_after=None
[2022-12-22T01:30:38.586+0000] {processor.py:175} INFO - Processing /home/airflow/.local/lib/python3.7/site-packages/airflow/example_dags/tutorial_taskflow_api.py took 0.095 seconds
[2022-12-22T01:31:08.671+0000] {processor.py:153} INFO - Started process (PID=2120) to work on /home/airflow/.local/lib/python3.7/site-packages/airflow/example_dags/tutorial_taskflow_api.py
[2022-12-22T01:31:08.672+0000] {processor.py:743} INFO - Processing file /home/airflow/.local/lib/python3.7/site-packages/airflow/example_dags/tutorial_taskflow_api.py for tasks to queue
[2022-12-22T01:31:08.672+0000] {logging_mixin.py:137} INFO - [2022-12-22T01:31:08.672+0000] {dagbag.py:538} INFO - Filling up the DagBag from /home/airflow/.local/lib/python3.7/site-packages/airflow/example_dags/tutorial_taskflow_api.py
[2022-12-22T01:31:08.692+0000] {processor.py:753} INFO - DAG(s) dict_keys(['tutorial_taskflow_api']) retrieved from /home/airflow/.local/lib/python3.7/site-packages/airflow/example_dags/tutorial_taskflow_api.py
[2022-12-22T01:31:08.745+0000] {logging_mixin.py:137} INFO - [2022-12-22T01:31:08.745+0000] {dag.py:2676} INFO - Sync 1 DAGs
[2022-12-22T01:31:08.768+0000] {logging_mixin.py:137} INFO - [2022-12-22T01:31:08.768+0000] {dag.py:3427} INFO - Setting next_dagrun for tutorial_taskflow_api to None, run_after=None
[2022-12-22T01:31:08.785+0000] {processor.py:175} INFO - Processing /home/airflow/.local/lib/python3.7/site-packages/airflow/example_dags/tutorial_taskflow_api.py took 0.116 seconds
[2022-12-22T01:31:39.247+0000] {processor.py:153} INFO - Started process (PID=2230) to work on /home/airflow/.local/lib/python3.7/site-packages/airflow/example_dags/tutorial_taskflow_api.py
[2022-12-22T01:31:39.248+0000] {processor.py:743} INFO - Processing file /home/airflow/.local/lib/python3.7/site-packages/airflow/example_dags/tutorial_taskflow_api.py for tasks to queue
[2022-12-22T01:31:39.248+0000] {logging_mixin.py:137} INFO - [2022-12-22T01:31:39.248+0000] {dagbag.py:538} INFO - Filling up the DagBag from /home/airflow/.local/lib/python3.7/site-packages/airflow/example_dags/tutorial_taskflow_api.py
[2022-12-22T01:31:39.268+0000] {processor.py:753} INFO - DAG(s) dict_keys(['tutorial_taskflow_api']) retrieved from /home/airflow/.local/lib/python3.7/site-packages/airflow/example_dags/tutorial_taskflow_api.py
[2022-12-22T01:31:39.304+0000] {logging_mixin.py:137} INFO - [2022-12-22T01:31:39.303+0000] {dag.py:2676} INFO - Sync 1 DAGs
[2022-12-22T01:31:39.329+0000] {logging_mixin.py:137} INFO - [2022-12-22T01:31:39.328+0000] {dag.py:3427} INFO - Setting next_dagrun for tutorial_taskflow_api to None, run_after=None
[2022-12-22T01:31:39.347+0000] {processor.py:175} INFO - Processing /home/airflow/.local/lib/python3.7/site-packages/airflow/example_dags/tutorial_taskflow_api.py took 0.102 seconds
[2022-12-22T01:32:09.821+0000] {processor.py:153} INFO - Started process (PID=2316) to work on /home/airflow/.local/lib/python3.7/site-packages/airflow/example_dags/tutorial_taskflow_api.py
[2022-12-22T01:32:09.821+0000] {processor.py:743} INFO - Processing file /home/airflow/.local/lib/python3.7/site-packages/airflow/example_dags/tutorial_taskflow_api.py for tasks to queue
[2022-12-22T01:32:09.822+0000] {logging_mixin.py:137} INFO - [2022-12-22T01:32:09.822+0000] {dagbag.py:538} INFO - Filling up the DagBag from /home/airflow/.local/lib/python3.7/site-packages/airflow/example_dags/tutorial_taskflow_api.py
[2022-12-22T01:32:09.843+0000] {processor.py:753} INFO - DAG(s) dict_keys(['tutorial_taskflow_api']) retrieved from /home/airflow/.local/lib/python3.7/site-packages/airflow/example_dags/tutorial_taskflow_api.py
[2022-12-22T01:32:09.878+0000] {logging_mixin.py:137} INFO - [2022-12-22T01:32:09.878+0000] {dag.py:2676} INFO - Sync 1 DAGs
[2022-12-22T01:32:09.908+0000] {logging_mixin.py:137} INFO - [2022-12-22T01:32:09.908+0000] {dag.py:3427} INFO - Setting next_dagrun for tutorial_taskflow_api to None, run_after=None
[2022-12-22T01:32:09.928+0000] {processor.py:175} INFO - Processing /home/airflow/.local/lib/python3.7/site-packages/airflow/example_dags/tutorial_taskflow_api.py took 0.110 seconds
[2022-12-22T01:32:40.429+0000] {processor.py:153} INFO - Started process (PID=2402) to work on /home/airflow/.local/lib/python3.7/site-packages/airflow/example_dags/tutorial_taskflow_api.py
[2022-12-22T01:32:40.430+0000] {processor.py:743} INFO - Processing file /home/airflow/.local/lib/python3.7/site-packages/airflow/example_dags/tutorial_taskflow_api.py for tasks to queue
[2022-12-22T01:32:40.430+0000] {logging_mixin.py:137} INFO - [2022-12-22T01:32:40.430+0000] {dagbag.py:538} INFO - Filling up the DagBag from /home/airflow/.local/lib/python3.7/site-packages/airflow/example_dags/tutorial_taskflow_api.py
[2022-12-22T01:32:40.456+0000] {processor.py:753} INFO - DAG(s) dict_keys(['tutorial_taskflow_api']) retrieved from /home/airflow/.local/lib/python3.7/site-packages/airflow/example_dags/tutorial_taskflow_api.py
[2022-12-22T01:32:40.500+0000] {logging_mixin.py:137} INFO - [2022-12-22T01:32:40.500+0000] {dag.py:2676} INFO - Sync 1 DAGs
[2022-12-22T01:32:40.535+0000] {logging_mixin.py:137} INFO - [2022-12-22T01:32:40.535+0000] {dag.py:3427} INFO - Setting next_dagrun for tutorial_taskflow_api to None, run_after=None
[2022-12-22T01:32:40.556+0000] {processor.py:175} INFO - Processing /home/airflow/.local/lib/python3.7/site-packages/airflow/example_dags/tutorial_taskflow_api.py took 0.130 seconds
[2022-12-22T01:33:15.933+0000] {processor.py:153} INFO - Started process (PID=2488) to work on /home/airflow/.local/lib/python3.7/site-packages/airflow/example_dags/tutorial_taskflow_api.py
[2022-12-22T01:33:15.934+0000] {processor.py:743} INFO - Processing file /home/airflow/.local/lib/python3.7/site-packages/airflow/example_dags/tutorial_taskflow_api.py for tasks to queue
[2022-12-22T01:33:15.935+0000] {logging_mixin.py:137} INFO - [2022-12-22T01:33:15.934+0000] {dagbag.py:538} INFO - Filling up the DagBag from /home/airflow/.local/lib/python3.7/site-packages/airflow/example_dags/tutorial_taskflow_api.py
[2022-12-22T01:33:16.011+0000] {processor.py:753} INFO - DAG(s) dict_keys(['tutorial_taskflow_api']) retrieved from /home/airflow/.local/lib/python3.7/site-packages/airflow/example_dags/tutorial_taskflow_api.py
[2022-12-22T01:33:16.111+0000] {logging_mixin.py:137} INFO - [2022-12-22T01:33:16.111+0000] {dag.py:2676} INFO - Sync 1 DAGs
[2022-12-22T01:33:16.202+0000] {logging_mixin.py:137} INFO - [2022-12-22T01:33:16.202+0000] {dag.py:3427} INFO - Setting next_dagrun for tutorial_taskflow_api to None, run_after=None
[2022-12-22T01:33:16.228+0000] {processor.py:175} INFO - Processing /home/airflow/.local/lib/python3.7/site-packages/airflow/example_dags/tutorial_taskflow_api.py took 0.298 seconds
[2022-12-22T01:33:46.436+0000] {processor.py:153} INFO - Started process (PID=2574) to work on /home/airflow/.local/lib/python3.7/site-packages/airflow/example_dags/tutorial_taskflow_api.py
[2022-12-22T01:33:46.437+0000] {processor.py:743} INFO - Processing file /home/airflow/.local/lib/python3.7/site-packages/airflow/example_dags/tutorial_taskflow_api.py for tasks to queue
[2022-12-22T01:33:46.438+0000] {logging_mixin.py:137} INFO - [2022-12-22T01:33:46.437+0000] {dagbag.py:538} INFO - Filling up the DagBag from /home/airflow/.local/lib/python3.7/site-packages/airflow/example_dags/tutorial_taskflow_api.py
[2022-12-22T01:33:46.491+0000] {processor.py:753} INFO - DAG(s) dict_keys(['tutorial_taskflow_api']) retrieved from /home/airflow/.local/lib/python3.7/site-packages/airflow/example_dags/tutorial_taskflow_api.py
[2022-12-22T01:33:46.536+0000] {logging_mixin.py:137} INFO - [2022-12-22T01:33:46.536+0000] {dag.py:2676} INFO - Sync 1 DAGs
[2022-12-22T01:33:46.623+0000] {logging_mixin.py:137} INFO - [2022-12-22T01:33:46.622+0000] {dag.py:3427} INFO - Setting next_dagrun for tutorial_taskflow_api to None, run_after=None
[2022-12-22T01:33:46.645+0000] {processor.py:175} INFO - Processing /home/airflow/.local/lib/python3.7/site-packages/airflow/example_dags/tutorial_taskflow_api.py took 0.212 seconds
[2022-12-22T01:34:16.992+0000] {processor.py:153} INFO - Started process (PID=2660) to work on /home/airflow/.local/lib/python3.7/site-packages/airflow/example_dags/tutorial_taskflow_api.py
[2022-12-22T01:34:16.993+0000] {processor.py:743} INFO - Processing file /home/airflow/.local/lib/python3.7/site-packages/airflow/example_dags/tutorial_taskflow_api.py for tasks to queue
[2022-12-22T01:34:16.994+0000] {logging_mixin.py:137} INFO - [2022-12-22T01:34:16.993+0000] {dagbag.py:538} INFO - Filling up the DagBag from /home/airflow/.local/lib/python3.7/site-packages/airflow/example_dags/tutorial_taskflow_api.py
[2022-12-22T01:34:17.015+0000] {processor.py:753} INFO - DAG(s) dict_keys(['tutorial_taskflow_api']) retrieved from /home/airflow/.local/lib/python3.7/site-packages/airflow/example_dags/tutorial_taskflow_api.py
[2022-12-22T01:34:17.049+0000] {logging_mixin.py:137} INFO - [2022-12-22T01:34:17.049+0000] {dag.py:2676} INFO - Sync 1 DAGs
[2022-12-22T01:34:17.073+0000] {logging_mixin.py:137} INFO - [2022-12-22T01:34:17.073+0000] {dag.py:3427} INFO - Setting next_dagrun for tutorial_taskflow_api to None, run_after=None
[2022-12-22T01:34:17.089+0000] {processor.py:175} INFO - Processing /home/airflow/.local/lib/python3.7/site-packages/airflow/example_dags/tutorial_taskflow_api.py took 0.101 seconds
[2022-12-22T01:34:47.711+0000] {processor.py:153} INFO - Started process (PID=2770) to work on /home/airflow/.local/lib/python3.7/site-packages/airflow/example_dags/tutorial_taskflow_api.py
[2022-12-22T01:34:47.712+0000] {processor.py:743} INFO - Processing file /home/airflow/.local/lib/python3.7/site-packages/airflow/example_dags/tutorial_taskflow_api.py for tasks to queue
[2022-12-22T01:34:47.713+0000] {logging_mixin.py:137} INFO - [2022-12-22T01:34:47.712+0000] {dagbag.py:538} INFO - Filling up the DagBag from /home/airflow/.local/lib/python3.7/site-packages/airflow/example_dags/tutorial_taskflow_api.py
[2022-12-22T01:34:47.733+0000] {processor.py:753} INFO - DAG(s) dict_keys(['tutorial_taskflow_api']) retrieved from /home/airflow/.local/lib/python3.7/site-packages/airflow/example_dags/tutorial_taskflow_api.py
[2022-12-22T01:34:47.767+0000] {logging_mixin.py:137} INFO - [2022-12-22T01:34:47.766+0000] {dag.py:2676} INFO - Sync 1 DAGs
[2022-12-22T01:34:47.800+0000] {logging_mixin.py:137} INFO - [2022-12-22T01:34:47.800+0000] {dag.py:3427} INFO - Setting next_dagrun for tutorial_taskflow_api to None, run_after=None
[2022-12-22T01:34:47.817+0000] {processor.py:175} INFO - Processing /home/airflow/.local/lib/python3.7/site-packages/airflow/example_dags/tutorial_taskflow_api.py took 0.108 seconds
[2022-12-22T01:35:18.130+0000] {processor.py:153} INFO - Started process (PID=2857) to work on /home/airflow/.local/lib/python3.7/site-packages/airflow/example_dags/tutorial_taskflow_api.py
[2022-12-22T01:35:18.131+0000] {processor.py:743} INFO - Processing file /home/airflow/.local/lib/python3.7/site-packages/airflow/example_dags/tutorial_taskflow_api.py for tasks to queue
[2022-12-22T01:35:18.131+0000] {logging_mixin.py:137} INFO - [2022-12-22T01:35:18.131+0000] {dagbag.py:538} INFO - Filling up the DagBag from /home/airflow/.local/lib/python3.7/site-packages/airflow/example_dags/tutorial_taskflow_api.py
[2022-12-22T01:35:18.152+0000] {processor.py:753} INFO - DAG(s) dict_keys(['tutorial_taskflow_api']) retrieved from /home/airflow/.local/lib/python3.7/site-packages/airflow/example_dags/tutorial_taskflow_api.py
[2022-12-22T01:35:18.186+0000] {logging_mixin.py:137} INFO - [2022-12-22T01:35:18.186+0000] {dag.py:2676} INFO - Sync 1 DAGs
[2022-12-22T01:35:18.211+0000] {logging_mixin.py:137} INFO - [2022-12-22T01:35:18.211+0000] {dag.py:3427} INFO - Setting next_dagrun for tutorial_taskflow_api to None, run_after=None
[2022-12-22T01:35:18.228+0000] {processor.py:175} INFO - Processing /home/airflow/.local/lib/python3.7/site-packages/airflow/example_dags/tutorial_taskflow_api.py took 0.101 seconds
[2022-12-22T01:35:48.456+0000] {processor.py:153} INFO - Started process (PID=2950) to work on /home/airflow/.local/lib/python3.7/site-packages/airflow/example_dags/tutorial_taskflow_api.py
[2022-12-22T01:35:48.457+0000] {processor.py:743} INFO - Processing file /home/airflow/.local/lib/python3.7/site-packages/airflow/example_dags/tutorial_taskflow_api.py for tasks to queue
[2022-12-22T01:35:48.457+0000] {logging_mixin.py:137} INFO - [2022-12-22T01:35:48.457+0000] {dagbag.py:538} INFO - Filling up the DagBag from /home/airflow/.local/lib/python3.7/site-packages/airflow/example_dags/tutorial_taskflow_api.py
[2022-12-22T01:35:48.505+0000] {processor.py:753} INFO - DAG(s) dict_keys(['tutorial_taskflow_api']) retrieved from /home/airflow/.local/lib/python3.7/site-packages/airflow/example_dags/tutorial_taskflow_api.py
[2022-12-22T01:35:48.542+0000] {logging_mixin.py:137} INFO - [2022-12-22T01:35:48.541+0000] {dag.py:2676} INFO - Sync 1 DAGs
[2022-12-22T01:35:48.601+0000] {logging_mixin.py:137} INFO - [2022-12-22T01:35:48.601+0000] {dag.py:3427} INFO - Setting next_dagrun for tutorial_taskflow_api to None, run_after=None
[2022-12-22T01:35:48.619+0000] {processor.py:175} INFO - Processing /home/airflow/.local/lib/python3.7/site-packages/airflow/example_dags/tutorial_taskflow_api.py took 0.166 seconds
[2022-12-22T01:36:18.953+0000] {processor.py:153} INFO - Started process (PID=3053) to work on /home/airflow/.local/lib/python3.7/site-packages/airflow/example_dags/tutorial_taskflow_api.py
[2022-12-22T01:36:18.953+0000] {processor.py:743} INFO - Processing file /home/airflow/.local/lib/python3.7/site-packages/airflow/example_dags/tutorial_taskflow_api.py for tasks to queue
[2022-12-22T01:36:18.954+0000] {logging_mixin.py:137} INFO - [2022-12-22T01:36:18.954+0000] {dagbag.py:538} INFO - Filling up the DagBag from /home/airflow/.local/lib/python3.7/site-packages/airflow/example_dags/tutorial_taskflow_api.py
[2022-12-22T01:36:18.975+0000] {processor.py:753} INFO - DAG(s) dict_keys(['tutorial_taskflow_api']) retrieved from /home/airflow/.local/lib/python3.7/site-packages/airflow/example_dags/tutorial_taskflow_api.py
[2022-12-22T01:36:19.010+0000] {logging_mixin.py:137} INFO - [2022-12-22T01:36:19.010+0000] {dag.py:2676} INFO - Sync 1 DAGs
[2022-12-22T01:36:19.034+0000] {logging_mixin.py:137} INFO - [2022-12-22T01:36:19.034+0000] {dag.py:3427} INFO - Setting next_dagrun for tutorial_taskflow_api to None, run_after=None
[2022-12-22T01:36:19.051+0000] {processor.py:175} INFO - Processing /home/airflow/.local/lib/python3.7/site-packages/airflow/example_dags/tutorial_taskflow_api.py took 0.100 seconds
[2022-12-22T01:36:49.216+0000] {processor.py:153} INFO - Started process (PID=3139) to work on /home/airflow/.local/lib/python3.7/site-packages/airflow/example_dags/tutorial_taskflow_api.py
[2022-12-22T01:36:49.217+0000] {processor.py:743} INFO - Processing file /home/airflow/.local/lib/python3.7/site-packages/airflow/example_dags/tutorial_taskflow_api.py for tasks to queue
[2022-12-22T01:36:49.218+0000] {logging_mixin.py:137} INFO - [2022-12-22T01:36:49.218+0000] {dagbag.py:538} INFO - Filling up the DagBag from /home/airflow/.local/lib/python3.7/site-packages/airflow/example_dags/tutorial_taskflow_api.py
[2022-12-22T01:36:49.239+0000] {processor.py:753} INFO - DAG(s) dict_keys(['tutorial_taskflow_api']) retrieved from /home/airflow/.local/lib/python3.7/site-packages/airflow/example_dags/tutorial_taskflow_api.py
[2022-12-22T01:36:49.277+0000] {logging_mixin.py:137} INFO - [2022-12-22T01:36:49.277+0000] {dag.py:2676} INFO - Sync 1 DAGs
[2022-12-22T01:36:49.301+0000] {logging_mixin.py:137} INFO - [2022-12-22T01:36:49.301+0000] {dag.py:3427} INFO - Setting next_dagrun for tutorial_taskflow_api to None, run_after=None
[2022-12-22T01:36:49.319+0000] {processor.py:175} INFO - Processing /home/airflow/.local/lib/python3.7/site-packages/airflow/example_dags/tutorial_taskflow_api.py took 0.105 seconds
[2022-12-22T01:37:19.844+0000] {processor.py:153} INFO - Started process (PID=3249) to work on /home/airflow/.local/lib/python3.7/site-packages/airflow/example_dags/tutorial_taskflow_api.py
[2022-12-22T01:37:19.845+0000] {processor.py:743} INFO - Processing file /home/airflow/.local/lib/python3.7/site-packages/airflow/example_dags/tutorial_taskflow_api.py for tasks to queue
[2022-12-22T01:37:19.846+0000] {logging_mixin.py:137} INFO - [2022-12-22T01:37:19.846+0000] {dagbag.py:538} INFO - Filling up the DagBag from /home/airflow/.local/lib/python3.7/site-packages/airflow/example_dags/tutorial_taskflow_api.py
[2022-12-22T01:37:19.872+0000] {processor.py:753} INFO - DAG(s) dict_keys(['tutorial_taskflow_api']) retrieved from /home/airflow/.local/lib/python3.7/site-packages/airflow/example_dags/tutorial_taskflow_api.py
[2022-12-22T01:37:19.924+0000] {logging_mixin.py:137} INFO - [2022-12-22T01:37:19.924+0000] {dag.py:2676} INFO - Sync 1 DAGs
[2022-12-22T01:37:19.953+0000] {logging_mixin.py:137} INFO - [2022-12-22T01:37:19.953+0000] {dag.py:3427} INFO - Setting next_dagrun for tutorial_taskflow_api to None, run_after=None
[2022-12-22T01:37:19.975+0000] {processor.py:175} INFO - Processing /home/airflow/.local/lib/python3.7/site-packages/airflow/example_dags/tutorial_taskflow_api.py took 0.134 seconds
[2022-12-22T01:37:50.463+0000] {processor.py:153} INFO - Started process (PID=3335) to work on /home/airflow/.local/lib/python3.7/site-packages/airflow/example_dags/tutorial_taskflow_api.py
[2022-12-22T01:37:50.464+0000] {processor.py:743} INFO - Processing file /home/airflow/.local/lib/python3.7/site-packages/airflow/example_dags/tutorial_taskflow_api.py for tasks to queue
[2022-12-22T01:37:50.465+0000] {logging_mixin.py:137} INFO - [2022-12-22T01:37:50.465+0000] {dagbag.py:538} INFO - Filling up the DagBag from /home/airflow/.local/lib/python3.7/site-packages/airflow/example_dags/tutorial_taskflow_api.py
[2022-12-22T01:37:50.488+0000] {processor.py:753} INFO - DAG(s) dict_keys(['tutorial_taskflow_api']) retrieved from /home/airflow/.local/lib/python3.7/site-packages/airflow/example_dags/tutorial_taskflow_api.py
[2022-12-22T01:37:50.532+0000] {logging_mixin.py:137} INFO - [2022-12-22T01:37:50.532+0000] {dag.py:2676} INFO - Sync 1 DAGs
[2022-12-22T01:37:50.564+0000] {logging_mixin.py:137} INFO - [2022-12-22T01:37:50.563+0000] {dag.py:3427} INFO - Setting next_dagrun for tutorial_taskflow_api to None, run_after=None
[2022-12-22T01:37:50.586+0000] {processor.py:175} INFO - Processing /home/airflow/.local/lib/python3.7/site-packages/airflow/example_dags/tutorial_taskflow_api.py took 0.126 seconds
[2022-12-22T01:38:20.643+0000] {processor.py:153} INFO - Started process (PID=3421) to work on /home/airflow/.local/lib/python3.7/site-packages/airflow/example_dags/tutorial_taskflow_api.py
[2022-12-22T01:38:20.644+0000] {processor.py:743} INFO - Processing file /home/airflow/.local/lib/python3.7/site-packages/airflow/example_dags/tutorial_taskflow_api.py for tasks to queue
[2022-12-22T01:38:20.645+0000] {logging_mixin.py:137} INFO - [2022-12-22T01:38:20.645+0000] {dagbag.py:538} INFO - Filling up the DagBag from /home/airflow/.local/lib/python3.7/site-packages/airflow/example_dags/tutorial_taskflow_api.py
[2022-12-22T01:38:20.665+0000] {processor.py:753} INFO - DAG(s) dict_keys(['tutorial_taskflow_api']) retrieved from /home/airflow/.local/lib/python3.7/site-packages/airflow/example_dags/tutorial_taskflow_api.py
[2022-12-22T01:38:20.703+0000] {logging_mixin.py:137} INFO - [2022-12-22T01:38:20.703+0000] {dag.py:2676} INFO - Sync 1 DAGs
[2022-12-22T01:38:20.728+0000] {logging_mixin.py:137} INFO - [2022-12-22T01:38:20.727+0000] {dag.py:3427} INFO - Setting next_dagrun for tutorial_taskflow_api to None, run_after=None
[2022-12-22T01:38:20.745+0000] {processor.py:175} INFO - Processing /home/airflow/.local/lib/python3.7/site-packages/airflow/example_dags/tutorial_taskflow_api.py took 0.104 seconds
[2022-12-22T01:38:51.714+0000] {processor.py:153} INFO - Started process (PID=3531) to work on /home/airflow/.local/lib/python3.7/site-packages/airflow/example_dags/tutorial_taskflow_api.py
[2022-12-22T01:38:51.714+0000] {processor.py:743} INFO - Processing file /home/airflow/.local/lib/python3.7/site-packages/airflow/example_dags/tutorial_taskflow_api.py for tasks to queue
[2022-12-22T01:38:51.715+0000] {logging_mixin.py:137} INFO - [2022-12-22T01:38:51.715+0000] {dagbag.py:538} INFO - Filling up the DagBag from /home/airflow/.local/lib/python3.7/site-packages/airflow/example_dags/tutorial_taskflow_api.py
[2022-12-22T01:38:51.744+0000] {processor.py:753} INFO - DAG(s) dict_keys(['tutorial_taskflow_api']) retrieved from /home/airflow/.local/lib/python3.7/site-packages/airflow/example_dags/tutorial_taskflow_api.py
[2022-12-22T01:38:51.831+0000] {logging_mixin.py:137} INFO - [2022-12-22T01:38:51.831+0000] {dag.py:2676} INFO - Sync 1 DAGs
[2022-12-22T01:38:51.913+0000] {logging_mixin.py:137} INFO - [2022-12-22T01:38:51.913+0000] {dag.py:3427} INFO - Setting next_dagrun for tutorial_taskflow_api to None, run_after=None
[2022-12-22T01:38:51.938+0000] {processor.py:175} INFO - Processing /home/airflow/.local/lib/python3.7/site-packages/airflow/example_dags/tutorial_taskflow_api.py took 0.228 seconds
[2022-12-22T01:39:22.546+0000] {processor.py:153} INFO - Started process (PID=3617) to work on /home/airflow/.local/lib/python3.7/site-packages/airflow/example_dags/tutorial_taskflow_api.py
[2022-12-22T01:39:22.547+0000] {processor.py:743} INFO - Processing file /home/airflow/.local/lib/python3.7/site-packages/airflow/example_dags/tutorial_taskflow_api.py for tasks to queue
[2022-12-22T01:39:22.547+0000] {logging_mixin.py:137} INFO - [2022-12-22T01:39:22.547+0000] {dagbag.py:538} INFO - Filling up the DagBag from /home/airflow/.local/lib/python3.7/site-packages/airflow/example_dags/tutorial_taskflow_api.py
[2022-12-22T01:39:22.570+0000] {processor.py:753} INFO - DAG(s) dict_keys(['tutorial_taskflow_api']) retrieved from /home/airflow/.local/lib/python3.7/site-packages/airflow/example_dags/tutorial_taskflow_api.py
[2022-12-22T01:39:22.624+0000] {logging_mixin.py:137} INFO - [2022-12-22T01:39:22.624+0000] {dag.py:2676} INFO - Sync 1 DAGs
[2022-12-22T01:39:22.652+0000] {logging_mixin.py:137} INFO - [2022-12-22T01:39:22.652+0000] {dag.py:3427} INFO - Setting next_dagrun for tutorial_taskflow_api to None, run_after=None
[2022-12-22T01:39:22.688+0000] {processor.py:175} INFO - Processing /home/airflow/.local/lib/python3.7/site-packages/airflow/example_dags/tutorial_taskflow_api.py took 0.145 seconds
[2022-12-22T01:39:53.703+0000] {processor.py:153} INFO - Started process (PID=3703) to work on /home/airflow/.local/lib/python3.7/site-packages/airflow/example_dags/tutorial_taskflow_api.py
[2022-12-22T01:39:53.704+0000] {processor.py:743} INFO - Processing file /home/airflow/.local/lib/python3.7/site-packages/airflow/example_dags/tutorial_taskflow_api.py for tasks to queue
[2022-12-22T01:39:53.704+0000] {logging_mixin.py:137} INFO - [2022-12-22T01:39:53.704+0000] {dagbag.py:538} INFO - Filling up the DagBag from /home/airflow/.local/lib/python3.7/site-packages/airflow/example_dags/tutorial_taskflow_api.py
[2022-12-22T01:39:53.724+0000] {processor.py:753} INFO - DAG(s) dict_keys(['tutorial_taskflow_api']) retrieved from /home/airflow/.local/lib/python3.7/site-packages/airflow/example_dags/tutorial_taskflow_api.py
[2022-12-22T01:39:53.759+0000] {logging_mixin.py:137} INFO - [2022-12-22T01:39:53.759+0000] {dag.py:2676} INFO - Sync 1 DAGs
[2022-12-22T01:39:53.783+0000] {logging_mixin.py:137} INFO - [2022-12-22T01:39:53.783+0000] {dag.py:3427} INFO - Setting next_dagrun for tutorial_taskflow_api to None, run_after=None
[2022-12-22T01:39:53.800+0000] {processor.py:175} INFO - Processing /home/airflow/.local/lib/python3.7/site-packages/airflow/example_dags/tutorial_taskflow_api.py took 0.100 seconds
[2022-12-22T01:40:24.232+0000] {processor.py:153} INFO - Started process (PID=3813) to work on /home/airflow/.local/lib/python3.7/site-packages/airflow/example_dags/tutorial_taskflow_api.py
[2022-12-22T01:40:24.233+0000] {processor.py:743} INFO - Processing file /home/airflow/.local/lib/python3.7/site-packages/airflow/example_dags/tutorial_taskflow_api.py for tasks to queue
[2022-12-22T01:40:24.233+0000] {logging_mixin.py:137} INFO - [2022-12-22T01:40:24.233+0000] {dagbag.py:538} INFO - Filling up the DagBag from /home/airflow/.local/lib/python3.7/site-packages/airflow/example_dags/tutorial_taskflow_api.py
[2022-12-22T01:40:24.253+0000] {processor.py:753} INFO - DAG(s) dict_keys(['tutorial_taskflow_api']) retrieved from /home/airflow/.local/lib/python3.7/site-packages/airflow/example_dags/tutorial_taskflow_api.py
[2022-12-22T01:40:24.292+0000] {logging_mixin.py:137} INFO - [2022-12-22T01:40:24.291+0000] {dag.py:2676} INFO - Sync 1 DAGs
[2022-12-22T01:40:24.317+0000] {logging_mixin.py:137} INFO - [2022-12-22T01:40:24.317+0000] {dag.py:3427} INFO - Setting next_dagrun for tutorial_taskflow_api to None, run_after=None
[2022-12-22T01:40:24.336+0000] {processor.py:175} INFO - Processing /home/airflow/.local/lib/python3.7/site-packages/airflow/example_dags/tutorial_taskflow_api.py took 0.106 seconds
[2022-12-22T01:40:54.675+0000] {processor.py:153} INFO - Started process (PID=3899) to work on /home/airflow/.local/lib/python3.7/site-packages/airflow/example_dags/tutorial_taskflow_api.py
[2022-12-22T01:40:54.676+0000] {processor.py:743} INFO - Processing file /home/airflow/.local/lib/python3.7/site-packages/airflow/example_dags/tutorial_taskflow_api.py for tasks to queue
[2022-12-22T01:40:54.677+0000] {logging_mixin.py:137} INFO - [2022-12-22T01:40:54.677+0000] {dagbag.py:538} INFO - Filling up the DagBag from /home/airflow/.local/lib/python3.7/site-packages/airflow/example_dags/tutorial_taskflow_api.py
[2022-12-22T01:40:54.697+0000] {processor.py:753} INFO - DAG(s) dict_keys(['tutorial_taskflow_api']) retrieved from /home/airflow/.local/lib/python3.7/site-packages/airflow/example_dags/tutorial_taskflow_api.py
[2022-12-22T01:40:54.731+0000] {logging_mixin.py:137} INFO - [2022-12-22T01:40:54.730+0000] {dag.py:2676} INFO - Sync 1 DAGs
[2022-12-22T01:40:54.754+0000] {logging_mixin.py:137} INFO - [2022-12-22T01:40:54.754+0000] {dag.py:3427} INFO - Setting next_dagrun for tutorial_taskflow_api to None, run_after=None
[2022-12-22T01:40:54.771+0000] {processor.py:175} INFO - Processing /home/airflow/.local/lib/python3.7/site-packages/airflow/example_dags/tutorial_taskflow_api.py took 0.098 seconds
[2022-12-22T01:41:25.189+0000] {processor.py:153} INFO - Started process (PID=3985) to work on /home/airflow/.local/lib/python3.7/site-packages/airflow/example_dags/tutorial_taskflow_api.py
[2022-12-22T01:41:25.190+0000] {processor.py:743} INFO - Processing file /home/airflow/.local/lib/python3.7/site-packages/airflow/example_dags/tutorial_taskflow_api.py for tasks to queue
[2022-12-22T01:41:25.190+0000] {logging_mixin.py:137} INFO - [2022-12-22T01:41:25.190+0000] {dagbag.py:538} INFO - Filling up the DagBag from /home/airflow/.local/lib/python3.7/site-packages/airflow/example_dags/tutorial_taskflow_api.py
[2022-12-22T01:41:25.209+0000] {processor.py:753} INFO - DAG(s) dict_keys(['tutorial_taskflow_api']) retrieved from /home/airflow/.local/lib/python3.7/site-packages/airflow/example_dags/tutorial_taskflow_api.py
[2022-12-22T01:41:25.244+0000] {logging_mixin.py:137} INFO - [2022-12-22T01:41:25.244+0000] {dag.py:2676} INFO - Sync 1 DAGs
[2022-12-22T01:41:25.268+0000] {logging_mixin.py:137} INFO - [2022-12-22T01:41:25.267+0000] {dag.py:3427} INFO - Setting next_dagrun for tutorial_taskflow_api to None, run_after=None
[2022-12-22T01:41:25.283+0000] {processor.py:175} INFO - Processing /home/airflow/.local/lib/python3.7/site-packages/airflow/example_dags/tutorial_taskflow_api.py took 0.097 seconds
[2022-12-22T01:41:55.837+0000] {processor.py:153} INFO - Started process (PID=4095) to work on /home/airflow/.local/lib/python3.7/site-packages/airflow/example_dags/tutorial_taskflow_api.py
[2022-12-22T01:41:55.838+0000] {processor.py:743} INFO - Processing file /home/airflow/.local/lib/python3.7/site-packages/airflow/example_dags/tutorial_taskflow_api.py for tasks to queue
[2022-12-22T01:41:55.839+0000] {logging_mixin.py:137} INFO - [2022-12-22T01:41:55.839+0000] {dagbag.py:538} INFO - Filling up the DagBag from /home/airflow/.local/lib/python3.7/site-packages/airflow/example_dags/tutorial_taskflow_api.py
[2022-12-22T01:41:55.859+0000] {processor.py:753} INFO - DAG(s) dict_keys(['tutorial_taskflow_api']) retrieved from /home/airflow/.local/lib/python3.7/site-packages/airflow/example_dags/tutorial_taskflow_api.py
[2022-12-22T01:41:55.893+0000] {logging_mixin.py:137} INFO - [2022-12-22T01:41:55.893+0000] {dag.py:2676} INFO - Sync 1 DAGs
[2022-12-22T01:41:55.920+0000] {logging_mixin.py:137} INFO - [2022-12-22T01:41:55.919+0000] {dag.py:3427} INFO - Setting next_dagrun for tutorial_taskflow_api to None, run_after=None
[2022-12-22T01:41:55.937+0000] {processor.py:175} INFO - Processing /home/airflow/.local/lib/python3.7/site-packages/airflow/example_dags/tutorial_taskflow_api.py took 0.102 seconds
[2022-12-22T01:42:26.184+0000] {processor.py:153} INFO - Started process (PID=4181) to work on /home/airflow/.local/lib/python3.7/site-packages/airflow/example_dags/tutorial_taskflow_api.py
[2022-12-22T01:42:26.185+0000] {processor.py:743} INFO - Processing file /home/airflow/.local/lib/python3.7/site-packages/airflow/example_dags/tutorial_taskflow_api.py for tasks to queue
[2022-12-22T01:42:26.186+0000] {logging_mixin.py:137} INFO - [2022-12-22T01:42:26.186+0000] {dagbag.py:538} INFO - Filling up the DagBag from /home/airflow/.local/lib/python3.7/site-packages/airflow/example_dags/tutorial_taskflow_api.py
[2022-12-22T01:42:26.208+0000] {processor.py:753} INFO - DAG(s) dict_keys(['tutorial_taskflow_api']) retrieved from /home/airflow/.local/lib/python3.7/site-packages/airflow/example_dags/tutorial_taskflow_api.py
[2022-12-22T01:42:26.245+0000] {logging_mixin.py:137} INFO - [2022-12-22T01:42:26.245+0000] {dag.py:2676} INFO - Sync 1 DAGs
[2022-12-22T01:42:26.272+0000] {logging_mixin.py:137} INFO - [2022-12-22T01:42:26.272+0000] {dag.py:3427} INFO - Setting next_dagrun for tutorial_taskflow_api to None, run_after=None
[2022-12-22T01:42:26.289+0000] {processor.py:175} INFO - Processing /home/airflow/.local/lib/python3.7/site-packages/airflow/example_dags/tutorial_taskflow_api.py took 0.107 seconds
[2022-12-22T01:42:57.159+0000] {processor.py:153} INFO - Started process (PID=4291) to work on /home/airflow/.local/lib/python3.7/site-packages/airflow/example_dags/tutorial_taskflow_api.py
[2022-12-22T01:42:57.160+0000] {processor.py:743} INFO - Processing file /home/airflow/.local/lib/python3.7/site-packages/airflow/example_dags/tutorial_taskflow_api.py for tasks to queue
[2022-12-22T01:42:57.160+0000] {logging_mixin.py:137} INFO - [2022-12-22T01:42:57.160+0000] {dagbag.py:538} INFO - Filling up the DagBag from /home/airflow/.local/lib/python3.7/site-packages/airflow/example_dags/tutorial_taskflow_api.py
[2022-12-22T01:42:57.180+0000] {processor.py:753} INFO - DAG(s) dict_keys(['tutorial_taskflow_api']) retrieved from /home/airflow/.local/lib/python3.7/site-packages/airflow/example_dags/tutorial_taskflow_api.py
[2022-12-22T01:42:57.215+0000] {logging_mixin.py:137} INFO - [2022-12-22T01:42:57.215+0000] {dag.py:2676} INFO - Sync 1 DAGs
[2022-12-22T01:42:57.238+0000] {logging_mixin.py:137} INFO - [2022-12-22T01:42:57.238+0000] {dag.py:3427} INFO - Setting next_dagrun for tutorial_taskflow_api to None, run_after=None
[2022-12-22T01:42:57.255+0000] {processor.py:175} INFO - Processing /home/airflow/.local/lib/python3.7/site-packages/airflow/example_dags/tutorial_taskflow_api.py took 0.098 seconds
[2022-12-22T01:43:27.711+0000] {processor.py:153} INFO - Started process (PID=4377) to work on /home/airflow/.local/lib/python3.7/site-packages/airflow/example_dags/tutorial_taskflow_api.py
[2022-12-22T01:43:27.712+0000] {processor.py:743} INFO - Processing file /home/airflow/.local/lib/python3.7/site-packages/airflow/example_dags/tutorial_taskflow_api.py for tasks to queue
[2022-12-22T01:43:27.712+0000] {logging_mixin.py:137} INFO - [2022-12-22T01:43:27.712+0000] {dagbag.py:538} INFO - Filling up the DagBag from /home/airflow/.local/lib/python3.7/site-packages/airflow/example_dags/tutorial_taskflow_api.py
[2022-12-22T01:43:27.731+0000] {processor.py:753} INFO - DAG(s) dict_keys(['tutorial_taskflow_api']) retrieved from /home/airflow/.local/lib/python3.7/site-packages/airflow/example_dags/tutorial_taskflow_api.py
[2022-12-22T01:43:27.767+0000] {logging_mixin.py:137} INFO - [2022-12-22T01:43:27.767+0000] {dag.py:2676} INFO - Sync 1 DAGs
[2022-12-22T01:43:27.790+0000] {logging_mixin.py:137} INFO - [2022-12-22T01:43:27.790+0000] {dag.py:3427} INFO - Setting next_dagrun for tutorial_taskflow_api to None, run_after=None
[2022-12-22T01:43:27.811+0000] {processor.py:175} INFO - Processing /home/airflow/.local/lib/python3.7/site-packages/airflow/example_dags/tutorial_taskflow_api.py took 0.102 seconds
[2022-12-22T01:43:58.216+0000] {processor.py:153} INFO - Started process (PID=4472) to work on /home/airflow/.local/lib/python3.7/site-packages/airflow/example_dags/tutorial_taskflow_api.py
[2022-12-22T01:43:58.217+0000] {processor.py:743} INFO - Processing file /home/airflow/.local/lib/python3.7/site-packages/airflow/example_dags/tutorial_taskflow_api.py for tasks to queue
[2022-12-22T01:43:58.218+0000] {logging_mixin.py:137} INFO - [2022-12-22T01:43:58.218+0000] {dagbag.py:538} INFO - Filling up the DagBag from /home/airflow/.local/lib/python3.7/site-packages/airflow/example_dags/tutorial_taskflow_api.py
[2022-12-22T01:43:58.238+0000] {processor.py:753} INFO - DAG(s) dict_keys(['tutorial_taskflow_api']) retrieved from /home/airflow/.local/lib/python3.7/site-packages/airflow/example_dags/tutorial_taskflow_api.py
[2022-12-22T01:43:58.271+0000] {logging_mixin.py:137} INFO - [2022-12-22T01:43:58.271+0000] {dag.py:2676} INFO - Sync 1 DAGs
[2022-12-22T01:43:58.296+0000] {logging_mixin.py:137} INFO - [2022-12-22T01:43:58.296+0000] {dag.py:3427} INFO - Setting next_dagrun for tutorial_taskflow_api to None, run_after=None
[2022-12-22T01:43:58.313+0000] {processor.py:175} INFO - Processing /home/airflow/.local/lib/python3.7/site-packages/airflow/example_dags/tutorial_taskflow_api.py took 0.098 seconds
[2022-12-22T01:44:28.723+0000] {processor.py:153} INFO - Started process (PID=4573) to work on /home/airflow/.local/lib/python3.7/site-packages/airflow/example_dags/tutorial_taskflow_api.py
[2022-12-22T01:44:28.724+0000] {processor.py:743} INFO - Processing file /home/airflow/.local/lib/python3.7/site-packages/airflow/example_dags/tutorial_taskflow_api.py for tasks to queue
[2022-12-22T01:44:28.724+0000] {logging_mixin.py:137} INFO - [2022-12-22T01:44:28.724+0000] {dagbag.py:538} INFO - Filling up the DagBag from /home/airflow/.local/lib/python3.7/site-packages/airflow/example_dags/tutorial_taskflow_api.py
[2022-12-22T01:44:28.743+0000] {processor.py:753} INFO - DAG(s) dict_keys(['tutorial_taskflow_api']) retrieved from /home/airflow/.local/lib/python3.7/site-packages/airflow/example_dags/tutorial_taskflow_api.py
[2022-12-22T01:44:28.778+0000] {logging_mixin.py:137} INFO - [2022-12-22T01:44:28.778+0000] {dag.py:2676} INFO - Sync 1 DAGs
[2022-12-22T01:44:28.805+0000] {logging_mixin.py:137} INFO - [2022-12-22T01:44:28.805+0000] {dag.py:3427} INFO - Setting next_dagrun for tutorial_taskflow_api to None, run_after=None
[2022-12-22T01:44:28.823+0000] {processor.py:175} INFO - Processing /home/airflow/.local/lib/python3.7/site-packages/airflow/example_dags/tutorial_taskflow_api.py took 0.102 seconds
[2022-12-22T01:44:59.410+0000] {processor.py:153} INFO - Started process (PID=4659) to work on /home/airflow/.local/lib/python3.7/site-packages/airflow/example_dags/tutorial_taskflow_api.py
[2022-12-22T01:44:59.411+0000] {processor.py:743} INFO - Processing file /home/airflow/.local/lib/python3.7/site-packages/airflow/example_dags/tutorial_taskflow_api.py for tasks to queue
[2022-12-22T01:44:59.411+0000] {logging_mixin.py:137} INFO - [2022-12-22T01:44:59.411+0000] {dagbag.py:538} INFO - Filling up the DagBag from /home/airflow/.local/lib/python3.7/site-packages/airflow/example_dags/tutorial_taskflow_api.py
[2022-12-22T01:44:59.437+0000] {processor.py:753} INFO - DAG(s) dict_keys(['tutorial_taskflow_api']) retrieved from /home/airflow/.local/lib/python3.7/site-packages/airflow/example_dags/tutorial_taskflow_api.py
[2022-12-22T01:44:59.513+0000] {logging_mixin.py:137} INFO - [2022-12-22T01:44:59.513+0000] {dag.py:2676} INFO - Sync 1 DAGs
[2022-12-22T01:44:59.547+0000] {logging_mixin.py:137} INFO - [2022-12-22T01:44:59.547+0000] {dag.py:3427} INFO - Setting next_dagrun for tutorial_taskflow_api to None, run_after=None
[2022-12-22T01:44:59.595+0000] {processor.py:175} INFO - Processing /home/airflow/.local/lib/python3.7/site-packages/airflow/example_dags/tutorial_taskflow_api.py took 0.188 seconds
[2022-12-22T01:45:30.324+0000] {processor.py:153} INFO - Started process (PID=4754) to work on /home/airflow/.local/lib/python3.7/site-packages/airflow/example_dags/tutorial_taskflow_api.py
[2022-12-22T01:45:30.325+0000] {processor.py:743} INFO - Processing file /home/airflow/.local/lib/python3.7/site-packages/airflow/example_dags/tutorial_taskflow_api.py for tasks to queue
[2022-12-22T01:45:30.326+0000] {logging_mixin.py:137} INFO - [2022-12-22T01:45:30.325+0000] {dagbag.py:538} INFO - Filling up the DagBag from /home/airflow/.local/lib/python3.7/site-packages/airflow/example_dags/tutorial_taskflow_api.py
[2022-12-22T01:45:30.349+0000] {processor.py:753} INFO - DAG(s) dict_keys(['tutorial_taskflow_api']) retrieved from /home/airflow/.local/lib/python3.7/site-packages/airflow/example_dags/tutorial_taskflow_api.py
[2022-12-22T01:45:30.408+0000] {logging_mixin.py:137} INFO - [2022-12-22T01:45:30.408+0000] {dag.py:2676} INFO - Sync 1 DAGs
[2022-12-22T01:45:30.433+0000] {logging_mixin.py:137} INFO - [2022-12-22T01:45:30.433+0000] {dag.py:3427} INFO - Setting next_dagrun for tutorial_taskflow_api to None, run_after=None
[2022-12-22T01:45:30.454+0000] {processor.py:175} INFO - Processing /home/airflow/.local/lib/python3.7/site-packages/airflow/example_dags/tutorial_taskflow_api.py took 0.132 seconds
[2022-12-22T01:46:01.004+0000] {processor.py:153} INFO - Started process (PID=4855) to work on /home/airflow/.local/lib/python3.7/site-packages/airflow/example_dags/tutorial_taskflow_api.py
[2022-12-22T01:46:01.005+0000] {processor.py:743} INFO - Processing file /home/airflow/.local/lib/python3.7/site-packages/airflow/example_dags/tutorial_taskflow_api.py for tasks to queue
[2022-12-22T01:46:01.005+0000] {logging_mixin.py:137} INFO - [2022-12-22T01:46:01.005+0000] {dagbag.py:538} INFO - Filling up the DagBag from /home/airflow/.local/lib/python3.7/site-packages/airflow/example_dags/tutorial_taskflow_api.py
[2022-12-22T01:46:01.027+0000] {processor.py:753} INFO - DAG(s) dict_keys(['tutorial_taskflow_api']) retrieved from /home/airflow/.local/lib/python3.7/site-packages/airflow/example_dags/tutorial_taskflow_api.py
[2022-12-22T01:46:01.064+0000] {logging_mixin.py:137} INFO - [2022-12-22T01:46:01.064+0000] {dag.py:2676} INFO - Sync 1 DAGs
[2022-12-22T01:46:01.110+0000] {logging_mixin.py:137} INFO - [2022-12-22T01:46:01.110+0000] {dag.py:3427} INFO - Setting next_dagrun for tutorial_taskflow_api to None, run_after=None
[2022-12-22T01:46:01.129+0000] {processor.py:175} INFO - Processing /home/airflow/.local/lib/python3.7/site-packages/airflow/example_dags/tutorial_taskflow_api.py took 0.127 seconds
[2022-12-22T01:46:31.568+0000] {processor.py:153} INFO - Started process (PID=4941) to work on /home/airflow/.local/lib/python3.7/site-packages/airflow/example_dags/tutorial_taskflow_api.py
[2022-12-22T01:46:31.570+0000] {processor.py:743} INFO - Processing file /home/airflow/.local/lib/python3.7/site-packages/airflow/example_dags/tutorial_taskflow_api.py for tasks to queue
[2022-12-22T01:46:31.570+0000] {logging_mixin.py:137} INFO - [2022-12-22T01:46:31.570+0000] {dagbag.py:538} INFO - Filling up the DagBag from /home/airflow/.local/lib/python3.7/site-packages/airflow/example_dags/tutorial_taskflow_api.py
[2022-12-22T01:46:31.595+0000] {processor.py:753} INFO - DAG(s) dict_keys(['tutorial_taskflow_api']) retrieved from /home/airflow/.local/lib/python3.7/site-packages/airflow/example_dags/tutorial_taskflow_api.py
[2022-12-22T01:46:31.638+0000] {logging_mixin.py:137} INFO - [2022-12-22T01:46:31.638+0000] {dag.py:2676} INFO - Sync 1 DAGs
[2022-12-22T01:46:31.668+0000] {logging_mixin.py:137} INFO - [2022-12-22T01:46:31.667+0000] {dag.py:3427} INFO - Setting next_dagrun for tutorial_taskflow_api to None, run_after=None
[2022-12-22T01:46:31.688+0000] {processor.py:175} INFO - Processing /home/airflow/.local/lib/python3.7/site-packages/airflow/example_dags/tutorial_taskflow_api.py took 0.123 seconds
[2022-12-22T01:47:02.503+0000] {processor.py:153} INFO - Started process (PID=5027) to work on /home/airflow/.local/lib/python3.7/site-packages/airflow/example_dags/tutorial_taskflow_api.py
[2022-12-22T01:47:02.504+0000] {processor.py:743} INFO - Processing file /home/airflow/.local/lib/python3.7/site-packages/airflow/example_dags/tutorial_taskflow_api.py for tasks to queue
[2022-12-22T01:47:02.504+0000] {logging_mixin.py:137} INFO - [2022-12-22T01:47:02.504+0000] {dagbag.py:538} INFO - Filling up the DagBag from /home/airflow/.local/lib/python3.7/site-packages/airflow/example_dags/tutorial_taskflow_api.py
[2022-12-22T01:47:02.525+0000] {processor.py:753} INFO - DAG(s) dict_keys(['tutorial_taskflow_api']) retrieved from /home/airflow/.local/lib/python3.7/site-packages/airflow/example_dags/tutorial_taskflow_api.py
[2022-12-22T01:47:02.562+0000] {logging_mixin.py:137} INFO - [2022-12-22T01:47:02.562+0000] {dag.py:2676} INFO - Sync 1 DAGs
[2022-12-22T01:47:02.602+0000] {logging_mixin.py:137} INFO - [2022-12-22T01:47:02.602+0000] {dag.py:3427} INFO - Setting next_dagrun for tutorial_taskflow_api to None, run_after=None
[2022-12-22T01:47:02.621+0000] {processor.py:175} INFO - Processing /home/airflow/.local/lib/python3.7/site-packages/airflow/example_dags/tutorial_taskflow_api.py took 0.121 seconds
[2022-12-22T01:47:32.689+0000] {processor.py:153} INFO - Started process (PID=5137) to work on /home/airflow/.local/lib/python3.7/site-packages/airflow/example_dags/tutorial_taskflow_api.py
[2022-12-22T01:47:32.689+0000] {processor.py:743} INFO - Processing file /home/airflow/.local/lib/python3.7/site-packages/airflow/example_dags/tutorial_taskflow_api.py for tasks to queue
[2022-12-22T01:47:32.690+0000] {logging_mixin.py:137} INFO - [2022-12-22T01:47:32.690+0000] {dagbag.py:538} INFO - Filling up the DagBag from /home/airflow/.local/lib/python3.7/site-packages/airflow/example_dags/tutorial_taskflow_api.py
[2022-12-22T01:47:32.712+0000] {processor.py:753} INFO - DAG(s) dict_keys(['tutorial_taskflow_api']) retrieved from /home/airflow/.local/lib/python3.7/site-packages/airflow/example_dags/tutorial_taskflow_api.py
[2022-12-22T01:47:32.749+0000] {logging_mixin.py:137} INFO - [2022-12-22T01:47:32.749+0000] {dag.py:2676} INFO - Sync 1 DAGs
[2022-12-22T01:47:32.777+0000] {logging_mixin.py:137} INFO - [2022-12-22T01:47:32.776+0000] {dag.py:3427} INFO - Setting next_dagrun for tutorial_taskflow_api to None, run_after=None
[2022-12-22T01:47:32.796+0000] {processor.py:175} INFO - Processing /home/airflow/.local/lib/python3.7/site-packages/airflow/example_dags/tutorial_taskflow_api.py took 0.112 seconds
[2022-12-22T01:48:03.311+0000] {processor.py:153} INFO - Started process (PID=5223) to work on /home/airflow/.local/lib/python3.7/site-packages/airflow/example_dags/tutorial_taskflow_api.py
[2022-12-22T01:48:03.312+0000] {processor.py:743} INFO - Processing file /home/airflow/.local/lib/python3.7/site-packages/airflow/example_dags/tutorial_taskflow_api.py for tasks to queue
[2022-12-22T01:48:03.312+0000] {logging_mixin.py:137} INFO - [2022-12-22T01:48:03.312+0000] {dagbag.py:538} INFO - Filling up the DagBag from /home/airflow/.local/lib/python3.7/site-packages/airflow/example_dags/tutorial_taskflow_api.py
[2022-12-22T01:48:03.333+0000] {processor.py:753} INFO - DAG(s) dict_keys(['tutorial_taskflow_api']) retrieved from /home/airflow/.local/lib/python3.7/site-packages/airflow/example_dags/tutorial_taskflow_api.py
[2022-12-22T01:48:03.367+0000] {logging_mixin.py:137} INFO - [2022-12-22T01:48:03.367+0000] {dag.py:2676} INFO - Sync 1 DAGs
[2022-12-22T01:48:03.393+0000] {logging_mixin.py:137} INFO - [2022-12-22T01:48:03.392+0000] {dag.py:3427} INFO - Setting next_dagrun for tutorial_taskflow_api to None, run_after=None
[2022-12-22T01:48:03.409+0000] {processor.py:175} INFO - Processing /home/airflow/.local/lib/python3.7/site-packages/airflow/example_dags/tutorial_taskflow_api.py took 0.101 seconds
[2022-12-22T01:48:33.682+0000] {processor.py:153} INFO - Started process (PID=5309) to work on /home/airflow/.local/lib/python3.7/site-packages/airflow/example_dags/tutorial_taskflow_api.py
[2022-12-22T01:48:33.683+0000] {processor.py:743} INFO - Processing file /home/airflow/.local/lib/python3.7/site-packages/airflow/example_dags/tutorial_taskflow_api.py for tasks to queue
[2022-12-22T01:48:33.683+0000] {logging_mixin.py:137} INFO - [2022-12-22T01:48:33.683+0000] {dagbag.py:538} INFO - Filling up the DagBag from /home/airflow/.local/lib/python3.7/site-packages/airflow/example_dags/tutorial_taskflow_api.py
[2022-12-22T01:48:33.706+0000] {processor.py:753} INFO - DAG(s) dict_keys(['tutorial_taskflow_api']) retrieved from /home/airflow/.local/lib/python3.7/site-packages/airflow/example_dags/tutorial_taskflow_api.py
[2022-12-22T01:48:33.742+0000] {logging_mixin.py:137} INFO - [2022-12-22T01:48:33.741+0000] {dag.py:2676} INFO - Sync 1 DAGs
[2022-12-22T01:48:33.769+0000] {logging_mixin.py:137} INFO - [2022-12-22T01:48:33.769+0000] {dag.py:3427} INFO - Setting next_dagrun for tutorial_taskflow_api to None, run_after=None
[2022-12-22T01:48:33.786+0000] {processor.py:175} INFO - Processing /home/airflow/.local/lib/python3.7/site-packages/airflow/example_dags/tutorial_taskflow_api.py took 0.106 seconds
[2022-12-22T01:49:04.306+0000] {processor.py:153} INFO - Started process (PID=5419) to work on /home/airflow/.local/lib/python3.7/site-packages/airflow/example_dags/tutorial_taskflow_api.py
[2022-12-22T01:49:04.306+0000] {processor.py:743} INFO - Processing file /home/airflow/.local/lib/python3.7/site-packages/airflow/example_dags/tutorial_taskflow_api.py for tasks to queue
[2022-12-22T01:49:04.307+0000] {logging_mixin.py:137} INFO - [2022-12-22T01:49:04.307+0000] {dagbag.py:538} INFO - Filling up the DagBag from /home/airflow/.local/lib/python3.7/site-packages/airflow/example_dags/tutorial_taskflow_api.py
[2022-12-22T01:49:04.328+0000] {processor.py:753} INFO - DAG(s) dict_keys(['tutorial_taskflow_api']) retrieved from /home/airflow/.local/lib/python3.7/site-packages/airflow/example_dags/tutorial_taskflow_api.py
[2022-12-22T01:49:04.393+0000] {logging_mixin.py:137} INFO - [2022-12-22T01:49:04.393+0000] {dag.py:2676} INFO - Sync 1 DAGs
[2022-12-22T01:49:04.431+0000] {logging_mixin.py:137} INFO - [2022-12-22T01:49:04.431+0000] {dag.py:3427} INFO - Setting next_dagrun for tutorial_taskflow_api to None, run_after=None
[2022-12-22T01:49:04.456+0000] {processor.py:175} INFO - Processing /home/airflow/.local/lib/python3.7/site-packages/airflow/example_dags/tutorial_taskflow_api.py took 0.153 seconds
[2022-12-22T01:49:34.608+0000] {processor.py:153} INFO - Started process (PID=5505) to work on /home/airflow/.local/lib/python3.7/site-packages/airflow/example_dags/tutorial_taskflow_api.py
[2022-12-22T01:49:34.609+0000] {processor.py:743} INFO - Processing file /home/airflow/.local/lib/python3.7/site-packages/airflow/example_dags/tutorial_taskflow_api.py for tasks to queue
[2022-12-22T01:49:34.609+0000] {logging_mixin.py:137} INFO - [2022-12-22T01:49:34.609+0000] {dagbag.py:538} INFO - Filling up the DagBag from /home/airflow/.local/lib/python3.7/site-packages/airflow/example_dags/tutorial_taskflow_api.py
[2022-12-22T01:49:34.631+0000] {processor.py:753} INFO - DAG(s) dict_keys(['tutorial_taskflow_api']) retrieved from /home/airflow/.local/lib/python3.7/site-packages/airflow/example_dags/tutorial_taskflow_api.py
[2022-12-22T01:49:34.670+0000] {logging_mixin.py:137} INFO - [2022-12-22T01:49:34.669+0000] {dag.py:2676} INFO - Sync 1 DAGs
[2022-12-22T01:49:34.697+0000] {logging_mixin.py:137} INFO - [2022-12-22T01:49:34.697+0000] {dag.py:3427} INFO - Setting next_dagrun for tutorial_taskflow_api to None, run_after=None
[2022-12-22T01:49:34.717+0000] {processor.py:175} INFO - Processing /home/airflow/.local/lib/python3.7/site-packages/airflow/example_dags/tutorial_taskflow_api.py took 0.111 seconds
[2022-12-22T01:50:05.402+0000] {processor.py:153} INFO - Started process (PID=5600) to work on /home/airflow/.local/lib/python3.7/site-packages/airflow/example_dags/tutorial_taskflow_api.py
[2022-12-22T01:50:05.403+0000] {processor.py:743} INFO - Processing file /home/airflow/.local/lib/python3.7/site-packages/airflow/example_dags/tutorial_taskflow_api.py for tasks to queue
[2022-12-22T01:50:05.404+0000] {logging_mixin.py:137} INFO - [2022-12-22T01:50:05.403+0000] {dagbag.py:538} INFO - Filling up the DagBag from /home/airflow/.local/lib/python3.7/site-packages/airflow/example_dags/tutorial_taskflow_api.py
[2022-12-22T01:50:05.500+0000] {processor.py:753} INFO - DAG(s) dict_keys(['tutorial_taskflow_api']) retrieved from /home/airflow/.local/lib/python3.7/site-packages/airflow/example_dags/tutorial_taskflow_api.py
[2022-12-22T01:50:05.701+0000] {logging_mixin.py:137} INFO - [2022-12-22T01:50:05.700+0000] {dag.py:2676} INFO - Sync 1 DAGs
[2022-12-22T01:50:05.729+0000] {logging_mixin.py:137} INFO - [2022-12-22T01:50:05.729+0000] {dag.py:3427} INFO - Setting next_dagrun for tutorial_taskflow_api to None, run_after=None
[2022-12-22T01:50:05.803+0000] {processor.py:175} INFO - Processing /home/airflow/.local/lib/python3.7/site-packages/airflow/example_dags/tutorial_taskflow_api.py took 0.404 seconds
[2022-12-22T01:50:36.713+0000] {processor.py:153} INFO - Started process (PID=5701) to work on /home/airflow/.local/lib/python3.7/site-packages/airflow/example_dags/tutorial_taskflow_api.py
[2022-12-22T01:50:36.714+0000] {processor.py:743} INFO - Processing file /home/airflow/.local/lib/python3.7/site-packages/airflow/example_dags/tutorial_taskflow_api.py for tasks to queue
[2022-12-22T01:50:36.715+0000] {logging_mixin.py:137} INFO - [2022-12-22T01:50:36.715+0000] {dagbag.py:538} INFO - Filling up the DagBag from /home/airflow/.local/lib/python3.7/site-packages/airflow/example_dags/tutorial_taskflow_api.py
[2022-12-22T01:50:36.737+0000] {processor.py:753} INFO - DAG(s) dict_keys(['tutorial_taskflow_api']) retrieved from /home/airflow/.local/lib/python3.7/site-packages/airflow/example_dags/tutorial_taskflow_api.py
[2022-12-22T01:50:36.793+0000] {logging_mixin.py:137} INFO - [2022-12-22T01:50:36.793+0000] {dag.py:2676} INFO - Sync 1 DAGs
[2022-12-22T01:50:36.888+0000] {logging_mixin.py:137} INFO - [2022-12-22T01:50:36.888+0000] {dag.py:3427} INFO - Setting next_dagrun for tutorial_taskflow_api to None, run_after=None
[2022-12-22T01:50:36.988+0000] {processor.py:175} INFO - Processing /home/airflow/.local/lib/python3.7/site-packages/airflow/example_dags/tutorial_taskflow_api.py took 0.277 seconds
