[2022-12-22T01:20:27.789+0000] {processor.py:153} INFO - Started process (PID=144) to work on /home/airflow/.local/lib/python3.7/site-packages/airflow/example_dags/tutorial_dag.py
[2022-12-22T01:20:27.790+0000] {processor.py:743} INFO - Processing file /home/airflow/.local/lib/python3.7/site-packages/airflow/example_dags/tutorial_dag.py for tasks to queue
[2022-12-22T01:20:27.791+0000] {logging_mixin.py:137} INFO - [2022-12-22T01:20:27.791+0000] {dagbag.py:538} INFO - Filling up the DagBag from /home/airflow/.local/lib/python3.7/site-packages/airflow/example_dags/tutorial_dag.py
[2022-12-22T01:20:27.805+0000] {processor.py:753} INFO - DAG(s) dict_keys(['tutorial_dag']) retrieved from /home/airflow/.local/lib/python3.7/site-packages/airflow/example_dags/tutorial_dag.py
[2022-12-22T01:20:27.996+0000] {logging_mixin.py:137} INFO - [2022-12-22T01:20:27.996+0000] {dag.py:2676} INFO - Sync 1 DAGs
[2022-12-22T01:20:28.104+0000] {logging_mixin.py:137} INFO - [2022-12-22T01:20:28.104+0000] {dag.py:3427} INFO - Setting next_dagrun for tutorial_dag to None, run_after=None
[2022-12-22T01:20:28.197+0000] {processor.py:175} INFO - Processing /home/airflow/.local/lib/python3.7/site-packages/airflow/example_dags/tutorial_dag.py took 0.477 seconds
[2022-12-22T01:20:58.966+0000] {processor.py:153} INFO - Started process (PID=230) to work on /home/airflow/.local/lib/python3.7/site-packages/airflow/example_dags/tutorial_dag.py
[2022-12-22T01:20:58.968+0000] {processor.py:743} INFO - Processing file /home/airflow/.local/lib/python3.7/site-packages/airflow/example_dags/tutorial_dag.py for tasks to queue
[2022-12-22T01:20:58.968+0000] {logging_mixin.py:137} INFO - [2022-12-22T01:20:58.968+0000] {dagbag.py:538} INFO - Filling up the DagBag from /home/airflow/.local/lib/python3.7/site-packages/airflow/example_dags/tutorial_dag.py
[2022-12-22T01:20:58.981+0000] {processor.py:753} INFO - DAG(s) dict_keys(['tutorial_dag']) retrieved from /home/airflow/.local/lib/python3.7/site-packages/airflow/example_dags/tutorial_dag.py
[2022-12-22T01:20:59.015+0000] {logging_mixin.py:137} INFO - [2022-12-22T01:20:59.014+0000] {dag.py:2676} INFO - Sync 1 DAGs
[2022-12-22T01:20:59.039+0000] {logging_mixin.py:137} INFO - [2022-12-22T01:20:59.039+0000] {dag.py:3427} INFO - Setting next_dagrun for tutorial_dag to None, run_after=None
[2022-12-22T01:20:59.056+0000] {processor.py:175} INFO - Processing /home/airflow/.local/lib/python3.7/site-packages/airflow/example_dags/tutorial_dag.py took 0.092 seconds
[2022-12-22T01:21:29.152+0000] {processor.py:153} INFO - Started process (PID=316) to work on /home/airflow/.local/lib/python3.7/site-packages/airflow/example_dags/tutorial_dag.py
[2022-12-22T01:21:29.153+0000] {processor.py:743} INFO - Processing file /home/airflow/.local/lib/python3.7/site-packages/airflow/example_dags/tutorial_dag.py for tasks to queue
[2022-12-22T01:21:29.154+0000] {logging_mixin.py:137} INFO - [2022-12-22T01:21:29.154+0000] {dagbag.py:538} INFO - Filling up the DagBag from /home/airflow/.local/lib/python3.7/site-packages/airflow/example_dags/tutorial_dag.py
[2022-12-22T01:21:29.165+0000] {processor.py:753} INFO - DAG(s) dict_keys(['tutorial_dag']) retrieved from /home/airflow/.local/lib/python3.7/site-packages/airflow/example_dags/tutorial_dag.py
[2022-12-22T01:21:29.199+0000] {logging_mixin.py:137} INFO - [2022-12-22T01:21:29.199+0000] {dag.py:2676} INFO - Sync 1 DAGs
[2022-12-22T01:21:29.223+0000] {logging_mixin.py:137} INFO - [2022-12-22T01:21:29.223+0000] {dag.py:3427} INFO - Setting next_dagrun for tutorial_dag to None, run_after=None
[2022-12-22T01:21:29.241+0000] {processor.py:175} INFO - Processing /home/airflow/.local/lib/python3.7/site-packages/airflow/example_dags/tutorial_dag.py took 0.091 seconds
[2022-12-22T01:21:59.543+0000] {processor.py:153} INFO - Started process (PID=426) to work on /home/airflow/.local/lib/python3.7/site-packages/airflow/example_dags/tutorial_dag.py
[2022-12-22T01:21:59.544+0000] {processor.py:743} INFO - Processing file /home/airflow/.local/lib/python3.7/site-packages/airflow/example_dags/tutorial_dag.py for tasks to queue
[2022-12-22T01:21:59.544+0000] {logging_mixin.py:137} INFO - [2022-12-22T01:21:59.544+0000] {dagbag.py:538} INFO - Filling up the DagBag from /home/airflow/.local/lib/python3.7/site-packages/airflow/example_dags/tutorial_dag.py
[2022-12-22T01:21:59.555+0000] {processor.py:753} INFO - DAG(s) dict_keys(['tutorial_dag']) retrieved from /home/airflow/.local/lib/python3.7/site-packages/airflow/example_dags/tutorial_dag.py
[2022-12-22T01:21:59.589+0000] {logging_mixin.py:137} INFO - [2022-12-22T01:21:59.589+0000] {dag.py:2676} INFO - Sync 1 DAGs
[2022-12-22T01:21:59.613+0000] {logging_mixin.py:137} INFO - [2022-12-22T01:21:59.612+0000] {dag.py:3427} INFO - Setting next_dagrun for tutorial_dag to None, run_after=None
[2022-12-22T01:21:59.629+0000] {processor.py:175} INFO - Processing /home/airflow/.local/lib/python3.7/site-packages/airflow/example_dags/tutorial_dag.py took 0.089 seconds
[2022-12-22T01:22:29.854+0000] {processor.py:153} INFO - Started process (PID=512) to work on /home/airflow/.local/lib/python3.7/site-packages/airflow/example_dags/tutorial_dag.py
[2022-12-22T01:22:29.855+0000] {processor.py:743} INFO - Processing file /home/airflow/.local/lib/python3.7/site-packages/airflow/example_dags/tutorial_dag.py for tasks to queue
[2022-12-22T01:22:29.856+0000] {logging_mixin.py:137} INFO - [2022-12-22T01:22:29.856+0000] {dagbag.py:538} INFO - Filling up the DagBag from /home/airflow/.local/lib/python3.7/site-packages/airflow/example_dags/tutorial_dag.py
[2022-12-22T01:22:29.867+0000] {processor.py:753} INFO - DAG(s) dict_keys(['tutorial_dag']) retrieved from /home/airflow/.local/lib/python3.7/site-packages/airflow/example_dags/tutorial_dag.py
[2022-12-22T01:22:29.898+0000] {logging_mixin.py:137} INFO - [2022-12-22T01:22:29.898+0000] {dag.py:2676} INFO - Sync 1 DAGs
[2022-12-22T01:22:29.921+0000] {logging_mixin.py:137} INFO - [2022-12-22T01:22:29.921+0000] {dag.py:3427} INFO - Setting next_dagrun for tutorial_dag to None, run_after=None
[2022-12-22T01:22:29.937+0000] {processor.py:175} INFO - Processing /home/airflow/.local/lib/python3.7/site-packages/airflow/example_dags/tutorial_dag.py took 0.085 seconds
[2022-12-22T01:23:00.298+0000] {processor.py:153} INFO - Started process (PID=622) to work on /home/airflow/.local/lib/python3.7/site-packages/airflow/example_dags/tutorial_dag.py
[2022-12-22T01:23:00.298+0000] {processor.py:743} INFO - Processing file /home/airflow/.local/lib/python3.7/site-packages/airflow/example_dags/tutorial_dag.py for tasks to queue
[2022-12-22T01:23:00.299+0000] {logging_mixin.py:137} INFO - [2022-12-22T01:23:00.299+0000] {dagbag.py:538} INFO - Filling up the DagBag from /home/airflow/.local/lib/python3.7/site-packages/airflow/example_dags/tutorial_dag.py
[2022-12-22T01:23:00.311+0000] {processor.py:753} INFO - DAG(s) dict_keys(['tutorial_dag']) retrieved from /home/airflow/.local/lib/python3.7/site-packages/airflow/example_dags/tutorial_dag.py
[2022-12-22T01:23:00.346+0000] {logging_mixin.py:137} INFO - [2022-12-22T01:23:00.346+0000] {dag.py:2676} INFO - Sync 1 DAGs
[2022-12-22T01:23:00.369+0000] {logging_mixin.py:137} INFO - [2022-12-22T01:23:00.369+0000] {dag.py:3427} INFO - Setting next_dagrun for tutorial_dag to None, run_after=None
[2022-12-22T01:23:00.386+0000] {processor.py:175} INFO - Processing /home/airflow/.local/lib/python3.7/site-packages/airflow/example_dags/tutorial_dag.py took 0.091 seconds
[2022-12-22T01:23:30.473+0000] {processor.py:153} INFO - Started process (PID=708) to work on /home/airflow/.local/lib/python3.7/site-packages/airflow/example_dags/tutorial_dag.py
[2022-12-22T01:23:30.474+0000] {processor.py:743} INFO - Processing file /home/airflow/.local/lib/python3.7/site-packages/airflow/example_dags/tutorial_dag.py for tasks to queue
[2022-12-22T01:23:30.475+0000] {logging_mixin.py:137} INFO - [2022-12-22T01:23:30.475+0000] {dagbag.py:538} INFO - Filling up the DagBag from /home/airflow/.local/lib/python3.7/site-packages/airflow/example_dags/tutorial_dag.py
[2022-12-22T01:23:30.486+0000] {processor.py:753} INFO - DAG(s) dict_keys(['tutorial_dag']) retrieved from /home/airflow/.local/lib/python3.7/site-packages/airflow/example_dags/tutorial_dag.py
[2022-12-22T01:23:30.519+0000] {logging_mixin.py:137} INFO - [2022-12-22T01:23:30.519+0000] {dag.py:2676} INFO - Sync 1 DAGs
[2022-12-22T01:23:30.541+0000] {logging_mixin.py:137} INFO - [2022-12-22T01:23:30.541+0000] {dag.py:3427} INFO - Setting next_dagrun for tutorial_dag to None, run_after=None
[2022-12-22T01:23:30.558+0000] {processor.py:175} INFO - Processing /home/airflow/.local/lib/python3.7/site-packages/airflow/example_dags/tutorial_dag.py took 0.087 seconds
[2022-12-22T01:24:00.857+0000] {processor.py:153} INFO - Started process (PID=794) to work on /home/airflow/.local/lib/python3.7/site-packages/airflow/example_dags/tutorial_dag.py
[2022-12-22T01:24:00.858+0000] {processor.py:743} INFO - Processing file /home/airflow/.local/lib/python3.7/site-packages/airflow/example_dags/tutorial_dag.py for tasks to queue
[2022-12-22T01:24:00.859+0000] {logging_mixin.py:137} INFO - [2022-12-22T01:24:00.859+0000] {dagbag.py:538} INFO - Filling up the DagBag from /home/airflow/.local/lib/python3.7/site-packages/airflow/example_dags/tutorial_dag.py
[2022-12-22T01:24:00.873+0000] {processor.py:753} INFO - DAG(s) dict_keys(['tutorial_dag']) retrieved from /home/airflow/.local/lib/python3.7/site-packages/airflow/example_dags/tutorial_dag.py
[2022-12-22T01:24:00.917+0000] {logging_mixin.py:137} INFO - [2022-12-22T01:24:00.917+0000] {dag.py:2676} INFO - Sync 1 DAGs
[2022-12-22T01:24:01.012+0000] {logging_mixin.py:137} INFO - [2022-12-22T01:24:01.012+0000] {dag.py:3427} INFO - Setting next_dagrun for tutorial_dag to None, run_after=None
[2022-12-22T01:24:01.032+0000] {processor.py:175} INFO - Processing /home/airflow/.local/lib/python3.7/site-packages/airflow/example_dags/tutorial_dag.py took 0.177 seconds
[2022-12-22T01:24:31.332+0000] {processor.py:153} INFO - Started process (PID=904) to work on /home/airflow/.local/lib/python3.7/site-packages/airflow/example_dags/tutorial_dag.py
[2022-12-22T01:24:31.333+0000] {processor.py:743} INFO - Processing file /home/airflow/.local/lib/python3.7/site-packages/airflow/example_dags/tutorial_dag.py for tasks to queue
[2022-12-22T01:24:31.333+0000] {logging_mixin.py:137} INFO - [2022-12-22T01:24:31.333+0000] {dagbag.py:538} INFO - Filling up the DagBag from /home/airflow/.local/lib/python3.7/site-packages/airflow/example_dags/tutorial_dag.py
[2022-12-22T01:24:31.346+0000] {processor.py:753} INFO - DAG(s) dict_keys(['tutorial_dag']) retrieved from /home/airflow/.local/lib/python3.7/site-packages/airflow/example_dags/tutorial_dag.py
[2022-12-22T01:24:31.380+0000] {logging_mixin.py:137} INFO - [2022-12-22T01:24:31.380+0000] {dag.py:2676} INFO - Sync 1 DAGs
[2022-12-22T01:24:31.416+0000] {logging_mixin.py:137} INFO - [2022-12-22T01:24:31.416+0000] {dag.py:3427} INFO - Setting next_dagrun for tutorial_dag to None, run_after=None
[2022-12-22T01:24:31.435+0000] {processor.py:175} INFO - Processing /home/airflow/.local/lib/python3.7/site-packages/airflow/example_dags/tutorial_dag.py took 0.105 seconds
[2022-12-22T01:25:01.742+0000] {processor.py:153} INFO - Started process (PID=990) to work on /home/airflow/.local/lib/python3.7/site-packages/airflow/example_dags/tutorial_dag.py
[2022-12-22T01:25:01.743+0000] {processor.py:743} INFO - Processing file /home/airflow/.local/lib/python3.7/site-packages/airflow/example_dags/tutorial_dag.py for tasks to queue
[2022-12-22T01:25:01.744+0000] {logging_mixin.py:137} INFO - [2022-12-22T01:25:01.744+0000] {dagbag.py:538} INFO - Filling up the DagBag from /home/airflow/.local/lib/python3.7/site-packages/airflow/example_dags/tutorial_dag.py
[2022-12-22T01:25:01.756+0000] {processor.py:753} INFO - DAG(s) dict_keys(['tutorial_dag']) retrieved from /home/airflow/.local/lib/python3.7/site-packages/airflow/example_dags/tutorial_dag.py
[2022-12-22T01:25:01.791+0000] {logging_mixin.py:137} INFO - [2022-12-22T01:25:01.790+0000] {dag.py:2676} INFO - Sync 1 DAGs
[2022-12-22T01:25:01.813+0000] {logging_mixin.py:137} INFO - [2022-12-22T01:25:01.813+0000] {dag.py:3427} INFO - Setting next_dagrun for tutorial_dag to None, run_after=None
[2022-12-22T01:25:01.829+0000] {processor.py:175} INFO - Processing /home/airflow/.local/lib/python3.7/site-packages/airflow/example_dags/tutorial_dag.py took 0.088 seconds
[2022-12-22T01:25:32.765+0000] {processor.py:153} INFO - Started process (PID=1100) to work on /home/airflow/.local/lib/python3.7/site-packages/airflow/example_dags/tutorial_dag.py
[2022-12-22T01:25:32.765+0000] {processor.py:743} INFO - Processing file /home/airflow/.local/lib/python3.7/site-packages/airflow/example_dags/tutorial_dag.py for tasks to queue
[2022-12-22T01:25:32.766+0000] {logging_mixin.py:137} INFO - [2022-12-22T01:25:32.766+0000] {dagbag.py:538} INFO - Filling up the DagBag from /home/airflow/.local/lib/python3.7/site-packages/airflow/example_dags/tutorial_dag.py
[2022-12-22T01:25:32.776+0000] {processor.py:753} INFO - DAG(s) dict_keys(['tutorial_dag']) retrieved from /home/airflow/.local/lib/python3.7/site-packages/airflow/example_dags/tutorial_dag.py
[2022-12-22T01:25:32.807+0000] {logging_mixin.py:137} INFO - [2022-12-22T01:25:32.807+0000] {dag.py:2676} INFO - Sync 1 DAGs
[2022-12-22T01:25:32.830+0000] {logging_mixin.py:137} INFO - [2022-12-22T01:25:32.830+0000] {dag.py:3427} INFO - Setting next_dagrun for tutorial_dag to None, run_after=None
[2022-12-22T01:25:32.849+0000] {processor.py:175} INFO - Processing /home/airflow/.local/lib/python3.7/site-packages/airflow/example_dags/tutorial_dag.py took 0.086 seconds
[2022-12-22T01:26:03.154+0000] {processor.py:153} INFO - Started process (PID=1186) to work on /home/airflow/.local/lib/python3.7/site-packages/airflow/example_dags/tutorial_dag.py
[2022-12-22T01:26:03.155+0000] {processor.py:743} INFO - Processing file /home/airflow/.local/lib/python3.7/site-packages/airflow/example_dags/tutorial_dag.py for tasks to queue
[2022-12-22T01:26:03.156+0000] {logging_mixin.py:137} INFO - [2022-12-22T01:26:03.155+0000] {dagbag.py:538} INFO - Filling up the DagBag from /home/airflow/.local/lib/python3.7/site-packages/airflow/example_dags/tutorial_dag.py
[2022-12-22T01:26:03.167+0000] {processor.py:753} INFO - DAG(s) dict_keys(['tutorial_dag']) retrieved from /home/airflow/.local/lib/python3.7/site-packages/airflow/example_dags/tutorial_dag.py
[2022-12-22T01:26:03.201+0000] {logging_mixin.py:137} INFO - [2022-12-22T01:26:03.200+0000] {dag.py:2676} INFO - Sync 1 DAGs
[2022-12-22T01:26:03.226+0000] {logging_mixin.py:137} INFO - [2022-12-22T01:26:03.226+0000] {dag.py:3427} INFO - Setting next_dagrun for tutorial_dag to None, run_after=None
[2022-12-22T01:26:03.241+0000] {processor.py:175} INFO - Processing /home/airflow/.local/lib/python3.7/site-packages/airflow/example_dags/tutorial_dag.py took 0.089 seconds
[2022-12-22T01:26:33.694+0000] {processor.py:153} INFO - Started process (PID=1271) to work on /home/airflow/.local/lib/python3.7/site-packages/airflow/example_dags/tutorial_dag.py
[2022-12-22T01:26:33.695+0000] {processor.py:743} INFO - Processing file /home/airflow/.local/lib/python3.7/site-packages/airflow/example_dags/tutorial_dag.py for tasks to queue
[2022-12-22T01:26:33.696+0000] {logging_mixin.py:137} INFO - [2022-12-22T01:26:33.696+0000] {dagbag.py:538} INFO - Filling up the DagBag from /home/airflow/.local/lib/python3.7/site-packages/airflow/example_dags/tutorial_dag.py
[2022-12-22T01:26:33.713+0000] {processor.py:753} INFO - DAG(s) dict_keys(['tutorial_dag']) retrieved from /home/airflow/.local/lib/python3.7/site-packages/airflow/example_dags/tutorial_dag.py
[2022-12-22T01:26:33.891+0000] {logging_mixin.py:137} INFO - [2022-12-22T01:26:33.891+0000] {dag.py:2676} INFO - Sync 1 DAGs
[2022-12-22T01:26:33.993+0000] {logging_mixin.py:137} INFO - [2022-12-22T01:26:33.992+0000] {dag.py:3427} INFO - Setting next_dagrun for tutorial_dag to None, run_after=None
[2022-12-22T01:26:34.089+0000] {processor.py:175} INFO - Processing /home/airflow/.local/lib/python3.7/site-packages/airflow/example_dags/tutorial_dag.py took 0.399 seconds
[2022-12-22T01:27:04.706+0000] {processor.py:153} INFO - Started process (PID=1381) to work on /home/airflow/.local/lib/python3.7/site-packages/airflow/example_dags/tutorial_dag.py
[2022-12-22T01:27:04.707+0000] {processor.py:743} INFO - Processing file /home/airflow/.local/lib/python3.7/site-packages/airflow/example_dags/tutorial_dag.py for tasks to queue
[2022-12-22T01:27:04.708+0000] {logging_mixin.py:137} INFO - [2022-12-22T01:27:04.708+0000] {dagbag.py:538} INFO - Filling up the DagBag from /home/airflow/.local/lib/python3.7/site-packages/airflow/example_dags/tutorial_dag.py
[2022-12-22T01:27:04.722+0000] {processor.py:753} INFO - DAG(s) dict_keys(['tutorial_dag']) retrieved from /home/airflow/.local/lib/python3.7/site-packages/airflow/example_dags/tutorial_dag.py
[2022-12-22T01:27:04.765+0000] {logging_mixin.py:137} INFO - [2022-12-22T01:27:04.765+0000] {dag.py:2676} INFO - Sync 1 DAGs
[2022-12-22T01:27:04.795+0000] {logging_mixin.py:137} INFO - [2022-12-22T01:27:04.795+0000] {dag.py:3427} INFO - Setting next_dagrun for tutorial_dag to None, run_after=None
[2022-12-22T01:27:04.813+0000] {processor.py:175} INFO - Processing /home/airflow/.local/lib/python3.7/site-packages/airflow/example_dags/tutorial_dag.py took 0.110 seconds
[2022-12-22T01:27:35.402+0000] {processor.py:153} INFO - Started process (PID=1467) to work on /home/airflow/.local/lib/python3.7/site-packages/airflow/example_dags/tutorial_dag.py
[2022-12-22T01:27:35.403+0000] {processor.py:743} INFO - Processing file /home/airflow/.local/lib/python3.7/site-packages/airflow/example_dags/tutorial_dag.py for tasks to queue
[2022-12-22T01:27:35.403+0000] {logging_mixin.py:137} INFO - [2022-12-22T01:27:35.403+0000] {dagbag.py:538} INFO - Filling up the DagBag from /home/airflow/.local/lib/python3.7/site-packages/airflow/example_dags/tutorial_dag.py
[2022-12-22T01:27:35.417+0000] {processor.py:753} INFO - DAG(s) dict_keys(['tutorial_dag']) retrieved from /home/airflow/.local/lib/python3.7/site-packages/airflow/example_dags/tutorial_dag.py
[2022-12-22T01:27:35.456+0000] {logging_mixin.py:137} INFO - [2022-12-22T01:27:35.456+0000] {dag.py:2676} INFO - Sync 1 DAGs
[2022-12-22T01:27:35.482+0000] {logging_mixin.py:137} INFO - [2022-12-22T01:27:35.482+0000] {dag.py:3427} INFO - Setting next_dagrun for tutorial_dag to None, run_after=None
[2022-12-22T01:27:35.509+0000] {processor.py:175} INFO - Processing /home/airflow/.local/lib/python3.7/site-packages/airflow/example_dags/tutorial_dag.py took 0.110 seconds
[2022-12-22T01:28:05.700+0000] {processor.py:153} INFO - Started process (PID=1553) to work on /home/airflow/.local/lib/python3.7/site-packages/airflow/example_dags/tutorial_dag.py
[2022-12-22T01:28:05.701+0000] {processor.py:743} INFO - Processing file /home/airflow/.local/lib/python3.7/site-packages/airflow/example_dags/tutorial_dag.py for tasks to queue
[2022-12-22T01:28:05.702+0000] {logging_mixin.py:137} INFO - [2022-12-22T01:28:05.702+0000] {dagbag.py:538} INFO - Filling up the DagBag from /home/airflow/.local/lib/python3.7/site-packages/airflow/example_dags/tutorial_dag.py
[2022-12-22T01:28:05.713+0000] {processor.py:753} INFO - DAG(s) dict_keys(['tutorial_dag']) retrieved from /home/airflow/.local/lib/python3.7/site-packages/airflow/example_dags/tutorial_dag.py
[2022-12-22T01:28:05.746+0000] {logging_mixin.py:137} INFO - [2022-12-22T01:28:05.746+0000] {dag.py:2676} INFO - Sync 1 DAGs
[2022-12-22T01:28:05.770+0000] {logging_mixin.py:137} INFO - [2022-12-22T01:28:05.770+0000] {dag.py:3427} INFO - Setting next_dagrun for tutorial_dag to None, run_after=None
[2022-12-22T01:28:05.786+0000] {processor.py:175} INFO - Processing /home/airflow/.local/lib/python3.7/site-packages/airflow/example_dags/tutorial_dag.py took 0.089 seconds
[2022-12-22T01:28:36.159+0000] {processor.py:153} INFO - Started process (PID=1663) to work on /home/airflow/.local/lib/python3.7/site-packages/airflow/example_dags/tutorial_dag.py
[2022-12-22T01:28:36.160+0000] {processor.py:743} INFO - Processing file /home/airflow/.local/lib/python3.7/site-packages/airflow/example_dags/tutorial_dag.py for tasks to queue
[2022-12-22T01:28:36.160+0000] {logging_mixin.py:137} INFO - [2022-12-22T01:28:36.160+0000] {dagbag.py:538} INFO - Filling up the DagBag from /home/airflow/.local/lib/python3.7/site-packages/airflow/example_dags/tutorial_dag.py
[2022-12-22T01:28:36.172+0000] {processor.py:753} INFO - DAG(s) dict_keys(['tutorial_dag']) retrieved from /home/airflow/.local/lib/python3.7/site-packages/airflow/example_dags/tutorial_dag.py
[2022-12-22T01:28:36.206+0000] {logging_mixin.py:137} INFO - [2022-12-22T01:28:36.206+0000] {dag.py:2676} INFO - Sync 1 DAGs
[2022-12-22T01:28:36.232+0000] {logging_mixin.py:137} INFO - [2022-12-22T01:28:36.232+0000] {dag.py:3427} INFO - Setting next_dagrun for tutorial_dag to None, run_after=None
[2022-12-22T01:28:36.254+0000] {processor.py:175} INFO - Processing /home/airflow/.local/lib/python3.7/site-packages/airflow/example_dags/tutorial_dag.py took 0.098 seconds
[2022-12-22T01:29:06.483+0000] {processor.py:153} INFO - Started process (PID=1749) to work on /home/airflow/.local/lib/python3.7/site-packages/airflow/example_dags/tutorial_dag.py
[2022-12-22T01:29:06.484+0000] {processor.py:743} INFO - Processing file /home/airflow/.local/lib/python3.7/site-packages/airflow/example_dags/tutorial_dag.py for tasks to queue
[2022-12-22T01:29:06.484+0000] {logging_mixin.py:137} INFO - [2022-12-22T01:29:06.484+0000] {dagbag.py:538} INFO - Filling up the DagBag from /home/airflow/.local/lib/python3.7/site-packages/airflow/example_dags/tutorial_dag.py
[2022-12-22T01:29:06.495+0000] {processor.py:753} INFO - DAG(s) dict_keys(['tutorial_dag']) retrieved from /home/airflow/.local/lib/python3.7/site-packages/airflow/example_dags/tutorial_dag.py
[2022-12-22T01:29:06.531+0000] {logging_mixin.py:137} INFO - [2022-12-22T01:29:06.531+0000] {dag.py:2676} INFO - Sync 1 DAGs
[2022-12-22T01:29:06.554+0000] {logging_mixin.py:137} INFO - [2022-12-22T01:29:06.554+0000] {dag.py:3427} INFO - Setting next_dagrun for tutorial_dag to None, run_after=None
[2022-12-22T01:29:06.571+0000] {processor.py:175} INFO - Processing /home/airflow/.local/lib/python3.7/site-packages/airflow/example_dags/tutorial_dag.py took 0.091 seconds
[2022-12-22T01:29:36.888+0000] {processor.py:153} INFO - Started process (PID=1845) to work on /home/airflow/.local/lib/python3.7/site-packages/airflow/example_dags/tutorial_dag.py
[2022-12-22T01:29:36.893+0000] {processor.py:743} INFO - Processing file /home/airflow/.local/lib/python3.7/site-packages/airflow/example_dags/tutorial_dag.py for tasks to queue
[2022-12-22T01:29:36.894+0000] {logging_mixin.py:137} INFO - [2022-12-22T01:29:36.894+0000] {dagbag.py:538} INFO - Filling up the DagBag from /home/airflow/.local/lib/python3.7/site-packages/airflow/example_dags/tutorial_dag.py
[2022-12-22T01:29:36.924+0000] {processor.py:753} INFO - DAG(s) dict_keys(['tutorial_dag']) retrieved from /home/airflow/.local/lib/python3.7/site-packages/airflow/example_dags/tutorial_dag.py
[2022-12-22T01:29:36.966+0000] {logging_mixin.py:137} INFO - [2022-12-22T01:29:36.966+0000] {dag.py:2676} INFO - Sync 1 DAGs
[2022-12-22T01:29:37.009+0000] {logging_mixin.py:137} INFO - [2022-12-22T01:29:37.008+0000] {dag.py:3427} INFO - Setting next_dagrun for tutorial_dag to None, run_after=None
[2022-12-22T01:29:37.032+0000] {processor.py:175} INFO - Processing /home/airflow/.local/lib/python3.7/site-packages/airflow/example_dags/tutorial_dag.py took 0.148 seconds
[2022-12-22T01:30:07.916+0000] {processor.py:153} INFO - Started process (PID=1946) to work on /home/airflow/.local/lib/python3.7/site-packages/airflow/example_dags/tutorial_dag.py
[2022-12-22T01:30:07.917+0000] {processor.py:743} INFO - Processing file /home/airflow/.local/lib/python3.7/site-packages/airflow/example_dags/tutorial_dag.py for tasks to queue
[2022-12-22T01:30:07.917+0000] {logging_mixin.py:137} INFO - [2022-12-22T01:30:07.917+0000] {dagbag.py:538} INFO - Filling up the DagBag from /home/airflow/.local/lib/python3.7/site-packages/airflow/example_dags/tutorial_dag.py
[2022-12-22T01:30:07.929+0000] {processor.py:753} INFO - DAG(s) dict_keys(['tutorial_dag']) retrieved from /home/airflow/.local/lib/python3.7/site-packages/airflow/example_dags/tutorial_dag.py
[2022-12-22T01:30:07.964+0000] {logging_mixin.py:137} INFO - [2022-12-22T01:30:07.964+0000] {dag.py:2676} INFO - Sync 1 DAGs
[2022-12-22T01:30:07.990+0000] {logging_mixin.py:137} INFO - [2022-12-22T01:30:07.990+0000] {dag.py:3427} INFO - Setting next_dagrun for tutorial_dag to None, run_after=None
[2022-12-22T01:30:08.007+0000] {processor.py:175} INFO - Processing /home/airflow/.local/lib/python3.7/site-packages/airflow/example_dags/tutorial_dag.py took 0.094 seconds
[2022-12-22T01:30:38.392+0000] {processor.py:153} INFO - Started process (PID=2033) to work on /home/airflow/.local/lib/python3.7/site-packages/airflow/example_dags/tutorial_dag.py
[2022-12-22T01:30:38.393+0000] {processor.py:743} INFO - Processing file /home/airflow/.local/lib/python3.7/site-packages/airflow/example_dags/tutorial_dag.py for tasks to queue
[2022-12-22T01:30:38.393+0000] {logging_mixin.py:137} INFO - [2022-12-22T01:30:38.393+0000] {dagbag.py:538} INFO - Filling up the DagBag from /home/airflow/.local/lib/python3.7/site-packages/airflow/example_dags/tutorial_dag.py
[2022-12-22T01:30:38.405+0000] {processor.py:753} INFO - DAG(s) dict_keys(['tutorial_dag']) retrieved from /home/airflow/.local/lib/python3.7/site-packages/airflow/example_dags/tutorial_dag.py
[2022-12-22T01:30:38.442+0000] {logging_mixin.py:137} INFO - [2022-12-22T01:30:38.442+0000] {dag.py:2676} INFO - Sync 1 DAGs
[2022-12-22T01:30:38.465+0000] {logging_mixin.py:137} INFO - [2022-12-22T01:30:38.465+0000] {dag.py:3427} INFO - Setting next_dagrun for tutorial_dag to None, run_after=None
[2022-12-22T01:30:38.481+0000] {processor.py:175} INFO - Processing /home/airflow/.local/lib/python3.7/site-packages/airflow/example_dags/tutorial_dag.py took 0.091 seconds
[2022-12-22T01:31:08.568+0000] {processor.py:153} INFO - Started process (PID=2119) to work on /home/airflow/.local/lib/python3.7/site-packages/airflow/example_dags/tutorial_dag.py
[2022-12-22T01:31:08.569+0000] {processor.py:743} INFO - Processing file /home/airflow/.local/lib/python3.7/site-packages/airflow/example_dags/tutorial_dag.py for tasks to queue
[2022-12-22T01:31:08.570+0000] {logging_mixin.py:137} INFO - [2022-12-22T01:31:08.570+0000] {dagbag.py:538} INFO - Filling up the DagBag from /home/airflow/.local/lib/python3.7/site-packages/airflow/example_dags/tutorial_dag.py
[2022-12-22T01:31:08.582+0000] {processor.py:753} INFO - DAG(s) dict_keys(['tutorial_dag']) retrieved from /home/airflow/.local/lib/python3.7/site-packages/airflow/example_dags/tutorial_dag.py
[2022-12-22T01:31:08.615+0000] {logging_mixin.py:137} INFO - [2022-12-22T01:31:08.615+0000] {dag.py:2676} INFO - Sync 1 DAGs
[2022-12-22T01:31:08.638+0000] {logging_mixin.py:137} INFO - [2022-12-22T01:31:08.638+0000] {dag.py:3427} INFO - Setting next_dagrun for tutorial_dag to None, run_after=None
[2022-12-22T01:31:08.654+0000] {processor.py:175} INFO - Processing /home/airflow/.local/lib/python3.7/site-packages/airflow/example_dags/tutorial_dag.py took 0.088 seconds
[2022-12-22T01:31:39.133+0000] {processor.py:153} INFO - Started process (PID=2229) to work on /home/airflow/.local/lib/python3.7/site-packages/airflow/example_dags/tutorial_dag.py
[2022-12-22T01:31:39.134+0000] {processor.py:743} INFO - Processing file /home/airflow/.local/lib/python3.7/site-packages/airflow/example_dags/tutorial_dag.py for tasks to queue
[2022-12-22T01:31:39.134+0000] {logging_mixin.py:137} INFO - [2022-12-22T01:31:39.134+0000] {dagbag.py:538} INFO - Filling up the DagBag from /home/airflow/.local/lib/python3.7/site-packages/airflow/example_dags/tutorial_dag.py
[2022-12-22T01:31:39.147+0000] {processor.py:753} INFO - DAG(s) dict_keys(['tutorial_dag']) retrieved from /home/airflow/.local/lib/python3.7/site-packages/airflow/example_dags/tutorial_dag.py
[2022-12-22T01:31:39.186+0000] {logging_mixin.py:137} INFO - [2022-12-22T01:31:39.185+0000] {dag.py:2676} INFO - Sync 1 DAGs
[2022-12-22T01:31:39.209+0000] {logging_mixin.py:137} INFO - [2022-12-22T01:31:39.209+0000] {dag.py:3427} INFO - Setting next_dagrun for tutorial_dag to None, run_after=None
[2022-12-22T01:31:39.229+0000] {processor.py:175} INFO - Processing /home/airflow/.local/lib/python3.7/site-packages/airflow/example_dags/tutorial_dag.py took 0.099 seconds
[2022-12-22T01:32:09.692+0000] {processor.py:153} INFO - Started process (PID=2315) to work on /home/airflow/.local/lib/python3.7/site-packages/airflow/example_dags/tutorial_dag.py
[2022-12-22T01:32:09.694+0000] {processor.py:743} INFO - Processing file /home/airflow/.local/lib/python3.7/site-packages/airflow/example_dags/tutorial_dag.py for tasks to queue
[2022-12-22T01:32:09.694+0000] {logging_mixin.py:137} INFO - [2022-12-22T01:32:09.694+0000] {dagbag.py:538} INFO - Filling up the DagBag from /home/airflow/.local/lib/python3.7/site-packages/airflow/example_dags/tutorial_dag.py
[2022-12-22T01:32:09.709+0000] {processor.py:753} INFO - DAG(s) dict_keys(['tutorial_dag']) retrieved from /home/airflow/.local/lib/python3.7/site-packages/airflow/example_dags/tutorial_dag.py
[2022-12-22T01:32:09.744+0000] {logging_mixin.py:137} INFO - [2022-12-22T01:32:09.744+0000] {dag.py:2676} INFO - Sync 1 DAGs
[2022-12-22T01:32:09.769+0000] {logging_mixin.py:137} INFO - [2022-12-22T01:32:09.768+0000] {dag.py:3427} INFO - Setting next_dagrun for tutorial_dag to None, run_after=None
[2022-12-22T01:32:09.791+0000] {processor.py:175} INFO - Processing /home/airflow/.local/lib/python3.7/site-packages/airflow/example_dags/tutorial_dag.py took 0.101 seconds
[2022-12-22T01:32:40.302+0000] {processor.py:153} INFO - Started process (PID=2401) to work on /home/airflow/.local/lib/python3.7/site-packages/airflow/example_dags/tutorial_dag.py
[2022-12-22T01:32:40.303+0000] {processor.py:743} INFO - Processing file /home/airflow/.local/lib/python3.7/site-packages/airflow/example_dags/tutorial_dag.py for tasks to queue
[2022-12-22T01:32:40.303+0000] {logging_mixin.py:137} INFO - [2022-12-22T01:32:40.303+0000] {dagbag.py:538} INFO - Filling up the DagBag from /home/airflow/.local/lib/python3.7/site-packages/airflow/example_dags/tutorial_dag.py
[2022-12-22T01:32:40.316+0000] {processor.py:753} INFO - DAG(s) dict_keys(['tutorial_dag']) retrieved from /home/airflow/.local/lib/python3.7/site-packages/airflow/example_dags/tutorial_dag.py
[2022-12-22T01:32:40.363+0000] {logging_mixin.py:137} INFO - [2022-12-22T01:32:40.363+0000] {dag.py:2676} INFO - Sync 1 DAGs
[2022-12-22T01:32:40.395+0000] {logging_mixin.py:137} INFO - [2022-12-22T01:32:40.395+0000] {dag.py:3427} INFO - Setting next_dagrun for tutorial_dag to None, run_after=None
[2022-12-22T01:32:40.416+0000] {processor.py:175} INFO - Processing /home/airflow/.local/lib/python3.7/site-packages/airflow/example_dags/tutorial_dag.py took 0.117 seconds
[2022-12-22T01:33:15.792+0000] {processor.py:153} INFO - Started process (PID=2487) to work on /home/airflow/.local/lib/python3.7/site-packages/airflow/example_dags/tutorial_dag.py
[2022-12-22T01:33:15.793+0000] {processor.py:743} INFO - Processing file /home/airflow/.local/lib/python3.7/site-packages/airflow/example_dags/tutorial_dag.py for tasks to queue
[2022-12-22T01:33:15.794+0000] {logging_mixin.py:137} INFO - [2022-12-22T01:33:15.793+0000] {dagbag.py:538} INFO - Filling up the DagBag from /home/airflow/.local/lib/python3.7/site-packages/airflow/example_dags/tutorial_dag.py
[2022-12-22T01:33:15.808+0000] {processor.py:753} INFO - DAG(s) dict_keys(['tutorial_dag']) retrieved from /home/airflow/.local/lib/python3.7/site-packages/airflow/example_dags/tutorial_dag.py
[2022-12-22T01:33:15.907+0000] {logging_mixin.py:137} INFO - [2022-12-22T01:33:15.907+0000] {dag.py:2676} INFO - Sync 1 DAGs
[2022-12-22T01:33:15.997+0000] {logging_mixin.py:137} INFO - [2022-12-22T01:33:15.996+0000] {dag.py:3427} INFO - Setting next_dagrun for tutorial_dag to None, run_after=None
[2022-12-22T01:33:16.022+0000] {processor.py:175} INFO - Processing /home/airflow/.local/lib/python3.7/site-packages/airflow/example_dags/tutorial_dag.py took 0.234 seconds
[2022-12-22T01:33:46.428+0000] {processor.py:153} INFO - Started process (PID=2573) to work on /home/airflow/.local/lib/python3.7/site-packages/airflow/example_dags/tutorial_dag.py
[2022-12-22T01:33:46.429+0000] {processor.py:743} INFO - Processing file /home/airflow/.local/lib/python3.7/site-packages/airflow/example_dags/tutorial_dag.py for tasks to queue
[2022-12-22T01:33:46.430+0000] {logging_mixin.py:137} INFO - [2022-12-22T01:33:46.430+0000] {dagbag.py:538} INFO - Filling up the DagBag from /home/airflow/.local/lib/python3.7/site-packages/airflow/example_dags/tutorial_dag.py
[2022-12-22T01:33:46.443+0000] {processor.py:753} INFO - DAG(s) dict_keys(['tutorial_dag']) retrieved from /home/airflow/.local/lib/python3.7/site-packages/airflow/example_dags/tutorial_dag.py
[2022-12-22T01:33:46.526+0000] {logging_mixin.py:137} INFO - [2022-12-22T01:33:46.526+0000] {dag.py:2676} INFO - Sync 1 DAGs
[2022-12-22T01:33:46.601+0000] {logging_mixin.py:137} INFO - [2022-12-22T01:33:46.601+0000] {dag.py:3427} INFO - Setting next_dagrun for tutorial_dag to None, run_after=None
[2022-12-22T01:33:46.619+0000] {processor.py:175} INFO - Processing /home/airflow/.local/lib/python3.7/site-packages/airflow/example_dags/tutorial_dag.py took 0.194 seconds
[2022-12-22T01:34:16.888+0000] {processor.py:153} INFO - Started process (PID=2659) to work on /home/airflow/.local/lib/python3.7/site-packages/airflow/example_dags/tutorial_dag.py
[2022-12-22T01:34:16.889+0000] {processor.py:743} INFO - Processing file /home/airflow/.local/lib/python3.7/site-packages/airflow/example_dags/tutorial_dag.py for tasks to queue
[2022-12-22T01:34:16.890+0000] {logging_mixin.py:137} INFO - [2022-12-22T01:34:16.890+0000] {dagbag.py:538} INFO - Filling up the DagBag from /home/airflow/.local/lib/python3.7/site-packages/airflow/example_dags/tutorial_dag.py
[2022-12-22T01:34:16.901+0000] {processor.py:753} INFO - DAG(s) dict_keys(['tutorial_dag']) retrieved from /home/airflow/.local/lib/python3.7/site-packages/airflow/example_dags/tutorial_dag.py
[2022-12-22T01:34:16.936+0000] {logging_mixin.py:137} INFO - [2022-12-22T01:34:16.936+0000] {dag.py:2676} INFO - Sync 1 DAGs
[2022-12-22T01:34:16.959+0000] {logging_mixin.py:137} INFO - [2022-12-22T01:34:16.958+0000] {dag.py:3427} INFO - Setting next_dagrun for tutorial_dag to None, run_after=None
[2022-12-22T01:34:16.974+0000] {processor.py:175} INFO - Processing /home/airflow/.local/lib/python3.7/site-packages/airflow/example_dags/tutorial_dag.py took 0.089 seconds
[2022-12-22T01:34:47.621+0000] {processor.py:153} INFO - Started process (PID=2769) to work on /home/airflow/.local/lib/python3.7/site-packages/airflow/example_dags/tutorial_dag.py
[2022-12-22T01:34:47.622+0000] {processor.py:743} INFO - Processing file /home/airflow/.local/lib/python3.7/site-packages/airflow/example_dags/tutorial_dag.py for tasks to queue
[2022-12-22T01:34:47.623+0000] {logging_mixin.py:137} INFO - [2022-12-22T01:34:47.623+0000] {dagbag.py:538} INFO - Filling up the DagBag from /home/airflow/.local/lib/python3.7/site-packages/airflow/example_dags/tutorial_dag.py
[2022-12-22T01:34:47.634+0000] {processor.py:753} INFO - DAG(s) dict_keys(['tutorial_dag']) retrieved from /home/airflow/.local/lib/python3.7/site-packages/airflow/example_dags/tutorial_dag.py
[2022-12-22T01:34:47.667+0000] {logging_mixin.py:137} INFO - [2022-12-22T01:34:47.667+0000] {dag.py:2676} INFO - Sync 1 DAGs
[2022-12-22T01:34:47.691+0000] {logging_mixin.py:137} INFO - [2022-12-22T01:34:47.691+0000] {dag.py:3427} INFO - Setting next_dagrun for tutorial_dag to None, run_after=None
[2022-12-22T01:34:47.709+0000] {processor.py:175} INFO - Processing /home/airflow/.local/lib/python3.7/site-packages/airflow/example_dags/tutorial_dag.py took 0.091 seconds
[2022-12-22T01:35:18.033+0000] {processor.py:153} INFO - Started process (PID=2856) to work on /home/airflow/.local/lib/python3.7/site-packages/airflow/example_dags/tutorial_dag.py
[2022-12-22T01:35:18.034+0000] {processor.py:743} INFO - Processing file /home/airflow/.local/lib/python3.7/site-packages/airflow/example_dags/tutorial_dag.py for tasks to queue
[2022-12-22T01:35:18.035+0000] {logging_mixin.py:137} INFO - [2022-12-22T01:35:18.035+0000] {dagbag.py:538} INFO - Filling up the DagBag from /home/airflow/.local/lib/python3.7/site-packages/airflow/example_dags/tutorial_dag.py
[2022-12-22T01:35:18.046+0000] {processor.py:753} INFO - DAG(s) dict_keys(['tutorial_dag']) retrieved from /home/airflow/.local/lib/python3.7/site-packages/airflow/example_dags/tutorial_dag.py
[2022-12-22T01:35:18.079+0000] {logging_mixin.py:137} INFO - [2022-12-22T01:35:18.079+0000] {dag.py:2676} INFO - Sync 1 DAGs
[2022-12-22T01:35:18.102+0000] {logging_mixin.py:137} INFO - [2022-12-22T01:35:18.102+0000] {dag.py:3427} INFO - Setting next_dagrun for tutorial_dag to None, run_after=None
[2022-12-22T01:35:18.119+0000] {processor.py:175} INFO - Processing /home/airflow/.local/lib/python3.7/site-packages/airflow/example_dags/tutorial_dag.py took 0.088 seconds
[2022-12-22T01:35:48.354+0000] {processor.py:153} INFO - Started process (PID=2944) to work on /home/airflow/.local/lib/python3.7/site-packages/airflow/example_dags/tutorial_dag.py
[2022-12-22T01:35:48.355+0000] {processor.py:743} INFO - Processing file /home/airflow/.local/lib/python3.7/site-packages/airflow/example_dags/tutorial_dag.py for tasks to queue
[2022-12-22T01:35:48.356+0000] {logging_mixin.py:137} INFO - [2022-12-22T01:35:48.356+0000] {dagbag.py:538} INFO - Filling up the DagBag from /home/airflow/.local/lib/python3.7/site-packages/airflow/example_dags/tutorial_dag.py
[2022-12-22T01:35:48.368+0000] {processor.py:753} INFO - DAG(s) dict_keys(['tutorial_dag']) retrieved from /home/airflow/.local/lib/python3.7/site-packages/airflow/example_dags/tutorial_dag.py
[2022-12-22T01:35:48.419+0000] {logging_mixin.py:137} INFO - [2022-12-22T01:35:48.419+0000] {dag.py:2676} INFO - Sync 1 DAGs
[2022-12-22T01:35:48.449+0000] {logging_mixin.py:137} INFO - [2022-12-22T01:35:48.449+0000] {dag.py:3427} INFO - Setting next_dagrun for tutorial_dag to None, run_after=None
[2022-12-22T01:35:48.498+0000] {processor.py:175} INFO - Processing /home/airflow/.local/lib/python3.7/site-packages/airflow/example_dags/tutorial_dag.py took 0.146 seconds
[2022-12-22T01:36:18.873+0000] {processor.py:153} INFO - Started process (PID=3052) to work on /home/airflow/.local/lib/python3.7/site-packages/airflow/example_dags/tutorial_dag.py
[2022-12-22T01:36:18.874+0000] {processor.py:743} INFO - Processing file /home/airflow/.local/lib/python3.7/site-packages/airflow/example_dags/tutorial_dag.py for tasks to queue
[2022-12-22T01:36:18.874+0000] {logging_mixin.py:137} INFO - [2022-12-22T01:36:18.874+0000] {dagbag.py:538} INFO - Filling up the DagBag from /home/airflow/.local/lib/python3.7/site-packages/airflow/example_dags/tutorial_dag.py
[2022-12-22T01:36:18.886+0000] {processor.py:753} INFO - DAG(s) dict_keys(['tutorial_dag']) retrieved from /home/airflow/.local/lib/python3.7/site-packages/airflow/example_dags/tutorial_dag.py
[2022-12-22T01:36:18.922+0000] {logging_mixin.py:137} INFO - [2022-12-22T01:36:18.922+0000] {dag.py:2676} INFO - Sync 1 DAGs
[2022-12-22T01:36:18.945+0000] {logging_mixin.py:137} INFO - [2022-12-22T01:36:18.945+0000] {dag.py:3427} INFO - Setting next_dagrun for tutorial_dag to None, run_after=None
[2022-12-22T01:36:18.962+0000] {processor.py:175} INFO - Processing /home/airflow/.local/lib/python3.7/site-packages/airflow/example_dags/tutorial_dag.py took 0.092 seconds
[2022-12-22T01:36:49.121+0000] {processor.py:153} INFO - Started process (PID=3138) to work on /home/airflow/.local/lib/python3.7/site-packages/airflow/example_dags/tutorial_dag.py
[2022-12-22T01:36:49.122+0000] {processor.py:743} INFO - Processing file /home/airflow/.local/lib/python3.7/site-packages/airflow/example_dags/tutorial_dag.py for tasks to queue
[2022-12-22T01:36:49.123+0000] {logging_mixin.py:137} INFO - [2022-12-22T01:36:49.123+0000] {dagbag.py:538} INFO - Filling up the DagBag from /home/airflow/.local/lib/python3.7/site-packages/airflow/example_dags/tutorial_dag.py
[2022-12-22T01:36:49.136+0000] {processor.py:753} INFO - DAG(s) dict_keys(['tutorial_dag']) retrieved from /home/airflow/.local/lib/python3.7/site-packages/airflow/example_dags/tutorial_dag.py
[2022-12-22T01:36:49.179+0000] {logging_mixin.py:137} INFO - [2022-12-22T01:36:49.179+0000] {dag.py:2676} INFO - Sync 1 DAGs
[2022-12-22T01:36:49.206+0000] {logging_mixin.py:137} INFO - [2022-12-22T01:36:49.206+0000] {dag.py:3427} INFO - Setting next_dagrun for tutorial_dag to None, run_after=None
[2022-12-22T01:36:49.226+0000] {processor.py:175} INFO - Processing /home/airflow/.local/lib/python3.7/site-packages/airflow/example_dags/tutorial_dag.py took 0.108 seconds
[2022-12-22T01:37:19.744+0000] {processor.py:153} INFO - Started process (PID=3248) to work on /home/airflow/.local/lib/python3.7/site-packages/airflow/example_dags/tutorial_dag.py
[2022-12-22T01:37:19.746+0000] {processor.py:743} INFO - Processing file /home/airflow/.local/lib/python3.7/site-packages/airflow/example_dags/tutorial_dag.py for tasks to queue
[2022-12-22T01:37:19.746+0000] {logging_mixin.py:137} INFO - [2022-12-22T01:37:19.746+0000] {dagbag.py:538} INFO - Filling up the DagBag from /home/airflow/.local/lib/python3.7/site-packages/airflow/example_dags/tutorial_dag.py
[2022-12-22T01:37:19.762+0000] {processor.py:753} INFO - DAG(s) dict_keys(['tutorial_dag']) retrieved from /home/airflow/.local/lib/python3.7/site-packages/airflow/example_dags/tutorial_dag.py
[2022-12-22T01:37:19.817+0000] {logging_mixin.py:137} INFO - [2022-12-22T01:37:19.816+0000] {dag.py:2676} INFO - Sync 1 DAGs
[2022-12-22T01:37:19.858+0000] {logging_mixin.py:137} INFO - [2022-12-22T01:37:19.858+0000] {dag.py:3427} INFO - Setting next_dagrun for tutorial_dag to None, run_after=None
[2022-12-22T01:37:19.889+0000] {processor.py:175} INFO - Processing /home/airflow/.local/lib/python3.7/site-packages/airflow/example_dags/tutorial_dag.py took 0.149 seconds
[2022-12-22T01:37:50.355+0000] {processor.py:153} INFO - Started process (PID=3334) to work on /home/airflow/.local/lib/python3.7/site-packages/airflow/example_dags/tutorial_dag.py
[2022-12-22T01:37:50.356+0000] {processor.py:743} INFO - Processing file /home/airflow/.local/lib/python3.7/site-packages/airflow/example_dags/tutorial_dag.py for tasks to queue
[2022-12-22T01:37:50.356+0000] {logging_mixin.py:137} INFO - [2022-12-22T01:37:50.356+0000] {dagbag.py:538} INFO - Filling up the DagBag from /home/airflow/.local/lib/python3.7/site-packages/airflow/example_dags/tutorial_dag.py
[2022-12-22T01:37:50.369+0000] {processor.py:753} INFO - DAG(s) dict_keys(['tutorial_dag']) retrieved from /home/airflow/.local/lib/python3.7/site-packages/airflow/example_dags/tutorial_dag.py
[2022-12-22T01:37:50.409+0000] {logging_mixin.py:137} INFO - [2022-12-22T01:37:50.409+0000] {dag.py:2676} INFO - Sync 1 DAGs
[2022-12-22T01:37:50.435+0000] {logging_mixin.py:137} INFO - [2022-12-22T01:37:50.435+0000] {dag.py:3427} INFO - Setting next_dagrun for tutorial_dag to None, run_after=None
[2022-12-22T01:37:50.457+0000] {processor.py:175} INFO - Processing /home/airflow/.local/lib/python3.7/site-packages/airflow/example_dags/tutorial_dag.py took 0.104 seconds
[2022-12-22T01:38:20.543+0000] {processor.py:153} INFO - Started process (PID=3420) to work on /home/airflow/.local/lib/python3.7/site-packages/airflow/example_dags/tutorial_dag.py
[2022-12-22T01:38:20.543+0000] {processor.py:743} INFO - Processing file /home/airflow/.local/lib/python3.7/site-packages/airflow/example_dags/tutorial_dag.py for tasks to queue
[2022-12-22T01:38:20.544+0000] {logging_mixin.py:137} INFO - [2022-12-22T01:38:20.544+0000] {dagbag.py:538} INFO - Filling up the DagBag from /home/airflow/.local/lib/python3.7/site-packages/airflow/example_dags/tutorial_dag.py
[2022-12-22T01:38:20.555+0000] {processor.py:753} INFO - DAG(s) dict_keys(['tutorial_dag']) retrieved from /home/airflow/.local/lib/python3.7/site-packages/airflow/example_dags/tutorial_dag.py
[2022-12-22T01:38:20.622+0000] {logging_mixin.py:137} INFO - [2022-12-22T01:38:20.622+0000] {dag.py:2676} INFO - Sync 1 DAGs
[2022-12-22T01:38:20.647+0000] {logging_mixin.py:137} INFO - [2022-12-22T01:38:20.647+0000] {dag.py:3427} INFO - Setting next_dagrun for tutorial_dag to None, run_after=None
[2022-12-22T01:38:20.663+0000] {processor.py:175} INFO - Processing /home/airflow/.local/lib/python3.7/site-packages/airflow/example_dags/tutorial_dag.py took 0.123 seconds
[2022-12-22T01:38:51.509+0000] {processor.py:153} INFO - Started process (PID=3530) to work on /home/airflow/.local/lib/python3.7/site-packages/airflow/example_dags/tutorial_dag.py
[2022-12-22T01:38:51.510+0000] {processor.py:743} INFO - Processing file /home/airflow/.local/lib/python3.7/site-packages/airflow/example_dags/tutorial_dag.py for tasks to queue
[2022-12-22T01:38:51.511+0000] {logging_mixin.py:137} INFO - [2022-12-22T01:38:51.511+0000] {dagbag.py:538} INFO - Filling up the DagBag from /home/airflow/.local/lib/python3.7/site-packages/airflow/example_dags/tutorial_dag.py
[2022-12-22T01:38:51.527+0000] {processor.py:753} INFO - DAG(s) dict_keys(['tutorial_dag']) retrieved from /home/airflow/.local/lib/python3.7/site-packages/airflow/example_dags/tutorial_dag.py
[2022-12-22T01:38:51.617+0000] {logging_mixin.py:137} INFO - [2022-12-22T01:38:51.617+0000] {dag.py:2676} INFO - Sync 1 DAGs
[2022-12-22T01:38:51.690+0000] {logging_mixin.py:137} INFO - [2022-12-22T01:38:51.690+0000] {dag.py:3427} INFO - Setting next_dagrun for tutorial_dag to None, run_after=None
[2022-12-22T01:38:51.715+0000] {processor.py:175} INFO - Processing /home/airflow/.local/lib/python3.7/site-packages/airflow/example_dags/tutorial_dag.py took 0.209 seconds
[2022-12-22T01:39:22.429+0000] {processor.py:153} INFO - Started process (PID=3616) to work on /home/airflow/.local/lib/python3.7/site-packages/airflow/example_dags/tutorial_dag.py
[2022-12-22T01:39:22.430+0000] {processor.py:743} INFO - Processing file /home/airflow/.local/lib/python3.7/site-packages/airflow/example_dags/tutorial_dag.py for tasks to queue
[2022-12-22T01:39:22.431+0000] {logging_mixin.py:137} INFO - [2022-12-22T01:39:22.430+0000] {dagbag.py:538} INFO - Filling up the DagBag from /home/airflow/.local/lib/python3.7/site-packages/airflow/example_dags/tutorial_dag.py
[2022-12-22T01:39:22.443+0000] {processor.py:753} INFO - DAG(s) dict_keys(['tutorial_dag']) retrieved from /home/airflow/.local/lib/python3.7/site-packages/airflow/example_dags/tutorial_dag.py
[2022-12-22T01:39:22.487+0000] {logging_mixin.py:137} INFO - [2022-12-22T01:39:22.480+0000] {dag.py:2676} INFO - Sync 1 DAGs
[2022-12-22T01:39:22.526+0000] {logging_mixin.py:137} INFO - [2022-12-22T01:39:22.525+0000] {dag.py:3427} INFO - Setting next_dagrun for tutorial_dag to None, run_after=None
[2022-12-22T01:39:22.545+0000] {processor.py:175} INFO - Processing /home/airflow/.local/lib/python3.7/site-packages/airflow/example_dags/tutorial_dag.py took 0.119 seconds
[2022-12-22T01:39:52.593+0000] {processor.py:153} INFO - Started process (PID=3702) to work on /home/airflow/.local/lib/python3.7/site-packages/airflow/example_dags/tutorial_dag.py
[2022-12-22T01:39:52.594+0000] {processor.py:743} INFO - Processing file /home/airflow/.local/lib/python3.7/site-packages/airflow/example_dags/tutorial_dag.py for tasks to queue
[2022-12-22T01:39:52.594+0000] {logging_mixin.py:137} INFO - [2022-12-22T01:39:52.594+0000] {dagbag.py:538} INFO - Filling up the DagBag from /home/airflow/.local/lib/python3.7/site-packages/airflow/example_dags/tutorial_dag.py
[2022-12-22T01:39:52.606+0000] {processor.py:753} INFO - DAG(s) dict_keys(['tutorial_dag']) retrieved from /home/airflow/.local/lib/python3.7/site-packages/airflow/example_dags/tutorial_dag.py
[2022-12-22T01:39:52.639+0000] {logging_mixin.py:137} INFO - [2022-12-22T01:39:52.639+0000] {dag.py:2676} INFO - Sync 1 DAGs
[2022-12-22T01:39:52.662+0000] {logging_mixin.py:137} INFO - [2022-12-22T01:39:52.662+0000] {dag.py:3427} INFO - Setting next_dagrun for tutorial_dag to None, run_after=None
[2022-12-22T01:39:52.680+0000] {processor.py:175} INFO - Processing /home/airflow/.local/lib/python3.7/site-packages/airflow/example_dags/tutorial_dag.py took 0.090 seconds
[2022-12-22T01:40:23.219+0000] {processor.py:153} INFO - Started process (PID=3797) to work on /home/airflow/.local/lib/python3.7/site-packages/airflow/example_dags/tutorial_dag.py
[2022-12-22T01:40:23.220+0000] {processor.py:743} INFO - Processing file /home/airflow/.local/lib/python3.7/site-packages/airflow/example_dags/tutorial_dag.py for tasks to queue
[2022-12-22T01:40:23.221+0000] {logging_mixin.py:137} INFO - [2022-12-22T01:40:23.221+0000] {dagbag.py:538} INFO - Filling up the DagBag from /home/airflow/.local/lib/python3.7/site-packages/airflow/example_dags/tutorial_dag.py
[2022-12-22T01:40:23.235+0000] {processor.py:753} INFO - DAG(s) dict_keys(['tutorial_dag']) retrieved from /home/airflow/.local/lib/python3.7/site-packages/airflow/example_dags/tutorial_dag.py
[2022-12-22T01:40:23.399+0000] {logging_mixin.py:137} INFO - [2022-12-22T01:40:23.399+0000] {dag.py:2676} INFO - Sync 1 DAGs
[2022-12-22T01:40:23.515+0000] {logging_mixin.py:137} INFO - [2022-12-22T01:40:23.515+0000] {dag.py:3427} INFO - Setting next_dagrun for tutorial_dag to None, run_after=None
[2022-12-22T01:40:23.692+0000] {processor.py:175} INFO - Processing /home/airflow/.local/lib/python3.7/site-packages/airflow/example_dags/tutorial_dag.py took 0.475 seconds
[2022-12-22T01:40:54.563+0000] {processor.py:153} INFO - Started process (PID=3898) to work on /home/airflow/.local/lib/python3.7/site-packages/airflow/example_dags/tutorial_dag.py
[2022-12-22T01:40:54.564+0000] {processor.py:743} INFO - Processing file /home/airflow/.local/lib/python3.7/site-packages/airflow/example_dags/tutorial_dag.py for tasks to queue
[2022-12-22T01:40:54.564+0000] {logging_mixin.py:137} INFO - [2022-12-22T01:40:54.564+0000] {dagbag.py:538} INFO - Filling up the DagBag from /home/airflow/.local/lib/python3.7/site-packages/airflow/example_dags/tutorial_dag.py
[2022-12-22T01:40:54.577+0000] {processor.py:753} INFO - DAG(s) dict_keys(['tutorial_dag']) retrieved from /home/airflow/.local/lib/python3.7/site-packages/airflow/example_dags/tutorial_dag.py
[2022-12-22T01:40:54.612+0000] {logging_mixin.py:137} INFO - [2022-12-22T01:40:54.612+0000] {dag.py:2676} INFO - Sync 1 DAGs
[2022-12-22T01:40:54.635+0000] {logging_mixin.py:137} INFO - [2022-12-22T01:40:54.635+0000] {dag.py:3427} INFO - Setting next_dagrun for tutorial_dag to None, run_after=None
[2022-12-22T01:40:54.651+0000] {processor.py:175} INFO - Processing /home/airflow/.local/lib/python3.7/site-packages/airflow/example_dags/tutorial_dag.py took 0.091 seconds
[2022-12-22T01:41:25.075+0000] {processor.py:153} INFO - Started process (PID=3984) to work on /home/airflow/.local/lib/python3.7/site-packages/airflow/example_dags/tutorial_dag.py
[2022-12-22T01:41:25.076+0000] {processor.py:743} INFO - Processing file /home/airflow/.local/lib/python3.7/site-packages/airflow/example_dags/tutorial_dag.py for tasks to queue
[2022-12-22T01:41:25.076+0000] {logging_mixin.py:137} INFO - [2022-12-22T01:41:25.076+0000] {dagbag.py:538} INFO - Filling up the DagBag from /home/airflow/.local/lib/python3.7/site-packages/airflow/example_dags/tutorial_dag.py
[2022-12-22T01:41:25.088+0000] {processor.py:753} INFO - DAG(s) dict_keys(['tutorial_dag']) retrieved from /home/airflow/.local/lib/python3.7/site-packages/airflow/example_dags/tutorial_dag.py
[2022-12-22T01:41:25.125+0000] {logging_mixin.py:137} INFO - [2022-12-22T01:41:25.124+0000] {dag.py:2676} INFO - Sync 1 DAGs
[2022-12-22T01:41:25.149+0000] {logging_mixin.py:137} INFO - [2022-12-22T01:41:25.149+0000] {dag.py:3427} INFO - Setting next_dagrun for tutorial_dag to None, run_after=None
[2022-12-22T01:41:25.166+0000] {processor.py:175} INFO - Processing /home/airflow/.local/lib/python3.7/site-packages/airflow/example_dags/tutorial_dag.py took 0.093 seconds
[2022-12-22T01:41:55.729+0000] {processor.py:153} INFO - Started process (PID=4094) to work on /home/airflow/.local/lib/python3.7/site-packages/airflow/example_dags/tutorial_dag.py
[2022-12-22T01:41:55.730+0000] {processor.py:743} INFO - Processing file /home/airflow/.local/lib/python3.7/site-packages/airflow/example_dags/tutorial_dag.py for tasks to queue
[2022-12-22T01:41:55.730+0000] {logging_mixin.py:137} INFO - [2022-12-22T01:41:55.730+0000] {dagbag.py:538} INFO - Filling up the DagBag from /home/airflow/.local/lib/python3.7/site-packages/airflow/example_dags/tutorial_dag.py
[2022-12-22T01:41:55.742+0000] {processor.py:753} INFO - DAG(s) dict_keys(['tutorial_dag']) retrieved from /home/airflow/.local/lib/python3.7/site-packages/airflow/example_dags/tutorial_dag.py
[2022-12-22T01:41:55.777+0000] {logging_mixin.py:137} INFO - [2022-12-22T01:41:55.777+0000] {dag.py:2676} INFO - Sync 1 DAGs
[2022-12-22T01:41:55.801+0000] {logging_mixin.py:137} INFO - [2022-12-22T01:41:55.801+0000] {dag.py:3427} INFO - Setting next_dagrun for tutorial_dag to None, run_after=None
[2022-12-22T01:41:55.820+0000] {processor.py:175} INFO - Processing /home/airflow/.local/lib/python3.7/site-packages/airflow/example_dags/tutorial_dag.py took 0.094 seconds
[2022-12-22T01:42:26.071+0000] {processor.py:153} INFO - Started process (PID=4180) to work on /home/airflow/.local/lib/python3.7/site-packages/airflow/example_dags/tutorial_dag.py
[2022-12-22T01:42:26.071+0000] {processor.py:743} INFO - Processing file /home/airflow/.local/lib/python3.7/site-packages/airflow/example_dags/tutorial_dag.py for tasks to queue
[2022-12-22T01:42:26.072+0000] {logging_mixin.py:137} INFO - [2022-12-22T01:42:26.072+0000] {dagbag.py:538} INFO - Filling up the DagBag from /home/airflow/.local/lib/python3.7/site-packages/airflow/example_dags/tutorial_dag.py
[2022-12-22T01:42:26.083+0000] {processor.py:753} INFO - DAG(s) dict_keys(['tutorial_dag']) retrieved from /home/airflow/.local/lib/python3.7/site-packages/airflow/example_dags/tutorial_dag.py
[2022-12-22T01:42:26.120+0000] {logging_mixin.py:137} INFO - [2022-12-22T01:42:26.120+0000] {dag.py:2676} INFO - Sync 1 DAGs
[2022-12-22T01:42:26.147+0000] {logging_mixin.py:137} INFO - [2022-12-22T01:42:26.147+0000] {dag.py:3427} INFO - Setting next_dagrun for tutorial_dag to None, run_after=None
[2022-12-22T01:42:26.168+0000] {processor.py:175} INFO - Processing /home/airflow/.local/lib/python3.7/site-packages/airflow/example_dags/tutorial_dag.py took 0.100 seconds
[2022-12-22T01:42:57.033+0000] {processor.py:153} INFO - Started process (PID=4290) to work on /home/airflow/.local/lib/python3.7/site-packages/airflow/example_dags/tutorial_dag.py
[2022-12-22T01:42:57.034+0000] {processor.py:743} INFO - Processing file /home/airflow/.local/lib/python3.7/site-packages/airflow/example_dags/tutorial_dag.py for tasks to queue
[2022-12-22T01:42:57.035+0000] {logging_mixin.py:137} INFO - [2022-12-22T01:42:57.035+0000] {dagbag.py:538} INFO - Filling up the DagBag from /home/airflow/.local/lib/python3.7/site-packages/airflow/example_dags/tutorial_dag.py
[2022-12-22T01:42:57.047+0000] {processor.py:753} INFO - DAG(s) dict_keys(['tutorial_dag']) retrieved from /home/airflow/.local/lib/python3.7/site-packages/airflow/example_dags/tutorial_dag.py
[2022-12-22T01:42:57.104+0000] {logging_mixin.py:137} INFO - [2022-12-22T01:42:57.104+0000] {dag.py:2676} INFO - Sync 1 DAGs
[2022-12-22T01:42:57.129+0000] {logging_mixin.py:137} INFO - [2022-12-22T01:42:57.129+0000] {dag.py:3427} INFO - Setting next_dagrun for tutorial_dag to None, run_after=None
[2022-12-22T01:42:57.147+0000] {processor.py:175} INFO - Processing /home/airflow/.local/lib/python3.7/site-packages/airflow/example_dags/tutorial_dag.py took 0.117 seconds
[2022-12-22T01:43:27.594+0000] {processor.py:153} INFO - Started process (PID=4376) to work on /home/airflow/.local/lib/python3.7/site-packages/airflow/example_dags/tutorial_dag.py
[2022-12-22T01:43:27.594+0000] {processor.py:743} INFO - Processing file /home/airflow/.local/lib/python3.7/site-packages/airflow/example_dags/tutorial_dag.py for tasks to queue
[2022-12-22T01:43:27.595+0000] {logging_mixin.py:137} INFO - [2022-12-22T01:43:27.595+0000] {dagbag.py:538} INFO - Filling up the DagBag from /home/airflow/.local/lib/python3.7/site-packages/airflow/example_dags/tutorial_dag.py
[2022-12-22T01:43:27.608+0000] {processor.py:753} INFO - DAG(s) dict_keys(['tutorial_dag']) retrieved from /home/airflow/.local/lib/python3.7/site-packages/airflow/example_dags/tutorial_dag.py
[2022-12-22T01:43:27.645+0000] {logging_mixin.py:137} INFO - [2022-12-22T01:43:27.645+0000] {dag.py:2676} INFO - Sync 1 DAGs
[2022-12-22T01:43:27.670+0000] {logging_mixin.py:137} INFO - [2022-12-22T01:43:27.669+0000] {dag.py:3427} INFO - Setting next_dagrun for tutorial_dag to None, run_after=None
[2022-12-22T01:43:27.687+0000] {processor.py:175} INFO - Processing /home/airflow/.local/lib/python3.7/site-packages/airflow/example_dags/tutorial_dag.py took 0.097 seconds
[2022-12-22T01:43:58.108+0000] {processor.py:153} INFO - Started process (PID=4471) to work on /home/airflow/.local/lib/python3.7/site-packages/airflow/example_dags/tutorial_dag.py
[2022-12-22T01:43:58.108+0000] {processor.py:743} INFO - Processing file /home/airflow/.local/lib/python3.7/site-packages/airflow/example_dags/tutorial_dag.py for tasks to queue
[2022-12-22T01:43:58.109+0000] {logging_mixin.py:137} INFO - [2022-12-22T01:43:58.109+0000] {dagbag.py:538} INFO - Filling up the DagBag from /home/airflow/.local/lib/python3.7/site-packages/airflow/example_dags/tutorial_dag.py
[2022-12-22T01:43:58.121+0000] {processor.py:753} INFO - DAG(s) dict_keys(['tutorial_dag']) retrieved from /home/airflow/.local/lib/python3.7/site-packages/airflow/example_dags/tutorial_dag.py
[2022-12-22T01:43:58.155+0000] {logging_mixin.py:137} INFO - [2022-12-22T01:43:58.155+0000] {dag.py:2676} INFO - Sync 1 DAGs
[2022-12-22T01:43:58.178+0000] {logging_mixin.py:137} INFO - [2022-12-22T01:43:58.178+0000] {dag.py:3427} INFO - Setting next_dagrun for tutorial_dag to None, run_after=None
[2022-12-22T01:43:58.197+0000] {processor.py:175} INFO - Processing /home/airflow/.local/lib/python3.7/site-packages/airflow/example_dags/tutorial_dag.py took 0.093 seconds
[2022-12-22T01:44:28.617+0000] {processor.py:153} INFO - Started process (PID=4572) to work on /home/airflow/.local/lib/python3.7/site-packages/airflow/example_dags/tutorial_dag.py
[2022-12-22T01:44:28.618+0000] {processor.py:743} INFO - Processing file /home/airflow/.local/lib/python3.7/site-packages/airflow/example_dags/tutorial_dag.py for tasks to queue
[2022-12-22T01:44:28.618+0000] {logging_mixin.py:137} INFO - [2022-12-22T01:44:28.618+0000] {dagbag.py:538} INFO - Filling up the DagBag from /home/airflow/.local/lib/python3.7/site-packages/airflow/example_dags/tutorial_dag.py
[2022-12-22T01:44:28.629+0000] {processor.py:753} INFO - DAG(s) dict_keys(['tutorial_dag']) retrieved from /home/airflow/.local/lib/python3.7/site-packages/airflow/example_dags/tutorial_dag.py
[2022-12-22T01:44:28.663+0000] {logging_mixin.py:137} INFO - [2022-12-22T01:44:28.662+0000] {dag.py:2676} INFO - Sync 1 DAGs
[2022-12-22T01:44:28.689+0000] {logging_mixin.py:137} INFO - [2022-12-22T01:44:28.689+0000] {dag.py:3427} INFO - Setting next_dagrun for tutorial_dag to None, run_after=None
[2022-12-22T01:44:28.705+0000] {processor.py:175} INFO - Processing /home/airflow/.local/lib/python3.7/site-packages/airflow/example_dags/tutorial_dag.py took 0.092 seconds
[2022-12-22T01:44:59.305+0000] {processor.py:153} INFO - Started process (PID=4658) to work on /home/airflow/.local/lib/python3.7/site-packages/airflow/example_dags/tutorial_dag.py
[2022-12-22T01:44:59.306+0000] {processor.py:743} INFO - Processing file /home/airflow/.local/lib/python3.7/site-packages/airflow/example_dags/tutorial_dag.py for tasks to queue
[2022-12-22T01:44:59.307+0000] {logging_mixin.py:137} INFO - [2022-12-22T01:44:59.307+0000] {dagbag.py:538} INFO - Filling up the DagBag from /home/airflow/.local/lib/python3.7/site-packages/airflow/example_dags/tutorial_dag.py
[2022-12-22T01:44:59.319+0000] {processor.py:753} INFO - DAG(s) dict_keys(['tutorial_dag']) retrieved from /home/airflow/.local/lib/python3.7/site-packages/airflow/example_dags/tutorial_dag.py
[2022-12-22T01:44:59.355+0000] {logging_mixin.py:137} INFO - [2022-12-22T01:44:59.355+0000] {dag.py:2676} INFO - Sync 1 DAGs
[2022-12-22T01:44:59.379+0000] {logging_mixin.py:137} INFO - [2022-12-22T01:44:59.378+0000] {dag.py:3427} INFO - Setting next_dagrun for tutorial_dag to None, run_after=None
[2022-12-22T01:44:59.396+0000] {processor.py:175} INFO - Processing /home/airflow/.local/lib/python3.7/site-packages/airflow/example_dags/tutorial_dag.py took 0.093 seconds
[2022-12-22T01:45:30.112+0000] {processor.py:153} INFO - Started process (PID=4753) to work on /home/airflow/.local/lib/python3.7/site-packages/airflow/example_dags/tutorial_dag.py
[2022-12-22T01:45:30.113+0000] {processor.py:743} INFO - Processing file /home/airflow/.local/lib/python3.7/site-packages/airflow/example_dags/tutorial_dag.py for tasks to queue
[2022-12-22T01:45:30.113+0000] {logging_mixin.py:137} INFO - [2022-12-22T01:45:30.113+0000] {dagbag.py:538} INFO - Filling up the DagBag from /home/airflow/.local/lib/python3.7/site-packages/airflow/example_dags/tutorial_dag.py
[2022-12-22T01:45:30.125+0000] {processor.py:753} INFO - DAG(s) dict_keys(['tutorial_dag']) retrieved from /home/airflow/.local/lib/python3.7/site-packages/airflow/example_dags/tutorial_dag.py
[2022-12-22T01:45:30.216+0000] {logging_mixin.py:137} INFO - [2022-12-22T01:45:30.215+0000] {dag.py:2676} INFO - Sync 1 DAGs
[2022-12-22T01:45:30.250+0000] {logging_mixin.py:137} INFO - [2022-12-22T01:45:30.250+0000] {dag.py:3427} INFO - Setting next_dagrun for tutorial_dag to None, run_after=None
[2022-12-22T01:45:30.299+0000] {processor.py:175} INFO - Processing /home/airflow/.local/lib/python3.7/site-packages/airflow/example_dags/tutorial_dag.py took 0.190 seconds
[2022-12-22T01:46:00.632+0000] {processor.py:153} INFO - Started process (PID=4854) to work on /home/airflow/.local/lib/python3.7/site-packages/airflow/example_dags/tutorial_dag.py
[2022-12-22T01:46:00.633+0000] {processor.py:743} INFO - Processing file /home/airflow/.local/lib/python3.7/site-packages/airflow/example_dags/tutorial_dag.py for tasks to queue
[2022-12-22T01:46:00.633+0000] {logging_mixin.py:137} INFO - [2022-12-22T01:46:00.633+0000] {dagbag.py:538} INFO - Filling up the DagBag from /home/airflow/.local/lib/python3.7/site-packages/airflow/example_dags/tutorial_dag.py
[2022-12-22T01:46:00.650+0000] {processor.py:753} INFO - DAG(s) dict_keys(['tutorial_dag']) retrieved from /home/airflow/.local/lib/python3.7/site-packages/airflow/example_dags/tutorial_dag.py
[2022-12-22T01:46:00.811+0000] {logging_mixin.py:137} INFO - [2022-12-22T01:46:00.810+0000] {dag.py:2676} INFO - Sync 1 DAGs
[2022-12-22T01:46:00.899+0000] {logging_mixin.py:137} INFO - [2022-12-22T01:46:00.898+0000] {dag.py:3427} INFO - Setting next_dagrun for tutorial_dag to None, run_after=None
[2022-12-22T01:46:00.998+0000] {processor.py:175} INFO - Processing /home/airflow/.local/lib/python3.7/site-packages/airflow/example_dags/tutorial_dag.py took 0.369 seconds
[2022-12-22T01:46:31.456+0000] {processor.py:153} INFO - Started process (PID=4940) to work on /home/airflow/.local/lib/python3.7/site-packages/airflow/example_dags/tutorial_dag.py
[2022-12-22T01:46:31.457+0000] {processor.py:743} INFO - Processing file /home/airflow/.local/lib/python3.7/site-packages/airflow/example_dags/tutorial_dag.py for tasks to queue
[2022-12-22T01:46:31.458+0000] {logging_mixin.py:137} INFO - [2022-12-22T01:46:31.458+0000] {dagbag.py:538} INFO - Filling up the DagBag from /home/airflow/.local/lib/python3.7/site-packages/airflow/example_dags/tutorial_dag.py
[2022-12-22T01:46:31.470+0000] {processor.py:753} INFO - DAG(s) dict_keys(['tutorial_dag']) retrieved from /home/airflow/.local/lib/python3.7/site-packages/airflow/example_dags/tutorial_dag.py
[2022-12-22T01:46:31.507+0000] {logging_mixin.py:137} INFO - [2022-12-22T01:46:31.507+0000] {dag.py:2676} INFO - Sync 1 DAGs
[2022-12-22T01:46:31.534+0000] {logging_mixin.py:137} INFO - [2022-12-22T01:46:31.533+0000] {dag.py:3427} INFO - Setting next_dagrun for tutorial_dag to None, run_after=None
[2022-12-22T01:46:31.551+0000] {processor.py:175} INFO - Processing /home/airflow/.local/lib/python3.7/site-packages/airflow/example_dags/tutorial_dag.py took 0.097 seconds
[2022-12-22T01:47:02.360+0000] {processor.py:153} INFO - Started process (PID=5026) to work on /home/airflow/.local/lib/python3.7/site-packages/airflow/example_dags/tutorial_dag.py
[2022-12-22T01:47:02.361+0000] {processor.py:743} INFO - Processing file /home/airflow/.local/lib/python3.7/site-packages/airflow/example_dags/tutorial_dag.py for tasks to queue
[2022-12-22T01:47:02.362+0000] {logging_mixin.py:137} INFO - [2022-12-22T01:47:02.362+0000] {dagbag.py:538} INFO - Filling up the DagBag from /home/airflow/.local/lib/python3.7/site-packages/airflow/example_dags/tutorial_dag.py
[2022-12-22T01:47:02.374+0000] {processor.py:753} INFO - DAG(s) dict_keys(['tutorial_dag']) retrieved from /home/airflow/.local/lib/python3.7/site-packages/airflow/example_dags/tutorial_dag.py
[2022-12-22T01:47:02.410+0000] {logging_mixin.py:137} INFO - [2022-12-22T01:47:02.410+0000] {dag.py:2676} INFO - Sync 1 DAGs
[2022-12-22T01:47:02.435+0000] {logging_mixin.py:137} INFO - [2022-12-22T01:47:02.434+0000] {dag.py:3427} INFO - Setting next_dagrun for tutorial_dag to None, run_after=None
[2022-12-22T01:47:02.487+0000] {processor.py:175} INFO - Processing /home/airflow/.local/lib/python3.7/site-packages/airflow/example_dags/tutorial_dag.py took 0.129 seconds
[2022-12-22T01:47:32.573+0000] {processor.py:153} INFO - Started process (PID=5136) to work on /home/airflow/.local/lib/python3.7/site-packages/airflow/example_dags/tutorial_dag.py
[2022-12-22T01:47:32.574+0000] {processor.py:743} INFO - Processing file /home/airflow/.local/lib/python3.7/site-packages/airflow/example_dags/tutorial_dag.py for tasks to queue
[2022-12-22T01:47:32.575+0000] {logging_mixin.py:137} INFO - [2022-12-22T01:47:32.574+0000] {dagbag.py:538} INFO - Filling up the DagBag from /home/airflow/.local/lib/python3.7/site-packages/airflow/example_dags/tutorial_dag.py
[2022-12-22T01:47:32.587+0000] {processor.py:753} INFO - DAG(s) dict_keys(['tutorial_dag']) retrieved from /home/airflow/.local/lib/python3.7/site-packages/airflow/example_dags/tutorial_dag.py
[2022-12-22T01:47:32.631+0000] {logging_mixin.py:137} INFO - [2022-12-22T01:47:32.631+0000] {dag.py:2676} INFO - Sync 1 DAGs
[2022-12-22T01:47:32.656+0000] {logging_mixin.py:137} INFO - [2022-12-22T01:47:32.655+0000] {dag.py:3427} INFO - Setting next_dagrun for tutorial_dag to None, run_after=None
[2022-12-22T01:47:32.674+0000] {processor.py:175} INFO - Processing /home/airflow/.local/lib/python3.7/site-packages/airflow/example_dags/tutorial_dag.py took 0.104 seconds
[2022-12-22T01:48:03.209+0000] {processor.py:153} INFO - Started process (PID=5222) to work on /home/airflow/.local/lib/python3.7/site-packages/airflow/example_dags/tutorial_dag.py
[2022-12-22T01:48:03.210+0000] {processor.py:743} INFO - Processing file /home/airflow/.local/lib/python3.7/site-packages/airflow/example_dags/tutorial_dag.py for tasks to queue
[2022-12-22T01:48:03.210+0000] {logging_mixin.py:137} INFO - [2022-12-22T01:48:03.210+0000] {dagbag.py:538} INFO - Filling up the DagBag from /home/airflow/.local/lib/python3.7/site-packages/airflow/example_dags/tutorial_dag.py
[2022-12-22T01:48:03.221+0000] {processor.py:753} INFO - DAG(s) dict_keys(['tutorial_dag']) retrieved from /home/airflow/.local/lib/python3.7/site-packages/airflow/example_dags/tutorial_dag.py
[2022-12-22T01:48:03.255+0000] {logging_mixin.py:137} INFO - [2022-12-22T01:48:03.255+0000] {dag.py:2676} INFO - Sync 1 DAGs
[2022-12-22T01:48:03.278+0000] {logging_mixin.py:137} INFO - [2022-12-22T01:48:03.278+0000] {dag.py:3427} INFO - Setting next_dagrun for tutorial_dag to None, run_after=None
[2022-12-22T01:48:03.296+0000] {processor.py:175} INFO - Processing /home/airflow/.local/lib/python3.7/site-packages/airflow/example_dags/tutorial_dag.py took 0.090 seconds
[2022-12-22T01:48:33.550+0000] {processor.py:153} INFO - Started process (PID=5308) to work on /home/airflow/.local/lib/python3.7/site-packages/airflow/example_dags/tutorial_dag.py
[2022-12-22T01:48:33.551+0000] {processor.py:743} INFO - Processing file /home/airflow/.local/lib/python3.7/site-packages/airflow/example_dags/tutorial_dag.py for tasks to queue
[2022-12-22T01:48:33.551+0000] {logging_mixin.py:137} INFO - [2022-12-22T01:48:33.551+0000] {dagbag.py:538} INFO - Filling up the DagBag from /home/airflow/.local/lib/python3.7/site-packages/airflow/example_dags/tutorial_dag.py
[2022-12-22T01:48:33.562+0000] {processor.py:753} INFO - DAG(s) dict_keys(['tutorial_dag']) retrieved from /home/airflow/.local/lib/python3.7/site-packages/airflow/example_dags/tutorial_dag.py
[2022-12-22T01:48:33.597+0000] {logging_mixin.py:137} INFO - [2022-12-22T01:48:33.597+0000] {dag.py:2676} INFO - Sync 1 DAGs
[2022-12-22T01:48:33.624+0000] {logging_mixin.py:137} INFO - [2022-12-22T01:48:33.623+0000] {dag.py:3427} INFO - Setting next_dagrun for tutorial_dag to None, run_after=None
[2022-12-22T01:48:33.641+0000] {processor.py:175} INFO - Processing /home/airflow/.local/lib/python3.7/site-packages/airflow/example_dags/tutorial_dag.py took 0.094 seconds
[2022-12-22T01:49:04.189+0000] {processor.py:153} INFO - Started process (PID=5418) to work on /home/airflow/.local/lib/python3.7/site-packages/airflow/example_dags/tutorial_dag.py
[2022-12-22T01:49:04.190+0000] {processor.py:743} INFO - Processing file /home/airflow/.local/lib/python3.7/site-packages/airflow/example_dags/tutorial_dag.py for tasks to queue
[2022-12-22T01:49:04.190+0000] {logging_mixin.py:137} INFO - [2022-12-22T01:49:04.190+0000] {dagbag.py:538} INFO - Filling up the DagBag from /home/airflow/.local/lib/python3.7/site-packages/airflow/example_dags/tutorial_dag.py
[2022-12-22T01:49:04.202+0000] {processor.py:753} INFO - DAG(s) dict_keys(['tutorial_dag']) retrieved from /home/airflow/.local/lib/python3.7/site-packages/airflow/example_dags/tutorial_dag.py
[2022-12-22T01:49:04.242+0000] {logging_mixin.py:137} INFO - [2022-12-22T01:49:04.242+0000] {dag.py:2676} INFO - Sync 1 DAGs
[2022-12-22T01:49:04.270+0000] {logging_mixin.py:137} INFO - [2022-12-22T01:49:04.270+0000] {dag.py:3427} INFO - Setting next_dagrun for tutorial_dag to None, run_after=None
[2022-12-22T01:49:04.292+0000] {processor.py:175} INFO - Processing /home/airflow/.local/lib/python3.7/site-packages/airflow/example_dags/tutorial_dag.py took 0.105 seconds
[2022-12-22T01:49:34.487+0000] {processor.py:153} INFO - Started process (PID=5504) to work on /home/airflow/.local/lib/python3.7/site-packages/airflow/example_dags/tutorial_dag.py
[2022-12-22T01:49:34.489+0000] {processor.py:743} INFO - Processing file /home/airflow/.local/lib/python3.7/site-packages/airflow/example_dags/tutorial_dag.py for tasks to queue
[2022-12-22T01:49:34.489+0000] {logging_mixin.py:137} INFO - [2022-12-22T01:49:34.489+0000] {dagbag.py:538} INFO - Filling up the DagBag from /home/airflow/.local/lib/python3.7/site-packages/airflow/example_dags/tutorial_dag.py
[2022-12-22T01:49:34.501+0000] {processor.py:753} INFO - DAG(s) dict_keys(['tutorial_dag']) retrieved from /home/airflow/.local/lib/python3.7/site-packages/airflow/example_dags/tutorial_dag.py
[2022-12-22T01:49:34.539+0000] {logging_mixin.py:137} INFO - [2022-12-22T01:49:34.538+0000] {dag.py:2676} INFO - Sync 1 DAGs
[2022-12-22T01:49:34.565+0000] {logging_mixin.py:137} INFO - [2022-12-22T01:49:34.565+0000] {dag.py:3427} INFO - Setting next_dagrun for tutorial_dag to None, run_after=None
[2022-12-22T01:49:34.584+0000] {processor.py:175} INFO - Processing /home/airflow/.local/lib/python3.7/site-packages/airflow/example_dags/tutorial_dag.py took 0.099 seconds
[2022-12-22T01:50:05.145+0000] {processor.py:153} INFO - Started process (PID=5599) to work on /home/airflow/.local/lib/python3.7/site-packages/airflow/example_dags/tutorial_dag.py
[2022-12-22T01:50:05.146+0000] {processor.py:743} INFO - Processing file /home/airflow/.local/lib/python3.7/site-packages/airflow/example_dags/tutorial_dag.py for tasks to queue
[2022-12-22T01:50:05.146+0000] {logging_mixin.py:137} INFO - [2022-12-22T01:50:05.146+0000] {dagbag.py:538} INFO - Filling up the DagBag from /home/airflow/.local/lib/python3.7/site-packages/airflow/example_dags/tutorial_dag.py
[2022-12-22T01:50:05.189+0000] {processor.py:753} INFO - DAG(s) dict_keys(['tutorial_dag']) retrieved from /home/airflow/.local/lib/python3.7/site-packages/airflow/example_dags/tutorial_dag.py
[2022-12-22T01:50:05.290+0000] {logging_mixin.py:137} INFO - [2022-12-22T01:50:05.290+0000] {dag.py:2676} INFO - Sync 1 DAGs
[2022-12-22T01:50:05.326+0000] {logging_mixin.py:137} INFO - [2022-12-22T01:50:05.326+0000] {dag.py:3427} INFO - Setting next_dagrun for tutorial_dag to None, run_after=None
[2022-12-22T01:50:05.402+0000] {processor.py:175} INFO - Processing /home/airflow/.local/lib/python3.7/site-packages/airflow/example_dags/tutorial_dag.py took 0.260 seconds
[2022-12-22T01:50:35.514+0000] {processor.py:153} INFO - Started process (PID=5685) to work on /home/airflow/.local/lib/python3.7/site-packages/airflow/example_dags/tutorial_dag.py
[2022-12-22T01:50:35.515+0000] {processor.py:743} INFO - Processing file /home/airflow/.local/lib/python3.7/site-packages/airflow/example_dags/tutorial_dag.py for tasks to queue
[2022-12-22T01:50:35.516+0000] {logging_mixin.py:137} INFO - [2022-12-22T01:50:35.515+0000] {dagbag.py:538} INFO - Filling up the DagBag from /home/airflow/.local/lib/python3.7/site-packages/airflow/example_dags/tutorial_dag.py
[2022-12-22T01:50:35.528+0000] {processor.py:753} INFO - DAG(s) dict_keys(['tutorial_dag']) retrieved from /home/airflow/.local/lib/python3.7/site-packages/airflow/example_dags/tutorial_dag.py
[2022-12-22T01:50:35.563+0000] {logging_mixin.py:137} INFO - [2022-12-22T01:50:35.563+0000] {dag.py:2676} INFO - Sync 1 DAGs
[2022-12-22T01:50:35.605+0000] {logging_mixin.py:137} INFO - [2022-12-22T01:50:35.605+0000] {dag.py:3427} INFO - Setting next_dagrun for tutorial_dag to None, run_after=None
[2022-12-22T01:50:35.624+0000] {processor.py:175} INFO - Processing /home/airflow/.local/lib/python3.7/site-packages/airflow/example_dags/tutorial_dag.py took 0.113 seconds
