[2022-12-22T01:20:27.598+0000] {processor.py:153} INFO - Started process (PID=143) to work on /home/airflow/.local/lib/python3.7/site-packages/airflow/example_dags/tutorial.py
[2022-12-22T01:20:27.598+0000] {processor.py:743} INFO - Processing file /home/airflow/.local/lib/python3.7/site-packages/airflow/example_dags/tutorial.py for tasks to queue
[2022-12-22T01:20:27.599+0000] {logging_mixin.py:137} INFO - [2022-12-22T01:20:27.599+0000] {dagbag.py:538} INFO - Filling up the DagBag from /home/airflow/.local/lib/python3.7/site-packages/airflow/example_dags/tutorial.py
[2022-12-22T01:20:27.613+0000] {processor.py:753} INFO - DAG(s) dict_keys(['tutorial']) retrieved from /home/airflow/.local/lib/python3.7/site-packages/airflow/example_dags/tutorial.py
[2022-12-22T01:20:27.718+0000] {logging_mixin.py:137} INFO - [2022-12-22T01:20:27.718+0000] {dag.py:2676} INFO - Sync 1 DAGs
[2022-12-22T01:20:27.815+0000] {logging_mixin.py:137} INFO - [2022-12-22T01:20:27.814+0000] {dag.py:3427} INFO - Setting next_dagrun for tutorial to 2022-12-21T01:20:27.814609+00:00, run_after=2022-12-22T01:20:27.814609+00:00
[2022-12-22T01:20:27.910+0000] {processor.py:175} INFO - Processing /home/airflow/.local/lib/python3.7/site-packages/airflow/example_dags/tutorial.py took 0.315 seconds
[2022-12-22T01:20:58.958+0000] {processor.py:153} INFO - Started process (PID=229) to work on /home/airflow/.local/lib/python3.7/site-packages/airflow/example_dags/tutorial.py
[2022-12-22T01:20:58.959+0000] {processor.py:743} INFO - Processing file /home/airflow/.local/lib/python3.7/site-packages/airflow/example_dags/tutorial.py for tasks to queue
[2022-12-22T01:20:58.959+0000] {logging_mixin.py:137} INFO - [2022-12-22T01:20:58.959+0000] {dagbag.py:538} INFO - Filling up the DagBag from /home/airflow/.local/lib/python3.7/site-packages/airflow/example_dags/tutorial.py
[2022-12-22T01:20:58.973+0000] {processor.py:753} INFO - DAG(s) dict_keys(['tutorial']) retrieved from /home/airflow/.local/lib/python3.7/site-packages/airflow/example_dags/tutorial.py
[2022-12-22T01:20:59.010+0000] {logging_mixin.py:137} INFO - [2022-12-22T01:20:59.010+0000] {dag.py:2676} INFO - Sync 1 DAGs
[2022-12-22T01:20:59.034+0000] {logging_mixin.py:137} INFO - [2022-12-22T01:20:59.034+0000] {dag.py:3427} INFO - Setting next_dagrun for tutorial to 2022-12-21T01:20:59.033958+00:00, run_after=2022-12-22T01:20:59.033958+00:00
[2022-12-22T01:20:59.050+0000] {processor.py:175} INFO - Processing /home/airflow/.local/lib/python3.7/site-packages/airflow/example_dags/tutorial.py took 0.095 seconds
[2022-12-22T01:21:29.144+0000] {processor.py:153} INFO - Started process (PID=315) to work on /home/airflow/.local/lib/python3.7/site-packages/airflow/example_dags/tutorial.py
[2022-12-22T01:21:29.145+0000] {processor.py:743} INFO - Processing file /home/airflow/.local/lib/python3.7/site-packages/airflow/example_dags/tutorial.py for tasks to queue
[2022-12-22T01:21:29.146+0000] {logging_mixin.py:137} INFO - [2022-12-22T01:21:29.146+0000] {dagbag.py:538} INFO - Filling up the DagBag from /home/airflow/.local/lib/python3.7/site-packages/airflow/example_dags/tutorial.py
[2022-12-22T01:21:29.160+0000] {processor.py:753} INFO - DAG(s) dict_keys(['tutorial']) retrieved from /home/airflow/.local/lib/python3.7/site-packages/airflow/example_dags/tutorial.py
[2022-12-22T01:21:29.197+0000] {logging_mixin.py:137} INFO - [2022-12-22T01:21:29.196+0000] {dag.py:2676} INFO - Sync 1 DAGs
[2022-12-22T01:21:29.220+0000] {logging_mixin.py:137} INFO - [2022-12-22T01:21:29.220+0000] {dag.py:3427} INFO - Setting next_dagrun for tutorial to 2022-12-21T01:21:29.220582+00:00, run_after=2022-12-22T01:21:29.220582+00:00
[2022-12-22T01:21:29.239+0000] {processor.py:175} INFO - Processing /home/airflow/.local/lib/python3.7/site-packages/airflow/example_dags/tutorial.py took 0.098 seconds
[2022-12-22T01:21:59.535+0000] {processor.py:153} INFO - Started process (PID=425) to work on /home/airflow/.local/lib/python3.7/site-packages/airflow/example_dags/tutorial.py
[2022-12-22T01:21:59.536+0000] {processor.py:743} INFO - Processing file /home/airflow/.local/lib/python3.7/site-packages/airflow/example_dags/tutorial.py for tasks to queue
[2022-12-22T01:21:59.536+0000] {logging_mixin.py:137} INFO - [2022-12-22T01:21:59.536+0000] {dagbag.py:538} INFO - Filling up the DagBag from /home/airflow/.local/lib/python3.7/site-packages/airflow/example_dags/tutorial.py
[2022-12-22T01:21:59.549+0000] {processor.py:753} INFO - DAG(s) dict_keys(['tutorial']) retrieved from /home/airflow/.local/lib/python3.7/site-packages/airflow/example_dags/tutorial.py
[2022-12-22T01:21:59.583+0000] {logging_mixin.py:137} INFO - [2022-12-22T01:21:59.583+0000] {dag.py:2676} INFO - Sync 1 DAGs
[2022-12-22T01:21:59.607+0000] {logging_mixin.py:137} INFO - [2022-12-22T01:21:59.607+0000] {dag.py:3427} INFO - Setting next_dagrun for tutorial to 2022-12-21T01:21:59.607111+00:00, run_after=2022-12-22T01:21:59.607111+00:00
[2022-12-22T01:21:59.625+0000] {processor.py:175} INFO - Processing /home/airflow/.local/lib/python3.7/site-packages/airflow/example_dags/tutorial.py took 0.092 seconds
[2022-12-22T01:22:29.847+0000] {processor.py:153} INFO - Started process (PID=511) to work on /home/airflow/.local/lib/python3.7/site-packages/airflow/example_dags/tutorial.py
[2022-12-22T01:22:29.848+0000] {processor.py:743} INFO - Processing file /home/airflow/.local/lib/python3.7/site-packages/airflow/example_dags/tutorial.py for tasks to queue
[2022-12-22T01:22:29.848+0000] {logging_mixin.py:137} INFO - [2022-12-22T01:22:29.848+0000] {dagbag.py:538} INFO - Filling up the DagBag from /home/airflow/.local/lib/python3.7/site-packages/airflow/example_dags/tutorial.py
[2022-12-22T01:22:29.860+0000] {processor.py:753} INFO - DAG(s) dict_keys(['tutorial']) retrieved from /home/airflow/.local/lib/python3.7/site-packages/airflow/example_dags/tutorial.py
[2022-12-22T01:22:29.896+0000] {logging_mixin.py:137} INFO - [2022-12-22T01:22:29.896+0000] {dag.py:2676} INFO - Sync 1 DAGs
[2022-12-22T01:22:29.919+0000] {logging_mixin.py:137} INFO - [2022-12-22T01:22:29.919+0000] {dag.py:3427} INFO - Setting next_dagrun for tutorial to 2022-12-21T01:22:29.919072+00:00, run_after=2022-12-22T01:22:29.919072+00:00
[2022-12-22T01:22:29.935+0000] {processor.py:175} INFO - Processing /home/airflow/.local/lib/python3.7/site-packages/airflow/example_dags/tutorial.py took 0.091 seconds
[2022-12-22T01:23:00.290+0000] {processor.py:153} INFO - Started process (PID=621) to work on /home/airflow/.local/lib/python3.7/site-packages/airflow/example_dags/tutorial.py
[2022-12-22T01:23:00.291+0000] {processor.py:743} INFO - Processing file /home/airflow/.local/lib/python3.7/site-packages/airflow/example_dags/tutorial.py for tasks to queue
[2022-12-22T01:23:00.291+0000] {logging_mixin.py:137} INFO - [2022-12-22T01:23:00.291+0000] {dagbag.py:538} INFO - Filling up the DagBag from /home/airflow/.local/lib/python3.7/site-packages/airflow/example_dags/tutorial.py
[2022-12-22T01:23:00.305+0000] {processor.py:753} INFO - DAG(s) dict_keys(['tutorial']) retrieved from /home/airflow/.local/lib/python3.7/site-packages/airflow/example_dags/tutorial.py
[2022-12-22T01:23:00.340+0000] {logging_mixin.py:137} INFO - [2022-12-22T01:23:00.340+0000] {dag.py:2676} INFO - Sync 1 DAGs
[2022-12-22T01:23:00.364+0000] {logging_mixin.py:137} INFO - [2022-12-22T01:23:00.364+0000] {dag.py:3427} INFO - Setting next_dagrun for tutorial to 2022-12-21T01:23:00.364007+00:00, run_after=2022-12-22T01:23:00.364007+00:00
[2022-12-22T01:23:00.380+0000] {processor.py:175} INFO - Processing /home/airflow/.local/lib/python3.7/site-packages/airflow/example_dags/tutorial.py took 0.093 seconds
[2022-12-22T01:23:30.467+0000] {processor.py:153} INFO - Started process (PID=707) to work on /home/airflow/.local/lib/python3.7/site-packages/airflow/example_dags/tutorial.py
[2022-12-22T01:23:30.468+0000] {processor.py:743} INFO - Processing file /home/airflow/.local/lib/python3.7/site-packages/airflow/example_dags/tutorial.py for tasks to queue
[2022-12-22T01:23:30.468+0000] {logging_mixin.py:137} INFO - [2022-12-22T01:23:30.468+0000] {dagbag.py:538} INFO - Filling up the DagBag from /home/airflow/.local/lib/python3.7/site-packages/airflow/example_dags/tutorial.py
[2022-12-22T01:23:30.481+0000] {processor.py:753} INFO - DAG(s) dict_keys(['tutorial']) retrieved from /home/airflow/.local/lib/python3.7/site-packages/airflow/example_dags/tutorial.py
[2022-12-22T01:23:30.516+0000] {logging_mixin.py:137} INFO - [2022-12-22T01:23:30.516+0000] {dag.py:2676} INFO - Sync 1 DAGs
[2022-12-22T01:23:30.540+0000] {logging_mixin.py:137} INFO - [2022-12-22T01:23:30.540+0000] {dag.py:3427} INFO - Setting next_dagrun for tutorial to 2022-12-21T01:23:30.539818+00:00, run_after=2022-12-22T01:23:30.539818+00:00
[2022-12-22T01:23:30.558+0000] {processor.py:175} INFO - Processing /home/airflow/.local/lib/python3.7/site-packages/airflow/example_dags/tutorial.py took 0.093 seconds
[2022-12-22T01:24:00.849+0000] {processor.py:153} INFO - Started process (PID=793) to work on /home/airflow/.local/lib/python3.7/site-packages/airflow/example_dags/tutorial.py
[2022-12-22T01:24:00.850+0000] {processor.py:743} INFO - Processing file /home/airflow/.local/lib/python3.7/site-packages/airflow/example_dags/tutorial.py for tasks to queue
[2022-12-22T01:24:00.850+0000] {logging_mixin.py:137} INFO - [2022-12-22T01:24:00.850+0000] {dagbag.py:538} INFO - Filling up the DagBag from /home/airflow/.local/lib/python3.7/site-packages/airflow/example_dags/tutorial.py
[2022-12-22T01:24:00.863+0000] {processor.py:753} INFO - DAG(s) dict_keys(['tutorial']) retrieved from /home/airflow/.local/lib/python3.7/site-packages/airflow/example_dags/tutorial.py
[2022-12-22T01:24:00.905+0000] {logging_mixin.py:137} INFO - [2022-12-22T01:24:00.905+0000] {dag.py:2676} INFO - Sync 1 DAGs
[2022-12-22T01:24:01.002+0000] {logging_mixin.py:137} INFO - [2022-12-22T01:24:01.002+0000] {dag.py:3427} INFO - Setting next_dagrun for tutorial to 2022-12-21T01:24:01.001780+00:00, run_after=2022-12-22T01:24:01.001780+00:00
[2022-12-22T01:24:01.025+0000] {processor.py:175} INFO - Processing /home/airflow/.local/lib/python3.7/site-packages/airflow/example_dags/tutorial.py took 0.178 seconds
[2022-12-22T01:24:31.323+0000] {processor.py:153} INFO - Started process (PID=903) to work on /home/airflow/.local/lib/python3.7/site-packages/airflow/example_dags/tutorial.py
[2022-12-22T01:24:31.324+0000] {processor.py:743} INFO - Processing file /home/airflow/.local/lib/python3.7/site-packages/airflow/example_dags/tutorial.py for tasks to queue
[2022-12-22T01:24:31.325+0000] {logging_mixin.py:137} INFO - [2022-12-22T01:24:31.325+0000] {dagbag.py:538} INFO - Filling up the DagBag from /home/airflow/.local/lib/python3.7/site-packages/airflow/example_dags/tutorial.py
[2022-12-22T01:24:31.339+0000] {processor.py:753} INFO - DAG(s) dict_keys(['tutorial']) retrieved from /home/airflow/.local/lib/python3.7/site-packages/airflow/example_dags/tutorial.py
[2022-12-22T01:24:31.374+0000] {logging_mixin.py:137} INFO - [2022-12-22T01:24:31.374+0000] {dag.py:2676} INFO - Sync 1 DAGs
[2022-12-22T01:24:31.400+0000] {logging_mixin.py:137} INFO - [2022-12-22T01:24:31.399+0000] {dag.py:3427} INFO - Setting next_dagrun for tutorial to 2022-12-21T01:24:31.399711+00:00, run_after=2022-12-22T01:24:31.399711+00:00
[2022-12-22T01:24:31.422+0000] {processor.py:175} INFO - Processing /home/airflow/.local/lib/python3.7/site-packages/airflow/example_dags/tutorial.py took 0.101 seconds
[2022-12-22T01:25:01.734+0000] {processor.py:153} INFO - Started process (PID=989) to work on /home/airflow/.local/lib/python3.7/site-packages/airflow/example_dags/tutorial.py
[2022-12-22T01:25:01.735+0000] {processor.py:743} INFO - Processing file /home/airflow/.local/lib/python3.7/site-packages/airflow/example_dags/tutorial.py for tasks to queue
[2022-12-22T01:25:01.735+0000] {logging_mixin.py:137} INFO - [2022-12-22T01:25:01.735+0000] {dagbag.py:538} INFO - Filling up the DagBag from /home/airflow/.local/lib/python3.7/site-packages/airflow/example_dags/tutorial.py
[2022-12-22T01:25:01.749+0000] {processor.py:753} INFO - DAG(s) dict_keys(['tutorial']) retrieved from /home/airflow/.local/lib/python3.7/site-packages/airflow/example_dags/tutorial.py
[2022-12-22T01:25:01.786+0000] {logging_mixin.py:137} INFO - [2022-12-22T01:25:01.785+0000] {dag.py:2676} INFO - Sync 1 DAGs
[2022-12-22T01:25:01.810+0000] {logging_mixin.py:137} INFO - [2022-12-22T01:25:01.809+0000] {dag.py:3427} INFO - Setting next_dagrun for tutorial to 2022-12-21T01:25:01.809710+00:00, run_after=2022-12-22T01:25:01.809710+00:00
[2022-12-22T01:25:01.826+0000] {processor.py:175} INFO - Processing /home/airflow/.local/lib/python3.7/site-packages/airflow/example_dags/tutorial.py took 0.094 seconds
[2022-12-22T01:25:32.757+0000] {processor.py:153} INFO - Started process (PID=1099) to work on /home/airflow/.local/lib/python3.7/site-packages/airflow/example_dags/tutorial.py
[2022-12-22T01:25:32.758+0000] {processor.py:743} INFO - Processing file /home/airflow/.local/lib/python3.7/site-packages/airflow/example_dags/tutorial.py for tasks to queue
[2022-12-22T01:25:32.759+0000] {logging_mixin.py:137} INFO - [2022-12-22T01:25:32.758+0000] {dagbag.py:538} INFO - Filling up the DagBag from /home/airflow/.local/lib/python3.7/site-packages/airflow/example_dags/tutorial.py
[2022-12-22T01:25:32.771+0000] {processor.py:753} INFO - DAG(s) dict_keys(['tutorial']) retrieved from /home/airflow/.local/lib/python3.7/site-packages/airflow/example_dags/tutorial.py
[2022-12-22T01:25:32.804+0000] {logging_mixin.py:137} INFO - [2022-12-22T01:25:32.804+0000] {dag.py:2676} INFO - Sync 1 DAGs
[2022-12-22T01:25:32.828+0000] {logging_mixin.py:137} INFO - [2022-12-22T01:25:32.828+0000] {dag.py:3427} INFO - Setting next_dagrun for tutorial to 2022-12-21T01:25:32.827890+00:00, run_after=2022-12-22T01:25:32.827890+00:00
[2022-12-22T01:25:32.847+0000] {processor.py:175} INFO - Processing /home/airflow/.local/lib/python3.7/site-packages/airflow/example_dags/tutorial.py took 0.092 seconds
[2022-12-22T01:26:03.147+0000] {processor.py:153} INFO - Started process (PID=1185) to work on /home/airflow/.local/lib/python3.7/site-packages/airflow/example_dags/tutorial.py
[2022-12-22T01:26:03.148+0000] {processor.py:743} INFO - Processing file /home/airflow/.local/lib/python3.7/site-packages/airflow/example_dags/tutorial.py for tasks to queue
[2022-12-22T01:26:03.148+0000] {logging_mixin.py:137} INFO - [2022-12-22T01:26:03.148+0000] {dagbag.py:538} INFO - Filling up the DagBag from /home/airflow/.local/lib/python3.7/site-packages/airflow/example_dags/tutorial.py
[2022-12-22T01:26:03.161+0000] {processor.py:753} INFO - DAG(s) dict_keys(['tutorial']) retrieved from /home/airflow/.local/lib/python3.7/site-packages/airflow/example_dags/tutorial.py
[2022-12-22T01:26:03.194+0000] {logging_mixin.py:137} INFO - [2022-12-22T01:26:03.194+0000] {dag.py:2676} INFO - Sync 1 DAGs
[2022-12-22T01:26:03.219+0000] {logging_mixin.py:137} INFO - [2022-12-22T01:26:03.219+0000] {dag.py:3427} INFO - Setting next_dagrun for tutorial to 2022-12-21T01:26:03.219307+00:00, run_after=2022-12-22T01:26:03.219307+00:00
[2022-12-22T01:26:03.237+0000] {processor.py:175} INFO - Processing /home/airflow/.local/lib/python3.7/site-packages/airflow/example_dags/tutorial.py took 0.092 seconds
[2022-12-22T01:26:33.638+0000] {processor.py:153} INFO - Started process (PID=1270) to work on /home/airflow/.local/lib/python3.7/site-packages/airflow/example_dags/tutorial.py
[2022-12-22T01:26:33.639+0000] {processor.py:743} INFO - Processing file /home/airflow/.local/lib/python3.7/site-packages/airflow/example_dags/tutorial.py for tasks to queue
[2022-12-22T01:26:33.640+0000] {logging_mixin.py:137} INFO - [2022-12-22T01:26:33.640+0000] {dagbag.py:538} INFO - Filling up the DagBag from /home/airflow/.local/lib/python3.7/site-packages/airflow/example_dags/tutorial.py
[2022-12-22T01:26:33.703+0000] {processor.py:753} INFO - DAG(s) dict_keys(['tutorial']) retrieved from /home/airflow/.local/lib/python3.7/site-packages/airflow/example_dags/tutorial.py
[2022-12-22T01:26:33.823+0000] {logging_mixin.py:137} INFO - [2022-12-22T01:26:33.823+0000] {dag.py:2676} INFO - Sync 1 DAGs
[2022-12-22T01:26:33.901+0000] {logging_mixin.py:137} INFO - [2022-12-22T01:26:33.901+0000] {dag.py:3427} INFO - Setting next_dagrun for tutorial to 2022-12-21T01:26:33.901237+00:00, run_after=2022-12-22T01:26:33.901237+00:00
[2022-12-22T01:26:33.990+0000] {processor.py:175} INFO - Processing /home/airflow/.local/lib/python3.7/site-packages/airflow/example_dags/tutorial.py took 0.354 seconds
[2022-12-22T01:27:04.696+0000] {processor.py:153} INFO - Started process (PID=1380) to work on /home/airflow/.local/lib/python3.7/site-packages/airflow/example_dags/tutorial.py
[2022-12-22T01:27:04.697+0000] {processor.py:743} INFO - Processing file /home/airflow/.local/lib/python3.7/site-packages/airflow/example_dags/tutorial.py for tasks to queue
[2022-12-22T01:27:04.697+0000] {logging_mixin.py:137} INFO - [2022-12-22T01:27:04.697+0000] {dagbag.py:538} INFO - Filling up the DagBag from /home/airflow/.local/lib/python3.7/site-packages/airflow/example_dags/tutorial.py
[2022-12-22T01:27:04.710+0000] {processor.py:753} INFO - DAG(s) dict_keys(['tutorial']) retrieved from /home/airflow/.local/lib/python3.7/site-packages/airflow/example_dags/tutorial.py
[2022-12-22T01:27:04.752+0000] {logging_mixin.py:137} INFO - [2022-12-22T01:27:04.752+0000] {dag.py:2676} INFO - Sync 1 DAGs
[2022-12-22T01:27:04.787+0000] {logging_mixin.py:137} INFO - [2022-12-22T01:27:04.787+0000] {dag.py:3427} INFO - Setting next_dagrun for tutorial to 2022-12-21T01:27:04.787535+00:00, run_after=2022-12-22T01:27:04.787535+00:00
[2022-12-22T01:27:04.804+0000] {processor.py:175} INFO - Processing /home/airflow/.local/lib/python3.7/site-packages/airflow/example_dags/tutorial.py took 0.111 seconds
[2022-12-22T01:27:35.393+0000] {processor.py:153} INFO - Started process (PID=1466) to work on /home/airflow/.local/lib/python3.7/site-packages/airflow/example_dags/tutorial.py
[2022-12-22T01:27:35.394+0000] {processor.py:743} INFO - Processing file /home/airflow/.local/lib/python3.7/site-packages/airflow/example_dags/tutorial.py for tasks to queue
[2022-12-22T01:27:35.395+0000] {logging_mixin.py:137} INFO - [2022-12-22T01:27:35.395+0000] {dagbag.py:538} INFO - Filling up the DagBag from /home/airflow/.local/lib/python3.7/site-packages/airflow/example_dags/tutorial.py
[2022-12-22T01:27:35.409+0000] {processor.py:753} INFO - DAG(s) dict_keys(['tutorial']) retrieved from /home/airflow/.local/lib/python3.7/site-packages/airflow/example_dags/tutorial.py
[2022-12-22T01:27:35.447+0000] {logging_mixin.py:137} INFO - [2022-12-22T01:27:35.447+0000] {dag.py:2676} INFO - Sync 1 DAGs
[2022-12-22T01:27:35.473+0000] {logging_mixin.py:137} INFO - [2022-12-22T01:27:35.473+0000] {dag.py:3427} INFO - Setting next_dagrun for tutorial to 2022-12-21T01:27:35.472816+00:00, run_after=2022-12-22T01:27:35.472816+00:00
[2022-12-22T01:27:35.495+0000] {processor.py:175} INFO - Processing /home/airflow/.local/lib/python3.7/site-packages/airflow/example_dags/tutorial.py took 0.105 seconds
[2022-12-22T01:28:05.691+0000] {processor.py:153} INFO - Started process (PID=1552) to work on /home/airflow/.local/lib/python3.7/site-packages/airflow/example_dags/tutorial.py
[2022-12-22T01:28:05.692+0000] {processor.py:743} INFO - Processing file /home/airflow/.local/lib/python3.7/site-packages/airflow/example_dags/tutorial.py for tasks to queue
[2022-12-22T01:28:05.693+0000] {logging_mixin.py:137} INFO - [2022-12-22T01:28:05.693+0000] {dagbag.py:538} INFO - Filling up the DagBag from /home/airflow/.local/lib/python3.7/site-packages/airflow/example_dags/tutorial.py
[2022-12-22T01:28:05.706+0000] {processor.py:753} INFO - DAG(s) dict_keys(['tutorial']) retrieved from /home/airflow/.local/lib/python3.7/site-packages/airflow/example_dags/tutorial.py
[2022-12-22T01:28:05.741+0000] {logging_mixin.py:137} INFO - [2022-12-22T01:28:05.740+0000] {dag.py:2676} INFO - Sync 1 DAGs
[2022-12-22T01:28:05.765+0000] {logging_mixin.py:137} INFO - [2022-12-22T01:28:05.764+0000] {dag.py:3427} INFO - Setting next_dagrun for tutorial to 2022-12-21T01:28:05.764695+00:00, run_after=2022-12-22T01:28:05.764695+00:00
[2022-12-22T01:28:05.782+0000] {processor.py:175} INFO - Processing /home/airflow/.local/lib/python3.7/site-packages/airflow/example_dags/tutorial.py took 0.093 seconds
[2022-12-22T01:28:36.151+0000] {processor.py:153} INFO - Started process (PID=1662) to work on /home/airflow/.local/lib/python3.7/site-packages/airflow/example_dags/tutorial.py
[2022-12-22T01:28:36.152+0000] {processor.py:743} INFO - Processing file /home/airflow/.local/lib/python3.7/site-packages/airflow/example_dags/tutorial.py for tasks to queue
[2022-12-22T01:28:36.152+0000] {logging_mixin.py:137} INFO - [2022-12-22T01:28:36.152+0000] {dagbag.py:538} INFO - Filling up the DagBag from /home/airflow/.local/lib/python3.7/site-packages/airflow/example_dags/tutorial.py
[2022-12-22T01:28:36.166+0000] {processor.py:753} INFO - DAG(s) dict_keys(['tutorial']) retrieved from /home/airflow/.local/lib/python3.7/site-packages/airflow/example_dags/tutorial.py
[2022-12-22T01:28:36.202+0000] {logging_mixin.py:137} INFO - [2022-12-22T01:28:36.202+0000] {dag.py:2676} INFO - Sync 1 DAGs
[2022-12-22T01:28:36.227+0000] {logging_mixin.py:137} INFO - [2022-12-22T01:28:36.227+0000] {dag.py:3427} INFO - Setting next_dagrun for tutorial to 2022-12-21T01:28:36.227122+00:00, run_after=2022-12-22T01:28:36.227122+00:00
[2022-12-22T01:28:36.248+0000] {processor.py:175} INFO - Processing /home/airflow/.local/lib/python3.7/site-packages/airflow/example_dags/tutorial.py took 0.100 seconds
[2022-12-22T01:29:06.475+0000] {processor.py:153} INFO - Started process (PID=1748) to work on /home/airflow/.local/lib/python3.7/site-packages/airflow/example_dags/tutorial.py
[2022-12-22T01:29:06.476+0000] {processor.py:743} INFO - Processing file /home/airflow/.local/lib/python3.7/site-packages/airflow/example_dags/tutorial.py for tasks to queue
[2022-12-22T01:29:06.476+0000] {logging_mixin.py:137} INFO - [2022-12-22T01:29:06.476+0000] {dagbag.py:538} INFO - Filling up the DagBag from /home/airflow/.local/lib/python3.7/site-packages/airflow/example_dags/tutorial.py
[2022-12-22T01:29:06.489+0000] {processor.py:753} INFO - DAG(s) dict_keys(['tutorial']) retrieved from /home/airflow/.local/lib/python3.7/site-packages/airflow/example_dags/tutorial.py
[2022-12-22T01:29:06.525+0000] {logging_mixin.py:137} INFO - [2022-12-22T01:29:06.524+0000] {dag.py:2676} INFO - Sync 1 DAGs
[2022-12-22T01:29:06.549+0000] {logging_mixin.py:137} INFO - [2022-12-22T01:29:06.549+0000] {dag.py:3427} INFO - Setting next_dagrun for tutorial to 2022-12-21T01:29:06.549291+00:00, run_after=2022-12-22T01:29:06.549291+00:00
[2022-12-22T01:29:06.568+0000] {processor.py:175} INFO - Processing /home/airflow/.local/lib/python3.7/site-packages/airflow/example_dags/tutorial.py took 0.095 seconds
[2022-12-22T01:29:36.879+0000] {processor.py:153} INFO - Started process (PID=1844) to work on /home/airflow/.local/lib/python3.7/site-packages/airflow/example_dags/tutorial.py
[2022-12-22T01:29:36.880+0000] {processor.py:743} INFO - Processing file /home/airflow/.local/lib/python3.7/site-packages/airflow/example_dags/tutorial.py for tasks to queue
[2022-12-22T01:29:36.881+0000] {logging_mixin.py:137} INFO - [2022-12-22T01:29:36.880+0000] {dagbag.py:538} INFO - Filling up the DagBag from /home/airflow/.local/lib/python3.7/site-packages/airflow/example_dags/tutorial.py
[2022-12-22T01:29:36.906+0000] {processor.py:753} INFO - DAG(s) dict_keys(['tutorial']) retrieved from /home/airflow/.local/lib/python3.7/site-packages/airflow/example_dags/tutorial.py
[2022-12-22T01:29:36.955+0000] {logging_mixin.py:137} INFO - [2022-12-22T01:29:36.955+0000] {dag.py:2676} INFO - Sync 1 DAGs
[2022-12-22T01:29:37.015+0000] {logging_mixin.py:137} INFO - [2022-12-22T01:29:37.014+0000] {dag.py:3427} INFO - Setting next_dagrun for tutorial to 2022-12-21T01:29:37.014625+00:00, run_after=2022-12-22T01:29:37.014625+00:00
[2022-12-22T01:29:37.122+0000] {processor.py:175} INFO - Processing /home/airflow/.local/lib/python3.7/site-packages/airflow/example_dags/tutorial.py took 0.245 seconds
[2022-12-22T01:30:07.908+0000] {processor.py:153} INFO - Started process (PID=1945) to work on /home/airflow/.local/lib/python3.7/site-packages/airflow/example_dags/tutorial.py
[2022-12-22T01:30:07.909+0000] {processor.py:743} INFO - Processing file /home/airflow/.local/lib/python3.7/site-packages/airflow/example_dags/tutorial.py for tasks to queue
[2022-12-22T01:30:07.910+0000] {logging_mixin.py:137} INFO - [2022-12-22T01:30:07.910+0000] {dagbag.py:538} INFO - Filling up the DagBag from /home/airflow/.local/lib/python3.7/site-packages/airflow/example_dags/tutorial.py
[2022-12-22T01:30:07.923+0000] {processor.py:753} INFO - DAG(s) dict_keys(['tutorial']) retrieved from /home/airflow/.local/lib/python3.7/site-packages/airflow/example_dags/tutorial.py
[2022-12-22T01:30:07.959+0000] {logging_mixin.py:137} INFO - [2022-12-22T01:30:07.959+0000] {dag.py:2676} INFO - Sync 1 DAGs
[2022-12-22T01:30:07.985+0000] {logging_mixin.py:137} INFO - [2022-12-22T01:30:07.985+0000] {dag.py:3427} INFO - Setting next_dagrun for tutorial to 2022-12-21T01:30:07.985205+00:00, run_after=2022-12-22T01:30:07.985205+00:00
[2022-12-22T01:30:08.003+0000] {processor.py:175} INFO - Processing /home/airflow/.local/lib/python3.7/site-packages/airflow/example_dags/tutorial.py took 0.097 seconds
[2022-12-22T01:30:38.384+0000] {processor.py:153} INFO - Started process (PID=2032) to work on /home/airflow/.local/lib/python3.7/site-packages/airflow/example_dags/tutorial.py
[2022-12-22T01:30:38.385+0000] {processor.py:743} INFO - Processing file /home/airflow/.local/lib/python3.7/site-packages/airflow/example_dags/tutorial.py for tasks to queue
[2022-12-22T01:30:38.386+0000] {logging_mixin.py:137} INFO - [2022-12-22T01:30:38.385+0000] {dagbag.py:538} INFO - Filling up the DagBag from /home/airflow/.local/lib/python3.7/site-packages/airflow/example_dags/tutorial.py
[2022-12-22T01:30:38.398+0000] {processor.py:753} INFO - DAG(s) dict_keys(['tutorial']) retrieved from /home/airflow/.local/lib/python3.7/site-packages/airflow/example_dags/tutorial.py
[2022-12-22T01:30:38.434+0000] {logging_mixin.py:137} INFO - [2022-12-22T01:30:38.434+0000] {dag.py:2676} INFO - Sync 1 DAGs
[2022-12-22T01:30:38.459+0000] {logging_mixin.py:137} INFO - [2022-12-22T01:30:38.459+0000] {dag.py:3427} INFO - Setting next_dagrun for tutorial to 2022-12-21T01:30:38.458752+00:00, run_after=2022-12-22T01:30:38.458752+00:00
[2022-12-22T01:30:38.475+0000] {processor.py:175} INFO - Processing /home/airflow/.local/lib/python3.7/site-packages/airflow/example_dags/tutorial.py took 0.093 seconds
[2022-12-22T01:31:08.559+0000] {processor.py:153} INFO - Started process (PID=2118) to work on /home/airflow/.local/lib/python3.7/site-packages/airflow/example_dags/tutorial.py
[2022-12-22T01:31:08.560+0000] {processor.py:743} INFO - Processing file /home/airflow/.local/lib/python3.7/site-packages/airflow/example_dags/tutorial.py for tasks to queue
[2022-12-22T01:31:08.561+0000] {logging_mixin.py:137} INFO - [2022-12-22T01:31:08.561+0000] {dagbag.py:538} INFO - Filling up the DagBag from /home/airflow/.local/lib/python3.7/site-packages/airflow/example_dags/tutorial.py
[2022-12-22T01:31:08.573+0000] {processor.py:753} INFO - DAG(s) dict_keys(['tutorial']) retrieved from /home/airflow/.local/lib/python3.7/site-packages/airflow/example_dags/tutorial.py
[2022-12-22T01:31:08.608+0000] {logging_mixin.py:137} INFO - [2022-12-22T01:31:08.608+0000] {dag.py:2676} INFO - Sync 1 DAGs
[2022-12-22T01:31:08.631+0000] {logging_mixin.py:137} INFO - [2022-12-22T01:31:08.631+0000] {dag.py:3427} INFO - Setting next_dagrun for tutorial to 2022-12-21T01:31:08.631514+00:00, run_after=2022-12-22T01:31:08.631514+00:00
[2022-12-22T01:31:08.647+0000] {processor.py:175} INFO - Processing /home/airflow/.local/lib/python3.7/site-packages/airflow/example_dags/tutorial.py took 0.090 seconds
[2022-12-22T01:31:39.124+0000] {processor.py:153} INFO - Started process (PID=2228) to work on /home/airflow/.local/lib/python3.7/site-packages/airflow/example_dags/tutorial.py
[2022-12-22T01:31:39.125+0000] {processor.py:743} INFO - Processing file /home/airflow/.local/lib/python3.7/site-packages/airflow/example_dags/tutorial.py for tasks to queue
[2022-12-22T01:31:39.125+0000] {logging_mixin.py:137} INFO - [2022-12-22T01:31:39.125+0000] {dagbag.py:538} INFO - Filling up the DagBag from /home/airflow/.local/lib/python3.7/site-packages/airflow/example_dags/tutorial.py
[2022-12-22T01:31:39.142+0000] {processor.py:753} INFO - DAG(s) dict_keys(['tutorial']) retrieved from /home/airflow/.local/lib/python3.7/site-packages/airflow/example_dags/tutorial.py
[2022-12-22T01:31:39.182+0000] {logging_mixin.py:137} INFO - [2022-12-22T01:31:39.182+0000] {dag.py:2676} INFO - Sync 1 DAGs
[2022-12-22T01:31:39.210+0000] {logging_mixin.py:137} INFO - [2022-12-22T01:31:39.210+0000] {dag.py:3427} INFO - Setting next_dagrun for tutorial to 2022-12-21T01:31:39.209795+00:00, run_after=2022-12-22T01:31:39.209795+00:00
[2022-12-22T01:31:39.229+0000] {processor.py:175} INFO - Processing /home/airflow/.local/lib/python3.7/site-packages/airflow/example_dags/tutorial.py took 0.108 seconds
[2022-12-22T01:32:09.685+0000] {processor.py:153} INFO - Started process (PID=2314) to work on /home/airflow/.local/lib/python3.7/site-packages/airflow/example_dags/tutorial.py
[2022-12-22T01:32:09.686+0000] {processor.py:743} INFO - Processing file /home/airflow/.local/lib/python3.7/site-packages/airflow/example_dags/tutorial.py for tasks to queue
[2022-12-22T01:32:09.686+0000] {logging_mixin.py:137} INFO - [2022-12-22T01:32:09.686+0000] {dagbag.py:538} INFO - Filling up the DagBag from /home/airflow/.local/lib/python3.7/site-packages/airflow/example_dags/tutorial.py
[2022-12-22T01:32:09.702+0000] {processor.py:753} INFO - DAG(s) dict_keys(['tutorial']) retrieved from /home/airflow/.local/lib/python3.7/site-packages/airflow/example_dags/tutorial.py
[2022-12-22T01:32:09.743+0000] {logging_mixin.py:137} INFO - [2022-12-22T01:32:09.742+0000] {dag.py:2676} INFO - Sync 1 DAGs
[2022-12-22T01:32:09.769+0000] {logging_mixin.py:137} INFO - [2022-12-22T01:32:09.769+0000] {dag.py:3427} INFO - Setting next_dagrun for tutorial to 2022-12-21T01:32:09.769380+00:00, run_after=2022-12-22T01:32:09.769380+00:00
[2022-12-22T01:32:09.795+0000] {processor.py:175} INFO - Processing /home/airflow/.local/lib/python3.7/site-packages/airflow/example_dags/tutorial.py took 0.112 seconds
[2022-12-22T01:32:40.292+0000] {processor.py:153} INFO - Started process (PID=2400) to work on /home/airflow/.local/lib/python3.7/site-packages/airflow/example_dags/tutorial.py
[2022-12-22T01:32:40.293+0000] {processor.py:743} INFO - Processing file /home/airflow/.local/lib/python3.7/site-packages/airflow/example_dags/tutorial.py for tasks to queue
[2022-12-22T01:32:40.294+0000] {logging_mixin.py:137} INFO - [2022-12-22T01:32:40.294+0000] {dagbag.py:538} INFO - Filling up the DagBag from /home/airflow/.local/lib/python3.7/site-packages/airflow/example_dags/tutorial.py
[2022-12-22T01:32:40.308+0000] {processor.py:753} INFO - DAG(s) dict_keys(['tutorial']) retrieved from /home/airflow/.local/lib/python3.7/site-packages/airflow/example_dags/tutorial.py
[2022-12-22T01:32:40.351+0000] {logging_mixin.py:137} INFO - [2022-12-22T01:32:40.351+0000] {dag.py:2676} INFO - Sync 1 DAGs
[2022-12-22T01:32:40.383+0000] {logging_mixin.py:137} INFO - [2022-12-22T01:32:40.382+0000] {dag.py:3427} INFO - Setting next_dagrun for tutorial to 2022-12-21T01:32:40.382626+00:00, run_after=2022-12-22T01:32:40.382626+00:00
[2022-12-22T01:32:40.406+0000] {processor.py:175} INFO - Processing /home/airflow/.local/lib/python3.7/site-packages/airflow/example_dags/tutorial.py took 0.116 seconds
[2022-12-22T01:33:15.631+0000] {processor.py:153} INFO - Started process (PID=2486) to work on /home/airflow/.local/lib/python3.7/site-packages/airflow/example_dags/tutorial.py
[2022-12-22T01:33:15.632+0000] {processor.py:743} INFO - Processing file /home/airflow/.local/lib/python3.7/site-packages/airflow/example_dags/tutorial.py for tasks to queue
[2022-12-22T01:33:15.633+0000] {logging_mixin.py:137} INFO - [2022-12-22T01:33:15.633+0000] {dagbag.py:538} INFO - Filling up the DagBag from /home/airflow/.local/lib/python3.7/site-packages/airflow/example_dags/tutorial.py
[2022-12-22T01:33:15.689+0000] {processor.py:753} INFO - DAG(s) dict_keys(['tutorial']) retrieved from /home/airflow/.local/lib/python3.7/site-packages/airflow/example_dags/tutorial.py
[2022-12-22T01:33:15.797+0000] {logging_mixin.py:137} INFO - [2022-12-22T01:33:15.797+0000] {dag.py:2676} INFO - Sync 1 DAGs
[2022-12-22T01:33:15.831+0000] {logging_mixin.py:137} INFO - [2022-12-22T01:33:15.831+0000] {dag.py:3427} INFO - Setting next_dagrun for tutorial to 2022-12-21T01:33:15.831493+00:00, run_after=2022-12-22T01:33:15.831493+00:00
[2022-12-22T01:33:15.906+0000] {processor.py:175} INFO - Processing /home/airflow/.local/lib/python3.7/site-packages/airflow/example_dags/tutorial.py took 0.278 seconds
[2022-12-22T01:33:46.288+0000] {processor.py:153} INFO - Started process (PID=2572) to work on /home/airflow/.local/lib/python3.7/site-packages/airflow/example_dags/tutorial.py
[2022-12-22T01:33:46.289+0000] {processor.py:743} INFO - Processing file /home/airflow/.local/lib/python3.7/site-packages/airflow/example_dags/tutorial.py for tasks to queue
[2022-12-22T01:33:46.290+0000] {logging_mixin.py:137} INFO - [2022-12-22T01:33:46.290+0000] {dagbag.py:538} INFO - Filling up the DagBag from /home/airflow/.local/lib/python3.7/site-packages/airflow/example_dags/tutorial.py
[2022-12-22T01:33:46.303+0000] {processor.py:753} INFO - DAG(s) dict_keys(['tutorial']) retrieved from /home/airflow/.local/lib/python3.7/site-packages/airflow/example_dags/tutorial.py
[2022-12-22T01:33:46.338+0000] {logging_mixin.py:137} INFO - [2022-12-22T01:33:46.338+0000] {dag.py:2676} INFO - Sync 1 DAGs
[2022-12-22T01:33:46.362+0000] {logging_mixin.py:137} INFO - [2022-12-22T01:33:46.362+0000] {dag.py:3427} INFO - Setting next_dagrun for tutorial to 2022-12-21T01:33:46.362229+00:00, run_after=2022-12-22T01:33:46.362229+00:00
[2022-12-22T01:33:46.402+0000] {processor.py:175} INFO - Processing /home/airflow/.local/lib/python3.7/site-packages/airflow/example_dags/tutorial.py took 0.162 seconds
[2022-12-22T01:34:16.884+0000] {processor.py:153} INFO - Started process (PID=2658) to work on /home/airflow/.local/lib/python3.7/site-packages/airflow/example_dags/tutorial.py
[2022-12-22T01:34:16.885+0000] {processor.py:743} INFO - Processing file /home/airflow/.local/lib/python3.7/site-packages/airflow/example_dags/tutorial.py for tasks to queue
[2022-12-22T01:34:16.886+0000] {logging_mixin.py:137} INFO - [2022-12-22T01:34:16.886+0000] {dagbag.py:538} INFO - Filling up the DagBag from /home/airflow/.local/lib/python3.7/site-packages/airflow/example_dags/tutorial.py
[2022-12-22T01:34:16.898+0000] {processor.py:753} INFO - DAG(s) dict_keys(['tutorial']) retrieved from /home/airflow/.local/lib/python3.7/site-packages/airflow/example_dags/tutorial.py
[2022-12-22T01:34:16.933+0000] {logging_mixin.py:137} INFO - [2022-12-22T01:34:16.933+0000] {dag.py:2676} INFO - Sync 1 DAGs
[2022-12-22T01:34:16.956+0000] {logging_mixin.py:137} INFO - [2022-12-22T01:34:16.956+0000] {dag.py:3427} INFO - Setting next_dagrun for tutorial to 2022-12-21T01:34:16.956110+00:00, run_after=2022-12-22T01:34:16.956110+00:00
[2022-12-22T01:34:16.972+0000] {processor.py:175} INFO - Processing /home/airflow/.local/lib/python3.7/site-packages/airflow/example_dags/tutorial.py took 0.090 seconds
[2022-12-22T01:34:47.592+0000] {processor.py:153} INFO - Started process (PID=2768) to work on /home/airflow/.local/lib/python3.7/site-packages/airflow/example_dags/tutorial.py
[2022-12-22T01:34:47.593+0000] {processor.py:743} INFO - Processing file /home/airflow/.local/lib/python3.7/site-packages/airflow/example_dags/tutorial.py for tasks to queue
[2022-12-22T01:34:47.594+0000] {logging_mixin.py:137} INFO - [2022-12-22T01:34:47.593+0000] {dagbag.py:538} INFO - Filling up the DagBag from /home/airflow/.local/lib/python3.7/site-packages/airflow/example_dags/tutorial.py
[2022-12-22T01:34:47.606+0000] {processor.py:753} INFO - DAG(s) dict_keys(['tutorial']) retrieved from /home/airflow/.local/lib/python3.7/site-packages/airflow/example_dags/tutorial.py
[2022-12-22T01:34:47.642+0000] {logging_mixin.py:137} INFO - [2022-12-22T01:34:47.642+0000] {dag.py:2676} INFO - Sync 1 DAGs
[2022-12-22T01:34:47.665+0000] {logging_mixin.py:137} INFO - [2022-12-22T01:34:47.665+0000] {dag.py:3427} INFO - Setting next_dagrun for tutorial to 2022-12-21T01:34:47.664979+00:00, run_after=2022-12-22T01:34:47.664979+00:00
[2022-12-22T01:34:47.687+0000] {processor.py:175} INFO - Processing /home/airflow/.local/lib/python3.7/site-packages/airflow/example_dags/tutorial.py took 0.098 seconds
[2022-12-22T01:35:18.020+0000] {processor.py:153} INFO - Started process (PID=2855) to work on /home/airflow/.local/lib/python3.7/site-packages/airflow/example_dags/tutorial.py
[2022-12-22T01:35:18.021+0000] {processor.py:743} INFO - Processing file /home/airflow/.local/lib/python3.7/site-packages/airflow/example_dags/tutorial.py for tasks to queue
[2022-12-22T01:35:18.021+0000] {logging_mixin.py:137} INFO - [2022-12-22T01:35:18.021+0000] {dagbag.py:538} INFO - Filling up the DagBag from /home/airflow/.local/lib/python3.7/site-packages/airflow/example_dags/tutorial.py
[2022-12-22T01:35:18.035+0000] {processor.py:753} INFO - DAG(s) dict_keys(['tutorial']) retrieved from /home/airflow/.local/lib/python3.7/site-packages/airflow/example_dags/tutorial.py
[2022-12-22T01:35:18.069+0000] {logging_mixin.py:137} INFO - [2022-12-22T01:35:18.069+0000] {dag.py:2676} INFO - Sync 1 DAGs
[2022-12-22T01:35:18.092+0000] {logging_mixin.py:137} INFO - [2022-12-22T01:35:18.092+0000] {dag.py:3427} INFO - Setting next_dagrun for tutorial to 2022-12-21T01:35:18.092058+00:00, run_after=2022-12-22T01:35:18.092058+00:00
[2022-12-22T01:35:18.109+0000] {processor.py:175} INFO - Processing /home/airflow/.local/lib/python3.7/site-packages/airflow/example_dags/tutorial.py took 0.091 seconds
[2022-12-22T01:35:48.300+0000] {processor.py:153} INFO - Started process (PID=2941) to work on /home/airflow/.local/lib/python3.7/site-packages/airflow/example_dags/tutorial.py
[2022-12-22T01:35:48.301+0000] {processor.py:743} INFO - Processing file /home/airflow/.local/lib/python3.7/site-packages/airflow/example_dags/tutorial.py for tasks to queue
[2022-12-22T01:35:48.301+0000] {logging_mixin.py:137} INFO - [2022-12-22T01:35:48.301+0000] {dagbag.py:538} INFO - Filling up the DagBag from /home/airflow/.local/lib/python3.7/site-packages/airflow/example_dags/tutorial.py
[2022-12-22T01:35:48.314+0000] {processor.py:753} INFO - DAG(s) dict_keys(['tutorial']) retrieved from /home/airflow/.local/lib/python3.7/site-packages/airflow/example_dags/tutorial.py
[2022-12-22T01:35:48.370+0000] {logging_mixin.py:137} INFO - [2022-12-22T01:35:48.369+0000] {dag.py:2676} INFO - Sync 1 DAGs
[2022-12-22T01:35:48.409+0000] {logging_mixin.py:137} INFO - [2022-12-22T01:35:48.409+0000] {dag.py:3427} INFO - Setting next_dagrun for tutorial to 2022-12-21T01:35:48.409589+00:00, run_after=2022-12-22T01:35:48.409589+00:00
[2022-12-22T01:35:48.429+0000] {processor.py:175} INFO - Processing /home/airflow/.local/lib/python3.7/site-packages/airflow/example_dags/tutorial.py took 0.131 seconds
[2022-12-22T01:36:18.841+0000] {processor.py:153} INFO - Started process (PID=3051) to work on /home/airflow/.local/lib/python3.7/site-packages/airflow/example_dags/tutorial.py
[2022-12-22T01:36:18.842+0000] {processor.py:743} INFO - Processing file /home/airflow/.local/lib/python3.7/site-packages/airflow/example_dags/tutorial.py for tasks to queue
[2022-12-22T01:36:18.843+0000] {logging_mixin.py:137} INFO - [2022-12-22T01:36:18.843+0000] {dagbag.py:538} INFO - Filling up the DagBag from /home/airflow/.local/lib/python3.7/site-packages/airflow/example_dags/tutorial.py
[2022-12-22T01:36:18.856+0000] {processor.py:753} INFO - DAG(s) dict_keys(['tutorial']) retrieved from /home/airflow/.local/lib/python3.7/site-packages/airflow/example_dags/tutorial.py
[2022-12-22T01:36:18.890+0000] {logging_mixin.py:137} INFO - [2022-12-22T01:36:18.890+0000] {dag.py:2676} INFO - Sync 1 DAGs
[2022-12-22T01:36:18.917+0000] {logging_mixin.py:137} INFO - [2022-12-22T01:36:18.917+0000] {dag.py:3427} INFO - Setting next_dagrun for tutorial to 2022-12-21T01:36:18.917016+00:00, run_after=2022-12-22T01:36:18.917016+00:00
[2022-12-22T01:36:18.933+0000] {processor.py:175} INFO - Processing /home/airflow/.local/lib/python3.7/site-packages/airflow/example_dags/tutorial.py took 0.095 seconds
[2022-12-22T01:36:49.081+0000] {processor.py:153} INFO - Started process (PID=3137) to work on /home/airflow/.local/lib/python3.7/site-packages/airflow/example_dags/tutorial.py
[2022-12-22T01:36:49.082+0000] {processor.py:743} INFO - Processing file /home/airflow/.local/lib/python3.7/site-packages/airflow/example_dags/tutorial.py for tasks to queue
[2022-12-22T01:36:49.083+0000] {logging_mixin.py:137} INFO - [2022-12-22T01:36:49.083+0000] {dagbag.py:538} INFO - Filling up the DagBag from /home/airflow/.local/lib/python3.7/site-packages/airflow/example_dags/tutorial.py
[2022-12-22T01:36:49.097+0000] {processor.py:753} INFO - DAG(s) dict_keys(['tutorial']) retrieved from /home/airflow/.local/lib/python3.7/site-packages/airflow/example_dags/tutorial.py
[2022-12-22T01:36:49.135+0000] {logging_mixin.py:137} INFO - [2022-12-22T01:36:49.135+0000] {dag.py:2676} INFO - Sync 1 DAGs
[2022-12-22T01:36:49.168+0000] {logging_mixin.py:137} INFO - [2022-12-22T01:36:49.168+0000] {dag.py:3427} INFO - Setting next_dagrun for tutorial to 2022-12-21T01:36:49.167779+00:00, run_after=2022-12-22T01:36:49.167779+00:00
[2022-12-22T01:36:49.188+0000] {processor.py:175} INFO - Processing /home/airflow/.local/lib/python3.7/site-packages/airflow/example_dags/tutorial.py took 0.110 seconds
[2022-12-22T01:37:19.669+0000] {processor.py:153} INFO - Started process (PID=3247) to work on /home/airflow/.local/lib/python3.7/site-packages/airflow/example_dags/tutorial.py
[2022-12-22T01:37:19.671+0000] {processor.py:743} INFO - Processing file /home/airflow/.local/lib/python3.7/site-packages/airflow/example_dags/tutorial.py for tasks to queue
[2022-12-22T01:37:19.672+0000] {logging_mixin.py:137} INFO - [2022-12-22T01:37:19.672+0000] {dagbag.py:538} INFO - Filling up the DagBag from /home/airflow/.local/lib/python3.7/site-packages/airflow/example_dags/tutorial.py
[2022-12-22T01:37:19.700+0000] {processor.py:753} INFO - DAG(s) dict_keys(['tutorial']) retrieved from /home/airflow/.local/lib/python3.7/site-packages/airflow/example_dags/tutorial.py
[2022-12-22T01:37:19.754+0000] {logging_mixin.py:137} INFO - [2022-12-22T01:37:19.754+0000] {dag.py:2676} INFO - Sync 1 DAGs
[2022-12-22T01:37:19.792+0000] {logging_mixin.py:137} INFO - [2022-12-22T01:37:19.792+0000] {dag.py:3427} INFO - Setting next_dagrun for tutorial to 2022-12-21T01:37:19.791817+00:00, run_after=2022-12-22T01:37:19.791817+00:00
[2022-12-22T01:37:19.818+0000] {processor.py:175} INFO - Processing /home/airflow/.local/lib/python3.7/site-packages/airflow/example_dags/tutorial.py took 0.152 seconds
[2022-12-22T01:37:50.329+0000] {processor.py:153} INFO - Started process (PID=3333) to work on /home/airflow/.local/lib/python3.7/site-packages/airflow/example_dags/tutorial.py
[2022-12-22T01:37:50.330+0000] {processor.py:743} INFO - Processing file /home/airflow/.local/lib/python3.7/site-packages/airflow/example_dags/tutorial.py for tasks to queue
[2022-12-22T01:37:50.331+0000] {logging_mixin.py:137} INFO - [2022-12-22T01:37:50.331+0000] {dagbag.py:538} INFO - Filling up the DagBag from /home/airflow/.local/lib/python3.7/site-packages/airflow/example_dags/tutorial.py
[2022-12-22T01:37:50.345+0000] {processor.py:753} INFO - DAG(s) dict_keys(['tutorial']) retrieved from /home/airflow/.local/lib/python3.7/site-packages/airflow/example_dags/tutorial.py
[2022-12-22T01:37:50.379+0000] {logging_mixin.py:137} INFO - [2022-12-22T01:37:50.379+0000] {dag.py:2676} INFO - Sync 1 DAGs
[2022-12-22T01:37:50.409+0000] {logging_mixin.py:137} INFO - [2022-12-22T01:37:50.408+0000] {dag.py:3427} INFO - Setting next_dagrun for tutorial to 2022-12-21T01:37:50.408646+00:00, run_after=2022-12-22T01:37:50.408646+00:00
[2022-12-22T01:37:50.438+0000] {processor.py:175} INFO - Processing /home/airflow/.local/lib/python3.7/site-packages/airflow/example_dags/tutorial.py took 0.112 seconds
[2022-12-22T01:38:20.525+0000] {processor.py:153} INFO - Started process (PID=3419) to work on /home/airflow/.local/lib/python3.7/site-packages/airflow/example_dags/tutorial.py
[2022-12-22T01:38:20.526+0000] {processor.py:743} INFO - Processing file /home/airflow/.local/lib/python3.7/site-packages/airflow/example_dags/tutorial.py for tasks to queue
[2022-12-22T01:38:20.527+0000] {logging_mixin.py:137} INFO - [2022-12-22T01:38:20.526+0000] {dagbag.py:538} INFO - Filling up the DagBag from /home/airflow/.local/lib/python3.7/site-packages/airflow/example_dags/tutorial.py
[2022-12-22T01:38:20.540+0000] {processor.py:753} INFO - DAG(s) dict_keys(['tutorial']) retrieved from /home/airflow/.local/lib/python3.7/site-packages/airflow/example_dags/tutorial.py
[2022-12-22T01:38:20.575+0000] {logging_mixin.py:137} INFO - [2022-12-22T01:38:20.575+0000] {dag.py:2676} INFO - Sync 1 DAGs
[2022-12-22T01:38:20.600+0000] {logging_mixin.py:137} INFO - [2022-12-22T01:38:20.600+0000] {dag.py:3427} INFO - Setting next_dagrun for tutorial to 2022-12-21T01:38:20.600412+00:00, run_after=2022-12-22T01:38:20.600412+00:00
[2022-12-22T01:38:20.618+0000] {processor.py:175} INFO - Processing /home/airflow/.local/lib/python3.7/site-packages/airflow/example_dags/tutorial.py took 0.095 seconds
[2022-12-22T01:38:51.446+0000] {processor.py:153} INFO - Started process (PID=3529) to work on /home/airflow/.local/lib/python3.7/site-packages/airflow/example_dags/tutorial.py
[2022-12-22T01:38:51.489+0000] {processor.py:743} INFO - Processing file /home/airflow/.local/lib/python3.7/site-packages/airflow/example_dags/tutorial.py for tasks to queue
[2022-12-22T01:38:51.490+0000] {logging_mixin.py:137} INFO - [2022-12-22T01:38:51.490+0000] {dagbag.py:538} INFO - Filling up the DagBag from /home/airflow/.local/lib/python3.7/site-packages/airflow/example_dags/tutorial.py
[2022-12-22T01:38:51.510+0000] {processor.py:753} INFO - DAG(s) dict_keys(['tutorial']) retrieved from /home/airflow/.local/lib/python3.7/site-packages/airflow/example_dags/tutorial.py
[2022-12-22T01:38:51.590+0000] {logging_mixin.py:137} INFO - [2022-12-22T01:38:51.590+0000] {dag.py:2676} INFO - Sync 1 DAGs
[2022-12-22T01:38:51.629+0000] {logging_mixin.py:137} INFO - [2022-12-22T01:38:51.628+0000] {dag.py:3427} INFO - Setting next_dagrun for tutorial to 2022-12-21T01:38:51.628603+00:00, run_after=2022-12-22T01:38:51.628603+00:00
[2022-12-22T01:38:51.656+0000] {processor.py:175} INFO - Processing /home/airflow/.local/lib/python3.7/site-packages/airflow/example_dags/tutorial.py took 0.213 seconds
[2022-12-22T01:39:22.409+0000] {processor.py:153} INFO - Started process (PID=3615) to work on /home/airflow/.local/lib/python3.7/site-packages/airflow/example_dags/tutorial.py
[2022-12-22T01:39:22.410+0000] {processor.py:743} INFO - Processing file /home/airflow/.local/lib/python3.7/site-packages/airflow/example_dags/tutorial.py for tasks to queue
[2022-12-22T01:39:22.410+0000] {logging_mixin.py:137} INFO - [2022-12-22T01:39:22.410+0000] {dagbag.py:538} INFO - Filling up the DagBag from /home/airflow/.local/lib/python3.7/site-packages/airflow/example_dags/tutorial.py
[2022-12-22T01:39:22.424+0000] {processor.py:753} INFO - DAG(s) dict_keys(['tutorial']) retrieved from /home/airflow/.local/lib/python3.7/site-packages/airflow/example_dags/tutorial.py
[2022-12-22T01:39:22.462+0000] {logging_mixin.py:137} INFO - [2022-12-22T01:39:22.462+0000] {dag.py:2676} INFO - Sync 1 DAGs
[2022-12-22T01:39:22.500+0000] {logging_mixin.py:137} INFO - [2022-12-22T01:39:22.499+0000] {dag.py:3427} INFO - Setting next_dagrun for tutorial to 2022-12-21T01:39:22.499735+00:00, run_after=2022-12-22T01:39:22.499735+00:00
[2022-12-22T01:39:22.521+0000] {processor.py:175} INFO - Processing /home/airflow/.local/lib/python3.7/site-packages/airflow/example_dags/tutorial.py took 0.115 seconds
[2022-12-22T01:39:52.584+0000] {processor.py:153} INFO - Started process (PID=3701) to work on /home/airflow/.local/lib/python3.7/site-packages/airflow/example_dags/tutorial.py
[2022-12-22T01:39:52.584+0000] {processor.py:743} INFO - Processing file /home/airflow/.local/lib/python3.7/site-packages/airflow/example_dags/tutorial.py for tasks to queue
[2022-12-22T01:39:52.585+0000] {logging_mixin.py:137} INFO - [2022-12-22T01:39:52.585+0000] {dagbag.py:538} INFO - Filling up the DagBag from /home/airflow/.local/lib/python3.7/site-packages/airflow/example_dags/tutorial.py
[2022-12-22T01:39:52.598+0000] {processor.py:753} INFO - DAG(s) dict_keys(['tutorial']) retrieved from /home/airflow/.local/lib/python3.7/site-packages/airflow/example_dags/tutorial.py
[2022-12-22T01:39:52.633+0000] {logging_mixin.py:137} INFO - [2022-12-22T01:39:52.633+0000] {dag.py:2676} INFO - Sync 1 DAGs
[2022-12-22T01:39:52.656+0000] {logging_mixin.py:137} INFO - [2022-12-22T01:39:52.656+0000] {dag.py:3427} INFO - Setting next_dagrun for tutorial to 2022-12-21T01:39:52.656601+00:00, run_after=2022-12-22T01:39:52.656601+00:00
[2022-12-22T01:39:52.673+0000] {processor.py:175} INFO - Processing /home/airflow/.local/lib/python3.7/site-packages/airflow/example_dags/tutorial.py took 0.092 seconds
[2022-12-22T01:40:23.204+0000] {processor.py:153} INFO - Started process (PID=3796) to work on /home/airflow/.local/lib/python3.7/site-packages/airflow/example_dags/tutorial.py
[2022-12-22T01:40:23.204+0000] {processor.py:743} INFO - Processing file /home/airflow/.local/lib/python3.7/site-packages/airflow/example_dags/tutorial.py for tasks to queue
[2022-12-22T01:40:23.205+0000] {logging_mixin.py:137} INFO - [2022-12-22T01:40:23.205+0000] {dagbag.py:538} INFO - Filling up the DagBag from /home/airflow/.local/lib/python3.7/site-packages/airflow/example_dags/tutorial.py
[2022-12-22T01:40:23.218+0000] {processor.py:753} INFO - DAG(s) dict_keys(['tutorial']) retrieved from /home/airflow/.local/lib/python3.7/site-packages/airflow/example_dags/tutorial.py
[2022-12-22T01:40:23.392+0000] {logging_mixin.py:137} INFO - [2022-12-22T01:40:23.392+0000] {dag.py:2676} INFO - Sync 1 DAGs
[2022-12-22T01:40:23.512+0000] {logging_mixin.py:137} INFO - [2022-12-22T01:40:23.512+0000] {dag.py:3427} INFO - Setting next_dagrun for tutorial to 2022-12-21T01:40:23.512060+00:00, run_after=2022-12-22T01:40:23.512060+00:00
[2022-12-22T01:40:23.690+0000] {processor.py:175} INFO - Processing /home/airflow/.local/lib/python3.7/site-packages/airflow/example_dags/tutorial.py took 0.490 seconds
[2022-12-22T01:40:54.557+0000] {processor.py:153} INFO - Started process (PID=3897) to work on /home/airflow/.local/lib/python3.7/site-packages/airflow/example_dags/tutorial.py
[2022-12-22T01:40:54.558+0000] {processor.py:743} INFO - Processing file /home/airflow/.local/lib/python3.7/site-packages/airflow/example_dags/tutorial.py for tasks to queue
[2022-12-22T01:40:54.559+0000] {logging_mixin.py:137} INFO - [2022-12-22T01:40:54.558+0000] {dagbag.py:538} INFO - Filling up the DagBag from /home/airflow/.local/lib/python3.7/site-packages/airflow/example_dags/tutorial.py
[2022-12-22T01:40:54.571+0000] {processor.py:753} INFO - DAG(s) dict_keys(['tutorial']) retrieved from /home/airflow/.local/lib/python3.7/site-packages/airflow/example_dags/tutorial.py
[2022-12-22T01:40:54.609+0000] {logging_mixin.py:137} INFO - [2022-12-22T01:40:54.609+0000] {dag.py:2676} INFO - Sync 1 DAGs
[2022-12-22T01:40:54.633+0000] {logging_mixin.py:137} INFO - [2022-12-22T01:40:54.633+0000] {dag.py:3427} INFO - Setting next_dagrun for tutorial to 2022-12-21T01:40:54.633475+00:00, run_after=2022-12-22T01:40:54.633475+00:00
[2022-12-22T01:40:54.651+0000] {processor.py:175} INFO - Processing /home/airflow/.local/lib/python3.7/site-packages/airflow/example_dags/tutorial.py took 0.097 seconds
[2022-12-22T01:41:25.068+0000] {processor.py:153} INFO - Started process (PID=3983) to work on /home/airflow/.local/lib/python3.7/site-packages/airflow/example_dags/tutorial.py
[2022-12-22T01:41:25.069+0000] {processor.py:743} INFO - Processing file /home/airflow/.local/lib/python3.7/site-packages/airflow/example_dags/tutorial.py for tasks to queue
[2022-12-22T01:41:25.070+0000] {logging_mixin.py:137} INFO - [2022-12-22T01:41:25.069+0000] {dagbag.py:538} INFO - Filling up the DagBag from /home/airflow/.local/lib/python3.7/site-packages/airflow/example_dags/tutorial.py
[2022-12-22T01:41:25.082+0000] {processor.py:753} INFO - DAG(s) dict_keys(['tutorial']) retrieved from /home/airflow/.local/lib/python3.7/site-packages/airflow/example_dags/tutorial.py
[2022-12-22T01:41:25.120+0000] {logging_mixin.py:137} INFO - [2022-12-22T01:41:25.119+0000] {dag.py:2676} INFO - Sync 1 DAGs
[2022-12-22T01:41:25.146+0000] {logging_mixin.py:137} INFO - [2022-12-22T01:41:25.146+0000] {dag.py:3427} INFO - Setting next_dagrun for tutorial to 2022-12-21T01:41:25.146283+00:00, run_after=2022-12-22T01:41:25.146283+00:00
[2022-12-22T01:41:25.164+0000] {processor.py:175} INFO - Processing /home/airflow/.local/lib/python3.7/site-packages/airflow/example_dags/tutorial.py took 0.099 seconds
[2022-12-22T01:41:55.721+0000] {processor.py:153} INFO - Started process (PID=4093) to work on /home/airflow/.local/lib/python3.7/site-packages/airflow/example_dags/tutorial.py
[2022-12-22T01:41:55.722+0000] {processor.py:743} INFO - Processing file /home/airflow/.local/lib/python3.7/site-packages/airflow/example_dags/tutorial.py for tasks to queue
[2022-12-22T01:41:55.722+0000] {logging_mixin.py:137} INFO - [2022-12-22T01:41:55.722+0000] {dagbag.py:538} INFO - Filling up the DagBag from /home/airflow/.local/lib/python3.7/site-packages/airflow/example_dags/tutorial.py
[2022-12-22T01:41:55.735+0000] {processor.py:753} INFO - DAG(s) dict_keys(['tutorial']) retrieved from /home/airflow/.local/lib/python3.7/site-packages/airflow/example_dags/tutorial.py
[2022-12-22T01:41:55.771+0000] {logging_mixin.py:137} INFO - [2022-12-22T01:41:55.771+0000] {dag.py:2676} INFO - Sync 1 DAGs
[2022-12-22T01:41:55.796+0000] {logging_mixin.py:137} INFO - [2022-12-22T01:41:55.796+0000] {dag.py:3427} INFO - Setting next_dagrun for tutorial to 2022-12-21T01:41:55.795809+00:00, run_after=2022-12-22T01:41:55.795809+00:00
[2022-12-22T01:41:55.816+0000] {processor.py:175} INFO - Processing /home/airflow/.local/lib/python3.7/site-packages/airflow/example_dags/tutorial.py took 0.099 seconds
[2022-12-22T01:42:26.063+0000] {processor.py:153} INFO - Started process (PID=4179) to work on /home/airflow/.local/lib/python3.7/site-packages/airflow/example_dags/tutorial.py
[2022-12-22T01:42:26.063+0000] {processor.py:743} INFO - Processing file /home/airflow/.local/lib/python3.7/site-packages/airflow/example_dags/tutorial.py for tasks to queue
[2022-12-22T01:42:26.064+0000] {logging_mixin.py:137} INFO - [2022-12-22T01:42:26.064+0000] {dagbag.py:538} INFO - Filling up the DagBag from /home/airflow/.local/lib/python3.7/site-packages/airflow/example_dags/tutorial.py
[2022-12-22T01:42:26.076+0000] {processor.py:753} INFO - DAG(s) dict_keys(['tutorial']) retrieved from /home/airflow/.local/lib/python3.7/site-packages/airflow/example_dags/tutorial.py
[2022-12-22T01:42:26.112+0000] {logging_mixin.py:137} INFO - [2022-12-22T01:42:26.112+0000] {dag.py:2676} INFO - Sync 1 DAGs
[2022-12-22T01:42:26.139+0000] {logging_mixin.py:137} INFO - [2022-12-22T01:42:26.139+0000] {dag.py:3427} INFO - Setting next_dagrun for tutorial to 2022-12-21T01:42:26.139089+00:00, run_after=2022-12-22T01:42:26.139089+00:00
[2022-12-22T01:42:26.160+0000] {processor.py:175} INFO - Processing /home/airflow/.local/lib/python3.7/site-packages/airflow/example_dags/tutorial.py took 0.100 seconds
[2022-12-22T01:42:57.025+0000] {processor.py:153} INFO - Started process (PID=4289) to work on /home/airflow/.local/lib/python3.7/site-packages/airflow/example_dags/tutorial.py
[2022-12-22T01:42:57.026+0000] {processor.py:743} INFO - Processing file /home/airflow/.local/lib/python3.7/site-packages/airflow/example_dags/tutorial.py for tasks to queue
[2022-12-22T01:42:57.027+0000] {logging_mixin.py:137} INFO - [2022-12-22T01:42:57.026+0000] {dagbag.py:538} INFO - Filling up the DagBag from /home/airflow/.local/lib/python3.7/site-packages/airflow/example_dags/tutorial.py
[2022-12-22T01:42:57.040+0000] {processor.py:753} INFO - DAG(s) dict_keys(['tutorial']) retrieved from /home/airflow/.local/lib/python3.7/site-packages/airflow/example_dags/tutorial.py
[2022-12-22T01:42:57.094+0000] {logging_mixin.py:137} INFO - [2022-12-22T01:42:57.094+0000] {dag.py:2676} INFO - Sync 1 DAGs
[2022-12-22T01:42:57.120+0000] {logging_mixin.py:137} INFO - [2022-12-22T01:42:57.120+0000] {dag.py:3427} INFO - Setting next_dagrun for tutorial to 2022-12-21T01:42:57.120175+00:00, run_after=2022-12-22T01:42:57.120175+00:00
[2022-12-22T01:42:57.139+0000] {processor.py:175} INFO - Processing /home/airflow/.local/lib/python3.7/site-packages/airflow/example_dags/tutorial.py took 0.117 seconds
[2022-12-22T01:43:27.584+0000] {processor.py:153} INFO - Started process (PID=4375) to work on /home/airflow/.local/lib/python3.7/site-packages/airflow/example_dags/tutorial.py
[2022-12-22T01:43:27.585+0000] {processor.py:743} INFO - Processing file /home/airflow/.local/lib/python3.7/site-packages/airflow/example_dags/tutorial.py for tasks to queue
[2022-12-22T01:43:27.586+0000] {logging_mixin.py:137} INFO - [2022-12-22T01:43:27.586+0000] {dagbag.py:538} INFO - Filling up the DagBag from /home/airflow/.local/lib/python3.7/site-packages/airflow/example_dags/tutorial.py
[2022-12-22T01:43:27.602+0000] {processor.py:753} INFO - DAG(s) dict_keys(['tutorial']) retrieved from /home/airflow/.local/lib/python3.7/site-packages/airflow/example_dags/tutorial.py
[2022-12-22T01:43:27.641+0000] {logging_mixin.py:137} INFO - [2022-12-22T01:43:27.641+0000] {dag.py:2676} INFO - Sync 1 DAGs
[2022-12-22T01:43:27.666+0000] {logging_mixin.py:137} INFO - [2022-12-22T01:43:27.666+0000] {dag.py:3427} INFO - Setting next_dagrun for tutorial to 2022-12-21T01:43:27.666644+00:00, run_after=2022-12-22T01:43:27.666644+00:00
[2022-12-22T01:43:27.685+0000] {processor.py:175} INFO - Processing /home/airflow/.local/lib/python3.7/site-packages/airflow/example_dags/tutorial.py took 0.104 seconds
[2022-12-22T01:43:58.101+0000] {processor.py:153} INFO - Started process (PID=4470) to work on /home/airflow/.local/lib/python3.7/site-packages/airflow/example_dags/tutorial.py
[2022-12-22T01:43:58.102+0000] {processor.py:743} INFO - Processing file /home/airflow/.local/lib/python3.7/site-packages/airflow/example_dags/tutorial.py for tasks to queue
[2022-12-22T01:43:58.103+0000] {logging_mixin.py:137} INFO - [2022-12-22T01:43:58.102+0000] {dagbag.py:538} INFO - Filling up the DagBag from /home/airflow/.local/lib/python3.7/site-packages/airflow/example_dags/tutorial.py
[2022-12-22T01:43:58.116+0000] {processor.py:753} INFO - DAG(s) dict_keys(['tutorial']) retrieved from /home/airflow/.local/lib/python3.7/site-packages/airflow/example_dags/tutorial.py
[2022-12-22T01:43:58.152+0000] {logging_mixin.py:137} INFO - [2022-12-22T01:43:58.152+0000] {dag.py:2676} INFO - Sync 1 DAGs
[2022-12-22T01:43:58.177+0000] {logging_mixin.py:137} INFO - [2022-12-22T01:43:58.177+0000] {dag.py:3427} INFO - Setting next_dagrun for tutorial to 2022-12-21T01:43:58.177200+00:00, run_after=2022-12-22T01:43:58.177200+00:00
[2022-12-22T01:43:58.197+0000] {processor.py:175} INFO - Processing /home/airflow/.local/lib/python3.7/site-packages/airflow/example_dags/tutorial.py took 0.100 seconds
[2022-12-22T01:44:28.608+0000] {processor.py:153} INFO - Started process (PID=4571) to work on /home/airflow/.local/lib/python3.7/site-packages/airflow/example_dags/tutorial.py
[2022-12-22T01:44:28.609+0000] {processor.py:743} INFO - Processing file /home/airflow/.local/lib/python3.7/site-packages/airflow/example_dags/tutorial.py for tasks to queue
[2022-12-22T01:44:28.610+0000] {logging_mixin.py:137} INFO - [2022-12-22T01:44:28.609+0000] {dagbag.py:538} INFO - Filling up the DagBag from /home/airflow/.local/lib/python3.7/site-packages/airflow/example_dags/tutorial.py
[2022-12-22T01:44:28.622+0000] {processor.py:753} INFO - DAG(s) dict_keys(['tutorial']) retrieved from /home/airflow/.local/lib/python3.7/site-packages/airflow/example_dags/tutorial.py
[2022-12-22T01:44:28.657+0000] {logging_mixin.py:137} INFO - [2022-12-22T01:44:28.656+0000] {dag.py:2676} INFO - Sync 1 DAGs
[2022-12-22T01:44:28.685+0000] {logging_mixin.py:137} INFO - [2022-12-22T01:44:28.684+0000] {dag.py:3427} INFO - Setting next_dagrun for tutorial to 2022-12-21T01:44:28.684728+00:00, run_after=2022-12-22T01:44:28.684728+00:00
[2022-12-22T01:44:28.703+0000] {processor.py:175} INFO - Processing /home/airflow/.local/lib/python3.7/site-packages/airflow/example_dags/tutorial.py took 0.098 seconds
[2022-12-22T01:44:59.298+0000] {processor.py:153} INFO - Started process (PID=4657) to work on /home/airflow/.local/lib/python3.7/site-packages/airflow/example_dags/tutorial.py
[2022-12-22T01:44:59.298+0000] {processor.py:743} INFO - Processing file /home/airflow/.local/lib/python3.7/site-packages/airflow/example_dags/tutorial.py for tasks to queue
[2022-12-22T01:44:59.299+0000] {logging_mixin.py:137} INFO - [2022-12-22T01:44:59.299+0000] {dagbag.py:538} INFO - Filling up the DagBag from /home/airflow/.local/lib/python3.7/site-packages/airflow/example_dags/tutorial.py
[2022-12-22T01:44:59.312+0000] {processor.py:753} INFO - DAG(s) dict_keys(['tutorial']) retrieved from /home/airflow/.local/lib/python3.7/site-packages/airflow/example_dags/tutorial.py
[2022-12-22T01:44:59.348+0000] {logging_mixin.py:137} INFO - [2022-12-22T01:44:59.348+0000] {dag.py:2676} INFO - Sync 1 DAGs
[2022-12-22T01:44:59.372+0000] {logging_mixin.py:137} INFO - [2022-12-22T01:44:59.372+0000] {dag.py:3427} INFO - Setting next_dagrun for tutorial to 2022-12-21T01:44:59.372281+00:00, run_after=2022-12-22T01:44:59.372281+00:00
[2022-12-22T01:44:59.389+0000] {processor.py:175} INFO - Processing /home/airflow/.local/lib/python3.7/site-packages/airflow/example_dags/tutorial.py took 0.095 seconds
[2022-12-22T01:45:30.104+0000] {processor.py:153} INFO - Started process (PID=4752) to work on /home/airflow/.local/lib/python3.7/site-packages/airflow/example_dags/tutorial.py
[2022-12-22T01:45:30.104+0000] {processor.py:743} INFO - Processing file /home/airflow/.local/lib/python3.7/site-packages/airflow/example_dags/tutorial.py for tasks to queue
[2022-12-22T01:45:30.105+0000] {logging_mixin.py:137} INFO - [2022-12-22T01:45:30.105+0000] {dagbag.py:538} INFO - Filling up the DagBag from /home/airflow/.local/lib/python3.7/site-packages/airflow/example_dags/tutorial.py
[2022-12-22T01:45:30.118+0000] {processor.py:753} INFO - DAG(s) dict_keys(['tutorial']) retrieved from /home/airflow/.local/lib/python3.7/site-packages/airflow/example_dags/tutorial.py
[2022-12-22T01:45:30.214+0000] {logging_mixin.py:137} INFO - [2022-12-22T01:45:30.214+0000] {dag.py:2676} INFO - Sync 1 DAGs
[2022-12-22T01:45:30.250+0000] {logging_mixin.py:137} INFO - [2022-12-22T01:45:30.249+0000] {dag.py:3427} INFO - Setting next_dagrun for tutorial to 2022-12-21T01:45:30.249691+00:00, run_after=2022-12-22T01:45:30.249691+00:00
[2022-12-22T01:45:30.296+0000] {processor.py:175} INFO - Processing /home/airflow/.local/lib/python3.7/site-packages/airflow/example_dags/tutorial.py took 0.195 seconds
[2022-12-22T01:46:00.623+0000] {processor.py:153} INFO - Started process (PID=4853) to work on /home/airflow/.local/lib/python3.7/site-packages/airflow/example_dags/tutorial.py
[2022-12-22T01:46:00.623+0000] {processor.py:743} INFO - Processing file /home/airflow/.local/lib/python3.7/site-packages/airflow/example_dags/tutorial.py for tasks to queue
[2022-12-22T01:46:00.624+0000] {logging_mixin.py:137} INFO - [2022-12-22T01:46:00.624+0000] {dagbag.py:538} INFO - Filling up the DagBag from /home/airflow/.local/lib/python3.7/site-packages/airflow/example_dags/tutorial.py
[2022-12-22T01:46:00.638+0000] {processor.py:753} INFO - DAG(s) dict_keys(['tutorial']) retrieved from /home/airflow/.local/lib/python3.7/site-packages/airflow/example_dags/tutorial.py
[2022-12-22T01:46:00.791+0000] {logging_mixin.py:137} INFO - [2022-12-22T01:46:00.791+0000] {dag.py:2676} INFO - Sync 1 DAGs
[2022-12-22T01:46:00.824+0000] {logging_mixin.py:137} INFO - [2022-12-22T01:46:00.824+0000] {dag.py:3427} INFO - Setting next_dagrun for tutorial to 2022-12-21T01:46:00.823601+00:00, run_after=2022-12-22T01:46:00.823601+00:00
[2022-12-22T01:46:00.906+0000] {processor.py:175} INFO - Processing /home/airflow/.local/lib/python3.7/site-packages/airflow/example_dags/tutorial.py took 0.286 seconds
[2022-12-22T01:46:31.452+0000] {processor.py:153} INFO - Started process (PID=4939) to work on /home/airflow/.local/lib/python3.7/site-packages/airflow/example_dags/tutorial.py
[2022-12-22T01:46:31.453+0000] {processor.py:743} INFO - Processing file /home/airflow/.local/lib/python3.7/site-packages/airflow/example_dags/tutorial.py for tasks to queue
[2022-12-22T01:46:31.453+0000] {logging_mixin.py:137} INFO - [2022-12-22T01:46:31.453+0000] {dagbag.py:538} INFO - Filling up the DagBag from /home/airflow/.local/lib/python3.7/site-packages/airflow/example_dags/tutorial.py
[2022-12-22T01:46:31.466+0000] {processor.py:753} INFO - DAG(s) dict_keys(['tutorial']) retrieved from /home/airflow/.local/lib/python3.7/site-packages/airflow/example_dags/tutorial.py
[2022-12-22T01:46:31.504+0000] {logging_mixin.py:137} INFO - [2022-12-22T01:46:31.504+0000] {dag.py:2676} INFO - Sync 1 DAGs
[2022-12-22T01:46:31.531+0000] {logging_mixin.py:137} INFO - [2022-12-22T01:46:31.531+0000] {dag.py:3427} INFO - Setting next_dagrun for tutorial to 2022-12-21T01:46:31.531127+00:00, run_after=2022-12-22T01:46:31.531127+00:00
[2022-12-22T01:46:31.548+0000] {processor.py:175} INFO - Processing /home/airflow/.local/lib/python3.7/site-packages/airflow/example_dags/tutorial.py took 0.099 seconds
[2022-12-22T01:47:02.354+0000] {processor.py:153} INFO - Started process (PID=5025) to work on /home/airflow/.local/lib/python3.7/site-packages/airflow/example_dags/tutorial.py
[2022-12-22T01:47:02.355+0000] {processor.py:743} INFO - Processing file /home/airflow/.local/lib/python3.7/site-packages/airflow/example_dags/tutorial.py for tasks to queue
[2022-12-22T01:47:02.355+0000] {logging_mixin.py:137} INFO - [2022-12-22T01:47:02.355+0000] {dagbag.py:538} INFO - Filling up the DagBag from /home/airflow/.local/lib/python3.7/site-packages/airflow/example_dags/tutorial.py
[2022-12-22T01:47:02.369+0000] {processor.py:753} INFO - DAG(s) dict_keys(['tutorial']) retrieved from /home/airflow/.local/lib/python3.7/site-packages/airflow/example_dags/tutorial.py
[2022-12-22T01:47:02.405+0000] {logging_mixin.py:137} INFO - [2022-12-22T01:47:02.405+0000] {dag.py:2676} INFO - Sync 1 DAGs
[2022-12-22T01:47:02.431+0000] {logging_mixin.py:137} INFO - [2022-12-22T01:47:02.430+0000] {dag.py:3427} INFO - Setting next_dagrun for tutorial to 2022-12-21T01:47:02.430730+00:00, run_after=2022-12-22T01:47:02.430730+00:00
[2022-12-22T01:47:02.449+0000] {processor.py:175} INFO - Processing /home/airflow/.local/lib/python3.7/site-packages/airflow/example_dags/tutorial.py took 0.097 seconds
[2022-12-22T01:47:32.564+0000] {processor.py:153} INFO - Started process (PID=5135) to work on /home/airflow/.local/lib/python3.7/site-packages/airflow/example_dags/tutorial.py
[2022-12-22T01:47:32.565+0000] {processor.py:743} INFO - Processing file /home/airflow/.local/lib/python3.7/site-packages/airflow/example_dags/tutorial.py for tasks to queue
[2022-12-22T01:47:32.566+0000] {logging_mixin.py:137} INFO - [2022-12-22T01:47:32.566+0000] {dagbag.py:538} INFO - Filling up the DagBag from /home/airflow/.local/lib/python3.7/site-packages/airflow/example_dags/tutorial.py
[2022-12-22T01:47:32.580+0000] {processor.py:753} INFO - DAG(s) dict_keys(['tutorial']) retrieved from /home/airflow/.local/lib/python3.7/site-packages/airflow/example_dags/tutorial.py
[2022-12-22T01:47:32.621+0000] {logging_mixin.py:137} INFO - [2022-12-22T01:47:32.620+0000] {dag.py:2676} INFO - Sync 1 DAGs
[2022-12-22T01:47:32.646+0000] {logging_mixin.py:137} INFO - [2022-12-22T01:47:32.645+0000] {dag.py:3427} INFO - Setting next_dagrun for tutorial to 2022-12-21T01:47:32.645601+00:00, run_after=2022-12-22T01:47:32.645601+00:00
[2022-12-22T01:47:32.665+0000] {processor.py:175} INFO - Processing /home/airflow/.local/lib/python3.7/site-packages/airflow/example_dags/tutorial.py took 0.104 seconds
[2022-12-22T01:48:03.201+0000] {processor.py:153} INFO - Started process (PID=5221) to work on /home/airflow/.local/lib/python3.7/site-packages/airflow/example_dags/tutorial.py
[2022-12-22T01:48:03.202+0000] {processor.py:743} INFO - Processing file /home/airflow/.local/lib/python3.7/site-packages/airflow/example_dags/tutorial.py for tasks to queue
[2022-12-22T01:48:03.202+0000] {logging_mixin.py:137} INFO - [2022-12-22T01:48:03.202+0000] {dagbag.py:538} INFO - Filling up the DagBag from /home/airflow/.local/lib/python3.7/site-packages/airflow/example_dags/tutorial.py
[2022-12-22T01:48:03.215+0000] {processor.py:753} INFO - DAG(s) dict_keys(['tutorial']) retrieved from /home/airflow/.local/lib/python3.7/site-packages/airflow/example_dags/tutorial.py
[2022-12-22T01:48:03.250+0000] {logging_mixin.py:137} INFO - [2022-12-22T01:48:03.249+0000] {dag.py:2676} INFO - Sync 1 DAGs
[2022-12-22T01:48:03.275+0000] {logging_mixin.py:137} INFO - [2022-12-22T01:48:03.275+0000] {dag.py:3427} INFO - Setting next_dagrun for tutorial to 2022-12-21T01:48:03.275455+00:00, run_after=2022-12-22T01:48:03.275455+00:00
[2022-12-22T01:48:03.292+0000] {processor.py:175} INFO - Processing /home/airflow/.local/lib/python3.7/site-packages/airflow/example_dags/tutorial.py took 0.094 seconds
[2022-12-22T01:48:33.542+0000] {processor.py:153} INFO - Started process (PID=5307) to work on /home/airflow/.local/lib/python3.7/site-packages/airflow/example_dags/tutorial.py
[2022-12-22T01:48:33.543+0000] {processor.py:743} INFO - Processing file /home/airflow/.local/lib/python3.7/site-packages/airflow/example_dags/tutorial.py for tasks to queue
[2022-12-22T01:48:33.544+0000] {logging_mixin.py:137} INFO - [2022-12-22T01:48:33.544+0000] {dagbag.py:538} INFO - Filling up the DagBag from /home/airflow/.local/lib/python3.7/site-packages/airflow/example_dags/tutorial.py
[2022-12-22T01:48:33.556+0000] {processor.py:753} INFO - DAG(s) dict_keys(['tutorial']) retrieved from /home/airflow/.local/lib/python3.7/site-packages/airflow/example_dags/tutorial.py
[2022-12-22T01:48:33.593+0000] {logging_mixin.py:137} INFO - [2022-12-22T01:48:33.593+0000] {dag.py:2676} INFO - Sync 1 DAGs
[2022-12-22T01:48:33.617+0000] {logging_mixin.py:137} INFO - [2022-12-22T01:48:33.617+0000] {dag.py:3427} INFO - Setting next_dagrun for tutorial to 2022-12-21T01:48:33.617453+00:00, run_after=2022-12-22T01:48:33.617453+00:00
[2022-12-22T01:48:33.636+0000] {processor.py:175} INFO - Processing /home/airflow/.local/lib/python3.7/site-packages/airflow/example_dags/tutorial.py took 0.096 seconds
[2022-12-22T01:49:04.181+0000] {processor.py:153} INFO - Started process (PID=5417) to work on /home/airflow/.local/lib/python3.7/site-packages/airflow/example_dags/tutorial.py
[2022-12-22T01:49:04.182+0000] {processor.py:743} INFO - Processing file /home/airflow/.local/lib/python3.7/site-packages/airflow/example_dags/tutorial.py for tasks to queue
[2022-12-22T01:49:04.182+0000] {logging_mixin.py:137} INFO - [2022-12-22T01:49:04.182+0000] {dagbag.py:538} INFO - Filling up the DagBag from /home/airflow/.local/lib/python3.7/site-packages/airflow/example_dags/tutorial.py
[2022-12-22T01:49:04.195+0000] {processor.py:753} INFO - DAG(s) dict_keys(['tutorial']) retrieved from /home/airflow/.local/lib/python3.7/site-packages/airflow/example_dags/tutorial.py
[2022-12-22T01:49:04.233+0000] {logging_mixin.py:137} INFO - [2022-12-22T01:49:04.233+0000] {dag.py:2676} INFO - Sync 1 DAGs
[2022-12-22T01:49:04.261+0000] {logging_mixin.py:137} INFO - [2022-12-22T01:49:04.261+0000] {dag.py:3427} INFO - Setting next_dagrun for tutorial to 2022-12-21T01:49:04.261123+00:00, run_after=2022-12-22T01:49:04.261123+00:00
[2022-12-22T01:49:04.279+0000] {processor.py:175} INFO - Processing /home/airflow/.local/lib/python3.7/site-packages/airflow/example_dags/tutorial.py took 0.100 seconds
[2022-12-22T01:49:34.479+0000] {processor.py:153} INFO - Started process (PID=5503) to work on /home/airflow/.local/lib/python3.7/site-packages/airflow/example_dags/tutorial.py
[2022-12-22T01:49:34.480+0000] {processor.py:743} INFO - Processing file /home/airflow/.local/lib/python3.7/site-packages/airflow/example_dags/tutorial.py for tasks to queue
[2022-12-22T01:49:34.480+0000] {logging_mixin.py:137} INFO - [2022-12-22T01:49:34.480+0000] {dagbag.py:538} INFO - Filling up the DagBag from /home/airflow/.local/lib/python3.7/site-packages/airflow/example_dags/tutorial.py
[2022-12-22T01:49:34.496+0000] {processor.py:753} INFO - DAG(s) dict_keys(['tutorial']) retrieved from /home/airflow/.local/lib/python3.7/site-packages/airflow/example_dags/tutorial.py
[2022-12-22T01:49:34.535+0000] {logging_mixin.py:137} INFO - [2022-12-22T01:49:34.534+0000] {dag.py:2676} INFO - Sync 1 DAGs
[2022-12-22T01:49:34.566+0000] {logging_mixin.py:137} INFO - [2022-12-22T01:49:34.566+0000] {dag.py:3427} INFO - Setting next_dagrun for tutorial to 2022-12-21T01:49:34.566268+00:00, run_after=2022-12-22T01:49:34.566268+00:00
[2022-12-22T01:49:34.586+0000] {processor.py:175} INFO - Processing /home/airflow/.local/lib/python3.7/site-packages/airflow/example_dags/tutorial.py took 0.109 seconds
[2022-12-22T01:50:05.136+0000] {processor.py:153} INFO - Started process (PID=5598) to work on /home/airflow/.local/lib/python3.7/site-packages/airflow/example_dags/tutorial.py
[2022-12-22T01:50:05.137+0000] {processor.py:743} INFO - Processing file /home/airflow/.local/lib/python3.7/site-packages/airflow/example_dags/tutorial.py for tasks to queue
[2022-12-22T01:50:05.137+0000] {logging_mixin.py:137} INFO - [2022-12-22T01:50:05.137+0000] {dagbag.py:538} INFO - Filling up the DagBag from /home/airflow/.local/lib/python3.7/site-packages/airflow/example_dags/tutorial.py
[2022-12-22T01:50:05.152+0000] {processor.py:753} INFO - DAG(s) dict_keys(['tutorial']) retrieved from /home/airflow/.local/lib/python3.7/site-packages/airflow/example_dags/tutorial.py
[2022-12-22T01:50:05.221+0000] {logging_mixin.py:137} INFO - [2022-12-22T01:50:05.221+0000] {dag.py:2676} INFO - Sync 1 DAGs
[2022-12-22T01:50:05.301+0000] {logging_mixin.py:137} INFO - [2022-12-22T01:50:05.301+0000] {dag.py:3427} INFO - Setting next_dagrun for tutorial to 2022-12-21T01:50:05.301059+00:00, run_after=2022-12-22T01:50:05.301059+00:00
[2022-12-22T01:50:05.322+0000] {processor.py:175} INFO - Processing /home/airflow/.local/lib/python3.7/site-packages/airflow/example_dags/tutorial.py took 0.189 seconds
[2022-12-22T01:50:35.505+0000] {processor.py:153} INFO - Started process (PID=5684) to work on /home/airflow/.local/lib/python3.7/site-packages/airflow/example_dags/tutorial.py
[2022-12-22T01:50:35.506+0000] {processor.py:743} INFO - Processing file /home/airflow/.local/lib/python3.7/site-packages/airflow/example_dags/tutorial.py for tasks to queue
[2022-12-22T01:50:35.506+0000] {logging_mixin.py:137} INFO - [2022-12-22T01:50:35.506+0000] {dagbag.py:538} INFO - Filling up the DagBag from /home/airflow/.local/lib/python3.7/site-packages/airflow/example_dags/tutorial.py
[2022-12-22T01:50:35.520+0000] {processor.py:753} INFO - DAG(s) dict_keys(['tutorial']) retrieved from /home/airflow/.local/lib/python3.7/site-packages/airflow/example_dags/tutorial.py
[2022-12-22T01:50:35.557+0000] {logging_mixin.py:137} INFO - [2022-12-22T01:50:35.557+0000] {dag.py:2676} INFO - Sync 1 DAGs
[2022-12-22T01:50:35.605+0000] {logging_mixin.py:137} INFO - [2022-12-22T01:50:35.604+0000] {dag.py:3427} INFO - Setting next_dagrun for tutorial to 2022-12-21T01:50:35.604586+00:00, run_after=2022-12-22T01:50:35.604586+00:00
[2022-12-22T01:50:35.626+0000] {processor.py:175} INFO - Processing /home/airflow/.local/lib/python3.7/site-packages/airflow/example_dags/tutorial.py took 0.124 seconds
